<?xml version="1.0" encoding="UTF-8" ?>
<testsuite tests="1" failures="0" name="com.sg.flooringmastery.dao.FMOrderNumDaoTest" time="0" errors="1" skipped="0">
  <properties>
    <property name="java.runtime.name" value="Java(TM) SE Runtime Environment"/>
    <property name="sun.boot.library.path" value="C:\Program Files\Java\jdk1.8.0_131\jre\bin"/>
    <property name="java.vm.version" value="25.131-b11"/>
    <property name="java.vm.vendor" value="Oracle Corporation"/>
    <property name="maven.multiModuleProjectDirectory" value="C:\Users\connor\Documents\Programming\Repos\SoftwareGuild\connor-kelly-individual-work\FlooringMastery"/>
    <property name="java.vendor.url" value="http://java.oracle.com/"/>
    <property name="path.separator" value=";"/>
    <property name="guice.disable.misplaced.annotation.check" value="true"/>
    <property name="java.vm.name" value="Java HotSpot(TM) 64-Bit Server VM"/>
    <property name="file.encoding.pkg" value="sun.io"/>
    <property name="user.script" value=""/>
    <property name="user.country" value="US"/>
    <property name="sun.java.launcher" value="SUN_STANDARD"/>
    <property name="sun.os.patch.level" value=""/>
    <property name="java.vm.specification.name" value="Java Virtual Machine Specification"/>
    <property name="user.dir" value="C:\Users\connor\Documents\Programming\Repos\SoftwareGuild\connor-kelly-individual-work\FlooringMastery"/>
    <property name="java.runtime.version" value="1.8.0_131-b11"/>
    <property name="java.awt.graphicsenv" value="sun.awt.Win32GraphicsEnvironment"/>
    <property name="java.endorsed.dirs" value="C:\Program Files\Java\jdk1.8.0_131\jre\lib\endorsed"/>
    <property name="os.arch" value="amd64"/>
    <property name="java.io.tmpdir" value="C:\Users\connor\AppData\Local\Temp\"/>
    <property name="line.separator" value="
"/>
    <property name="java.vm.specification.vendor" value="Oracle Corporation"/>
    <property name="user.variant" value=""/>
    <property name="os.name" value="Windows 10"/>
    <property name="maven.ext.class.path" value="C:\Program Files\NetBeans 8.2\java\maven-nblib\netbeans-eventspy.jar"/>
    <property name="classworlds.conf" value="C:\Program Files\Apache Software Foundation\apache-maven-3.5.0\bin\..\bin\m2.conf"/>
    <property name="sun.jnu.encoding" value="Cp1252"/>
    <property name="java.library.path" value="C:\Program Files\Java\jdk1.8.0_131\bin;C:\WINDOWS\Sun\Java\bin;C:\WINDOWS\system32;C:\WINDOWS;C:\ProgramData\Oracle\Java\javapath;C:\Program Files\Microsoft MPI\Bin\;C:\Program Files (x86)\Intel\iCLS Client\;C:\Program Files\Intel\iCLS Client\;C:\WINDOWS\system32;C:\WINDOWS;C:\WINDOWS\System32\Wbem;C:\WINDOWS\System32\WindowsPowerShell\v1.0\;C:\Program Files\Intel\Intel(R) Management Engine Components\DAL;C:\Program Files\Intel\Intel(R) Management Engine Components\IPT;C:\Program Files (x86)\Intel\Intel(R) Management Engine Components\DAL;C:\Program Files (x86)\Intel\Intel(R) Management Engine Components\IPT;C:\Program Files\Intel\WiFi\bin\;C:\Program Files\Common Files\Intel\WirelessCommon\;C:\Python27;C:\Program Files\Anaconda3;C:\Program Files\Anaconda3\Scripts;C:\Program Files\Anaconda3\Library\bin;C:\Program Files (x86)\GtkSharp\2.12\bin;C:\Program Files\Java\jdk1.8.0_131\bin;C:\Program Files\Apache Software Foundation\apache-maven-3.5.0\bin;C:\Users\connor\AppData\Local\Microsoft\WindowsApps;;C:\Program Files\Microsoft VS Code\bin;."/>
    <property name="maven.conf" value="C:\Program Files\Apache Software Foundation\apache-maven-3.5.0\bin\../conf"/>
    <property name="java.specification.name" value="Java Platform API Specification"/>
    <property name="java.class.version" value="52.0"/>
    <property name="sun.management.compiler" value="HotSpot 64-Bit Tiered Compilers"/>
    <property name="os.version" value="10.0"/>
    <property name="library.jansi.path" value="C:\Program Files\Apache Software Foundation\apache-maven-3.5.0\bin\..\lib\jansi-native\windows64"/>
    <property name="user.home" value="C:\Users\connor"/>
    <property name="user.timezone" value="America/New_York"/>
    <property name="java.awt.printerjob" value="sun.awt.windows.WPrinterJob"/>
    <property name="java.specification.version" value="1.8"/>
    <property name="file.encoding" value="UTF-8"/>
    <property name="user.name" value="connor"/>
    <property name="java.class.path" value="C:\Program Files\Apache Software Foundation\apache-maven-3.5.0\bin\..\boot\plexus-classworlds-2.5.2.jar"/>
    <property name="java.vm.specification.version" value="1.8"/>
    <property name="sun.arch.data.model" value="64"/>
    <property name="java.home" value="C:\Program Files\Java\jdk1.8.0_131\jre"/>
    <property name="sun.java.command" value="org.codehaus.plexus.classworlds.launcher.Launcher -Dmaven.ext.class.path=C:\Program Files\NetBeans 8.2\java\maven-nblib\netbeans-eventspy.jar -Dfile.encoding=UTF-8 clean install"/>
    <property name="java.specification.vendor" value="Oracle Corporation"/>
    <property name="user.language" value="en"/>
    <property name="awt.toolkit" value="sun.awt.windows.WToolkit"/>
    <property name="java.vm.info" value="mixed mode"/>
    <property name="java.version" value="1.8.0_131"/>
    <property name="java.ext.dirs" value="C:\Program Files\Java\jdk1.8.0_131\jre\lib\ext;C:\WINDOWS\Sun\Java\lib\ext"/>
    <property name="sun.boot.class.path" value="C:\Program Files\Java\jdk1.8.0_131\jre\lib\resources.jar;C:\Program Files\Java\jdk1.8.0_131\jre\lib\rt.jar;C:\Program Files\Java\jdk1.8.0_131\jre\lib\sunrsasign.jar;C:\Program Files\Java\jdk1.8.0_131\jre\lib\jsse.jar;C:\Program Files\Java\jdk1.8.0_131\jre\lib\jce.jar;C:\Program Files\Java\jdk1.8.0_131\jre\lib\charsets.jar;C:\Program Files\Java\jdk1.8.0_131\jre\lib\jfr.jar;C:\Program Files\Java\jdk1.8.0_131\jre\classes"/>
    <property name="java.vendor" value="Oracle Corporation"/>
    <property name="maven.home" value="C:\Program Files\Apache Software Foundation\apache-maven-3.5.0\bin\.."/>
    <property name="file.separator" value="\"/>
    <property name="java.vendor.url.bug" value="http://bugreport.sun.com/bugreport/"/>
    <property name="sun.cpu.endian" value="little"/>
    <property name="sun.io.unicode.encoding" value="UnicodeLittle"/>
    <property name="sun.desktop" value="windows"/>
    <property name="sun.cpu.isalist" value="amd64"/>
  </properties>
  <testcase classname="com.sg.flooringmastery.dao.FMOrderNumDaoTest" name="testGetAndSetNewMaxOrderNum" time="0">
    <error message="org.springframework.beans.FatalBeanException" type="java.lang.NoClassDefFoundError">java.lang.NoClassDefFoundError: org.springframework.beans.FatalBeanException
	at org.springframework.beans.factory.support.AbstractAutowireCapableBeanFactory.instantiateBean(AbstractAutowireCapableBeanFactory.java:1154)
	at org.springframework.beans.factory.support.AbstractAutowireCapableBeanFactory.createBeanInstance(AbstractAutowireCapableBeanFactory.java:1099)
	at org.springframework.beans.factory.support.AbstractAutowireCapableBeanFactory.doCreateBean(AbstractAutowireCapableBeanFactory.java:513)
	at org.springframework.beans.factory.support.AbstractAutowireCapableBeanFactory.createBean(AbstractAutowireCapableBeanFactory.java:483)
	at org.springframework.beans.factory.support.AbstractBeanFactory$1.getObject(AbstractBeanFactory.java:306)
	at org.springframework.beans.factory.support.DefaultSingletonBeanRegistry.getSingleton(DefaultSingletonBeanRegistry.java:230)
	at org.springframework.beans.factory.support.AbstractBeanFactory.doGetBean(AbstractBeanFactory.java:302)
	at org.springframework.beans.factory.support.AbstractBeanFactory.getBean(AbstractBeanFactory.java:197)
	at org.springframework.beans.factory.support.DefaultListableBeanFactory.preInstantiateSingletons(DefaultListableBeanFactory.java:761)
	at org.springframework.context.support.AbstractApplicationContext.finishBeanFactoryInitialization(AbstractApplicationContext.java:867)
	at org.springframework.context.support.AbstractApplicationContext.refresh(AbstractApplicationContext.java:543)
	at org.springframework.context.support.ClassPathXmlApplicationContext.&lt;init&gt;(ClassPathXmlApplicationContext.java:139)
	at org.springframework.context.support.ClassPathXmlApplicationContext.&lt;init&gt;(ClassPathXmlApplicationContext.java:83)
	at com.sg.flooringmastery.dao.FMOrderNumDaoTest.&lt;init&gt;(FMOrderNumDaoTest.java:23)
	at sun.reflect.NativeConstructorAccessorImpl.newInstance0(Native Method)
	at sun.reflect.NativeConstructorAccessorImpl.newInstance(NativeConstructorAccessorImpl.java:62)
	at sun.reflect.DelegatingConstructorAccessorImpl.newInstance(DelegatingConstructorAccessorImpl.java:45)
	at java.lang.reflect.Constructor.newInstance(Constructor.java:423)
	at org.junit.runners.BlockJUnit4ClassRunner.createTest(BlockJUnit4ClassRunner.java:217)
	at org.junit.runners.BlockJUnit4ClassRunner$1.runReflectiveCall(BlockJUnit4ClassRunner.java:266)
	at org.junit.internal.runners.model.ReflectiveCallable.run(ReflectiveCallable.java:12)
	at org.junit.runners.BlockJUnit4ClassRunner.methodBlock(BlockJUnit4ClassRunner.java:263)
	at org.junit.runners.BlockJUnit4ClassRunner.runChild(BlockJUnit4ClassRunner.java:78)
	at org.junit.runners.BlockJUnit4ClassRunner.runChild(BlockJUnit4ClassRunner.java:57)
	at org.junit.runners.ParentRunner$3.run(ParentRunner.java:290)
	at org.junit.runners.ParentRunner$1.schedule(ParentRunner.java:71)
	at org.junit.runners.ParentRunner.runChildren(ParentRunner.java:288)
	at org.junit.runners.ParentRunner.access$000(ParentRunner.java:58)
	at org.junit.runners.ParentRunner$2.evaluate(ParentRunner.java:268)
	at org.junit.runners.ParentRunner.run(ParentRunner.java:363)
	at org.apache.maven.surefire.junit4.JUnit4Provider.execute(JUnit4Provider.java:252)
	at org.apache.maven.surefire.junit4.JUnit4Provider.executeTestSet(JUnit4Provider.java:141)
	at org.apache.maven.surefire.junit4.JUnit4Provider.invoke(JUnit4Provider.java:112)
	at sun.reflect.NativeMethodAccessorImpl.invoke0(Native Method)
	at sun.reflect.NativeMethodAccessorImpl.invoke(NativeMethodAccessorImpl.java:62)
	at sun.reflect.DelegatingMethodAccessorImpl.invoke(DelegatingMethodAccessorImpl.java:43)
	at java.lang.reflect.Method.invoke(Method.java:498)
	at org.apache.maven.surefire.util.ReflectionUtils.invokeMethodWithArray(ReflectionUtils.java:189)
	at org.apache.maven.surefire.booter.ProviderFactory$ProviderProxy.invoke(ProviderFactory.java:165)
	at org.apache.maven.surefire.booter.ProviderFactory.invokeProvider(ProviderFactory.java:85)
	at org.apache.maven.surefire.booter.ForkedBooter.runSuitesInProcess(ForkedBooter.java:115)
	at org.apache.maven.surefire.booter.ForkedBooter.main(ForkedBooter.java:75)
</error>
    <system-err>Oct 10, 2017 5:03:13 PM org.springframework.context.support.ClassPathXmlApplicationContext prepareRefresh
INFO: Refreshing org.springframework.context.support.ClassPathXmlApplicationContext@157b59fe: startup date [Tue Oct 10 17:03:13 EDT 2017]; root of context hierarchy
Oct 10, 2017 5:03:14 PM org.springframework.beans.factory.xml.XmlBeanDefinitionReader loadBeanDefinitions
INFO: Loading XML bean definitions from class path resource [applicationContext.xml]
Oct 10, 2017 5:03:14 PM org.springframework.context.support.ClassPathXmlApplicationContext prepareRefresh
INFO: Refreshing org.springframework.context.support.ClassPathXmlApplicationContext@1022b805: startup date [Tue Oct 10 17:03:14 EDT 2017]; root of context hierarchy
Oct 10, 2017 5:03:14 PM org.springframework.beans.factory.xml.XmlBeanDefinitionReader loadBeanDefinitions
INFO: Loading XML bean definitions from class path resource [applicationContext.xml]
Oct 10, 2017 5:03:14 PM org.springframework.context.support.ClassPathXmlApplicationContext prepareRefresh
INFO: Refreshing org.springframework.context.support.ClassPathXmlApplicationContext@4769a5a1: startup date [Tue Oct 10 17:03:14 EDT 2017]; root of context hierarchy
Oct 10, 2017 5:03:14 PM org.springframework.beans.factory.xml.XmlBeanDefinitionReader loadBeanDefinitions
INFO: Loading XML bean definitions from class path resource [applicationContext.xml]
Oct 10, 2017 5:03:14 PM org.springframework.context.support.ClassPathXmlApplicationContext prepareRefresh
INFO: Refreshing org.springframework.context.support.ClassPathXmlApplicationContext@bd9c79e: startup date [Tue Oct 10 17:03:14 EDT 2017]; root of context hierarchy
Oct 10, 2017 5:03:14 PM org.springframework.beans.factory.xml.XmlBeanDefinitionReader loadBeanDefinitions
INFO: Loading XML bean definitions from class path resource [applicationContext.xml]
Oct 10, 2017 5:03:14 PM org.springframework.context.support.ClassPathXmlApplicationContext prepareRefresh
INFO: Refreshing org.springframework.context.support.ClassPathXmlApplicationContext@71993eba: startup date [Tue Oct 10 17:03:14 EDT 2017]; root of context hierarchy
Oct 10, 2017 5:03:14 PM org.springframework.beans.factory.xml.XmlBeanDefinitionReader loadBeanDefinitions
INFO: Loading XML bean definitions from class path resource [applicationContext.xml]
Oct 10, 2017 5:03:14 PM org.springframework.context.support.ClassPathXmlApplicationContext prepareRefresh
INFO: Refreshing org.springframework.context.support.ClassPathXmlApplicationContext@72f9675d: startup date [Tue Oct 10 17:03:14 EDT 2017]; root of context hierarchy
Oct 10, 2017 5:03:14 PM org.springframework.beans.factory.xml.XmlBeanDefinitionReader loadBeanDefinitions
INFO: Loading XML bean definitions from class path resource [applicationContext.xml]
Oct 10, 2017 5:03:14 PM org.springframework.context.support.ClassPathXmlApplicationContext prepareRefresh
INFO: Refreshing org.springframework.context.support.ClassPathXmlApplicationContext@6873b44: startup date [Tue Oct 10 17:03:14 EDT 2017]; root of context hierarchy
Oct 10, 2017 5:03:14 PM org.springframework.beans.factory.xml.XmlBeanDefinitionReader loadBeanDefinitions
INFO: Loading XML bean definitions from class path resource [applicationContext.xml]
Oct 10, 2017 5:03:14 PM org.springframework.context.support.ClassPathXmlApplicationContext prepareRefresh
INFO: Refreshing org.springframework.context.support.ClassPathXmlApplicationContext@474e0ab4: startup date [Tue Oct 10 17:03:14 EDT 2017]; root of context hierarchy
Oct 10, 2017 5:03:14 PM org.springframework.beans.factory.xml.XmlBeanDefinitionReader loadBeanDefinitions
INFO: Loading XML bean definitions from class path resource [applicationContext.xml]
Oct 10, 2017 5:03:14 PM org.springframework.context.support.ClassPathXmlApplicationContext prepareRefresh
INFO: Refreshing org.springframework.context.support.ClassPathXmlApplicationContext@7ac397d6: startup date [Tue Oct 10 17:03:14 EDT 2017]; root of context hierarchy
Oct 10, 2017 5:03:14 PM org.springframework.beans.factory.xml.XmlBeanDefinitionReader loadBeanDefinitions
INFO: Loading XML bean definitions from class path resource [applicationContext.xml]
Oct 10, 2017 5:03:14 PM org.springframework.context.support.ClassPathXmlApplicationContext prepareRefresh
INFO: Refreshing org.springframework.context.support.ClassPathXmlApplicationContext@29bccdab: startup date [Tue Oct 10 17:03:14 EDT 2017]; root of context hierarchy
Oct 10, 2017 5:03:14 PM org.springframework.beans.factory.xml.XmlBeanDefinitionReader loadBeanDefinitions
INFO: Loading XML bean definitions from class path resource [applicationContext.xml]
Oct 10, 2017 5:03:14 PM org.springframework.context.support.ClassPathXmlApplicationContext prepareRefresh
INFO: Refreshing org.springframework.context.support.ClassPathXmlApplicationContext@777ebf6b: startup date [Tue Oct 10 17:03:14 EDT 2017]; root of context hierarchy
Oct 10, 2017 5:03:14 PM org.springframework.beans.factory.xml.XmlBeanDefinitionReader loadBeanDefinitions
INFO: Loading XML bean definitions from class path resource [applicationContext.xml]
Oct 10, 2017 5:03:14 PM org.springframework.context.support.ClassPathXmlApplicationContext prepareRefresh
INFO: Refreshing org.springframework.context.support.ClassPathXmlApplicationContext@13cea3d9: startup date [Tue Oct 10 17:03:14 EDT 2017]; root of context hierarchy
Oct 10, 2017 5:03:14 PM org.springframework.beans.factory.xml.XmlBeanDefinitionReader loadBeanDefinitions
INFO: Loading XML bean definitions from class path resource [applicationContext.xml]
Oct 10, 2017 5:03:14 PM org.springframework.context.support.ClassPathXmlApplicationContext prepareRefresh
INFO: Refreshing org.springframework.context.support.ClassPathXmlApplicationContext@4c3909cc: startup date [Tue Oct 10 17:03:14 EDT 2017]; root of context hierarchy
Oct 10, 2017 5:03:14 PM org.springframework.beans.factory.xml.XmlBeanDefinitionReader loadBeanDefinitions
INFO: Loading XML bean definitions from class path resource [applicationContext.xml]
Oct 10, 2017 5:03:14 PM org.springframework.context.support.ClassPathXmlApplicationContext prepareRefresh
INFO: Refreshing org.springframework.context.support.ClassPathXmlApplicationContext@799e5418: startup date [Tue Oct 10 17:03:14 EDT 2017]; root of context hierarchy
Oct 10, 2017 5:03:14 PM org.springframework.beans.factory.xml.XmlBeanDefinitionReader loadBeanDefinitions
INFO: Loading XML bean definitions from class path resource [applicationContext.xml]
Oct 10, 2017 5:03:14 PM org.springframework.context.support.ClassPathXmlApplicationContext prepareRefresh
INFO: Refreshing org.springframework.context.support.ClassPathXmlApplicationContext@31800e86: startup date [Tue Oct 10 17:03:14 EDT 2017]; root of context hierarchy
Oct 10, 2017 5:03:14 PM org.springframework.beans.factory.xml.XmlBeanDefinitionReader loadBeanDefinitions
INFO: Loading XML bean definitions from class path resource [applicationContext.xml]
Oct 10, 2017 5:03:14 PM org.springframework.context.support.ClassPathXmlApplicationContext prepareRefresh
INFO: Refreshing org.springframework.context.support.ClassPathXmlApplicationContext@10ab4afe: startup date [Tue Oct 10 17:03:14 EDT 2017]; root of context hierarchy
Oct 10, 2017 5:03:14 PM org.springframework.beans.factory.xml.XmlBeanDefinitionReader loadBeanDefinitions
INFO: Loading XML bean definitions from class path resource [applicationContext.xml]
Oct 10, 2017 5:03:14 PM org.springframework.context.support.ClassPathXmlApplicationContext prepareRefresh
INFO: Refreshing org.springframework.context.support.ClassPathXmlApplicationContext@26c1f174: startup date [Tue Oct 10 17:03:14 EDT 2017]; root of context hierarchy
Oct 10, 2017 5:03:14 PM org.springframework.beans.factory.xml.XmlBeanDefinitionReader loadBeanDefinitions
INFO: Loading XML bean definitions from class path resource [applicationContext.xml]
Oct 10, 2017 5:03:14 PM org.springframework.context.support.ClassPathXmlApplicationContext prepareRefresh
INFO: Refreshing org.springframework.context.support.ClassPathXmlApplicationContext@390eca81: startup date [Tue Oct 10 17:03:14 EDT 2017]; root of context hierarchy
Oct 10, 2017 5:03:14 PM org.springframework.beans.factory.xml.XmlBeanDefinitionReader loadBeanDefinitions
INFO: Loading XML bean definitions from class path resource [applicationContext.xml]
Oct 10, 2017 5:03:14 PM org.springframework.context.support.ClassPathXmlApplicationContext prepareRefresh
INFO: Refreshing org.springframework.context.support.ClassPathXmlApplicationContext@63f410d0: startup date [Tue Oct 10 17:03:14 EDT 2017]; root of context hierarchy
Oct 10, 2017 5:03:14 PM org.springframework.beans.factory.xml.XmlBeanDefinitionReader loadBeanDefinitions
INFO: Loading XML bean definitions from class path resource [applicationContext.xml]
Oct 10, 2017 5:03:14 PM org.springframework.context.support.ClassPathXmlApplicationContext prepareRefresh
INFO: Refreshing org.springframework.context.support.ClassPathXmlApplicationContext@116e349d: startup date [Tue Oct 10 17:03:14 EDT 2017]; root of context hierarchy
Oct 10, 2017 5:03:14 PM org.springframework.beans.factory.xml.XmlBeanDefinitionReader loadBeanDefinitions
INFO: Loading XML bean definitions from class path resource [applicationContext.xml]
Oct 10, 2017 5:03:14 PM org.springframework.context.support.ClassPathXmlApplicationContext prepareRefresh
INFO: Refreshing org.springframework.context.support.ClassPathXmlApplicationContext@1e4ca02: startup date [Tue Oct 10 17:03:14 EDT 2017]; root of context hierarchy
Oct 10, 2017 5:03:14 PM org.springframework.beans.factory.xml.XmlBeanDefinitionReader loadBeanDefinitions
INFO: Loading XML bean definitions from class path resource [applicationContext.xml]
Oct 10, 2017 5:03:14 PM org.springframework.context.support.ClassPathXmlApplicationContext prepareRefresh
INFO: Refreshing org.springframework.context.support.ClassPathXmlApplicationContext@7cff9bb2: startup date [Tue Oct 10 17:03:14 EDT 2017]; root of context hierarchy
Oct 10, 2017 5:03:14 PM org.springframework.beans.factory.xml.XmlBeanDefinitionReader loadBeanDefinitions
INFO: Loading XML bean definitions from class path resource [applicationContext.xml]
Oct 10, 2017 5:03:14 PM org.springframework.context.support.ClassPathXmlApplicationContext prepareRefresh
INFO: Refreshing org.springframework.context.support.ClassPathXmlApplicationContext@c5ae854: startup date [Tue Oct 10 17:03:14 EDT 2017]; root of context hierarchy
Oct 10, 2017 5:03:14 PM org.springframework.beans.factory.xml.XmlBeanDefinitionReader loadBeanDefinitions
INFO: Loading XML bean definitions from class path resource [applicationContext.xml]
Oct 10, 2017 5:03:14 PM org.springframework.context.support.ClassPathXmlApplicationContext prepareRefresh
INFO: Refreshing org.springframework.context.support.ClassPathXmlApplicationContext@54bb1786: startup date [Tue Oct 10 17:03:14 EDT 2017]; root of context hierarchy
Oct 10, 2017 5:03:14 PM org.springframework.beans.factory.xml.XmlBeanDefinitionReader loadBeanDefinitions
INFO: Loading XML bean definitions from class path resource [applicationContext.xml]
Oct 10, 2017 5:03:14 PM org.springframework.context.support.ClassPathXmlApplicationContext prepareRefresh
INFO: Refreshing org.springframework.context.support.ClassPathXmlApplicationContext@519910b2: startup date [Tue Oct 10 17:03:14 EDT 2017]; root of context hierarchy
Oct 10, 2017 5:03:14 PM org.springframework.beans.factory.xml.XmlBeanDefinitionReader loadBeanDefinitions
INFO: Loading XML bean definitions from class path resource [applicationContext.xml]
Oct 10, 2017 5:03:14 PM org.springframework.context.support.ClassPathXmlApplicationContext prepareRefresh
INFO: Refreshing org.springframework.context.support.ClassPathXmlApplicationContext@2838f58c: startup date [Tue Oct 10 17:03:14 EDT 2017]; root of context hierarchy
Oct 10, 2017 5:03:14 PM org.springframework.beans.factory.xml.XmlBeanDefinitionReader loadBeanDefinitions
INFO: Loading XML bean definitions from class path resource [applicationContext.xml]
Oct 10, 2017 5:03:14 PM org.springframework.context.support.ClassPathXmlApplicationContext prepareRefresh
INFO: Refreshing org.springframework.context.support.ClassPathXmlApplicationContext@68342bb3: startup date [Tue Oct 10 17:03:14 EDT 2017]; root of context hierarchy
Oct 10, 2017 5:03:14 PM org.springframework.beans.factory.xml.XmlBeanDefinitionReader loadBeanDefinitions
INFO: Loading XML bean definitions from class path resource [applicationContext.xml]
Oct 10, 2017 5:03:14 PM org.springframework.context.support.ClassPathXmlApplicationContext prepareRefresh
INFO: Refreshing org.springframework.context.support.ClassPathXmlApplicationContext@6ed5c449: startup date [Tue Oct 10 17:03:14 EDT 2017]; root of context hierarchy
Oct 10, 2017 5:03:14 PM org.springframework.beans.factory.xml.XmlBeanDefinitionReader loadBeanDefinitions
INFO: Loading XML bean definitions from class path resource [applicationContext.xml]
Oct 10, 2017 5:03:14 PM org.springframework.context.support.ClassPathXmlApplicationContext prepareRefresh
INFO: Refreshing org.springframework.context.support.ClassPathXmlApplicationContext@6848faeb: startup date [Tue Oct 10 17:03:14 EDT 2017]; root of context hierarchy
Oct 10, 2017 5:03:14 PM org.springframework.beans.factory.xml.XmlBeanDefinitionReader loadBeanDefinitions
INFO: Loading XML bean definitions from class path resource [applicationContext.xml]
Oct 10, 2017 5:03:14 PM org.springframework.context.support.ClassPathXmlApplicationContext prepareRefresh
INFO: Refreshing org.springframework.context.support.ClassPathXmlApplicationContext@7b934a96: startup date [Tue Oct 10 17:03:14 EDT 2017]; root of context hierarchy
Oct 10, 2017 5:03:14 PM org.springframework.beans.factory.xml.XmlBeanDefinitionReader loadBeanDefinitions
INFO: Loading XML bean definitions from class path resource [applicationContext.xml]
Oct 10, 2017 5:03:14 PM org.springframework.context.support.ClassPathXmlApplicationContext prepareRefresh
INFO: Refreshing org.springframework.context.support.ClassPathXmlApplicationContext@d0bb60: startup date [Tue Oct 10 17:03:14 EDT 2017]; root of context hierarchy
Oct 10, 2017 5:03:14 PM org.springframework.beans.factory.xml.XmlBeanDefinitionReader loadBeanDefinitions
INFO: Loading XML bean definitions from class path resource [applicationContext.xml]
Oct 10, 2017 5:03:14 PM org.springframework.context.support.ClassPathXmlApplicationContext prepareRefresh
INFO: Refreshing org.springframework.context.support.ClassPathXmlApplicationContext@16a7a6a: startup date [Tue Oct 10 17:03:14 EDT 2017]; root of context hierarchy
Oct 10, 2017 5:03:14 PM org.springframework.beans.factory.xml.XmlBeanDefinitionReader loadBeanDefinitions
INFO: Loading XML bean definitions from class path resource [applicationContext.xml]
Oct 10, 2017 5:03:14 PM org.springframework.context.support.ClassPathXmlApplicationContext prepareRefresh
INFO: Refreshing org.springframework.context.support.ClassPathXmlApplicationContext@398b69ed: startup date [Tue Oct 10 17:03:14 EDT 2017]; root of context hierarchy
Oct 10, 2017 5:03:14 PM org.springframework.beans.factory.xml.XmlBeanDefinitionReader loadBeanDefinitions
INFO: Loading XML bean definitions from class path resource [applicationContext.xml]
Oct 10, 2017 5:03:14 PM org.springframework.context.support.ClassPathXmlApplicationContext prepareRefresh
INFO: Refreshing org.springframework.context.support.ClassPathXmlApplicationContext@6acc72c7: startup date [Tue Oct 10 17:03:14 EDT 2017]; root of context hierarchy
Oct 10, 2017 5:03:14 PM org.springframework.beans.factory.xml.XmlBeanDefinitionReader loadBeanDefinitions
INFO: Loading XML bean definitions from class path resource [applicationContext.xml]
Oct 10, 2017 5:03:14 PM org.springframework.context.support.ClassPathXmlApplicationContext prepareRefresh
INFO: Refreshing org.springframework.context.support.ClassPathXmlApplicationContext@5555eb81: startup date [Tue Oct 10 17:03:14 EDT 2017]; root of context hierarchy
Oct 10, 2017 5:03:14 PM org.springframework.beans.factory.xml.XmlBeanDefinitionReader loadBeanDefinitions
INFO: Loading XML bean definitions from class path resource [applicationContext.xml]
Oct 10, 2017 5:03:14 PM org.springframework.context.support.ClassPathXmlApplicationContext prepareRefresh
INFO: Refreshing org.springframework.context.support.ClassPathXmlApplicationContext@10897221: startup date [Tue Oct 10 17:03:14 EDT 2017]; root of context hierarchy
Oct 10, 2017 5:03:14 PM org.springframework.beans.factory.xml.XmlBeanDefinitionReader loadBeanDefinitions
INFO: Loading XML bean definitions from class path resource [applicationContext.xml]
Oct 10, 2017 5:03:14 PM org.springframework.context.support.ClassPathXmlApplicationContext prepareRefresh
INFO: Refreshing org.springframework.context.support.ClassPathXmlApplicationContext@34696884: startup date [Tue Oct 10 17:03:14 EDT 2017]; root of context hierarchy
Oct 10, 2017 5:03:14 PM org.springframework.beans.factory.xml.XmlBeanDefinitionReader loadBeanDefinitions
INFO: Loading XML bean definitions from class path resource [applicationContext.xml]
Oct 10, 2017 5:03:14 PM org.springframework.context.support.ClassPathXmlApplicationContext prepareRefresh
INFO: Refreshing org.springframework.context.support.ClassPathXmlApplicationContext@19c38153: startup date [Tue Oct 10 17:03:14 EDT 2017]; root of context hierarchy
Oct 10, 2017 5:03:14 PM org.springframework.beans.factory.xml.XmlBeanDefinitionReader loadBeanDefinitions
INFO: Loading XML bean definitions from class path resource [applicationContext.xml]
Oct 10, 2017 5:03:14 PM org.springframework.context.support.ClassPathXmlApplicationContext prepareRefresh
INFO: Refreshing org.springframework.context.support.ClassPathXmlApplicationContext@91bd4dd: startup date [Tue Oct 10 17:03:14 EDT 2017]; root of context hierarchy
Oct 10, 2017 5:03:14 PM org.springframework.beans.factory.xml.XmlBeanDefinitionReader loadBeanDefinitions
INFO: Loading XML bean definitions from class path resource [applicationContext.xml]
Oct 10, 2017 5:03:14 PM org.springframework.context.support.ClassPathXmlApplicationContext prepareRefresh
INFO: Refreshing org.springframework.context.support.ClassPathXmlApplicationContext@57c11c38: startup date [Tue Oct 10 17:03:14 EDT 2017]; root of context hierarchy
Oct 10, 2017 5:03:14 PM org.springframework.beans.factory.xml.XmlBeanDefinitionReader loadBeanDefinitions
INFO: Loading XML bean definitions from class path resource [applicationContext.xml]
Oct 10, 2017 5:03:14 PM org.springframework.context.support.ClassPathXmlApplicationContext prepareRefresh
INFO: Refreshing org.springframework.context.support.ClassPathXmlApplicationContext@25941b5b: startup date [Tue Oct 10 17:03:14 EDT 2017]; root of context hierarchy
Oct 10, 2017 5:03:14 PM org.springframework.beans.factory.xml.XmlBeanDefinitionReader loadBeanDefinitions
INFO: Loading XML bean definitions from class path resource [applicationContext.xml]
Oct 10, 2017 5:03:14 PM org.springframework.context.support.ClassPathXmlApplicationContext prepareRefresh
INFO: Refreshing org.springframework.context.support.ClassPathXmlApplicationContext@21580cf2: startup date [Tue Oct 10 17:03:14 EDT 2017]; root of context hierarchy
Oct 10, 2017 5:03:14 PM org.springframework.beans.factory.xml.XmlBeanDefinitionReader loadBeanDefinitions
INFO: Loading XML bean definitions from class path resource [applicationContext.xml]
Oct 10, 2017 5:03:14 PM org.springframework.context.support.ClassPathXmlApplicationContext prepareRefresh
INFO: Refreshing org.springframework.context.support.ClassPathXmlApplicationContext@a520a55: startup date [Tue Oct 10 17:03:14 EDT 2017]; root of context hierarchy
Oct 10, 2017 5:03:14 PM org.springframework.beans.factory.xml.XmlBeanDefinitionReader loadBeanDefinitions
INFO: Loading XML bean definitions from class path resource [applicationContext.xml]
Oct 10, 2017 5:03:14 PM org.springframework.context.support.ClassPathXmlApplicationContext prepareRefresh
INFO: Refreshing org.springframework.context.support.ClassPathXmlApplicationContext@16c1fc82: startup date [Tue Oct 10 17:03:14 EDT 2017]; root of context hierarchy
Oct 10, 2017 5:03:14 PM org.springframework.beans.factory.xml.XmlBeanDefinitionReader loadBeanDefinitions
INFO: Loading XML bean definitions from class path resource [applicationContext.xml]
Oct 10, 2017 5:03:14 PM org.springframework.context.support.ClassPathXmlApplicationContext prepareRefresh
INFO: Refreshing org.springframework.context.support.ClassPathXmlApplicationContext@c45e4d9: startup date [Tue Oct 10 17:03:14 EDT 2017]; root of context hierarchy
Oct 10, 2017 5:03:14 PM org.springframework.beans.factory.xml.XmlBeanDefinitionReader loadBeanDefinitions
INFO: Loading XML bean definitions from class path resource [applicationContext.xml]
Oct 10, 2017 5:03:14 PM org.springframework.context.support.ClassPathXmlApplicationContext prepareRefresh
INFO: Refreshing org.springframework.context.support.ClassPathXmlApplicationContext@6776e974: startup date [Tue Oct 10 17:03:14 EDT 2017]; root of context hierarchy
Oct 10, 2017 5:03:14 PM org.springframework.beans.factory.xml.XmlBeanDefinitionReader loadBeanDefinitions
INFO: Loading XML bean definitions from class path resource [applicationContext.xml]
Oct 10, 2017 5:03:14 PM org.springframework.context.support.ClassPathXmlApplicationContext prepareRefresh
INFO: Refreshing org.springframework.context.support.ClassPathXmlApplicationContext@5ff6431a: startup date [Tue Oct 10 17:03:14 EDT 2017]; root of context hierarchy
Oct 10, 2017 5:03:14 PM org.springframework.beans.factory.xml.XmlBeanDefinitionReader loadBeanDefinitions
INFO: Loading XML bean definitions from class path resource [applicationContext.xml]
Oct 10, 2017 5:03:14 PM org.springframework.context.support.ClassPathXmlApplicationContext prepareRefresh
INFO: Refreshing org.springframework.context.support.ClassPathXmlApplicationContext@3b01dbbc: startup date [Tue Oct 10 17:03:14 EDT 2017]; root of context hierarchy
Oct 10, 2017 5:03:14 PM org.springframework.beans.factory.xml.XmlBeanDefinitionReader loadBeanDefinitions
INFO: Loading XML bean definitions from class path resource [applicationContext.xml]
Oct 10, 2017 5:03:14 PM org.springframework.context.support.ClassPathXmlApplicationContext prepareRefresh
INFO: Refreshing org.springframework.context.support.ClassPathXmlApplicationContext@c6578c1: startup date [Tue Oct 10 17:03:14 EDT 2017]; root of context hierarchy
Oct 10, 2017 5:03:14 PM org.springframework.beans.factory.xml.XmlBeanDefinitionReader loadBeanDefinitions
INFO: Loading XML bean definitions from class path resource [applicationContext.xml]
Oct 10, 2017 5:03:14 PM org.springframework.context.support.ClassPathXmlApplicationContext prepareRefresh
INFO: Refreshing org.springframework.context.support.ClassPathXmlApplicationContext@2eff4e88: startup date [Tue Oct 10 17:03:14 EDT 2017]; root of context hierarchy
Oct 10, 2017 5:03:14 PM org.springframework.beans.factory.xml.XmlBeanDefinitionReader loadBeanDefinitions
INFO: Loading XML bean definitions from class path resource [applicationContext.xml]
Oct 10, 2017 5:03:14 PM org.springframework.context.support.ClassPathXmlApplicationContext prepareRefresh
INFO: Refreshing org.springframework.context.support.ClassPathXmlApplicationContext@f2c2622: startup date [Tue Oct 10 17:03:14 EDT 2017]; root of context hierarchy
Oct 10, 2017 5:03:14 PM org.springframework.beans.factory.xml.XmlBeanDefinitionReader loadBeanDefinitions
INFO: Loading XML bean definitions from class path resource [applicationContext.xml]
Oct 10, 2017 5:03:14 PM org.springframework.context.support.ClassPathXmlApplicationContext prepareRefresh
INFO: Refreshing org.springframework.context.support.ClassPathXmlApplicationContext@56b56566: startup date [Tue Oct 10 17:03:14 EDT 2017]; root of context hierarchy
Oct 10, 2017 5:03:14 PM org.springframework.beans.factory.xml.XmlBeanDefinitionReader loadBeanDefinitions
INFO: Loading XML bean definitions from class path resource [applicationContext.xml]
Oct 10, 2017 5:03:14 PM org.springframework.context.support.ClassPathXmlApplicationContext prepareRefresh
INFO: Refreshing org.springframework.context.support.ClassPathXmlApplicationContext@64004f10: startup date [Tue Oct 10 17:03:14 EDT 2017]; root of context hierarchy
Oct 10, 2017 5:03:14 PM org.springframework.beans.factory.xml.XmlBeanDefinitionReader loadBeanDefinitions
INFO: Loading XML bean definitions from class path resource [applicationContext.xml]
Oct 10, 2017 5:03:14 PM org.springframework.context.support.ClassPathXmlApplicationContext prepareRefresh
INFO: Refreshing org.springframework.context.support.ClassPathXmlApplicationContext@f053608: startup date [Tue Oct 10 17:03:14 EDT 2017]; root of context hierarchy
Oct 10, 2017 5:03:14 PM org.springframework.beans.factory.xml.XmlBeanDefinitionReader loadBeanDefinitions
INFO: Loading XML bean definitions from class path resource [applicationContext.xml]
Oct 10, 2017 5:03:14 PM org.springframework.context.support.ClassPathXmlApplicationContext prepareRefresh
INFO: Refreshing org.springframework.context.support.ClassPathXmlApplicationContext@6bf552d2: startup date [Tue Oct 10 17:03:14 EDT 2017]; root of context hierarchy
Oct 10, 2017 5:03:14 PM org.springframework.beans.factory.xml.XmlBeanDefinitionReader loadBeanDefinitions
INFO: Loading XML bean definitions from class path resource [applicationContext.xml]
Oct 10, 2017 5:03:14 PM org.springframework.context.support.ClassPathXmlApplicationContext prepareRefresh
INFO: Refreshing org.springframework.context.support.ClassPathXmlApplicationContext@6eb5694b: startup date [Tue Oct 10 17:03:14 EDT 2017]; root of context hierarchy
Oct 10, 2017 5:03:14 PM org.springframework.beans.factory.xml.XmlBeanDefinitionReader loadBeanDefinitions
INFO: Loading XML bean definitions from class path resource [applicationContext.xml]
Oct 10, 2017 5:03:14 PM org.springframework.context.support.ClassPathXmlApplicationContext prepareRefresh
INFO: Refreshing org.springframework.context.support.ClassPathXmlApplicationContext@2d85487: startup date [Tue Oct 10 17:03:14 EDT 2017]; root of context hierarchy
Oct 10, 2017 5:03:14 PM org.springframework.beans.factory.xml.XmlBeanDefinitionReader loadBeanDefinitions
INFO: Loading XML bean definitions from class path resource [applicationContext.xml]
Oct 10, 2017 5:03:14 PM org.springframework.context.support.ClassPathXmlApplicationContext prepareRefresh
INFO: Refreshing org.springframework.context.support.ClassPathXmlApplicationContext@1ab37c94: startup date [Tue Oct 10 17:03:14 EDT 2017]; root of context hierarchy
Oct 10, 2017 5:03:14 PM org.springframework.beans.factory.xml.XmlBeanDefinitionReader loadBeanDefinitions
INFO: Loading XML bean definitions from class path resource [applicationContext.xml]
Oct 10, 2017 5:03:14 PM org.springframework.context.support.ClassPathXmlApplicationContext prepareRefresh
INFO: Refreshing org.springframework.context.support.ClassPathXmlApplicationContext@664ff641: startup date [Tue Oct 10 17:03:14 EDT 2017]; root of context hierarchy
Oct 10, 2017 5:03:14 PM org.springframework.beans.factory.xml.XmlBeanDefinitionReader loadBeanDefinitions
INFO: Loading XML bean definitions from class path resource [applicationContext.xml]
Oct 10, 2017 5:03:14 PM org.springframework.context.support.ClassPathXmlApplicationContext prepareRefresh
INFO: Refreshing org.springframework.context.support.ClassPathXmlApplicationContext@2c17c0b1: startup date [Tue Oct 10 17:03:14 EDT 2017]; root of context hierarchy
Oct 10, 2017 5:03:14 PM org.springframework.beans.factory.xml.XmlBeanDefinitionReader loadBeanDefinitions
INFO: Loading XML bean definitions from class path resource [applicationContext.xml]
Oct 10, 2017 5:03:14 PM org.springframework.context.support.ClassPathXmlApplicationContext prepareRefresh
INFO: Refreshing org.springframework.context.support.ClassPathXmlApplicationContext@6ae0e411: startup date [Tue Oct 10 17:03:14 EDT 2017]; root of context hierarchy
Oct 10, 2017 5:03:14 PM org.springframework.beans.factory.xml.XmlBeanDefinitionReader loadBeanDefinitions
INFO: Loading XML bean definitions from class path resource [applicationContext.xml]
Oct 10, 2017 5:03:14 PM org.springframework.context.support.ClassPathXmlApplicationContext prepareRefresh
INFO: Refreshing org.springframework.context.support.ClassPathXmlApplicationContext@3a6f00f: startup date [Tue Oct 10 17:03:14 EDT 2017]; root of context hierarchy
Oct 10, 2017 5:03:14 PM org.springframework.beans.factory.xml.XmlBeanDefinitionReader loadBeanDefinitions
INFO: Loading XML bean definitions from class path resource [applicationContext.xml]
Oct 10, 2017 5:03:14 PM org.springframework.context.support.ClassPathXmlApplicationContext prepareRefresh
INFO: Refreshing org.springframework.context.support.ClassPathXmlApplicationContext@325ca461: startup date [Tue Oct 10 17:03:14 EDT 2017]; root of context hierarchy
Oct 10, 2017 5:03:14 PM org.springframework.beans.factory.xml.XmlBeanDefinitionReader loadBeanDefinitions
INFO: Loading XML bean definitions from class path resource [applicationContext.xml]
Oct 10, 2017 5:03:14 PM org.springframework.context.support.ClassPathXmlApplicationContext prepareRefresh
INFO: Refreshing org.springframework.context.support.ClassPathXmlApplicationContext@6b2ea57f: startup date [Tue Oct 10 17:03:14 EDT 2017]; root of context hierarchy
Oct 10, 2017 5:03:14 PM org.springframework.beans.factory.xml.XmlBeanDefinitionReader loadBeanDefinitions
INFO: Loading XML bean definitions from class path resource [applicationContext.xml]
Oct 10, 2017 5:03:14 PM org.springframework.context.support.ClassPathXmlApplicationContext prepareRefresh
INFO: Refreshing org.springframework.context.support.ClassPathXmlApplicationContext@59aa07cf: startup date [Tue Oct 10 17:03:14 EDT 2017]; root of context hierarchy
Oct 10, 2017 5:03:14 PM org.springframework.beans.factory.xml.XmlBeanDefinitionReader loadBeanDefinitions
INFO: Loading XML bean definitions from class path resource [applicationContext.xml]
Oct 10, 2017 5:03:14 PM org.springframework.context.support.ClassPathXmlApplicationContext prepareRefresh
INFO: Refreshing org.springframework.context.support.ClassPathXmlApplicationContext@2d393a72: startup date [Tue Oct 10 17:03:14 EDT 2017]; root of context hierarchy
Oct 10, 2017 5:03:14 PM org.springframework.beans.factory.xml.XmlBeanDefinitionReader loadBeanDefinitions
INFO: Loading XML bean definitions from class path resource [applicationContext.xml]
Oct 10, 2017 5:03:14 PM org.springframework.context.support.ClassPathXmlApplicationContext prepareRefresh
INFO: Refreshing org.springframework.context.support.ClassPathXmlApplicationContext@720574a4: startup date [Tue Oct 10 17:03:14 EDT 2017]; root of context hierarchy
Oct 10, 2017 5:03:14 PM org.springframework.beans.factory.xml.XmlBeanDefinitionReader loadBeanDefinitions
INFO: Loading XML bean definitions from class path resource [applicationContext.xml]
Oct 10, 2017 5:03:14 PM org.springframework.context.support.ClassPathXmlApplicationContext prepareRefresh
INFO: Refreshing org.springframework.context.support.ClassPathXmlApplicationContext@6f8fe7e8: startup date [Tue Oct 10 17:03:14 EDT 2017]; root of context hierarchy
Oct 10, 2017 5:03:14 PM org.springframework.beans.factory.xml.XmlBeanDefinitionReader loadBeanDefinitions
INFO: Loading XML bean definitions from class path resource [applicationContext.xml]
Oct 10, 2017 5:03:14 PM org.springframework.context.support.ClassPathXmlApplicationContext prepareRefresh
INFO: Refreshing org.springframework.context.support.ClassPathXmlApplicationContext@497735e1: startup date [Tue Oct 10 17:03:14 EDT 2017]; root of context hierarchy
Oct 10, 2017 5:03:14 PM org.springframework.beans.factory.xml.XmlBeanDefinitionReader loadBeanDefinitions
INFO: Loading XML bean definitions from class path resource [applicationContext.xml]
Oct 10, 2017 5:03:14 PM org.springframework.context.support.ClassPathXmlApplicationContext prepareRefresh
INFO: Refreshing org.springframework.context.support.ClassPathXmlApplicationContext@76a89ffa: startup date [Tue Oct 10 17:03:14 EDT 2017]; root of context hierarchy
Oct 10, 2017 5:03:14 PM org.springframework.beans.factory.xml.XmlBeanDefinitionReader loadBeanDefinitions
INFO: Loading XML bean definitions from class path resource [applicationContext.xml]
Oct 10, 2017 5:03:14 PM org.springframework.context.support.ClassPathXmlApplicationContext prepareRefresh
INFO: Refreshing org.springframework.context.support.ClassPathXmlApplicationContext@109003d0: startup date [Tue Oct 10 17:03:14 EDT 2017]; root of context hierarchy
Oct 10, 2017 5:03:14 PM org.springframework.beans.factory.xml.XmlBeanDefinitionReader loadBeanDefinitions
INFO: Loading XML bean definitions from class path resource [applicationContext.xml]
Oct 10, 2017 5:03:14 PM org.springframework.context.support.ClassPathXmlApplicationContext prepareRefresh
INFO: Refreshing org.springframework.context.support.ClassPathXmlApplicationContext@41e8b043: startup date [Tue Oct 10 17:03:14 EDT 2017]; root of context hierarchy
Oct 10, 2017 5:03:14 PM org.springframework.beans.factory.xml.XmlBeanDefinitionReader loadBeanDefinitions
INFO: Loading XML bean definitions from class path resource [applicationContext.xml]
Oct 10, 2017 5:03:14 PM org.springframework.context.support.ClassPathXmlApplicationContext prepareRefresh
INFO: Refreshing org.springframework.context.support.ClassPathXmlApplicationContext@6a89d89b: startup date [Tue Oct 10 17:03:14 EDT 2017]; root of context hierarchy
Oct 10, 2017 5:03:14 PM org.springframework.beans.factory.xml.XmlBeanDefinitionReader loadBeanDefinitions
INFO: Loading XML bean definitions from class path resource [applicationContext.xml]
Oct 10, 2017 5:03:14 PM org.springframework.context.support.ClassPathXmlApplicationContext prepareRefresh
INFO: Refreshing org.springframework.context.support.ClassPathXmlApplicationContext@422cf64e: startup date [Tue Oct 10 17:03:14 EDT 2017]; root of context hierarchy
Oct 10, 2017 5:03:14 PM org.springframework.beans.factory.xml.XmlBeanDefinitionReader loadBeanDefinitions
INFO: Loading XML bean definitions from class path resource [applicationContext.xml]
Oct 10, 2017 5:03:15 PM org.springframework.context.support.ClassPathXmlApplicationContext prepareRefresh
INFO: Refreshing org.springframework.context.support.ClassPathXmlApplicationContext@37e431d5: startup date [Tue Oct 10 17:03:15 EDT 2017]; root of context hierarchy
Oct 10, 2017 5:03:15 PM org.springframework.beans.factory.xml.XmlBeanDefinitionReader loadBeanDefinitions
INFO: Loading XML bean definitions from class path resource [applicationContext.xml]
Oct 10, 2017 5:03:15 PM org.springframework.context.support.ClassPathXmlApplicationContext prepareRefresh
INFO: Refreshing org.springframework.context.support.ClassPathXmlApplicationContext@34c41103: startup date [Tue Oct 10 17:03:15 EDT 2017]; root of context hierarchy
Oct 10, 2017 5:03:15 PM org.springframework.beans.factory.xml.XmlBeanDefinitionReader loadBeanDefinitions
INFO: Loading XML bean definitions from class path resource [applicationContext.xml]
Oct 10, 2017 5:03:15 PM org.springframework.context.support.ClassPathXmlApplicationContext prepareRefresh
INFO: Refreshing org.springframework.context.support.ClassPathXmlApplicationContext@29c8a177: startup date [Tue Oct 10 17:03:15 EDT 2017]; root of context hierarchy
Oct 10, 2017 5:03:15 PM org.springframework.beans.factory.xml.XmlBeanDefinitionReader loadBeanDefinitions
INFO: Loading XML bean definitions from class path resource [applicationContext.xml]
Oct 10, 2017 5:03:15 PM org.springframework.context.support.ClassPathXmlApplicationContext prepareRefresh
INFO: Refreshing org.springframework.context.support.ClassPathXmlApplicationContext@15d713d: startup date [Tue Oct 10 17:03:15 EDT 2017]; root of context hierarchy
Oct 10, 2017 5:03:15 PM org.springframework.beans.factory.xml.XmlBeanDefinitionReader loadBeanDefinitions
INFO: Loading XML bean definitions from class path resource [applicationContext.xml]
Oct 10, 2017 5:03:15 PM org.springframework.context.support.ClassPathXmlApplicationContext prepareRefresh
INFO: Refreshing org.springframework.context.support.ClassPathXmlApplicationContext@6434c4c9: startup date [Tue Oct 10 17:03:15 EDT 2017]; root of context hierarchy
Oct 10, 2017 5:03:15 PM org.springframework.beans.factory.xml.XmlBeanDefinitionReader loadBeanDefinitions
INFO: Loading XML bean definitions from class path resource [applicationContext.xml]
Oct 10, 2017 5:03:15 PM org.springframework.context.support.ClassPathXmlApplicationContext prepareRefresh
INFO: Refreshing org.springframework.context.support.ClassPathXmlApplicationContext@70f1ebff: startup date [Tue Oct 10 17:03:15 EDT 2017]; root of context hierarchy
Oct 10, 2017 5:03:15 PM org.springframework.beans.factory.xml.XmlBeanDefinitionReader loadBeanDefinitions
INFO: Loading XML bean definitions from class path resource [applicationContext.xml]
Oct 10, 2017 5:03:15 PM org.springframework.context.support.ClassPathXmlApplicationContext prepareRefresh
INFO: Refreshing org.springframework.context.support.ClassPathXmlApplicationContext@45e68bfa: startup date [Tue Oct 10 17:03:15 EDT 2017]; root of context hierarchy
Oct 10, 2017 5:03:15 PM org.springframework.beans.factory.xml.XmlBeanDefinitionReader loadBeanDefinitions
INFO: Loading XML bean definitions from class path resource [applicationContext.xml]
Oct 10, 2017 5:03:15 PM org.springframework.context.support.ClassPathXmlApplicationContext prepareRefresh
INFO: Refreshing org.springframework.context.support.ClassPathXmlApplicationContext@40aae11a: startup date [Tue Oct 10 17:03:15 EDT 2017]; root of context hierarchy
Oct 10, 2017 5:03:15 PM org.springframework.beans.factory.xml.XmlBeanDefinitionReader loadBeanDefinitions
INFO: Loading XML bean definitions from class path resource [applicationContext.xml]
Oct 10, 2017 5:03:15 PM org.springframework.context.support.ClassPathXmlApplicationContext prepareRefresh
INFO: Refreshing org.springframework.context.support.ClassPathXmlApplicationContext@28f2075e: startup date [Tue Oct 10 17:03:15 EDT 2017]; root of context hierarchy
Oct 10, 2017 5:03:15 PM org.springframework.beans.factory.xml.XmlBeanDefinitionReader loadBeanDefinitions
INFO: Loading XML bean definitions from class path resource [applicationContext.xml]
Oct 10, 2017 5:03:15 PM org.springframework.context.support.ClassPathXmlApplicationContext prepareRefresh
INFO: Refreshing org.springframework.context.support.ClassPathXmlApplicationContext@42657f8: startup date [Tue Oct 10 17:03:15 EDT 2017]; root of context hierarchy
Oct 10, 2017 5:03:15 PM org.springframework.beans.factory.xml.XmlBeanDefinitionReader loadBeanDefinitions
INFO: Loading XML bean definitions from class path resource [applicationContext.xml]
Oct 10, 2017 5:03:15 PM org.springframework.context.support.ClassPathXmlApplicationContext prepareRefresh
INFO: Refreshing org.springframework.context.support.ClassPathXmlApplicationContext@5d050d00: startup date [Tue Oct 10 17:03:15 EDT 2017]; root of context hierarchy
Oct 10, 2017 5:03:15 PM org.springframework.beans.factory.xml.XmlBeanDefinitionReader loadBeanDefinitions
INFO: Loading XML bean definitions from class path resource [applicationContext.xml]
Oct 10, 2017 5:03:15 PM org.springframework.context.support.ClassPathXmlApplicationContext prepareRefresh
INFO: Refreshing org.springframework.context.support.ClassPathXmlApplicationContext@30c6e2e: startup date [Tue Oct 10 17:03:15 EDT 2017]; root of context hierarchy
Oct 10, 2017 5:03:15 PM org.springframework.beans.factory.xml.XmlBeanDefinitionReader loadBeanDefinitions
INFO: Loading XML bean definitions from class path resource [applicationContext.xml]
Oct 10, 2017 5:03:15 PM org.springframework.context.support.ClassPathXmlApplicationContext prepareRefresh
INFO: Refreshing org.springframework.context.support.ClassPathXmlApplicationContext@747f6990: startup date [Tue Oct 10 17:03:15 EDT 2017]; root of context hierarchy
Oct 10, 2017 5:03:15 PM org.springframework.beans.factory.xml.XmlBeanDefinitionReader loadBeanDefinitions
INFO: Loading XML bean definitions from class path resource [applicationContext.xml]
Oct 10, 2017 5:03:15 PM org.springframework.context.support.ClassPathXmlApplicationContext prepareRefresh
INFO: Refreshing org.springframework.context.support.ClassPathXmlApplicationContext@69925e55: startup date [Tue Oct 10 17:03:15 EDT 2017]; root of context hierarchy
Oct 10, 2017 5:03:15 PM org.springframework.beans.factory.xml.XmlBeanDefinitionReader loadBeanDefinitions
INFO: Loading XML bean definitions from class path resource [applicationContext.xml]
Oct 10, 2017 5:03:15 PM org.springframework.context.support.ClassPathXmlApplicationContext prepareRefresh
INFO: Refreshing org.springframework.context.support.ClassPathXmlApplicationContext@38407b0e: startup date [Tue Oct 10 17:03:15 EDT 2017]; root of context hierarchy
Oct 10, 2017 5:03:15 PM org.springframework.beans.factory.xml.XmlBeanDefinitionReader loadBeanDefinitions
INFO: Loading XML bean definitions from class path resource [applicationContext.xml]
Oct 10, 2017 5:03:15 PM org.springframework.context.support.ClassPathXmlApplicationContext prepareRefresh
INFO: Refreshing org.springframework.context.support.ClassPathXmlApplicationContext@7d110e2d: startup date [Tue Oct 10 17:03:15 EDT 2017]; root of context hierarchy
Oct 10, 2017 5:03:15 PM org.springframework.beans.factory.xml.XmlBeanDefinitionReader loadBeanDefinitions
INFO: Loading XML bean definitions from class path resource [applicationContext.xml]
Oct 10, 2017 5:03:15 PM org.springframework.context.support.ClassPathXmlApplicationContext prepareRefresh
INFO: Refreshing org.springframework.context.support.ClassPathXmlApplicationContext@1895fcb6: startup date [Tue Oct 10 17:03:15 EDT 2017]; root of context hierarchy
Oct 10, 2017 5:03:15 PM org.springframework.beans.factory.xml.XmlBeanDefinitionReader loadBeanDefinitions
INFO: Loading XML bean definitions from class path resource [applicationContext.xml]
Oct 10, 2017 5:03:15 PM org.springframework.context.support.ClassPathXmlApplicationContext prepareRefresh
INFO: Refreshing org.springframework.context.support.ClassPathXmlApplicationContext@23701ff5: startup date [Tue Oct 10 17:03:15 EDT 2017]; root of context hierarchy
Oct 10, 2017 5:03:15 PM org.springframework.beans.factory.xml.XmlBeanDefinitionReader loadBeanDefinitions
INFO: Loading XML bean definitions from class path resource [applicationContext.xml]
Oct 10, 2017 5:03:15 PM org.springframework.context.support.ClassPathXmlApplicationContext prepareRefresh
INFO: Refreshing org.springframework.context.support.ClassPathXmlApplicationContext@52c2906e: startup date [Tue Oct 10 17:03:15 EDT 2017]; root of context hierarchy
Oct 10, 2017 5:03:15 PM org.springframework.beans.factory.xml.XmlBeanDefinitionReader loadBeanDefinitions
INFO: Loading XML bean definitions from class path resource [applicationContext.xml]
Oct 10, 2017 5:03:15 PM org.springframework.context.support.ClassPathXmlApplicationContext prepareRefresh
INFO: Refreshing org.springframework.context.support.ClassPathXmlApplicationContext@4ca761b8: startup date [Tue Oct 10 17:03:15 EDT 2017]; root of context hierarchy
Oct 10, 2017 5:03:15 PM org.springframework.beans.factory.xml.XmlBeanDefinitionReader loadBeanDefinitions
INFO: Loading XML bean definitions from class path resource [applicationContext.xml]
Oct 10, 2017 5:03:15 PM org.springframework.context.support.ClassPathXmlApplicationContext prepareRefresh
INFO: Refreshing org.springframework.context.support.ClassPathXmlApplicationContext@18495d2c: startup date [Tue Oct 10 17:03:15 EDT 2017]; root of context hierarchy
Oct 10, 2017 5:03:15 PM org.springframework.beans.factory.xml.XmlBeanDefinitionReader loadBeanDefinitions
INFO: Loading XML bean definitions from class path resource [applicationContext.xml]
Oct 10, 2017 5:03:15 PM org.springframework.context.support.ClassPathXmlApplicationContext prepareRefresh
INFO: Refreshing org.springframework.context.support.ClassPathXmlApplicationContext@106976f4: startup date [Tue Oct 10 17:03:15 EDT 2017]; root of context hierarchy
Oct 10, 2017 5:03:15 PM org.springframework.beans.factory.xml.XmlBeanDefinitionReader loadBeanDefinitions
INFO: Loading XML bean definitions from class path resource [applicationContext.xml]
Oct 10, 2017 5:03:15 PM org.springframework.context.support.ClassPathXmlApplicationContext prepareRefresh
INFO: Refreshing org.springframework.context.support.ClassPathXmlApplicationContext@3cd38685: startup date [Tue Oct 10 17:03:15 EDT 2017]; root of context hierarchy
Oct 10, 2017 5:03:15 PM org.springframework.beans.factory.xml.XmlBeanDefinitionReader loadBeanDefinitions
INFO: Loading XML bean definitions from class path resource [applicationContext.xml]
Oct 10, 2017 5:03:15 PM org.springframework.context.support.ClassPathXmlApplicationContext prepareRefresh
INFO: Refreshing org.springframework.context.support.ClassPathXmlApplicationContext@811dc82: startup date [Tue Oct 10 17:03:15 EDT 2017]; root of context hierarchy
Oct 10, 2017 5:03:15 PM org.springframework.beans.factory.xml.XmlBeanDefinitionReader loadBeanDefinitions
INFO: Loading XML bean definitions from class path resource [applicationContext.xml]
Oct 10, 2017 5:03:15 PM org.springframework.context.support.ClassPathXmlApplicationContext prepareRefresh
INFO: Refreshing org.springframework.context.support.ClassPathXmlApplicationContext@17675c2f: startup date [Tue Oct 10 17:03:15 EDT 2017]; root of context hierarchy
Oct 10, 2017 5:03:15 PM org.springframework.beans.factory.xml.XmlBeanDefinitionReader loadBeanDefinitions
INFO: Loading XML bean definitions from class path resource [applicationContext.xml]
Oct 10, 2017 5:03:15 PM org.springframework.context.support.ClassPathXmlApplicationContext prepareRefresh
INFO: Refreshing org.springframework.context.support.ClassPathXmlApplicationContext@728dfa37: startup date [Tue Oct 10 17:03:15 EDT 2017]; root of context hierarchy
Oct 10, 2017 5:03:15 PM org.springframework.beans.factory.xml.XmlBeanDefinitionReader loadBeanDefinitions
INFO: Loading XML bean definitions from class path resource [applicationContext.xml]
Oct 10, 2017 5:03:15 PM org.springframework.context.support.ClassPathXmlApplicationContext prepareRefresh
INFO: Refreshing org.springframework.context.support.ClassPathXmlApplicationContext@16546eba: startup date [Tue Oct 10 17:03:15 EDT 2017]; root of context hierarchy
Oct 10, 2017 5:03:15 PM org.springframework.beans.factory.xml.XmlBeanDefinitionReader loadBeanDefinitions
INFO: Loading XML bean definitions from class path resource [applicationContext.xml]
Oct 10, 2017 5:03:15 PM org.springframework.context.support.ClassPathXmlApplicationContext prepareRefresh
INFO: Refreshing org.springframework.context.support.ClassPathXmlApplicationContext@1c3e4055: startup date [Tue Oct 10 17:03:15 EDT 2017]; root of context hierarchy
Oct 10, 2017 5:03:15 PM org.springframework.beans.factory.xml.XmlBeanDefinitionReader loadBeanDefinitions
INFO: Loading XML bean definitions from class path resource [applicationContext.xml]
Oct 10, 2017 5:03:15 PM org.springframework.context.support.ClassPathXmlApplicationContext prepareRefresh
INFO: Refreshing org.springframework.context.support.ClassPathXmlApplicationContext@54a0f09d: startup date [Tue Oct 10 17:03:15 EDT 2017]; root of context hierarchy
Oct 10, 2017 5:03:15 PM org.springframework.beans.factory.xml.XmlBeanDefinitionReader loadBeanDefinitions
INFO: Loading XML bean definitions from class path resource [applicationContext.xml]
Oct 10, 2017 5:03:15 PM org.springframework.context.support.ClassPathXmlApplicationContext prepareRefresh
INFO: Refreshing org.springframework.context.support.ClassPathXmlApplicationContext@f0ca75: startup date [Tue Oct 10 17:03:15 EDT 2017]; root of context hierarchy
Oct 10, 2017 5:03:15 PM org.springframework.beans.factory.xml.XmlBeanDefinitionReader loadBeanDefinitions
INFO: Loading XML bean definitions from class path resource [applicationContext.xml]
Oct 10, 2017 5:03:15 PM org.springframework.context.support.ClassPathXmlApplicationContext prepareRefresh
INFO: Refreshing org.springframework.context.support.ClassPathXmlApplicationContext@1ece8c98: startup date [Tue Oct 10 17:03:15 EDT 2017]; root of context hierarchy
Oct 10, 2017 5:03:15 PM org.springframework.beans.factory.xml.XmlBeanDefinitionReader loadBeanDefinitions
INFO: Loading XML bean definitions from class path resource [applicationContext.xml]
Oct 10, 2017 5:03:15 PM org.springframework.context.support.ClassPathXmlApplicationContext prepareRefresh
INFO: Refreshing org.springframework.context.support.ClassPathXmlApplicationContext@20acb87: startup date [Tue Oct 10 17:03:15 EDT 2017]; root of context hierarchy
Oct 10, 2017 5:03:15 PM org.springframework.beans.factory.xml.XmlBeanDefinitionReader loadBeanDefinitions
INFO: Loading XML bean definitions from class path resource [applicationContext.xml]
Oct 10, 2017 5:03:15 PM org.springframework.context.support.ClassPathXmlApplicationContext prepareRefresh
INFO: Refreshing org.springframework.context.support.ClassPathXmlApplicationContext@eb10b2: startup date [Tue Oct 10 17:03:15 EDT 2017]; root of context hierarchy
Oct 10, 2017 5:03:15 PM org.springframework.beans.factory.xml.XmlBeanDefinitionReader loadBeanDefinitions
INFO: Loading XML bean definitions from class path resource [applicationContext.xml]
Oct 10, 2017 5:03:15 PM org.springframework.context.support.ClassPathXmlApplicationContext prepareRefresh
INFO: Refreshing org.springframework.context.support.ClassPathXmlApplicationContext@44e8d9dc: startup date [Tue Oct 10 17:03:15 EDT 2017]; root of context hierarchy
Oct 10, 2017 5:03:15 PM org.springframework.beans.factory.xml.XmlBeanDefinitionReader loadBeanDefinitions
INFO: Loading XML bean definitions from class path resource [applicationContext.xml]
Oct 10, 2017 5:03:15 PM org.springframework.context.support.ClassPathXmlApplicationContext prepareRefresh
INFO: Refreshing org.springframework.context.support.ClassPathXmlApplicationContext@726f2d26: startup date [Tue Oct 10 17:03:15 EDT 2017]; root of context hierarchy
Oct 10, 2017 5:03:15 PM org.springframework.beans.factory.xml.XmlBeanDefinitionReader loadBeanDefinitions
INFO: Loading XML bean definitions from class path resource [applicationContext.xml]
Oct 10, 2017 5:03:15 PM org.springframework.context.support.ClassPathXmlApplicationContext prepareRefresh
INFO: Refreshing org.springframework.context.support.ClassPathXmlApplicationContext@7476a621: startup date [Tue Oct 10 17:03:15 EDT 2017]; root of context hierarchy
Oct 10, 2017 5:03:15 PM org.springframework.beans.factory.xml.XmlBeanDefinitionReader loadBeanDefinitions
INFO: Loading XML bean definitions from class path resource [applicationContext.xml]
Oct 10, 2017 5:03:15 PM org.springframework.context.support.ClassPathXmlApplicationContext prepareRefresh
INFO: Refreshing org.springframework.context.support.ClassPathXmlApplicationContext@bc83665: startup date [Tue Oct 10 17:03:15 EDT 2017]; root of context hierarchy
Oct 10, 2017 5:03:15 PM org.springframework.beans.factory.xml.XmlBeanDefinitionReader loadBeanDefinitions
INFO: Loading XML bean definitions from class path resource [applicationContext.xml]
Oct 10, 2017 5:03:15 PM org.springframework.context.support.ClassPathXmlApplicationContext prepareRefresh
INFO: Refreshing org.springframework.context.support.ClassPathXmlApplicationContext@1f97ea36: startup date [Tue Oct 10 17:03:15 EDT 2017]; root of context hierarchy
Oct 10, 2017 5:03:15 PM org.springframework.beans.factory.xml.XmlBeanDefinitionReader loadBeanDefinitions
INFO: Loading XML bean definitions from class path resource [applicationContext.xml]
Oct 10, 2017 5:03:15 PM org.springframework.context.support.ClassPathXmlApplicationContext prepareRefresh
INFO: Refreshing org.springframework.context.support.ClassPathXmlApplicationContext@5f740a09: startup date [Tue Oct 10 17:03:15 EDT 2017]; root of context hierarchy
Oct 10, 2017 5:03:15 PM org.springframework.beans.factory.xml.XmlBeanDefinitionReader loadBeanDefinitions
INFO: Loading XML bean definitions from class path resource [applicationContext.xml]
Oct 10, 2017 5:03:15 PM org.springframework.context.support.ClassPathXmlApplicationContext prepareRefresh
INFO: Refreshing org.springframework.context.support.ClassPathXmlApplicationContext@17ed0311: startup date [Tue Oct 10 17:03:15 EDT 2017]; root of context hierarchy
Oct 10, 2017 5:03:15 PM org.springframework.beans.factory.xml.XmlBeanDefinitionReader loadBeanDefinitions
INFO: Loading XML bean definitions from class path resource [applicationContext.xml]
Oct 10, 2017 5:03:15 PM org.springframework.context.support.ClassPathXmlApplicationContext prepareRefresh
INFO: Refreshing org.springframework.context.support.ClassPathXmlApplicationContext@5a56aa85: startup date [Tue Oct 10 17:03:15 EDT 2017]; root of context hierarchy
Oct 10, 2017 5:03:15 PM org.springframework.beans.factory.xml.XmlBeanDefinitionReader loadBeanDefinitions
INFO: Loading XML bean definitions from class path resource [applicationContext.xml]
Oct 10, 2017 5:03:15 PM org.springframework.context.support.ClassPathXmlApplicationContext prepareRefresh
INFO: Refreshing org.springframework.context.support.ClassPathXmlApplicationContext@34fb622b: startup date [Tue Oct 10 17:03:15 EDT 2017]; root of context hierarchy
Oct 10, 2017 5:03:15 PM org.springframework.beans.factory.xml.XmlBeanDefinitionReader loadBeanDefinitions
INFO: Loading XML bean definitions from class path resource [applicationContext.xml]
Oct 10, 2017 5:03:15 PM org.springframework.context.support.ClassPathXmlApplicationContext prepareRefresh
INFO: Refreshing org.springframework.context.support.ClassPathXmlApplicationContext@5fbf7a5d: startup date [Tue Oct 10 17:03:15 EDT 2017]; root of context hierarchy
Oct 10, 2017 5:03:15 PM org.springframework.beans.factory.xml.XmlBeanDefinitionReader loadBeanDefinitions
INFO: Loading XML bean definitions from class path resource [applicationContext.xml]
Oct 10, 2017 5:03:15 PM org.springframework.context.support.ClassPathXmlApplicationContext prepareRefresh
INFO: Refreshing org.springframework.context.support.ClassPathXmlApplicationContext@1499f2cf: startup date [Tue Oct 10 17:03:15 EDT 2017]; root of context hierarchy
Oct 10, 2017 5:03:15 PM org.springframework.beans.factory.xml.XmlBeanDefinitionReader loadBeanDefinitions
INFO: Loading XML bean definitions from class path resource [applicationContext.xml]
Oct 10, 2017 5:03:15 PM org.springframework.context.support.ClassPathXmlApplicationContext prepareRefresh
INFO: Refreshing org.springframework.context.support.ClassPathXmlApplicationContext@6d7eb2bc: startup date [Tue Oct 10 17:03:15 EDT 2017]; root of context hierarchy
Oct 10, 2017 5:03:15 PM org.springframework.beans.factory.xml.XmlBeanDefinitionReader loadBeanDefinitions
INFO: Loading XML bean definitions from class path resource [applicationContext.xml]
Oct 10, 2017 5:03:15 PM org.springframework.context.support.ClassPathXmlApplicationContext prepareRefresh
INFO: Refreshing org.springframework.context.support.ClassPathXmlApplicationContext@671d19c8: startup date [Tue Oct 10 17:03:15 EDT 2017]; root of context hierarchy
Oct 10, 2017 5:03:15 PM org.springframework.beans.factory.xml.XmlBeanDefinitionReader loadBeanDefinitions
INFO: Loading XML bean definitions from class path resource [applicationContext.xml]
Oct 10, 2017 5:03:15 PM org.springframework.context.support.ClassPathXmlApplicationContext prepareRefresh
INFO: Refreshing org.springframework.context.support.ClassPathXmlApplicationContext@76e7c3ac: startup date [Tue Oct 10 17:03:15 EDT 2017]; root of context hierarchy
Oct 10, 2017 5:03:15 PM org.springframework.beans.factory.xml.XmlBeanDefinitionReader loadBeanDefinitions
INFO: Loading XML bean definitions from class path resource [applicationContext.xml]
Oct 10, 2017 5:03:15 PM org.springframework.context.support.ClassPathXmlApplicationContext prepareRefresh
INFO: Refreshing org.springframework.context.support.ClassPathXmlApplicationContext@5fd01e54: startup date [Tue Oct 10 17:03:15 EDT 2017]; root of context hierarchy
Oct 10, 2017 5:03:15 PM org.springframework.beans.factory.xml.XmlBeanDefinitionReader loadBeanDefinitions
INFO: Loading XML bean definitions from class path resource [applicationContext.xml]
Oct 10, 2017 5:03:15 PM org.springframework.context.support.ClassPathXmlApplicationContext prepareRefresh
INFO: Refreshing org.springframework.context.support.ClassPathXmlApplicationContext@2557ceb0: startup date [Tue Oct 10 17:03:15 EDT 2017]; root of context hierarchy
Oct 10, 2017 5:03:15 PM org.springframework.beans.factory.xml.XmlBeanDefinitionReader loadBeanDefinitions
INFO: Loading XML bean definitions from class path resource [applicationContext.xml]
Oct 10, 2017 5:03:15 PM org.springframework.context.support.ClassPathXmlApplicationContext prepareRefresh
INFO: Refreshing org.springframework.context.support.ClassPathXmlApplicationContext@54fcbf16: startup date [Tue Oct 10 17:03:15 EDT 2017]; root of context hierarchy
Oct 10, 2017 5:03:15 PM org.springframework.beans.factory.xml.XmlBeanDefinitionReader loadBeanDefinitions
INFO: Loading XML bean definitions from class path resource [applicationContext.xml]
Oct 10, 2017 5:03:15 PM org.springframework.context.support.ClassPathXmlApplicationContext prepareRefresh
INFO: Refreshing org.springframework.context.support.ClassPathXmlApplicationContext@3dab4c68: startup date [Tue Oct 10 17:03:15 EDT 2017]; root of context hierarchy
Oct 10, 2017 5:03:15 PM org.springframework.beans.factory.xml.XmlBeanDefinitionReader loadBeanDefinitions
INFO: Loading XML bean definitions from class path resource [applicationContext.xml]
Oct 10, 2017 5:03:15 PM org.springframework.context.support.ClassPathXmlApplicationContext prepareRefresh
INFO: Refreshing org.springframework.context.support.ClassPathXmlApplicationContext@796cffed: startup date [Tue Oct 10 17:03:15 EDT 2017]; root of context hierarchy
Oct 10, 2017 5:03:15 PM org.springframework.beans.factory.xml.XmlBeanDefinitionReader loadBeanDefinitions
INFO: Loading XML bean definitions from class path resource [applicationContext.xml]
Oct 10, 2017 5:03:15 PM org.springframework.context.support.ClassPathXmlApplicationContext prepareRefresh
INFO: Refreshing org.springframework.context.support.ClassPathXmlApplicationContext@3e3d3cd0: startup date [Tue Oct 10 17:03:15 EDT 2017]; root of context hierarchy
Oct 10, 2017 5:03:15 PM org.springframework.beans.factory.xml.XmlBeanDefinitionReader loadBeanDefinitions
INFO: Loading XML bean definitions from class path resource [applicationContext.xml]
Oct 10, 2017 5:03:15 PM org.springframework.context.support.ClassPathXmlApplicationContext prepareRefresh
INFO: Refreshing org.springframework.context.support.ClassPathXmlApplicationContext@95a5b1f: startup date [Tue Oct 10 17:03:15 EDT 2017]; root of context hierarchy
Oct 10, 2017 5:03:15 PM org.springframework.beans.factory.xml.XmlBeanDefinitionReader loadBeanDefinitions
INFO: Loading XML bean definitions from class path resource [applicationContext.xml]
Oct 10, 2017 5:03:15 PM org.springframework.context.support.ClassPathXmlApplicationContext prepareRefresh
INFO: Refreshing org.springframework.context.support.ClassPathXmlApplicationContext@7cde748f: startup date [Tue Oct 10 17:03:15 EDT 2017]; root of context hierarchy
Oct 10, 2017 5:03:15 PM org.springframework.beans.factory.xml.XmlBeanDefinitionReader loadBeanDefinitions
INFO: Loading XML bean definitions from class path resource [applicationContext.xml]
Oct 10, 2017 5:03:15 PM org.springframework.context.support.ClassPathXmlApplicationContext prepareRefresh
INFO: Refreshing org.springframework.context.support.ClassPathXmlApplicationContext@58c41a2e: startup date [Tue Oct 10 17:03:15 EDT 2017]; root of context hierarchy
Oct 10, 2017 5:03:15 PM org.springframework.beans.factory.xml.XmlBeanDefinitionReader loadBeanDefinitions
INFO: Loading XML bean definitions from class path resource [applicationContext.xml]
Oct 10, 2017 5:03:15 PM org.springframework.context.support.ClassPathXmlApplicationContext prepareRefresh
INFO: Refreshing org.springframework.context.support.ClassPathXmlApplicationContext@5c361c58: startup date [Tue Oct 10 17:03:15 EDT 2017]; root of context hierarchy
Oct 10, 2017 5:03:15 PM org.springframework.beans.factory.xml.XmlBeanDefinitionReader loadBeanDefinitions
INFO: Loading XML bean definitions from class path resource [applicationContext.xml]
Oct 10, 2017 5:03:15 PM org.springframework.context.support.ClassPathXmlApplicationContext prepareRefresh
INFO: Refreshing org.springframework.context.support.ClassPathXmlApplicationContext@4d7f5e96: startup date [Tue Oct 10 17:03:15 EDT 2017]; root of context hierarchy
Oct 10, 2017 5:03:15 PM org.springframework.beans.factory.xml.XmlBeanDefinitionReader loadBeanDefinitions
INFO: Loading XML bean definitions from class path resource [applicationContext.xml]
Oct 10, 2017 5:03:15 PM org.springframework.context.support.ClassPathXmlApplicationContext prepareRefresh
INFO: Refreshing org.springframework.context.support.ClassPathXmlApplicationContext@2a6b4d: startup date [Tue Oct 10 17:03:15 EDT 2017]; root of context hierarchy
Oct 10, 2017 5:03:15 PM org.springframework.beans.factory.xml.XmlBeanDefinitionReader loadBeanDefinitions
INFO: Loading XML bean definitions from class path resource [applicationContext.xml]
Oct 10, 2017 5:03:15 PM org.springframework.context.support.ClassPathXmlApplicationContext prepareRefresh
INFO: Refreshing org.springframework.context.support.ClassPathXmlApplicationContext@1e0f6ad3: startup date [Tue Oct 10 17:03:15 EDT 2017]; root of context hierarchy
Oct 10, 2017 5:03:15 PM org.springframework.beans.factory.xml.XmlBeanDefinitionReader loadBeanDefinitions
INFO: Loading XML bean definitions from class path resource [applicationContext.xml]
Oct 10, 2017 5:03:15 PM org.springframework.context.support.ClassPathXmlApplicationContext prepareRefresh
INFO: Refreshing org.springframework.context.support.ClassPathXmlApplicationContext@3ea65cf6: startup date [Tue Oct 10 17:03:15 EDT 2017]; root of context hierarchy
Oct 10, 2017 5:03:15 PM org.springframework.beans.factory.xml.XmlBeanDefinitionReader loadBeanDefinitions
INFO: Loading XML bean definitions from class path resource [applicationContext.xml]
Oct 10, 2017 5:03:15 PM org.springframework.context.support.ClassPathXmlApplicationContext prepareRefresh
INFO: Refreshing org.springframework.context.support.ClassPathXmlApplicationContext@6b569a0f: startup date [Tue Oct 10 17:03:15 EDT 2017]; root of context hierarchy
Oct 10, 2017 5:03:15 PM org.springframework.beans.factory.xml.XmlBeanDefinitionReader loadBeanDefinitions
INFO: Loading XML bean definitions from class path resource [applicationContext.xml]
Oct 10, 2017 5:03:15 PM org.springframework.context.support.ClassPathXmlApplicationContext prepareRefresh
INFO: Refreshing org.springframework.context.support.ClassPathXmlApplicationContext@133f2780: startup date [Tue Oct 10 17:03:15 EDT 2017]; root of context hierarchy
Oct 10, 2017 5:03:15 PM org.springframework.beans.factory.xml.XmlBeanDefinitionReader loadBeanDefinitions
INFO: Loading XML bean definitions from class path resource [applicationContext.xml]
Oct 10, 2017 5:03:15 PM org.springframework.context.support.ClassPathXmlApplicationContext prepareRefresh
INFO: Refreshing org.springframework.context.support.ClassPathXmlApplicationContext@90a7b6b: startup date [Tue Oct 10 17:03:15 EDT 2017]; root of context hierarchy
Oct 10, 2017 5:03:15 PM org.springframework.beans.factory.xml.XmlBeanDefinitionReader loadBeanDefinitions
INFO: Loading XML bean definitions from class path resource [applicationContext.xml]
Oct 10, 2017 5:03:15 PM org.springframework.context.support.ClassPathXmlApplicationContext prepareRefresh
INFO: Refreshing org.springframework.context.support.ClassPathXmlApplicationContext@13de62ef: startup date [Tue Oct 10 17:03:15 EDT 2017]; root of context hierarchy
Oct 10, 2017 5:03:15 PM org.springframework.beans.factory.xml.XmlBeanDefinitionReader loadBeanDefinitions
INFO: Loading XML bean definitions from class path resource [applicationContext.xml]
Oct 10, 2017 5:03:15 PM org.springframework.context.support.ClassPathXmlApplicationContext prepareRefresh
INFO: Refreshing org.springframework.context.support.ClassPathXmlApplicationContext@7fe56b47: startup date [Tue Oct 10 17:03:15 EDT 2017]; root of context hierarchy
Oct 10, 2017 5:03:15 PM org.springframework.beans.factory.xml.XmlBeanDefinitionReader loadBeanDefinitions
INFO: Loading XML bean definitions from class path resource [applicationContext.xml]
Oct 10, 2017 5:03:15 PM org.springframework.context.support.ClassPathXmlApplicationContext prepareRefresh
INFO: Refreshing org.springframework.context.support.ClassPathXmlApplicationContext@468a4674: startup date [Tue Oct 10 17:03:15 EDT 2017]; root of context hierarchy
Oct 10, 2017 5:03:15 PM org.springframework.beans.factory.xml.XmlBeanDefinitionReader loadBeanDefinitions
INFO: Loading XML bean definitions from class path resource [applicationContext.xml]
Oct 10, 2017 5:03:15 PM org.springframework.context.support.ClassPathXmlApplicationContext prepareRefresh
INFO: Refreshing org.springframework.context.support.ClassPathXmlApplicationContext@bec3057: startup date [Tue Oct 10 17:03:15 EDT 2017]; root of context hierarchy
Oct 10, 2017 5:03:15 PM org.springframework.beans.factory.xml.XmlBeanDefinitionReader loadBeanDefinitions
INFO: Loading XML bean definitions from class path resource [applicationContext.xml]
Oct 10, 2017 5:03:15 PM org.springframework.context.support.ClassPathXmlApplicationContext prepareRefresh
INFO: Refreshing org.springframework.context.support.ClassPathXmlApplicationContext@6d362f40: startup date [Tue Oct 10 17:03:15 EDT 2017]; root of context hierarchy
Oct 10, 2017 5:03:15 PM org.springframework.beans.factory.xml.XmlBeanDefinitionReader loadBeanDefinitions
INFO: Loading XML bean definitions from class path resource [applicationContext.xml]
Oct 10, 2017 5:03:15 PM org.springframework.context.support.ClassPathXmlApplicationContext prepareRefresh
INFO: Refreshing org.springframework.context.support.ClassPathXmlApplicationContext@4498e76a: startup date [Tue Oct 10 17:03:15 EDT 2017]; root of context hierarchy
Oct 10, 2017 5:03:15 PM org.springframework.beans.factory.xml.XmlBeanDefinitionReader loadBeanDefinitions
INFO: Loading XML bean definitions from class path resource [applicationContext.xml]
Oct 10, 2017 5:03:15 PM org.springframework.context.support.ClassPathXmlApplicationContext prepareRefresh
INFO: Refreshing org.springframework.context.support.ClassPathXmlApplicationContext@21ee9923: startup date [Tue Oct 10 17:03:15 EDT 2017]; root of context hierarchy
Oct 10, 2017 5:03:15 PM org.springframework.beans.factory.xml.XmlBeanDefinitionReader loadBeanDefinitions
INFO: Loading XML bean definitions from class path resource [applicationContext.xml]
Oct 10, 2017 5:03:15 PM org.springframework.context.support.ClassPathXmlApplicationContext prepareRefresh
INFO: Refreshing org.springframework.context.support.ClassPathXmlApplicationContext@5c8a83d: startup date [Tue Oct 10 17:03:15 EDT 2017]; root of context hierarchy
Oct 10, 2017 5:03:15 PM org.springframework.beans.factory.xml.XmlBeanDefinitionReader loadBeanDefinitions
INFO: Loading XML bean definitions from class path resource [applicationContext.xml]
Oct 10, 2017 5:03:15 PM org.springframework.context.support.ClassPathXmlApplicationContext prepareRefresh
INFO: Refreshing org.springframework.context.support.ClassPathXmlApplicationContext@47096141: startup date [Tue Oct 10 17:03:15 EDT 2017]; root of context hierarchy
Oct 10, 2017 5:03:15 PM org.springframework.beans.factory.xml.XmlBeanDefinitionReader loadBeanDefinitions
INFO: Loading XML bean definitions from class path resource [applicationContext.xml]
Oct 10, 2017 5:03:15 PM org.springframework.context.support.ClassPathXmlApplicationContext prepareRefresh
INFO: Refreshing org.springframework.context.support.ClassPathXmlApplicationContext@5f2066c6: startup date [Tue Oct 10 17:03:15 EDT 2017]; root of context hierarchy
Oct 10, 2017 5:03:15 PM org.springframework.beans.factory.xml.XmlBeanDefinitionReader loadBeanDefinitions
INFO: Loading XML bean definitions from class path resource [applicationContext.xml]
Oct 10, 2017 5:03:15 PM org.springframework.context.support.ClassPathXmlApplicationContext prepareRefresh
INFO: Refreshing org.springframework.context.support.ClassPathXmlApplicationContext@777bc5c0: startup date [Tue Oct 10 17:03:15 EDT 2017]; root of context hierarchy
Oct 10, 2017 5:03:15 PM org.springframework.beans.factory.xml.XmlBeanDefinitionReader loadBeanDefinitions
INFO: Loading XML bean definitions from class path resource [applicationContext.xml]
Oct 10, 2017 5:03:15 PM org.springframework.context.support.ClassPathXmlApplicationContext prepareRefresh
INFO: Refreshing org.springframework.context.support.ClassPathXmlApplicationContext@6c927bfe: startup date [Tue Oct 10 17:03:15 EDT 2017]; root of context hierarchy
Oct 10, 2017 5:03:15 PM org.springframework.beans.factory.xml.XmlBeanDefinitionReader loadBeanDefinitions
INFO: Loading XML bean definitions from class path resource [applicationContext.xml]
Oct 10, 2017 5:03:16 PM org.springframework.context.support.ClassPathXmlApplicationContext prepareRefresh
INFO: Refreshing org.springframework.context.support.ClassPathXmlApplicationContext@39946f0: startup date [Tue Oct 10 17:03:15 EDT 2017]; root of context hierarchy
Oct 10, 2017 5:03:16 PM org.springframework.beans.factory.xml.XmlBeanDefinitionReader loadBeanDefinitions
INFO: Loading XML bean definitions from class path resource [applicationContext.xml]
Oct 10, 2017 5:03:16 PM org.springframework.context.support.ClassPathXmlApplicationContext prepareRefresh
INFO: Refreshing org.springframework.context.support.ClassPathXmlApplicationContext@5e57b7ef: startup date [Tue Oct 10 17:03:16 EDT 2017]; root of context hierarchy
Oct 10, 2017 5:03:16 PM org.springframework.beans.factory.xml.XmlBeanDefinitionReader loadBeanDefinitions
INFO: Loading XML bean definitions from class path resource [applicationContext.xml]
Oct 10, 2017 5:03:16 PM org.springframework.context.support.ClassPathXmlApplicationContext prepareRefresh
INFO: Refreshing org.springframework.context.support.ClassPathXmlApplicationContext@6113d713: startup date [Tue Oct 10 17:03:16 EDT 2017]; root of context hierarchy
Oct 10, 2017 5:03:16 PM org.springframework.beans.factory.xml.XmlBeanDefinitionReader loadBeanDefinitions
INFO: Loading XML bean definitions from class path resource [applicationContext.xml]
Oct 10, 2017 5:03:16 PM org.springframework.context.support.ClassPathXmlApplicationContext prepareRefresh
INFO: Refreshing org.springframework.context.support.ClassPathXmlApplicationContext@600a5d01: startup date [Tue Oct 10 17:03:16 EDT 2017]; root of context hierarchy
Oct 10, 2017 5:03:16 PM org.springframework.beans.factory.xml.XmlBeanDefinitionReader loadBeanDefinitions
INFO: Loading XML bean definitions from class path resource [applicationContext.xml]
Oct 10, 2017 5:03:16 PM org.springframework.context.support.ClassPathXmlApplicationContext prepareRefresh
INFO: Refreshing org.springframework.context.support.ClassPathXmlApplicationContext@45d39ccd: startup date [Tue Oct 10 17:03:16 EDT 2017]; root of context hierarchy
Oct 10, 2017 5:03:16 PM org.springframework.beans.factory.xml.XmlBeanDefinitionReader loadBeanDefinitions
INFO: Loading XML bean definitions from class path resource [applicationContext.xml]
Oct 10, 2017 5:03:16 PM org.springframework.context.support.ClassPathXmlApplicationContext prepareRefresh
INFO: Refreshing org.springframework.context.support.ClassPathXmlApplicationContext@2ddbc030: startup date [Tue Oct 10 17:03:16 EDT 2017]; root of context hierarchy
Oct 10, 2017 5:03:16 PM org.springframework.beans.factory.xml.XmlBeanDefinitionReader loadBeanDefinitions
INFO: Loading XML bean definitions from class path resource [applicationContext.xml]
Oct 10, 2017 5:03:16 PM org.springframework.context.support.ClassPathXmlApplicationContext prepareRefresh
INFO: Refreshing org.springframework.context.support.ClassPathXmlApplicationContext@1466813: startup date [Tue Oct 10 17:03:16 EDT 2017]; root of context hierarchy
Oct 10, 2017 5:03:16 PM org.springframework.beans.factory.xml.XmlBeanDefinitionReader loadBeanDefinitions
INFO: Loading XML bean definitions from class path resource [applicationContext.xml]
Oct 10, 2017 5:03:16 PM org.springframework.context.support.ClassPathXmlApplicationContext prepareRefresh
INFO: Refreshing org.springframework.context.support.ClassPathXmlApplicationContext@10089762: startup date [Tue Oct 10 17:03:16 EDT 2017]; root of context hierarchy
Oct 10, 2017 5:03:16 PM org.springframework.beans.factory.xml.XmlBeanDefinitionReader loadBeanDefinitions
INFO: Loading XML bean definitions from class path resource [applicationContext.xml]
Oct 10, 2017 5:03:16 PM org.springframework.context.support.ClassPathXmlApplicationContext prepareRefresh
INFO: Refreshing org.springframework.context.support.ClassPathXmlApplicationContext@268f9a04: startup date [Tue Oct 10 17:03:16 EDT 2017]; root of context hierarchy
Oct 10, 2017 5:03:16 PM org.springframework.beans.factory.xml.XmlBeanDefinitionReader loadBeanDefinitions
INFO: Loading XML bean definitions from class path resource [applicationContext.xml]
Oct 10, 2017 5:03:16 PM org.springframework.context.support.ClassPathXmlApplicationContext prepareRefresh
INFO: Refreshing org.springframework.context.support.ClassPathXmlApplicationContext@59f91ee8: startup date [Tue Oct 10 17:03:16 EDT 2017]; root of context hierarchy
Oct 10, 2017 5:03:16 PM org.springframework.beans.factory.xml.XmlBeanDefinitionReader loadBeanDefinitions
INFO: Loading XML bean definitions from class path resource [applicationContext.xml]
Oct 10, 2017 5:03:16 PM org.springframework.context.support.ClassPathXmlApplicationContext prepareRefresh
INFO: Refreshing org.springframework.context.support.ClassPathXmlApplicationContext@4e04779b: startup date [Tue Oct 10 17:03:16 EDT 2017]; root of context hierarchy
Oct 10, 2017 5:03:16 PM org.springframework.beans.factory.xml.XmlBeanDefinitionReader loadBeanDefinitions
INFO: Loading XML bean definitions from class path resource [applicationContext.xml]
Oct 10, 2017 5:03:16 PM org.springframework.context.support.ClassPathXmlApplicationContext prepareRefresh
INFO: Refreshing org.springframework.context.support.ClassPathXmlApplicationContext@56e8739: startup date [Tue Oct 10 17:03:16 EDT 2017]; root of context hierarchy
Oct 10, 2017 5:03:16 PM org.springframework.beans.factory.xml.XmlBeanDefinitionReader loadBeanDefinitions
INFO: Loading XML bean definitions from class path resource [applicationContext.xml]
Oct 10, 2017 5:03:16 PM org.springframework.context.support.ClassPathXmlApplicationContext prepareRefresh
INFO: Refreshing org.springframework.context.support.ClassPathXmlApplicationContext@7dff5404: startup date [Tue Oct 10 17:03:16 EDT 2017]; root of context hierarchy
Oct 10, 2017 5:03:16 PM org.springframework.beans.factory.xml.XmlBeanDefinitionReader loadBeanDefinitions
INFO: Loading XML bean definitions from class path resource [applicationContext.xml]
Oct 10, 2017 5:03:16 PM org.springframework.context.support.ClassPathXmlApplicationContext prepareRefresh
INFO: Refreshing org.springframework.context.support.ClassPathXmlApplicationContext@3701ad6f: startup date [Tue Oct 10 17:03:16 EDT 2017]; root of context hierarchy
Oct 10, 2017 5:03:16 PM org.springframework.beans.factory.xml.XmlBeanDefinitionReader loadBeanDefinitions
INFO: Loading XML bean definitions from class path resource [applicationContext.xml]
Oct 10, 2017 5:03:16 PM org.springframework.context.support.ClassPathXmlApplicationContext prepareRefresh
INFO: Refreshing org.springframework.context.support.ClassPathXmlApplicationContext@16ec0065: startup date [Tue Oct 10 17:03:16 EDT 2017]; root of context hierarchy
Oct 10, 2017 5:03:16 PM org.springframework.beans.factory.xml.XmlBeanDefinitionReader loadBeanDefinitions
INFO: Loading XML bean definitions from class path resource [applicationContext.xml]
Oct 10, 2017 5:03:16 PM org.springframework.context.support.ClassPathXmlApplicationContext prepareRefresh
INFO: Refreshing org.springframework.context.support.ClassPathXmlApplicationContext@7cf7583d: startup date [Tue Oct 10 17:03:16 EDT 2017]; root of context hierarchy
Oct 10, 2017 5:03:16 PM org.springframework.beans.factory.xml.XmlBeanDefinitionReader loadBeanDefinitions
INFO: Loading XML bean definitions from class path resource [applicationContext.xml]
Oct 10, 2017 5:03:16 PM org.springframework.context.support.ClassPathXmlApplicationContext prepareRefresh
INFO: Refreshing org.springframework.context.support.ClassPathXmlApplicationContext@4be71e28: startup date [Tue Oct 10 17:03:16 EDT 2017]; root of context hierarchy
Oct 10, 2017 5:03:16 PM org.springframework.beans.factory.xml.XmlBeanDefinitionReader loadBeanDefinitions
INFO: Loading XML bean definitions from class path resource [applicationContext.xml]
Oct 10, 2017 5:03:16 PM org.springframework.context.support.ClassPathXmlApplicationContext prepareRefresh
INFO: Refreshing org.springframework.context.support.ClassPathXmlApplicationContext@6fd00647: startup date [Tue Oct 10 17:03:16 EDT 2017]; root of context hierarchy
Oct 10, 2017 5:03:16 PM org.springframework.beans.factory.xml.XmlBeanDefinitionReader loadBeanDefinitions
INFO: Loading XML bean definitions from class path resource [applicationContext.xml]
Oct 10, 2017 5:03:16 PM org.springframework.context.support.ClassPathXmlApplicationContext prepareRefresh
INFO: Refreshing org.springframework.context.support.ClassPathXmlApplicationContext@3bbebd07: startup date [Tue Oct 10 17:03:16 EDT 2017]; root of context hierarchy
Oct 10, 2017 5:03:16 PM org.springframework.beans.factory.xml.XmlBeanDefinitionReader loadBeanDefinitions
INFO: Loading XML bean definitions from class path resource [applicationContext.xml]
Oct 10, 2017 5:03:16 PM org.springframework.context.support.ClassPathXmlApplicationContext prepareRefresh
INFO: Refreshing org.springframework.context.support.ClassPathXmlApplicationContext@284c7770: startup date [Tue Oct 10 17:03:16 EDT 2017]; root of context hierarchy
Oct 10, 2017 5:03:16 PM org.springframework.beans.factory.xml.XmlBeanDefinitionReader loadBeanDefinitions
INFO: Loading XML bean definitions from class path resource [applicationContext.xml]
Oct 10, 2017 5:03:16 PM org.springframework.context.support.ClassPathXmlApplicationContext prepareRefresh
INFO: Refreshing org.springframework.context.support.ClassPathXmlApplicationContext@6e587233: startup date [Tue Oct 10 17:03:16 EDT 2017]; root of context hierarchy
Oct 10, 2017 5:03:16 PM org.springframework.beans.factory.xml.XmlBeanDefinitionReader loadBeanDefinitions
INFO: Loading XML bean definitions from class path resource [applicationContext.xml]
Oct 10, 2017 5:03:16 PM org.springframework.context.support.ClassPathXmlApplicationContext prepareRefresh
INFO: Refreshing org.springframework.context.support.ClassPathXmlApplicationContext@3cd2fd3d: startup date [Tue Oct 10 17:03:16 EDT 2017]; root of context hierarchy
Oct 10, 2017 5:03:16 PM org.springframework.beans.factory.xml.XmlBeanDefinitionReader loadBeanDefinitions
INFO: Loading XML bean definitions from class path resource [applicationContext.xml]
Oct 10, 2017 5:03:16 PM org.springframework.context.support.ClassPathXmlApplicationContext prepareRefresh
INFO: Refreshing org.springframework.context.support.ClassPathXmlApplicationContext@5f86521c: startup date [Tue Oct 10 17:03:16 EDT 2017]; root of context hierarchy
Oct 10, 2017 5:03:16 PM org.springframework.beans.factory.xml.XmlBeanDefinitionReader loadBeanDefinitions
INFO: Loading XML bean definitions from class path resource [applicationContext.xml]
Oct 10, 2017 5:03:16 PM org.springframework.context.support.ClassPathXmlApplicationContext prepareRefresh
INFO: Refreshing org.springframework.context.support.ClassPathXmlApplicationContext@56122c1: startup date [Tue Oct 10 17:03:16 EDT 2017]; root of context hierarchy
Oct 10, 2017 5:03:16 PM org.springframework.beans.factory.xml.XmlBeanDefinitionReader loadBeanDefinitions
INFO: Loading XML bean definitions from class path resource [applicationContext.xml]
Oct 10, 2017 5:03:16 PM org.springframework.context.support.ClassPathXmlApplicationContext prepareRefresh
INFO: Refreshing org.springframework.context.support.ClassPathXmlApplicationContext@1469d2e2: startup date [Tue Oct 10 17:03:16 EDT 2017]; root of context hierarchy
Oct 10, 2017 5:03:16 PM org.springframework.beans.factory.xml.XmlBeanDefinitionReader loadBeanDefinitions
INFO: Loading XML bean definitions from class path resource [applicationContext.xml]
Oct 10, 2017 5:03:16 PM org.springframework.context.support.ClassPathXmlApplicationContext prepareRefresh
INFO: Refreshing org.springframework.context.support.ClassPathXmlApplicationContext@3cc3f137: startup date [Tue Oct 10 17:03:16 EDT 2017]; root of context hierarchy
Oct 10, 2017 5:03:16 PM org.springframework.beans.factory.xml.XmlBeanDefinitionReader loadBeanDefinitions
INFO: Loading XML bean definitions from class path resource [applicationContext.xml]
Oct 10, 2017 5:03:16 PM org.springframework.context.support.ClassPathXmlApplicationContext prepareRefresh
INFO: Refreshing org.springframework.context.support.ClassPathXmlApplicationContext@2d7b31e2: startup date [Tue Oct 10 17:03:16 EDT 2017]; root of context hierarchy
Oct 10, 2017 5:03:16 PM org.springframework.beans.factory.xml.XmlBeanDefinitionReader loadBeanDefinitions
INFO: Loading XML bean definitions from class path resource [applicationContext.xml]
Oct 10, 2017 5:03:16 PM org.springframework.context.support.ClassPathXmlApplicationContext prepareRefresh
INFO: Refreshing org.springframework.context.support.ClassPathXmlApplicationContext@6b144bd8: startup date [Tue Oct 10 17:03:16 EDT 2017]; root of context hierarchy
Oct 10, 2017 5:03:16 PM org.springframework.beans.factory.xml.XmlBeanDefinitionReader loadBeanDefinitions
INFO: Loading XML bean definitions from class path resource [applicationContext.xml]
Oct 10, 2017 5:03:16 PM org.springframework.context.support.ClassPathXmlApplicationContext prepareRefresh
INFO: Refreshing org.springframework.context.support.ClassPathXmlApplicationContext@3511a82: startup date [Tue Oct 10 17:03:16 EDT 2017]; root of context hierarchy
Oct 10, 2017 5:03:16 PM org.springframework.beans.factory.xml.XmlBeanDefinitionReader loadBeanDefinitions
INFO: Loading XML bean definitions from class path resource [applicationContext.xml]
Oct 10, 2017 5:03:16 PM org.springframework.context.support.ClassPathXmlApplicationContext prepareRefresh
INFO: Refreshing org.springframework.context.support.ClassPathXmlApplicationContext@557f5cb4: startup date [Tue Oct 10 17:03:16 EDT 2017]; root of context hierarchy
Oct 10, 2017 5:03:16 PM org.springframework.beans.factory.xml.XmlBeanDefinitionReader loadBeanDefinitions
INFO: Loading XML bean definitions from class path resource [applicationContext.xml]
Oct 10, 2017 5:03:16 PM org.springframework.context.support.ClassPathXmlApplicationContext prepareRefresh
INFO: Refreshing org.springframework.context.support.ClassPathXmlApplicationContext@39c0db85: startup date [Tue Oct 10 17:03:16 EDT 2017]; root of context hierarchy
Oct 10, 2017 5:03:16 PM org.springframework.beans.factory.xml.XmlBeanDefinitionReader loadBeanDefinitions
INFO: Loading XML bean definitions from class path resource [applicationContext.xml]
Oct 10, 2017 5:03:16 PM org.springframework.context.support.ClassPathXmlApplicationContext prepareRefresh
INFO: Refreshing org.springframework.context.support.ClassPathXmlApplicationContext@7ca45136: startup date [Tue Oct 10 17:03:16 EDT 2017]; root of context hierarchy
Oct 10, 2017 5:03:16 PM org.springframework.beans.factory.xml.XmlBeanDefinitionReader loadBeanDefinitions
INFO: Loading XML bean definitions from class path resource [applicationContext.xml]
Oct 10, 2017 5:03:16 PM org.springframework.context.support.ClassPathXmlApplicationContext prepareRefresh
INFO: Refreshing org.springframework.context.support.ClassPathXmlApplicationContext@735e9176: startup date [Tue Oct 10 17:03:16 EDT 2017]; root of context hierarchy
Oct 10, 2017 5:03:16 PM org.springframework.beans.factory.xml.XmlBeanDefinitionReader loadBeanDefinitions
INFO: Loading XML bean definitions from class path resource [applicationContext.xml]
Oct 10, 2017 5:03:16 PM org.springframework.context.support.ClassPathXmlApplicationContext prepareRefresh
INFO: Refreshing org.springframework.context.support.ClassPathXmlApplicationContext@6238d55b: startup date [Tue Oct 10 17:03:16 EDT 2017]; root of context hierarchy
Oct 10, 2017 5:03:16 PM org.springframework.beans.factory.xml.XmlBeanDefinitionReader loadBeanDefinitions
INFO: Loading XML bean definitions from class path resource [applicationContext.xml]
Oct 10, 2017 5:03:16 PM org.springframework.context.support.ClassPathXmlApplicationContext prepareRefresh
INFO: Refreshing org.springframework.context.support.ClassPathXmlApplicationContext@3625205c: startup date [Tue Oct 10 17:03:16 EDT 2017]; root of context hierarchy
Oct 10, 2017 5:03:16 PM org.springframework.beans.factory.xml.XmlBeanDefinitionReader loadBeanDefinitions
INFO: Loading XML bean definitions from class path resource [applicationContext.xml]
Oct 10, 2017 5:03:16 PM org.springframework.context.support.ClassPathXmlApplicationContext prepareRefresh
INFO: Refreshing org.springframework.context.support.ClassPathXmlApplicationContext@18dcf1b9: startup date [Tue Oct 10 17:03:16 EDT 2017]; root of context hierarchy
Oct 10, 2017 5:03:16 PM org.springframework.beans.factory.xml.XmlBeanDefinitionReader loadBeanDefinitions
INFO: Loading XML bean definitions from class path resource [applicationContext.xml]
Oct 10, 2017 5:03:16 PM org.springframework.context.support.ClassPathXmlApplicationContext prepareRefresh
INFO: Refreshing org.springframework.context.support.ClassPathXmlApplicationContext@7fed08c6: startup date [Tue Oct 10 17:03:16 EDT 2017]; root of context hierarchy
Oct 10, 2017 5:03:16 PM org.springframework.beans.factory.xml.XmlBeanDefinitionReader loadBeanDefinitions
INFO: Loading XML bean definitions from class path resource [applicationContext.xml]
Oct 10, 2017 5:03:16 PM org.springframework.context.support.ClassPathXmlApplicationContext prepareRefresh
INFO: Refreshing org.springframework.context.support.ClassPathXmlApplicationContext@2a45dfbd: startup date [Tue Oct 10 17:03:16 EDT 2017]; root of context hierarchy
Oct 10, 2017 5:03:16 PM org.springframework.beans.factory.xml.XmlBeanDefinitionReader loadBeanDefinitions
INFO: Loading XML bean definitions from class path resource [applicationContext.xml]
Oct 10, 2017 5:03:16 PM org.springframework.context.support.ClassPathXmlApplicationContext prepareRefresh
INFO: Refreshing org.springframework.context.support.ClassPathXmlApplicationContext@37aa9b89: startup date [Tue Oct 10 17:03:16 EDT 2017]; root of context hierarchy
Oct 10, 2017 5:03:16 PM org.springframework.beans.factory.xml.XmlBeanDefinitionReader loadBeanDefinitions
INFO: Loading XML bean definitions from class path resource [applicationContext.xml]
Oct 10, 2017 5:03:16 PM org.springframework.context.support.ClassPathXmlApplicationContext prepareRefresh
INFO: Refreshing org.springframework.context.support.ClassPathXmlApplicationContext@183c30f1: startup date [Tue Oct 10 17:03:16 EDT 2017]; root of context hierarchy
Oct 10, 2017 5:03:16 PM org.springframework.beans.factory.xml.XmlBeanDefinitionReader loadBeanDefinitions
INFO: Loading XML bean definitions from class path resource [applicationContext.xml]
Oct 10, 2017 5:03:16 PM org.springframework.context.support.ClassPathXmlApplicationContext prepareRefresh
INFO: Refreshing org.springframework.context.support.ClassPathXmlApplicationContext@721b941b: startup date [Tue Oct 10 17:03:16 EDT 2017]; root of context hierarchy
Oct 10, 2017 5:03:16 PM org.springframework.beans.factory.xml.XmlBeanDefinitionReader loadBeanDefinitions
INFO: Loading XML bean definitions from class path resource [applicationContext.xml]
Oct 10, 2017 5:03:16 PM org.springframework.context.support.ClassPathXmlApplicationContext prepareRefresh
INFO: Refreshing org.springframework.context.support.ClassPathXmlApplicationContext@6e0e8b7b: startup date [Tue Oct 10 17:03:16 EDT 2017]; root of context hierarchy
Oct 10, 2017 5:03:16 PM org.springframework.beans.factory.xml.XmlBeanDefinitionReader loadBeanDefinitions
INFO: Loading XML bean definitions from class path resource [applicationContext.xml]
Oct 10, 2017 5:03:16 PM org.springframework.context.support.ClassPathXmlApplicationContext prepareRefresh
INFO: Refreshing org.springframework.context.support.ClassPathXmlApplicationContext@ae4159d: startup date [Tue Oct 10 17:03:16 EDT 2017]; root of context hierarchy
Oct 10, 2017 5:03:16 PM org.springframework.beans.factory.xml.XmlBeanDefinitionReader loadBeanDefinitions
INFO: Loading XML bean definitions from class path resource [applicationContext.xml]
Oct 10, 2017 5:03:16 PM org.springframework.context.support.ClassPathXmlApplicationContext prepareRefresh
INFO: Refreshing org.springframework.context.support.ClassPathXmlApplicationContext@79833638: startup date [Tue Oct 10 17:03:16 EDT 2017]; root of context hierarchy
Oct 10, 2017 5:03:16 PM org.springframework.beans.factory.xml.XmlBeanDefinitionReader loadBeanDefinitions
INFO: Loading XML bean definitions from class path resource [applicationContext.xml]
Oct 10, 2017 5:03:16 PM org.springframework.context.support.ClassPathXmlApplicationContext prepareRefresh
INFO: Refreshing org.springframework.context.support.ClassPathXmlApplicationContext@413c710e: startup date [Tue Oct 10 17:03:16 EDT 2017]; root of context hierarchy
Oct 10, 2017 5:03:16 PM org.springframework.beans.factory.xml.XmlBeanDefinitionReader loadBeanDefinitions
INFO: Loading XML bean definitions from class path resource [applicationContext.xml]
Oct 10, 2017 5:03:16 PM org.springframework.context.support.ClassPathXmlApplicationContext prepareRefresh
INFO: Refreshing org.springframework.context.support.ClassPathXmlApplicationContext@d7f170c: startup date [Tue Oct 10 17:03:16 EDT 2017]; root of context hierarchy
Oct 10, 2017 5:03:16 PM org.springframework.beans.factory.xml.XmlBeanDefinitionReader loadBeanDefinitions
INFO: Loading XML bean definitions from class path resource [applicationContext.xml]
Oct 10, 2017 5:03:16 PM org.springframework.context.support.ClassPathXmlApplicationContext prepareRefresh
INFO: Refreshing org.springframework.context.support.ClassPathXmlApplicationContext@5fb927a2: startup date [Tue Oct 10 17:03:16 EDT 2017]; root of context hierarchy
Oct 10, 2017 5:03:16 PM org.springframework.beans.factory.xml.XmlBeanDefinitionReader loadBeanDefinitions
INFO: Loading XML bean definitions from class path resource [applicationContext.xml]
Oct 10, 2017 5:03:16 PM org.springframework.context.support.ClassPathXmlApplicationContext prepareRefresh
INFO: Refreshing org.springframework.context.support.ClassPathXmlApplicationContext@139ea015: startup date [Tue Oct 10 17:03:16 EDT 2017]; root of context hierarchy
Oct 10, 2017 5:03:16 PM org.springframework.beans.factory.xml.XmlBeanDefinitionReader loadBeanDefinitions
INFO: Loading XML bean definitions from class path resource [applicationContext.xml]
Oct 10, 2017 5:03:16 PM org.springframework.context.support.ClassPathXmlApplicationContext prepareRefresh
INFO: Refreshing org.springframework.context.support.ClassPathXmlApplicationContext@21a07a02: startup date [Tue Oct 10 17:03:16 EDT 2017]; root of context hierarchy
Oct 10, 2017 5:03:16 PM org.springframework.beans.factory.xml.XmlBeanDefinitionReader loadBeanDefinitions
INFO: Loading XML bean definitions from class path resource [applicationContext.xml]
Oct 10, 2017 5:03:16 PM org.springframework.context.support.ClassPathXmlApplicationContext prepareRefresh
INFO: Refreshing org.springframework.context.support.ClassPathXmlApplicationContext@35f6a35e: startup date [Tue Oct 10 17:03:16 EDT 2017]; root of context hierarchy
Oct 10, 2017 5:03:16 PM org.springframework.beans.factory.xml.XmlBeanDefinitionReader loadBeanDefinitions
INFO: Loading XML bean definitions from class path resource [applicationContext.xml]
Oct 10, 2017 5:03:16 PM org.springframework.context.support.ClassPathXmlApplicationContext prepareRefresh
INFO: Refreshing org.springframework.context.support.ClassPathXmlApplicationContext@36b8cfde: startup date [Tue Oct 10 17:03:16 EDT 2017]; root of context hierarchy
Oct 10, 2017 5:03:16 PM org.springframework.beans.factory.xml.XmlBeanDefinitionReader loadBeanDefinitions
INFO: Loading XML bean definitions from class path resource [applicationContext.xml]
Oct 10, 2017 5:03:16 PM org.springframework.context.support.ClassPathXmlApplicationContext prepareRefresh
INFO: Refreshing org.springframework.context.support.ClassPathXmlApplicationContext@1b74c727: startup date [Tue Oct 10 17:03:16 EDT 2017]; root of context hierarchy
Oct 10, 2017 5:03:16 PM org.springframework.beans.factory.xml.XmlBeanDefinitionReader loadBeanDefinitions
INFO: Loading XML bean definitions from class path resource [applicationContext.xml]
Oct 10, 2017 5:03:16 PM org.springframework.context.support.ClassPathXmlApplicationContext prepareRefresh
INFO: Refreshing org.springframework.context.support.ClassPathXmlApplicationContext@12701677: startup date [Tue Oct 10 17:03:16 EDT 2017]; root of context hierarchy
Oct 10, 2017 5:03:16 PM org.springframework.beans.factory.xml.XmlBeanDefinitionReader loadBeanDefinitions
INFO: Loading XML bean definitions from class path resource [applicationContext.xml]
Oct 10, 2017 5:03:16 PM org.springframework.context.support.ClassPathXmlApplicationContext prepareRefresh
INFO: Refreshing org.springframework.context.support.ClassPathXmlApplicationContext@29b96be0: startup date [Tue Oct 10 17:03:16 EDT 2017]; root of context hierarchy
Oct 10, 2017 5:03:16 PM org.springframework.beans.factory.xml.XmlBeanDefinitionReader loadBeanDefinitions
INFO: Loading XML bean definitions from class path resource [applicationContext.xml]
Oct 10, 2017 5:03:16 PM org.springframework.context.support.ClassPathXmlApplicationContext prepareRefresh
INFO: Refreshing org.springframework.context.support.ClassPathXmlApplicationContext@70dc8c9a: startup date [Tue Oct 10 17:03:16 EDT 2017]; root of context hierarchy
Oct 10, 2017 5:03:16 PM org.springframework.beans.factory.xml.XmlBeanDefinitionReader loadBeanDefinitions
INFO: Loading XML bean definitions from class path resource [applicationContext.xml]
Oct 10, 2017 5:03:16 PM org.springframework.context.support.ClassPathXmlApplicationContext prepareRefresh
INFO: Refreshing org.springframework.context.support.ClassPathXmlApplicationContext@2a2f88c7: startup date [Tue Oct 10 17:03:16 EDT 2017]; root of context hierarchy
Oct 10, 2017 5:03:16 PM org.springframework.beans.factory.xml.XmlBeanDefinitionReader loadBeanDefinitions
INFO: Loading XML bean definitions from class path resource [applicationContext.xml]
Oct 10, 2017 5:03:16 PM org.springframework.context.support.ClassPathXmlApplicationContext prepareRefresh
INFO: Refreshing org.springframework.context.support.ClassPathXmlApplicationContext@48a537f5: startup date [Tue Oct 10 17:03:16 EDT 2017]; root of context hierarchy
Oct 10, 2017 5:03:16 PM org.springframework.beans.factory.xml.XmlBeanDefinitionReader loadBeanDefinitions
INFO: Loading XML bean definitions from class path resource [applicationContext.xml]
Oct 10, 2017 5:03:16 PM org.springframework.context.support.ClassPathXmlApplicationContext prepareRefresh
INFO: Refreshing org.springframework.context.support.ClassPathXmlApplicationContext@1d38fd4a: startup date [Tue Oct 10 17:03:16 EDT 2017]; root of context hierarchy
Oct 10, 2017 5:03:16 PM org.springframework.beans.factory.xml.XmlBeanDefinitionReader loadBeanDefinitions
INFO: Loading XML bean definitions from class path resource [applicationContext.xml]
Oct 10, 2017 5:03:16 PM org.springframework.context.support.ClassPathXmlApplicationContext prepareRefresh
INFO: Refreshing org.springframework.context.support.ClassPathXmlApplicationContext@19a279cc: startup date [Tue Oct 10 17:03:16 EDT 2017]; root of context hierarchy
Oct 10, 2017 5:03:16 PM org.springframework.beans.factory.xml.XmlBeanDefinitionReader loadBeanDefinitions
INFO: Loading XML bean definitions from class path resource [applicationContext.xml]
Oct 10, 2017 5:03:16 PM org.springframework.context.support.ClassPathXmlApplicationContext prepareRefresh
INFO: Refreshing org.springframework.context.support.ClassPathXmlApplicationContext@ff192b8: startup date [Tue Oct 10 17:03:16 EDT 2017]; root of context hierarchy
Oct 10, 2017 5:03:16 PM org.springframework.beans.factory.xml.XmlBeanDefinitionReader loadBeanDefinitions
INFO: Loading XML bean definitions from class path resource [applicationContext.xml]
Oct 10, 2017 5:03:16 PM org.springframework.context.support.ClassPathXmlApplicationContext prepareRefresh
INFO: Refreshing org.springframework.context.support.ClassPathXmlApplicationContext@64b42529: startup date [Tue Oct 10 17:03:16 EDT 2017]; root of context hierarchy
Oct 10, 2017 5:03:16 PM org.springframework.beans.factory.xml.XmlBeanDefinitionReader loadBeanDefinitions
INFO: Loading XML bean definitions from class path resource [applicationContext.xml]
Oct 10, 2017 5:03:16 PM org.springframework.context.support.ClassPathXmlApplicationContext prepareRefresh
INFO: Refreshing org.springframework.context.support.ClassPathXmlApplicationContext@5334bb35: startup date [Tue Oct 10 17:03:16 EDT 2017]; root of context hierarchy
Oct 10, 2017 5:03:16 PM org.springframework.beans.factory.xml.XmlBeanDefinitionReader loadBeanDefinitions
INFO: Loading XML bean definitions from class path resource [applicationContext.xml]
Oct 10, 2017 5:03:16 PM org.springframework.context.support.ClassPathXmlApplicationContext prepareRefresh
INFO: Refreshing org.springframework.context.support.ClassPathXmlApplicationContext@73fc5c9c: startup date [Tue Oct 10 17:03:16 EDT 2017]; root of context hierarchy
Oct 10, 2017 5:03:16 PM org.springframework.beans.factory.xml.XmlBeanDefinitionReader loadBeanDefinitions
INFO: Loading XML bean definitions from class path resource [applicationContext.xml]
Oct 10, 2017 5:03:16 PM org.springframework.context.support.ClassPathXmlApplicationContext prepareRefresh
INFO: Refreshing org.springframework.context.support.ClassPathXmlApplicationContext@6e83a884: startup date [Tue Oct 10 17:03:16 EDT 2017]; root of context hierarchy
Oct 10, 2017 5:03:16 PM org.springframework.beans.factory.xml.XmlBeanDefinitionReader loadBeanDefinitions
INFO: Loading XML bean definitions from class path resource [applicationContext.xml]
Oct 10, 2017 5:03:16 PM org.springframework.context.support.ClassPathXmlApplicationContext prepareRefresh
INFO: Refreshing org.springframework.context.support.ClassPathXmlApplicationContext@1175d60: startup date [Tue Oct 10 17:03:16 EDT 2017]; root of context hierarchy
Oct 10, 2017 5:03:16 PM org.springframework.beans.factory.xml.XmlBeanDefinitionReader loadBeanDefinitions
INFO: Loading XML bean definitions from class path resource [applicationContext.xml]
Oct 10, 2017 5:03:16 PM org.springframework.context.support.ClassPathXmlApplicationContext prepareRefresh
INFO: Refreshing org.springframework.context.support.ClassPathXmlApplicationContext@328ea36a: startup date [Tue Oct 10 17:03:16 EDT 2017]; root of context hierarchy
Oct 10, 2017 5:03:16 PM org.springframework.beans.factory.xml.XmlBeanDefinitionReader loadBeanDefinitions
INFO: Loading XML bean definitions from class path resource [applicationContext.xml]
Oct 10, 2017 5:03:16 PM org.springframework.context.support.ClassPathXmlApplicationContext prepareRefresh
INFO: Refreshing org.springframework.context.support.ClassPathXmlApplicationContext@5466b206: startup date [Tue Oct 10 17:03:16 EDT 2017]; root of context hierarchy
Oct 10, 2017 5:03:16 PM org.springframework.beans.factory.xml.XmlBeanDefinitionReader loadBeanDefinitions
INFO: Loading XML bean definitions from class path resource [applicationContext.xml]
Oct 10, 2017 5:03:16 PM org.springframework.context.support.ClassPathXmlApplicationContext prepareRefresh
INFO: Refreshing org.springframework.context.support.ClassPathXmlApplicationContext@560ba04e: startup date [Tue Oct 10 17:03:16 EDT 2017]; root of context hierarchy
Oct 10, 2017 5:03:16 PM org.springframework.beans.factory.xml.XmlBeanDefinitionReader loadBeanDefinitions
INFO: Loading XML bean definitions from class path resource [applicationContext.xml]
Oct 10, 2017 5:03:16 PM org.springframework.context.support.ClassPathXmlApplicationContext prepareRefresh
INFO: Refreshing org.springframework.context.support.ClassPathXmlApplicationContext@46df7d9b: startup date [Tue Oct 10 17:03:16 EDT 2017]; root of context hierarchy
Oct 10, 2017 5:03:16 PM org.springframework.beans.factory.xml.XmlBeanDefinitionReader loadBeanDefinitions
INFO: Loading XML bean definitions from class path resource [applicationContext.xml]
Oct 10, 2017 5:03:16 PM org.springframework.context.support.ClassPathXmlApplicationContext prepareRefresh
INFO: Refreshing org.springframework.context.support.ClassPathXmlApplicationContext@d99eb6: startup date [Tue Oct 10 17:03:16 EDT 2017]; root of context hierarchy
Oct 10, 2017 5:03:16 PM org.springframework.beans.factory.xml.XmlBeanDefinitionReader loadBeanDefinitions
INFO: Loading XML bean definitions from class path resource [applicationContext.xml]
Oct 10, 2017 5:03:16 PM org.springframework.context.support.ClassPathXmlApplicationContext prepareRefresh
INFO: Refreshing org.springframework.context.support.ClassPathXmlApplicationContext@7fd5857c: startup date [Tue Oct 10 17:03:16 EDT 2017]; root of context hierarchy
Oct 10, 2017 5:03:16 PM org.springframework.beans.factory.xml.XmlBeanDefinitionReader loadBeanDefinitions
INFO: Loading XML bean definitions from class path resource [applicationContext.xml]
Oct 10, 2017 5:03:16 PM org.springframework.context.support.ClassPathXmlApplicationContext prepareRefresh
INFO: Refreshing org.springframework.context.support.ClassPathXmlApplicationContext@29ed26bd: startup date [Tue Oct 10 17:03:16 EDT 2017]; root of context hierarchy
Oct 10, 2017 5:03:16 PM org.springframework.beans.factory.xml.XmlBeanDefinitionReader loadBeanDefinitions
INFO: Loading XML bean definitions from class path resource [applicationContext.xml]
Oct 10, 2017 5:03:16 PM org.springframework.context.support.ClassPathXmlApplicationContext prepareRefresh
INFO: Refreshing org.springframework.context.support.ClassPathXmlApplicationContext@a29be6f: startup date [Tue Oct 10 17:03:16 EDT 2017]; root of context hierarchy
Oct 10, 2017 5:03:16 PM org.springframework.beans.factory.xml.XmlBeanDefinitionReader loadBeanDefinitions
INFO: Loading XML bean definitions from class path resource [applicationContext.xml]
Oct 10, 2017 5:03:16 PM org.springframework.context.support.ClassPathXmlApplicationContext prepareRefresh
INFO: Refreshing org.springframework.context.support.ClassPathXmlApplicationContext@2a80d21: startup date [Tue Oct 10 17:03:16 EDT 2017]; root of context hierarchy
Oct 10, 2017 5:03:16 PM org.springframework.beans.factory.xml.XmlBeanDefinitionReader loadBeanDefinitions
INFO: Loading XML bean definitions from class path resource [applicationContext.xml]
Oct 10, 2017 5:03:17 PM org.springframework.context.support.ClassPathXmlApplicationContext prepareRefresh
INFO: Refreshing org.springframework.context.support.ClassPathXmlApplicationContext@7f6ca769: startup date [Tue Oct 10 17:03:17 EDT 2017]; root of context hierarchy
Oct 10, 2017 5:03:17 PM org.springframework.beans.factory.xml.XmlBeanDefinitionReader loadBeanDefinitions
INFO: Loading XML bean definitions from class path resource [applicationContext.xml]
Oct 10, 2017 5:03:17 PM org.springframework.context.support.ClassPathXmlApplicationContext prepareRefresh
INFO: Refreshing org.springframework.context.support.ClassPathXmlApplicationContext@2e0d2566: startup date [Tue Oct 10 17:03:17 EDT 2017]; root of context hierarchy
Oct 10, 2017 5:03:17 PM org.springframework.beans.factory.xml.XmlBeanDefinitionReader loadBeanDefinitions
INFO: Loading XML bean definitions from class path resource [applicationContext.xml]
Oct 10, 2017 5:03:17 PM org.springframework.context.support.ClassPathXmlApplicationContext prepareRefresh
INFO: Refreshing org.springframework.context.support.ClassPathXmlApplicationContext@3f5d7156: startup date [Tue Oct 10 17:03:17 EDT 2017]; root of context hierarchy
Oct 10, 2017 5:03:17 PM org.springframework.beans.factory.xml.XmlBeanDefinitionReader loadBeanDefinitions
INFO: Loading XML bean definitions from class path resource [applicationContext.xml]
Oct 10, 2017 5:03:17 PM org.springframework.context.support.ClassPathXmlApplicationContext prepareRefresh
INFO: Refreshing org.springframework.context.support.ClassPathXmlApplicationContext@6a4df04e: startup date [Tue Oct 10 17:03:17 EDT 2017]; root of context hierarchy
Oct 10, 2017 5:03:17 PM org.springframework.beans.factory.xml.XmlBeanDefinitionReader loadBeanDefinitions
INFO: Loading XML bean definitions from class path resource [applicationContext.xml]
Oct 10, 2017 5:03:17 PM org.springframework.context.support.ClassPathXmlApplicationContext prepareRefresh
INFO: Refreshing org.springframework.context.support.ClassPathXmlApplicationContext@43487032: startup date [Tue Oct 10 17:03:17 EDT 2017]; root of context hierarchy
Oct 10, 2017 5:03:17 PM org.springframework.beans.factory.xml.XmlBeanDefinitionReader loadBeanDefinitions
INFO: Loading XML bean definitions from class path resource [applicationContext.xml]
Oct 10, 2017 5:03:17 PM org.springframework.context.support.ClassPathXmlApplicationContext prepareRefresh
INFO: Refreshing org.springframework.context.support.ClassPathXmlApplicationContext@71322f51: startup date [Tue Oct 10 17:03:17 EDT 2017]; root of context hierarchy
Oct 10, 2017 5:03:17 PM org.springframework.beans.factory.xml.XmlBeanDefinitionReader loadBeanDefinitions
INFO: Loading XML bean definitions from class path resource [applicationContext.xml]
Oct 10, 2017 5:03:17 PM org.springframework.context.support.ClassPathXmlApplicationContext prepareRefresh
INFO: Refreshing org.springframework.context.support.ClassPathXmlApplicationContext@233f9fc: startup date [Tue Oct 10 17:03:17 EDT 2017]; root of context hierarchy
Oct 10, 2017 5:03:17 PM org.springframework.beans.factory.xml.XmlBeanDefinitionReader loadBeanDefinitions
INFO: Loading XML bean definitions from class path resource [applicationContext.xml]
Oct 10, 2017 5:03:17 PM org.springframework.context.support.ClassPathXmlApplicationContext prepareRefresh
INFO: Refreshing org.springframework.context.support.ClassPathXmlApplicationContext@232b7e94: startup date [Tue Oct 10 17:03:17 EDT 2017]; root of context hierarchy
Oct 10, 2017 5:03:17 PM org.springframework.beans.factory.xml.XmlBeanDefinitionReader loadBeanDefinitions
INFO: Loading XML bean definitions from class path resource [applicationContext.xml]
Oct 10, 2017 5:03:17 PM org.springframework.context.support.ClassPathXmlApplicationContext prepareRefresh
INFO: Refreshing org.springframework.context.support.ClassPathXmlApplicationContext@720aa646: startup date [Tue Oct 10 17:03:17 EDT 2017]; root of context hierarchy
Oct 10, 2017 5:03:17 PM org.springframework.beans.factory.xml.XmlBeanDefinitionReader loadBeanDefinitions
INFO: Loading XML bean definitions from class path resource [applicationContext.xml]
Oct 10, 2017 5:03:17 PM org.springframework.context.support.ClassPathXmlApplicationContext prepareRefresh
INFO: Refreshing org.springframework.context.support.ClassPathXmlApplicationContext@d30d6cd: startup date [Tue Oct 10 17:03:17 EDT 2017]; root of context hierarchy
Oct 10, 2017 5:03:17 PM org.springframework.beans.factory.xml.XmlBeanDefinitionReader loadBeanDefinitions
INFO: Loading XML bean definitions from class path resource [applicationContext.xml]
Oct 10, 2017 5:03:17 PM org.springframework.context.support.ClassPathXmlApplicationContext prepareRefresh
INFO: Refreshing org.springframework.context.support.ClassPathXmlApplicationContext@54ab606b: startup date [Tue Oct 10 17:03:17 EDT 2017]; root of context hierarchy
Oct 10, 2017 5:03:17 PM org.springframework.beans.factory.xml.XmlBeanDefinitionReader loadBeanDefinitions
INFO: Loading XML bean definitions from class path resource [applicationContext.xml]
Oct 10, 2017 5:03:17 PM org.springframework.context.support.ClassPathXmlApplicationContext prepareRefresh
INFO: Refreshing org.springframework.context.support.ClassPathXmlApplicationContext@68c72e82: startup date [Tue Oct 10 17:03:17 EDT 2017]; root of context hierarchy
Oct 10, 2017 5:03:17 PM org.springframework.beans.factory.xml.XmlBeanDefinitionReader loadBeanDefinitions
INFO: Loading XML bean definitions from class path resource [applicationContext.xml]
Oct 10, 2017 5:03:17 PM org.springframework.context.support.ClassPathXmlApplicationContext prepareRefresh
INFO: Refreshing org.springframework.context.support.ClassPathXmlApplicationContext@6e107f0: startup date [Tue Oct 10 17:03:17 EDT 2017]; root of context hierarchy
Oct 10, 2017 5:03:17 PM org.springframework.beans.factory.xml.XmlBeanDefinitionReader loadBeanDefinitions
INFO: Loading XML bean definitions from class path resource [applicationContext.xml]
Oct 10, 2017 5:03:17 PM org.springframework.context.support.ClassPathXmlApplicationContext prepareRefresh
INFO: Refreshing org.springframework.context.support.ClassPathXmlApplicationContext@4cb98b82: startup date [Tue Oct 10 17:03:17 EDT 2017]; root of context hierarchy
Oct 10, 2017 5:03:17 PM org.springframework.beans.factory.xml.XmlBeanDefinitionReader loadBeanDefinitions
INFO: Loading XML bean definitions from class path resource [applicationContext.xml]
Oct 10, 2017 5:03:17 PM org.springframework.context.support.ClassPathXmlApplicationContext prepareRefresh
INFO: Refreshing org.springframework.context.support.ClassPathXmlApplicationContext@3a1a08f9: startup date [Tue Oct 10 17:03:17 EDT 2017]; root of context hierarchy
Oct 10, 2017 5:03:17 PM org.springframework.beans.factory.xml.XmlBeanDefinitionReader loadBeanDefinitions
INFO: Loading XML bean definitions from class path resource [applicationContext.xml]
Oct 10, 2017 5:03:17 PM org.springframework.context.support.ClassPathXmlApplicationContext prepareRefresh
INFO: Refreshing org.springframework.context.support.ClassPathXmlApplicationContext@2d296418: startup date [Tue Oct 10 17:03:17 EDT 2017]; root of context hierarchy
Oct 10, 2017 5:03:17 PM org.springframework.beans.factory.xml.XmlBeanDefinitionReader loadBeanDefinitions
INFO: Loading XML bean definitions from class path resource [applicationContext.xml]
Oct 10, 2017 5:03:17 PM org.springframework.context.support.ClassPathXmlApplicationContext prepareRefresh
INFO: Refreshing org.springframework.context.support.ClassPathXmlApplicationContext@196d2b30: startup date [Tue Oct 10 17:03:17 EDT 2017]; root of context hierarchy
Oct 10, 2017 5:03:17 PM org.springframework.beans.factory.xml.XmlBeanDefinitionReader loadBeanDefinitions
INFO: Loading XML bean definitions from class path resource [applicationContext.xml]
Oct 10, 2017 5:03:17 PM org.springframework.context.support.ClassPathXmlApplicationContext prepareRefresh
INFO: Refreshing org.springframework.context.support.ClassPathXmlApplicationContext@31fb8848: startup date [Tue Oct 10 17:03:17 EDT 2017]; root of context hierarchy
Oct 10, 2017 5:03:17 PM org.springframework.beans.factory.xml.XmlBeanDefinitionReader loadBeanDefinitions
INFO: Loading XML bean definitions from class path resource [applicationContext.xml]
Oct 10, 2017 5:03:17 PM org.springframework.context.support.ClassPathXmlApplicationContext prepareRefresh
INFO: Refreshing org.springframework.context.support.ClassPathXmlApplicationContext@7b3c0cc: startup date [Tue Oct 10 17:03:17 EDT 2017]; root of context hierarchy
Oct 10, 2017 5:03:17 PM org.springframework.beans.factory.xml.XmlBeanDefinitionReader loadBeanDefinitions
INFO: Loading XML bean definitions from class path resource [applicationContext.xml]
Oct 10, 2017 5:03:17 PM org.springframework.context.support.ClassPathXmlApplicationContext prepareRefresh
INFO: Refreshing org.springframework.context.support.ClassPathXmlApplicationContext@6cb21878: startup date [Tue Oct 10 17:03:17 EDT 2017]; root of context hierarchy
Oct 10, 2017 5:03:17 PM org.springframework.beans.factory.xml.XmlBeanDefinitionReader loadBeanDefinitions
INFO: Loading XML bean definitions from class path resource [applicationContext.xml]
Oct 10, 2017 5:03:17 PM org.springframework.context.support.ClassPathXmlApplicationContext prepareRefresh
INFO: Refreshing org.springframework.context.support.ClassPathXmlApplicationContext@17ac0057: startup date [Tue Oct 10 17:03:17 EDT 2017]; root of context hierarchy
Oct 10, 2017 5:03:17 PM org.springframework.beans.factory.xml.XmlBeanDefinitionReader loadBeanDefinitions
INFO: Loading XML bean definitions from class path resource [applicationContext.xml]
Oct 10, 2017 5:03:17 PM org.springframework.context.support.ClassPathXmlApplicationContext prepareRefresh
INFO: Refreshing org.springframework.context.support.ClassPathXmlApplicationContext@5cc57bc0: startup date [Tue Oct 10 17:03:17 EDT 2017]; root of context hierarchy
Oct 10, 2017 5:03:17 PM org.springframework.beans.factory.xml.XmlBeanDefinitionReader loadBeanDefinitions
INFO: Loading XML bean definitions from class path resource [applicationContext.xml]
Oct 10, 2017 5:03:17 PM org.springframework.context.support.ClassPathXmlApplicationContext prepareRefresh
INFO: Refreshing org.springframework.context.support.ClassPathXmlApplicationContext@5cddf9cd: startup date [Tue Oct 10 17:03:17 EDT 2017]; root of context hierarchy
Oct 10, 2017 5:03:17 PM org.springframework.beans.factory.xml.XmlBeanDefinitionReader loadBeanDefinitions
INFO: Loading XML bean definitions from class path resource [applicationContext.xml]
Oct 10, 2017 5:03:17 PM org.springframework.context.support.ClassPathXmlApplicationContext prepareRefresh
INFO: Refreshing org.springframework.context.support.ClassPathXmlApplicationContext@1f2fa123: startup date [Tue Oct 10 17:03:17 EDT 2017]; root of context hierarchy
Oct 10, 2017 5:03:17 PM org.springframework.beans.factory.xml.XmlBeanDefinitionReader loadBeanDefinitions
INFO: Loading XML bean definitions from class path resource [applicationContext.xml]
Oct 10, 2017 5:03:17 PM org.springframework.context.support.ClassPathXmlApplicationContext prepareRefresh
INFO: Refreshing org.springframework.context.support.ClassPathXmlApplicationContext@7d194ace: startup date [Tue Oct 10 17:03:17 EDT 2017]; root of context hierarchy
Oct 10, 2017 5:03:17 PM org.springframework.beans.factory.xml.XmlBeanDefinitionReader loadBeanDefinitions
INFO: Loading XML bean definitions from class path resource [applicationContext.xml]
Oct 10, 2017 5:03:17 PM org.springframework.context.support.ClassPathXmlApplicationContext prepareRefresh
INFO: Refreshing org.springframework.context.support.ClassPathXmlApplicationContext@5d0c5251: startup date [Tue Oct 10 17:03:17 EDT 2017]; root of context hierarchy
Oct 10, 2017 5:03:17 PM org.springframework.beans.factory.xml.XmlBeanDefinitionReader loadBeanDefinitions
INFO: Loading XML bean definitions from class path resource [applicationContext.xml]
Oct 10, 2017 5:03:17 PM org.springframework.context.support.ClassPathXmlApplicationContext prepareRefresh
INFO: Refreshing org.springframework.context.support.ClassPathXmlApplicationContext@47ca28c1: startup date [Tue Oct 10 17:03:17 EDT 2017]; root of context hierarchy
Oct 10, 2017 5:03:17 PM org.springframework.beans.factory.xml.XmlBeanDefinitionReader loadBeanDefinitions
INFO: Loading XML bean definitions from class path resource [applicationContext.xml]
Oct 10, 2017 5:03:17 PM org.springframework.context.support.ClassPathXmlApplicationContext prepareRefresh
INFO: Refreshing org.springframework.context.support.ClassPathXmlApplicationContext@416f3cd1: startup date [Tue Oct 10 17:03:17 EDT 2017]; root of context hierarchy
Oct 10, 2017 5:03:17 PM org.springframework.beans.factory.xml.XmlBeanDefinitionReader loadBeanDefinitions
INFO: Loading XML bean definitions from class path resource [applicationContext.xml]
Oct 10, 2017 5:03:17 PM org.springframework.context.support.ClassPathXmlApplicationContext prepareRefresh
INFO: Refreshing org.springframework.context.support.ClassPathXmlApplicationContext@7fcd6585: startup date [Tue Oct 10 17:03:17 EDT 2017]; root of context hierarchy
Oct 10, 2017 5:03:17 PM org.springframework.beans.factory.xml.XmlBeanDefinitionReader loadBeanDefinitions
INFO: Loading XML bean definitions from class path resource [applicationContext.xml]
Oct 10, 2017 5:03:17 PM org.springframework.context.support.ClassPathXmlApplicationContext prepareRefresh
INFO: Refreshing org.springframework.context.support.ClassPathXmlApplicationContext@a35b137: startup date [Tue Oct 10 17:03:17 EDT 2017]; root of context hierarchy
Oct 10, 2017 5:03:17 PM org.springframework.beans.factory.xml.XmlBeanDefinitionReader loadBeanDefinitions
INFO: Loading XML bean definitions from class path resource [applicationContext.xml]
Oct 10, 2017 5:03:17 PM org.springframework.context.support.ClassPathXmlApplicationContext prepareRefresh
INFO: Refreshing org.springframework.context.support.ClassPathXmlApplicationContext@6ffae7f9: startup date [Tue Oct 10 17:03:17 EDT 2017]; root of context hierarchy
Oct 10, 2017 5:03:17 PM org.springframework.beans.factory.xml.XmlBeanDefinitionReader loadBeanDefinitions
INFO: Loading XML bean definitions from class path resource [applicationContext.xml]
Oct 10, 2017 5:03:17 PM org.springframework.context.support.ClassPathXmlApplicationContext prepareRefresh
INFO: Refreshing org.springframework.context.support.ClassPathXmlApplicationContext@5ac79bd5: startup date [Tue Oct 10 17:03:17 EDT 2017]; root of context hierarchy
Oct 10, 2017 5:03:17 PM org.springframework.beans.factory.xml.XmlBeanDefinitionReader loadBeanDefinitions
INFO: Loading XML bean definitions from class path resource [applicationContext.xml]
Oct 10, 2017 5:03:17 PM org.springframework.context.support.ClassPathXmlApplicationContext prepareRefresh
INFO: Refreshing org.springframework.context.support.ClassPathXmlApplicationContext@1575c8cc: startup date [Tue Oct 10 17:03:17 EDT 2017]; root of context hierarchy
Oct 10, 2017 5:03:17 PM org.springframework.beans.factory.xml.XmlBeanDefinitionReader loadBeanDefinitions
INFO: Loading XML bean definitions from class path resource [applicationContext.xml]
Oct 10, 2017 5:03:17 PM org.springframework.context.support.ClassPathXmlApplicationContext prepareRefresh
INFO: Refreshing org.springframework.context.support.ClassPathXmlApplicationContext@1457dbd0: startup date [Tue Oct 10 17:03:17 EDT 2017]; root of context hierarchy
Oct 10, 2017 5:03:17 PM org.springframework.beans.factory.xml.XmlBeanDefinitionReader loadBeanDefinitions
INFO: Loading XML bean definitions from class path resource [applicationContext.xml]
Oct 10, 2017 5:03:17 PM org.springframework.context.support.ClassPathXmlApplicationContext prepareRefresh
INFO: Refreshing org.springframework.context.support.ClassPathXmlApplicationContext@1c1f9e3a: startup date [Tue Oct 10 17:03:17 EDT 2017]; root of context hierarchy
Oct 10, 2017 5:03:17 PM org.springframework.beans.factory.xml.XmlBeanDefinitionReader loadBeanDefinitions
INFO: Loading XML bean definitions from class path resource [applicationContext.xml]
Oct 10, 2017 5:03:17 PM org.springframework.context.support.ClassPathXmlApplicationContext prepareRefresh
INFO: Refreshing org.springframework.context.support.ClassPathXmlApplicationContext@1f27b34b: startup date [Tue Oct 10 17:03:17 EDT 2017]; root of context hierarchy
Oct 10, 2017 5:03:17 PM org.springframework.beans.factory.xml.XmlBeanDefinitionReader loadBeanDefinitions
INFO: Loading XML bean definitions from class path resource [applicationContext.xml]
Oct 10, 2017 5:03:17 PM org.springframework.context.support.ClassPathXmlApplicationContext prepareRefresh
INFO: Refreshing org.springframework.context.support.ClassPathXmlApplicationContext@726b482f: startup date [Tue Oct 10 17:03:17 EDT 2017]; root of context hierarchy
Oct 10, 2017 5:03:17 PM org.springframework.beans.factory.xml.XmlBeanDefinitionReader loadBeanDefinitions
INFO: Loading XML bean definitions from class path resource [applicationContext.xml]
Oct 10, 2017 5:03:17 PM org.springframework.context.support.ClassPathXmlApplicationContext prepareRefresh
INFO: Refreshing org.springframework.context.support.ClassPathXmlApplicationContext@67fd7497: startup date [Tue Oct 10 17:03:17 EDT 2017]; root of context hierarchy
Oct 10, 2017 5:03:17 PM org.springframework.beans.factory.xml.XmlBeanDefinitionReader loadBeanDefinitions
INFO: Loading XML bean definitions from class path resource [applicationContext.xml]
Oct 10, 2017 5:03:17 PM org.springframework.context.support.ClassPathXmlApplicationContext prepareRefresh
INFO: Refreshing org.springframework.context.support.ClassPathXmlApplicationContext@4386305c: startup date [Tue Oct 10 17:03:17 EDT 2017]; root of context hierarchy
Oct 10, 2017 5:03:17 PM org.springframework.beans.factory.xml.XmlBeanDefinitionReader loadBeanDefinitions
INFO: Loading XML bean definitions from class path resource [applicationContext.xml]
Oct 10, 2017 5:03:17 PM org.springframework.context.support.ClassPathXmlApplicationContext prepareRefresh
INFO: Refreshing org.springframework.context.support.ClassPathXmlApplicationContext@23927f47: startup date [Tue Oct 10 17:03:17 EDT 2017]; root of context hierarchy
Oct 10, 2017 5:03:17 PM org.springframework.beans.factory.xml.XmlBeanDefinitionReader loadBeanDefinitions
INFO: Loading XML bean definitions from class path resource [applicationContext.xml]
Oct 10, 2017 5:03:17 PM org.springframework.context.support.ClassPathXmlApplicationContext prepareRefresh
INFO: Refreshing org.springframework.context.support.ClassPathXmlApplicationContext@674d6166: startup date [Tue Oct 10 17:03:17 EDT 2017]; root of context hierarchy
Oct 10, 2017 5:03:17 PM org.springframework.beans.factory.xml.XmlBeanDefinitionReader loadBeanDefinitions
INFO: Loading XML bean definitions from class path resource [applicationContext.xml]
Oct 10, 2017 5:03:17 PM org.springframework.context.support.ClassPathXmlApplicationContext prepareRefresh
INFO: Refreshing org.springframework.context.support.ClassPathXmlApplicationContext@2ee3bf7f: startup date [Tue Oct 10 17:03:17 EDT 2017]; root of context hierarchy
Oct 10, 2017 5:03:17 PM org.springframework.beans.factory.xml.XmlBeanDefinitionReader loadBeanDefinitions
INFO: Loading XML bean definitions from class path resource [applicationContext.xml]
Oct 10, 2017 5:03:17 PM org.springframework.context.support.ClassPathXmlApplicationContext prepareRefresh
INFO: Refreshing org.springframework.context.support.ClassPathXmlApplicationContext@139f519c: startup date [Tue Oct 10 17:03:17 EDT 2017]; root of context hierarchy
Oct 10, 2017 5:03:17 PM org.springframework.beans.factory.xml.XmlBeanDefinitionReader loadBeanDefinitions
INFO: Loading XML bean definitions from class path resource [applicationContext.xml]
Oct 10, 2017 5:03:17 PM org.springframework.context.support.ClassPathXmlApplicationContext prepareRefresh
INFO: Refreshing org.springframework.context.support.ClassPathXmlApplicationContext@56ddd82a: startup date [Tue Oct 10 17:03:17 EDT 2017]; root of context hierarchy
Oct 10, 2017 5:03:17 PM org.springframework.beans.factory.xml.XmlBeanDefinitionReader loadBeanDefinitions
INFO: Loading XML bean definitions from class path resource [applicationContext.xml]
Oct 10, 2017 5:03:17 PM org.springframework.context.support.ClassPathXmlApplicationContext prepareRefresh
INFO: Refreshing org.springframework.context.support.ClassPathXmlApplicationContext@1da054: startup date [Tue Oct 10 17:03:17 EDT 2017]; root of context hierarchy
Oct 10, 2017 5:03:17 PM org.springframework.beans.factory.xml.XmlBeanDefinitionReader loadBeanDefinitions
INFO: Loading XML bean definitions from class path resource [applicationContext.xml]
Oct 10, 2017 5:03:17 PM org.springframework.context.support.ClassPathXmlApplicationContext prepareRefresh
INFO: Refreshing org.springframework.context.support.ClassPathXmlApplicationContext@9df7d7d: startup date [Tue Oct 10 17:03:17 EDT 2017]; root of context hierarchy
Oct 10, 2017 5:03:17 PM org.springframework.beans.factory.xml.XmlBeanDefinitionReader loadBeanDefinitions
INFO: Loading XML bean definitions from class path resource [applicationContext.xml]
Oct 10, 2017 5:03:17 PM org.springframework.context.support.ClassPathXmlApplicationContext prepareRefresh
INFO: Refreshing org.springframework.context.support.ClassPathXmlApplicationContext@1b2c756a: startup date [Tue Oct 10 17:03:17 EDT 2017]; root of context hierarchy
Oct 10, 2017 5:03:17 PM org.springframework.beans.factory.xml.XmlBeanDefinitionReader loadBeanDefinitions
INFO: Loading XML bean definitions from class path resource [applicationContext.xml]
Oct 10, 2017 5:03:17 PM org.springframework.context.support.ClassPathXmlApplicationContext prepareRefresh
INFO: Refreshing org.springframework.context.support.ClassPathXmlApplicationContext@13c65530: startup date [Tue Oct 10 17:03:17 EDT 2017]; root of context hierarchy
Oct 10, 2017 5:03:17 PM org.springframework.beans.factory.xml.XmlBeanDefinitionReader loadBeanDefinitions
INFO: Loading XML bean definitions from class path resource [applicationContext.xml]
Oct 10, 2017 5:03:17 PM org.springframework.context.support.ClassPathXmlApplicationContext prepareRefresh
INFO: Refreshing org.springframework.context.support.ClassPathXmlApplicationContext@283d515e: startup date [Tue Oct 10 17:03:17 EDT 2017]; root of context hierarchy
Oct 10, 2017 5:03:17 PM org.springframework.beans.factory.xml.XmlBeanDefinitionReader loadBeanDefinitions
INFO: Loading XML bean definitions from class path resource [applicationContext.xml]
Oct 10, 2017 5:03:17 PM org.springframework.context.support.ClassPathXmlApplicationContext prepareRefresh
INFO: Refreshing org.springframework.context.support.ClassPathXmlApplicationContext@22173fe8: startup date [Tue Oct 10 17:03:17 EDT 2017]; root of context hierarchy
Oct 10, 2017 5:03:17 PM org.springframework.beans.factory.xml.XmlBeanDefinitionReader loadBeanDefinitions
INFO: Loading XML bean definitions from class path resource [applicationContext.xml]
Oct 10, 2017 5:03:17 PM org.springframework.context.support.ClassPathXmlApplicationContext prepareRefresh
INFO: Refreshing org.springframework.context.support.ClassPathXmlApplicationContext@2d7c6b98: startup date [Tue Oct 10 17:03:17 EDT 2017]; root of context hierarchy
Oct 10, 2017 5:03:17 PM org.springframework.beans.factory.xml.XmlBeanDefinitionReader loadBeanDefinitions
INFO: Loading XML bean definitions from class path resource [applicationContext.xml]
Oct 10, 2017 5:03:17 PM org.springframework.context.support.ClassPathXmlApplicationContext prepareRefresh
INFO: Refreshing org.springframework.context.support.ClassPathXmlApplicationContext@270bd0f9: startup date [Tue Oct 10 17:03:17 EDT 2017]; root of context hierarchy
Oct 10, 2017 5:03:17 PM org.springframework.beans.factory.xml.XmlBeanDefinitionReader loadBeanDefinitions
INFO: Loading XML bean definitions from class path resource [applicationContext.xml]
Oct 10, 2017 5:03:17 PM org.springframework.context.support.ClassPathXmlApplicationContext prepareRefresh
INFO: Refreshing org.springframework.context.support.ClassPathXmlApplicationContext@2ec63c62: startup date [Tue Oct 10 17:03:17 EDT 2017]; root of context hierarchy
Oct 10, 2017 5:03:17 PM org.springframework.beans.factory.xml.XmlBeanDefinitionReader loadBeanDefinitions
INFO: Loading XML bean definitions from class path resource [applicationContext.xml]
Oct 10, 2017 5:03:17 PM org.springframework.context.support.ClassPathXmlApplicationContext prepareRefresh
INFO: Refreshing org.springframework.context.support.ClassPathXmlApplicationContext@4b7217a2: startup date [Tue Oct 10 17:03:17 EDT 2017]; root of context hierarchy
Oct 10, 2017 5:03:17 PM org.springframework.beans.factory.xml.XmlBeanDefinitionReader loadBeanDefinitions
INFO: Loading XML bean definitions from class path resource [applicationContext.xml]
Oct 10, 2017 5:03:17 PM org.springframework.context.support.ClassPathXmlApplicationContext prepareRefresh
INFO: Refreshing org.springframework.context.support.ClassPathXmlApplicationContext@7a932c03: startup date [Tue Oct 10 17:03:17 EDT 2017]; root of context hierarchy
Oct 10, 2017 5:03:17 PM org.springframework.beans.factory.xml.XmlBeanDefinitionReader loadBeanDefinitions
INFO: Loading XML bean definitions from class path resource [applicationContext.xml]
Oct 10, 2017 5:03:17 PM org.springframework.context.support.ClassPathXmlApplicationContext prepareRefresh
INFO: Refreshing org.springframework.context.support.ClassPathXmlApplicationContext@825ab3a: startup date [Tue Oct 10 17:03:17 EDT 2017]; root of context hierarchy
Oct 10, 2017 5:03:17 PM org.springframework.beans.factory.xml.XmlBeanDefinitionReader loadBeanDefinitions
INFO: Loading XML bean definitions from class path resource [applicationContext.xml]
Oct 10, 2017 5:03:17 PM org.springframework.context.support.ClassPathXmlApplicationContext prepareRefresh
INFO: Refreshing org.springframework.context.support.ClassPathXmlApplicationContext@7490c78f: startup date [Tue Oct 10 17:03:17 EDT 2017]; root of context hierarchy
Oct 10, 2017 5:03:17 PM org.springframework.beans.factory.xml.XmlBeanDefinitionReader loadBeanDefinitions
INFO: Loading XML bean definitions from class path resource [applicationContext.xml]
Oct 10, 2017 5:03:17 PM org.springframework.context.support.ClassPathXmlApplicationContext prepareRefresh
INFO: Refreshing org.springframework.context.support.ClassPathXmlApplicationContext@46f87131: startup date [Tue Oct 10 17:03:17 EDT 2017]; root of context hierarchy
Oct 10, 2017 5:03:17 PM org.springframework.beans.factory.xml.XmlBeanDefinitionReader loadBeanDefinitions
INFO: Loading XML bean definitions from class path resource [applicationContext.xml]
Oct 10, 2017 5:03:17 PM org.springframework.context.support.ClassPathXmlApplicationContext prepareRefresh
INFO: Refreshing org.springframework.context.support.ClassPathXmlApplicationContext@c4a1e8d: startup date [Tue Oct 10 17:03:17 EDT 2017]; root of context hierarchy
Oct 10, 2017 5:03:17 PM org.springframework.beans.factory.xml.XmlBeanDefinitionReader loadBeanDefinitions
INFO: Loading XML bean definitions from class path resource [applicationContext.xml]
Oct 10, 2017 5:03:17 PM org.springframework.context.support.ClassPathXmlApplicationContext prepareRefresh
INFO: Refreshing org.springframework.context.support.ClassPathXmlApplicationContext@76b45e28: startup date [Tue Oct 10 17:03:17 EDT 2017]; root of context hierarchy
Oct 10, 2017 5:03:17 PM org.springframework.beans.factory.xml.XmlBeanDefinitionReader loadBeanDefinitions
INFO: Loading XML bean definitions from class path resource [applicationContext.xml]
Oct 10, 2017 5:03:17 PM org.springframework.context.support.ClassPathXmlApplicationContext prepareRefresh
INFO: Refreshing org.springframework.context.support.ClassPathXmlApplicationContext@2e810089: startup date [Tue Oct 10 17:03:17 EDT 2017]; root of context hierarchy
Oct 10, 2017 5:03:17 PM org.springframework.beans.factory.xml.XmlBeanDefinitionReader loadBeanDefinitions
INFO: Loading XML bean definitions from class path resource [applicationContext.xml]
Oct 10, 2017 5:03:17 PM org.springframework.context.support.ClassPathXmlApplicationContext prepareRefresh
INFO: Refreshing org.springframework.context.support.ClassPathXmlApplicationContext@1f5e7fe1: startup date [Tue Oct 10 17:03:17 EDT 2017]; root of context hierarchy
Oct 10, 2017 5:03:17 PM org.springframework.beans.factory.xml.XmlBeanDefinitionReader loadBeanDefinitions
INFO: Loading XML bean definitions from class path resource [applicationContext.xml]
Oct 10, 2017 5:03:17 PM org.springframework.context.support.ClassPathXmlApplicationContext prepareRefresh
INFO: Refreshing org.springframework.context.support.ClassPathXmlApplicationContext@40f42ae: startup date [Tue Oct 10 17:03:17 EDT 2017]; root of context hierarchy
Oct 10, 2017 5:03:17 PM org.springframework.beans.factory.xml.XmlBeanDefinitionReader loadBeanDefinitions
INFO: Loading XML bean definitions from class path resource [applicationContext.xml]
Oct 10, 2017 5:03:17 PM org.springframework.context.support.ClassPathXmlApplicationContext prepareRefresh
INFO: Refreshing org.springframework.context.support.ClassPathXmlApplicationContext@d5ce7bb: startup date [Tue Oct 10 17:03:17 EDT 2017]; root of context hierarchy
Oct 10, 2017 5:03:17 PM org.springframework.beans.factory.xml.XmlBeanDefinitionReader loadBeanDefinitions
INFO: Loading XML bean definitions from class path resource [applicationContext.xml]
Oct 10, 2017 5:03:17 PM org.springframework.context.support.ClassPathXmlApplicationContext prepareRefresh
INFO: Refreshing org.springframework.context.support.ClassPathXmlApplicationContext@3f350e2b: startup date [Tue Oct 10 17:03:17 EDT 2017]; root of context hierarchy
Oct 10, 2017 5:03:17 PM org.springframework.beans.factory.xml.XmlBeanDefinitionReader loadBeanDefinitions
INFO: Loading XML bean definitions from class path resource [applicationContext.xml]
Oct 10, 2017 5:03:17 PM org.springframework.context.support.ClassPathXmlApplicationContext prepareRefresh
INFO: Refreshing org.springframework.context.support.ClassPathXmlApplicationContext@164c7fed: startup date [Tue Oct 10 17:03:17 EDT 2017]; root of context hierarchy
Oct 10, 2017 5:03:17 PM org.springframework.beans.factory.xml.XmlBeanDefinitionReader loadBeanDefinitions
INFO: Loading XML bean definitions from class path resource [applicationContext.xml]
Oct 10, 2017 5:03:17 PM org.springframework.context.support.ClassPathXmlApplicationContext prepareRefresh
INFO: Refreshing org.springframework.context.support.ClassPathXmlApplicationContext@13d50250: startup date [Tue Oct 10 17:03:17 EDT 2017]; root of context hierarchy
Oct 10, 2017 5:03:17 PM org.springframework.beans.factory.xml.XmlBeanDefinitionReader loadBeanDefinitions
INFO: Loading XML bean definitions from class path resource [applicationContext.xml]
Oct 10, 2017 5:03:17 PM org.springframework.context.support.ClassPathXmlApplicationContext prepareRefresh
INFO: Refreshing org.springframework.context.support.ClassPathXmlApplicationContext@2cd28c84: startup date [Tue Oct 10 17:03:17 EDT 2017]; root of context hierarchy
Oct 10, 2017 5:03:17 PM org.springframework.beans.factory.xml.XmlBeanDefinitionReader loadBeanDefinitions
INFO: Loading XML bean definitions from class path resource [applicationContext.xml]
Oct 10, 2017 5:03:17 PM org.springframework.context.support.ClassPathXmlApplicationContext prepareRefresh
INFO: Refreshing org.springframework.context.support.ClassPathXmlApplicationContext@6ff2d1d: startup date [Tue Oct 10 17:03:17 EDT 2017]; root of context hierarchy
Oct 10, 2017 5:03:17 PM org.springframework.beans.factory.xml.XmlBeanDefinitionReader loadBeanDefinitions
INFO: Loading XML bean definitions from class path resource [applicationContext.xml]
Oct 10, 2017 5:03:17 PM org.springframework.context.support.ClassPathXmlApplicationContext prepareRefresh
INFO: Refreshing org.springframework.context.support.ClassPathXmlApplicationContext@5b70749: startup date [Tue Oct 10 17:03:17 EDT 2017]; root of context hierarchy
Oct 10, 2017 5:03:17 PM org.springframework.beans.factory.xml.XmlBeanDefinitionReader loadBeanDefinitions
INFO: Loading XML bean definitions from class path resource [applicationContext.xml]
Oct 10, 2017 5:03:17 PM org.springframework.context.support.ClassPathXmlApplicationContext prepareRefresh
INFO: Refreshing org.springframework.context.support.ClassPathXmlApplicationContext@7249d9ce: startup date [Tue Oct 10 17:03:17 EDT 2017]; root of context hierarchy
Oct 10, 2017 5:03:17 PM org.springframework.beans.factory.xml.XmlBeanDefinitionReader loadBeanDefinitions
INFO: Loading XML bean definitions from class path resource [applicationContext.xml]
Oct 10, 2017 5:03:17 PM org.springframework.context.support.ClassPathXmlApplicationContext prepareRefresh
INFO: Refreshing org.springframework.context.support.ClassPathXmlApplicationContext@707f4505: startup date [Tue Oct 10 17:03:17 EDT 2017]; root of context hierarchy
Oct 10, 2017 5:03:17 PM org.springframework.beans.factory.xml.XmlBeanDefinitionReader loadBeanDefinitions
INFO: Loading XML bean definitions from class path resource [applicationContext.xml]
Oct 10, 2017 5:03:17 PM org.springframework.context.support.ClassPathXmlApplicationContext prepareRefresh
INFO: Refreshing org.springframework.context.support.ClassPathXmlApplicationContext@3eba813d: startup date [Tue Oct 10 17:03:17 EDT 2017]; root of context hierarchy
Oct 10, 2017 5:03:17 PM org.springframework.beans.factory.xml.XmlBeanDefinitionReader loadBeanDefinitions
INFO: Loading XML bean definitions from class path resource [applicationContext.xml]
Oct 10, 2017 5:03:17 PM org.springframework.context.support.ClassPathXmlApplicationContext prepareRefresh
INFO: Refreshing org.springframework.context.support.ClassPathXmlApplicationContext@413ebdd2: startup date [Tue Oct 10 17:03:17 EDT 2017]; root of context hierarchy
Oct 10, 2017 5:03:17 PM org.springframework.beans.factory.xml.XmlBeanDefinitionReader loadBeanDefinitions
INFO: Loading XML bean definitions from class path resource [applicationContext.xml]
Oct 10, 2017 5:03:17 PM org.springframework.context.support.ClassPathXmlApplicationContext prepareRefresh
INFO: Refreshing org.springframework.context.support.ClassPathXmlApplicationContext@5c15e5f7: startup date [Tue Oct 10 17:03:17 EDT 2017]; root of context hierarchy
Oct 10, 2017 5:03:17 PM org.springframework.beans.factory.xml.XmlBeanDefinitionReader loadBeanDefinitions
INFO: Loading XML bean definitions from class path resource [applicationContext.xml]
Oct 10, 2017 5:03:18 PM org.springframework.context.support.ClassPathXmlApplicationContext prepareRefresh
INFO: Refreshing org.springframework.context.support.ClassPathXmlApplicationContext@7003891: startup date [Tue Oct 10 17:03:18 EDT 2017]; root of context hierarchy
Oct 10, 2017 5:03:18 PM org.springframework.beans.factory.xml.XmlBeanDefinitionReader loadBeanDefinitions
INFO: Loading XML bean definitions from class path resource [applicationContext.xml]
Oct 10, 2017 5:03:18 PM org.springframework.context.support.ClassPathXmlApplicationContext prepareRefresh
INFO: Refreshing org.springframework.context.support.ClassPathXmlApplicationContext@445e0c69: startup date [Tue Oct 10 17:03:18 EDT 2017]; root of context hierarchy
Oct 10, 2017 5:03:18 PM org.springframework.beans.factory.xml.XmlBeanDefinitionReader loadBeanDefinitions
INFO: Loading XML bean definitions from class path resource [applicationContext.xml]
Oct 10, 2017 5:03:18 PM org.springframework.context.support.ClassPathXmlApplicationContext prepareRefresh
INFO: Refreshing org.springframework.context.support.ClassPathXmlApplicationContext@4f405053: startup date [Tue Oct 10 17:03:18 EDT 2017]; root of context hierarchy
Oct 10, 2017 5:03:18 PM org.springframework.beans.factory.xml.XmlBeanDefinitionReader loadBeanDefinitions
INFO: Loading XML bean definitions from class path resource [applicationContext.xml]
Oct 10, 2017 5:03:18 PM org.springframework.context.support.ClassPathXmlApplicationContext prepareRefresh
INFO: Refreshing org.springframework.context.support.ClassPathXmlApplicationContext@33ddc39b: startup date [Tue Oct 10 17:03:18 EDT 2017]; root of context hierarchy
Oct 10, 2017 5:03:18 PM org.springframework.beans.factory.xml.XmlBeanDefinitionReader loadBeanDefinitions
INFO: Loading XML bean definitions from class path resource [applicationContext.xml]
Oct 10, 2017 5:03:18 PM org.springframework.context.support.ClassPathXmlApplicationContext prepareRefresh
INFO: Refreshing org.springframework.context.support.ClassPathXmlApplicationContext@edba700: startup date [Tue Oct 10 17:03:18 EDT 2017]; root of context hierarchy
Oct 10, 2017 5:03:18 PM org.springframework.beans.factory.xml.XmlBeanDefinitionReader loadBeanDefinitions
INFO: Loading XML bean definitions from class path resource [applicationContext.xml]
Oct 10, 2017 5:03:18 PM org.springframework.context.support.ClassPathXmlApplicationContext prepareRefresh
INFO: Refreshing org.springframework.context.support.ClassPathXmlApplicationContext@2841dcb6: startup date [Tue Oct 10 17:03:18 EDT 2017]; root of context hierarchy
Oct 10, 2017 5:03:18 PM org.springframework.beans.factory.xml.XmlBeanDefinitionReader loadBeanDefinitions
INFO: Loading XML bean definitions from class path resource [applicationContext.xml]
Oct 10, 2017 5:03:18 PM org.springframework.context.support.ClassPathXmlApplicationContext prepareRefresh
INFO: Refreshing org.springframework.context.support.ClassPathXmlApplicationContext@54118bbf: startup date [Tue Oct 10 17:03:18 EDT 2017]; root of context hierarchy
Oct 10, 2017 5:03:18 PM org.springframework.beans.factory.xml.XmlBeanDefinitionReader loadBeanDefinitions
INFO: Loading XML bean definitions from class path resource [applicationContext.xml]
Oct 10, 2017 5:03:18 PM org.springframework.context.support.ClassPathXmlApplicationContext prepareRefresh
INFO: Refreshing org.springframework.context.support.ClassPathXmlApplicationContext@4b2b9e36: startup date [Tue Oct 10 17:03:18 EDT 2017]; root of context hierarchy
Oct 10, 2017 5:03:18 PM org.springframework.beans.factory.xml.XmlBeanDefinitionReader loadBeanDefinitions
INFO: Loading XML bean definitions from class path resource [applicationContext.xml]
Oct 10, 2017 5:03:18 PM org.springframework.context.support.ClassPathXmlApplicationContext prepareRefresh
INFO: Refreshing org.springframework.context.support.ClassPathXmlApplicationContext@61606235: startup date [Tue Oct 10 17:03:18 EDT 2017]; root of context hierarchy
Oct 10, 2017 5:03:18 PM org.springframework.beans.factory.xml.XmlBeanDefinitionReader loadBeanDefinitions
INFO: Loading XML bean definitions from class path resource [applicationContext.xml]
Oct 10, 2017 5:03:18 PM org.springframework.context.support.ClassPathXmlApplicationContext prepareRefresh
INFO: Refreshing org.springframework.context.support.ClassPathXmlApplicationContext@5a2f57d1: startup date [Tue Oct 10 17:03:18 EDT 2017]; root of context hierarchy
Oct 10, 2017 5:03:18 PM org.springframework.beans.factory.xml.XmlBeanDefinitionReader loadBeanDefinitions
INFO: Loading XML bean definitions from class path resource [applicationContext.xml]
Oct 10, 2017 5:03:18 PM org.springframework.context.support.ClassPathXmlApplicationContext prepareRefresh
INFO: Refreshing org.springframework.context.support.ClassPathXmlApplicationContext@c20fbe0: startup date [Tue Oct 10 17:03:18 EDT 2017]; root of context hierarchy
Oct 10, 2017 5:03:18 PM org.springframework.beans.factory.xml.XmlBeanDefinitionReader loadBeanDefinitions
INFO: Loading XML bean definitions from class path resource [applicationContext.xml]
Oct 10, 2017 5:03:18 PM org.springframework.context.support.ClassPathXmlApplicationContext prepareRefresh
INFO: Refreshing org.springframework.context.support.ClassPathXmlApplicationContext@f2c6d70: startup date [Tue Oct 10 17:03:18 EDT 2017]; root of context hierarchy
Oct 10, 2017 5:03:18 PM org.springframework.beans.factory.xml.XmlBeanDefinitionReader loadBeanDefinitions
INFO: Loading XML bean definitions from class path resource [applicationContext.xml]
Oct 10, 2017 5:03:18 PM org.springframework.context.support.ClassPathXmlApplicationContext prepareRefresh
INFO: Refreshing org.springframework.context.support.ClassPathXmlApplicationContext@5ec47e1c: startup date [Tue Oct 10 17:03:18 EDT 2017]; root of context hierarchy
Oct 10, 2017 5:03:18 PM org.springframework.beans.factory.xml.XmlBeanDefinitionReader loadBeanDefinitions
INFO: Loading XML bean definitions from class path resource [applicationContext.xml]
Oct 10, 2017 5:03:18 PM org.springframework.context.support.ClassPathXmlApplicationContext prepareRefresh
INFO: Refreshing org.springframework.context.support.ClassPathXmlApplicationContext@6f39000e: startup date [Tue Oct 10 17:03:18 EDT 2017]; root of context hierarchy
Oct 10, 2017 5:03:18 PM org.springframework.beans.factory.xml.XmlBeanDefinitionReader loadBeanDefinitions
INFO: Loading XML bean definitions from class path resource [applicationContext.xml]
Oct 10, 2017 5:03:18 PM org.springframework.context.support.ClassPathXmlApplicationContext prepareRefresh
INFO: Refreshing org.springframework.context.support.ClassPathXmlApplicationContext@47de972: startup date [Tue Oct 10 17:03:18 EDT 2017]; root of context hierarchy
Oct 10, 2017 5:03:18 PM org.springframework.beans.factory.xml.XmlBeanDefinitionReader loadBeanDefinitions
INFO: Loading XML bean definitions from class path resource [applicationContext.xml]
Oct 10, 2017 5:03:18 PM org.springframework.context.support.ClassPathXmlApplicationContext prepareRefresh
INFO: Refreshing org.springframework.context.support.ClassPathXmlApplicationContext@54c577ee: startup date [Tue Oct 10 17:03:18 EDT 2017]; root of context hierarchy
Oct 10, 2017 5:03:18 PM org.springframework.beans.factory.xml.XmlBeanDefinitionReader loadBeanDefinitions
INFO: Loading XML bean definitions from class path resource [applicationContext.xml]
Oct 10, 2017 5:03:18 PM org.springframework.context.support.ClassPathXmlApplicationContext prepareRefresh
INFO: Refreshing org.springframework.context.support.ClassPathXmlApplicationContext@619f24c2: startup date [Tue Oct 10 17:03:18 EDT 2017]; root of context hierarchy
Oct 10, 2017 5:03:18 PM org.springframework.beans.factory.xml.XmlBeanDefinitionReader loadBeanDefinitions
INFO: Loading XML bean definitions from class path resource [applicationContext.xml]
Oct 10, 2017 5:03:18 PM org.springframework.context.support.ClassPathXmlApplicationContext prepareRefresh
INFO: Refreshing org.springframework.context.support.ClassPathXmlApplicationContext@1183b7f: startup date [Tue Oct 10 17:03:18 EDT 2017]; root of context hierarchy
Oct 10, 2017 5:03:18 PM org.springframework.beans.factory.xml.XmlBeanDefinitionReader loadBeanDefinitions
INFO: Loading XML bean definitions from class path resource [applicationContext.xml]
Oct 10, 2017 5:03:18 PM org.springframework.context.support.ClassPathXmlApplicationContext prepareRefresh
INFO: Refreshing org.springframework.context.support.ClassPathXmlApplicationContext@74b4931d: startup date [Tue Oct 10 17:03:18 EDT 2017]; root of context hierarchy
Oct 10, 2017 5:03:18 PM org.springframework.beans.factory.xml.XmlBeanDefinitionReader loadBeanDefinitions
INFO: Loading XML bean definitions from class path resource [applicationContext.xml]
Oct 10, 2017 5:03:18 PM org.springframework.context.support.ClassPathXmlApplicationContext prepareRefresh
INFO: Refreshing org.springframework.context.support.ClassPathXmlApplicationContext@2b21bb4d: startup date [Tue Oct 10 17:03:18 EDT 2017]; root of context hierarchy
Oct 10, 2017 5:03:18 PM org.springframework.beans.factory.xml.XmlBeanDefinitionReader loadBeanDefinitions
INFO: Loading XML bean definitions from class path resource [applicationContext.xml]
Oct 10, 2017 5:03:18 PM org.springframework.context.support.ClassPathXmlApplicationContext prepareRefresh
INFO: Refreshing org.springframework.context.support.ClassPathXmlApplicationContext@1c66dd51: startup date [Tue Oct 10 17:03:18 EDT 2017]; root of context hierarchy
Oct 10, 2017 5:03:18 PM org.springframework.beans.factory.xml.XmlBeanDefinitionReader loadBeanDefinitions
INFO: Loading XML bean definitions from class path resource [applicationContext.xml]
Oct 10, 2017 5:03:18 PM org.springframework.context.support.ClassPathXmlApplicationContext prepareRefresh
INFO: Refreshing org.springframework.context.support.ClassPathXmlApplicationContext@49dba891: startup date [Tue Oct 10 17:03:18 EDT 2017]; root of context hierarchy
Oct 10, 2017 5:03:18 PM org.springframework.beans.factory.xml.XmlBeanDefinitionReader loadBeanDefinitions
INFO: Loading XML bean definitions from class path resource [applicationContext.xml]
Oct 10, 2017 5:03:18 PM org.springframework.context.support.ClassPathXmlApplicationContext prepareRefresh
INFO: Refreshing org.springframework.context.support.ClassPathXmlApplicationContext@39738da1: startup date [Tue Oct 10 17:03:18 EDT 2017]; root of context hierarchy
Oct 10, 2017 5:03:18 PM org.springframework.beans.factory.xml.XmlBeanDefinitionReader loadBeanDefinitions
INFO: Loading XML bean definitions from class path resource [applicationContext.xml]
Oct 10, 2017 5:03:18 PM org.springframework.context.support.ClassPathXmlApplicationContext prepareRefresh
INFO: Refreshing org.springframework.context.support.ClassPathXmlApplicationContext@2d62a5cc: startup date [Tue Oct 10 17:03:18 EDT 2017]; root of context hierarchy
Oct 10, 2017 5:03:18 PM org.springframework.beans.factory.xml.XmlBeanDefinitionReader loadBeanDefinitions
INFO: Loading XML bean definitions from class path resource [applicationContext.xml]
Oct 10, 2017 5:03:18 PM org.springframework.context.support.ClassPathXmlApplicationContext prepareRefresh
INFO: Refreshing org.springframework.context.support.ClassPathXmlApplicationContext@5d664d50: startup date [Tue Oct 10 17:03:18 EDT 2017]; root of context hierarchy
Oct 10, 2017 5:03:18 PM org.springframework.beans.factory.xml.XmlBeanDefinitionReader loadBeanDefinitions
INFO: Loading XML bean definitions from class path resource [applicationContext.xml]
Oct 10, 2017 5:03:18 PM org.springframework.context.support.ClassPathXmlApplicationContext prepareRefresh
INFO: Refreshing org.springframework.context.support.ClassPathXmlApplicationContext@4d7cdb6: startup date [Tue Oct 10 17:03:18 EDT 2017]; root of context hierarchy
Oct 10, 2017 5:03:18 PM org.springframework.beans.factory.xml.XmlBeanDefinitionReader loadBeanDefinitions
INFO: Loading XML bean definitions from class path resource [applicationContext.xml]
Oct 10, 2017 5:03:18 PM org.springframework.context.support.ClassPathXmlApplicationContext prepareRefresh
INFO: Refreshing org.springframework.context.support.ClassPathXmlApplicationContext@7fae2be3: startup date [Tue Oct 10 17:03:18 EDT 2017]; root of context hierarchy
Oct 10, 2017 5:03:18 PM org.springframework.beans.factory.xml.XmlBeanDefinitionReader loadBeanDefinitions
INFO: Loading XML bean definitions from class path resource [applicationContext.xml]
Oct 10, 2017 5:03:18 PM org.springframework.context.support.ClassPathXmlApplicationContext prepareRefresh
INFO: Refreshing org.springframework.context.support.ClassPathXmlApplicationContext@6d709289: startup date [Tue Oct 10 17:03:18 EDT 2017]; root of context hierarchy
Oct 10, 2017 5:03:18 PM org.springframework.beans.factory.xml.XmlBeanDefinitionReader loadBeanDefinitions
INFO: Loading XML bean definitions from class path resource [applicationContext.xml]
Oct 10, 2017 5:03:18 PM org.springframework.context.support.ClassPathXmlApplicationContext prepareRefresh
INFO: Refreshing org.springframework.context.support.ClassPathXmlApplicationContext@112085ea: startup date [Tue Oct 10 17:03:18 EDT 2017]; root of context hierarchy
Oct 10, 2017 5:03:18 PM org.springframework.beans.factory.xml.XmlBeanDefinitionReader loadBeanDefinitions
INFO: Loading XML bean definitions from class path resource [applicationContext.xml]
Oct 10, 2017 5:03:18 PM org.springframework.context.support.ClassPathXmlApplicationContext prepareRefresh
INFO: Refreshing org.springframework.context.support.ClassPathXmlApplicationContext@d5cbec0: startup date [Tue Oct 10 17:03:18 EDT 2017]; root of context hierarchy
Oct 10, 2017 5:03:18 PM org.springframework.beans.factory.xml.XmlBeanDefinitionReader loadBeanDefinitions
INFO: Loading XML bean definitions from class path resource [applicationContext.xml]
Oct 10, 2017 5:03:18 PM org.springframework.context.support.ClassPathXmlApplicationContext prepareRefresh
INFO: Refreshing org.springframework.context.support.ClassPathXmlApplicationContext@552a1498: startup date [Tue Oct 10 17:03:18 EDT 2017]; root of context hierarchy
Oct 10, 2017 5:03:18 PM org.springframework.beans.factory.xml.XmlBeanDefinitionReader loadBeanDefinitions
INFO: Loading XML bean definitions from class path resource [applicationContext.xml]
Oct 10, 2017 5:03:18 PM org.springframework.context.support.ClassPathXmlApplicationContext prepareRefresh
INFO: Refreshing org.springframework.context.support.ClassPathXmlApplicationContext@205f33f3: startup date [Tue Oct 10 17:03:18 EDT 2017]; root of context hierarchy
Oct 10, 2017 5:03:18 PM org.springframework.beans.factory.xml.XmlBeanDefinitionReader loadBeanDefinitions
INFO: Loading XML bean definitions from class path resource [applicationContext.xml]
Oct 10, 2017 5:03:18 PM org.springframework.context.support.ClassPathXmlApplicationContext prepareRefresh
INFO: Refreshing org.springframework.context.support.ClassPathXmlApplicationContext@6eae675d: startup date [Tue Oct 10 17:03:18 EDT 2017]; root of context hierarchy
Oct 10, 2017 5:03:18 PM org.springframework.beans.factory.xml.XmlBeanDefinitionReader loadBeanDefinitions
INFO: Loading XML bean definitions from class path resource [applicationContext.xml]
Oct 10, 2017 5:03:18 PM org.springframework.context.support.ClassPathXmlApplicationContext prepareRefresh
INFO: Refreshing org.springframework.context.support.ClassPathXmlApplicationContext@7030c643: startup date [Tue Oct 10 17:03:18 EDT 2017]; root of context hierarchy
Oct 10, 2017 5:03:18 PM org.springframework.beans.factory.xml.XmlBeanDefinitionReader loadBeanDefinitions
INFO: Loading XML bean definitions from class path resource [applicationContext.xml]
Oct 10, 2017 5:03:18 PM org.springframework.context.support.ClassPathXmlApplicationContext prepareRefresh
INFO: Refreshing org.springframework.context.support.ClassPathXmlApplicationContext@1d76ebc4: startup date [Tue Oct 10 17:03:18 EDT 2017]; root of context hierarchy
Oct 10, 2017 5:03:18 PM org.springframework.beans.factory.xml.XmlBeanDefinitionReader loadBeanDefinitions
INFO: Loading XML bean definitions from class path resource [applicationContext.xml]
Oct 10, 2017 5:03:18 PM org.springframework.context.support.ClassPathXmlApplicationContext prepareRefresh
INFO: Refreshing org.springframework.context.support.ClassPathXmlApplicationContext@161722eb: startup date [Tue Oct 10 17:03:18 EDT 2017]; root of context hierarchy
Oct 10, 2017 5:03:18 PM org.springframework.beans.factory.xml.XmlBeanDefinitionReader loadBeanDefinitions
INFO: Loading XML bean definitions from class path resource [applicationContext.xml]
Oct 10, 2017 5:03:18 PM org.springframework.context.support.ClassPathXmlApplicationContext prepareRefresh
INFO: Refreshing org.springframework.context.support.ClassPathXmlApplicationContext@1fb6222b: startup date [Tue Oct 10 17:03:18 EDT 2017]; root of context hierarchy
Oct 10, 2017 5:03:18 PM org.springframework.beans.factory.xml.XmlBeanDefinitionReader loadBeanDefinitions
INFO: Loading XML bean definitions from class path resource [applicationContext.xml]
Oct 10, 2017 5:03:18 PM org.springframework.context.support.ClassPathXmlApplicationContext prepareRefresh
INFO: Refreshing org.springframework.context.support.ClassPathXmlApplicationContext@45357530: startup date [Tue Oct 10 17:03:18 EDT 2017]; root of context hierarchy
Oct 10, 2017 5:03:18 PM org.springframework.beans.factory.xml.XmlBeanDefinitionReader loadBeanDefinitions
INFO: Loading XML bean definitions from class path resource [applicationContext.xml]
Oct 10, 2017 5:03:18 PM org.springframework.context.support.ClassPathXmlApplicationContext prepareRefresh
INFO: Refreshing org.springframework.context.support.ClassPathXmlApplicationContext@7c35782e: startup date [Tue Oct 10 17:03:18 EDT 2017]; root of context hierarchy
Oct 10, 2017 5:03:18 PM org.springframework.beans.factory.xml.XmlBeanDefinitionReader loadBeanDefinitions
INFO: Loading XML bean definitions from class path resource [applicationContext.xml]
Oct 10, 2017 5:03:18 PM org.springframework.context.support.ClassPathXmlApplicationContext prepareRefresh
INFO: Refreshing org.springframework.context.support.ClassPathXmlApplicationContext@584964c6: startup date [Tue Oct 10 17:03:18 EDT 2017]; root of context hierarchy
Oct 10, 2017 5:03:18 PM org.springframework.beans.factory.xml.XmlBeanDefinitionReader loadBeanDefinitions
INFO: Loading XML bean definitions from class path resource [applicationContext.xml]
Oct 10, 2017 5:03:18 PM org.springframework.context.support.ClassPathXmlApplicationContext prepareRefresh
INFO: Refreshing org.springframework.context.support.ClassPathXmlApplicationContext@586e4706: startup date [Tue Oct 10 17:03:18 EDT 2017]; root of context hierarchy
Oct 10, 2017 5:03:18 PM org.springframework.beans.factory.xml.XmlBeanDefinitionReader loadBeanDefinitions
INFO: Loading XML bean definitions from class path resource [applicationContext.xml]
Oct 10, 2017 5:03:18 PM org.springframework.context.support.ClassPathXmlApplicationContext prepareRefresh
INFO: Refreshing org.springframework.context.support.ClassPathXmlApplicationContext@3fb6d686: startup date [Tue Oct 10 17:03:18 EDT 2017]; root of context hierarchy
Oct 10, 2017 5:03:18 PM org.springframework.beans.factory.xml.XmlBeanDefinitionReader loadBeanDefinitions
INFO: Loading XML bean definitions from class path resource [applicationContext.xml]
Oct 10, 2017 5:03:18 PM org.springframework.context.support.ClassPathXmlApplicationContext prepareRefresh
INFO: Refreshing org.springframework.context.support.ClassPathXmlApplicationContext@21d53cfd: startup date [Tue Oct 10 17:03:18 EDT 2017]; root of context hierarchy
Oct 10, 2017 5:03:18 PM org.springframework.beans.factory.xml.XmlBeanDefinitionReader loadBeanDefinitions
INFO: Loading XML bean definitions from class path resource [applicationContext.xml]
Oct 10, 2017 5:03:18 PM org.springframework.context.support.ClassPathXmlApplicationContext prepareRefresh
INFO: Refreshing org.springframework.context.support.ClassPathXmlApplicationContext@4d9fa6ba: startup date [Tue Oct 10 17:03:18 EDT 2017]; root of context hierarchy
Oct 10, 2017 5:03:18 PM org.springframework.beans.factory.xml.XmlBeanDefinitionReader loadBeanDefinitions
INFO: Loading XML bean definitions from class path resource [applicationContext.xml]
Oct 10, 2017 5:03:18 PM org.springframework.context.support.ClassPathXmlApplicationContext prepareRefresh
INFO: Refreshing org.springframework.context.support.ClassPathXmlApplicationContext@2af59846: startup date [Tue Oct 10 17:03:18 EDT 2017]; root of context hierarchy
Oct 10, 2017 5:03:18 PM org.springframework.beans.factory.xml.XmlBeanDefinitionReader loadBeanDefinitions
INFO: Loading XML bean definitions from class path resource [applicationContext.xml]
Oct 10, 2017 5:03:18 PM org.springframework.context.support.ClassPathXmlApplicationContext prepareRefresh
INFO: Refreshing org.springframework.context.support.ClassPathXmlApplicationContext@4b342bb8: startup date [Tue Oct 10 17:03:18 EDT 2017]; root of context hierarchy
Oct 10, 2017 5:03:18 PM org.springframework.beans.factory.xml.XmlBeanDefinitionReader loadBeanDefinitions
INFO: Loading XML bean definitions from class path resource [applicationContext.xml]
Oct 10, 2017 5:03:18 PM org.springframework.context.support.ClassPathXmlApplicationContext prepareRefresh
INFO: Refreshing org.springframework.context.support.ClassPathXmlApplicationContext@48b892a9: startup date [Tue Oct 10 17:03:18 EDT 2017]; root of context hierarchy
Oct 10, 2017 5:03:18 PM org.springframework.beans.factory.xml.XmlBeanDefinitionReader loadBeanDefinitions
INFO: Loading XML bean definitions from class path resource [applicationContext.xml]
Oct 10, 2017 5:03:18 PM org.springframework.context.support.ClassPathXmlApplicationContext prepareRefresh
INFO: Refreshing org.springframework.context.support.ClassPathXmlApplicationContext@70cbe9f9: startup date [Tue Oct 10 17:03:18 EDT 2017]; root of context hierarchy
Oct 10, 2017 5:03:18 PM org.springframework.beans.factory.xml.XmlBeanDefinitionReader loadBeanDefinitions
INFO: Loading XML bean definitions from class path resource [applicationContext.xml]
Oct 10, 2017 5:03:18 PM org.springframework.context.support.ClassPathXmlApplicationContext prepareRefresh
INFO: Refreshing org.springframework.context.support.ClassPathXmlApplicationContext@3451f8ff: startup date [Tue Oct 10 17:03:18 EDT 2017]; root of context hierarchy
Oct 10, 2017 5:03:18 PM org.springframework.beans.factory.xml.XmlBeanDefinitionReader loadBeanDefinitions
INFO: Loading XML bean definitions from class path resource [applicationContext.xml]
Oct 10, 2017 5:03:18 PM org.springframework.context.support.ClassPathXmlApplicationContext prepareRefresh
INFO: Refreshing org.springframework.context.support.ClassPathXmlApplicationContext@61836503: startup date [Tue Oct 10 17:03:18 EDT 2017]; root of context hierarchy
Oct 10, 2017 5:03:18 PM org.springframework.beans.factory.xml.XmlBeanDefinitionReader loadBeanDefinitions
INFO: Loading XML bean definitions from class path resource [applicationContext.xml]
Oct 10, 2017 5:03:18 PM org.springframework.context.support.ClassPathXmlApplicationContext prepareRefresh
INFO: Refreshing org.springframework.context.support.ClassPathXmlApplicationContext@4dae96a: startup date [Tue Oct 10 17:03:18 EDT 2017]; root of context hierarchy
Oct 10, 2017 5:03:18 PM org.springframework.beans.factory.xml.XmlBeanDefinitionReader loadBeanDefinitions
INFO: Loading XML bean definitions from class path resource [applicationContext.xml]
Oct 10, 2017 5:03:18 PM org.springframework.context.support.ClassPathXmlApplicationContext prepareRefresh
INFO: Refreshing org.springframework.context.support.ClassPathXmlApplicationContext@77f30472: startup date [Tue Oct 10 17:03:18 EDT 2017]; root of context hierarchy
Oct 10, 2017 5:03:18 PM org.springframework.beans.factory.xml.XmlBeanDefinitionReader loadBeanDefinitions
INFO: Loading XML bean definitions from class path resource [applicationContext.xml]
Oct 10, 2017 5:03:18 PM org.springframework.context.support.ClassPathXmlApplicationContext prepareRefresh
INFO: Refreshing org.springframework.context.support.ClassPathXmlApplicationContext@261bfdd6: startup date [Tue Oct 10 17:03:18 EDT 2017]; root of context hierarchy
Oct 10, 2017 5:03:18 PM org.springframework.beans.factory.xml.XmlBeanDefinitionReader loadBeanDefinitions
INFO: Loading XML bean definitions from class path resource [applicationContext.xml]
Oct 10, 2017 5:03:18 PM org.springframework.context.support.ClassPathXmlApplicationContext prepareRefresh
INFO: Refreshing org.springframework.context.support.ClassPathXmlApplicationContext@35a19f9: startup date [Tue Oct 10 17:03:18 EDT 2017]; root of context hierarchy
Oct 10, 2017 5:03:18 PM org.springframework.beans.factory.xml.XmlBeanDefinitionReader loadBeanDefinitions
INFO: Loading XML bean definitions from class path resource [applicationContext.xml]
Oct 10, 2017 5:03:18 PM org.springframework.context.support.ClassPathXmlApplicationContext prepareRefresh
INFO: Refreshing org.springframework.context.support.ClassPathXmlApplicationContext@5daf7fea: startup date [Tue Oct 10 17:03:18 EDT 2017]; root of context hierarchy
Oct 10, 2017 5:03:18 PM org.springframework.beans.factory.xml.XmlBeanDefinitionReader loadBeanDefinitions
INFO: Loading XML bean definitions from class path resource [applicationContext.xml]
Oct 10, 2017 5:03:18 PM org.springframework.context.support.ClassPathXmlApplicationContext prepareRefresh
INFO: Refreshing org.springframework.context.support.ClassPathXmlApplicationContext@6f060572: startup date [Tue Oct 10 17:03:18 EDT 2017]; root of context hierarchy
Oct 10, 2017 5:03:18 PM org.springframework.beans.factory.xml.XmlBeanDefinitionReader loadBeanDefinitions
INFO: Loading XML bean definitions from class path resource [applicationContext.xml]
Oct 10, 2017 5:03:18 PM org.springframework.context.support.ClassPathXmlApplicationContext prepareRefresh
INFO: Refreshing org.springframework.context.support.ClassPathXmlApplicationContext@5a421e25: startup date [Tue Oct 10 17:03:18 EDT 2017]; root of context hierarchy
Oct 10, 2017 5:03:18 PM org.springframework.beans.factory.xml.XmlBeanDefinitionReader loadBeanDefinitions
INFO: Loading XML bean definitions from class path resource [applicationContext.xml]
Oct 10, 2017 5:03:18 PM org.springframework.context.support.ClassPathXmlApplicationContext prepareRefresh
INFO: Refreshing org.springframework.context.support.ClassPathXmlApplicationContext@61e02857: startup date [Tue Oct 10 17:03:18 EDT 2017]; root of context hierarchy
Oct 10, 2017 5:03:18 PM org.springframework.beans.factory.xml.XmlBeanDefinitionReader loadBeanDefinitions
INFO: Loading XML bean definitions from class path resource [applicationContext.xml]
Oct 10, 2017 5:03:18 PM org.springframework.context.support.ClassPathXmlApplicationContext prepareRefresh
INFO: Refreshing org.springframework.context.support.ClassPathXmlApplicationContext@4df7e8b: startup date [Tue Oct 10 17:03:18 EDT 2017]; root of context hierarchy
Oct 10, 2017 5:03:18 PM org.springframework.beans.factory.xml.XmlBeanDefinitionReader loadBeanDefinitions
INFO: Loading XML bean definitions from class path resource [applicationContext.xml]
Oct 10, 2017 5:03:18 PM org.springframework.context.support.ClassPathXmlApplicationContext prepareRefresh
INFO: Refreshing org.springframework.context.support.ClassPathXmlApplicationContext@37e3802a: startup date [Tue Oct 10 17:03:18 EDT 2017]; root of context hierarchy
Oct 10, 2017 5:03:18 PM org.springframework.beans.factory.xml.XmlBeanDefinitionReader loadBeanDefinitions
INFO: Loading XML bean definitions from class path resource [applicationContext.xml]
Oct 10, 2017 5:03:18 PM org.springframework.context.support.ClassPathXmlApplicationContext prepareRefresh
INFO: Refreshing org.springframework.context.support.ClassPathXmlApplicationContext@3be29cc5: startup date [Tue Oct 10 17:03:18 EDT 2017]; root of context hierarchy
Oct 10, 2017 5:03:18 PM org.springframework.beans.factory.xml.XmlBeanDefinitionReader loadBeanDefinitions
INFO: Loading XML bean definitions from class path resource [applicationContext.xml]
Oct 10, 2017 5:03:18 PM org.springframework.context.support.ClassPathXmlApplicationContext prepareRefresh
INFO: Refreshing org.springframework.context.support.ClassPathXmlApplicationContext@dd7fc08: startup date [Tue Oct 10 17:03:18 EDT 2017]; root of context hierarchy
Oct 10, 2017 5:03:18 PM org.springframework.beans.factory.xml.XmlBeanDefinitionReader loadBeanDefinitions
INFO: Loading XML bean definitions from class path resource [applicationContext.xml]
Oct 10, 2017 5:03:18 PM org.springframework.context.support.ClassPathXmlApplicationContext prepareRefresh
INFO: Refreshing org.springframework.context.support.ClassPathXmlApplicationContext@5f4f7f1a: startup date [Tue Oct 10 17:03:18 EDT 2017]; root of context hierarchy
Oct 10, 2017 5:03:18 PM org.springframework.beans.factory.xml.XmlBeanDefinitionReader loadBeanDefinitions
INFO: Loading XML bean definitions from class path resource [applicationContext.xml]
Oct 10, 2017 5:03:18 PM org.springframework.context.support.ClassPathXmlApplicationContext prepareRefresh
INFO: Refreshing org.springframework.context.support.ClassPathXmlApplicationContext@7ec16fa4: startup date [Tue Oct 10 17:03:18 EDT 2017]; root of context hierarchy
Oct 10, 2017 5:03:18 PM org.springframework.beans.factory.xml.XmlBeanDefinitionReader loadBeanDefinitions
INFO: Loading XML bean definitions from class path resource [applicationContext.xml]
Oct 10, 2017 5:03:18 PM org.springframework.context.support.ClassPathXmlApplicationContext prepareRefresh
INFO: Refreshing org.springframework.context.support.ClassPathXmlApplicationContext@728a778c: startup date [Tue Oct 10 17:03:18 EDT 2017]; root of context hierarchy
Oct 10, 2017 5:03:18 PM org.springframework.beans.factory.xml.XmlBeanDefinitionReader loadBeanDefinitions
INFO: Loading XML bean definitions from class path resource [applicationContext.xml]
Oct 10, 2017 5:03:18 PM org.springframework.context.support.ClassPathXmlApplicationContext prepareRefresh
INFO: Refreshing org.springframework.context.support.ClassPathXmlApplicationContext@2ee4e02e: startup date [Tue Oct 10 17:03:18 EDT 2017]; root of context hierarchy
Oct 10, 2017 5:03:18 PM org.springframework.beans.factory.xml.XmlBeanDefinitionReader loadBeanDefinitions
INFO: Loading XML bean definitions from class path resource [applicationContext.xml]
Oct 10, 2017 5:03:18 PM org.springframework.context.support.ClassPathXmlApplicationContext prepareRefresh
INFO: Refreshing org.springframework.context.support.ClassPathXmlApplicationContext@2e0fec17: startup date [Tue Oct 10 17:03:18 EDT 2017]; root of context hierarchy
Oct 10, 2017 5:03:18 PM org.springframework.beans.factory.xml.XmlBeanDefinitionReader loadBeanDefinitions
INFO: Loading XML bean definitions from class path resource [applicationContext.xml]
Oct 10, 2017 5:03:18 PM org.springframework.context.support.ClassPathXmlApplicationContext prepareRefresh
INFO: Refreshing org.springframework.context.support.ClassPathXmlApplicationContext@11de3445: startup date [Tue Oct 10 17:03:18 EDT 2017]; root of context hierarchy
Oct 10, 2017 5:03:18 PM org.springframework.beans.factory.xml.XmlBeanDefinitionReader loadBeanDefinitions
INFO: Loading XML bean definitions from class path resource [applicationContext.xml]
Oct 10, 2017 5:03:18 PM org.springframework.context.support.ClassPathXmlApplicationContext prepareRefresh
INFO: Refreshing org.springframework.context.support.ClassPathXmlApplicationContext@1be853c5: startup date [Tue Oct 10 17:03:18 EDT 2017]; root of context hierarchy
Oct 10, 2017 5:03:18 PM org.springframework.beans.factory.xml.XmlBeanDefinitionReader loadBeanDefinitions
INFO: Loading XML bean definitions from class path resource [applicationContext.xml]
Oct 10, 2017 5:03:18 PM org.springframework.context.support.ClassPathXmlApplicationContext prepareRefresh
INFO: Refreshing org.springframework.context.support.ClassPathXmlApplicationContext@7ef7ea57: startup date [Tue Oct 10 17:03:18 EDT 2017]; root of context hierarchy
Oct 10, 2017 5:03:18 PM org.springframework.beans.factory.xml.XmlBeanDefinitionReader loadBeanDefinitions
INFO: Loading XML bean definitions from class path resource [applicationContext.xml]
Oct 10, 2017 5:03:18 PM org.springframework.context.support.ClassPathXmlApplicationContext prepareRefresh
INFO: Refreshing org.springframework.context.support.ClassPathXmlApplicationContext@2dd464ff: startup date [Tue Oct 10 17:03:18 EDT 2017]; root of context hierarchy
Oct 10, 2017 5:03:19 PM org.springframework.beans.factory.xml.XmlBeanDefinitionReader loadBeanDefinitions
INFO: Loading XML bean definitions from class path resource [applicationContext.xml]
Oct 10, 2017 5:03:19 PM org.springframework.context.support.ClassPathXmlApplicationContext prepareRefresh
INFO: Refreshing org.springframework.context.support.ClassPathXmlApplicationContext@622dbdb6: startup date [Tue Oct 10 17:03:19 EDT 2017]; root of context hierarchy
Oct 10, 2017 5:03:19 PM org.springframework.beans.factory.xml.XmlBeanDefinitionReader loadBeanDefinitions
INFO: Loading XML bean definitions from class path resource [applicationContext.xml]
Oct 10, 2017 5:03:19 PM org.springframework.context.support.ClassPathXmlApplicationContext prepareRefresh
INFO: Refreshing org.springframework.context.support.ClassPathXmlApplicationContext@5d632fe9: startup date [Tue Oct 10 17:03:19 EDT 2017]; root of context hierarchy
Oct 10, 2017 5:03:19 PM org.springframework.beans.factory.xml.XmlBeanDefinitionReader loadBeanDefinitions
INFO: Loading XML bean definitions from class path resource [applicationContext.xml]
Oct 10, 2017 5:03:19 PM org.springframework.context.support.ClassPathXmlApplicationContext prepareRefresh
INFO: Refreshing org.springframework.context.support.ClassPathXmlApplicationContext@25b78608: startup date [Tue Oct 10 17:03:19 EDT 2017]; root of context hierarchy
Oct 10, 2017 5:03:19 PM org.springframework.beans.factory.xml.XmlBeanDefinitionReader loadBeanDefinitions
INFO: Loading XML bean definitions from class path resource [applicationContext.xml]
Oct 10, 2017 5:03:19 PM org.springframework.context.support.ClassPathXmlApplicationContext prepareRefresh
INFO: Refreshing org.springframework.context.support.ClassPathXmlApplicationContext@7d06fa4c: startup date [Tue Oct 10 17:03:19 EDT 2017]; root of context hierarchy
Oct 10, 2017 5:03:19 PM org.springframework.beans.factory.xml.XmlBeanDefinitionReader loadBeanDefinitions
INFO: Loading XML bean definitions from class path resource [applicationContext.xml]
Oct 10, 2017 5:03:19 PM org.springframework.context.support.ClassPathXmlApplicationContext prepareRefresh
INFO: Refreshing org.springframework.context.support.ClassPathXmlApplicationContext@71b6ccab: startup date [Tue Oct 10 17:03:19 EDT 2017]; root of context hierarchy
Oct 10, 2017 5:03:19 PM org.springframework.beans.factory.xml.XmlBeanDefinitionReader loadBeanDefinitions
INFO: Loading XML bean definitions from class path resource [applicationContext.xml]
Oct 10, 2017 5:03:19 PM org.springframework.context.support.ClassPathXmlApplicationContext prepareRefresh
INFO: Refreshing org.springframework.context.support.ClassPathXmlApplicationContext@74cc9694: startup date [Tue Oct 10 17:03:19 EDT 2017]; root of context hierarchy
Oct 10, 2017 5:03:19 PM org.springframework.beans.factory.xml.XmlBeanDefinitionReader loadBeanDefinitions
INFO: Loading XML bean definitions from class path resource [applicationContext.xml]
Oct 10, 2017 5:03:19 PM org.springframework.context.support.ClassPathXmlApplicationContext prepareRefresh
INFO: Refreshing org.springframework.context.support.ClassPathXmlApplicationContext@5a7e37b8: startup date [Tue Oct 10 17:03:19 EDT 2017]; root of context hierarchy
Oct 10, 2017 5:03:19 PM org.springframework.beans.factory.xml.XmlBeanDefinitionReader loadBeanDefinitions
INFO: Loading XML bean definitions from class path resource [applicationContext.xml]
Oct 10, 2017 5:03:19 PM org.springframework.context.support.ClassPathXmlApplicationContext prepareRefresh
INFO: Refreshing org.springframework.context.support.ClassPathXmlApplicationContext@51f3efe: startup date [Tue Oct 10 17:03:19 EDT 2017]; root of context hierarchy
Oct 10, 2017 5:03:19 PM org.springframework.beans.factory.xml.XmlBeanDefinitionReader loadBeanDefinitions
INFO: Loading XML bean definitions from class path resource [applicationContext.xml]
Oct 10, 2017 5:03:19 PM org.springframework.context.support.ClassPathXmlApplicationContext prepareRefresh
INFO: Refreshing org.springframework.context.support.ClassPathXmlApplicationContext@f7f3777: startup date [Tue Oct 10 17:03:19 EDT 2017]; root of context hierarchy
Oct 10, 2017 5:03:19 PM org.springframework.beans.factory.xml.XmlBeanDefinitionReader loadBeanDefinitions
INFO: Loading XML bean definitions from class path resource [applicationContext.xml]
Oct 10, 2017 5:03:19 PM org.springframework.context.support.ClassPathXmlApplicationContext prepareRefresh
INFO: Refreshing org.springframework.context.support.ClassPathXmlApplicationContext@2a8ef1fa: startup date [Tue Oct 10 17:03:19 EDT 2017]; root of context hierarchy
Oct 10, 2017 5:03:19 PM org.springframework.beans.factory.xml.XmlBeanDefinitionReader loadBeanDefinitions
INFO: Loading XML bean definitions from class path resource [applicationContext.xml]
Oct 10, 2017 5:03:19 PM org.springframework.context.support.ClassPathXmlApplicationContext prepareRefresh
INFO: Refreshing org.springframework.context.support.ClassPathXmlApplicationContext@11648fd6: startup date [Tue Oct 10 17:03:19 EDT 2017]; root of context hierarchy
Oct 10, 2017 5:03:19 PM org.springframework.beans.factory.xml.XmlBeanDefinitionReader loadBeanDefinitions
INFO: Loading XML bean definitions from class path resource [applicationContext.xml]
Oct 10, 2017 5:03:19 PM org.springframework.context.support.ClassPathXmlApplicationContext prepareRefresh
INFO: Refreshing org.springframework.context.support.ClassPathXmlApplicationContext@52915764: startup date [Tue Oct 10 17:03:19 EDT 2017]; root of context hierarchy
Oct 10, 2017 5:03:19 PM org.springframework.beans.factory.xml.XmlBeanDefinitionReader loadBeanDefinitions
INFO: Loading XML bean definitions from class path resource [applicationContext.xml]
Oct 10, 2017 5:03:19 PM org.springframework.context.support.ClassPathXmlApplicationContext prepareRefresh
INFO: Refreshing org.springframework.context.support.ClassPathXmlApplicationContext@4094dfbc: startup date [Tue Oct 10 17:03:19 EDT 2017]; root of context hierarchy
Oct 10, 2017 5:03:19 PM org.springframework.beans.factory.xml.XmlBeanDefinitionReader loadBeanDefinitions
INFO: Loading XML bean definitions from class path resource [applicationContext.xml]
Oct 10, 2017 5:03:19 PM org.springframework.context.support.ClassPathXmlApplicationContext prepareRefresh
INFO: Refreshing org.springframework.context.support.ClassPathXmlApplicationContext@24cca986: startup date [Tue Oct 10 17:03:19 EDT 2017]; root of context hierarchy
Oct 10, 2017 5:03:19 PM org.springframework.beans.factory.xml.XmlBeanDefinitionReader loadBeanDefinitions
INFO: Loading XML bean definitions from class path resource [applicationContext.xml]
Oct 10, 2017 5:03:19 PM org.springframework.context.support.ClassPathXmlApplicationContext prepareRefresh
INFO: Refreshing org.springframework.context.support.ClassPathXmlApplicationContext@13767944: startup date [Tue Oct 10 17:03:19 EDT 2017]; root of context hierarchy
Oct 10, 2017 5:03:19 PM org.springframework.beans.factory.xml.XmlBeanDefinitionReader loadBeanDefinitions
INFO: Loading XML bean definitions from class path resource [applicationContext.xml]
Oct 10, 2017 5:03:19 PM org.springframework.context.support.ClassPathXmlApplicationContext prepareRefresh
INFO: Refreshing org.springframework.context.support.ClassPathXmlApplicationContext@7820fa97: startup date [Tue Oct 10 17:03:19 EDT 2017]; root of context hierarchy
Oct 10, 2017 5:03:19 PM org.springframework.beans.factory.xml.XmlBeanDefinitionReader loadBeanDefinitions
INFO: Loading XML bean definitions from class path resource [applicationContext.xml]
Oct 10, 2017 5:03:19 PM org.springframework.context.support.ClassPathXmlApplicationContext prepareRefresh
INFO: Refreshing org.springframework.context.support.ClassPathXmlApplicationContext@62d6611a: startup date [Tue Oct 10 17:03:19 EDT 2017]; root of context hierarchy
Oct 10, 2017 5:03:19 PM org.springframework.beans.factory.xml.XmlBeanDefinitionReader loadBeanDefinitions
INFO: Loading XML bean definitions from class path resource [applicationContext.xml]
Oct 10, 2017 5:03:19 PM org.springframework.context.support.ClassPathXmlApplicationContext prepareRefresh
INFO: Refreshing org.springframework.context.support.ClassPathXmlApplicationContext@27a60d16: startup date [Tue Oct 10 17:03:19 EDT 2017]; root of context hierarchy
Oct 10, 2017 5:03:19 PM org.springframework.beans.factory.xml.XmlBeanDefinitionReader loadBeanDefinitions
INFO: Loading XML bean definitions from class path resource [applicationContext.xml]
Oct 10, 2017 5:03:19 PM org.springframework.context.support.ClassPathXmlApplicationContext prepareRefresh
INFO: Refreshing org.springframework.context.support.ClassPathXmlApplicationContext@2d2c00d6: startup date [Tue Oct 10 17:03:19 EDT 2017]; root of context hierarchy
Oct 10, 2017 5:03:19 PM org.springframework.beans.factory.xml.XmlBeanDefinitionReader loadBeanDefinitions
INFO: Loading XML bean definitions from class path resource [applicationContext.xml]
Oct 10, 2017 5:03:19 PM org.springframework.context.support.ClassPathXmlApplicationContext prepareRefresh
INFO: Refreshing org.springframework.context.support.ClassPathXmlApplicationContext@10d99dfa: startup date [Tue Oct 10 17:03:19 EDT 2017]; root of context hierarchy
Oct 10, 2017 5:03:19 PM org.springframework.beans.factory.xml.XmlBeanDefinitionReader loadBeanDefinitions
INFO: Loading XML bean definitions from class path resource [applicationContext.xml]
Oct 10, 2017 5:03:19 PM org.springframework.context.support.ClassPathXmlApplicationContext prepareRefresh
INFO: Refreshing org.springframework.context.support.ClassPathXmlApplicationContext@4f91f4f6: startup date [Tue Oct 10 17:03:19 EDT 2017]; root of context hierarchy
Oct 10, 2017 5:03:19 PM org.springframework.beans.factory.xml.XmlBeanDefinitionReader loadBeanDefinitions
INFO: Loading XML bean definitions from class path resource [applicationContext.xml]
Oct 10, 2017 5:03:19 PM org.springframework.context.support.ClassPathXmlApplicationContext prepareRefresh
INFO: Refreshing org.springframework.context.support.ClassPathXmlApplicationContext@7ee28bb1: startup date [Tue Oct 10 17:03:19 EDT 2017]; root of context hierarchy
Oct 10, 2017 5:03:19 PM org.springframework.beans.factory.xml.XmlBeanDefinitionReader loadBeanDefinitions
INFO: Loading XML bean definitions from class path resource [applicationContext.xml]
Oct 10, 2017 5:03:19 PM org.springframework.context.support.ClassPathXmlApplicationContext prepareRefresh
INFO: Refreshing org.springframework.context.support.ClassPathXmlApplicationContext@39c0684e: startup date [Tue Oct 10 17:03:19 EDT 2017]; root of context hierarchy
Oct 10, 2017 5:03:19 PM org.springframework.beans.factory.xml.XmlBeanDefinitionReader loadBeanDefinitions
INFO: Loading XML bean definitions from class path resource [applicationContext.xml]
Oct 10, 2017 5:03:19 PM org.springframework.context.support.ClassPathXmlApplicationContext prepareRefresh
INFO: Refreshing org.springframework.context.support.ClassPathXmlApplicationContext@59d59946: startup date [Tue Oct 10 17:03:19 EDT 2017]; root of context hierarchy
Oct 10, 2017 5:03:19 PM org.springframework.beans.factory.xml.XmlBeanDefinitionReader loadBeanDefinitions
INFO: Loading XML bean definitions from class path resource [applicationContext.xml]
Oct 10, 2017 5:03:19 PM org.springframework.context.support.ClassPathXmlApplicationContext prepareRefresh
INFO: Refreshing org.springframework.context.support.ClassPathXmlApplicationContext@b879650: startup date [Tue Oct 10 17:03:19 EDT 2017]; root of context hierarchy
Oct 10, 2017 5:03:19 PM org.springframework.beans.factory.xml.XmlBeanDefinitionReader loadBeanDefinitions
INFO: Loading XML bean definitions from class path resource [applicationContext.xml]
Oct 10, 2017 5:03:19 PM org.springframework.context.support.ClassPathXmlApplicationContext prepareRefresh
INFO: Refreshing org.springframework.context.support.ClassPathXmlApplicationContext@245d3133: startup date [Tue Oct 10 17:03:19 EDT 2017]; root of context hierarchy
Oct 10, 2017 5:03:19 PM org.springframework.beans.factory.xml.XmlBeanDefinitionReader loadBeanDefinitions
INFO: Loading XML bean definitions from class path resource [applicationContext.xml]
Oct 10, 2017 5:03:19 PM org.springframework.context.support.ClassPathXmlApplicationContext prepareRefresh
INFO: Refreshing org.springframework.context.support.ClassPathXmlApplicationContext@2a8dfdf7: startup date [Tue Oct 10 17:03:19 EDT 2017]; root of context hierarchy
Oct 10, 2017 5:03:19 PM org.springframework.beans.factory.xml.XmlBeanDefinitionReader loadBeanDefinitions
INFO: Loading XML bean definitions from class path resource [applicationContext.xml]
Oct 10, 2017 5:03:19 PM org.springframework.context.support.ClassPathXmlApplicationContext prepareRefresh
INFO: Refreshing org.springframework.context.support.ClassPathXmlApplicationContext@5c234996: startup date [Tue Oct 10 17:03:19 EDT 2017]; root of context hierarchy
Oct 10, 2017 5:03:19 PM org.springframework.beans.factory.xml.XmlBeanDefinitionReader loadBeanDefinitions
INFO: Loading XML bean definitions from class path resource [applicationContext.xml]
Oct 10, 2017 5:03:19 PM org.springframework.context.support.ClassPathXmlApplicationContext prepareRefresh
INFO: Refreshing org.springframework.context.support.ClassPathXmlApplicationContext@4f29208d: startup date [Tue Oct 10 17:03:19 EDT 2017]; root of context hierarchy
Oct 10, 2017 5:03:19 PM org.springframework.beans.factory.xml.XmlBeanDefinitionReader loadBeanDefinitions
INFO: Loading XML bean definitions from class path resource [applicationContext.xml]
Oct 10, 2017 5:03:19 PM org.springframework.context.support.ClassPathXmlApplicationContext prepareRefresh
INFO: Refreshing org.springframework.context.support.ClassPathXmlApplicationContext@5daa5cce: startup date [Tue Oct 10 17:03:19 EDT 2017]; root of context hierarchy
Oct 10, 2017 5:03:19 PM org.springframework.beans.factory.xml.XmlBeanDefinitionReader loadBeanDefinitions
INFO: Loading XML bean definitions from class path resource [applicationContext.xml]
Oct 10, 2017 5:03:19 PM org.springframework.context.support.ClassPathXmlApplicationContext prepareRefresh
INFO: Refreshing org.springframework.context.support.ClassPathXmlApplicationContext@7daa9550: startup date [Tue Oct 10 17:03:19 EDT 2017]; root of context hierarchy
Oct 10, 2017 5:03:19 PM org.springframework.beans.factory.xml.XmlBeanDefinitionReader loadBeanDefinitions
INFO: Loading XML bean definitions from class path resource [applicationContext.xml]
Oct 10, 2017 5:03:19 PM org.springframework.context.support.ClassPathXmlApplicationContext prepareRefresh
INFO: Refreshing org.springframework.context.support.ClassPathXmlApplicationContext@178f3ded: startup date [Tue Oct 10 17:03:19 EDT 2017]; root of context hierarchy
Oct 10, 2017 5:03:19 PM org.springframework.beans.factory.xml.XmlBeanDefinitionReader loadBeanDefinitions
INFO: Loading XML bean definitions from class path resource [applicationContext.xml]
Oct 10, 2017 5:03:19 PM org.springframework.context.support.ClassPathXmlApplicationContext prepareRefresh
INFO: Refreshing org.springframework.context.support.ClassPathXmlApplicationContext@3181d: startup date [Tue Oct 10 17:03:19 EDT 2017]; root of context hierarchy
Oct 10, 2017 5:03:19 PM org.springframework.beans.factory.xml.XmlBeanDefinitionReader loadBeanDefinitions
INFO: Loading XML bean definitions from class path resource [applicationContext.xml]
Oct 10, 2017 5:03:19 PM org.springframework.context.support.ClassPathXmlApplicationContext prepareRefresh
INFO: Refreshing org.springframework.context.support.ClassPathXmlApplicationContext@36609701: startup date [Tue Oct 10 17:03:19 EDT 2017]; root of context hierarchy
Oct 10, 2017 5:03:19 PM org.springframework.beans.factory.xml.XmlBeanDefinitionReader loadBeanDefinitions
INFO: Loading XML bean definitions from class path resource [applicationContext.xml]
Oct 10, 2017 5:03:19 PM org.springframework.context.support.ClassPathXmlApplicationContext prepareRefresh
INFO: Refreshing org.springframework.context.support.ClassPathXmlApplicationContext@7547fcc5: startup date [Tue Oct 10 17:03:19 EDT 2017]; root of context hierarchy
Oct 10, 2017 5:03:19 PM org.springframework.beans.factory.xml.XmlBeanDefinitionReader loadBeanDefinitions
INFO: Loading XML bean definitions from class path resource [applicationContext.xml]
Oct 10, 2017 5:03:19 PM org.springframework.context.support.ClassPathXmlApplicationContext prepareRefresh
INFO: Refreshing org.springframework.context.support.ClassPathXmlApplicationContext@5a6dbab7: startup date [Tue Oct 10 17:03:19 EDT 2017]; root of context hierarchy
Oct 10, 2017 5:03:19 PM org.springframework.beans.factory.xml.XmlBeanDefinitionReader loadBeanDefinitions
INFO: Loading XML bean definitions from class path resource [applicationContext.xml]
Oct 10, 2017 5:03:19 PM org.springframework.context.support.ClassPathXmlApplicationContext prepareRefresh
INFO: Refreshing org.springframework.context.support.ClassPathXmlApplicationContext@5a154f22: startup date [Tue Oct 10 17:03:19 EDT 2017]; root of context hierarchy
Oct 10, 2017 5:03:19 PM org.springframework.beans.factory.xml.XmlBeanDefinitionReader loadBeanDefinitions
INFO: Loading XML bean definitions from class path resource [applicationContext.xml]
Oct 10, 2017 5:03:19 PM org.springframework.context.support.ClassPathXmlApplicationContext prepareRefresh
INFO: Refreshing org.springframework.context.support.ClassPathXmlApplicationContext@52d98c73: startup date [Tue Oct 10 17:03:19 EDT 2017]; root of context hierarchy
Oct 10, 2017 5:03:19 PM org.springframework.beans.factory.xml.XmlBeanDefinitionReader loadBeanDefinitions
INFO: Loading XML bean definitions from class path resource [applicationContext.xml]
Oct 10, 2017 5:03:19 PM org.springframework.context.support.ClassPathXmlApplicationContext prepareRefresh
INFO: Refreshing org.springframework.context.support.ClassPathXmlApplicationContext@732cfe49: startup date [Tue Oct 10 17:03:19 EDT 2017]; root of context hierarchy
Oct 10, 2017 5:03:19 PM org.springframework.beans.factory.xml.XmlBeanDefinitionReader loadBeanDefinitions
INFO: Loading XML bean definitions from class path resource [applicationContext.xml]
Oct 10, 2017 5:03:19 PM org.springframework.context.support.ClassPathXmlApplicationContext prepareRefresh
INFO: Refreshing org.springframework.context.support.ClassPathXmlApplicationContext@2b287eb8: startup date [Tue Oct 10 17:03:19 EDT 2017]; root of context hierarchy
Oct 10, 2017 5:03:19 PM org.springframework.beans.factory.xml.XmlBeanDefinitionReader loadBeanDefinitions
INFO: Loading XML bean definitions from class path resource [applicationContext.xml]
Oct 10, 2017 5:03:19 PM org.springframework.context.support.ClassPathXmlApplicationContext prepareRefresh
INFO: Refreshing org.springframework.context.support.ClassPathXmlApplicationContext@203a51cf: startup date [Tue Oct 10 17:03:19 EDT 2017]; root of context hierarchy
Oct 10, 2017 5:03:19 PM org.springframework.beans.factory.xml.XmlBeanDefinitionReader loadBeanDefinitions
INFO: Loading XML bean definitions from class path resource [applicationContext.xml]
Oct 10, 2017 5:03:19 PM org.springframework.context.support.ClassPathXmlApplicationContext prepareRefresh
INFO: Refreshing org.springframework.context.support.ClassPathXmlApplicationContext@422e0e57: startup date [Tue Oct 10 17:03:19 EDT 2017]; root of context hierarchy
Oct 10, 2017 5:03:19 PM org.springframework.beans.factory.xml.XmlBeanDefinitionReader loadBeanDefinitions
INFO: Loading XML bean definitions from class path resource [applicationContext.xml]
Oct 10, 2017 5:03:19 PM org.springframework.context.support.ClassPathXmlApplicationContext prepareRefresh
INFO: Refreshing org.springframework.context.support.ClassPathXmlApplicationContext@5be3bb4b: startup date [Tue Oct 10 17:03:19 EDT 2017]; root of context hierarchy
Oct 10, 2017 5:03:19 PM org.springframework.beans.factory.xml.XmlBeanDefinitionReader loadBeanDefinitions
INFO: Loading XML bean definitions from class path resource [applicationContext.xml]
Oct 10, 2017 5:03:19 PM org.springframework.context.support.ClassPathXmlApplicationContext prepareRefresh
INFO: Refreshing org.springframework.context.support.ClassPathXmlApplicationContext@5244f5d0: startup date [Tue Oct 10 17:03:19 EDT 2017]; root of context hierarchy
Oct 10, 2017 5:03:19 PM org.springframework.beans.factory.xml.XmlBeanDefinitionReader loadBeanDefinitions
INFO: Loading XML bean definitions from class path resource [applicationContext.xml]
Oct 10, 2017 5:03:19 PM org.springframework.context.support.ClassPathXmlApplicationContext prepareRefresh
INFO: Refreshing org.springframework.context.support.ClassPathXmlApplicationContext@2c013860: startup date [Tue Oct 10 17:03:19 EDT 2017]; root of context hierarchy
Oct 10, 2017 5:03:19 PM org.springframework.beans.factory.xml.XmlBeanDefinitionReader loadBeanDefinitions
INFO: Loading XML bean definitions from class path resource [applicationContext.xml]
Oct 10, 2017 5:03:19 PM org.springframework.context.support.ClassPathXmlApplicationContext prepareRefresh
INFO: Refreshing org.springframework.context.support.ClassPathXmlApplicationContext@271614e4: startup date [Tue Oct 10 17:03:19 EDT 2017]; root of context hierarchy
Oct 10, 2017 5:03:19 PM org.springframework.beans.factory.xml.XmlBeanDefinitionReader loadBeanDefinitions
INFO: Loading XML bean definitions from class path resource [applicationContext.xml]
Oct 10, 2017 5:03:19 PM org.springframework.context.support.ClassPathXmlApplicationContext prepareRefresh
INFO: Refreshing org.springframework.context.support.ClassPathXmlApplicationContext@5c8b33bd: startup date [Tue Oct 10 17:03:19 EDT 2017]; root of context hierarchy
Oct 10, 2017 5:03:19 PM org.springframework.beans.factory.xml.XmlBeanDefinitionReader loadBeanDefinitions
INFO: Loading XML bean definitions from class path resource [applicationContext.xml]
Oct 10, 2017 5:03:19 PM org.springframework.context.support.ClassPathXmlApplicationContext prepareRefresh
INFO: Refreshing org.springframework.context.support.ClassPathXmlApplicationContext@590fb210: startup date [Tue Oct 10 17:03:19 EDT 2017]; root of context hierarchy
Oct 10, 2017 5:03:19 PM org.springframework.beans.factory.xml.XmlBeanDefinitionReader loadBeanDefinitions
INFO: Loading XML bean definitions from class path resource [applicationContext.xml]
Oct 10, 2017 5:03:19 PM org.springframework.context.support.ClassPathXmlApplicationContext prepareRefresh
INFO: Refreshing org.springframework.context.support.ClassPathXmlApplicationContext@372cfd86: startup date [Tue Oct 10 17:03:19 EDT 2017]; root of context hierarchy
Oct 10, 2017 5:03:19 PM org.springframework.beans.factory.xml.XmlBeanDefinitionReader loadBeanDefinitions
INFO: Loading XML bean definitions from class path resource [applicationContext.xml]
Oct 10, 2017 5:03:19 PM org.springframework.context.support.ClassPathXmlApplicationContext prepareRefresh
INFO: Refreshing org.springframework.context.support.ClassPathXmlApplicationContext@1d3e0e96: startup date [Tue Oct 10 17:03:19 EDT 2017]; root of context hierarchy
Oct 10, 2017 5:03:19 PM org.springframework.beans.factory.xml.XmlBeanDefinitionReader loadBeanDefinitions
INFO: Loading XML bean definitions from class path resource [applicationContext.xml]
Oct 10, 2017 5:03:19 PM org.springframework.context.support.ClassPathXmlApplicationContext prepareRefresh
INFO: Refreshing org.springframework.context.support.ClassPathXmlApplicationContext@7adcaa6b: startup date [Tue Oct 10 17:03:19 EDT 2017]; root of context hierarchy
Oct 10, 2017 5:03:19 PM org.springframework.beans.factory.xml.XmlBeanDefinitionReader loadBeanDefinitions
INFO: Loading XML bean definitions from class path resource [applicationContext.xml]
Oct 10, 2017 5:03:19 PM org.springframework.context.support.ClassPathXmlApplicationContext prepareRefresh
INFO: Refreshing org.springframework.context.support.ClassPathXmlApplicationContext@37be0d45: startup date [Tue Oct 10 17:03:19 EDT 2017]; root of context hierarchy
Oct 10, 2017 5:03:19 PM org.springframework.beans.factory.xml.XmlBeanDefinitionReader loadBeanDefinitions
INFO: Loading XML bean definitions from class path resource [applicationContext.xml]
Oct 10, 2017 5:03:19 PM org.springframework.context.support.ClassPathXmlApplicationContext prepareRefresh
INFO: Refreshing org.springframework.context.support.ClassPathXmlApplicationContext@3b31d4cf: startup date [Tue Oct 10 17:03:19 EDT 2017]; root of context hierarchy
Oct 10, 2017 5:03:19 PM org.springframework.beans.factory.xml.XmlBeanDefinitionReader loadBeanDefinitions
INFO: Loading XML bean definitions from class path resource [applicationContext.xml]
Oct 10, 2017 5:03:19 PM org.springframework.context.support.ClassPathXmlApplicationContext prepareRefresh
INFO: Refreshing org.springframework.context.support.ClassPathXmlApplicationContext@5cb6f326: startup date [Tue Oct 10 17:03:19 EDT 2017]; root of context hierarchy
Oct 10, 2017 5:03:19 PM org.springframework.beans.factory.xml.XmlBeanDefinitionReader loadBeanDefinitions
INFO: Loading XML bean definitions from class path resource [applicationContext.xml]
Oct 10, 2017 5:03:19 PM org.springframework.context.support.ClassPathXmlApplicationContext prepareRefresh
INFO: Refreshing org.springframework.context.support.ClassPathXmlApplicationContext@384e3e54: startup date [Tue Oct 10 17:03:19 EDT 2017]; root of context hierarchy
Oct 10, 2017 5:03:19 PM org.springframework.beans.factory.xml.XmlBeanDefinitionReader loadBeanDefinitions
INFO: Loading XML bean definitions from class path resource [applicationContext.xml]
Oct 10, 2017 5:03:19 PM org.springframework.context.support.ClassPathXmlApplicationContext prepareRefresh
INFO: Refreshing org.springframework.context.support.ClassPathXmlApplicationContext@5ac214: startup date [Tue Oct 10 17:03:19 EDT 2017]; root of context hierarchy
Oct 10, 2017 5:03:19 PM org.springframework.beans.factory.xml.XmlBeanDefinitionReader loadBeanDefinitions
INFO: Loading XML bean definitions from class path resource [applicationContext.xml]
Oct 10, 2017 5:03:19 PM org.springframework.context.support.ClassPathXmlApplicationContext prepareRefresh
INFO: Refreshing org.springframework.context.support.ClassPathXmlApplicationContext@6151a43a: startup date [Tue Oct 10 17:03:19 EDT 2017]; root of context hierarchy
Oct 10, 2017 5:03:19 PM org.springframework.beans.factory.xml.XmlBeanDefinitionReader loadBeanDefinitions
INFO: Loading XML bean definitions from class path resource [applicationContext.xml]
Oct 10, 2017 5:03:19 PM org.springframework.context.support.ClassPathXmlApplicationContext prepareRefresh
INFO: Refreshing org.springframework.context.support.ClassPathXmlApplicationContext@18a204c: startup date [Tue Oct 10 17:03:19 EDT 2017]; root of context hierarchy
Oct 10, 2017 5:03:19 PM org.springframework.beans.factory.xml.XmlBeanDefinitionReader loadBeanDefinitions
INFO: Loading XML bean definitions from class path resource [applicationContext.xml]
Oct 10, 2017 5:03:19 PM org.springframework.context.support.ClassPathXmlApplicationContext prepareRefresh
INFO: Refreshing org.springframework.context.support.ClassPathXmlApplicationContext@1ae75c8e: startup date [Tue Oct 10 17:03:19 EDT 2017]; root of context hierarchy
Oct 10, 2017 5:03:19 PM org.springframework.beans.factory.xml.XmlBeanDefinitionReader loadBeanDefinitions
INFO: Loading XML bean definitions from class path resource [applicationContext.xml]
Oct 10, 2017 5:03:19 PM org.springframework.context.support.ClassPathXmlApplicationContext prepareRefresh
INFO: Refreshing org.springframework.context.support.ClassPathXmlApplicationContext@3a82ff5: startup date [Tue Oct 10 17:03:19 EDT 2017]; root of context hierarchy
Oct 10, 2017 5:03:19 PM org.springframework.beans.factory.xml.XmlBeanDefinitionReader loadBeanDefinitions
INFO: Loading XML bean definitions from class path resource [applicationContext.xml]
Oct 10, 2017 5:03:19 PM org.springframework.context.support.ClassPathXmlApplicationContext prepareRefresh
INFO: Refreshing org.springframework.context.support.ClassPathXmlApplicationContext@ca69671: startup date [Tue Oct 10 17:03:19 EDT 2017]; root of context hierarchy
Oct 10, 2017 5:03:19 PM org.springframework.beans.factory.xml.XmlBeanDefinitionReader loadBeanDefinitions
INFO: Loading XML bean definitions from class path resource [applicationContext.xml]
Oct 10, 2017 5:03:19 PM org.springframework.context.support.ClassPathXmlApplicationContext prepareRefresh
INFO: Refreshing org.springframework.context.support.ClassPathXmlApplicationContext@6467ce1a: startup date [Tue Oct 10 17:03:19 EDT 2017]; root of context hierarchy
Oct 10, 2017 5:03:19 PM org.springframework.beans.factory.xml.XmlBeanDefinitionReader loadBeanDefinitions
INFO: Loading XML bean definitions from class path resource [applicationContext.xml]
Oct 10, 2017 5:03:19 PM org.springframework.context.support.ClassPathXmlApplicationContext prepareRefresh
INFO: Refreshing org.springframework.context.support.ClassPathXmlApplicationContext@42875911: startup date [Tue Oct 10 17:03:19 EDT 2017]; root of context hierarchy
Oct 10, 2017 5:03:19 PM org.springframework.beans.factory.xml.XmlBeanDefinitionReader loadBeanDefinitions
INFO: Loading XML bean definitions from class path resource [applicationContext.xml]
Oct 10, 2017 5:03:19 PM org.springframework.context.support.ClassPathXmlApplicationContext prepareRefresh
INFO: Refreshing org.springframework.context.support.ClassPathXmlApplicationContext@62cf74d8: startup date [Tue Oct 10 17:03:19 EDT 2017]; root of context hierarchy
Oct 10, 2017 5:03:19 PM org.springframework.beans.factory.xml.XmlBeanDefinitionReader loadBeanDefinitions
INFO: Loading XML bean definitions from class path resource [applicationContext.xml]
Oct 10, 2017 5:03:19 PM org.springframework.context.support.ClassPathXmlApplicationContext prepareRefresh
INFO: Refreshing org.springframework.context.support.ClassPathXmlApplicationContext@7b112f9a: startup date [Tue Oct 10 17:03:19 EDT 2017]; root of context hierarchy
Oct 10, 2017 5:03:19 PM org.springframework.beans.factory.xml.XmlBeanDefinitionReader loadBeanDefinitions
INFO: Loading XML bean definitions from class path resource [applicationContext.xml]
Oct 10, 2017 5:03:19 PM org.springframework.context.support.ClassPathXmlApplicationContext prepareRefresh
INFO: Refreshing org.springframework.context.support.ClassPathXmlApplicationContext@3d52a67f: startup date [Tue Oct 10 17:03:19 EDT 2017]; root of context hierarchy
Oct 10, 2017 5:03:19 PM org.springframework.beans.factory.xml.XmlBeanDefinitionReader loadBeanDefinitions
INFO: Loading XML bean definitions from class path resource [applicationContext.xml]
Oct 10, 2017 5:03:19 PM org.springframework.context.support.ClassPathXmlApplicationContext prepareRefresh
INFO: Refreshing org.springframework.context.support.ClassPathXmlApplicationContext@6f309425: startup date [Tue Oct 10 17:03:19 EDT 2017]; root of context hierarchy
Oct 10, 2017 5:03:19 PM org.springframework.beans.factory.xml.XmlBeanDefinitionReader loadBeanDefinitions
INFO: Loading XML bean definitions from class path resource [applicationContext.xml]
Oct 10, 2017 5:03:20 PM org.springframework.context.support.ClassPathXmlApplicationContext prepareRefresh
INFO: Refreshing org.springframework.context.support.ClassPathXmlApplicationContext@47340483: startup date [Tue Oct 10 17:03:20 EDT 2017]; root of context hierarchy
Oct 10, 2017 5:03:20 PM org.springframework.beans.factory.xml.XmlBeanDefinitionReader loadBeanDefinitions
INFO: Loading XML bean definitions from class path resource [applicationContext.xml]
Oct 10, 2017 5:03:20 PM org.springframework.context.support.ClassPathXmlApplicationContext prepareRefresh
INFO: Refreshing org.springframework.context.support.ClassPathXmlApplicationContext@3657d991: startup date [Tue Oct 10 17:03:20 EDT 2017]; root of context hierarchy
Oct 10, 2017 5:03:20 PM org.springframework.beans.factory.xml.XmlBeanDefinitionReader loadBeanDefinitions
INFO: Loading XML bean definitions from class path resource [applicationContext.xml]
Oct 10, 2017 5:03:20 PM org.springframework.context.support.ClassPathXmlApplicationContext prepareRefresh
INFO: Refreshing org.springframework.context.support.ClassPathXmlApplicationContext@4a047722: startup date [Tue Oct 10 17:03:20 EDT 2017]; root of context hierarchy
Oct 10, 2017 5:03:20 PM org.springframework.beans.factory.xml.XmlBeanDefinitionReader loadBeanDefinitions
INFO: Loading XML bean definitions from class path resource [applicationContext.xml]
Oct 10, 2017 5:03:20 PM org.springframework.context.support.ClassPathXmlApplicationContext prepareRefresh
INFO: Refreshing org.springframework.context.support.ClassPathXmlApplicationContext@53dee7a2: startup date [Tue Oct 10 17:03:20 EDT 2017]; root of context hierarchy
Oct 10, 2017 5:03:20 PM org.springframework.beans.factory.xml.XmlBeanDefinitionReader loadBeanDefinitions
INFO: Loading XML bean definitions from class path resource [applicationContext.xml]
Oct 10, 2017 5:03:20 PM org.springframework.context.support.ClassPathXmlApplicationContext prepareRefresh
INFO: Refreshing org.springframework.context.support.ClassPathXmlApplicationContext@307befa3: startup date [Tue Oct 10 17:03:20 EDT 2017]; root of context hierarchy
Oct 10, 2017 5:03:20 PM org.springframework.beans.factory.xml.XmlBeanDefinitionReader loadBeanDefinitions
INFO: Loading XML bean definitions from class path resource [applicationContext.xml]
Oct 10, 2017 5:03:20 PM org.springframework.context.support.ClassPathXmlApplicationContext prepareRefresh
INFO: Refreshing org.springframework.context.support.ClassPathXmlApplicationContext@67389b75: startup date [Tue Oct 10 17:03:20 EDT 2017]; root of context hierarchy
Oct 10, 2017 5:03:20 PM org.springframework.beans.factory.xml.XmlBeanDefinitionReader loadBeanDefinitions
INFO: Loading XML bean definitions from class path resource [applicationContext.xml]
</system-err>
  </testcase>
</testsuite>