<?xml version="1.0" encoding="UTF-8" ?>
<testsuite tests="5" failures="0" name="com.sg.flooringmastery.dao.FMOrderDaoTest" time="0.007" errors="5" skipped="0">
  <properties>
    <property name="java.runtime.name" value="Java(TM) SE Runtime Environment"/>
    <property name="sun.boot.library.path" value="C:\Program Files\Java\jdk1.8.0_131\jre\bin"/>
    <property name="java.vm.version" value="25.131-b11"/>
    <property name="java.vm.vendor" value="Oracle Corporation"/>
    <property name="maven.multiModuleProjectDirectory" value="C:\Users\connor\Documents\Programming\Repos\SoftwareGuild\connor-kelly-individual-work\FlooringMastery"/>
    <property name="java.vendor.url" value="http://java.oracle.com/"/>
    <property name="path.separator" value=";"/>
    <property name="guice.disable.misplaced.annotation.check" value="true"/>
    <property name="java.vm.name" value="Java HotSpot(TM) 64-Bit Server VM"/>
    <property name="file.encoding.pkg" value="sun.io"/>
    <property name="user.script" value=""/>
    <property name="user.country" value="US"/>
    <property name="sun.java.launcher" value="SUN_STANDARD"/>
    <property name="sun.os.patch.level" value=""/>
    <property name="java.vm.specification.name" value="Java Virtual Machine Specification"/>
    <property name="user.dir" value="C:\Users\connor\Documents\Programming\Repos\SoftwareGuild\connor-kelly-individual-work\FlooringMastery"/>
    <property name="java.runtime.version" value="1.8.0_131-b11"/>
    <property name="java.awt.graphicsenv" value="sun.awt.Win32GraphicsEnvironment"/>
    <property name="java.endorsed.dirs" value="C:\Program Files\Java\jdk1.8.0_131\jre\lib\endorsed"/>
    <property name="os.arch" value="amd64"/>
    <property name="java.io.tmpdir" value="C:\Users\connor\AppData\Local\Temp\"/>
    <property name="line.separator" value="
"/>
    <property name="java.vm.specification.vendor" value="Oracle Corporation"/>
    <property name="user.variant" value=""/>
    <property name="os.name" value="Windows 10"/>
    <property name="maven.ext.class.path" value="C:\Program Files\NetBeans 8.2\java\maven-nblib\netbeans-eventspy.jar"/>
    <property name="classworlds.conf" value="C:\Program Files\Apache Software Foundation\apache-maven-3.5.0\bin\..\bin\m2.conf"/>
    <property name="sun.jnu.encoding" value="Cp1252"/>
    <property name="java.library.path" value="C:\Program Files\Java\jdk1.8.0_131\bin;C:\WINDOWS\Sun\Java\bin;C:\WINDOWS\system32;C:\WINDOWS;C:\ProgramData\Oracle\Java\javapath;C:\Program Files\Microsoft MPI\Bin\;C:\Program Files (x86)\Intel\iCLS Client\;C:\Program Files\Intel\iCLS Client\;C:\WINDOWS\system32;C:\WINDOWS;C:\WINDOWS\System32\Wbem;C:\WINDOWS\System32\WindowsPowerShell\v1.0\;C:\Program Files\Intel\Intel(R) Management Engine Components\DAL;C:\Program Files\Intel\Intel(R) Management Engine Components\IPT;C:\Program Files (x86)\Intel\Intel(R) Management Engine Components\DAL;C:\Program Files (x86)\Intel\Intel(R) Management Engine Components\IPT;C:\Program Files\Intel\WiFi\bin\;C:\Program Files\Common Files\Intel\WirelessCommon\;C:\Python27;C:\Program Files\Anaconda3;C:\Program Files\Anaconda3\Scripts;C:\Program Files\Anaconda3\Library\bin;C:\Program Files (x86)\GtkSharp\2.12\bin;C:\Program Files\Java\jdk1.8.0_131\bin;C:\Program Files\Apache Software Foundation\apache-maven-3.5.0\bin;C:\Users\connor\AppData\Local\Microsoft\WindowsApps;;C:\Program Files\Microsoft VS Code\bin;."/>
    <property name="maven.conf" value="C:\Program Files\Apache Software Foundation\apache-maven-3.5.0\bin\../conf"/>
    <property name="java.specification.name" value="Java Platform API Specification"/>
    <property name="java.class.version" value="52.0"/>
    <property name="sun.management.compiler" value="HotSpot 64-Bit Tiered Compilers"/>
    <property name="os.version" value="10.0"/>
    <property name="library.jansi.path" value="C:\Program Files\Apache Software Foundation\apache-maven-3.5.0\bin\..\lib\jansi-native\windows64"/>
    <property name="user.home" value="C:\Users\connor"/>
    <property name="user.timezone" value="America/New_York"/>
    <property name="java.awt.printerjob" value="sun.awt.windows.WPrinterJob"/>
    <property name="java.specification.version" value="1.8"/>
    <property name="file.encoding" value="UTF-8"/>
    <property name="user.name" value="connor"/>
    <property name="java.class.path" value="C:\Program Files\Apache Software Foundation\apache-maven-3.5.0\bin\..\boot\plexus-classworlds-2.5.2.jar"/>
    <property name="java.vm.specification.version" value="1.8"/>
    <property name="sun.arch.data.model" value="64"/>
    <property name="java.home" value="C:\Program Files\Java\jdk1.8.0_131\jre"/>
    <property name="sun.java.command" value="org.codehaus.plexus.classworlds.launcher.Launcher -Dmaven.ext.class.path=C:\Program Files\NetBeans 8.2\java\maven-nblib\netbeans-eventspy.jar -Dfile.encoding=UTF-8 clean install"/>
    <property name="java.specification.vendor" value="Oracle Corporation"/>
    <property name="user.language" value="en"/>
    <property name="awt.toolkit" value="sun.awt.windows.WToolkit"/>
    <property name="java.vm.info" value="mixed mode"/>
    <property name="java.version" value="1.8.0_131"/>
    <property name="java.ext.dirs" value="C:\Program Files\Java\jdk1.8.0_131\jre\lib\ext;C:\WINDOWS\Sun\Java\lib\ext"/>
    <property name="sun.boot.class.path" value="C:\Program Files\Java\jdk1.8.0_131\jre\lib\resources.jar;C:\Program Files\Java\jdk1.8.0_131\jre\lib\rt.jar;C:\Program Files\Java\jdk1.8.0_131\jre\lib\sunrsasign.jar;C:\Program Files\Java\jdk1.8.0_131\jre\lib\jsse.jar;C:\Program Files\Java\jdk1.8.0_131\jre\lib\jce.jar;C:\Program Files\Java\jdk1.8.0_131\jre\lib\charsets.jar;C:\Program Files\Java\jdk1.8.0_131\jre\lib\jfr.jar;C:\Program Files\Java\jdk1.8.0_131\jre\classes"/>
    <property name="java.vendor" value="Oracle Corporation"/>
    <property name="maven.home" value="C:\Program Files\Apache Software Foundation\apache-maven-3.5.0\bin\.."/>
    <property name="file.separator" value="\"/>
    <property name="java.vendor.url.bug" value="http://bugreport.sun.com/bugreport/"/>
    <property name="sun.cpu.endian" value="little"/>
    <property name="sun.io.unicode.encoding" value="UnicodeLittle"/>
    <property name="sun.desktop" value="windows"/>
    <property name="sun.cpu.isalist" value="amd64"/>
  </properties>
  <testcase classname="com.sg.flooringmastery.dao.FMOrderDaoTest" name="testEditOrder" time="0.004">
    <error message="org.springframework.beans.FatalBeanException" type="java.lang.NoClassDefFoundError">java.lang.NoClassDefFoundError: org.springframework.beans.FatalBeanException
	at org.springframework.beans.factory.support.AbstractAutowireCapableBeanFactory.instantiateBean(AbstractAutowireCapableBeanFactory.java:1154)
	at org.springframework.beans.factory.support.AbstractAutowireCapableBeanFactory.createBeanInstance(AbstractAutowireCapableBeanFactory.java:1099)
	at org.springframework.beans.factory.support.AbstractAutowireCapableBeanFactory.doCreateBean(AbstractAutowireCapableBeanFactory.java:513)
	at org.springframework.beans.factory.support.AbstractAutowireCapableBeanFactory.createBean(AbstractAutowireCapableBeanFactory.java:483)
	at org.springframework.beans.factory.support.AbstractBeanFactory$1.getObject(AbstractBeanFactory.java:306)
	at org.springframework.beans.factory.support.DefaultSingletonBeanRegistry.getSingleton(DefaultSingletonBeanRegistry.java:230)
	at org.springframework.beans.factory.support.AbstractBeanFactory.doGetBean(AbstractBeanFactory.java:302)
	at org.springframework.beans.factory.support.AbstractBeanFactory.getBean(AbstractBeanFactory.java:197)
	at org.springframework.beans.factory.support.DefaultListableBeanFactory.preInstantiateSingletons(DefaultListableBeanFactory.java:761)
	at org.springframework.context.support.AbstractApplicationContext.finishBeanFactoryInitialization(AbstractApplicationContext.java:867)
	at org.springframework.context.support.AbstractApplicationContext.refresh(AbstractApplicationContext.java:543)
	at org.springframework.context.support.ClassPathXmlApplicationContext.&lt;init&gt;(ClassPathXmlApplicationContext.java:139)
	at org.springframework.context.support.ClassPathXmlApplicationContext.&lt;init&gt;(ClassPathXmlApplicationContext.java:83)
	at com.sg.flooringmastery.dao.FMOrderDaoTest.&lt;init&gt;(FMOrderDaoTest.java:31)
	at sun.reflect.NativeConstructorAccessorImpl.newInstance0(Native Method)
	at sun.reflect.NativeConstructorAccessorImpl.newInstance(NativeConstructorAccessorImpl.java:62)
	at sun.reflect.DelegatingConstructorAccessorImpl.newInstance(DelegatingConstructorAccessorImpl.java:45)
	at java.lang.reflect.Constructor.newInstance(Constructor.java:423)
	at org.junit.runners.BlockJUnit4ClassRunner.createTest(BlockJUnit4ClassRunner.java:217)
	at org.junit.runners.BlockJUnit4ClassRunner$1.runReflectiveCall(BlockJUnit4ClassRunner.java:266)
	at org.junit.internal.runners.model.ReflectiveCallable.run(ReflectiveCallable.java:12)
	at org.junit.runners.BlockJUnit4ClassRunner.methodBlock(BlockJUnit4ClassRunner.java:263)
	at org.junit.runners.BlockJUnit4ClassRunner.runChild(BlockJUnit4ClassRunner.java:78)
	at org.junit.runners.BlockJUnit4ClassRunner.runChild(BlockJUnit4ClassRunner.java:57)
	at org.junit.runners.ParentRunner$3.run(ParentRunner.java:290)
	at org.junit.runners.ParentRunner$1.schedule(ParentRunner.java:71)
	at org.junit.runners.ParentRunner.runChildren(ParentRunner.java:288)
	at org.junit.runners.ParentRunner.access$000(ParentRunner.java:58)
	at org.junit.runners.ParentRunner$2.evaluate(ParentRunner.java:268)
	at org.junit.runners.ParentRunner.run(ParentRunner.java:363)
	at org.apache.maven.surefire.junit4.JUnit4Provider.execute(JUnit4Provider.java:252)
	at org.apache.maven.surefire.junit4.JUnit4Provider.executeTestSet(JUnit4Provider.java:141)
	at org.apache.maven.surefire.junit4.JUnit4Provider.invoke(JUnit4Provider.java:112)
	at sun.reflect.NativeMethodAccessorImpl.invoke0(Native Method)
	at sun.reflect.NativeMethodAccessorImpl.invoke(NativeMethodAccessorImpl.java:62)
	at sun.reflect.DelegatingMethodAccessorImpl.invoke(DelegatingMethodAccessorImpl.java:43)
	at java.lang.reflect.Method.invoke(Method.java:498)
	at org.apache.maven.surefire.util.ReflectionUtils.invokeMethodWithArray(ReflectionUtils.java:189)
	at org.apache.maven.surefire.booter.ProviderFactory$ProviderProxy.invoke(ProviderFactory.java:165)
	at org.apache.maven.surefire.booter.ProviderFactory.invokeProvider(ProviderFactory.java:85)
	at org.apache.maven.surefire.booter.ForkedBooter.runSuitesInProcess(ForkedBooter.java:115)
	at org.apache.maven.surefire.booter.ForkedBooter.main(ForkedBooter.java:75)
</error>
    <system-err>Oct 10, 2017 5:02:42 PM org.springframework.context.support.ClassPathXmlApplicationContext prepareRefresh
INFO: Refreshing org.springframework.context.support.ClassPathXmlApplicationContext@c39f790: startup date [Tue Oct 10 17:02:42 EDT 2017]; root of context hierarchy
Oct 10, 2017 5:02:43 PM org.springframework.beans.factory.xml.XmlBeanDefinitionReader loadBeanDefinitions
INFO: Loading XML bean definitions from class path resource [applicationContext.xml]
Oct 10, 2017 5:02:43 PM org.springframework.context.support.ClassPathXmlApplicationContext prepareRefresh
INFO: Refreshing org.springframework.context.support.ClassPathXmlApplicationContext@150c158: startup date [Tue Oct 10 17:02:43 EDT 2017]; root of context hierarchy
Oct 10, 2017 5:02:43 PM org.springframework.beans.factory.xml.XmlBeanDefinitionReader loadBeanDefinitions
INFO: Loading XML bean definitions from class path resource [applicationContext.xml]
Oct 10, 2017 5:02:43 PM org.springframework.context.support.ClassPathXmlApplicationContext prepareRefresh
INFO: Refreshing org.springframework.context.support.ClassPathXmlApplicationContext@fcd6521: startup date [Tue Oct 10 17:02:43 EDT 2017]; root of context hierarchy
Oct 10, 2017 5:02:43 PM org.springframework.beans.factory.xml.XmlBeanDefinitionReader loadBeanDefinitions
INFO: Loading XML bean definitions from class path resource [applicationContext.xml]
Oct 10, 2017 5:02:43 PM org.springframework.context.support.ClassPathXmlApplicationContext prepareRefresh
INFO: Refreshing org.springframework.context.support.ClassPathXmlApplicationContext@768b970c: startup date [Tue Oct 10 17:02:43 EDT 2017]; root of context hierarchy
Oct 10, 2017 5:02:43 PM org.springframework.beans.factory.xml.XmlBeanDefinitionReader loadBeanDefinitions
INFO: Loading XML bean definitions from class path resource [applicationContext.xml]
Oct 10, 2017 5:02:43 PM org.springframework.context.support.ClassPathXmlApplicationContext prepareRefresh
INFO: Refreshing org.springframework.context.support.ClassPathXmlApplicationContext@5e57643e: startup date [Tue Oct 10 17:02:43 EDT 2017]; root of context hierarchy
Oct 10, 2017 5:02:43 PM org.springframework.beans.factory.xml.XmlBeanDefinitionReader loadBeanDefinitions
INFO: Loading XML bean definitions from class path resource [applicationContext.xml]
Oct 10, 2017 5:02:43 PM org.springframework.context.support.ClassPathXmlApplicationContext prepareRefresh
INFO: Refreshing org.springframework.context.support.ClassPathXmlApplicationContext@77a57272: startup date [Tue Oct 10 17:02:43 EDT 2017]; root of context hierarchy
Oct 10, 2017 5:02:43 PM org.springframework.beans.factory.xml.XmlBeanDefinitionReader loadBeanDefinitions
INFO: Loading XML bean definitions from class path resource [applicationContext.xml]
Oct 10, 2017 5:02:43 PM org.springframework.context.support.ClassPathXmlApplicationContext prepareRefresh
INFO: Refreshing org.springframework.context.support.ClassPathXmlApplicationContext@5e25a92e: startup date [Tue Oct 10 17:02:43 EDT 2017]; root of context hierarchy
Oct 10, 2017 5:02:43 PM org.springframework.beans.factory.xml.XmlBeanDefinitionReader loadBeanDefinitions
INFO: Loading XML bean definitions from class path resource [applicationContext.xml]
Oct 10, 2017 5:02:43 PM org.springframework.context.support.ClassPathXmlApplicationContext prepareRefresh
INFO: Refreshing org.springframework.context.support.ClassPathXmlApplicationContext@641147d0: startup date [Tue Oct 10 17:02:43 EDT 2017]; root of context hierarchy
Oct 10, 2017 5:02:43 PM org.springframework.beans.factory.xml.XmlBeanDefinitionReader loadBeanDefinitions
INFO: Loading XML bean definitions from class path resource [applicationContext.xml]
Oct 10, 2017 5:02:43 PM org.springframework.context.support.ClassPathXmlApplicationContext prepareRefresh
INFO: Refreshing org.springframework.context.support.ClassPathXmlApplicationContext@b7f23d9: startup date [Tue Oct 10 17:02:43 EDT 2017]; root of context hierarchy
Oct 10, 2017 5:02:43 PM org.springframework.beans.factory.xml.XmlBeanDefinitionReader loadBeanDefinitions
INFO: Loading XML bean definitions from class path resource [applicationContext.xml]
Oct 10, 2017 5:02:43 PM org.springframework.context.support.ClassPathXmlApplicationContext prepareRefresh
INFO: Refreshing org.springframework.context.support.ClassPathXmlApplicationContext@c8e4bb0: startup date [Tue Oct 10 17:02:43 EDT 2017]; root of context hierarchy
Oct 10, 2017 5:02:43 PM org.springframework.beans.factory.xml.XmlBeanDefinitionReader loadBeanDefinitions
INFO: Loading XML bean definitions from class path resource [applicationContext.xml]
Oct 10, 2017 5:02:43 PM org.springframework.context.support.ClassPathXmlApplicationContext prepareRefresh
INFO: Refreshing org.springframework.context.support.ClassPathXmlApplicationContext@75f9eccc: startup date [Tue Oct 10 17:02:43 EDT 2017]; root of context hierarchy
Oct 10, 2017 5:02:43 PM org.springframework.beans.factory.xml.XmlBeanDefinitionReader loadBeanDefinitions
INFO: Loading XML bean definitions from class path resource [applicationContext.xml]
Oct 10, 2017 5:02:43 PM org.springframework.context.support.ClassPathXmlApplicationContext prepareRefresh
INFO: Refreshing org.springframework.context.support.ClassPathXmlApplicationContext@2893de87: startup date [Tue Oct 10 17:02:43 EDT 2017]; root of context hierarchy
Oct 10, 2017 5:02:43 PM org.springframework.beans.factory.xml.XmlBeanDefinitionReader loadBeanDefinitions
INFO: Loading XML bean definitions from class path resource [applicationContext.xml]
Oct 10, 2017 5:02:43 PM org.springframework.context.support.ClassPathXmlApplicationContext prepareRefresh
INFO: Refreshing org.springframework.context.support.ClassPathXmlApplicationContext@5906ebcb: startup date [Tue Oct 10 17:02:43 EDT 2017]; root of context hierarchy
Oct 10, 2017 5:02:43 PM org.springframework.beans.factory.xml.XmlBeanDefinitionReader loadBeanDefinitions
INFO: Loading XML bean definitions from class path resource [applicationContext.xml]
Oct 10, 2017 5:02:43 PM org.springframework.context.support.ClassPathXmlApplicationContext prepareRefresh
INFO: Refreshing org.springframework.context.support.ClassPathXmlApplicationContext@71c8becc: startup date [Tue Oct 10 17:02:43 EDT 2017]; root of context hierarchy
Oct 10, 2017 5:02:43 PM org.springframework.beans.factory.xml.XmlBeanDefinitionReader loadBeanDefinitions
INFO: Loading XML bean definitions from class path resource [applicationContext.xml]
Oct 10, 2017 5:02:43 PM org.springframework.context.support.ClassPathXmlApplicationContext prepareRefresh
INFO: Refreshing org.springframework.context.support.ClassPathXmlApplicationContext@22635ba0: startup date [Tue Oct 10 17:02:43 EDT 2017]; root of context hierarchy
Oct 10, 2017 5:02:43 PM org.springframework.beans.factory.xml.XmlBeanDefinitionReader loadBeanDefinitions
INFO: Loading XML bean definitions from class path resource [applicationContext.xml]
Oct 10, 2017 5:02:44 PM org.springframework.context.support.ClassPathXmlApplicationContext prepareRefresh
INFO: Refreshing org.springframework.context.support.ClassPathXmlApplicationContext@3c72f59f: startup date [Tue Oct 10 17:02:44 EDT 2017]; root of context hierarchy
Oct 10, 2017 5:02:44 PM org.springframework.beans.factory.xml.XmlBeanDefinitionReader loadBeanDefinitions
INFO: Loading XML bean definitions from class path resource [applicationContext.xml]
Oct 10, 2017 5:02:44 PM org.springframework.context.support.ClassPathXmlApplicationContext prepareRefresh
INFO: Refreshing org.springframework.context.support.ClassPathXmlApplicationContext@3c9d0b9d: startup date [Tue Oct 10 17:02:44 EDT 2017]; root of context hierarchy
Oct 10, 2017 5:02:44 PM org.springframework.beans.factory.xml.XmlBeanDefinitionReader loadBeanDefinitions
INFO: Loading XML bean definitions from class path resource [applicationContext.xml]
Oct 10, 2017 5:02:44 PM org.springframework.context.support.ClassPathXmlApplicationContext prepareRefresh
INFO: Refreshing org.springframework.context.support.ClassPathXmlApplicationContext@1f0f1111: startup date [Tue Oct 10 17:02:44 EDT 2017]; root of context hierarchy
Oct 10, 2017 5:02:44 PM org.springframework.beans.factory.xml.XmlBeanDefinitionReader loadBeanDefinitions
INFO: Loading XML bean definitions from class path resource [applicationContext.xml]
Oct 10, 2017 5:02:44 PM org.springframework.context.support.ClassPathXmlApplicationContext prepareRefresh
INFO: Refreshing org.springframework.context.support.ClassPathXmlApplicationContext@3aefe5e5: startup date [Tue Oct 10 17:02:44 EDT 2017]; root of context hierarchy
Oct 10, 2017 5:02:44 PM org.springframework.beans.factory.xml.XmlBeanDefinitionReader loadBeanDefinitions
INFO: Loading XML bean definitions from class path resource [applicationContext.xml]
Oct 10, 2017 5:02:44 PM org.springframework.context.support.ClassPathXmlApplicationContext prepareRefresh
INFO: Refreshing org.springframework.context.support.ClassPathXmlApplicationContext@418e7838: startup date [Tue Oct 10 17:02:44 EDT 2017]; root of context hierarchy
Oct 10, 2017 5:02:44 PM org.springframework.beans.factory.xml.XmlBeanDefinitionReader loadBeanDefinitions
INFO: Loading XML bean definitions from class path resource [applicationContext.xml]
Oct 10, 2017 5:02:44 PM org.springframework.context.support.ClassPathXmlApplicationContext prepareRefresh
INFO: Refreshing org.springframework.context.support.ClassPathXmlApplicationContext@6a28ffa4: startup date [Tue Oct 10 17:02:44 EDT 2017]; root of context hierarchy
Oct 10, 2017 5:02:44 PM org.springframework.beans.factory.xml.XmlBeanDefinitionReader loadBeanDefinitions
INFO: Loading XML bean definitions from class path resource [applicationContext.xml]
Oct 10, 2017 5:02:44 PM org.springframework.context.support.ClassPathXmlApplicationContext prepareRefresh
INFO: Refreshing org.springframework.context.support.ClassPathXmlApplicationContext@481a996b: startup date [Tue Oct 10 17:02:44 EDT 2017]; root of context hierarchy
Oct 10, 2017 5:02:44 PM org.springframework.beans.factory.xml.XmlBeanDefinitionReader loadBeanDefinitions
INFO: Loading XML bean definitions from class path resource [applicationContext.xml]
Oct 10, 2017 5:02:44 PM org.springframework.context.support.ClassPathXmlApplicationContext prepareRefresh
INFO: Refreshing org.springframework.context.support.ClassPathXmlApplicationContext@5f058f00: startup date [Tue Oct 10 17:02:44 EDT 2017]; root of context hierarchy
Oct 10, 2017 5:02:44 PM org.springframework.beans.factory.xml.XmlBeanDefinitionReader loadBeanDefinitions
INFO: Loading XML bean definitions from class path resource [applicationContext.xml]
Oct 10, 2017 5:02:44 PM org.springframework.context.support.ClassPathXmlApplicationContext prepareRefresh
INFO: Refreshing org.springframework.context.support.ClassPathXmlApplicationContext@6e20b53a: startup date [Tue Oct 10 17:02:44 EDT 2017]; root of context hierarchy
Oct 10, 2017 5:02:44 PM org.springframework.beans.factory.xml.XmlBeanDefinitionReader loadBeanDefinitions
INFO: Loading XML bean definitions from class path resource [applicationContext.xml]
Oct 10, 2017 5:02:44 PM org.springframework.context.support.ClassPathXmlApplicationContext prepareRefresh
INFO: Refreshing org.springframework.context.support.ClassPathXmlApplicationContext@1aa7ecca: startup date [Tue Oct 10 17:02:44 EDT 2017]; root of context hierarchy
Oct 10, 2017 5:02:44 PM org.springframework.beans.factory.xml.XmlBeanDefinitionReader loadBeanDefinitions
INFO: Loading XML bean definitions from class path resource [applicationContext.xml]
Oct 10, 2017 5:02:44 PM org.springframework.context.support.ClassPathXmlApplicationContext prepareRefresh
INFO: Refreshing org.springframework.context.support.ClassPathXmlApplicationContext@223d2c72: startup date [Tue Oct 10 17:02:44 EDT 2017]; root of context hierarchy
Oct 10, 2017 5:02:44 PM org.springframework.beans.factory.xml.XmlBeanDefinitionReader loadBeanDefinitions
INFO: Loading XML bean definitions from class path resource [applicationContext.xml]
Oct 10, 2017 5:02:44 PM org.springframework.context.support.ClassPathXmlApplicationContext prepareRefresh
INFO: Refreshing org.springframework.context.support.ClassPathXmlApplicationContext@6cf0e0ba: startup date [Tue Oct 10 17:02:44 EDT 2017]; root of context hierarchy
Oct 10, 2017 5:02:44 PM org.springframework.beans.factory.xml.XmlBeanDefinitionReader loadBeanDefinitions
INFO: Loading XML bean definitions from class path resource [applicationContext.xml]
Oct 10, 2017 5:02:44 PM org.springframework.context.support.ClassPathXmlApplicationContext prepareRefresh
INFO: Refreshing org.springframework.context.support.ClassPathXmlApplicationContext@7c7b252e: startup date [Tue Oct 10 17:02:44 EDT 2017]; root of context hierarchy
Oct 10, 2017 5:02:44 PM org.springframework.beans.factory.xml.XmlBeanDefinitionReader loadBeanDefinitions
INFO: Loading XML bean definitions from class path resource [applicationContext.xml]
Oct 10, 2017 5:02:44 PM org.springframework.context.support.ClassPathXmlApplicationContext prepareRefresh
INFO: Refreshing org.springframework.context.support.ClassPathXmlApplicationContext@765d7657: startup date [Tue Oct 10 17:02:44 EDT 2017]; root of context hierarchy
Oct 10, 2017 5:02:44 PM org.springframework.beans.factory.xml.XmlBeanDefinitionReader loadBeanDefinitions
INFO: Loading XML bean definitions from class path resource [applicationContext.xml]
Oct 10, 2017 5:02:44 PM org.springframework.context.support.ClassPathXmlApplicationContext prepareRefresh
INFO: Refreshing org.springframework.context.support.ClassPathXmlApplicationContext@38425407: startup date [Tue Oct 10 17:02:44 EDT 2017]; root of context hierarchy
Oct 10, 2017 5:02:44 PM org.springframework.beans.factory.xml.XmlBeanDefinitionReader loadBeanDefinitions
INFO: Loading XML bean definitions from class path resource [applicationContext.xml]
Oct 10, 2017 5:02:44 PM org.springframework.context.support.ClassPathXmlApplicationContext prepareRefresh
INFO: Refreshing org.springframework.context.support.ClassPathXmlApplicationContext@6743e411: startup date [Tue Oct 10 17:02:44 EDT 2017]; root of context hierarchy
Oct 10, 2017 5:02:44 PM org.springframework.beans.factory.xml.XmlBeanDefinitionReader loadBeanDefinitions
INFO: Loading XML bean definitions from class path resource [applicationContext.xml]
Oct 10, 2017 5:02:44 PM org.springframework.context.support.ClassPathXmlApplicationContext prepareRefresh
INFO: Refreshing org.springframework.context.support.ClassPathXmlApplicationContext@40005471: startup date [Tue Oct 10 17:02:44 EDT 2017]; root of context hierarchy
Oct 10, 2017 5:02:44 PM org.springframework.beans.factory.xml.XmlBeanDefinitionReader loadBeanDefinitions
INFO: Loading XML bean definitions from class path resource [applicationContext.xml]
Oct 10, 2017 5:02:44 PM org.springframework.context.support.ClassPathXmlApplicationContext prepareRefresh
INFO: Refreshing org.springframework.context.support.ClassPathXmlApplicationContext@7770f470: startup date [Tue Oct 10 17:02:44 EDT 2017]; root of context hierarchy
Oct 10, 2017 5:02:44 PM org.springframework.beans.factory.xml.XmlBeanDefinitionReader loadBeanDefinitions
INFO: Loading XML bean definitions from class path resource [applicationContext.xml]
Oct 10, 2017 5:02:44 PM org.springframework.context.support.ClassPathXmlApplicationContext prepareRefresh
INFO: Refreshing org.springframework.context.support.ClassPathXmlApplicationContext@17f7cd29: startup date [Tue Oct 10 17:02:44 EDT 2017]; root of context hierarchy
Oct 10, 2017 5:02:44 PM org.springframework.beans.factory.xml.XmlBeanDefinitionReader loadBeanDefinitions
INFO: Loading XML bean definitions from class path resource [applicationContext.xml]
Oct 10, 2017 5:02:44 PM org.springframework.context.support.ClassPathXmlApplicationContext prepareRefresh
INFO: Refreshing org.springframework.context.support.ClassPathXmlApplicationContext@1757cd72: startup date [Tue Oct 10 17:02:44 EDT 2017]; root of context hierarchy
Oct 10, 2017 5:02:44 PM org.springframework.beans.factory.xml.XmlBeanDefinitionReader loadBeanDefinitions
INFO: Loading XML bean definitions from class path resource [applicationContext.xml]
Oct 10, 2017 5:02:44 PM org.springframework.context.support.ClassPathXmlApplicationContext prepareRefresh
INFO: Refreshing org.springframework.context.support.ClassPathXmlApplicationContext@3c0be339: startup date [Tue Oct 10 17:02:44 EDT 2017]; root of context hierarchy
Oct 10, 2017 5:02:44 PM org.springframework.beans.factory.xml.XmlBeanDefinitionReader loadBeanDefinitions
INFO: Loading XML bean definitions from class path resource [applicationContext.xml]
Oct 10, 2017 5:02:44 PM org.springframework.context.support.ClassPathXmlApplicationContext prepareRefresh
INFO: Refreshing org.springframework.context.support.ClassPathXmlApplicationContext@3571b748: startup date [Tue Oct 10 17:02:44 EDT 2017]; root of context hierarchy
Oct 10, 2017 5:02:44 PM org.springframework.beans.factory.xml.XmlBeanDefinitionReader loadBeanDefinitions
INFO: Loading XML bean definitions from class path resource [applicationContext.xml]
Oct 10, 2017 5:02:44 PM org.springframework.context.support.ClassPathXmlApplicationContext prepareRefresh
INFO: Refreshing org.springframework.context.support.ClassPathXmlApplicationContext@36d585c: startup date [Tue Oct 10 17:02:44 EDT 2017]; root of context hierarchy
Oct 10, 2017 5:02:44 PM org.springframework.beans.factory.xml.XmlBeanDefinitionReader loadBeanDefinitions
INFO: Loading XML bean definitions from class path resource [applicationContext.xml]
Oct 10, 2017 5:02:44 PM org.springframework.context.support.ClassPathXmlApplicationContext prepareRefresh
INFO: Refreshing org.springframework.context.support.ClassPathXmlApplicationContext@1bb266b3: startup date [Tue Oct 10 17:02:44 EDT 2017]; root of context hierarchy
Oct 10, 2017 5:02:44 PM org.springframework.beans.factory.xml.XmlBeanDefinitionReader loadBeanDefinitions
INFO: Loading XML bean definitions from class path resource [applicationContext.xml]
Oct 10, 2017 5:02:44 PM org.springframework.context.support.ClassPathXmlApplicationContext prepareRefresh
INFO: Refreshing org.springframework.context.support.ClassPathXmlApplicationContext@7690781: startup date [Tue Oct 10 17:02:44 EDT 2017]; root of context hierarchy
Oct 10, 2017 5:02:44 PM org.springframework.beans.factory.xml.XmlBeanDefinitionReader loadBeanDefinitions
INFO: Loading XML bean definitions from class path resource [applicationContext.xml]
Oct 10, 2017 5:02:44 PM org.springframework.context.support.ClassPathXmlApplicationContext prepareRefresh
INFO: Refreshing org.springframework.context.support.ClassPathXmlApplicationContext@53976f5c: startup date [Tue Oct 10 17:02:44 EDT 2017]; root of context hierarchy
Oct 10, 2017 5:02:44 PM org.springframework.beans.factory.xml.XmlBeanDefinitionReader loadBeanDefinitions
INFO: Loading XML bean definitions from class path resource [applicationContext.xml]
Oct 10, 2017 5:02:44 PM org.springframework.context.support.ClassPathXmlApplicationContext prepareRefresh
INFO: Refreshing org.springframework.context.support.ClassPathXmlApplicationContext@49912c99: startup date [Tue Oct 10 17:02:44 EDT 2017]; root of context hierarchy
Oct 10, 2017 5:02:44 PM org.springframework.beans.factory.xml.XmlBeanDefinitionReader loadBeanDefinitions
INFO: Loading XML bean definitions from class path resource [applicationContext.xml]
Oct 10, 2017 5:02:44 PM org.springframework.context.support.ClassPathXmlApplicationContext prepareRefresh
INFO: Refreshing org.springframework.context.support.ClassPathXmlApplicationContext@10feca44: startup date [Tue Oct 10 17:02:44 EDT 2017]; root of context hierarchy
Oct 10, 2017 5:02:44 PM org.springframework.beans.factory.xml.XmlBeanDefinitionReader loadBeanDefinitions
INFO: Loading XML bean definitions from class path resource [applicationContext.xml]
Oct 10, 2017 5:02:44 PM org.springframework.context.support.ClassPathXmlApplicationContext prepareRefresh
INFO: Refreshing org.springframework.context.support.ClassPathXmlApplicationContext@71238fc2: startup date [Tue Oct 10 17:02:44 EDT 2017]; root of context hierarchy
Oct 10, 2017 5:02:44 PM org.springframework.beans.factory.xml.XmlBeanDefinitionReader loadBeanDefinitions
INFO: Loading XML bean definitions from class path resource [applicationContext.xml]
Oct 10, 2017 5:02:45 PM org.springframework.context.support.ClassPathXmlApplicationContext prepareRefresh
INFO: Refreshing org.springframework.context.support.ClassPathXmlApplicationContext@6283d8b8: startup date [Tue Oct 10 17:02:45 EDT 2017]; root of context hierarchy
Oct 10, 2017 5:02:45 PM org.springframework.beans.factory.xml.XmlBeanDefinitionReader loadBeanDefinitions
INFO: Loading XML bean definitions from class path resource [applicationContext.xml]
Oct 10, 2017 5:02:45 PM org.springframework.context.support.ClassPathXmlApplicationContext prepareRefresh
INFO: Refreshing org.springframework.context.support.ClassPathXmlApplicationContext@bae7dc0: startup date [Tue Oct 10 17:02:45 EDT 2017]; root of context hierarchy
Oct 10, 2017 5:02:45 PM org.springframework.beans.factory.xml.XmlBeanDefinitionReader loadBeanDefinitions
INFO: Loading XML bean definitions from class path resource [applicationContext.xml]
Oct 10, 2017 5:02:45 PM org.springframework.context.support.ClassPathXmlApplicationContext prepareRefresh
INFO: Refreshing org.springframework.context.support.ClassPathXmlApplicationContext@729d991e: startup date [Tue Oct 10 17:02:45 EDT 2017]; root of context hierarchy
Oct 10, 2017 5:02:45 PM org.springframework.beans.factory.xml.XmlBeanDefinitionReader loadBeanDefinitions
INFO: Loading XML bean definitions from class path resource [applicationContext.xml]
Oct 10, 2017 5:02:45 PM org.springframework.context.support.ClassPathXmlApplicationContext prepareRefresh
INFO: Refreshing org.springframework.context.support.ClassPathXmlApplicationContext@4659191b: startup date [Tue Oct 10 17:02:45 EDT 2017]; root of context hierarchy
Oct 10, 2017 5:02:45 PM org.springframework.beans.factory.xml.XmlBeanDefinitionReader loadBeanDefinitions
INFO: Loading XML bean definitions from class path resource [applicationContext.xml]
Oct 10, 2017 5:02:45 PM org.springframework.context.support.ClassPathXmlApplicationContext prepareRefresh
INFO: Refreshing org.springframework.context.support.ClassPathXmlApplicationContext@130c12b7: startup date [Tue Oct 10 17:02:45 EDT 2017]; root of context hierarchy
Oct 10, 2017 5:02:45 PM org.springframework.beans.factory.xml.XmlBeanDefinitionReader loadBeanDefinitions
INFO: Loading XML bean definitions from class path resource [applicationContext.xml]
Oct 10, 2017 5:02:45 PM org.springframework.context.support.ClassPathXmlApplicationContext prepareRefresh
INFO: Refreshing org.springframework.context.support.ClassPathXmlApplicationContext@6574a52c: startup date [Tue Oct 10 17:02:45 EDT 2017]; root of context hierarchy
Oct 10, 2017 5:02:45 PM org.springframework.beans.factory.xml.XmlBeanDefinitionReader loadBeanDefinitions
INFO: Loading XML bean definitions from class path resource [applicationContext.xml]
Oct 10, 2017 5:02:45 PM org.springframework.context.support.ClassPathXmlApplicationContext prepareRefresh
INFO: Refreshing org.springframework.context.support.ClassPathXmlApplicationContext@6892b3b6: startup date [Tue Oct 10 17:02:45 EDT 2017]; root of context hierarchy
Oct 10, 2017 5:02:45 PM org.springframework.beans.factory.xml.XmlBeanDefinitionReader loadBeanDefinitions
INFO: Loading XML bean definitions from class path resource [applicationContext.xml]
Oct 10, 2017 5:02:45 PM org.springframework.context.support.ClassPathXmlApplicationContext prepareRefresh
INFO: Refreshing org.springframework.context.support.ClassPathXmlApplicationContext@202b0582: startup date [Tue Oct 10 17:02:45 EDT 2017]; root of context hierarchy
Oct 10, 2017 5:02:45 PM org.springframework.beans.factory.xml.XmlBeanDefinitionReader loadBeanDefinitions
INFO: Loading XML bean definitions from class path resource [applicationContext.xml]
Oct 10, 2017 5:02:45 PM org.springframework.context.support.ClassPathXmlApplicationContext prepareRefresh
INFO: Refreshing org.springframework.context.support.ClassPathXmlApplicationContext@7f485fda: startup date [Tue Oct 10 17:02:45 EDT 2017]; root of context hierarchy
Oct 10, 2017 5:02:45 PM org.springframework.beans.factory.xml.XmlBeanDefinitionReader loadBeanDefinitions
INFO: Loading XML bean definitions from class path resource [applicationContext.xml]
Oct 10, 2017 5:02:45 PM org.springframework.context.support.ClassPathXmlApplicationContext prepareRefresh
INFO: Refreshing org.springframework.context.support.ClassPathXmlApplicationContext@6fa51cd4: startup date [Tue Oct 10 17:02:45 EDT 2017]; root of context hierarchy
Oct 10, 2017 5:02:45 PM org.springframework.beans.factory.xml.XmlBeanDefinitionReader loadBeanDefinitions
INFO: Loading XML bean definitions from class path resource [applicationContext.xml]
Oct 10, 2017 5:02:45 PM org.springframework.context.support.ClassPathXmlApplicationContext prepareRefresh
INFO: Refreshing org.springframework.context.support.ClassPathXmlApplicationContext@1033576a: startup date [Tue Oct 10 17:02:45 EDT 2017]; root of context hierarchy
Oct 10, 2017 5:02:45 PM org.springframework.beans.factory.xml.XmlBeanDefinitionReader loadBeanDefinitions
INFO: Loading XML bean definitions from class path resource [applicationContext.xml]
Oct 10, 2017 5:02:45 PM org.springframework.context.support.ClassPathXmlApplicationContext prepareRefresh
INFO: Refreshing org.springframework.context.support.ClassPathXmlApplicationContext@4a8355dd: startup date [Tue Oct 10 17:02:45 EDT 2017]; root of context hierarchy
Oct 10, 2017 5:02:45 PM org.springframework.beans.factory.xml.XmlBeanDefinitionReader loadBeanDefinitions
INFO: Loading XML bean definitions from class path resource [applicationContext.xml]
Oct 10, 2017 5:02:45 PM org.springframework.context.support.ClassPathXmlApplicationContext prepareRefresh
INFO: Refreshing org.springframework.context.support.ClassPathXmlApplicationContext@2a8448fa: startup date [Tue Oct 10 17:02:45 EDT 2017]; root of context hierarchy
Oct 10, 2017 5:02:45 PM org.springframework.beans.factory.xml.XmlBeanDefinitionReader loadBeanDefinitions
INFO: Loading XML bean definitions from class path resource [applicationContext.xml]
Oct 10, 2017 5:02:45 PM org.springframework.context.support.ClassPathXmlApplicationContext prepareRefresh
INFO: Refreshing org.springframework.context.support.ClassPathXmlApplicationContext@6e2829c7: startup date [Tue Oct 10 17:02:45 EDT 2017]; root of context hierarchy
Oct 10, 2017 5:02:45 PM org.springframework.beans.factory.xml.XmlBeanDefinitionReader loadBeanDefinitions
INFO: Loading XML bean definitions from class path resource [applicationContext.xml]
Oct 10, 2017 5:02:45 PM org.springframework.context.support.ClassPathXmlApplicationContext prepareRefresh
INFO: Refreshing org.springframework.context.support.ClassPathXmlApplicationContext@210ab13f: startup date [Tue Oct 10 17:02:45 EDT 2017]; root of context hierarchy
Oct 10, 2017 5:02:45 PM org.springframework.beans.factory.xml.XmlBeanDefinitionReader loadBeanDefinitions
INFO: Loading XML bean definitions from class path resource [applicationContext.xml]
Oct 10, 2017 5:02:45 PM org.springframework.context.support.ClassPathXmlApplicationContext prepareRefresh
INFO: Refreshing org.springframework.context.support.ClassPathXmlApplicationContext@169bb4dd: startup date [Tue Oct 10 17:02:45 EDT 2017]; root of context hierarchy
Oct 10, 2017 5:02:45 PM org.springframework.beans.factory.xml.XmlBeanDefinitionReader loadBeanDefinitions
INFO: Loading XML bean definitions from class path resource [applicationContext.xml]
Oct 10, 2017 5:02:45 PM org.springframework.context.support.ClassPathXmlApplicationContext prepareRefresh
INFO: Refreshing org.springframework.context.support.ClassPathXmlApplicationContext@45385f75: startup date [Tue Oct 10 17:02:45 EDT 2017]; root of context hierarchy
Oct 10, 2017 5:02:45 PM org.springframework.beans.factory.xml.XmlBeanDefinitionReader loadBeanDefinitions
INFO: Loading XML bean definitions from class path resource [applicationContext.xml]
Oct 10, 2017 5:02:45 PM org.springframework.context.support.ClassPathXmlApplicationContext prepareRefresh
INFO: Refreshing org.springframework.context.support.ClassPathXmlApplicationContext@17503f6b: startup date [Tue Oct 10 17:02:45 EDT 2017]; root of context hierarchy
Oct 10, 2017 5:02:45 PM org.springframework.beans.factory.xml.XmlBeanDefinitionReader loadBeanDefinitions
INFO: Loading XML bean definitions from class path resource [applicationContext.xml]
Oct 10, 2017 5:02:45 PM org.springframework.context.support.ClassPathXmlApplicationContext prepareRefresh
INFO: Refreshing org.springframework.context.support.ClassPathXmlApplicationContext@4b8729ff: startup date [Tue Oct 10 17:02:45 EDT 2017]; root of context hierarchy
Oct 10, 2017 5:02:45 PM org.springframework.beans.factory.xml.XmlBeanDefinitionReader loadBeanDefinitions
INFO: Loading XML bean definitions from class path resource [applicationContext.xml]
Oct 10, 2017 5:02:45 PM org.springframework.context.support.ClassPathXmlApplicationContext prepareRefresh
INFO: Refreshing org.springframework.context.support.ClassPathXmlApplicationContext@7d61eb55: startup date [Tue Oct 10 17:02:45 EDT 2017]; root of context hierarchy
Oct 10, 2017 5:02:45 PM org.springframework.beans.factory.xml.XmlBeanDefinitionReader loadBeanDefinitions
INFO: Loading XML bean definitions from class path resource [applicationContext.xml]
Oct 10, 2017 5:02:45 PM org.springframework.context.support.ClassPathXmlApplicationContext prepareRefresh
INFO: Refreshing org.springframework.context.support.ClassPathXmlApplicationContext@163370c2: startup date [Tue Oct 10 17:02:45 EDT 2017]; root of context hierarchy
Oct 10, 2017 5:02:45 PM org.springframework.beans.factory.xml.XmlBeanDefinitionReader loadBeanDefinitions
INFO: Loading XML bean definitions from class path resource [applicationContext.xml]
Oct 10, 2017 5:02:45 PM org.springframework.context.support.ClassPathXmlApplicationContext prepareRefresh
INFO: Refreshing org.springframework.context.support.ClassPathXmlApplicationContext@3b5fad2d: startup date [Tue Oct 10 17:02:45 EDT 2017]; root of context hierarchy
Oct 10, 2017 5:02:45 PM org.springframework.beans.factory.xml.XmlBeanDefinitionReader loadBeanDefinitions
INFO: Loading XML bean definitions from class path resource [applicationContext.xml]
Oct 10, 2017 5:02:45 PM org.springframework.context.support.ClassPathXmlApplicationContext prepareRefresh
INFO: Refreshing org.springframework.context.support.ClassPathXmlApplicationContext@39b43d60: startup date [Tue Oct 10 17:02:45 EDT 2017]; root of context hierarchy
Oct 10, 2017 5:02:45 PM org.springframework.beans.factory.xml.XmlBeanDefinitionReader loadBeanDefinitions
INFO: Loading XML bean definitions from class path resource [applicationContext.xml]
Oct 10, 2017 5:02:45 PM org.springframework.context.support.ClassPathXmlApplicationContext prepareRefresh
INFO: Refreshing org.springframework.context.support.ClassPathXmlApplicationContext@3224a577: startup date [Tue Oct 10 17:02:45 EDT 2017]; root of context hierarchy
Oct 10, 2017 5:02:45 PM org.springframework.beans.factory.xml.XmlBeanDefinitionReader loadBeanDefinitions
INFO: Loading XML bean definitions from class path resource [applicationContext.xml]
Oct 10, 2017 5:02:45 PM org.springframework.context.support.ClassPathXmlApplicationContext prepareRefresh
INFO: Refreshing org.springframework.context.support.ClassPathXmlApplicationContext@2b72cb8a: startup date [Tue Oct 10 17:02:45 EDT 2017]; root of context hierarchy
Oct 10, 2017 5:02:45 PM org.springframework.beans.factory.xml.XmlBeanDefinitionReader loadBeanDefinitions
INFO: Loading XML bean definitions from class path resource [applicationContext.xml]
Oct 10, 2017 5:02:45 PM org.springframework.context.support.ClassPathXmlApplicationContext prepareRefresh
INFO: Refreshing org.springframework.context.support.ClassPathXmlApplicationContext@4a3631f8: startup date [Tue Oct 10 17:02:45 EDT 2017]; root of context hierarchy
Oct 10, 2017 5:02:45 PM org.springframework.beans.factory.xml.XmlBeanDefinitionReader loadBeanDefinitions
INFO: Loading XML bean definitions from class path resource [applicationContext.xml]
Oct 10, 2017 5:02:45 PM org.springframework.context.support.ClassPathXmlApplicationContext prepareRefresh
INFO: Refreshing org.springframework.context.support.ClassPathXmlApplicationContext@78a773fd: startup date [Tue Oct 10 17:02:45 EDT 2017]; root of context hierarchy
Oct 10, 2017 5:02:45 PM org.springframework.beans.factory.xml.XmlBeanDefinitionReader loadBeanDefinitions
INFO: Loading XML bean definitions from class path resource [applicationContext.xml]
Oct 10, 2017 5:02:45 PM org.springframework.context.support.ClassPathXmlApplicationContext prepareRefresh
INFO: Refreshing org.springframework.context.support.ClassPathXmlApplicationContext@57576994: startup date [Tue Oct 10 17:02:45 EDT 2017]; root of context hierarchy
Oct 10, 2017 5:02:45 PM org.springframework.beans.factory.xml.XmlBeanDefinitionReader loadBeanDefinitions
INFO: Loading XML bean definitions from class path resource [applicationContext.xml]
Oct 10, 2017 5:02:46 PM org.springframework.context.support.ClassPathXmlApplicationContext prepareRefresh
INFO: Refreshing org.springframework.context.support.ClassPathXmlApplicationContext@4e31276e: startup date [Tue Oct 10 17:02:46 EDT 2017]; root of context hierarchy
Oct 10, 2017 5:02:46 PM org.springframework.beans.factory.xml.XmlBeanDefinitionReader loadBeanDefinitions
INFO: Loading XML bean definitions from class path resource [applicationContext.xml]
Oct 10, 2017 5:02:46 PM org.springframework.context.support.ClassPathXmlApplicationContext prepareRefresh
INFO: Refreshing org.springframework.context.support.ClassPathXmlApplicationContext@1bae316d: startup date [Tue Oct 10 17:02:46 EDT 2017]; root of context hierarchy
Oct 10, 2017 5:02:46 PM org.springframework.beans.factory.xml.XmlBeanDefinitionReader loadBeanDefinitions
INFO: Loading XML bean definitions from class path resource [applicationContext.xml]
Oct 10, 2017 5:02:46 PM org.springframework.context.support.ClassPathXmlApplicationContext prepareRefresh
INFO: Refreshing org.springframework.context.support.ClassPathXmlApplicationContext@48d61b48: startup date [Tue Oct 10 17:02:46 EDT 2017]; root of context hierarchy
Oct 10, 2017 5:02:46 PM org.springframework.beans.factory.xml.XmlBeanDefinitionReader loadBeanDefinitions
INFO: Loading XML bean definitions from class path resource [applicationContext.xml]
Oct 10, 2017 5:02:46 PM org.springframework.context.support.ClassPathXmlApplicationContext prepareRefresh
INFO: Refreshing org.springframework.context.support.ClassPathXmlApplicationContext@7fbdb894: startup date [Tue Oct 10 17:02:46 EDT 2017]; root of context hierarchy
Oct 10, 2017 5:02:46 PM org.springframework.beans.factory.xml.XmlBeanDefinitionReader loadBeanDefinitions
INFO: Loading XML bean definitions from class path resource [applicationContext.xml]
Oct 10, 2017 5:02:46 PM org.springframework.context.support.ClassPathXmlApplicationContext prepareRefresh
INFO: Refreshing org.springframework.context.support.ClassPathXmlApplicationContext@8e50104: startup date [Tue Oct 10 17:02:46 EDT 2017]; root of context hierarchy
Oct 10, 2017 5:02:46 PM org.springframework.beans.factory.xml.XmlBeanDefinitionReader loadBeanDefinitions
INFO: Loading XML bean definitions from class path resource [applicationContext.xml]
Oct 10, 2017 5:02:46 PM org.springframework.context.support.ClassPathXmlApplicationContext prepareRefresh
INFO: Refreshing org.springframework.context.support.ClassPathXmlApplicationContext@71e9ebae: startup date [Tue Oct 10 17:02:46 EDT 2017]; root of context hierarchy
Oct 10, 2017 5:02:46 PM org.springframework.beans.factory.xml.XmlBeanDefinitionReader loadBeanDefinitions
INFO: Loading XML bean definitions from class path resource [applicationContext.xml]
Oct 10, 2017 5:02:46 PM org.springframework.context.support.ClassPathXmlApplicationContext prepareRefresh
INFO: Refreshing org.springframework.context.support.ClassPathXmlApplicationContext@39ac0c0a: startup date [Tue Oct 10 17:02:46 EDT 2017]; root of context hierarchy
Oct 10, 2017 5:02:46 PM org.springframework.beans.factory.xml.XmlBeanDefinitionReader loadBeanDefinitions
INFO: Loading XML bean definitions from class path resource [applicationContext.xml]
Oct 10, 2017 5:02:46 PM org.springframework.context.support.ClassPathXmlApplicationContext prepareRefresh
INFO: Refreshing org.springframework.context.support.ClassPathXmlApplicationContext@70f02c32: startup date [Tue Oct 10 17:02:46 EDT 2017]; root of context hierarchy
Oct 10, 2017 5:02:46 PM org.springframework.beans.factory.xml.XmlBeanDefinitionReader loadBeanDefinitions
INFO: Loading XML bean definitions from class path resource [applicationContext.xml]
Oct 10, 2017 5:02:46 PM org.springframework.context.support.ClassPathXmlApplicationContext prepareRefresh
INFO: Refreshing org.springframework.context.support.ClassPathXmlApplicationContext@4716be8b: startup date [Tue Oct 10 17:02:46 EDT 2017]; root of context hierarchy
Oct 10, 2017 5:02:46 PM org.springframework.beans.factory.xml.XmlBeanDefinitionReader loadBeanDefinitions
INFO: Loading XML bean definitions from class path resource [applicationContext.xml]
Oct 10, 2017 5:02:46 PM org.springframework.context.support.ClassPathXmlApplicationContext prepareRefresh
INFO: Refreshing org.springframework.context.support.ClassPathXmlApplicationContext@66c61024: startup date [Tue Oct 10 17:02:46 EDT 2017]; root of context hierarchy
Oct 10, 2017 5:02:46 PM org.springframework.beans.factory.xml.XmlBeanDefinitionReader loadBeanDefinitions
INFO: Loading XML bean definitions from class path resource [applicationContext.xml]
Oct 10, 2017 5:02:46 PM org.springframework.context.support.ClassPathXmlApplicationContext prepareRefresh
INFO: Refreshing org.springframework.context.support.ClassPathXmlApplicationContext@77128536: startup date [Tue Oct 10 17:02:46 EDT 2017]; root of context hierarchy
Oct 10, 2017 5:02:46 PM org.springframework.beans.factory.xml.XmlBeanDefinitionReader loadBeanDefinitions
INFO: Loading XML bean definitions from class path resource [applicationContext.xml]
Oct 10, 2017 5:02:46 PM org.springframework.context.support.ClassPathXmlApplicationContext prepareRefresh
INFO: Refreshing org.springframework.context.support.ClassPathXmlApplicationContext@ab7395e: startup date [Tue Oct 10 17:02:46 EDT 2017]; root of context hierarchy
Oct 10, 2017 5:02:46 PM org.springframework.beans.factory.xml.XmlBeanDefinitionReader loadBeanDefinitions
INFO: Loading XML bean definitions from class path resource [applicationContext.xml]
Oct 10, 2017 5:02:46 PM org.springframework.context.support.ClassPathXmlApplicationContext prepareRefresh
INFO: Refreshing org.springframework.context.support.ClassPathXmlApplicationContext@5812f68b: startup date [Tue Oct 10 17:02:46 EDT 2017]; root of context hierarchy
Oct 10, 2017 5:02:46 PM org.springframework.beans.factory.xml.XmlBeanDefinitionReader loadBeanDefinitions
INFO: Loading XML bean definitions from class path resource [applicationContext.xml]
Oct 10, 2017 5:02:46 PM org.springframework.context.support.ClassPathXmlApplicationContext prepareRefresh
INFO: Refreshing org.springframework.context.support.ClassPathXmlApplicationContext@31dadd46: startup date [Tue Oct 10 17:02:46 EDT 2017]; root of context hierarchy
Oct 10, 2017 5:02:46 PM org.springframework.beans.factory.xml.XmlBeanDefinitionReader loadBeanDefinitions
INFO: Loading XML bean definitions from class path resource [applicationContext.xml]
Oct 10, 2017 5:02:46 PM org.springframework.context.support.ClassPathXmlApplicationContext prepareRefresh
INFO: Refreshing org.springframework.context.support.ClassPathXmlApplicationContext@4b6e2263: startup date [Tue Oct 10 17:02:46 EDT 2017]; root of context hierarchy
Oct 10, 2017 5:02:46 PM org.springframework.beans.factory.xml.XmlBeanDefinitionReader loadBeanDefinitions
INFO: Loading XML bean definitions from class path resource [applicationContext.xml]
Oct 10, 2017 5:02:46 PM org.springframework.context.support.ClassPathXmlApplicationContext prepareRefresh
INFO: Refreshing org.springframework.context.support.ClassPathXmlApplicationContext@16fdec90: startup date [Tue Oct 10 17:02:46 EDT 2017]; root of context hierarchy
Oct 10, 2017 5:02:46 PM org.springframework.beans.factory.xml.XmlBeanDefinitionReader loadBeanDefinitions
INFO: Loading XML bean definitions from class path resource [applicationContext.xml]
Oct 10, 2017 5:02:46 PM org.springframework.context.support.ClassPathXmlApplicationContext prepareRefresh
INFO: Refreshing org.springframework.context.support.ClassPathXmlApplicationContext@5a709816: startup date [Tue Oct 10 17:02:46 EDT 2017]; root of context hierarchy
Oct 10, 2017 5:02:46 PM org.springframework.beans.factory.xml.XmlBeanDefinitionReader loadBeanDefinitions
INFO: Loading XML bean definitions from class path resource [applicationContext.xml]
Oct 10, 2017 5:02:46 PM org.springframework.context.support.ClassPathXmlApplicationContext prepareRefresh
INFO: Refreshing org.springframework.context.support.ClassPathXmlApplicationContext@71529963: startup date [Tue Oct 10 17:02:46 EDT 2017]; root of context hierarchy
Oct 10, 2017 5:02:46 PM org.springframework.beans.factory.xml.XmlBeanDefinitionReader loadBeanDefinitions
INFO: Loading XML bean definitions from class path resource [applicationContext.xml]
Oct 10, 2017 5:02:46 PM org.springframework.context.support.ClassPathXmlApplicationContext prepareRefresh
INFO: Refreshing org.springframework.context.support.ClassPathXmlApplicationContext@32f232a5: startup date [Tue Oct 10 17:02:46 EDT 2017]; root of context hierarchy
Oct 10, 2017 5:02:46 PM org.springframework.beans.factory.xml.XmlBeanDefinitionReader loadBeanDefinitions
INFO: Loading XML bean definitions from class path resource [applicationContext.xml]
Oct 10, 2017 5:02:46 PM org.springframework.context.support.ClassPathXmlApplicationContext prepareRefresh
INFO: Refreshing org.springframework.context.support.ClassPathXmlApplicationContext@2826f61: startup date [Tue Oct 10 17:02:46 EDT 2017]; root of context hierarchy
Oct 10, 2017 5:02:46 PM org.springframework.beans.factory.xml.XmlBeanDefinitionReader loadBeanDefinitions
INFO: Loading XML bean definitions from class path resource [applicationContext.xml]
Oct 10, 2017 5:02:46 PM org.springframework.context.support.ClassPathXmlApplicationContext prepareRefresh
INFO: Refreshing org.springframework.context.support.ClassPathXmlApplicationContext@7cf6a5f9: startup date [Tue Oct 10 17:02:46 EDT 2017]; root of context hierarchy
Oct 10, 2017 5:02:46 PM org.springframework.beans.factory.xml.XmlBeanDefinitionReader loadBeanDefinitions
INFO: Loading XML bean definitions from class path resource [applicationContext.xml]
Oct 10, 2017 5:02:46 PM org.springframework.context.support.ClassPathXmlApplicationContext prepareRefresh
INFO: Refreshing org.springframework.context.support.ClassPathXmlApplicationContext@6b8d96d9: startup date [Tue Oct 10 17:02:46 EDT 2017]; root of context hierarchy
Oct 10, 2017 5:02:46 PM org.springframework.beans.factory.xml.XmlBeanDefinitionReader loadBeanDefinitions
INFO: Loading XML bean definitions from class path resource [applicationContext.xml]
Oct 10, 2017 5:02:46 PM org.springframework.context.support.ClassPathXmlApplicationContext prepareRefresh
INFO: Refreshing org.springframework.context.support.ClassPathXmlApplicationContext@6ad59d92: startup date [Tue Oct 10 17:02:46 EDT 2017]; root of context hierarchy
Oct 10, 2017 5:02:46 PM org.springframework.beans.factory.xml.XmlBeanDefinitionReader loadBeanDefinitions
INFO: Loading XML bean definitions from class path resource [applicationContext.xml]
Oct 10, 2017 5:02:47 PM org.springframework.context.support.ClassPathXmlApplicationContext prepareRefresh
INFO: Refreshing org.springframework.context.support.ClassPathXmlApplicationContext@301ec38b: startup date [Tue Oct 10 17:02:47 EDT 2017]; root of context hierarchy
Oct 10, 2017 5:02:47 PM org.springframework.beans.factory.xml.XmlBeanDefinitionReader loadBeanDefinitions
INFO: Loading XML bean definitions from class path resource [applicationContext.xml]
Oct 10, 2017 5:02:47 PM org.springframework.context.support.ClassPathXmlApplicationContext prepareRefresh
INFO: Refreshing org.springframework.context.support.ClassPathXmlApplicationContext@61f05988: startup date [Tue Oct 10 17:02:47 EDT 2017]; root of context hierarchy
Oct 10, 2017 5:02:47 PM org.springframework.beans.factory.xml.XmlBeanDefinitionReader loadBeanDefinitions
INFO: Loading XML bean definitions from class path resource [applicationContext.xml]
Oct 10, 2017 5:02:47 PM org.springframework.context.support.ClassPathXmlApplicationContext prepareRefresh
INFO: Refreshing org.springframework.context.support.ClassPathXmlApplicationContext@acdb094: startup date [Tue Oct 10 17:02:47 EDT 2017]; root of context hierarchy
Oct 10, 2017 5:02:47 PM org.springframework.beans.factory.xml.XmlBeanDefinitionReader loadBeanDefinitions
INFO: Loading XML bean definitions from class path resource [applicationContext.xml]
Oct 10, 2017 5:02:47 PM org.springframework.context.support.ClassPathXmlApplicationContext prepareRefresh
INFO: Refreshing org.springframework.context.support.ClassPathXmlApplicationContext@6f152006: startup date [Tue Oct 10 17:02:47 EDT 2017]; root of context hierarchy
Oct 10, 2017 5:02:47 PM org.springframework.beans.factory.xml.XmlBeanDefinitionReader loadBeanDefinitions
INFO: Loading XML bean definitions from class path resource [applicationContext.xml]
Oct 10, 2017 5:02:47 PM org.springframework.context.support.ClassPathXmlApplicationContext prepareRefresh
INFO: Refreshing org.springframework.context.support.ClassPathXmlApplicationContext@3d97a632: startup date [Tue Oct 10 17:02:47 EDT 2017]; root of context hierarchy
Oct 10, 2017 5:02:47 PM org.springframework.beans.factory.xml.XmlBeanDefinitionReader loadBeanDefinitions
INFO: Loading XML bean definitions from class path resource [applicationContext.xml]
Oct 10, 2017 5:02:47 PM org.springframework.context.support.ClassPathXmlApplicationContext prepareRefresh
INFO: Refreshing org.springframework.context.support.ClassPathXmlApplicationContext@3cc41abc: startup date [Tue Oct 10 17:02:47 EDT 2017]; root of context hierarchy
Oct 10, 2017 5:02:47 PM org.springframework.beans.factory.xml.XmlBeanDefinitionReader loadBeanDefinitions
INFO: Loading XML bean definitions from class path resource [applicationContext.xml]
Oct 10, 2017 5:02:47 PM org.springframework.context.support.ClassPathXmlApplicationContext prepareRefresh
INFO: Refreshing org.springframework.context.support.ClassPathXmlApplicationContext@319bc845: startup date [Tue Oct 10 17:02:47 EDT 2017]; root of context hierarchy
Oct 10, 2017 5:02:47 PM org.springframework.beans.factory.xml.XmlBeanDefinitionReader loadBeanDefinitions
INFO: Loading XML bean definitions from class path resource [applicationContext.xml]
Oct 10, 2017 5:02:47 PM org.springframework.context.support.ClassPathXmlApplicationContext prepareRefresh
INFO: Refreshing org.springframework.context.support.ClassPathXmlApplicationContext@3a1dd365: startup date [Tue Oct 10 17:02:47 EDT 2017]; root of context hierarchy
Oct 10, 2017 5:02:47 PM org.springframework.beans.factory.xml.XmlBeanDefinitionReader loadBeanDefinitions
INFO: Loading XML bean definitions from class path resource [applicationContext.xml]
Oct 10, 2017 5:02:47 PM org.springframework.context.support.ClassPathXmlApplicationContext prepareRefresh
INFO: Refreshing org.springframework.context.support.ClassPathXmlApplicationContext@54d18072: startup date [Tue Oct 10 17:02:47 EDT 2017]; root of context hierarchy
Oct 10, 2017 5:02:47 PM org.springframework.beans.factory.xml.XmlBeanDefinitionReader loadBeanDefinitions
INFO: Loading XML bean definitions from class path resource [applicationContext.xml]
Oct 10, 2017 5:02:47 PM org.springframework.context.support.ClassPathXmlApplicationContext prepareRefresh
INFO: Refreshing org.springframework.context.support.ClassPathXmlApplicationContext@53dacd14: startup date [Tue Oct 10 17:02:47 EDT 2017]; root of context hierarchy
Oct 10, 2017 5:02:47 PM org.springframework.beans.factory.xml.XmlBeanDefinitionReader loadBeanDefinitions
INFO: Loading XML bean definitions from class path resource [applicationContext.xml]
Oct 10, 2017 5:02:47 PM org.springframework.context.support.ClassPathXmlApplicationContext prepareRefresh
INFO: Refreshing org.springframework.context.support.ClassPathXmlApplicationContext@4409e975: startup date [Tue Oct 10 17:02:47 EDT 2017]; root of context hierarchy
Oct 10, 2017 5:02:47 PM org.springframework.beans.factory.xml.XmlBeanDefinitionReader loadBeanDefinitions
INFO: Loading XML bean definitions from class path resource [applicationContext.xml]
Oct 10, 2017 5:02:47 PM org.springframework.context.support.ClassPathXmlApplicationContext prepareRefresh
INFO: Refreshing org.springframework.context.support.ClassPathXmlApplicationContext@3b2c0e88: startup date [Tue Oct 10 17:02:47 EDT 2017]; root of context hierarchy
Oct 10, 2017 5:02:47 PM org.springframework.beans.factory.xml.XmlBeanDefinitionReader loadBeanDefinitions
INFO: Loading XML bean definitions from class path resource [applicationContext.xml]
Oct 10, 2017 5:02:47 PM org.springframework.context.support.ClassPathXmlApplicationContext prepareRefresh
INFO: Refreshing org.springframework.context.support.ClassPathXmlApplicationContext@3e7634b9: startup date [Tue Oct 10 17:02:47 EDT 2017]; root of context hierarchy
Oct 10, 2017 5:02:47 PM org.springframework.beans.factory.xml.XmlBeanDefinitionReader loadBeanDefinitions
INFO: Loading XML bean definitions from class path resource [applicationContext.xml]
Oct 10, 2017 5:02:47 PM org.springframework.context.support.ClassPathXmlApplicationContext prepareRefresh
INFO: Refreshing org.springframework.context.support.ClassPathXmlApplicationContext@5dd91bca: startup date [Tue Oct 10 17:02:47 EDT 2017]; root of context hierarchy
Oct 10, 2017 5:02:47 PM org.springframework.beans.factory.xml.XmlBeanDefinitionReader loadBeanDefinitions
INFO: Loading XML bean definitions from class path resource [applicationContext.xml]
Oct 10, 2017 5:02:47 PM org.springframework.context.support.ClassPathXmlApplicationContext prepareRefresh
INFO: Refreshing org.springframework.context.support.ClassPathXmlApplicationContext@7c209437: startup date [Tue Oct 10 17:02:47 EDT 2017]; root of context hierarchy
Oct 10, 2017 5:02:47 PM org.springframework.beans.factory.xml.XmlBeanDefinitionReader loadBeanDefinitions
INFO: Loading XML bean definitions from class path resource [applicationContext.xml]
Oct 10, 2017 5:02:47 PM org.springframework.context.support.ClassPathXmlApplicationContext prepareRefresh
INFO: Refreshing org.springframework.context.support.ClassPathXmlApplicationContext@19ae6bb: startup date [Tue Oct 10 17:02:47 EDT 2017]; root of context hierarchy
Oct 10, 2017 5:02:47 PM org.springframework.beans.factory.xml.XmlBeanDefinitionReader loadBeanDefinitions
INFO: Loading XML bean definitions from class path resource [applicationContext.xml]
Oct 10, 2017 5:02:47 PM org.springframework.context.support.ClassPathXmlApplicationContext prepareRefresh
INFO: Refreshing org.springframework.context.support.ClassPathXmlApplicationContext@fd8294b: startup date [Tue Oct 10 17:02:47 EDT 2017]; root of context hierarchy
Oct 10, 2017 5:02:47 PM org.springframework.beans.factory.xml.XmlBeanDefinitionReader loadBeanDefinitions
INFO: Loading XML bean definitions from class path resource [applicationContext.xml]
Oct 10, 2017 5:02:47 PM org.springframework.context.support.ClassPathXmlApplicationContext prepareRefresh
INFO: Refreshing org.springframework.context.support.ClassPathXmlApplicationContext@14c01636: startup date [Tue Oct 10 17:02:47 EDT 2017]; root of context hierarchy
Oct 10, 2017 5:02:47 PM org.springframework.beans.factory.xml.XmlBeanDefinitionReader loadBeanDefinitions
INFO: Loading XML bean definitions from class path resource [applicationContext.xml]
Oct 10, 2017 5:02:47 PM org.springframework.context.support.ClassPathXmlApplicationContext prepareRefresh
INFO: Refreshing org.springframework.context.support.ClassPathXmlApplicationContext@1e63ec0b: startup date [Tue Oct 10 17:02:47 EDT 2017]; root of context hierarchy
Oct 10, 2017 5:02:47 PM org.springframework.beans.factory.xml.XmlBeanDefinitionReader loadBeanDefinitions
INFO: Loading XML bean definitions from class path resource [applicationContext.xml]
Oct 10, 2017 5:02:47 PM org.springframework.context.support.ClassPathXmlApplicationContext prepareRefresh
INFO: Refreshing org.springframework.context.support.ClassPathXmlApplicationContext@5b057c8c: startup date [Tue Oct 10 17:02:47 EDT 2017]; root of context hierarchy
Oct 10, 2017 5:02:47 PM org.springframework.beans.factory.xml.XmlBeanDefinitionReader loadBeanDefinitions
INFO: Loading XML bean definitions from class path resource [applicationContext.xml]
Oct 10, 2017 5:02:47 PM org.springframework.context.support.ClassPathXmlApplicationContext prepareRefresh
INFO: Refreshing org.springframework.context.support.ClassPathXmlApplicationContext@2783717b: startup date [Tue Oct 10 17:02:47 EDT 2017]; root of context hierarchy
Oct 10, 2017 5:02:47 PM org.springframework.beans.factory.xml.XmlBeanDefinitionReader loadBeanDefinitions
INFO: Loading XML bean definitions from class path resource [applicationContext.xml]
Oct 10, 2017 5:02:47 PM org.springframework.context.support.ClassPathXmlApplicationContext prepareRefresh
INFO: Refreshing org.springframework.context.support.ClassPathXmlApplicationContext@366ef90e: startup date [Tue Oct 10 17:02:47 EDT 2017]; root of context hierarchy
Oct 10, 2017 5:02:47 PM org.springframework.beans.factory.xml.XmlBeanDefinitionReader loadBeanDefinitions
INFO: Loading XML bean definitions from class path resource [applicationContext.xml]
Oct 10, 2017 5:02:47 PM org.springframework.context.support.ClassPathXmlApplicationContext prepareRefresh
INFO: Refreshing org.springframework.context.support.ClassPathXmlApplicationContext@2692b61e: startup date [Tue Oct 10 17:02:47 EDT 2017]; root of context hierarchy
Oct 10, 2017 5:02:47 PM org.springframework.beans.factory.xml.XmlBeanDefinitionReader loadBeanDefinitions
INFO: Loading XML bean definitions from class path resource [applicationContext.xml]
Oct 10, 2017 5:02:47 PM org.springframework.context.support.ClassPathXmlApplicationContext prepareRefresh
INFO: Refreshing org.springframework.context.support.ClassPathXmlApplicationContext@5ddabb18: startup date [Tue Oct 10 17:02:47 EDT 2017]; root of context hierarchy
Oct 10, 2017 5:02:47 PM org.springframework.beans.factory.xml.XmlBeanDefinitionReader loadBeanDefinitions
INFO: Loading XML bean definitions from class path resource [applicationContext.xml]
Oct 10, 2017 5:02:47 PM org.springframework.context.support.ClassPathXmlApplicationContext prepareRefresh
INFO: Refreshing org.springframework.context.support.ClassPathXmlApplicationContext@5860f3d7: startup date [Tue Oct 10 17:02:47 EDT 2017]; root of context hierarchy
Oct 10, 2017 5:02:47 PM org.springframework.beans.factory.xml.XmlBeanDefinitionReader loadBeanDefinitions
INFO: Loading XML bean definitions from class path resource [applicationContext.xml]
Oct 10, 2017 5:02:47 PM org.springframework.context.support.ClassPathXmlApplicationContext prepareRefresh
INFO: Refreshing org.springframework.context.support.ClassPathXmlApplicationContext@1cd201a8: startup date [Tue Oct 10 17:02:47 EDT 2017]; root of context hierarchy
Oct 10, 2017 5:02:47 PM org.springframework.beans.factory.xml.XmlBeanDefinitionReader loadBeanDefinitions
INFO: Loading XML bean definitions from class path resource [applicationContext.xml]
Oct 10, 2017 5:02:47 PM org.springframework.context.support.ClassPathXmlApplicationContext prepareRefresh
INFO: Refreshing org.springframework.context.support.ClassPathXmlApplicationContext@5bf22f18: startup date [Tue Oct 10 17:02:47 EDT 2017]; root of context hierarchy
Oct 10, 2017 5:02:47 PM org.springframework.beans.factory.xml.XmlBeanDefinitionReader loadBeanDefinitions
INFO: Loading XML bean definitions from class path resource [applicationContext.xml]
Oct 10, 2017 5:02:47 PM org.springframework.context.support.ClassPathXmlApplicationContext prepareRefresh
INFO: Refreshing org.springframework.context.support.ClassPathXmlApplicationContext@2a39fe6a: startup date [Tue Oct 10 17:02:47 EDT 2017]; root of context hierarchy
Oct 10, 2017 5:02:47 PM org.springframework.beans.factory.xml.XmlBeanDefinitionReader loadBeanDefinitions
INFO: Loading XML bean definitions from class path resource [applicationContext.xml]
Oct 10, 2017 5:02:47 PM org.springframework.context.support.ClassPathXmlApplicationContext prepareRefresh
INFO: Refreshing org.springframework.context.support.ClassPathXmlApplicationContext@226642a5: startup date [Tue Oct 10 17:02:47 EDT 2017]; root of context hierarchy
Oct 10, 2017 5:02:47 PM org.springframework.beans.factory.xml.XmlBeanDefinitionReader loadBeanDefinitions
INFO: Loading XML bean definitions from class path resource [applicationContext.xml]
Oct 10, 2017 5:02:47 PM org.springframework.context.support.ClassPathXmlApplicationContext prepareRefresh
INFO: Refreshing org.springframework.context.support.ClassPathXmlApplicationContext@2a65bb85: startup date [Tue Oct 10 17:02:47 EDT 2017]; root of context hierarchy
Oct 10, 2017 5:02:47 PM org.springframework.beans.factory.xml.XmlBeanDefinitionReader loadBeanDefinitions
INFO: Loading XML bean definitions from class path resource [applicationContext.xml]
Oct 10, 2017 5:02:47 PM org.springframework.context.support.ClassPathXmlApplicationContext prepareRefresh
INFO: Refreshing org.springframework.context.support.ClassPathXmlApplicationContext@3e2822: startup date [Tue Oct 10 17:02:47 EDT 2017]; root of context hierarchy
Oct 10, 2017 5:02:47 PM org.springframework.beans.factory.xml.XmlBeanDefinitionReader loadBeanDefinitions
INFO: Loading XML bean definitions from class path resource [applicationContext.xml]
Oct 10, 2017 5:02:47 PM org.springframework.context.support.ClassPathXmlApplicationContext prepareRefresh
INFO: Refreshing org.springframework.context.support.ClassPathXmlApplicationContext@495083a0: startup date [Tue Oct 10 17:02:47 EDT 2017]; root of context hierarchy
Oct 10, 2017 5:02:47 PM org.springframework.beans.factory.xml.XmlBeanDefinitionReader loadBeanDefinitions
INFO: Loading XML bean definitions from class path resource [applicationContext.xml]
Oct 10, 2017 5:02:47 PM org.springframework.context.support.ClassPathXmlApplicationContext prepareRefresh
INFO: Refreshing org.springframework.context.support.ClassPathXmlApplicationContext@63cd604c: startup date [Tue Oct 10 17:02:47 EDT 2017]; root of context hierarchy
Oct 10, 2017 5:02:47 PM org.springframework.beans.factory.xml.XmlBeanDefinitionReader loadBeanDefinitions
INFO: Loading XML bean definitions from class path resource [applicationContext.xml]
Oct 10, 2017 5:02:47 PM org.springframework.context.support.ClassPathXmlApplicationContext prepareRefresh
INFO: Refreshing org.springframework.context.support.ClassPathXmlApplicationContext@5118388b: startup date [Tue Oct 10 17:02:47 EDT 2017]; root of context hierarchy
Oct 10, 2017 5:02:47 PM org.springframework.beans.factory.xml.XmlBeanDefinitionReader loadBeanDefinitions
INFO: Loading XML bean definitions from class path resource [applicationContext.xml]
Oct 10, 2017 5:02:47 PM org.springframework.context.support.ClassPathXmlApplicationContext prepareRefresh
INFO: Refreshing org.springframework.context.support.ClassPathXmlApplicationContext@8a589a2: startup date [Tue Oct 10 17:02:47 EDT 2017]; root of context hierarchy
Oct 10, 2017 5:02:47 PM org.springframework.beans.factory.xml.XmlBeanDefinitionReader loadBeanDefinitions
INFO: Loading XML bean definitions from class path resource [applicationContext.xml]
Oct 10, 2017 5:02:47 PM org.springframework.context.support.ClassPathXmlApplicationContext prepareRefresh
INFO: Refreshing org.springframework.context.support.ClassPathXmlApplicationContext@3bde62ff: startup date [Tue Oct 10 17:02:47 EDT 2017]; root of context hierarchy
Oct 10, 2017 5:02:47 PM org.springframework.beans.factory.xml.XmlBeanDefinitionReader loadBeanDefinitions
INFO: Loading XML bean definitions from class path resource [applicationContext.xml]
Oct 10, 2017 5:02:48 PM org.springframework.context.support.ClassPathXmlApplicationContext prepareRefresh
INFO: Refreshing org.springframework.context.support.ClassPathXmlApplicationContext@f415a95: startup date [Tue Oct 10 17:02:48 EDT 2017]; root of context hierarchy
Oct 10, 2017 5:02:48 PM org.springframework.beans.factory.xml.XmlBeanDefinitionReader loadBeanDefinitions
INFO: Loading XML bean definitions from class path resource [applicationContext.xml]
Oct 10, 2017 5:02:48 PM org.springframework.context.support.ClassPathXmlApplicationContext prepareRefresh
INFO: Refreshing org.springframework.context.support.ClassPathXmlApplicationContext@24f360b2: startup date [Tue Oct 10 17:02:48 EDT 2017]; root of context hierarchy
Oct 10, 2017 5:02:48 PM org.springframework.beans.factory.xml.XmlBeanDefinitionReader loadBeanDefinitions
INFO: Loading XML bean definitions from class path resource [applicationContext.xml]
Oct 10, 2017 5:02:48 PM org.springframework.context.support.ClassPathXmlApplicationContext prepareRefresh
INFO: Refreshing org.springframework.context.support.ClassPathXmlApplicationContext@7db534f2: startup date [Tue Oct 10 17:02:48 EDT 2017]; root of context hierarchy
Oct 10, 2017 5:02:48 PM org.springframework.beans.factory.xml.XmlBeanDefinitionReader loadBeanDefinitions
INFO: Loading XML bean definitions from class path resource [applicationContext.xml]
Oct 10, 2017 5:02:48 PM org.springframework.context.support.ClassPathXmlApplicationContext prepareRefresh
INFO: Refreshing org.springframework.context.support.ClassPathXmlApplicationContext@551a20d6: startup date [Tue Oct 10 17:02:48 EDT 2017]; root of context hierarchy
Oct 10, 2017 5:02:48 PM org.springframework.beans.factory.xml.XmlBeanDefinitionReader loadBeanDefinitions
INFO: Loading XML bean definitions from class path resource [applicationContext.xml]
Oct 10, 2017 5:02:48 PM org.springframework.context.support.ClassPathXmlApplicationContext prepareRefresh
INFO: Refreshing org.springframework.context.support.ClassPathXmlApplicationContext@59a67c3a: startup date [Tue Oct 10 17:02:48 EDT 2017]; root of context hierarchy
Oct 10, 2017 5:02:48 PM org.springframework.beans.factory.xml.XmlBeanDefinitionReader loadBeanDefinitions
INFO: Loading XML bean definitions from class path resource [applicationContext.xml]
Oct 10, 2017 5:02:48 PM org.springframework.context.support.ClassPathXmlApplicationContext prepareRefresh
INFO: Refreshing org.springframework.context.support.ClassPathXmlApplicationContext@5f7f2382: startup date [Tue Oct 10 17:02:48 EDT 2017]; root of context hierarchy
Oct 10, 2017 5:02:48 PM org.springframework.beans.factory.xml.XmlBeanDefinitionReader loadBeanDefinitions
INFO: Loading XML bean definitions from class path resource [applicationContext.xml]
Oct 10, 2017 5:02:48 PM org.springframework.context.support.ClassPathXmlApplicationContext prepareRefresh
INFO: Refreshing org.springframework.context.support.ClassPathXmlApplicationContext@127e70c5: startup date [Tue Oct 10 17:02:48 EDT 2017]; root of context hierarchy
Oct 10, 2017 5:02:48 PM org.springframework.beans.factory.xml.XmlBeanDefinitionReader loadBeanDefinitions
INFO: Loading XML bean definitions from class path resource [applicationContext.xml]
Oct 10, 2017 5:02:48 PM org.springframework.context.support.ClassPathXmlApplicationContext prepareRefresh
INFO: Refreshing org.springframework.context.support.ClassPathXmlApplicationContext@411341bd: startup date [Tue Oct 10 17:02:48 EDT 2017]; root of context hierarchy
Oct 10, 2017 5:02:48 PM org.springframework.beans.factory.xml.XmlBeanDefinitionReader loadBeanDefinitions
INFO: Loading XML bean definitions from class path resource [applicationContext.xml]
Oct 10, 2017 5:02:48 PM org.springframework.context.support.ClassPathXmlApplicationContext prepareRefresh
INFO: Refreshing org.springframework.context.support.ClassPathXmlApplicationContext@263f04ca: startup date [Tue Oct 10 17:02:48 EDT 2017]; root of context hierarchy
Oct 10, 2017 5:02:48 PM org.springframework.beans.factory.xml.XmlBeanDefinitionReader loadBeanDefinitions
INFO: Loading XML bean definitions from class path resource [applicationContext.xml]
Oct 10, 2017 5:02:48 PM org.springframework.context.support.ClassPathXmlApplicationContext prepareRefresh
INFO: Refreshing org.springframework.context.support.ClassPathXmlApplicationContext@6d511b5f: startup date [Tue Oct 10 17:02:48 EDT 2017]; root of context hierarchy
Oct 10, 2017 5:02:48 PM org.springframework.beans.factory.xml.XmlBeanDefinitionReader loadBeanDefinitions
INFO: Loading XML bean definitions from class path resource [applicationContext.xml]
Oct 10, 2017 5:02:48 PM org.springframework.context.support.ClassPathXmlApplicationContext prepareRefresh
INFO: Refreshing org.springframework.context.support.ClassPathXmlApplicationContext@fac80: startup date [Tue Oct 10 17:02:48 EDT 2017]; root of context hierarchy
Oct 10, 2017 5:02:48 PM org.springframework.beans.factory.xml.XmlBeanDefinitionReader loadBeanDefinitions
INFO: Loading XML bean definitions from class path resource [applicationContext.xml]
Oct 10, 2017 5:02:48 PM org.springframework.context.support.ClassPathXmlApplicationContext prepareRefresh
INFO: Refreshing org.springframework.context.support.ClassPathXmlApplicationContext@7544a1e4: startup date [Tue Oct 10 17:02:48 EDT 2017]; root of context hierarchy
Oct 10, 2017 5:02:48 PM org.springframework.beans.factory.xml.XmlBeanDefinitionReader loadBeanDefinitions
INFO: Loading XML bean definitions from class path resource [applicationContext.xml]
Oct 10, 2017 5:02:48 PM org.springframework.context.support.ClassPathXmlApplicationContext prepareRefresh
INFO: Refreshing org.springframework.context.support.ClassPathXmlApplicationContext@213e3629: startup date [Tue Oct 10 17:02:48 EDT 2017]; root of context hierarchy
Oct 10, 2017 5:02:48 PM org.springframework.beans.factory.xml.XmlBeanDefinitionReader loadBeanDefinitions
INFO: Loading XML bean definitions from class path resource [applicationContext.xml]
Oct 10, 2017 5:02:48 PM org.springframework.context.support.ClassPathXmlApplicationContext prepareRefresh
INFO: Refreshing org.springframework.context.support.ClassPathXmlApplicationContext@39c11e6c: startup date [Tue Oct 10 17:02:48 EDT 2017]; root of context hierarchy
Oct 10, 2017 5:02:48 PM org.springframework.beans.factory.xml.XmlBeanDefinitionReader loadBeanDefinitions
INFO: Loading XML bean definitions from class path resource [applicationContext.xml]
Oct 10, 2017 5:02:48 PM org.springframework.context.support.ClassPathXmlApplicationContext prepareRefresh
INFO: Refreshing org.springframework.context.support.ClassPathXmlApplicationContext@2024293c: startup date [Tue Oct 10 17:02:48 EDT 2017]; root of context hierarchy
Oct 10, 2017 5:02:48 PM org.springframework.beans.factory.xml.XmlBeanDefinitionReader loadBeanDefinitions
INFO: Loading XML bean definitions from class path resource [applicationContext.xml]
Oct 10, 2017 5:02:48 PM org.springframework.context.support.ClassPathXmlApplicationContext prepareRefresh
INFO: Refreshing org.springframework.context.support.ClassPathXmlApplicationContext@88d6f9b: startup date [Tue Oct 10 17:02:48 EDT 2017]; root of context hierarchy
Oct 10, 2017 5:02:48 PM org.springframework.beans.factory.xml.XmlBeanDefinitionReader loadBeanDefinitions
INFO: Loading XML bean definitions from class path resource [applicationContext.xml]
Oct 10, 2017 5:02:48 PM org.springframework.context.support.ClassPathXmlApplicationContext prepareRefresh
INFO: Refreshing org.springframework.context.support.ClassPathXmlApplicationContext@3aaf4f07: startup date [Tue Oct 10 17:02:48 EDT 2017]; root of context hierarchy
Oct 10, 2017 5:02:48 PM org.springframework.beans.factory.xml.XmlBeanDefinitionReader loadBeanDefinitions
INFO: Loading XML bean definitions from class path resource [applicationContext.xml]
Oct 10, 2017 5:02:48 PM org.springframework.context.support.ClassPathXmlApplicationContext prepareRefresh
INFO: Refreshing org.springframework.context.support.ClassPathXmlApplicationContext@7692cd34: startup date [Tue Oct 10 17:02:48 EDT 2017]; root of context hierarchy
Oct 10, 2017 5:02:48 PM org.springframework.beans.factory.xml.XmlBeanDefinitionReader loadBeanDefinitions
INFO: Loading XML bean definitions from class path resource [applicationContext.xml]
Oct 10, 2017 5:02:48 PM org.springframework.context.support.ClassPathXmlApplicationContext prepareRefresh
INFO: Refreshing org.springframework.context.support.ClassPathXmlApplicationContext@61a5b4ae: startup date [Tue Oct 10 17:02:48 EDT 2017]; root of context hierarchy
Oct 10, 2017 5:02:48 PM org.springframework.beans.factory.xml.XmlBeanDefinitionReader loadBeanDefinitions
INFO: Loading XML bean definitions from class path resource [applicationContext.xml]
Oct 10, 2017 5:02:48 PM org.springframework.context.support.ClassPathXmlApplicationContext prepareRefresh
INFO: Refreshing org.springframework.context.support.ClassPathXmlApplicationContext@1c05a54d: startup date [Tue Oct 10 17:02:48 EDT 2017]; root of context hierarchy
Oct 10, 2017 5:02:48 PM org.springframework.beans.factory.xml.XmlBeanDefinitionReader loadBeanDefinitions
INFO: Loading XML bean definitions from class path resource [applicationContext.xml]
Oct 10, 2017 5:02:48 PM org.springframework.context.support.ClassPathXmlApplicationContext prepareRefresh
INFO: Refreshing org.springframework.context.support.ClassPathXmlApplicationContext@6ac4944a: startup date [Tue Oct 10 17:02:48 EDT 2017]; root of context hierarchy
Oct 10, 2017 5:02:48 PM org.springframework.beans.factory.xml.XmlBeanDefinitionReader loadBeanDefinitions
INFO: Loading XML bean definitions from class path resource [applicationContext.xml]
Oct 10, 2017 5:02:48 PM org.springframework.context.support.ClassPathXmlApplicationContext prepareRefresh
INFO: Refreshing org.springframework.context.support.ClassPathXmlApplicationContext@1af05b03: startup date [Tue Oct 10 17:02:48 EDT 2017]; root of context hierarchy
Oct 10, 2017 5:02:48 PM org.springframework.beans.factory.xml.XmlBeanDefinitionReader loadBeanDefinitions
INFO: Loading XML bean definitions from class path resource [applicationContext.xml]
Oct 10, 2017 5:02:48 PM org.springframework.context.support.ClassPathXmlApplicationContext prepareRefresh
INFO: Refreshing org.springframework.context.support.ClassPathXmlApplicationContext@5710768a: startup date [Tue Oct 10 17:02:48 EDT 2017]; root of context hierarchy
Oct 10, 2017 5:02:48 PM org.springframework.beans.factory.xml.XmlBeanDefinitionReader loadBeanDefinitions
INFO: Loading XML bean definitions from class path resource [applicationContext.xml]
Oct 10, 2017 5:02:48 PM org.springframework.context.support.ClassPathXmlApplicationContext prepareRefresh
INFO: Refreshing org.springframework.context.support.ClassPathXmlApplicationContext@9fecdf1: startup date [Tue Oct 10 17:02:48 EDT 2017]; root of context hierarchy
Oct 10, 2017 5:02:48 PM org.springframework.beans.factory.xml.XmlBeanDefinitionReader loadBeanDefinitions
INFO: Loading XML bean definitions from class path resource [applicationContext.xml]
Oct 10, 2017 5:02:48 PM org.springframework.context.support.ClassPathXmlApplicationContext prepareRefresh
INFO: Refreshing org.springframework.context.support.ClassPathXmlApplicationContext@4e406694: startup date [Tue Oct 10 17:02:48 EDT 2017]; root of context hierarchy
Oct 10, 2017 5:02:48 PM org.springframework.beans.factory.xml.XmlBeanDefinitionReader loadBeanDefinitions
INFO: Loading XML bean definitions from class path resource [applicationContext.xml]
Oct 10, 2017 5:02:48 PM org.springframework.context.support.ClassPathXmlApplicationContext prepareRefresh
INFO: Refreshing org.springframework.context.support.ClassPathXmlApplicationContext@a68df9: startup date [Tue Oct 10 17:02:48 EDT 2017]; root of context hierarchy
Oct 10, 2017 5:02:48 PM org.springframework.beans.factory.xml.XmlBeanDefinitionReader loadBeanDefinitions
INFO: Loading XML bean definitions from class path resource [applicationContext.xml]
Oct 10, 2017 5:02:48 PM org.springframework.context.support.ClassPathXmlApplicationContext prepareRefresh
INFO: Refreshing org.springframework.context.support.ClassPathXmlApplicationContext@78d50a3c: startup date [Tue Oct 10 17:02:48 EDT 2017]; root of context hierarchy
Oct 10, 2017 5:02:48 PM org.springframework.beans.factory.xml.XmlBeanDefinitionReader loadBeanDefinitions
INFO: Loading XML bean definitions from class path resource [applicationContext.xml]
Oct 10, 2017 5:02:48 PM org.springframework.context.support.ClassPathXmlApplicationContext prepareRefresh
INFO: Refreshing org.springframework.context.support.ClassPathXmlApplicationContext@5b989dc7: startup date [Tue Oct 10 17:02:48 EDT 2017]; root of context hierarchy
Oct 10, 2017 5:02:48 PM org.springframework.beans.factory.xml.XmlBeanDefinitionReader loadBeanDefinitions
INFO: Loading XML bean definitions from class path resource [applicationContext.xml]
Oct 10, 2017 5:02:48 PM org.springframework.context.support.ClassPathXmlApplicationContext prepareRefresh
INFO: Refreshing org.springframework.context.support.ClassPathXmlApplicationContext@4aa3d36: startup date [Tue Oct 10 17:02:48 EDT 2017]; root of context hierarchy
Oct 10, 2017 5:02:48 PM org.springframework.beans.factory.xml.XmlBeanDefinitionReader loadBeanDefinitions
INFO: Loading XML bean definitions from class path resource [applicationContext.xml]
Oct 10, 2017 5:02:48 PM org.springframework.context.support.ClassPathXmlApplicationContext prepareRefresh
INFO: Refreshing org.springframework.context.support.ClassPathXmlApplicationContext@4c9e9fb8: startup date [Tue Oct 10 17:02:48 EDT 2017]; root of context hierarchy
Oct 10, 2017 5:02:48 PM org.springframework.beans.factory.xml.XmlBeanDefinitionReader loadBeanDefinitions
INFO: Loading XML bean definitions from class path resource [applicationContext.xml]
Oct 10, 2017 5:02:48 PM org.springframework.context.support.ClassPathXmlApplicationContext prepareRefresh
INFO: Refreshing org.springframework.context.support.ClassPathXmlApplicationContext@1fd386c3: startup date [Tue Oct 10 17:02:48 EDT 2017]; root of context hierarchy
Oct 10, 2017 5:02:48 PM org.springframework.beans.factory.xml.XmlBeanDefinitionReader loadBeanDefinitions
INFO: Loading XML bean definitions from class path resource [applicationContext.xml]
Oct 10, 2017 5:02:48 PM org.springframework.context.support.ClassPathXmlApplicationContext prepareRefresh
INFO: Refreshing org.springframework.context.support.ClassPathXmlApplicationContext@34448e6c: startup date [Tue Oct 10 17:02:48 EDT 2017]; root of context hierarchy
Oct 10, 2017 5:02:48 PM org.springframework.beans.factory.xml.XmlBeanDefinitionReader loadBeanDefinitions
INFO: Loading XML bean definitions from class path resource [applicationContext.xml]
Oct 10, 2017 5:02:48 PM org.springframework.context.support.ClassPathXmlApplicationContext prepareRefresh
INFO: Refreshing org.springframework.context.support.ClassPathXmlApplicationContext@68105edc: startup date [Tue Oct 10 17:02:48 EDT 2017]; root of context hierarchy
Oct 10, 2017 5:02:48 PM org.springframework.beans.factory.xml.XmlBeanDefinitionReader loadBeanDefinitions
INFO: Loading XML bean definitions from class path resource [applicationContext.xml]
Oct 10, 2017 5:02:48 PM org.springframework.context.support.ClassPathXmlApplicationContext prepareRefresh
INFO: Refreshing org.springframework.context.support.ClassPathXmlApplicationContext@99a65d3: startup date [Tue Oct 10 17:02:48 EDT 2017]; root of context hierarchy
Oct 10, 2017 5:02:48 PM org.springframework.beans.factory.xml.XmlBeanDefinitionReader loadBeanDefinitions
INFO: Loading XML bean definitions from class path resource [applicationContext.xml]
Oct 10, 2017 5:02:48 PM org.springframework.context.support.ClassPathXmlApplicationContext prepareRefresh
INFO: Refreshing org.springframework.context.support.ClassPathXmlApplicationContext@33a630fa: startup date [Tue Oct 10 17:02:48 EDT 2017]; root of context hierarchy
Oct 10, 2017 5:02:48 PM org.springframework.beans.factory.xml.XmlBeanDefinitionReader loadBeanDefinitions
INFO: Loading XML bean definitions from class path resource [applicationContext.xml]
Oct 10, 2017 5:02:48 PM org.springframework.context.support.ClassPathXmlApplicationContext prepareRefresh
INFO: Refreshing org.springframework.context.support.ClassPathXmlApplicationContext@4a60ee36: startup date [Tue Oct 10 17:02:48 EDT 2017]; root of context hierarchy
Oct 10, 2017 5:02:48 PM org.springframework.beans.factory.xml.XmlBeanDefinitionReader loadBeanDefinitions
INFO: Loading XML bean definitions from class path resource [applicationContext.xml]
Oct 10, 2017 5:02:48 PM org.springframework.context.support.ClassPathXmlApplicationContext prepareRefresh
INFO: Refreshing org.springframework.context.support.ClassPathXmlApplicationContext@4a1e3ac1: startup date [Tue Oct 10 17:02:48 EDT 2017]; root of context hierarchy
Oct 10, 2017 5:02:48 PM org.springframework.beans.factory.xml.XmlBeanDefinitionReader loadBeanDefinitions
INFO: Loading XML bean definitions from class path resource [applicationContext.xml]
Oct 10, 2017 5:02:48 PM org.springframework.context.support.ClassPathXmlApplicationContext prepareRefresh
INFO: Refreshing org.springframework.context.support.ClassPathXmlApplicationContext@3c5a54b7: startup date [Tue Oct 10 17:02:48 EDT 2017]; root of context hierarchy
Oct 10, 2017 5:02:48 PM org.springframework.beans.factory.xml.XmlBeanDefinitionReader loadBeanDefinitions
INFO: Loading XML bean definitions from class path resource [applicationContext.xml]
Oct 10, 2017 5:02:48 PM org.springframework.context.support.ClassPathXmlApplicationContext prepareRefresh
INFO: Refreshing org.springframework.context.support.ClassPathXmlApplicationContext@19f040ba: startup date [Tue Oct 10 17:02:48 EDT 2017]; root of context hierarchy
Oct 10, 2017 5:02:48 PM org.springframework.beans.factory.xml.XmlBeanDefinitionReader loadBeanDefinitions
INFO: Loading XML bean definitions from class path resource [applicationContext.xml]
Oct 10, 2017 5:02:48 PM org.springframework.context.support.ClassPathXmlApplicationContext prepareRefresh
INFO: Refreshing org.springframework.context.support.ClassPathXmlApplicationContext@31ff1390: startup date [Tue Oct 10 17:02:48 EDT 2017]; root of context hierarchy
Oct 10, 2017 5:02:48 PM org.springframework.beans.factory.xml.XmlBeanDefinitionReader loadBeanDefinitions
INFO: Loading XML bean definitions from class path resource [applicationContext.xml]
Oct 10, 2017 5:02:48 PM org.springframework.context.support.ClassPathXmlApplicationContext prepareRefresh
INFO: Refreshing org.springframework.context.support.ClassPathXmlApplicationContext@69c6161d: startup date [Tue Oct 10 17:02:48 EDT 2017]; root of context hierarchy
Oct 10, 2017 5:02:48 PM org.springframework.beans.factory.xml.XmlBeanDefinitionReader loadBeanDefinitions
INFO: Loading XML bean definitions from class path resource [applicationContext.xml]
Oct 10, 2017 5:02:48 PM org.springframework.context.support.ClassPathXmlApplicationContext prepareRefresh
INFO: Refreshing org.springframework.context.support.ClassPathXmlApplicationContext@54dcbb9f: startup date [Tue Oct 10 17:02:48 EDT 2017]; root of context hierarchy
Oct 10, 2017 5:02:48 PM org.springframework.beans.factory.xml.XmlBeanDefinitionReader loadBeanDefinitions
INFO: Loading XML bean definitions from class path resource [applicationContext.xml]
Oct 10, 2017 5:02:48 PM org.springframework.context.support.ClassPathXmlApplicationContext prepareRefresh
INFO: Refreshing org.springframework.context.support.ClassPathXmlApplicationContext@58065f0c: startup date [Tue Oct 10 17:02:48 EDT 2017]; root of context hierarchy
Oct 10, 2017 5:02:48 PM org.springframework.beans.factory.xml.XmlBeanDefinitionReader loadBeanDefinitions
INFO: Loading XML bean definitions from class path resource [applicationContext.xml]
Oct 10, 2017 5:02:48 PM org.springframework.context.support.ClassPathXmlApplicationContext prepareRefresh
INFO: Refreshing org.springframework.context.support.ClassPathXmlApplicationContext@6569dded: startup date [Tue Oct 10 17:02:48 EDT 2017]; root of context hierarchy
Oct 10, 2017 5:02:48 PM org.springframework.beans.factory.xml.XmlBeanDefinitionReader loadBeanDefinitions
INFO: Loading XML bean definitions from class path resource [applicationContext.xml]
Oct 10, 2017 5:02:48 PM org.springframework.context.support.ClassPathXmlApplicationContext prepareRefresh
INFO: Refreshing org.springframework.context.support.ClassPathXmlApplicationContext@6d467c87: startup date [Tue Oct 10 17:02:48 EDT 2017]; root of context hierarchy
Oct 10, 2017 5:02:48 PM org.springframework.beans.factory.xml.XmlBeanDefinitionReader loadBeanDefinitions
INFO: Loading XML bean definitions from class path resource [applicationContext.xml]
Oct 10, 2017 5:02:48 PM org.springframework.context.support.ClassPathXmlApplicationContext prepareRefresh
INFO: Refreshing org.springframework.context.support.ClassPathXmlApplicationContext@72805168: startup date [Tue Oct 10 17:02:48 EDT 2017]; root of context hierarchy
Oct 10, 2017 5:02:48 PM org.springframework.beans.factory.xml.XmlBeanDefinitionReader loadBeanDefinitions
INFO: Loading XML bean definitions from class path resource [applicationContext.xml]
Oct 10, 2017 5:02:49 PM org.springframework.context.support.ClassPathXmlApplicationContext prepareRefresh
INFO: Refreshing org.springframework.context.support.ClassPathXmlApplicationContext@55ea2d70: startup date [Tue Oct 10 17:02:49 EDT 2017]; root of context hierarchy
Oct 10, 2017 5:02:49 PM org.springframework.beans.factory.xml.XmlBeanDefinitionReader loadBeanDefinitions
INFO: Loading XML bean definitions from class path resource [applicationContext.xml]
Oct 10, 2017 5:02:49 PM org.springframework.context.support.ClassPathXmlApplicationContext prepareRefresh
INFO: Refreshing org.springframework.context.support.ClassPathXmlApplicationContext@bdecc21: startup date [Tue Oct 10 17:02:49 EDT 2017]; root of context hierarchy
Oct 10, 2017 5:02:49 PM org.springframework.beans.factory.xml.XmlBeanDefinitionReader loadBeanDefinitions
INFO: Loading XML bean definitions from class path resource [applicationContext.xml]
Oct 10, 2017 5:02:49 PM org.springframework.context.support.ClassPathXmlApplicationContext prepareRefresh
INFO: Refreshing org.springframework.context.support.ClassPathXmlApplicationContext@7051777c: startup date [Tue Oct 10 17:02:49 EDT 2017]; root of context hierarchy
Oct 10, 2017 5:02:49 PM org.springframework.beans.factory.xml.XmlBeanDefinitionReader loadBeanDefinitions
INFO: Loading XML bean definitions from class path resource [applicationContext.xml]
Oct 10, 2017 5:02:49 PM org.springframework.context.support.ClassPathXmlApplicationContext prepareRefresh
INFO: Refreshing org.springframework.context.support.ClassPathXmlApplicationContext@29314cc9: startup date [Tue Oct 10 17:02:49 EDT 2017]; root of context hierarchy
Oct 10, 2017 5:02:49 PM org.springframework.beans.factory.xml.XmlBeanDefinitionReader loadBeanDefinitions
INFO: Loading XML bean definitions from class path resource [applicationContext.xml]
Oct 10, 2017 5:02:49 PM org.springframework.context.support.ClassPathXmlApplicationContext prepareRefresh
INFO: Refreshing org.springframework.context.support.ClassPathXmlApplicationContext@726a17c4: startup date [Tue Oct 10 17:02:49 EDT 2017]; root of context hierarchy
Oct 10, 2017 5:02:49 PM org.springframework.beans.factory.xml.XmlBeanDefinitionReader loadBeanDefinitions
INFO: Loading XML bean definitions from class path resource [applicationContext.xml]
Oct 10, 2017 5:02:49 PM org.springframework.context.support.ClassPathXmlApplicationContext prepareRefresh
INFO: Refreshing org.springframework.context.support.ClassPathXmlApplicationContext@11841b15: startup date [Tue Oct 10 17:02:49 EDT 2017]; root of context hierarchy
Oct 10, 2017 5:02:49 PM org.springframework.beans.factory.xml.XmlBeanDefinitionReader loadBeanDefinitions
INFO: Loading XML bean definitions from class path resource [applicationContext.xml]
Oct 10, 2017 5:02:49 PM org.springframework.context.support.ClassPathXmlApplicationContext prepareRefresh
INFO: Refreshing org.springframework.context.support.ClassPathXmlApplicationContext@52fc5eb1: startup date [Tue Oct 10 17:02:49 EDT 2017]; root of context hierarchy
Oct 10, 2017 5:02:49 PM org.springframework.beans.factory.xml.XmlBeanDefinitionReader loadBeanDefinitions
INFO: Loading XML bean definitions from class path resource [applicationContext.xml]
Oct 10, 2017 5:02:49 PM org.springframework.context.support.ClassPathXmlApplicationContext prepareRefresh
INFO: Refreshing org.springframework.context.support.ClassPathXmlApplicationContext@2787de58: startup date [Tue Oct 10 17:02:49 EDT 2017]; root of context hierarchy
Oct 10, 2017 5:02:49 PM org.springframework.beans.factory.xml.XmlBeanDefinitionReader loadBeanDefinitions
INFO: Loading XML bean definitions from class path resource [applicationContext.xml]
Oct 10, 2017 5:02:49 PM org.springframework.context.support.ClassPathXmlApplicationContext prepareRefresh
INFO: Refreshing org.springframework.context.support.ClassPathXmlApplicationContext@3a4ba480: startup date [Tue Oct 10 17:02:49 EDT 2017]; root of context hierarchy
Oct 10, 2017 5:02:49 PM org.springframework.beans.factory.xml.XmlBeanDefinitionReader loadBeanDefinitions
INFO: Loading XML bean definitions from class path resource [applicationContext.xml]
Oct 10, 2017 5:02:49 PM org.springframework.context.support.ClassPathXmlApplicationContext prepareRefresh
INFO: Refreshing org.springframework.context.support.ClassPathXmlApplicationContext@562c877a: startup date [Tue Oct 10 17:02:49 EDT 2017]; root of context hierarchy
Oct 10, 2017 5:02:49 PM org.springframework.beans.factory.xml.XmlBeanDefinitionReader loadBeanDefinitions
INFO: Loading XML bean definitions from class path resource [applicationContext.xml]
Oct 10, 2017 5:02:49 PM org.springframework.context.support.ClassPathXmlApplicationContext prepareRefresh
INFO: Refreshing org.springframework.context.support.ClassPathXmlApplicationContext@1ecfcbc9: startup date [Tue Oct 10 17:02:49 EDT 2017]; root of context hierarchy
Oct 10, 2017 5:02:49 PM org.springframework.beans.factory.xml.XmlBeanDefinitionReader loadBeanDefinitions
INFO: Loading XML bean definitions from class path resource [applicationContext.xml]
Oct 10, 2017 5:02:49 PM org.springframework.context.support.ClassPathXmlApplicationContext prepareRefresh
INFO: Refreshing org.springframework.context.support.ClassPathXmlApplicationContext@37fdfb05: startup date [Tue Oct 10 17:02:49 EDT 2017]; root of context hierarchy
Oct 10, 2017 5:02:49 PM org.springframework.beans.factory.xml.XmlBeanDefinitionReader loadBeanDefinitions
INFO: Loading XML bean definitions from class path resource [applicationContext.xml]
Oct 10, 2017 5:02:49 PM org.springframework.context.support.ClassPathXmlApplicationContext prepareRefresh
INFO: Refreshing org.springframework.context.support.ClassPathXmlApplicationContext@87abc48: startup date [Tue Oct 10 17:02:49 EDT 2017]; root of context hierarchy
Oct 10, 2017 5:02:49 PM org.springframework.beans.factory.xml.XmlBeanDefinitionReader loadBeanDefinitions
INFO: Loading XML bean definitions from class path resource [applicationContext.xml]
Oct 10, 2017 5:02:49 PM org.springframework.context.support.ClassPathXmlApplicationContext prepareRefresh
INFO: Refreshing org.springframework.context.support.ClassPathXmlApplicationContext@77bd7fe7: startup date [Tue Oct 10 17:02:49 EDT 2017]; root of context hierarchy
Oct 10, 2017 5:02:49 PM org.springframework.beans.factory.xml.XmlBeanDefinitionReader loadBeanDefinitions
INFO: Loading XML bean definitions from class path resource [applicationContext.xml]
Oct 10, 2017 5:02:49 PM org.springframework.context.support.ClassPathXmlApplicationContext prepareRefresh
INFO: Refreshing org.springframework.context.support.ClassPathXmlApplicationContext@50d3bf39: startup date [Tue Oct 10 17:02:49 EDT 2017]; root of context hierarchy
Oct 10, 2017 5:02:49 PM org.springframework.beans.factory.xml.XmlBeanDefinitionReader loadBeanDefinitions
INFO: Loading XML bean definitions from class path resource [applicationContext.xml]
Oct 10, 2017 5:02:49 PM org.springframework.context.support.ClassPathXmlApplicationContext prepareRefresh
INFO: Refreshing org.springframework.context.support.ClassPathXmlApplicationContext@6b474074: startup date [Tue Oct 10 17:02:49 EDT 2017]; root of context hierarchy
Oct 10, 2017 5:02:49 PM org.springframework.beans.factory.xml.XmlBeanDefinitionReader loadBeanDefinitions
INFO: Loading XML bean definitions from class path resource [applicationContext.xml]
Oct 10, 2017 5:02:49 PM org.springframework.context.support.ClassPathXmlApplicationContext prepareRefresh
INFO: Refreshing org.springframework.context.support.ClassPathXmlApplicationContext@2a389173: startup date [Tue Oct 10 17:02:49 EDT 2017]; root of context hierarchy
Oct 10, 2017 5:02:49 PM org.springframework.beans.factory.xml.XmlBeanDefinitionReader loadBeanDefinitions
INFO: Loading XML bean definitions from class path resource [applicationContext.xml]
Oct 10, 2017 5:02:49 PM org.springframework.context.support.ClassPathXmlApplicationContext prepareRefresh
INFO: Refreshing org.springframework.context.support.ClassPathXmlApplicationContext@34dc85a: startup date [Tue Oct 10 17:02:49 EDT 2017]; root of context hierarchy
Oct 10, 2017 5:02:49 PM org.springframework.beans.factory.xml.XmlBeanDefinitionReader loadBeanDefinitions
INFO: Loading XML bean definitions from class path resource [applicationContext.xml]
Oct 10, 2017 5:02:49 PM org.springframework.context.support.ClassPathXmlApplicationContext prepareRefresh
INFO: Refreshing org.springframework.context.support.ClassPathXmlApplicationContext@7351a16e: startup date [Tue Oct 10 17:02:49 EDT 2017]; root of context hierarchy
Oct 10, 2017 5:02:49 PM org.springframework.beans.factory.xml.XmlBeanDefinitionReader loadBeanDefinitions
INFO: Loading XML bean definitions from class path resource [applicationContext.xml]
Oct 10, 2017 5:02:49 PM org.springframework.context.support.ClassPathXmlApplicationContext prepareRefresh
INFO: Refreshing org.springframework.context.support.ClassPathXmlApplicationContext@35835fa: startup date [Tue Oct 10 17:02:49 EDT 2017]; root of context hierarchy
Oct 10, 2017 5:02:49 PM org.springframework.beans.factory.xml.XmlBeanDefinitionReader loadBeanDefinitions
INFO: Loading XML bean definitions from class path resource [applicationContext.xml]
Oct 10, 2017 5:02:49 PM org.springframework.context.support.ClassPathXmlApplicationContext prepareRefresh
INFO: Refreshing org.springframework.context.support.ClassPathXmlApplicationContext@5a8ba37c: startup date [Tue Oct 10 17:02:49 EDT 2017]; root of context hierarchy
Oct 10, 2017 5:02:49 PM org.springframework.beans.factory.xml.XmlBeanDefinitionReader loadBeanDefinitions
INFO: Loading XML bean definitions from class path resource [applicationContext.xml]
Oct 10, 2017 5:02:49 PM org.springframework.context.support.ClassPathXmlApplicationContext prepareRefresh
INFO: Refreshing org.springframework.context.support.ClassPathXmlApplicationContext@44cb460e: startup date [Tue Oct 10 17:02:49 EDT 2017]; root of context hierarchy
Oct 10, 2017 5:02:49 PM org.springframework.beans.factory.xml.XmlBeanDefinitionReader loadBeanDefinitions
INFO: Loading XML bean definitions from class path resource [applicationContext.xml]
Oct 10, 2017 5:02:49 PM org.springframework.context.support.ClassPathXmlApplicationContext prepareRefresh
INFO: Refreshing org.springframework.context.support.ClassPathXmlApplicationContext@6818d900: startup date [Tue Oct 10 17:02:49 EDT 2017]; root of context hierarchy
Oct 10, 2017 5:02:49 PM org.springframework.beans.factory.xml.XmlBeanDefinitionReader loadBeanDefinitions
INFO: Loading XML bean definitions from class path resource [applicationContext.xml]
Oct 10, 2017 5:02:49 PM org.springframework.context.support.ClassPathXmlApplicationContext prepareRefresh
INFO: Refreshing org.springframework.context.support.ClassPathXmlApplicationContext@ec1b2e4: startup date [Tue Oct 10 17:02:49 EDT 2017]; root of context hierarchy
Oct 10, 2017 5:02:49 PM org.springframework.beans.factory.xml.XmlBeanDefinitionReader loadBeanDefinitions
INFO: Loading XML bean definitions from class path resource [applicationContext.xml]
Oct 10, 2017 5:02:49 PM org.springframework.context.support.ClassPathXmlApplicationContext prepareRefresh
INFO: Refreshing org.springframework.context.support.ClassPathXmlApplicationContext@6441c486: startup date [Tue Oct 10 17:02:49 EDT 2017]; root of context hierarchy
Oct 10, 2017 5:02:49 PM org.springframework.beans.factory.xml.XmlBeanDefinitionReader loadBeanDefinitions
INFO: Loading XML bean definitions from class path resource [applicationContext.xml]
Oct 10, 2017 5:02:49 PM org.springframework.context.support.ClassPathXmlApplicationContext prepareRefresh
INFO: Refreshing org.springframework.context.support.ClassPathXmlApplicationContext@12958360: startup date [Tue Oct 10 17:02:49 EDT 2017]; root of context hierarchy
Oct 10, 2017 5:02:49 PM org.springframework.beans.factory.xml.XmlBeanDefinitionReader loadBeanDefinitions
INFO: Loading XML bean definitions from class path resource [applicationContext.xml]
Oct 10, 2017 5:02:49 PM org.springframework.context.support.ClassPathXmlApplicationContext prepareRefresh
INFO: Refreshing org.springframework.context.support.ClassPathXmlApplicationContext@10667848: startup date [Tue Oct 10 17:02:49 EDT 2017]; root of context hierarchy
Oct 10, 2017 5:02:49 PM org.springframework.beans.factory.xml.XmlBeanDefinitionReader loadBeanDefinitions
INFO: Loading XML bean definitions from class path resource [applicationContext.xml]
Oct 10, 2017 5:02:49 PM org.springframework.context.support.ClassPathXmlApplicationContext prepareRefresh
INFO: Refreshing org.springframework.context.support.ClassPathXmlApplicationContext@14f3c6fc: startup date [Tue Oct 10 17:02:49 EDT 2017]; root of context hierarchy
Oct 10, 2017 5:02:49 PM org.springframework.beans.factory.xml.XmlBeanDefinitionReader loadBeanDefinitions
INFO: Loading XML bean definitions from class path resource [applicationContext.xml]
Oct 10, 2017 5:02:49 PM org.springframework.context.support.ClassPathXmlApplicationContext prepareRefresh
INFO: Refreshing org.springframework.context.support.ClassPathXmlApplicationContext@344426bf: startup date [Tue Oct 10 17:02:49 EDT 2017]; root of context hierarchy
Oct 10, 2017 5:02:49 PM org.springframework.beans.factory.xml.XmlBeanDefinitionReader loadBeanDefinitions
INFO: Loading XML bean definitions from class path resource [applicationContext.xml]
Oct 10, 2017 5:02:49 PM org.springframework.context.support.ClassPathXmlApplicationContext prepareRefresh
INFO: Refreshing org.springframework.context.support.ClassPathXmlApplicationContext@4c4f4365: startup date [Tue Oct 10 17:02:49 EDT 2017]; root of context hierarchy
Oct 10, 2017 5:02:49 PM org.springframework.beans.factory.xml.XmlBeanDefinitionReader loadBeanDefinitions
INFO: Loading XML bean definitions from class path resource [applicationContext.xml]
Oct 10, 2017 5:02:49 PM org.springframework.context.support.ClassPathXmlApplicationContext prepareRefresh
INFO: Refreshing org.springframework.context.support.ClassPathXmlApplicationContext@68c87fc3: startup date [Tue Oct 10 17:02:49 EDT 2017]; root of context hierarchy
Oct 10, 2017 5:02:49 PM org.springframework.beans.factory.xml.XmlBeanDefinitionReader loadBeanDefinitions
INFO: Loading XML bean definitions from class path resource [applicationContext.xml]
Oct 10, 2017 5:02:49 PM org.springframework.context.support.ClassPathXmlApplicationContext prepareRefresh
INFO: Refreshing org.springframework.context.support.ClassPathXmlApplicationContext@1686f0b4: startup date [Tue Oct 10 17:02:49 EDT 2017]; root of context hierarchy
Oct 10, 2017 5:02:49 PM org.springframework.beans.factory.xml.XmlBeanDefinitionReader loadBeanDefinitions
INFO: Loading XML bean definitions from class path resource [applicationContext.xml]
Oct 10, 2017 5:02:49 PM org.springframework.context.support.ClassPathXmlApplicationContext prepareRefresh
INFO: Refreshing org.springframework.context.support.ClassPathXmlApplicationContext@26f7cdf8: startup date [Tue Oct 10 17:02:49 EDT 2017]; root of context hierarchy
Oct 10, 2017 5:02:49 PM org.springframework.beans.factory.xml.XmlBeanDefinitionReader loadBeanDefinitions
INFO: Loading XML bean definitions from class path resource [applicationContext.xml]
Oct 10, 2017 5:02:49 PM org.springframework.context.support.ClassPathXmlApplicationContext prepareRefresh
INFO: Refreshing org.springframework.context.support.ClassPathXmlApplicationContext@b965857: startup date [Tue Oct 10 17:02:49 EDT 2017]; root of context hierarchy
Oct 10, 2017 5:02:49 PM org.springframework.beans.factory.xml.XmlBeanDefinitionReader loadBeanDefinitions
INFO: Loading XML bean definitions from class path resource [applicationContext.xml]
Oct 10, 2017 5:02:49 PM org.springframework.context.support.ClassPathXmlApplicationContext prepareRefresh
INFO: Refreshing org.springframework.context.support.ClassPathXmlApplicationContext@ab20d7c: startup date [Tue Oct 10 17:02:49 EDT 2017]; root of context hierarchy
Oct 10, 2017 5:02:49 PM org.springframework.beans.factory.xml.XmlBeanDefinitionReader loadBeanDefinitions
INFO: Loading XML bean definitions from class path resource [applicationContext.xml]
Oct 10, 2017 5:02:49 PM org.springframework.context.support.ClassPathXmlApplicationContext prepareRefresh
INFO: Refreshing org.springframework.context.support.ClassPathXmlApplicationContext@7a55f148: startup date [Tue Oct 10 17:02:49 EDT 2017]; root of context hierarchy
Oct 10, 2017 5:02:49 PM org.springframework.beans.factory.xml.XmlBeanDefinitionReader loadBeanDefinitions
INFO: Loading XML bean definitions from class path resource [applicationContext.xml]
Oct 10, 2017 5:02:49 PM org.springframework.context.support.ClassPathXmlApplicationContext prepareRefresh
INFO: Refreshing org.springframework.context.support.ClassPathXmlApplicationContext@281ce6bb: startup date [Tue Oct 10 17:02:49 EDT 2017]; root of context hierarchy
Oct 10, 2017 5:02:49 PM org.springframework.beans.factory.xml.XmlBeanDefinitionReader loadBeanDefinitions
INFO: Loading XML bean definitions from class path resource [applicationContext.xml]
Oct 10, 2017 5:02:49 PM org.springframework.context.support.ClassPathXmlApplicationContext prepareRefresh
INFO: Refreshing org.springframework.context.support.ClassPathXmlApplicationContext@1de6932a: startup date [Tue Oct 10 17:02:49 EDT 2017]; root of context hierarchy
Oct 10, 2017 5:02:49 PM org.springframework.beans.factory.xml.XmlBeanDefinitionReader loadBeanDefinitions
INFO: Loading XML bean definitions from class path resource [applicationContext.xml]
Oct 10, 2017 5:02:49 PM org.springframework.context.support.ClassPathXmlApplicationContext prepareRefresh
INFO: Refreshing org.springframework.context.support.ClassPathXmlApplicationContext@66153688: startup date [Tue Oct 10 17:02:49 EDT 2017]; root of context hierarchy
Oct 10, 2017 5:02:49 PM org.springframework.beans.factory.xml.XmlBeanDefinitionReader loadBeanDefinitions
INFO: Loading XML bean definitions from class path resource [applicationContext.xml]
Oct 10, 2017 5:02:49 PM org.springframework.context.support.ClassPathXmlApplicationContext prepareRefresh
INFO: Refreshing org.springframework.context.support.ClassPathXmlApplicationContext@45667d98: startup date [Tue Oct 10 17:02:49 EDT 2017]; root of context hierarchy
Oct 10, 2017 5:02:49 PM org.springframework.beans.factory.xml.XmlBeanDefinitionReader loadBeanDefinitions
INFO: Loading XML bean definitions from class path resource [applicationContext.xml]
Oct 10, 2017 5:02:49 PM org.springframework.context.support.ClassPathXmlApplicationContext prepareRefresh
INFO: Refreshing org.springframework.context.support.ClassPathXmlApplicationContext@504e1599: startup date [Tue Oct 10 17:02:49 EDT 2017]; root of context hierarchy
Oct 10, 2017 5:02:49 PM org.springframework.beans.factory.xml.XmlBeanDefinitionReader loadBeanDefinitions
INFO: Loading XML bean definitions from class path resource [applicationContext.xml]
Oct 10, 2017 5:02:49 PM org.springframework.context.support.ClassPathXmlApplicationContext prepareRefresh
INFO: Refreshing org.springframework.context.support.ClassPathXmlApplicationContext@2b329bbd: startup date [Tue Oct 10 17:02:49 EDT 2017]; root of context hierarchy
Oct 10, 2017 5:02:49 PM org.springframework.beans.factory.xml.XmlBeanDefinitionReader loadBeanDefinitions
INFO: Loading XML bean definitions from class path resource [applicationContext.xml]
Oct 10, 2017 5:02:49 PM org.springframework.context.support.ClassPathXmlApplicationContext prepareRefresh
INFO: Refreshing org.springframework.context.support.ClassPathXmlApplicationContext@783115d9: startup date [Tue Oct 10 17:02:49 EDT 2017]; root of context hierarchy
Oct 10, 2017 5:02:49 PM org.springframework.beans.factory.xml.XmlBeanDefinitionReader loadBeanDefinitions
INFO: Loading XML bean definitions from class path resource [applicationContext.xml]
Oct 10, 2017 5:02:49 PM org.springframework.context.support.ClassPathXmlApplicationContext prepareRefresh
INFO: Refreshing org.springframework.context.support.ClassPathXmlApplicationContext@164a62bf: startup date [Tue Oct 10 17:02:49 EDT 2017]; root of context hierarchy
Oct 10, 2017 5:02:49 PM org.springframework.beans.factory.xml.XmlBeanDefinitionReader loadBeanDefinitions
INFO: Loading XML bean definitions from class path resource [applicationContext.xml]
Oct 10, 2017 5:02:49 PM org.springframework.context.support.ClassPathXmlApplicationContext prepareRefresh
INFO: Refreshing org.springframework.context.support.ClassPathXmlApplicationContext@367b22e5: startup date [Tue Oct 10 17:02:49 EDT 2017]; root of context hierarchy
Oct 10, 2017 5:02:49 PM org.springframework.beans.factory.xml.XmlBeanDefinitionReader loadBeanDefinitions
INFO: Loading XML bean definitions from class path resource [applicationContext.xml]
Oct 10, 2017 5:02:50 PM org.springframework.context.support.ClassPathXmlApplicationContext prepareRefresh
INFO: Refreshing org.springframework.context.support.ClassPathXmlApplicationContext@338cc75f: startup date [Tue Oct 10 17:02:49 EDT 2017]; root of context hierarchy
Oct 10, 2017 5:02:50 PM org.springframework.beans.factory.xml.XmlBeanDefinitionReader loadBeanDefinitions
INFO: Loading XML bean definitions from class path resource [applicationContext.xml]
Oct 10, 2017 5:02:50 PM org.springframework.context.support.ClassPathXmlApplicationContext prepareRefresh
INFO: Refreshing org.springframework.context.support.ClassPathXmlApplicationContext@7b78ed6a: startup date [Tue Oct 10 17:02:50 EDT 2017]; root of context hierarchy
Oct 10, 2017 5:02:50 PM org.springframework.beans.factory.xml.XmlBeanDefinitionReader loadBeanDefinitions
INFO: Loading XML bean definitions from class path resource [applicationContext.xml]
Oct 10, 2017 5:02:50 PM org.springframework.context.support.ClassPathXmlApplicationContext prepareRefresh
INFO: Refreshing org.springframework.context.support.ClassPathXmlApplicationContext@5a8cbffe: startup date [Tue Oct 10 17:02:50 EDT 2017]; root of context hierarchy
Oct 10, 2017 5:02:50 PM org.springframework.beans.factory.xml.XmlBeanDefinitionReader loadBeanDefinitions
INFO: Loading XML bean definitions from class path resource [applicationContext.xml]
Oct 10, 2017 5:02:50 PM org.springframework.context.support.ClassPathXmlApplicationContext prepareRefresh
INFO: Refreshing org.springframework.context.support.ClassPathXmlApplicationContext@5cb042da: startup date [Tue Oct 10 17:02:50 EDT 2017]; root of context hierarchy
Oct 10, 2017 5:02:50 PM org.springframework.beans.factory.xml.XmlBeanDefinitionReader loadBeanDefinitions
INFO: Loading XML bean definitions from class path resource [applicationContext.xml]
Oct 10, 2017 5:02:50 PM org.springframework.context.support.ClassPathXmlApplicationContext prepareRefresh
INFO: Refreshing org.springframework.context.support.ClassPathXmlApplicationContext@6ab7ce48: startup date [Tue Oct 10 17:02:50 EDT 2017]; root of context hierarchy
Oct 10, 2017 5:02:50 PM org.springframework.beans.factory.xml.XmlBeanDefinitionReader loadBeanDefinitions
INFO: Loading XML bean definitions from class path resource [applicationContext.xml]
Oct 10, 2017 5:02:50 PM org.springframework.context.support.ClassPathXmlApplicationContext prepareRefresh
INFO: Refreshing org.springframework.context.support.ClassPathXmlApplicationContext@1744a475: startup date [Tue Oct 10 17:02:50 EDT 2017]; root of context hierarchy
Oct 10, 2017 5:02:50 PM org.springframework.beans.factory.xml.XmlBeanDefinitionReader loadBeanDefinitions
INFO: Loading XML bean definitions from class path resource [applicationContext.xml]
Oct 10, 2017 5:02:50 PM org.springframework.context.support.ClassPathXmlApplicationContext prepareRefresh
INFO: Refreshing org.springframework.context.support.ClassPathXmlApplicationContext@5833f5cd: startup date [Tue Oct 10 17:02:50 EDT 2017]; root of context hierarchy
Oct 10, 2017 5:02:50 PM org.springframework.beans.factory.xml.XmlBeanDefinitionReader loadBeanDefinitions
INFO: Loading XML bean definitions from class path resource [applicationContext.xml]
Oct 10, 2017 5:02:50 PM org.springframework.context.support.ClassPathXmlApplicationContext prepareRefresh
INFO: Refreshing org.springframework.context.support.ClassPathXmlApplicationContext@46731692: startup date [Tue Oct 10 17:02:50 EDT 2017]; root of context hierarchy
Oct 10, 2017 5:02:50 PM org.springframework.beans.factory.xml.XmlBeanDefinitionReader loadBeanDefinitions
INFO: Loading XML bean definitions from class path resource [applicationContext.xml]
Oct 10, 2017 5:02:50 PM org.springframework.context.support.ClassPathXmlApplicationContext prepareRefresh
INFO: Refreshing org.springframework.context.support.ClassPathXmlApplicationContext@24b4d544: startup date [Tue Oct 10 17:02:50 EDT 2017]; root of context hierarchy
Oct 10, 2017 5:02:50 PM org.springframework.beans.factory.xml.XmlBeanDefinitionReader loadBeanDefinitions
INFO: Loading XML bean definitions from class path resource [applicationContext.xml]
Oct 10, 2017 5:02:50 PM org.springframework.context.support.ClassPathXmlApplicationContext prepareRefresh
INFO: Refreshing org.springframework.context.support.ClassPathXmlApplicationContext@4e1459ea: startup date [Tue Oct 10 17:02:50 EDT 2017]; root of context hierarchy
Oct 10, 2017 5:02:50 PM org.springframework.beans.factory.xml.XmlBeanDefinitionReader loadBeanDefinitions
INFO: Loading XML bean definitions from class path resource [applicationContext.xml]
Oct 10, 2017 5:02:50 PM org.springframework.context.support.ClassPathXmlApplicationContext prepareRefresh
INFO: Refreshing org.springframework.context.support.ClassPathXmlApplicationContext@6794ac0b: startup date [Tue Oct 10 17:02:50 EDT 2017]; root of context hierarchy
Oct 10, 2017 5:02:50 PM org.springframework.beans.factory.xml.XmlBeanDefinitionReader loadBeanDefinitions
INFO: Loading XML bean definitions from class path resource [applicationContext.xml]
Oct 10, 2017 5:02:50 PM org.springframework.context.support.ClassPathXmlApplicationContext prepareRefresh
INFO: Refreshing org.springframework.context.support.ClassPathXmlApplicationContext@639aba11: startup date [Tue Oct 10 17:02:50 EDT 2017]; root of context hierarchy
Oct 10, 2017 5:02:50 PM org.springframework.beans.factory.xml.XmlBeanDefinitionReader loadBeanDefinitions
INFO: Loading XML bean definitions from class path resource [applicationContext.xml]
Oct 10, 2017 5:02:50 PM org.springframework.context.support.ClassPathXmlApplicationContext prepareRefresh
INFO: Refreshing org.springframework.context.support.ClassPathXmlApplicationContext@e8ea697: startup date [Tue Oct 10 17:02:50 EDT 2017]; root of context hierarchy
Oct 10, 2017 5:02:50 PM org.springframework.beans.factory.xml.XmlBeanDefinitionReader loadBeanDefinitions
INFO: Loading XML bean definitions from class path resource [applicationContext.xml]
Oct 10, 2017 5:02:50 PM org.springframework.context.support.ClassPathXmlApplicationContext prepareRefresh
INFO: Refreshing org.springframework.context.support.ClassPathXmlApplicationContext@e9dc4d0: startup date [Tue Oct 10 17:02:50 EDT 2017]; root of context hierarchy
Oct 10, 2017 5:02:50 PM org.springframework.beans.factory.xml.XmlBeanDefinitionReader loadBeanDefinitions
INFO: Loading XML bean definitions from class path resource [applicationContext.xml]
Oct 10, 2017 5:02:50 PM org.springframework.context.support.ClassPathXmlApplicationContext prepareRefresh
INFO: Refreshing org.springframework.context.support.ClassPathXmlApplicationContext@77eb5790: startup date [Tue Oct 10 17:02:50 EDT 2017]; root of context hierarchy
Oct 10, 2017 5:02:50 PM org.springframework.beans.factory.xml.XmlBeanDefinitionReader loadBeanDefinitions
INFO: Loading XML bean definitions from class path resource [applicationContext.xml]
Oct 10, 2017 5:02:50 PM org.springframework.context.support.ClassPathXmlApplicationContext prepareRefresh
INFO: Refreshing org.springframework.context.support.ClassPathXmlApplicationContext@6a9b9909: startup date [Tue Oct 10 17:02:50 EDT 2017]; root of context hierarchy
Oct 10, 2017 5:02:50 PM org.springframework.beans.factory.xml.XmlBeanDefinitionReader loadBeanDefinitions
INFO: Loading XML bean definitions from class path resource [applicationContext.xml]
Oct 10, 2017 5:02:50 PM org.springframework.context.support.ClassPathXmlApplicationContext prepareRefresh
INFO: Refreshing org.springframework.context.support.ClassPathXmlApplicationContext@7a389761: startup date [Tue Oct 10 17:02:50 EDT 2017]; root of context hierarchy
Oct 10, 2017 5:02:50 PM org.springframework.beans.factory.xml.XmlBeanDefinitionReader loadBeanDefinitions
INFO: Loading XML bean definitions from class path resource [applicationContext.xml]
Oct 10, 2017 5:02:50 PM org.springframework.context.support.ClassPathXmlApplicationContext prepareRefresh
INFO: Refreshing org.springframework.context.support.ClassPathXmlApplicationContext@7efe7b87: startup date [Tue Oct 10 17:02:50 EDT 2017]; root of context hierarchy
Oct 10, 2017 5:02:50 PM org.springframework.beans.factory.xml.XmlBeanDefinitionReader loadBeanDefinitions
INFO: Loading XML bean definitions from class path resource [applicationContext.xml]
Oct 10, 2017 5:02:50 PM org.springframework.context.support.ClassPathXmlApplicationContext prepareRefresh
INFO: Refreshing org.springframework.context.support.ClassPathXmlApplicationContext@6629ad09: startup date [Tue Oct 10 17:02:50 EDT 2017]; root of context hierarchy
Oct 10, 2017 5:02:50 PM org.springframework.beans.factory.xml.XmlBeanDefinitionReader loadBeanDefinitions
INFO: Loading XML bean definitions from class path resource [applicationContext.xml]
Oct 10, 2017 5:02:50 PM org.springframework.context.support.ClassPathXmlApplicationContext prepareRefresh
INFO: Refreshing org.springframework.context.support.ClassPathXmlApplicationContext@7569ea63: startup date [Tue Oct 10 17:02:50 EDT 2017]; root of context hierarchy
Oct 10, 2017 5:02:50 PM org.springframework.beans.factory.xml.XmlBeanDefinitionReader loadBeanDefinitions
INFO: Loading XML bean definitions from class path resource [applicationContext.xml]
Oct 10, 2017 5:02:50 PM org.springframework.context.support.ClassPathXmlApplicationContext prepareRefresh
INFO: Refreshing org.springframework.context.support.ClassPathXmlApplicationContext@396ef8b2: startup date [Tue Oct 10 17:02:50 EDT 2017]; root of context hierarchy
Oct 10, 2017 5:02:50 PM org.springframework.beans.factory.xml.XmlBeanDefinitionReader loadBeanDefinitions
INFO: Loading XML bean definitions from class path resource [applicationContext.xml]
Oct 10, 2017 5:02:50 PM org.springframework.context.support.ClassPathXmlApplicationContext prepareRefresh
INFO: Refreshing org.springframework.context.support.ClassPathXmlApplicationContext@1b5c3e5f: startup date [Tue Oct 10 17:02:50 EDT 2017]; root of context hierarchy
Oct 10, 2017 5:02:50 PM org.springframework.beans.factory.xml.XmlBeanDefinitionReader loadBeanDefinitions
INFO: Loading XML bean definitions from class path resource [applicationContext.xml]
Oct 10, 2017 5:02:50 PM org.springframework.context.support.ClassPathXmlApplicationContext prepareRefresh
INFO: Refreshing org.springframework.context.support.ClassPathXmlApplicationContext@10823d72: startup date [Tue Oct 10 17:02:50 EDT 2017]; root of context hierarchy
Oct 10, 2017 5:02:50 PM org.springframework.beans.factory.xml.XmlBeanDefinitionReader loadBeanDefinitions
INFO: Loading XML bean definitions from class path resource [applicationContext.xml]
Oct 10, 2017 5:02:50 PM org.springframework.context.support.ClassPathXmlApplicationContext prepareRefresh
INFO: Refreshing org.springframework.context.support.ClassPathXmlApplicationContext@70cccd8f: startup date [Tue Oct 10 17:02:50 EDT 2017]; root of context hierarchy
Oct 10, 2017 5:02:50 PM org.springframework.beans.factory.xml.XmlBeanDefinitionReader loadBeanDefinitions
INFO: Loading XML bean definitions from class path resource [applicationContext.xml]
Oct 10, 2017 5:02:50 PM org.springframework.context.support.ClassPathXmlApplicationContext prepareRefresh
INFO: Refreshing org.springframework.context.support.ClassPathXmlApplicationContext@6ecdbab8: startup date [Tue Oct 10 17:02:50 EDT 2017]; root of context hierarchy
Oct 10, 2017 5:02:50 PM org.springframework.beans.factory.xml.XmlBeanDefinitionReader loadBeanDefinitions
INFO: Loading XML bean definitions from class path resource [applicationContext.xml]
Oct 10, 2017 5:02:50 PM org.springframework.context.support.ClassPathXmlApplicationContext prepareRefresh
INFO: Refreshing org.springframework.context.support.ClassPathXmlApplicationContext@1f77b5cc: startup date [Tue Oct 10 17:02:50 EDT 2017]; root of context hierarchy
Oct 10, 2017 5:02:50 PM org.springframework.beans.factory.xml.XmlBeanDefinitionReader loadBeanDefinitions
INFO: Loading XML bean definitions from class path resource [applicationContext.xml]
Oct 10, 2017 5:02:50 PM org.springframework.context.support.ClassPathXmlApplicationContext prepareRefresh
INFO: Refreshing org.springframework.context.support.ClassPathXmlApplicationContext@b16e202: startup date [Tue Oct 10 17:02:50 EDT 2017]; root of context hierarchy
Oct 10, 2017 5:02:50 PM org.springframework.beans.factory.xml.XmlBeanDefinitionReader loadBeanDefinitions
INFO: Loading XML bean definitions from class path resource [applicationContext.xml]
Oct 10, 2017 5:02:50 PM org.springframework.context.support.ClassPathXmlApplicationContext prepareRefresh
INFO: Refreshing org.springframework.context.support.ClassPathXmlApplicationContext@49c675f0: startup date [Tue Oct 10 17:02:50 EDT 2017]; root of context hierarchy
Oct 10, 2017 5:02:50 PM org.springframework.beans.factory.xml.XmlBeanDefinitionReader loadBeanDefinitions
INFO: Loading XML bean definitions from class path resource [applicationContext.xml]
Oct 10, 2017 5:02:50 PM org.springframework.context.support.ClassPathXmlApplicationContext prepareRefresh
INFO: Refreshing org.springframework.context.support.ClassPathXmlApplicationContext@65a48602: startup date [Tue Oct 10 17:02:50 EDT 2017]; root of context hierarchy
Oct 10, 2017 5:02:50 PM org.springframework.beans.factory.xml.XmlBeanDefinitionReader loadBeanDefinitions
INFO: Loading XML bean definitions from class path resource [applicationContext.xml]
Oct 10, 2017 5:02:50 PM org.springframework.context.support.ClassPathXmlApplicationContext prepareRefresh
INFO: Refreshing org.springframework.context.support.ClassPathXmlApplicationContext@72f8ae0c: startup date [Tue Oct 10 17:02:50 EDT 2017]; root of context hierarchy
Oct 10, 2017 5:02:50 PM org.springframework.beans.factory.xml.XmlBeanDefinitionReader loadBeanDefinitions
INFO: Loading XML bean definitions from class path resource [applicationContext.xml]
Oct 10, 2017 5:02:50 PM org.springframework.context.support.ClassPathXmlApplicationContext prepareRefresh
INFO: Refreshing org.springframework.context.support.ClassPathXmlApplicationContext@6f49d153: startup date [Tue Oct 10 17:02:50 EDT 2017]; root of context hierarchy
Oct 10, 2017 5:02:50 PM org.springframework.beans.factory.xml.XmlBeanDefinitionReader loadBeanDefinitions
INFO: Loading XML bean definitions from class path resource [applicationContext.xml]
Oct 10, 2017 5:02:50 PM org.springframework.context.support.ClassPathXmlApplicationContext prepareRefresh
INFO: Refreshing org.springframework.context.support.ClassPathXmlApplicationContext@5633ed82: startup date [Tue Oct 10 17:02:50 EDT 2017]; root of context hierarchy
Oct 10, 2017 5:02:50 PM org.springframework.beans.factory.xml.XmlBeanDefinitionReader loadBeanDefinitions
INFO: Loading XML bean definitions from class path resource [applicationContext.xml]
Oct 10, 2017 5:02:50 PM org.springframework.context.support.ClassPathXmlApplicationContext prepareRefresh
INFO: Refreshing org.springframework.context.support.ClassPathXmlApplicationContext@4ac86d6a: startup date [Tue Oct 10 17:02:50 EDT 2017]; root of context hierarchy
Oct 10, 2017 5:02:50 PM org.springframework.beans.factory.xml.XmlBeanDefinitionReader loadBeanDefinitions
INFO: Loading XML bean definitions from class path resource [applicationContext.xml]
Oct 10, 2017 5:02:50 PM org.springframework.context.support.ClassPathXmlApplicationContext prepareRefresh
INFO: Refreshing org.springframework.context.support.ClassPathXmlApplicationContext@2643d762: startup date [Tue Oct 10 17:02:50 EDT 2017]; root of context hierarchy
Oct 10, 2017 5:02:50 PM org.springframework.beans.factory.xml.XmlBeanDefinitionReader loadBeanDefinitions
INFO: Loading XML bean definitions from class path resource [applicationContext.xml]
Oct 10, 2017 5:02:50 PM org.springframework.context.support.ClassPathXmlApplicationContext prepareRefresh
INFO: Refreshing org.springframework.context.support.ClassPathXmlApplicationContext@4c6007fb: startup date [Tue Oct 10 17:02:50 EDT 2017]; root of context hierarchy
Oct 10, 2017 5:02:50 PM org.springframework.beans.factory.xml.XmlBeanDefinitionReader loadBeanDefinitions
INFO: Loading XML bean definitions from class path resource [applicationContext.xml]
Oct 10, 2017 5:02:50 PM org.springframework.context.support.ClassPathXmlApplicationContext prepareRefresh
INFO: Refreshing org.springframework.context.support.ClassPathXmlApplicationContext@c27a3a2: startup date [Tue Oct 10 17:02:50 EDT 2017]; root of context hierarchy
Oct 10, 2017 5:02:50 PM org.springframework.beans.factory.xml.XmlBeanDefinitionReader loadBeanDefinitions
INFO: Loading XML bean definitions from class path resource [applicationContext.xml]
Oct 10, 2017 5:02:50 PM org.springframework.context.support.ClassPathXmlApplicationContext prepareRefresh
INFO: Refreshing org.springframework.context.support.ClassPathXmlApplicationContext@524a076e: startup date [Tue Oct 10 17:02:50 EDT 2017]; root of context hierarchy
Oct 10, 2017 5:02:50 PM org.springframework.beans.factory.xml.XmlBeanDefinitionReader loadBeanDefinitions
INFO: Loading XML bean definitions from class path resource [applicationContext.xml]
Oct 10, 2017 5:02:50 PM org.springframework.context.support.ClassPathXmlApplicationContext prepareRefresh
INFO: Refreshing org.springframework.context.support.ClassPathXmlApplicationContext@121bb45b: startup date [Tue Oct 10 17:02:50 EDT 2017]; root of context hierarchy
Oct 10, 2017 5:02:50 PM org.springframework.beans.factory.xml.XmlBeanDefinitionReader loadBeanDefinitions
INFO: Loading XML bean definitions from class path resource [applicationContext.xml]
Oct 10, 2017 5:02:50 PM org.springframework.context.support.ClassPathXmlApplicationContext prepareRefresh
INFO: Refreshing org.springframework.context.support.ClassPathXmlApplicationContext@36c2b646: startup date [Tue Oct 10 17:02:50 EDT 2017]; root of context hierarchy
Oct 10, 2017 5:02:50 PM org.springframework.beans.factory.xml.XmlBeanDefinitionReader loadBeanDefinitions
INFO: Loading XML bean definitions from class path resource [applicationContext.xml]
Oct 10, 2017 5:02:50 PM org.springframework.context.support.ClassPathXmlApplicationContext prepareRefresh
INFO: Refreshing org.springframework.context.support.ClassPathXmlApplicationContext@252a8aae: startup date [Tue Oct 10 17:02:50 EDT 2017]; root of context hierarchy
Oct 10, 2017 5:02:50 PM org.springframework.beans.factory.xml.XmlBeanDefinitionReader loadBeanDefinitions
INFO: Loading XML bean definitions from class path resource [applicationContext.xml]
Oct 10, 2017 5:02:50 PM org.springframework.context.support.ClassPathXmlApplicationContext prepareRefresh
INFO: Refreshing org.springframework.context.support.ClassPathXmlApplicationContext@2f897dab: startup date [Tue Oct 10 17:02:50 EDT 2017]; root of context hierarchy
Oct 10, 2017 5:02:50 PM org.springframework.beans.factory.xml.XmlBeanDefinitionReader loadBeanDefinitions
INFO: Loading XML bean definitions from class path resource [applicationContext.xml]
Oct 10, 2017 5:02:50 PM org.springframework.context.support.ClassPathXmlApplicationContext prepareRefresh
INFO: Refreshing org.springframework.context.support.ClassPathXmlApplicationContext@75d982d3: startup date [Tue Oct 10 17:02:50 EDT 2017]; root of context hierarchy
Oct 10, 2017 5:02:50 PM org.springframework.beans.factory.xml.XmlBeanDefinitionReader loadBeanDefinitions
INFO: Loading XML bean definitions from class path resource [applicationContext.xml]
Oct 10, 2017 5:02:50 PM org.springframework.context.support.ClassPathXmlApplicationContext prepareRefresh
INFO: Refreshing org.springframework.context.support.ClassPathXmlApplicationContext@4821aa9f: startup date [Tue Oct 10 17:02:50 EDT 2017]; root of context hierarchy
Oct 10, 2017 5:02:50 PM org.springframework.beans.factory.xml.XmlBeanDefinitionReader loadBeanDefinitions
INFO: Loading XML bean definitions from class path resource [applicationContext.xml]
Oct 10, 2017 5:02:50 PM org.springframework.context.support.ClassPathXmlApplicationContext prepareRefresh
INFO: Refreshing org.springframework.context.support.ClassPathXmlApplicationContext@267dc982: startup date [Tue Oct 10 17:02:50 EDT 2017]; root of context hierarchy
Oct 10, 2017 5:02:50 PM org.springframework.beans.factory.xml.XmlBeanDefinitionReader loadBeanDefinitions
INFO: Loading XML bean definitions from class path resource [applicationContext.xml]
Oct 10, 2017 5:02:50 PM org.springframework.context.support.ClassPathXmlApplicationContext prepareRefresh
INFO: Refreshing org.springframework.context.support.ClassPathXmlApplicationContext@29149030: startup date [Tue Oct 10 17:02:50 EDT 2017]; root of context hierarchy
Oct 10, 2017 5:02:50 PM org.springframework.beans.factory.xml.XmlBeanDefinitionReader loadBeanDefinitions
INFO: Loading XML bean definitions from class path resource [applicationContext.xml]
Oct 10, 2017 5:02:50 PM org.springframework.context.support.ClassPathXmlApplicationContext prepareRefresh
INFO: Refreshing org.springframework.context.support.ClassPathXmlApplicationContext@3e3315d9: startup date [Tue Oct 10 17:02:50 EDT 2017]; root of context hierarchy
Oct 10, 2017 5:02:50 PM org.springframework.beans.factory.xml.XmlBeanDefinitionReader loadBeanDefinitions
INFO: Loading XML bean definitions from class path resource [applicationContext.xml]
Oct 10, 2017 5:02:50 PM org.springframework.context.support.ClassPathXmlApplicationContext prepareRefresh
INFO: Refreshing org.springframework.context.support.ClassPathXmlApplicationContext@7a81065e: startup date [Tue Oct 10 17:02:50 EDT 2017]; root of context hierarchy
Oct 10, 2017 5:02:50 PM org.springframework.beans.factory.xml.XmlBeanDefinitionReader loadBeanDefinitions
INFO: Loading XML bean definitions from class path resource [applicationContext.xml]
Oct 10, 2017 5:02:50 PM org.springframework.context.support.ClassPathXmlApplicationContext prepareRefresh
INFO: Refreshing org.springframework.context.support.ClassPathXmlApplicationContext@3650d4fc: startup date [Tue Oct 10 17:02:50 EDT 2017]; root of context hierarchy
Oct 10, 2017 5:02:50 PM org.springframework.beans.factory.xml.XmlBeanDefinitionReader loadBeanDefinitions
INFO: Loading XML bean definitions from class path resource [applicationContext.xml]
</system-err>
  </testcase>
  <testcase classname="com.sg.flooringmastery.dao.FMOrderDaoTest" name="testRemoveOrder" time="0.001">
    <error message="org.springframework.beans.FatalBeanException" type="java.lang.NoClassDefFoundError">java.lang.NoClassDefFoundError: org.springframework.beans.FatalBeanException
	at org.springframework.beans.factory.support.AbstractAutowireCapableBeanFactory.instantiateBean(AbstractAutowireCapableBeanFactory.java:1154)
	at org.springframework.beans.factory.support.AbstractAutowireCapableBeanFactory.createBeanInstance(AbstractAutowireCapableBeanFactory.java:1099)
	at org.springframework.beans.factory.support.AbstractAutowireCapableBeanFactory.doCreateBean(AbstractAutowireCapableBeanFactory.java:513)
	at org.springframework.beans.factory.support.AbstractAutowireCapableBeanFactory.createBean(AbstractAutowireCapableBeanFactory.java:483)
	at org.springframework.beans.factory.support.AbstractBeanFactory$1.getObject(AbstractBeanFactory.java:306)
	at org.springframework.beans.factory.support.DefaultSingletonBeanRegistry.getSingleton(DefaultSingletonBeanRegistry.java:230)
	at org.springframework.beans.factory.support.AbstractBeanFactory.doGetBean(AbstractBeanFactory.java:302)
	at org.springframework.beans.factory.support.AbstractBeanFactory.getBean(AbstractBeanFactory.java:197)
	at org.springframework.beans.factory.support.DefaultListableBeanFactory.preInstantiateSingletons(DefaultListableBeanFactory.java:761)
	at org.springframework.context.support.AbstractApplicationContext.finishBeanFactoryInitialization(AbstractApplicationContext.java:867)
	at org.springframework.context.support.AbstractApplicationContext.refresh(AbstractApplicationContext.java:543)
	at org.springframework.context.support.ClassPathXmlApplicationContext.&lt;init&gt;(ClassPathXmlApplicationContext.java:139)
	at org.springframework.context.support.ClassPathXmlApplicationContext.&lt;init&gt;(ClassPathXmlApplicationContext.java:83)
	at com.sg.flooringmastery.dao.FMOrderDaoTest.&lt;init&gt;(FMOrderDaoTest.java:31)
	at sun.reflect.NativeConstructorAccessorImpl.newInstance0(Native Method)
	at sun.reflect.NativeConstructorAccessorImpl.newInstance(NativeConstructorAccessorImpl.java:62)
	at sun.reflect.DelegatingConstructorAccessorImpl.newInstance(DelegatingConstructorAccessorImpl.java:45)
	at java.lang.reflect.Constructor.newInstance(Constructor.java:423)
	at org.junit.runners.BlockJUnit4ClassRunner.createTest(BlockJUnit4ClassRunner.java:217)
	at org.junit.runners.BlockJUnit4ClassRunner$1.runReflectiveCall(BlockJUnit4ClassRunner.java:266)
	at org.junit.internal.runners.model.ReflectiveCallable.run(ReflectiveCallable.java:12)
	at org.junit.runners.BlockJUnit4ClassRunner.methodBlock(BlockJUnit4ClassRunner.java:263)
	at org.junit.runners.BlockJUnit4ClassRunner.runChild(BlockJUnit4ClassRunner.java:78)
	at org.junit.runners.BlockJUnit4ClassRunner.runChild(BlockJUnit4ClassRunner.java:57)
	at org.junit.runners.ParentRunner$3.run(ParentRunner.java:290)
	at org.junit.runners.ParentRunner$1.schedule(ParentRunner.java:71)
	at org.junit.runners.ParentRunner.runChildren(ParentRunner.java:288)
	at org.junit.runners.ParentRunner.access$000(ParentRunner.java:58)
	at org.junit.runners.ParentRunner$2.evaluate(ParentRunner.java:268)
	at org.junit.runners.ParentRunner.run(ParentRunner.java:363)
	at org.apache.maven.surefire.junit4.JUnit4Provider.execute(JUnit4Provider.java:252)
	at org.apache.maven.surefire.junit4.JUnit4Provider.executeTestSet(JUnit4Provider.java:141)
	at org.apache.maven.surefire.junit4.JUnit4Provider.invoke(JUnit4Provider.java:112)
	at sun.reflect.NativeMethodAccessorImpl.invoke0(Native Method)
	at sun.reflect.NativeMethodAccessorImpl.invoke(NativeMethodAccessorImpl.java:62)
	at sun.reflect.DelegatingMethodAccessorImpl.invoke(DelegatingMethodAccessorImpl.java:43)
	at java.lang.reflect.Method.invoke(Method.java:498)
	at org.apache.maven.surefire.util.ReflectionUtils.invokeMethodWithArray(ReflectionUtils.java:189)
	at org.apache.maven.surefire.booter.ProviderFactory$ProviderProxy.invoke(ProviderFactory.java:165)
	at org.apache.maven.surefire.booter.ProviderFactory.invokeProvider(ProviderFactory.java:85)
	at org.apache.maven.surefire.booter.ForkedBooter.runSuitesInProcess(ForkedBooter.java:115)
	at org.apache.maven.surefire.booter.ForkedBooter.main(ForkedBooter.java:75)
</error>
    <system-err>Oct 10, 2017 5:02:51 PM org.springframework.context.support.ClassPathXmlApplicationContext prepareRefresh
INFO: Refreshing org.springframework.context.support.ClassPathXmlApplicationContext@c2584d3: startup date [Tue Oct 10 17:02:51 EDT 2017]; root of context hierarchy
Oct 10, 2017 5:02:51 PM org.springframework.beans.factory.xml.XmlBeanDefinitionReader loadBeanDefinitions
INFO: Loading XML bean definitions from class path resource [applicationContext.xml]
Oct 10, 2017 5:02:51 PM org.springframework.context.support.ClassPathXmlApplicationContext prepareRefresh
INFO: Refreshing org.springframework.context.support.ClassPathXmlApplicationContext@2975a9e: startup date [Tue Oct 10 17:02:51 EDT 2017]; root of context hierarchy
Oct 10, 2017 5:02:51 PM org.springframework.beans.factory.xml.XmlBeanDefinitionReader loadBeanDefinitions
INFO: Loading XML bean definitions from class path resource [applicationContext.xml]
Oct 10, 2017 5:02:51 PM org.springframework.context.support.ClassPathXmlApplicationContext prepareRefresh
INFO: Refreshing org.springframework.context.support.ClassPathXmlApplicationContext@77049094: startup date [Tue Oct 10 17:02:51 EDT 2017]; root of context hierarchy
Oct 10, 2017 5:02:51 PM org.springframework.beans.factory.xml.XmlBeanDefinitionReader loadBeanDefinitions
INFO: Loading XML bean definitions from class path resource [applicationContext.xml]
Oct 10, 2017 5:02:51 PM org.springframework.context.support.ClassPathXmlApplicationContext prepareRefresh
INFO: Refreshing org.springframework.context.support.ClassPathXmlApplicationContext@4527f70a: startup date [Tue Oct 10 17:02:51 EDT 2017]; root of context hierarchy
Oct 10, 2017 5:02:51 PM org.springframework.beans.factory.xml.XmlBeanDefinitionReader loadBeanDefinitions
INFO: Loading XML bean definitions from class path resource [applicationContext.xml]
Oct 10, 2017 5:02:51 PM org.springframework.context.support.ClassPathXmlApplicationContext prepareRefresh
INFO: Refreshing org.springframework.context.support.ClassPathXmlApplicationContext@73d60e76: startup date [Tue Oct 10 17:02:51 EDT 2017]; root of context hierarchy
Oct 10, 2017 5:02:51 PM org.springframework.beans.factory.xml.XmlBeanDefinitionReader loadBeanDefinitions
INFO: Loading XML bean definitions from class path resource [applicationContext.xml]
Oct 10, 2017 5:02:51 PM org.springframework.context.support.ClassPathXmlApplicationContext prepareRefresh
INFO: Refreshing org.springframework.context.support.ClassPathXmlApplicationContext@354e7004: startup date [Tue Oct 10 17:02:51 EDT 2017]; root of context hierarchy
Oct 10, 2017 5:02:51 PM org.springframework.beans.factory.xml.XmlBeanDefinitionReader loadBeanDefinitions
INFO: Loading XML bean definitions from class path resource [applicationContext.xml]
Oct 10, 2017 5:02:51 PM org.springframework.context.support.ClassPathXmlApplicationContext prepareRefresh
INFO: Refreshing org.springframework.context.support.ClassPathXmlApplicationContext@78b612c6: startup date [Tue Oct 10 17:02:51 EDT 2017]; root of context hierarchy
Oct 10, 2017 5:02:51 PM org.springframework.beans.factory.xml.XmlBeanDefinitionReader loadBeanDefinitions
INFO: Loading XML bean definitions from class path resource [applicationContext.xml]
Oct 10, 2017 5:02:51 PM org.springframework.context.support.ClassPathXmlApplicationContext prepareRefresh
INFO: Refreshing org.springframework.context.support.ClassPathXmlApplicationContext@5d97caa4: startup date [Tue Oct 10 17:02:51 EDT 2017]; root of context hierarchy
Oct 10, 2017 5:02:51 PM org.springframework.beans.factory.xml.XmlBeanDefinitionReader loadBeanDefinitions
INFO: Loading XML bean definitions from class path resource [applicationContext.xml]
Oct 10, 2017 5:02:51 PM org.springframework.context.support.ClassPathXmlApplicationContext prepareRefresh
INFO: Refreshing org.springframework.context.support.ClassPathXmlApplicationContext@4d266391: startup date [Tue Oct 10 17:02:51 EDT 2017]; root of context hierarchy
Oct 10, 2017 5:02:51 PM org.springframework.beans.factory.xml.XmlBeanDefinitionReader loadBeanDefinitions
INFO: Loading XML bean definitions from class path resource [applicationContext.xml]
Oct 10, 2017 5:02:51 PM org.springframework.context.support.ClassPathXmlApplicationContext prepareRefresh
INFO: Refreshing org.springframework.context.support.ClassPathXmlApplicationContext@7e7f3cfd: startup date [Tue Oct 10 17:02:51 EDT 2017]; root of context hierarchy
Oct 10, 2017 5:02:51 PM org.springframework.beans.factory.xml.XmlBeanDefinitionReader loadBeanDefinitions
INFO: Loading XML bean definitions from class path resource [applicationContext.xml]
Oct 10, 2017 5:02:51 PM org.springframework.context.support.ClassPathXmlApplicationContext prepareRefresh
INFO: Refreshing org.springframework.context.support.ClassPathXmlApplicationContext@7add838c: startup date [Tue Oct 10 17:02:51 EDT 2017]; root of context hierarchy
Oct 10, 2017 5:02:51 PM org.springframework.beans.factory.xml.XmlBeanDefinitionReader loadBeanDefinitions
INFO: Loading XML bean definitions from class path resource [applicationContext.xml]
Oct 10, 2017 5:02:51 PM org.springframework.context.support.ClassPathXmlApplicationContext prepareRefresh
INFO: Refreshing org.springframework.context.support.ClassPathXmlApplicationContext@f1868c9: startup date [Tue Oct 10 17:02:51 EDT 2017]; root of context hierarchy
Oct 10, 2017 5:02:51 PM org.springframework.beans.factory.xml.XmlBeanDefinitionReader loadBeanDefinitions
INFO: Loading XML bean definitions from class path resource [applicationContext.xml]
Oct 10, 2017 5:02:51 PM org.springframework.context.support.ClassPathXmlApplicationContext prepareRefresh
INFO: Refreshing org.springframework.context.support.ClassPathXmlApplicationContext@423c5404: startup date [Tue Oct 10 17:02:51 EDT 2017]; root of context hierarchy
Oct 10, 2017 5:02:51 PM org.springframework.beans.factory.xml.XmlBeanDefinitionReader loadBeanDefinitions
INFO: Loading XML bean definitions from class path resource [applicationContext.xml]
Oct 10, 2017 5:02:51 PM org.springframework.context.support.ClassPathXmlApplicationContext prepareRefresh
INFO: Refreshing org.springframework.context.support.ClassPathXmlApplicationContext@61f6d381: startup date [Tue Oct 10 17:02:51 EDT 2017]; root of context hierarchy
Oct 10, 2017 5:02:51 PM org.springframework.beans.factory.xml.XmlBeanDefinitionReader loadBeanDefinitions
INFO: Loading XML bean definitions from class path resource [applicationContext.xml]
Oct 10, 2017 5:02:51 PM org.springframework.context.support.ClassPathXmlApplicationContext prepareRefresh
INFO: Refreshing org.springframework.context.support.ClassPathXmlApplicationContext@593a6726: startup date [Tue Oct 10 17:02:51 EDT 2017]; root of context hierarchy
Oct 10, 2017 5:02:51 PM org.springframework.beans.factory.xml.XmlBeanDefinitionReader loadBeanDefinitions
INFO: Loading XML bean definitions from class path resource [applicationContext.xml]
Oct 10, 2017 5:02:51 PM org.springframework.context.support.ClassPathXmlApplicationContext prepareRefresh
INFO: Refreshing org.springframework.context.support.ClassPathXmlApplicationContext@36c281ed: startup date [Tue Oct 10 17:02:51 EDT 2017]; root of context hierarchy
Oct 10, 2017 5:02:51 PM org.springframework.beans.factory.xml.XmlBeanDefinitionReader loadBeanDefinitions
INFO: Loading XML bean definitions from class path resource [applicationContext.xml]
Oct 10, 2017 5:02:51 PM org.springframework.context.support.ClassPathXmlApplicationContext prepareRefresh
INFO: Refreshing org.springframework.context.support.ClassPathXmlApplicationContext@2be95d31: startup date [Tue Oct 10 17:02:51 EDT 2017]; root of context hierarchy
Oct 10, 2017 5:02:51 PM org.springframework.beans.factory.xml.XmlBeanDefinitionReader loadBeanDefinitions
INFO: Loading XML bean definitions from class path resource [applicationContext.xml]
Oct 10, 2017 5:02:51 PM org.springframework.context.support.ClassPathXmlApplicationContext prepareRefresh
INFO: Refreshing org.springframework.context.support.ClassPathXmlApplicationContext@462e1e64: startup date [Tue Oct 10 17:02:51 EDT 2017]; root of context hierarchy
Oct 10, 2017 5:02:51 PM org.springframework.beans.factory.xml.XmlBeanDefinitionReader loadBeanDefinitions
INFO: Loading XML bean definitions from class path resource [applicationContext.xml]
Oct 10, 2017 5:02:51 PM org.springframework.context.support.ClassPathXmlApplicationContext prepareRefresh
INFO: Refreshing org.springframework.context.support.ClassPathXmlApplicationContext@38f77cd9: startup date [Tue Oct 10 17:02:51 EDT 2017]; root of context hierarchy
Oct 10, 2017 5:02:51 PM org.springframework.beans.factory.xml.XmlBeanDefinitionReader loadBeanDefinitions
INFO: Loading XML bean definitions from class path resource [applicationContext.xml]
Oct 10, 2017 5:02:51 PM org.springframework.context.support.ClassPathXmlApplicationContext prepareRefresh
INFO: Refreshing org.springframework.context.support.ClassPathXmlApplicationContext@58015e56: startup date [Tue Oct 10 17:02:51 EDT 2017]; root of context hierarchy
Oct 10, 2017 5:02:51 PM org.springframework.beans.factory.xml.XmlBeanDefinitionReader loadBeanDefinitions
INFO: Loading XML bean definitions from class path resource [applicationContext.xml]
Oct 10, 2017 5:02:51 PM org.springframework.context.support.ClassPathXmlApplicationContext prepareRefresh
INFO: Refreshing org.springframework.context.support.ClassPathXmlApplicationContext@5762658b: startup date [Tue Oct 10 17:02:51 EDT 2017]; root of context hierarchy
Oct 10, 2017 5:02:51 PM org.springframework.beans.factory.xml.XmlBeanDefinitionReader loadBeanDefinitions
INFO: Loading XML bean definitions from class path resource [applicationContext.xml]
Oct 10, 2017 5:02:51 PM org.springframework.context.support.ClassPathXmlApplicationContext prepareRefresh
INFO: Refreshing org.springframework.context.support.ClassPathXmlApplicationContext@5740ff5e: startup date [Tue Oct 10 17:02:51 EDT 2017]; root of context hierarchy
Oct 10, 2017 5:02:51 PM org.springframework.beans.factory.xml.XmlBeanDefinitionReader loadBeanDefinitions
INFO: Loading XML bean definitions from class path resource [applicationContext.xml]
Oct 10, 2017 5:02:51 PM org.springframework.context.support.ClassPathXmlApplicationContext prepareRefresh
INFO: Refreshing org.springframework.context.support.ClassPathXmlApplicationContext@7cca01a8: startup date [Tue Oct 10 17:02:51 EDT 2017]; root of context hierarchy
Oct 10, 2017 5:02:51 PM org.springframework.beans.factory.xml.XmlBeanDefinitionReader loadBeanDefinitions
INFO: Loading XML bean definitions from class path resource [applicationContext.xml]
Oct 10, 2017 5:02:51 PM org.springframework.context.support.ClassPathXmlApplicationContext prepareRefresh
INFO: Refreshing org.springframework.context.support.ClassPathXmlApplicationContext@ea52184: startup date [Tue Oct 10 17:02:51 EDT 2017]; root of context hierarchy
Oct 10, 2017 5:02:51 PM org.springframework.beans.factory.xml.XmlBeanDefinitionReader loadBeanDefinitions
INFO: Loading XML bean definitions from class path resource [applicationContext.xml]
Oct 10, 2017 5:02:51 PM org.springframework.context.support.ClassPathXmlApplicationContext prepareRefresh
INFO: Refreshing org.springframework.context.support.ClassPathXmlApplicationContext@eb6ec6: startup date [Tue Oct 10 17:02:51 EDT 2017]; root of context hierarchy
Oct 10, 2017 5:02:51 PM org.springframework.beans.factory.xml.XmlBeanDefinitionReader loadBeanDefinitions
INFO: Loading XML bean definitions from class path resource [applicationContext.xml]
Oct 10, 2017 5:02:51 PM org.springframework.context.support.ClassPathXmlApplicationContext prepareRefresh
INFO: Refreshing org.springframework.context.support.ClassPathXmlApplicationContext@46f902e0: startup date [Tue Oct 10 17:02:51 EDT 2017]; root of context hierarchy
Oct 10, 2017 5:02:51 PM org.springframework.beans.factory.xml.XmlBeanDefinitionReader loadBeanDefinitions
INFO: Loading XML bean definitions from class path resource [applicationContext.xml]
Oct 10, 2017 5:02:51 PM org.springframework.context.support.ClassPathXmlApplicationContext prepareRefresh
INFO: Refreshing org.springframework.context.support.ClassPathXmlApplicationContext@67531e3a: startup date [Tue Oct 10 17:02:51 EDT 2017]; root of context hierarchy
Oct 10, 2017 5:02:51 PM org.springframework.beans.factory.xml.XmlBeanDefinitionReader loadBeanDefinitions
INFO: Loading XML bean definitions from class path resource [applicationContext.xml]
Oct 10, 2017 5:02:51 PM org.springframework.context.support.ClassPathXmlApplicationContext prepareRefresh
INFO: Refreshing org.springframework.context.support.ClassPathXmlApplicationContext@53ed80d3: startup date [Tue Oct 10 17:02:51 EDT 2017]; root of context hierarchy
Oct 10, 2017 5:02:51 PM org.springframework.beans.factory.xml.XmlBeanDefinitionReader loadBeanDefinitions
INFO: Loading XML bean definitions from class path resource [applicationContext.xml]
Oct 10, 2017 5:02:51 PM org.springframework.context.support.ClassPathXmlApplicationContext prepareRefresh
INFO: Refreshing org.springframework.context.support.ClassPathXmlApplicationContext@4e642ee1: startup date [Tue Oct 10 17:02:51 EDT 2017]; root of context hierarchy
Oct 10, 2017 5:02:51 PM org.springframework.beans.factory.xml.XmlBeanDefinitionReader loadBeanDefinitions
INFO: Loading XML bean definitions from class path resource [applicationContext.xml]
Oct 10, 2017 5:02:51 PM org.springframework.context.support.ClassPathXmlApplicationContext prepareRefresh
INFO: Refreshing org.springframework.context.support.ClassPathXmlApplicationContext@3134153d: startup date [Tue Oct 10 17:02:51 EDT 2017]; root of context hierarchy
Oct 10, 2017 5:02:51 PM org.springframework.beans.factory.xml.XmlBeanDefinitionReader loadBeanDefinitions
INFO: Loading XML bean definitions from class path resource [applicationContext.xml]
Oct 10, 2017 5:02:51 PM org.springframework.context.support.ClassPathXmlApplicationContext prepareRefresh
INFO: Refreshing org.springframework.context.support.ClassPathXmlApplicationContext@3f362135: startup date [Tue Oct 10 17:02:51 EDT 2017]; root of context hierarchy
Oct 10, 2017 5:02:51 PM org.springframework.beans.factory.xml.XmlBeanDefinitionReader loadBeanDefinitions
INFO: Loading XML bean definitions from class path resource [applicationContext.xml]
Oct 10, 2017 5:02:51 PM org.springframework.context.support.ClassPathXmlApplicationContext prepareRefresh
INFO: Refreshing org.springframework.context.support.ClassPathXmlApplicationContext@6f6c6077: startup date [Tue Oct 10 17:02:51 EDT 2017]; root of context hierarchy
Oct 10, 2017 5:02:51 PM org.springframework.beans.factory.xml.XmlBeanDefinitionReader loadBeanDefinitions
INFO: Loading XML bean definitions from class path resource [applicationContext.xml]
Oct 10, 2017 5:02:51 PM org.springframework.context.support.ClassPathXmlApplicationContext prepareRefresh
INFO: Refreshing org.springframework.context.support.ClassPathXmlApplicationContext@53e76c11: startup date [Tue Oct 10 17:02:51 EDT 2017]; root of context hierarchy
Oct 10, 2017 5:02:51 PM org.springframework.beans.factory.xml.XmlBeanDefinitionReader loadBeanDefinitions
INFO: Loading XML bean definitions from class path resource [applicationContext.xml]
Oct 10, 2017 5:02:51 PM org.springframework.context.support.ClassPathXmlApplicationContext prepareRefresh
INFO: Refreshing org.springframework.context.support.ClassPathXmlApplicationContext@2fd64b11: startup date [Tue Oct 10 17:02:51 EDT 2017]; root of context hierarchy
Oct 10, 2017 5:02:51 PM org.springframework.beans.factory.xml.XmlBeanDefinitionReader loadBeanDefinitions
INFO: Loading XML bean definitions from class path resource [applicationContext.xml]
Oct 10, 2017 5:02:51 PM org.springframework.context.support.ClassPathXmlApplicationContext prepareRefresh
INFO: Refreshing org.springframework.context.support.ClassPathXmlApplicationContext@34c70b5e: startup date [Tue Oct 10 17:02:51 EDT 2017]; root of context hierarchy
Oct 10, 2017 5:02:51 PM org.springframework.beans.factory.xml.XmlBeanDefinitionReader loadBeanDefinitions
INFO: Loading XML bean definitions from class path resource [applicationContext.xml]
Oct 10, 2017 5:02:51 PM org.springframework.context.support.ClassPathXmlApplicationContext prepareRefresh
INFO: Refreshing org.springframework.context.support.ClassPathXmlApplicationContext@3c66b7d8: startup date [Tue Oct 10 17:02:51 EDT 2017]; root of context hierarchy
Oct 10, 2017 5:02:51 PM org.springframework.beans.factory.xml.XmlBeanDefinitionReader loadBeanDefinitions
INFO: Loading XML bean definitions from class path resource [applicationContext.xml]
Oct 10, 2017 5:02:51 PM org.springframework.context.support.ClassPathXmlApplicationContext prepareRefresh
INFO: Refreshing org.springframework.context.support.ClassPathXmlApplicationContext@1e4c6583: startup date [Tue Oct 10 17:02:51 EDT 2017]; root of context hierarchy
Oct 10, 2017 5:02:51 PM org.springframework.beans.factory.xml.XmlBeanDefinitionReader loadBeanDefinitions
INFO: Loading XML bean definitions from class path resource [applicationContext.xml]
Oct 10, 2017 5:02:51 PM org.springframework.context.support.ClassPathXmlApplicationContext prepareRefresh
INFO: Refreshing org.springframework.context.support.ClassPathXmlApplicationContext@32f96bba: startup date [Tue Oct 10 17:02:51 EDT 2017]; root of context hierarchy
Oct 10, 2017 5:02:51 PM org.springframework.beans.factory.xml.XmlBeanDefinitionReader loadBeanDefinitions
INFO: Loading XML bean definitions from class path resource [applicationContext.xml]
Oct 10, 2017 5:02:51 PM org.springframework.context.support.ClassPathXmlApplicationContext prepareRefresh
INFO: Refreshing org.springframework.context.support.ClassPathXmlApplicationContext@6e03db1f: startup date [Tue Oct 10 17:02:51 EDT 2017]; root of context hierarchy
Oct 10, 2017 5:02:51 PM org.springframework.beans.factory.xml.XmlBeanDefinitionReader loadBeanDefinitions
INFO: Loading XML bean definitions from class path resource [applicationContext.xml]
Oct 10, 2017 5:02:51 PM org.springframework.context.support.ClassPathXmlApplicationContext prepareRefresh
INFO: Refreshing org.springframework.context.support.ClassPathXmlApplicationContext@7c663eaf: startup date [Tue Oct 10 17:02:51 EDT 2017]; root of context hierarchy
Oct 10, 2017 5:02:51 PM org.springframework.beans.factory.xml.XmlBeanDefinitionReader loadBeanDefinitions
INFO: Loading XML bean definitions from class path resource [applicationContext.xml]
Oct 10, 2017 5:02:51 PM org.springframework.context.support.ClassPathXmlApplicationContext prepareRefresh
INFO: Refreshing org.springframework.context.support.ClassPathXmlApplicationContext@1668919e: startup date [Tue Oct 10 17:02:51 EDT 2017]; root of context hierarchy
Oct 10, 2017 5:02:51 PM org.springframework.beans.factory.xml.XmlBeanDefinitionReader loadBeanDefinitions
INFO: Loading XML bean definitions from class path resource [applicationContext.xml]
Oct 10, 2017 5:02:51 PM org.springframework.context.support.ClassPathXmlApplicationContext prepareRefresh
INFO: Refreshing org.springframework.context.support.ClassPathXmlApplicationContext@2954f6ab: startup date [Tue Oct 10 17:02:51 EDT 2017]; root of context hierarchy
Oct 10, 2017 5:02:51 PM org.springframework.beans.factory.xml.XmlBeanDefinitionReader loadBeanDefinitions
INFO: Loading XML bean definitions from class path resource [applicationContext.xml]
Oct 10, 2017 5:02:51 PM org.springframework.context.support.ClassPathXmlApplicationContext prepareRefresh
INFO: Refreshing org.springframework.context.support.ClassPathXmlApplicationContext@21263314: startup date [Tue Oct 10 17:02:51 EDT 2017]; root of context hierarchy
Oct 10, 2017 5:02:51 PM org.springframework.beans.factory.xml.XmlBeanDefinitionReader loadBeanDefinitions
INFO: Loading XML bean definitions from class path resource [applicationContext.xml]
Oct 10, 2017 5:02:51 PM org.springframework.context.support.ClassPathXmlApplicationContext prepareRefresh
INFO: Refreshing org.springframework.context.support.ClassPathXmlApplicationContext@4f654cee: startup date [Tue Oct 10 17:02:51 EDT 2017]; root of context hierarchy
Oct 10, 2017 5:02:51 PM org.springframework.beans.factory.xml.XmlBeanDefinitionReader loadBeanDefinitions
INFO: Loading XML bean definitions from class path resource [applicationContext.xml]
Oct 10, 2017 5:02:51 PM org.springframework.context.support.ClassPathXmlApplicationContext prepareRefresh
INFO: Refreshing org.springframework.context.support.ClassPathXmlApplicationContext@27abb6ca: startup date [Tue Oct 10 17:02:51 EDT 2017]; root of context hierarchy
Oct 10, 2017 5:02:51 PM org.springframework.beans.factory.xml.XmlBeanDefinitionReader loadBeanDefinitions
INFO: Loading XML bean definitions from class path resource [applicationContext.xml]
Oct 10, 2017 5:02:51 PM org.springframework.context.support.ClassPathXmlApplicationContext prepareRefresh
INFO: Refreshing org.springframework.context.support.ClassPathXmlApplicationContext@3af58f76: startup date [Tue Oct 10 17:02:51 EDT 2017]; root of context hierarchy
Oct 10, 2017 5:02:51 PM org.springframework.beans.factory.xml.XmlBeanDefinitionReader loadBeanDefinitions
INFO: Loading XML bean definitions from class path resource [applicationContext.xml]
Oct 10, 2017 5:02:51 PM org.springframework.context.support.ClassPathXmlApplicationContext prepareRefresh
INFO: Refreshing org.springframework.context.support.ClassPathXmlApplicationContext@6870c3c2: startup date [Tue Oct 10 17:02:51 EDT 2017]; root of context hierarchy
Oct 10, 2017 5:02:51 PM org.springframework.beans.factory.xml.XmlBeanDefinitionReader loadBeanDefinitions
INFO: Loading XML bean definitions from class path resource [applicationContext.xml]
Oct 10, 2017 5:02:51 PM org.springframework.context.support.ClassPathXmlApplicationContext prepareRefresh
INFO: Refreshing org.springframework.context.support.ClassPathXmlApplicationContext@2b6a0ea9: startup date [Tue Oct 10 17:02:51 EDT 2017]; root of context hierarchy
Oct 10, 2017 5:02:51 PM org.springframework.beans.factory.xml.XmlBeanDefinitionReader loadBeanDefinitions
INFO: Loading XML bean definitions from class path resource [applicationContext.xml]
Oct 10, 2017 5:02:51 PM org.springframework.context.support.ClassPathXmlApplicationContext prepareRefresh
INFO: Refreshing org.springframework.context.support.ClassPathXmlApplicationContext@93824eb: startup date [Tue Oct 10 17:02:51 EDT 2017]; root of context hierarchy
Oct 10, 2017 5:02:51 PM org.springframework.beans.factory.xml.XmlBeanDefinitionReader loadBeanDefinitions
INFO: Loading XML bean definitions from class path resource [applicationContext.xml]
Oct 10, 2017 5:02:51 PM org.springframework.context.support.ClassPathXmlApplicationContext prepareRefresh
INFO: Refreshing org.springframework.context.support.ClassPathXmlApplicationContext@79696332: startup date [Tue Oct 10 17:02:51 EDT 2017]; root of context hierarchy
Oct 10, 2017 5:02:51 PM org.springframework.beans.factory.xml.XmlBeanDefinitionReader loadBeanDefinitions
INFO: Loading XML bean definitions from class path resource [applicationContext.xml]
Oct 10, 2017 5:02:51 PM org.springframework.context.support.ClassPathXmlApplicationContext prepareRefresh
INFO: Refreshing org.springframework.context.support.ClassPathXmlApplicationContext@75023c53: startup date [Tue Oct 10 17:02:51 EDT 2017]; root of context hierarchy
Oct 10, 2017 5:02:51 PM org.springframework.beans.factory.xml.XmlBeanDefinitionReader loadBeanDefinitions
INFO: Loading XML bean definitions from class path resource [applicationContext.xml]
Oct 10, 2017 5:02:51 PM org.springframework.context.support.ClassPathXmlApplicationContext prepareRefresh
INFO: Refreshing org.springframework.context.support.ClassPathXmlApplicationContext@57ddd45b: startup date [Tue Oct 10 17:02:51 EDT 2017]; root of context hierarchy
Oct 10, 2017 5:02:51 PM org.springframework.beans.factory.xml.XmlBeanDefinitionReader loadBeanDefinitions
INFO: Loading XML bean definitions from class path resource [applicationContext.xml]
Oct 10, 2017 5:02:51 PM org.springframework.context.support.ClassPathXmlApplicationContext prepareRefresh
INFO: Refreshing org.springframework.context.support.ClassPathXmlApplicationContext@67b355c8: startup date [Tue Oct 10 17:02:51 EDT 2017]; root of context hierarchy
Oct 10, 2017 5:02:51 PM org.springframework.beans.factory.xml.XmlBeanDefinitionReader loadBeanDefinitions
INFO: Loading XML bean definitions from class path resource [applicationContext.xml]
Oct 10, 2017 5:02:51 PM org.springframework.context.support.ClassPathXmlApplicationContext prepareRefresh
INFO: Refreshing org.springframework.context.support.ClassPathXmlApplicationContext@4091b9c3: startup date [Tue Oct 10 17:02:51 EDT 2017]; root of context hierarchy
Oct 10, 2017 5:02:51 PM org.springframework.beans.factory.xml.XmlBeanDefinitionReader loadBeanDefinitions
INFO: Loading XML bean definitions from class path resource [applicationContext.xml]
Oct 10, 2017 5:02:51 PM org.springframework.context.support.ClassPathXmlApplicationContext prepareRefresh
INFO: Refreshing org.springframework.context.support.ClassPathXmlApplicationContext@38d08cb5: startup date [Tue Oct 10 17:02:51 EDT 2017]; root of context hierarchy
Oct 10, 2017 5:02:51 PM org.springframework.beans.factory.xml.XmlBeanDefinitionReader loadBeanDefinitions
INFO: Loading XML bean definitions from class path resource [applicationContext.xml]
Oct 10, 2017 5:02:51 PM org.springframework.context.support.ClassPathXmlApplicationContext prepareRefresh
INFO: Refreshing org.springframework.context.support.ClassPathXmlApplicationContext@3453acd2: startup date [Tue Oct 10 17:02:51 EDT 2017]; root of context hierarchy
Oct 10, 2017 5:02:51 PM org.springframework.beans.factory.xml.XmlBeanDefinitionReader loadBeanDefinitions
INFO: Loading XML bean definitions from class path resource [applicationContext.xml]
Oct 10, 2017 5:02:51 PM org.springframework.context.support.ClassPathXmlApplicationContext prepareRefresh
INFO: Refreshing org.springframework.context.support.ClassPathXmlApplicationContext@40bb4f87: startup date [Tue Oct 10 17:02:51 EDT 2017]; root of context hierarchy
Oct 10, 2017 5:02:51 PM org.springframework.beans.factory.xml.XmlBeanDefinitionReader loadBeanDefinitions
INFO: Loading XML bean definitions from class path resource [applicationContext.xml]
Oct 10, 2017 5:02:51 PM org.springframework.context.support.ClassPathXmlApplicationContext prepareRefresh
INFO: Refreshing org.springframework.context.support.ClassPathXmlApplicationContext@5489b1f7: startup date [Tue Oct 10 17:02:51 EDT 2017]; root of context hierarchy
Oct 10, 2017 5:02:51 PM org.springframework.beans.factory.xml.XmlBeanDefinitionReader loadBeanDefinitions
INFO: Loading XML bean definitions from class path resource [applicationContext.xml]
Oct 10, 2017 5:02:51 PM org.springframework.context.support.ClassPathXmlApplicationContext prepareRefresh
INFO: Refreshing org.springframework.context.support.ClassPathXmlApplicationContext@2fd72332: startup date [Tue Oct 10 17:02:51 EDT 2017]; root of context hierarchy
Oct 10, 2017 5:02:51 PM org.springframework.beans.factory.xml.XmlBeanDefinitionReader loadBeanDefinitions
INFO: Loading XML bean definitions from class path resource [applicationContext.xml]
Oct 10, 2017 5:02:51 PM org.springframework.context.support.ClassPathXmlApplicationContext prepareRefresh
INFO: Refreshing org.springframework.context.support.ClassPathXmlApplicationContext@5dfe23e8: startup date [Tue Oct 10 17:02:51 EDT 2017]; root of context hierarchy
Oct 10, 2017 5:02:51 PM org.springframework.beans.factory.xml.XmlBeanDefinitionReader loadBeanDefinitions
INFO: Loading XML bean definitions from class path resource [applicationContext.xml]
Oct 10, 2017 5:02:51 PM org.springframework.context.support.ClassPathXmlApplicationContext prepareRefresh
INFO: Refreshing org.springframework.context.support.ClassPathXmlApplicationContext@67cffead: startup date [Tue Oct 10 17:02:51 EDT 2017]; root of context hierarchy
Oct 10, 2017 5:02:51 PM org.springframework.beans.factory.xml.XmlBeanDefinitionReader loadBeanDefinitions
INFO: Loading XML bean definitions from class path resource [applicationContext.xml]
Oct 10, 2017 5:02:51 PM org.springframework.context.support.ClassPathXmlApplicationContext prepareRefresh
INFO: Refreshing org.springframework.context.support.ClassPathXmlApplicationContext@1d98daa0: startup date [Tue Oct 10 17:02:51 EDT 2017]; root of context hierarchy
Oct 10, 2017 5:02:51 PM org.springframework.beans.factory.xml.XmlBeanDefinitionReader loadBeanDefinitions
INFO: Loading XML bean definitions from class path resource [applicationContext.xml]
Oct 10, 2017 5:02:51 PM org.springframework.context.support.ClassPathXmlApplicationContext prepareRefresh
INFO: Refreshing org.springframework.context.support.ClassPathXmlApplicationContext@7bc58891: startup date [Tue Oct 10 17:02:51 EDT 2017]; root of context hierarchy
Oct 10, 2017 5:02:51 PM org.springframework.beans.factory.xml.XmlBeanDefinitionReader loadBeanDefinitions
INFO: Loading XML bean definitions from class path resource [applicationContext.xml]
Oct 10, 2017 5:02:51 PM org.springframework.context.support.ClassPathXmlApplicationContext prepareRefresh
INFO: Refreshing org.springframework.context.support.ClassPathXmlApplicationContext@1ba467c2: startup date [Tue Oct 10 17:02:51 EDT 2017]; root of context hierarchy
Oct 10, 2017 5:02:51 PM org.springframework.beans.factory.xml.XmlBeanDefinitionReader loadBeanDefinitions
INFO: Loading XML bean definitions from class path resource [applicationContext.xml]
Oct 10, 2017 5:02:51 PM org.springframework.context.support.ClassPathXmlApplicationContext prepareRefresh
INFO: Refreshing org.springframework.context.support.ClassPathXmlApplicationContext@fd09e43: startup date [Tue Oct 10 17:02:51 EDT 2017]; root of context hierarchy
Oct 10, 2017 5:02:51 PM org.springframework.beans.factory.xml.XmlBeanDefinitionReader loadBeanDefinitions
INFO: Loading XML bean definitions from class path resource [applicationContext.xml]
Oct 10, 2017 5:02:52 PM org.springframework.context.support.ClassPathXmlApplicationContext prepareRefresh
INFO: Refreshing org.springframework.context.support.ClassPathXmlApplicationContext@180b3819: startup date [Tue Oct 10 17:02:52 EDT 2017]; root of context hierarchy
Oct 10, 2017 5:02:52 PM org.springframework.beans.factory.xml.XmlBeanDefinitionReader loadBeanDefinitions
INFO: Loading XML bean definitions from class path resource [applicationContext.xml]
Oct 10, 2017 5:02:52 PM org.springframework.context.support.ClassPathXmlApplicationContext prepareRefresh
INFO: Refreshing org.springframework.context.support.ClassPathXmlApplicationContext@32d418a9: startup date [Tue Oct 10 17:02:52 EDT 2017]; root of context hierarchy
Oct 10, 2017 5:02:52 PM org.springframework.beans.factory.xml.XmlBeanDefinitionReader loadBeanDefinitions
INFO: Loading XML bean definitions from class path resource [applicationContext.xml]
Oct 10, 2017 5:02:52 PM org.springframework.context.support.ClassPathXmlApplicationContext prepareRefresh
INFO: Refreshing org.springframework.context.support.ClassPathXmlApplicationContext@1235151c: startup date [Tue Oct 10 17:02:52 EDT 2017]; root of context hierarchy
Oct 10, 2017 5:02:52 PM org.springframework.beans.factory.xml.XmlBeanDefinitionReader loadBeanDefinitions
INFO: Loading XML bean definitions from class path resource [applicationContext.xml]
Oct 10, 2017 5:02:52 PM org.springframework.context.support.ClassPathXmlApplicationContext prepareRefresh
INFO: Refreshing org.springframework.context.support.ClassPathXmlApplicationContext@4aa31ffc: startup date [Tue Oct 10 17:02:52 EDT 2017]; root of context hierarchy
Oct 10, 2017 5:02:52 PM org.springframework.beans.factory.xml.XmlBeanDefinitionReader loadBeanDefinitions
INFO: Loading XML bean definitions from class path resource [applicationContext.xml]
Oct 10, 2017 5:02:52 PM org.springframework.context.support.ClassPathXmlApplicationContext prepareRefresh
INFO: Refreshing org.springframework.context.support.ClassPathXmlApplicationContext@36ef1d65: startup date [Tue Oct 10 17:02:52 EDT 2017]; root of context hierarchy
Oct 10, 2017 5:02:52 PM org.springframework.beans.factory.xml.XmlBeanDefinitionReader loadBeanDefinitions
INFO: Loading XML bean definitions from class path resource [applicationContext.xml]
Oct 10, 2017 5:02:52 PM org.springframework.context.support.ClassPathXmlApplicationContext prepareRefresh
INFO: Refreshing org.springframework.context.support.ClassPathXmlApplicationContext@58a84a12: startup date [Tue Oct 10 17:02:52 EDT 2017]; root of context hierarchy
Oct 10, 2017 5:02:52 PM org.springframework.beans.factory.xml.XmlBeanDefinitionReader loadBeanDefinitions
INFO: Loading XML bean definitions from class path resource [applicationContext.xml]
Oct 10, 2017 5:02:52 PM org.springframework.context.support.ClassPathXmlApplicationContext prepareRefresh
INFO: Refreshing org.springframework.context.support.ClassPathXmlApplicationContext@6ecc02bb: startup date [Tue Oct 10 17:02:52 EDT 2017]; root of context hierarchy
Oct 10, 2017 5:02:52 PM org.springframework.beans.factory.xml.XmlBeanDefinitionReader loadBeanDefinitions
INFO: Loading XML bean definitions from class path resource [applicationContext.xml]
Oct 10, 2017 5:02:52 PM org.springframework.context.support.ClassPathXmlApplicationContext prepareRefresh
INFO: Refreshing org.springframework.context.support.ClassPathXmlApplicationContext@cfd1075: startup date [Tue Oct 10 17:02:52 EDT 2017]; root of context hierarchy
Oct 10, 2017 5:02:52 PM org.springframework.beans.factory.xml.XmlBeanDefinitionReader loadBeanDefinitions
INFO: Loading XML bean definitions from class path resource [applicationContext.xml]
Oct 10, 2017 5:02:52 PM org.springframework.context.support.ClassPathXmlApplicationContext prepareRefresh
INFO: Refreshing org.springframework.context.support.ClassPathXmlApplicationContext@21de60a7: startup date [Tue Oct 10 17:02:52 EDT 2017]; root of context hierarchy
Oct 10, 2017 5:02:52 PM org.springframework.beans.factory.xml.XmlBeanDefinitionReader loadBeanDefinitions
INFO: Loading XML bean definitions from class path resource [applicationContext.xml]
Oct 10, 2017 5:02:52 PM org.springframework.context.support.ClassPathXmlApplicationContext prepareRefresh
INFO: Refreshing org.springframework.context.support.ClassPathXmlApplicationContext@536b71b4: startup date [Tue Oct 10 17:02:52 EDT 2017]; root of context hierarchy
Oct 10, 2017 5:02:52 PM org.springframework.beans.factory.xml.XmlBeanDefinitionReader loadBeanDefinitions
INFO: Loading XML bean definitions from class path resource [applicationContext.xml]
Oct 10, 2017 5:02:52 PM org.springframework.context.support.ClassPathXmlApplicationContext prepareRefresh
INFO: Refreshing org.springframework.context.support.ClassPathXmlApplicationContext@47b269c4: startup date [Tue Oct 10 17:02:52 EDT 2017]; root of context hierarchy
Oct 10, 2017 5:02:52 PM org.springframework.beans.factory.xml.XmlBeanDefinitionReader loadBeanDefinitions
INFO: Loading XML bean definitions from class path resource [applicationContext.xml]
Oct 10, 2017 5:02:52 PM org.springframework.context.support.ClassPathXmlApplicationContext prepareRefresh
INFO: Refreshing org.springframework.context.support.ClassPathXmlApplicationContext@740b6628: startup date [Tue Oct 10 17:02:52 EDT 2017]; root of context hierarchy
Oct 10, 2017 5:02:52 PM org.springframework.beans.factory.xml.XmlBeanDefinitionReader loadBeanDefinitions
INFO: Loading XML bean definitions from class path resource [applicationContext.xml]
Oct 10, 2017 5:02:52 PM org.springframework.context.support.ClassPathXmlApplicationContext prepareRefresh
INFO: Refreshing org.springframework.context.support.ClassPathXmlApplicationContext@2b08772d: startup date [Tue Oct 10 17:02:52 EDT 2017]; root of context hierarchy
Oct 10, 2017 5:02:52 PM org.springframework.beans.factory.xml.XmlBeanDefinitionReader loadBeanDefinitions
INFO: Loading XML bean definitions from class path resource [applicationContext.xml]
Oct 10, 2017 5:02:52 PM org.springframework.context.support.ClassPathXmlApplicationContext prepareRefresh
INFO: Refreshing org.springframework.context.support.ClassPathXmlApplicationContext@3ad8717d: startup date [Tue Oct 10 17:02:52 EDT 2017]; root of context hierarchy
Oct 10, 2017 5:02:52 PM org.springframework.beans.factory.xml.XmlBeanDefinitionReader loadBeanDefinitions
INFO: Loading XML bean definitions from class path resource [applicationContext.xml]
Oct 10, 2017 5:02:52 PM org.springframework.context.support.ClassPathXmlApplicationContext prepareRefresh
INFO: Refreshing org.springframework.context.support.ClassPathXmlApplicationContext@648c5fb3: startup date [Tue Oct 10 17:02:52 EDT 2017]; root of context hierarchy
Oct 10, 2017 5:02:52 PM org.springframework.beans.factory.xml.XmlBeanDefinitionReader loadBeanDefinitions
INFO: Loading XML bean definitions from class path resource [applicationContext.xml]
Oct 10, 2017 5:02:52 PM org.springframework.context.support.ClassPathXmlApplicationContext prepareRefresh
INFO: Refreshing org.springframework.context.support.ClassPathXmlApplicationContext@5ae15: startup date [Tue Oct 10 17:02:52 EDT 2017]; root of context hierarchy
Oct 10, 2017 5:02:52 PM org.springframework.beans.factory.xml.XmlBeanDefinitionReader loadBeanDefinitions
INFO: Loading XML bean definitions from class path resource [applicationContext.xml]
Oct 10, 2017 5:02:52 PM org.springframework.context.support.ClassPathXmlApplicationContext prepareRefresh
INFO: Refreshing org.springframework.context.support.ClassPathXmlApplicationContext@c8f97a7: startup date [Tue Oct 10 17:02:52 EDT 2017]; root of context hierarchy
Oct 10, 2017 5:02:52 PM org.springframework.beans.factory.xml.XmlBeanDefinitionReader loadBeanDefinitions
INFO: Loading XML bean definitions from class path resource [applicationContext.xml]
Oct 10, 2017 5:02:52 PM org.springframework.context.support.ClassPathXmlApplicationContext prepareRefresh
INFO: Refreshing org.springframework.context.support.ClassPathXmlApplicationContext@59c500f7: startup date [Tue Oct 10 17:02:52 EDT 2017]; root of context hierarchy
Oct 10, 2017 5:02:52 PM org.springframework.beans.factory.xml.XmlBeanDefinitionReader loadBeanDefinitions
INFO: Loading XML bean definitions from class path resource [applicationContext.xml]
Oct 10, 2017 5:02:52 PM org.springframework.context.support.ClassPathXmlApplicationContext prepareRefresh
INFO: Refreshing org.springframework.context.support.ClassPathXmlApplicationContext@713a35c5: startup date [Tue Oct 10 17:02:52 EDT 2017]; root of context hierarchy
Oct 10, 2017 5:02:52 PM org.springframework.beans.factory.xml.XmlBeanDefinitionReader loadBeanDefinitions
INFO: Loading XML bean definitions from class path resource [applicationContext.xml]
Oct 10, 2017 5:02:52 PM org.springframework.context.support.ClassPathXmlApplicationContext prepareRefresh
INFO: Refreshing org.springframework.context.support.ClassPathXmlApplicationContext@65c5bf0e: startup date [Tue Oct 10 17:02:52 EDT 2017]; root of context hierarchy
Oct 10, 2017 5:02:52 PM org.springframework.beans.factory.xml.XmlBeanDefinitionReader loadBeanDefinitions
INFO: Loading XML bean definitions from class path resource [applicationContext.xml]
Oct 10, 2017 5:02:52 PM org.springframework.context.support.ClassPathXmlApplicationContext prepareRefresh
INFO: Refreshing org.springframework.context.support.ClassPathXmlApplicationContext@656a3d6b: startup date [Tue Oct 10 17:02:52 EDT 2017]; root of context hierarchy
Oct 10, 2017 5:02:52 PM org.springframework.beans.factory.xml.XmlBeanDefinitionReader loadBeanDefinitions
INFO: Loading XML bean definitions from class path resource [applicationContext.xml]
Oct 10, 2017 5:02:52 PM org.springframework.context.support.ClassPathXmlApplicationContext prepareRefresh
INFO: Refreshing org.springframework.context.support.ClassPathXmlApplicationContext@28cd2c2: startup date [Tue Oct 10 17:02:52 EDT 2017]; root of context hierarchy
Oct 10, 2017 5:02:52 PM org.springframework.beans.factory.xml.XmlBeanDefinitionReader loadBeanDefinitions
INFO: Loading XML bean definitions from class path resource [applicationContext.xml]
Oct 10, 2017 5:02:52 PM org.springframework.context.support.ClassPathXmlApplicationContext prepareRefresh
INFO: Refreshing org.springframework.context.support.ClassPathXmlApplicationContext@2b44d6d0: startup date [Tue Oct 10 17:02:52 EDT 2017]; root of context hierarchy
Oct 10, 2017 5:02:52 PM org.springframework.beans.factory.xml.XmlBeanDefinitionReader loadBeanDefinitions
INFO: Loading XML bean definitions from class path resource [applicationContext.xml]
Oct 10, 2017 5:02:52 PM org.springframework.context.support.ClassPathXmlApplicationContext prepareRefresh
INFO: Refreshing org.springframework.context.support.ClassPathXmlApplicationContext@53aa2fc9: startup date [Tue Oct 10 17:02:52 EDT 2017]; root of context hierarchy
Oct 10, 2017 5:02:52 PM org.springframework.beans.factory.xml.XmlBeanDefinitionReader loadBeanDefinitions
INFO: Loading XML bean definitions from class path resource [applicationContext.xml]
Oct 10, 2017 5:02:52 PM org.springframework.context.support.ClassPathXmlApplicationContext prepareRefresh
INFO: Refreshing org.springframework.context.support.ClassPathXmlApplicationContext@aa61e4e: startup date [Tue Oct 10 17:02:52 EDT 2017]; root of context hierarchy
Oct 10, 2017 5:02:52 PM org.springframework.beans.factory.xml.XmlBeanDefinitionReader loadBeanDefinitions
INFO: Loading XML bean definitions from class path resource [applicationContext.xml]
Oct 10, 2017 5:02:52 PM org.springframework.context.support.ClassPathXmlApplicationContext prepareRefresh
INFO: Refreshing org.springframework.context.support.ClassPathXmlApplicationContext@56826a75: startup date [Tue Oct 10 17:02:52 EDT 2017]; root of context hierarchy
Oct 10, 2017 5:02:52 PM org.springframework.beans.factory.xml.XmlBeanDefinitionReader loadBeanDefinitions
INFO: Loading XML bean definitions from class path resource [applicationContext.xml]
Oct 10, 2017 5:02:52 PM org.springframework.context.support.ClassPathXmlApplicationContext prepareRefresh
INFO: Refreshing org.springframework.context.support.ClassPathXmlApplicationContext@149c39b: startup date [Tue Oct 10 17:02:52 EDT 2017]; root of context hierarchy
Oct 10, 2017 5:02:52 PM org.springframework.beans.factory.xml.XmlBeanDefinitionReader loadBeanDefinitions
INFO: Loading XML bean definitions from class path resource [applicationContext.xml]
Oct 10, 2017 5:02:52 PM org.springframework.context.support.ClassPathXmlApplicationContext prepareRefresh
INFO: Refreshing org.springframework.context.support.ClassPathXmlApplicationContext@653fb8d1: startup date [Tue Oct 10 17:02:52 EDT 2017]; root of context hierarchy
Oct 10, 2017 5:02:52 PM org.springframework.beans.factory.xml.XmlBeanDefinitionReader loadBeanDefinitions
INFO: Loading XML bean definitions from class path resource [applicationContext.xml]
Oct 10, 2017 5:02:52 PM org.springframework.context.support.ClassPathXmlApplicationContext prepareRefresh
INFO: Refreshing org.springframework.context.support.ClassPathXmlApplicationContext@a54acec: startup date [Tue Oct 10 17:02:52 EDT 2017]; root of context hierarchy
Oct 10, 2017 5:02:52 PM org.springframework.beans.factory.xml.XmlBeanDefinitionReader loadBeanDefinitions
INFO: Loading XML bean definitions from class path resource [applicationContext.xml]
Oct 10, 2017 5:02:52 PM org.springframework.context.support.ClassPathXmlApplicationContext prepareRefresh
INFO: Refreshing org.springframework.context.support.ClassPathXmlApplicationContext@2be818da: startup date [Tue Oct 10 17:02:52 EDT 2017]; root of context hierarchy
Oct 10, 2017 5:02:52 PM org.springframework.beans.factory.xml.XmlBeanDefinitionReader loadBeanDefinitions
INFO: Loading XML bean definitions from class path resource [applicationContext.xml]
Oct 10, 2017 5:02:52 PM org.springframework.context.support.ClassPathXmlApplicationContext prepareRefresh
INFO: Refreshing org.springframework.context.support.ClassPathXmlApplicationContext@32a72c4: startup date [Tue Oct 10 17:02:52 EDT 2017]; root of context hierarchy
Oct 10, 2017 5:02:52 PM org.springframework.beans.factory.xml.XmlBeanDefinitionReader loadBeanDefinitions
INFO: Loading XML bean definitions from class path resource [applicationContext.xml]
Oct 10, 2017 5:02:52 PM org.springframework.context.support.ClassPathXmlApplicationContext prepareRefresh
INFO: Refreshing org.springframework.context.support.ClassPathXmlApplicationContext@2e590b: startup date [Tue Oct 10 17:02:52 EDT 2017]; root of context hierarchy
Oct 10, 2017 5:02:52 PM org.springframework.beans.factory.xml.XmlBeanDefinitionReader loadBeanDefinitions
INFO: Loading XML bean definitions from class path resource [applicationContext.xml]
Oct 10, 2017 5:02:52 PM org.springframework.context.support.ClassPathXmlApplicationContext prepareRefresh
INFO: Refreshing org.springframework.context.support.ClassPathXmlApplicationContext@6371cf2f: startup date [Tue Oct 10 17:02:52 EDT 2017]; root of context hierarchy
Oct 10, 2017 5:02:52 PM org.springframework.beans.factory.xml.XmlBeanDefinitionReader loadBeanDefinitions
INFO: Loading XML bean definitions from class path resource [applicationContext.xml]
Oct 10, 2017 5:02:52 PM org.springframework.context.support.ClassPathXmlApplicationContext prepareRefresh
INFO: Refreshing org.springframework.context.support.ClassPathXmlApplicationContext@24dd44f9: startup date [Tue Oct 10 17:02:52 EDT 2017]; root of context hierarchy
Oct 10, 2017 5:02:52 PM org.springframework.beans.factory.xml.XmlBeanDefinitionReader loadBeanDefinitions
INFO: Loading XML bean definitions from class path resource [applicationContext.xml]
Oct 10, 2017 5:02:52 PM org.springframework.context.support.ClassPathXmlApplicationContext prepareRefresh
INFO: Refreshing org.springframework.context.support.ClassPathXmlApplicationContext@1961d75a: startup date [Tue Oct 10 17:02:52 EDT 2017]; root of context hierarchy
Oct 10, 2017 5:02:52 PM org.springframework.beans.factory.xml.XmlBeanDefinitionReader loadBeanDefinitions
INFO: Loading XML bean definitions from class path resource [applicationContext.xml]
Oct 10, 2017 5:02:52 PM org.springframework.context.support.ClassPathXmlApplicationContext prepareRefresh
INFO: Refreshing org.springframework.context.support.ClassPathXmlApplicationContext@415795f3: startup date [Tue Oct 10 17:02:52 EDT 2017]; root of context hierarchy
Oct 10, 2017 5:02:52 PM org.springframework.beans.factory.xml.XmlBeanDefinitionReader loadBeanDefinitions
INFO: Loading XML bean definitions from class path resource [applicationContext.xml]
Oct 10, 2017 5:02:52 PM org.springframework.context.support.ClassPathXmlApplicationContext prepareRefresh
INFO: Refreshing org.springframework.context.support.ClassPathXmlApplicationContext@5e1a986c: startup date [Tue Oct 10 17:02:52 EDT 2017]; root of context hierarchy
Oct 10, 2017 5:02:52 PM org.springframework.beans.factory.xml.XmlBeanDefinitionReader loadBeanDefinitions
INFO: Loading XML bean definitions from class path resource [applicationContext.xml]
Oct 10, 2017 5:02:52 PM org.springframework.context.support.ClassPathXmlApplicationContext prepareRefresh
INFO: Refreshing org.springframework.context.support.ClassPathXmlApplicationContext@265a094b: startup date [Tue Oct 10 17:02:52 EDT 2017]; root of context hierarchy
Oct 10, 2017 5:02:52 PM org.springframework.beans.factory.xml.XmlBeanDefinitionReader loadBeanDefinitions
INFO: Loading XML bean definitions from class path resource [applicationContext.xml]
Oct 10, 2017 5:02:52 PM org.springframework.context.support.ClassPathXmlApplicationContext prepareRefresh
INFO: Refreshing org.springframework.context.support.ClassPathXmlApplicationContext@67f9cb52: startup date [Tue Oct 10 17:02:52 EDT 2017]; root of context hierarchy
Oct 10, 2017 5:02:52 PM org.springframework.beans.factory.xml.XmlBeanDefinitionReader loadBeanDefinitions
INFO: Loading XML bean definitions from class path resource [applicationContext.xml]
Oct 10, 2017 5:02:52 PM org.springframework.context.support.ClassPathXmlApplicationContext prepareRefresh
INFO: Refreshing org.springframework.context.support.ClassPathXmlApplicationContext@4962b41e: startup date [Tue Oct 10 17:02:52 EDT 2017]; root of context hierarchy
Oct 10, 2017 5:02:52 PM org.springframework.beans.factory.xml.XmlBeanDefinitionReader loadBeanDefinitions
INFO: Loading XML bean definitions from class path resource [applicationContext.xml]
Oct 10, 2017 5:02:52 PM org.springframework.context.support.ClassPathXmlApplicationContext prepareRefresh
INFO: Refreshing org.springframework.context.support.ClassPathXmlApplicationContext@739831a4: startup date [Tue Oct 10 17:02:52 EDT 2017]; root of context hierarchy
Oct 10, 2017 5:02:52 PM org.springframework.beans.factory.xml.XmlBeanDefinitionReader loadBeanDefinitions
INFO: Loading XML bean definitions from class path resource [applicationContext.xml]
Oct 10, 2017 5:02:52 PM org.springframework.context.support.ClassPathXmlApplicationContext prepareRefresh
INFO: Refreshing org.springframework.context.support.ClassPathXmlApplicationContext@31efacad: startup date [Tue Oct 10 17:02:52 EDT 2017]; root of context hierarchy
Oct 10, 2017 5:02:52 PM org.springframework.beans.factory.xml.XmlBeanDefinitionReader loadBeanDefinitions
INFO: Loading XML bean definitions from class path resource [applicationContext.xml]
Oct 10, 2017 5:02:52 PM org.springframework.context.support.ClassPathXmlApplicationContext prepareRefresh
INFO: Refreshing org.springframework.context.support.ClassPathXmlApplicationContext@13213f26: startup date [Tue Oct 10 17:02:52 EDT 2017]; root of context hierarchy
Oct 10, 2017 5:02:52 PM org.springframework.beans.factory.xml.XmlBeanDefinitionReader loadBeanDefinitions
INFO: Loading XML bean definitions from class path resource [applicationContext.xml]
Oct 10, 2017 5:02:52 PM org.springframework.context.support.ClassPathXmlApplicationContext prepareRefresh
INFO: Refreshing org.springframework.context.support.ClassPathXmlApplicationContext@586495f1: startup date [Tue Oct 10 17:02:52 EDT 2017]; root of context hierarchy
Oct 10, 2017 5:02:52 PM org.springframework.beans.factory.xml.XmlBeanDefinitionReader loadBeanDefinitions
INFO: Loading XML bean definitions from class path resource [applicationContext.xml]
Oct 10, 2017 5:02:52 PM org.springframework.context.support.ClassPathXmlApplicationContext prepareRefresh
INFO: Refreshing org.springframework.context.support.ClassPathXmlApplicationContext@23444a36: startup date [Tue Oct 10 17:02:52 EDT 2017]; root of context hierarchy
Oct 10, 2017 5:02:52 PM org.springframework.beans.factory.xml.XmlBeanDefinitionReader loadBeanDefinitions
INFO: Loading XML bean definitions from class path resource [applicationContext.xml]
Oct 10, 2017 5:02:52 PM org.springframework.context.support.ClassPathXmlApplicationContext prepareRefresh
INFO: Refreshing org.springframework.context.support.ClassPathXmlApplicationContext@632383b9: startup date [Tue Oct 10 17:02:52 EDT 2017]; root of context hierarchy
Oct 10, 2017 5:02:52 PM org.springframework.beans.factory.xml.XmlBeanDefinitionReader loadBeanDefinitions
INFO: Loading XML bean definitions from class path resource [applicationContext.xml]
Oct 10, 2017 5:02:52 PM org.springframework.context.support.ClassPathXmlApplicationContext prepareRefresh
INFO: Refreshing org.springframework.context.support.ClassPathXmlApplicationContext@11df2829: startup date [Tue Oct 10 17:02:52 EDT 2017]; root of context hierarchy
Oct 10, 2017 5:02:52 PM org.springframework.beans.factory.xml.XmlBeanDefinitionReader loadBeanDefinitions
INFO: Loading XML bean definitions from class path resource [applicationContext.xml]
Oct 10, 2017 5:02:52 PM org.springframework.context.support.ClassPathXmlApplicationContext prepareRefresh
INFO: Refreshing org.springframework.context.support.ClassPathXmlApplicationContext@3b4086c1: startup date [Tue Oct 10 17:02:52 EDT 2017]; root of context hierarchy
Oct 10, 2017 5:02:52 PM org.springframework.beans.factory.xml.XmlBeanDefinitionReader loadBeanDefinitions
INFO: Loading XML bean definitions from class path resource [applicationContext.xml]
Oct 10, 2017 5:02:52 PM org.springframework.context.support.ClassPathXmlApplicationContext prepareRefresh
INFO: Refreshing org.springframework.context.support.ClassPathXmlApplicationContext@3c7279a5: startup date [Tue Oct 10 17:02:52 EDT 2017]; root of context hierarchy
Oct 10, 2017 5:02:52 PM org.springframework.beans.factory.xml.XmlBeanDefinitionReader loadBeanDefinitions
INFO: Loading XML bean definitions from class path resource [applicationContext.xml]
Oct 10, 2017 5:02:52 PM org.springframework.context.support.ClassPathXmlApplicationContext prepareRefresh
INFO: Refreshing org.springframework.context.support.ClassPathXmlApplicationContext@34045582: startup date [Tue Oct 10 17:02:52 EDT 2017]; root of context hierarchy
Oct 10, 2017 5:02:52 PM org.springframework.beans.factory.xml.XmlBeanDefinitionReader loadBeanDefinitions
INFO: Loading XML bean definitions from class path resource [applicationContext.xml]
Oct 10, 2017 5:02:52 PM org.springframework.context.support.ClassPathXmlApplicationContext prepareRefresh
INFO: Refreshing org.springframework.context.support.ClassPathXmlApplicationContext@de579ff: startup date [Tue Oct 10 17:02:52 EDT 2017]; root of context hierarchy
Oct 10, 2017 5:02:52 PM org.springframework.beans.factory.xml.XmlBeanDefinitionReader loadBeanDefinitions
INFO: Loading XML bean definitions from class path resource [applicationContext.xml]
Oct 10, 2017 5:02:52 PM org.springframework.context.support.ClassPathXmlApplicationContext prepareRefresh
INFO: Refreshing org.springframework.context.support.ClassPathXmlApplicationContext@49cb3881: startup date [Tue Oct 10 17:02:52 EDT 2017]; root of context hierarchy
Oct 10, 2017 5:02:52 PM org.springframework.beans.factory.xml.XmlBeanDefinitionReader loadBeanDefinitions
INFO: Loading XML bean definitions from class path resource [applicationContext.xml]
Oct 10, 2017 5:02:52 PM org.springframework.context.support.ClassPathXmlApplicationContext prepareRefresh
INFO: Refreshing org.springframework.context.support.ClassPathXmlApplicationContext@4168f3d9: startup date [Tue Oct 10 17:02:52 EDT 2017]; root of context hierarchy
Oct 10, 2017 5:02:52 PM org.springframework.beans.factory.xml.XmlBeanDefinitionReader loadBeanDefinitions
INFO: Loading XML bean definitions from class path resource [applicationContext.xml]
Oct 10, 2017 5:02:52 PM org.springframework.context.support.ClassPathXmlApplicationContext prepareRefresh
INFO: Refreshing org.springframework.context.support.ClassPathXmlApplicationContext@2bab618: startup date [Tue Oct 10 17:02:52 EDT 2017]; root of context hierarchy
Oct 10, 2017 5:02:52 PM org.springframework.beans.factory.xml.XmlBeanDefinitionReader loadBeanDefinitions
INFO: Loading XML bean definitions from class path resource [applicationContext.xml]
Oct 10, 2017 5:02:52 PM org.springframework.context.support.ClassPathXmlApplicationContext prepareRefresh
INFO: Refreshing org.springframework.context.support.ClassPathXmlApplicationContext@1a1f79ce: startup date [Tue Oct 10 17:02:52 EDT 2017]; root of context hierarchy
Oct 10, 2017 5:02:52 PM org.springframework.beans.factory.xml.XmlBeanDefinitionReader loadBeanDefinitions
INFO: Loading XML bean definitions from class path resource [applicationContext.xml]
Oct 10, 2017 5:02:52 PM org.springframework.context.support.ClassPathXmlApplicationContext prepareRefresh
INFO: Refreshing org.springframework.context.support.ClassPathXmlApplicationContext@372f0a99: startup date [Tue Oct 10 17:02:52 EDT 2017]; root of context hierarchy
Oct 10, 2017 5:02:52 PM org.springframework.beans.factory.xml.XmlBeanDefinitionReader loadBeanDefinitions
INFO: Loading XML bean definitions from class path resource [applicationContext.xml]
Oct 10, 2017 5:02:52 PM org.springframework.context.support.ClassPathXmlApplicationContext prepareRefresh
INFO: Refreshing org.springframework.context.support.ClassPathXmlApplicationContext@7ccd611e: startup date [Tue Oct 10 17:02:52 EDT 2017]; root of context hierarchy
Oct 10, 2017 5:02:52 PM org.springframework.beans.factory.xml.XmlBeanDefinitionReader loadBeanDefinitions
INFO: Loading XML bean definitions from class path resource [applicationContext.xml]
Oct 10, 2017 5:02:52 PM org.springframework.context.support.ClassPathXmlApplicationContext prepareRefresh
INFO: Refreshing org.springframework.context.support.ClassPathXmlApplicationContext@5cfed0ba: startup date [Tue Oct 10 17:02:52 EDT 2017]; root of context hierarchy
Oct 10, 2017 5:02:52 PM org.springframework.beans.factory.xml.XmlBeanDefinitionReader loadBeanDefinitions
INFO: Loading XML bean definitions from class path resource [applicationContext.xml]
Oct 10, 2017 5:02:53 PM org.springframework.context.support.ClassPathXmlApplicationContext prepareRefresh
INFO: Refreshing org.springframework.context.support.ClassPathXmlApplicationContext@d2708a7: startup date [Tue Oct 10 17:02:53 EDT 2017]; root of context hierarchy
Oct 10, 2017 5:02:53 PM org.springframework.beans.factory.xml.XmlBeanDefinitionReader loadBeanDefinitions
INFO: Loading XML bean definitions from class path resource [applicationContext.xml]
Oct 10, 2017 5:02:53 PM org.springframework.context.support.ClassPathXmlApplicationContext prepareRefresh
INFO: Refreshing org.springframework.context.support.ClassPathXmlApplicationContext@bbb6f0: startup date [Tue Oct 10 17:02:53 EDT 2017]; root of context hierarchy
Oct 10, 2017 5:02:53 PM org.springframework.beans.factory.xml.XmlBeanDefinitionReader loadBeanDefinitions
INFO: Loading XML bean definitions from class path resource [applicationContext.xml]
Oct 10, 2017 5:02:53 PM org.springframework.context.support.ClassPathXmlApplicationContext prepareRefresh
INFO: Refreshing org.springframework.context.support.ClassPathXmlApplicationContext@703fa45: startup date [Tue Oct 10 17:02:53 EDT 2017]; root of context hierarchy
Oct 10, 2017 5:02:53 PM org.springframework.beans.factory.xml.XmlBeanDefinitionReader loadBeanDefinitions
INFO: Loading XML bean definitions from class path resource [applicationContext.xml]
Oct 10, 2017 5:02:53 PM org.springframework.context.support.ClassPathXmlApplicationContext prepareRefresh
INFO: Refreshing org.springframework.context.support.ClassPathXmlApplicationContext@2b6fb197: startup date [Tue Oct 10 17:02:53 EDT 2017]; root of context hierarchy
Oct 10, 2017 5:02:53 PM org.springframework.beans.factory.xml.XmlBeanDefinitionReader loadBeanDefinitions
INFO: Loading XML bean definitions from class path resource [applicationContext.xml]
Oct 10, 2017 5:02:53 PM org.springframework.context.support.ClassPathXmlApplicationContext prepareRefresh
INFO: Refreshing org.springframework.context.support.ClassPathXmlApplicationContext@3b4ef59f: startup date [Tue Oct 10 17:02:53 EDT 2017]; root of context hierarchy
Oct 10, 2017 5:02:53 PM org.springframework.beans.factory.xml.XmlBeanDefinitionReader loadBeanDefinitions
INFO: Loading XML bean definitions from class path resource [applicationContext.xml]
Oct 10, 2017 5:02:53 PM org.springframework.context.support.ClassPathXmlApplicationContext prepareRefresh
INFO: Refreshing org.springframework.context.support.ClassPathXmlApplicationContext@1b8aaeab: startup date [Tue Oct 10 17:02:53 EDT 2017]; root of context hierarchy
Oct 10, 2017 5:02:53 PM org.springframework.beans.factory.xml.XmlBeanDefinitionReader loadBeanDefinitions
INFO: Loading XML bean definitions from class path resource [applicationContext.xml]
Oct 10, 2017 5:02:53 PM org.springframework.context.support.ClassPathXmlApplicationContext prepareRefresh
INFO: Refreshing org.springframework.context.support.ClassPathXmlApplicationContext@310d57b1: startup date [Tue Oct 10 17:02:53 EDT 2017]; root of context hierarchy
Oct 10, 2017 5:02:53 PM org.springframework.beans.factory.xml.XmlBeanDefinitionReader loadBeanDefinitions
INFO: Loading XML bean definitions from class path resource [applicationContext.xml]
Oct 10, 2017 5:02:53 PM org.springframework.context.support.ClassPathXmlApplicationContext prepareRefresh
INFO: Refreshing org.springframework.context.support.ClassPathXmlApplicationContext@39d77de9: startup date [Tue Oct 10 17:02:53 EDT 2017]; root of context hierarchy
Oct 10, 2017 5:02:53 PM org.springframework.beans.factory.xml.XmlBeanDefinitionReader loadBeanDefinitions
INFO: Loading XML bean definitions from class path resource [applicationContext.xml]
Oct 10, 2017 5:02:53 PM org.springframework.context.support.ClassPathXmlApplicationContext prepareRefresh
INFO: Refreshing org.springframework.context.support.ClassPathXmlApplicationContext@a91119b: startup date [Tue Oct 10 17:02:53 EDT 2017]; root of context hierarchy
Oct 10, 2017 5:02:53 PM org.springframework.beans.factory.xml.XmlBeanDefinitionReader loadBeanDefinitions
INFO: Loading XML bean definitions from class path resource [applicationContext.xml]
Oct 10, 2017 5:02:53 PM org.springframework.context.support.ClassPathXmlApplicationContext prepareRefresh
INFO: Refreshing org.springframework.context.support.ClassPathXmlApplicationContext@57cabdc3: startup date [Tue Oct 10 17:02:53 EDT 2017]; root of context hierarchy
Oct 10, 2017 5:02:53 PM org.springframework.beans.factory.xml.XmlBeanDefinitionReader loadBeanDefinitions
INFO: Loading XML bean definitions from class path resource [applicationContext.xml]
Oct 10, 2017 5:02:53 PM org.springframework.context.support.ClassPathXmlApplicationContext prepareRefresh
INFO: Refreshing org.springframework.context.support.ClassPathXmlApplicationContext@703e8050: startup date [Tue Oct 10 17:02:53 EDT 2017]; root of context hierarchy
Oct 10, 2017 5:02:53 PM org.springframework.beans.factory.xml.XmlBeanDefinitionReader loadBeanDefinitions
INFO: Loading XML bean definitions from class path resource [applicationContext.xml]
Oct 10, 2017 5:02:53 PM org.springframework.context.support.ClassPathXmlApplicationContext prepareRefresh
INFO: Refreshing org.springframework.context.support.ClassPathXmlApplicationContext@561f9d92: startup date [Tue Oct 10 17:02:53 EDT 2017]; root of context hierarchy
Oct 10, 2017 5:02:53 PM org.springframework.beans.factory.xml.XmlBeanDefinitionReader loadBeanDefinitions
INFO: Loading XML bean definitions from class path resource [applicationContext.xml]
Oct 10, 2017 5:02:53 PM org.springframework.context.support.ClassPathXmlApplicationContext prepareRefresh
INFO: Refreshing org.springframework.context.support.ClassPathXmlApplicationContext@3e43f049: startup date [Tue Oct 10 17:02:53 EDT 2017]; root of context hierarchy
Oct 10, 2017 5:02:53 PM org.springframework.beans.factory.xml.XmlBeanDefinitionReader loadBeanDefinitions
INFO: Loading XML bean definitions from class path resource [applicationContext.xml]
Oct 10, 2017 5:02:53 PM org.springframework.context.support.ClassPathXmlApplicationContext prepareRefresh
INFO: Refreshing org.springframework.context.support.ClassPathXmlApplicationContext@26b3c9a2: startup date [Tue Oct 10 17:02:53 EDT 2017]; root of context hierarchy
Oct 10, 2017 5:02:53 PM org.springframework.beans.factory.xml.XmlBeanDefinitionReader loadBeanDefinitions
INFO: Loading XML bean definitions from class path resource [applicationContext.xml]
Oct 10, 2017 5:02:53 PM org.springframework.context.support.ClassPathXmlApplicationContext prepareRefresh
INFO: Refreshing org.springframework.context.support.ClassPathXmlApplicationContext@447521e: startup date [Tue Oct 10 17:02:53 EDT 2017]; root of context hierarchy
Oct 10, 2017 5:02:53 PM org.springframework.beans.factory.xml.XmlBeanDefinitionReader loadBeanDefinitions
INFO: Loading XML bean definitions from class path resource [applicationContext.xml]
Oct 10, 2017 5:02:53 PM org.springframework.context.support.ClassPathXmlApplicationContext prepareRefresh
INFO: Refreshing org.springframework.context.support.ClassPathXmlApplicationContext@14e750c5: startup date [Tue Oct 10 17:02:53 EDT 2017]; root of context hierarchy
Oct 10, 2017 5:02:53 PM org.springframework.beans.factory.xml.XmlBeanDefinitionReader loadBeanDefinitions
INFO: Loading XML bean definitions from class path resource [applicationContext.xml]
Oct 10, 2017 5:02:53 PM org.springframework.context.support.ClassPathXmlApplicationContext prepareRefresh
INFO: Refreshing org.springframework.context.support.ClassPathXmlApplicationContext@47058864: startup date [Tue Oct 10 17:02:53 EDT 2017]; root of context hierarchy
Oct 10, 2017 5:02:53 PM org.springframework.beans.factory.xml.XmlBeanDefinitionReader loadBeanDefinitions
INFO: Loading XML bean definitions from class path resource [applicationContext.xml]
Oct 10, 2017 5:02:53 PM org.springframework.context.support.ClassPathXmlApplicationContext prepareRefresh
INFO: Refreshing org.springframework.context.support.ClassPathXmlApplicationContext@2abc55c4: startup date [Tue Oct 10 17:02:53 EDT 2017]; root of context hierarchy
Oct 10, 2017 5:02:53 PM org.springframework.beans.factory.xml.XmlBeanDefinitionReader loadBeanDefinitions
INFO: Loading XML bean definitions from class path resource [applicationContext.xml]
Oct 10, 2017 5:02:53 PM org.springframework.context.support.ClassPathXmlApplicationContext prepareRefresh
INFO: Refreshing org.springframework.context.support.ClassPathXmlApplicationContext@4245bf68: startup date [Tue Oct 10 17:02:53 EDT 2017]; root of context hierarchy
Oct 10, 2017 5:02:53 PM org.springframework.beans.factory.xml.XmlBeanDefinitionReader loadBeanDefinitions
INFO: Loading XML bean definitions from class path resource [applicationContext.xml]
Oct 10, 2017 5:02:53 PM org.springframework.context.support.ClassPathXmlApplicationContext prepareRefresh
INFO: Refreshing org.springframework.context.support.ClassPathXmlApplicationContext@3404e5c4: startup date [Tue Oct 10 17:02:53 EDT 2017]; root of context hierarchy
Oct 10, 2017 5:02:53 PM org.springframework.beans.factory.xml.XmlBeanDefinitionReader loadBeanDefinitions
INFO: Loading XML bean definitions from class path resource [applicationContext.xml]
Oct 10, 2017 5:02:53 PM org.springframework.context.support.ClassPathXmlApplicationContext prepareRefresh
INFO: Refreshing org.springframework.context.support.ClassPathXmlApplicationContext@26c7b1c6: startup date [Tue Oct 10 17:02:53 EDT 2017]; root of context hierarchy
Oct 10, 2017 5:02:53 PM org.springframework.beans.factory.xml.XmlBeanDefinitionReader loadBeanDefinitions
INFO: Loading XML bean definitions from class path resource [applicationContext.xml]
Oct 10, 2017 5:02:53 PM org.springframework.context.support.ClassPathXmlApplicationContext prepareRefresh
INFO: Refreshing org.springframework.context.support.ClassPathXmlApplicationContext@23ee2ccf: startup date [Tue Oct 10 17:02:53 EDT 2017]; root of context hierarchy
Oct 10, 2017 5:02:53 PM org.springframework.beans.factory.xml.XmlBeanDefinitionReader loadBeanDefinitions
INFO: Loading XML bean definitions from class path resource [applicationContext.xml]
Oct 10, 2017 5:02:53 PM org.springframework.context.support.ClassPathXmlApplicationContext prepareRefresh
INFO: Refreshing org.springframework.context.support.ClassPathXmlApplicationContext@6568f998: startup date [Tue Oct 10 17:02:53 EDT 2017]; root of context hierarchy
Oct 10, 2017 5:02:53 PM org.springframework.beans.factory.xml.XmlBeanDefinitionReader loadBeanDefinitions
INFO: Loading XML bean definitions from class path resource [applicationContext.xml]
Oct 10, 2017 5:02:53 PM org.springframework.context.support.ClassPathXmlApplicationContext prepareRefresh
INFO: Refreshing org.springframework.context.support.ClassPathXmlApplicationContext@19002b34: startup date [Tue Oct 10 17:02:53 EDT 2017]; root of context hierarchy
Oct 10, 2017 5:02:53 PM org.springframework.beans.factory.xml.XmlBeanDefinitionReader loadBeanDefinitions
INFO: Loading XML bean definitions from class path resource [applicationContext.xml]
Oct 10, 2017 5:02:53 PM org.springframework.context.support.ClassPathXmlApplicationContext prepareRefresh
INFO: Refreshing org.springframework.context.support.ClassPathXmlApplicationContext@23ad2d17: startup date [Tue Oct 10 17:02:53 EDT 2017]; root of context hierarchy
Oct 10, 2017 5:02:53 PM org.springframework.beans.factory.xml.XmlBeanDefinitionReader loadBeanDefinitions
INFO: Loading XML bean definitions from class path resource [applicationContext.xml]
Oct 10, 2017 5:02:53 PM org.springframework.context.support.ClassPathXmlApplicationContext prepareRefresh
INFO: Refreshing org.springframework.context.support.ClassPathXmlApplicationContext@59328218: startup date [Tue Oct 10 17:02:53 EDT 2017]; root of context hierarchy
Oct 10, 2017 5:02:53 PM org.springframework.beans.factory.xml.XmlBeanDefinitionReader loadBeanDefinitions
INFO: Loading XML bean definitions from class path resource [applicationContext.xml]
Oct 10, 2017 5:02:53 PM org.springframework.context.support.ClassPathXmlApplicationContext prepareRefresh
INFO: Refreshing org.springframework.context.support.ClassPathXmlApplicationContext@3b170235: startup date [Tue Oct 10 17:02:53 EDT 2017]; root of context hierarchy
Oct 10, 2017 5:02:53 PM org.springframework.beans.factory.xml.XmlBeanDefinitionReader loadBeanDefinitions
INFO: Loading XML bean definitions from class path resource [applicationContext.xml]
Oct 10, 2017 5:02:53 PM org.springframework.context.support.ClassPathXmlApplicationContext prepareRefresh
INFO: Refreshing org.springframework.context.support.ClassPathXmlApplicationContext@3ace6346: startup date [Tue Oct 10 17:02:53 EDT 2017]; root of context hierarchy
Oct 10, 2017 5:02:53 PM org.springframework.beans.factory.xml.XmlBeanDefinitionReader loadBeanDefinitions
INFO: Loading XML bean definitions from class path resource [applicationContext.xml]
Oct 10, 2017 5:02:53 PM org.springframework.context.support.ClassPathXmlApplicationContext prepareRefresh
INFO: Refreshing org.springframework.context.support.ClassPathXmlApplicationContext@7ae590f6: startup date [Tue Oct 10 17:02:53 EDT 2017]; root of context hierarchy
Oct 10, 2017 5:02:53 PM org.springframework.beans.factory.xml.XmlBeanDefinitionReader loadBeanDefinitions
INFO: Loading XML bean definitions from class path resource [applicationContext.xml]
Oct 10, 2017 5:02:53 PM org.springframework.context.support.ClassPathXmlApplicationContext prepareRefresh
INFO: Refreshing org.springframework.context.support.ClassPathXmlApplicationContext@5514579e: startup date [Tue Oct 10 17:02:53 EDT 2017]; root of context hierarchy
Oct 10, 2017 5:02:53 PM org.springframework.beans.factory.xml.XmlBeanDefinitionReader loadBeanDefinitions
INFO: Loading XML bean definitions from class path resource [applicationContext.xml]
Oct 10, 2017 5:02:53 PM org.springframework.context.support.ClassPathXmlApplicationContext prepareRefresh
INFO: Refreshing org.springframework.context.support.ClassPathXmlApplicationContext@4861cca9: startup date [Tue Oct 10 17:02:53 EDT 2017]; root of context hierarchy
Oct 10, 2017 5:02:53 PM org.springframework.beans.factory.xml.XmlBeanDefinitionReader loadBeanDefinitions
INFO: Loading XML bean definitions from class path resource [applicationContext.xml]
Oct 10, 2017 5:02:53 PM org.springframework.context.support.ClassPathXmlApplicationContext prepareRefresh
INFO: Refreshing org.springframework.context.support.ClassPathXmlApplicationContext@24a04257: startup date [Tue Oct 10 17:02:53 EDT 2017]; root of context hierarchy
Oct 10, 2017 5:02:53 PM org.springframework.beans.factory.xml.XmlBeanDefinitionReader loadBeanDefinitions
INFO: Loading XML bean definitions from class path resource [applicationContext.xml]
Oct 10, 2017 5:02:53 PM org.springframework.context.support.ClassPathXmlApplicationContext prepareRefresh
INFO: Refreshing org.springframework.context.support.ClassPathXmlApplicationContext@3b28b7b0: startup date [Tue Oct 10 17:02:53 EDT 2017]; root of context hierarchy
Oct 10, 2017 5:02:53 PM org.springframework.beans.factory.xml.XmlBeanDefinitionReader loadBeanDefinitions
INFO: Loading XML bean definitions from class path resource [applicationContext.xml]
Oct 10, 2017 5:02:53 PM org.springframework.context.support.ClassPathXmlApplicationContext prepareRefresh
INFO: Refreshing org.springframework.context.support.ClassPathXmlApplicationContext@4bbf38b8: startup date [Tue Oct 10 17:02:53 EDT 2017]; root of context hierarchy
Oct 10, 2017 5:02:53 PM org.springframework.beans.factory.xml.XmlBeanDefinitionReader loadBeanDefinitions
INFO: Loading XML bean definitions from class path resource [applicationContext.xml]
Oct 10, 2017 5:02:53 PM org.springframework.context.support.ClassPathXmlApplicationContext prepareRefresh
INFO: Refreshing org.springframework.context.support.ClassPathXmlApplicationContext@5e67a490: startup date [Tue Oct 10 17:02:53 EDT 2017]; root of context hierarchy
Oct 10, 2017 5:02:53 PM org.springframework.beans.factory.xml.XmlBeanDefinitionReader loadBeanDefinitions
INFO: Loading XML bean definitions from class path resource [applicationContext.xml]
Oct 10, 2017 5:02:53 PM org.springframework.context.support.ClassPathXmlApplicationContext prepareRefresh
INFO: Refreshing org.springframework.context.support.ClassPathXmlApplicationContext@7e0f9528: startup date [Tue Oct 10 17:02:53 EDT 2017]; root of context hierarchy
Oct 10, 2017 5:02:53 PM org.springframework.beans.factory.xml.XmlBeanDefinitionReader loadBeanDefinitions
INFO: Loading XML bean definitions from class path resource [applicationContext.xml]
Oct 10, 2017 5:02:53 PM org.springframework.context.support.ClassPathXmlApplicationContext prepareRefresh
INFO: Refreshing org.springframework.context.support.ClassPathXmlApplicationContext@5a7b6b75: startup date [Tue Oct 10 17:02:53 EDT 2017]; root of context hierarchy
Oct 10, 2017 5:02:53 PM org.springframework.beans.factory.xml.XmlBeanDefinitionReader loadBeanDefinitions
INFO: Loading XML bean definitions from class path resource [applicationContext.xml]
Oct 10, 2017 5:02:53 PM org.springframework.context.support.ClassPathXmlApplicationContext prepareRefresh
INFO: Refreshing org.springframework.context.support.ClassPathXmlApplicationContext@59d5a6fd: startup date [Tue Oct 10 17:02:53 EDT 2017]; root of context hierarchy
Oct 10, 2017 5:02:53 PM org.springframework.beans.factory.xml.XmlBeanDefinitionReader loadBeanDefinitions
INFO: Loading XML bean definitions from class path resource [applicationContext.xml]
Oct 10, 2017 5:02:53 PM org.springframework.context.support.ClassPathXmlApplicationContext prepareRefresh
INFO: Refreshing org.springframework.context.support.ClassPathXmlApplicationContext@7de35070: startup date [Tue Oct 10 17:02:53 EDT 2017]; root of context hierarchy
Oct 10, 2017 5:02:53 PM org.springframework.beans.factory.xml.XmlBeanDefinitionReader loadBeanDefinitions
INFO: Loading XML bean definitions from class path resource [applicationContext.xml]
Oct 10, 2017 5:02:53 PM org.springframework.context.support.ClassPathXmlApplicationContext prepareRefresh
INFO: Refreshing org.springframework.context.support.ClassPathXmlApplicationContext@684372d0: startup date [Tue Oct 10 17:02:53 EDT 2017]; root of context hierarchy
Oct 10, 2017 5:02:53 PM org.springframework.beans.factory.xml.XmlBeanDefinitionReader loadBeanDefinitions
INFO: Loading XML bean definitions from class path resource [applicationContext.xml]
Oct 10, 2017 5:02:53 PM org.springframework.context.support.ClassPathXmlApplicationContext prepareRefresh
INFO: Refreshing org.springframework.context.support.ClassPathXmlApplicationContext@72224107: startup date [Tue Oct 10 17:02:53 EDT 2017]; root of context hierarchy
Oct 10, 2017 5:02:53 PM org.springframework.beans.factory.xml.XmlBeanDefinitionReader loadBeanDefinitions
INFO: Loading XML bean definitions from class path resource [applicationContext.xml]
Oct 10, 2017 5:02:53 PM org.springframework.context.support.ClassPathXmlApplicationContext prepareRefresh
INFO: Refreshing org.springframework.context.support.ClassPathXmlApplicationContext@5d601832: startup date [Tue Oct 10 17:02:53 EDT 2017]; root of context hierarchy
Oct 10, 2017 5:02:53 PM org.springframework.beans.factory.xml.XmlBeanDefinitionReader loadBeanDefinitions
INFO: Loading XML bean definitions from class path resource [applicationContext.xml]
Oct 10, 2017 5:02:53 PM org.springframework.context.support.ClassPathXmlApplicationContext prepareRefresh
INFO: Refreshing org.springframework.context.support.ClassPathXmlApplicationContext@60928a61: startup date [Tue Oct 10 17:02:53 EDT 2017]; root of context hierarchy
Oct 10, 2017 5:02:53 PM org.springframework.beans.factory.xml.XmlBeanDefinitionReader loadBeanDefinitions
INFO: Loading XML bean definitions from class path resource [applicationContext.xml]
Oct 10, 2017 5:02:53 PM org.springframework.context.support.ClassPathXmlApplicationContext prepareRefresh
INFO: Refreshing org.springframework.context.support.ClassPathXmlApplicationContext@7aae1170: startup date [Tue Oct 10 17:02:53 EDT 2017]; root of context hierarchy
Oct 10, 2017 5:02:53 PM org.springframework.beans.factory.xml.XmlBeanDefinitionReader loadBeanDefinitions
INFO: Loading XML bean definitions from class path resource [applicationContext.xml]
Oct 10, 2017 5:02:53 PM org.springframework.context.support.ClassPathXmlApplicationContext prepareRefresh
INFO: Refreshing org.springframework.context.support.ClassPathXmlApplicationContext@42730828: startup date [Tue Oct 10 17:02:53 EDT 2017]; root of context hierarchy
Oct 10, 2017 5:02:53 PM org.springframework.beans.factory.xml.XmlBeanDefinitionReader loadBeanDefinitions
INFO: Loading XML bean definitions from class path resource [applicationContext.xml]
Oct 10, 2017 5:02:53 PM org.springframework.context.support.ClassPathXmlApplicationContext prepareRefresh
INFO: Refreshing org.springframework.context.support.ClassPathXmlApplicationContext@28cb86b2: startup date [Tue Oct 10 17:02:53 EDT 2017]; root of context hierarchy
Oct 10, 2017 5:02:53 PM org.springframework.beans.factory.xml.XmlBeanDefinitionReader loadBeanDefinitions
INFO: Loading XML bean definitions from class path resource [applicationContext.xml]
Oct 10, 2017 5:02:53 PM org.springframework.context.support.ClassPathXmlApplicationContext prepareRefresh
INFO: Refreshing org.springframework.context.support.ClassPathXmlApplicationContext@5cf0673d: startup date [Tue Oct 10 17:02:53 EDT 2017]; root of context hierarchy
Oct 10, 2017 5:02:53 PM org.springframework.beans.factory.xml.XmlBeanDefinitionReader loadBeanDefinitions
INFO: Loading XML bean definitions from class path resource [applicationContext.xml]
Oct 10, 2017 5:02:53 PM org.springframework.context.support.ClassPathXmlApplicationContext prepareRefresh
INFO: Refreshing org.springframework.context.support.ClassPathXmlApplicationContext@3d512652: startup date [Tue Oct 10 17:02:53 EDT 2017]; root of context hierarchy
Oct 10, 2017 5:02:53 PM org.springframework.beans.factory.xml.XmlBeanDefinitionReader loadBeanDefinitions
INFO: Loading XML bean definitions from class path resource [applicationContext.xml]
Oct 10, 2017 5:02:53 PM org.springframework.context.support.ClassPathXmlApplicationContext prepareRefresh
INFO: Refreshing org.springframework.context.support.ClassPathXmlApplicationContext@61808ecd: startup date [Tue Oct 10 17:02:53 EDT 2017]; root of context hierarchy
Oct 10, 2017 5:02:53 PM org.springframework.beans.factory.xml.XmlBeanDefinitionReader loadBeanDefinitions
INFO: Loading XML bean definitions from class path resource [applicationContext.xml]
Oct 10, 2017 5:02:53 PM org.springframework.context.support.ClassPathXmlApplicationContext prepareRefresh
INFO: Refreshing org.springframework.context.support.ClassPathXmlApplicationContext@3957d88b: startup date [Tue Oct 10 17:02:53 EDT 2017]; root of context hierarchy
Oct 10, 2017 5:02:53 PM org.springframework.beans.factory.xml.XmlBeanDefinitionReader loadBeanDefinitions
INFO: Loading XML bean definitions from class path resource [applicationContext.xml]
Oct 10, 2017 5:02:53 PM org.springframework.context.support.ClassPathXmlApplicationContext prepareRefresh
INFO: Refreshing org.springframework.context.support.ClassPathXmlApplicationContext@21733cbe: startup date [Tue Oct 10 17:02:53 EDT 2017]; root of context hierarchy
Oct 10, 2017 5:02:53 PM org.springframework.beans.factory.xml.XmlBeanDefinitionReader loadBeanDefinitions
INFO: Loading XML bean definitions from class path resource [applicationContext.xml]
Oct 10, 2017 5:02:53 PM org.springframework.context.support.ClassPathXmlApplicationContext prepareRefresh
INFO: Refreshing org.springframework.context.support.ClassPathXmlApplicationContext@577bfadb: startup date [Tue Oct 10 17:02:53 EDT 2017]; root of context hierarchy
Oct 10, 2017 5:02:53 PM org.springframework.beans.factory.xml.XmlBeanDefinitionReader loadBeanDefinitions
INFO: Loading XML bean definitions from class path resource [applicationContext.xml]
Oct 10, 2017 5:02:53 PM org.springframework.context.support.ClassPathXmlApplicationContext prepareRefresh
INFO: Refreshing org.springframework.context.support.ClassPathXmlApplicationContext@bfb93cf: startup date [Tue Oct 10 17:02:53 EDT 2017]; root of context hierarchy
Oct 10, 2017 5:02:53 PM org.springframework.beans.factory.xml.XmlBeanDefinitionReader loadBeanDefinitions
INFO: Loading XML bean definitions from class path resource [applicationContext.xml]
Oct 10, 2017 5:02:53 PM org.springframework.context.support.ClassPathXmlApplicationContext prepareRefresh
INFO: Refreshing org.springframework.context.support.ClassPathXmlApplicationContext@36dafa24: startup date [Tue Oct 10 17:02:53 EDT 2017]; root of context hierarchy
Oct 10, 2017 5:02:53 PM org.springframework.beans.factory.xml.XmlBeanDefinitionReader loadBeanDefinitions
INFO: Loading XML bean definitions from class path resource [applicationContext.xml]
Oct 10, 2017 5:02:53 PM org.springframework.context.support.ClassPathXmlApplicationContext prepareRefresh
INFO: Refreshing org.springframework.context.support.ClassPathXmlApplicationContext@18026052: startup date [Tue Oct 10 17:02:53 EDT 2017]; root of context hierarchy
Oct 10, 2017 5:02:53 PM org.springframework.beans.factory.xml.XmlBeanDefinitionReader loadBeanDefinitions
INFO: Loading XML bean definitions from class path resource [applicationContext.xml]
Oct 10, 2017 5:02:53 PM org.springframework.context.support.ClassPathXmlApplicationContext prepareRefresh
INFO: Refreshing org.springframework.context.support.ClassPathXmlApplicationContext@16ac4d3d: startup date [Tue Oct 10 17:02:53 EDT 2017]; root of context hierarchy
Oct 10, 2017 5:02:53 PM org.springframework.beans.factory.xml.XmlBeanDefinitionReader loadBeanDefinitions
INFO: Loading XML bean definitions from class path resource [applicationContext.xml]
Oct 10, 2017 5:02:53 PM org.springframework.context.support.ClassPathXmlApplicationContext prepareRefresh
INFO: Refreshing org.springframework.context.support.ClassPathXmlApplicationContext@2864f887: startup date [Tue Oct 10 17:02:53 EDT 2017]; root of context hierarchy
Oct 10, 2017 5:02:53 PM org.springframework.beans.factory.xml.XmlBeanDefinitionReader loadBeanDefinitions
INFO: Loading XML bean definitions from class path resource [applicationContext.xml]
Oct 10, 2017 5:02:53 PM org.springframework.context.support.ClassPathXmlApplicationContext prepareRefresh
INFO: Refreshing org.springframework.context.support.ClassPathXmlApplicationContext@360d41d0: startup date [Tue Oct 10 17:02:53 EDT 2017]; root of context hierarchy
Oct 10, 2017 5:02:53 PM org.springframework.beans.factory.xml.XmlBeanDefinitionReader loadBeanDefinitions
INFO: Loading XML bean definitions from class path resource [applicationContext.xml]
Oct 10, 2017 5:02:53 PM org.springframework.context.support.ClassPathXmlApplicationContext prepareRefresh
INFO: Refreshing org.springframework.context.support.ClassPathXmlApplicationContext@63f2e0b: startup date [Tue Oct 10 17:02:53 EDT 2017]; root of context hierarchy
Oct 10, 2017 5:02:53 PM org.springframework.beans.factory.xml.XmlBeanDefinitionReader loadBeanDefinitions
INFO: Loading XML bean definitions from class path resource [applicationContext.xml]
Oct 10, 2017 5:02:53 PM org.springframework.context.support.ClassPathXmlApplicationContext prepareRefresh
INFO: Refreshing org.springframework.context.support.ClassPathXmlApplicationContext@5103eea2: startup date [Tue Oct 10 17:02:53 EDT 2017]; root of context hierarchy
Oct 10, 2017 5:02:53 PM org.springframework.beans.factory.xml.XmlBeanDefinitionReader loadBeanDefinitions
INFO: Loading XML bean definitions from class path resource [applicationContext.xml]
Oct 10, 2017 5:02:53 PM org.springframework.context.support.ClassPathXmlApplicationContext prepareRefresh
INFO: Refreshing org.springframework.context.support.ClassPathXmlApplicationContext@4300e240: startup date [Tue Oct 10 17:02:53 EDT 2017]; root of context hierarchy
Oct 10, 2017 5:02:53 PM org.springframework.beans.factory.xml.XmlBeanDefinitionReader loadBeanDefinitions
INFO: Loading XML bean definitions from class path resource [applicationContext.xml]
Oct 10, 2017 5:02:53 PM org.springframework.context.support.ClassPathXmlApplicationContext prepareRefresh
INFO: Refreshing org.springframework.context.support.ClassPathXmlApplicationContext@40016ce1: startup date [Tue Oct 10 17:02:53 EDT 2017]; root of context hierarchy
Oct 10, 2017 5:02:53 PM org.springframework.beans.factory.xml.XmlBeanDefinitionReader loadBeanDefinitions
INFO: Loading XML bean definitions from class path resource [applicationContext.xml]
Oct 10, 2017 5:02:53 PM org.springframework.context.support.ClassPathXmlApplicationContext prepareRefresh
INFO: Refreshing org.springframework.context.support.ClassPathXmlApplicationContext@3b57f915: startup date [Tue Oct 10 17:02:53 EDT 2017]; root of context hierarchy
Oct 10, 2017 5:02:53 PM org.springframework.beans.factory.xml.XmlBeanDefinitionReader loadBeanDefinitions
INFO: Loading XML bean definitions from class path resource [applicationContext.xml]
Oct 10, 2017 5:02:53 PM org.springframework.context.support.ClassPathXmlApplicationContext prepareRefresh
INFO: Refreshing org.springframework.context.support.ClassPathXmlApplicationContext@598657cd: startup date [Tue Oct 10 17:02:53 EDT 2017]; root of context hierarchy
Oct 10, 2017 5:02:53 PM org.springframework.beans.factory.xml.XmlBeanDefinitionReader loadBeanDefinitions
INFO: Loading XML bean definitions from class path resource [applicationContext.xml]
Oct 10, 2017 5:02:53 PM org.springframework.context.support.ClassPathXmlApplicationContext prepareRefresh
INFO: Refreshing org.springframework.context.support.ClassPathXmlApplicationContext@6e9a10cd: startup date [Tue Oct 10 17:02:53 EDT 2017]; root of context hierarchy
Oct 10, 2017 5:02:53 PM org.springframework.beans.factory.xml.XmlBeanDefinitionReader loadBeanDefinitions
INFO: Loading XML bean definitions from class path resource [applicationContext.xml]
Oct 10, 2017 5:02:53 PM org.springframework.context.support.ClassPathXmlApplicationContext prepareRefresh
INFO: Refreshing org.springframework.context.support.ClassPathXmlApplicationContext@52a67293: startup date [Tue Oct 10 17:02:53 EDT 2017]; root of context hierarchy
Oct 10, 2017 5:02:53 PM org.springframework.beans.factory.xml.XmlBeanDefinitionReader loadBeanDefinitions
INFO: Loading XML bean definitions from class path resource [applicationContext.xml]
Oct 10, 2017 5:02:53 PM org.springframework.context.support.ClassPathXmlApplicationContext prepareRefresh
INFO: Refreshing org.springframework.context.support.ClassPathXmlApplicationContext@14b5752f: startup date [Tue Oct 10 17:02:53 EDT 2017]; root of context hierarchy
Oct 10, 2017 5:02:53 PM org.springframework.beans.factory.xml.XmlBeanDefinitionReader loadBeanDefinitions
INFO: Loading XML bean definitions from class path resource [applicationContext.xml]
Oct 10, 2017 5:02:54 PM org.springframework.context.support.ClassPathXmlApplicationContext prepareRefresh
INFO: Refreshing org.springframework.context.support.ClassPathXmlApplicationContext@7548e1fb: startup date [Tue Oct 10 17:02:54 EDT 2017]; root of context hierarchy
Oct 10, 2017 5:02:54 PM org.springframework.beans.factory.xml.XmlBeanDefinitionReader loadBeanDefinitions
INFO: Loading XML bean definitions from class path resource [applicationContext.xml]
Oct 10, 2017 5:02:54 PM org.springframework.context.support.ClassPathXmlApplicationContext prepareRefresh
INFO: Refreshing org.springframework.context.support.ClassPathXmlApplicationContext@75e0a54c: startup date [Tue Oct 10 17:02:54 EDT 2017]; root of context hierarchy
Oct 10, 2017 5:02:54 PM org.springframework.beans.factory.xml.XmlBeanDefinitionReader loadBeanDefinitions
INFO: Loading XML bean definitions from class path resource [applicationContext.xml]
Oct 10, 2017 5:02:54 PM org.springframework.context.support.ClassPathXmlApplicationContext prepareRefresh
INFO: Refreshing org.springframework.context.support.ClassPathXmlApplicationContext@3ea75b05: startup date [Tue Oct 10 17:02:54 EDT 2017]; root of context hierarchy
Oct 10, 2017 5:02:54 PM org.springframework.beans.factory.xml.XmlBeanDefinitionReader loadBeanDefinitions
INFO: Loading XML bean definitions from class path resource [applicationContext.xml]
Oct 10, 2017 5:02:54 PM org.springframework.context.support.ClassPathXmlApplicationContext prepareRefresh
INFO: Refreshing org.springframework.context.support.ClassPathXmlApplicationContext@1a10c47e: startup date [Tue Oct 10 17:02:54 EDT 2017]; root of context hierarchy
Oct 10, 2017 5:02:54 PM org.springframework.beans.factory.xml.XmlBeanDefinitionReader loadBeanDefinitions
INFO: Loading XML bean definitions from class path resource [applicationContext.xml]
Oct 10, 2017 5:02:54 PM org.springframework.context.support.ClassPathXmlApplicationContext prepareRefresh
INFO: Refreshing org.springframework.context.support.ClassPathXmlApplicationContext@4f8659d0: startup date [Tue Oct 10 17:02:54 EDT 2017]; root of context hierarchy
Oct 10, 2017 5:02:54 PM org.springframework.beans.factory.xml.XmlBeanDefinitionReader loadBeanDefinitions
INFO: Loading XML bean definitions from class path resource [applicationContext.xml]
Oct 10, 2017 5:02:54 PM org.springframework.context.support.ClassPathXmlApplicationContext prepareRefresh
INFO: Refreshing org.springframework.context.support.ClassPathXmlApplicationContext@84f51d9: startup date [Tue Oct 10 17:02:54 EDT 2017]; root of context hierarchy
Oct 10, 2017 5:02:54 PM org.springframework.beans.factory.xml.XmlBeanDefinitionReader loadBeanDefinitions
INFO: Loading XML bean definitions from class path resource [applicationContext.xml]
Oct 10, 2017 5:02:54 PM org.springframework.context.support.ClassPathXmlApplicationContext prepareRefresh
INFO: Refreshing org.springframework.context.support.ClassPathXmlApplicationContext@ec5f944: startup date [Tue Oct 10 17:02:54 EDT 2017]; root of context hierarchy
Oct 10, 2017 5:02:54 PM org.springframework.beans.factory.xml.XmlBeanDefinitionReader loadBeanDefinitions
INFO: Loading XML bean definitions from class path resource [applicationContext.xml]
Oct 10, 2017 5:02:54 PM org.springframework.context.support.ClassPathXmlApplicationContext prepareRefresh
INFO: Refreshing org.springframework.context.support.ClassPathXmlApplicationContext@ce655b9: startup date [Tue Oct 10 17:02:54 EDT 2017]; root of context hierarchy
Oct 10, 2017 5:02:54 PM org.springframework.beans.factory.xml.XmlBeanDefinitionReader loadBeanDefinitions
INFO: Loading XML bean definitions from class path resource [applicationContext.xml]
Oct 10, 2017 5:02:54 PM org.springframework.context.support.ClassPathXmlApplicationContext prepareRefresh
INFO: Refreshing org.springframework.context.support.ClassPathXmlApplicationContext@28dd81ad: startup date [Tue Oct 10 17:02:54 EDT 2017]; root of context hierarchy
Oct 10, 2017 5:02:54 PM org.springframework.beans.factory.xml.XmlBeanDefinitionReader loadBeanDefinitions
INFO: Loading XML bean definitions from class path resource [applicationContext.xml]
Oct 10, 2017 5:02:54 PM org.springframework.context.support.ClassPathXmlApplicationContext prepareRefresh
INFO: Refreshing org.springframework.context.support.ClassPathXmlApplicationContext@5c573229: startup date [Tue Oct 10 17:02:54 EDT 2017]; root of context hierarchy
Oct 10, 2017 5:02:54 PM org.springframework.beans.factory.xml.XmlBeanDefinitionReader loadBeanDefinitions
INFO: Loading XML bean definitions from class path resource [applicationContext.xml]
Oct 10, 2017 5:02:54 PM org.springframework.context.support.ClassPathXmlApplicationContext prepareRefresh
INFO: Refreshing org.springframework.context.support.ClassPathXmlApplicationContext@606d6d2c: startup date [Tue Oct 10 17:02:54 EDT 2017]; root of context hierarchy
Oct 10, 2017 5:02:54 PM org.springframework.beans.factory.xml.XmlBeanDefinitionReader loadBeanDefinitions
INFO: Loading XML bean definitions from class path resource [applicationContext.xml]
Oct 10, 2017 5:02:54 PM org.springframework.context.support.ClassPathXmlApplicationContext prepareRefresh
INFO: Refreshing org.springframework.context.support.ClassPathXmlApplicationContext@7afb9c93: startup date [Tue Oct 10 17:02:54 EDT 2017]; root of context hierarchy
Oct 10, 2017 5:02:54 PM org.springframework.beans.factory.xml.XmlBeanDefinitionReader loadBeanDefinitions
INFO: Loading XML bean definitions from class path resource [applicationContext.xml]
Oct 10, 2017 5:02:54 PM org.springframework.context.support.ClassPathXmlApplicationContext prepareRefresh
INFO: Refreshing org.springframework.context.support.ClassPathXmlApplicationContext@76b305e1: startup date [Tue Oct 10 17:02:54 EDT 2017]; root of context hierarchy
Oct 10, 2017 5:02:54 PM org.springframework.beans.factory.xml.XmlBeanDefinitionReader loadBeanDefinitions
INFO: Loading XML bean definitions from class path resource [applicationContext.xml]
Oct 10, 2017 5:02:54 PM org.springframework.context.support.ClassPathXmlApplicationContext prepareRefresh
INFO: Refreshing org.springframework.context.support.ClassPathXmlApplicationContext@2dd3d39d: startup date [Tue Oct 10 17:02:54 EDT 2017]; root of context hierarchy
Oct 10, 2017 5:02:54 PM org.springframework.beans.factory.xml.XmlBeanDefinitionReader loadBeanDefinitions
INFO: Loading XML bean definitions from class path resource [applicationContext.xml]
Oct 10, 2017 5:02:54 PM org.springframework.context.support.ClassPathXmlApplicationContext prepareRefresh
INFO: Refreshing org.springframework.context.support.ClassPathXmlApplicationContext@1a0d313: startup date [Tue Oct 10 17:02:54 EDT 2017]; root of context hierarchy
Oct 10, 2017 5:02:54 PM org.springframework.beans.factory.xml.XmlBeanDefinitionReader loadBeanDefinitions
INFO: Loading XML bean definitions from class path resource [applicationContext.xml]
Oct 10, 2017 5:02:54 PM org.springframework.context.support.ClassPathXmlApplicationContext prepareRefresh
INFO: Refreshing org.springframework.context.support.ClassPathXmlApplicationContext@194b9783: startup date [Tue Oct 10 17:02:54 EDT 2017]; root of context hierarchy
Oct 10, 2017 5:02:54 PM org.springframework.beans.factory.xml.XmlBeanDefinitionReader loadBeanDefinitions
INFO: Loading XML bean definitions from class path resource [applicationContext.xml]
Oct 10, 2017 5:02:54 PM org.springframework.context.support.ClassPathXmlApplicationContext prepareRefresh
INFO: Refreshing org.springframework.context.support.ClassPathXmlApplicationContext@2109a691: startup date [Tue Oct 10 17:02:54 EDT 2017]; root of context hierarchy
Oct 10, 2017 5:02:54 PM org.springframework.beans.factory.xml.XmlBeanDefinitionReader loadBeanDefinitions
INFO: Loading XML bean definitions from class path resource [applicationContext.xml]
Oct 10, 2017 5:02:54 PM org.springframework.context.support.ClassPathXmlApplicationContext prepareRefresh
INFO: Refreshing org.springframework.context.support.ClassPathXmlApplicationContext@4bdb04c8: startup date [Tue Oct 10 17:02:54 EDT 2017]; root of context hierarchy
Oct 10, 2017 5:02:54 PM org.springframework.beans.factory.xml.XmlBeanDefinitionReader loadBeanDefinitions
INFO: Loading XML bean definitions from class path resource [applicationContext.xml]
Oct 10, 2017 5:02:54 PM org.springframework.context.support.ClassPathXmlApplicationContext prepareRefresh
INFO: Refreshing org.springframework.context.support.ClassPathXmlApplicationContext@35e07e19: startup date [Tue Oct 10 17:02:54 EDT 2017]; root of context hierarchy
Oct 10, 2017 5:02:54 PM org.springframework.beans.factory.xml.XmlBeanDefinitionReader loadBeanDefinitions
INFO: Loading XML bean definitions from class path resource [applicationContext.xml]
Oct 10, 2017 5:02:54 PM org.springframework.context.support.ClassPathXmlApplicationContext prepareRefresh
INFO: Refreshing org.springframework.context.support.ClassPathXmlApplicationContext@3dbb3fb7: startup date [Tue Oct 10 17:02:54 EDT 2017]; root of context hierarchy
Oct 10, 2017 5:02:54 PM org.springframework.beans.factory.xml.XmlBeanDefinitionReader loadBeanDefinitions
INFO: Loading XML bean definitions from class path resource [applicationContext.xml]
Oct 10, 2017 5:02:54 PM org.springframework.context.support.ClassPathXmlApplicationContext prepareRefresh
INFO: Refreshing org.springframework.context.support.ClassPathXmlApplicationContext@39374689: startup date [Tue Oct 10 17:02:54 EDT 2017]; root of context hierarchy
Oct 10, 2017 5:02:54 PM org.springframework.beans.factory.xml.XmlBeanDefinitionReader loadBeanDefinitions
INFO: Loading XML bean definitions from class path resource [applicationContext.xml]
Oct 10, 2017 5:02:54 PM org.springframework.context.support.ClassPathXmlApplicationContext prepareRefresh
INFO: Refreshing org.springframework.context.support.ClassPathXmlApplicationContext@1716c037: startup date [Tue Oct 10 17:02:54 EDT 2017]; root of context hierarchy
Oct 10, 2017 5:02:54 PM org.springframework.beans.factory.xml.XmlBeanDefinitionReader loadBeanDefinitions
INFO: Loading XML bean definitions from class path resource [applicationContext.xml]
Oct 10, 2017 5:02:54 PM org.springframework.context.support.ClassPathXmlApplicationContext prepareRefresh
INFO: Refreshing org.springframework.context.support.ClassPathXmlApplicationContext@1f0e2bdc: startup date [Tue Oct 10 17:02:54 EDT 2017]; root of context hierarchy
Oct 10, 2017 5:02:54 PM org.springframework.beans.factory.xml.XmlBeanDefinitionReader loadBeanDefinitions
INFO: Loading XML bean definitions from class path resource [applicationContext.xml]
Oct 10, 2017 5:02:54 PM org.springframework.context.support.ClassPathXmlApplicationContext prepareRefresh
INFO: Refreshing org.springframework.context.support.ClassPathXmlApplicationContext@1201e064: startup date [Tue Oct 10 17:02:54 EDT 2017]; root of context hierarchy
Oct 10, 2017 5:02:54 PM org.springframework.beans.factory.xml.XmlBeanDefinitionReader loadBeanDefinitions
INFO: Loading XML bean definitions from class path resource [applicationContext.xml]
Oct 10, 2017 5:02:54 PM org.springframework.context.support.ClassPathXmlApplicationContext prepareRefresh
INFO: Refreshing org.springframework.context.support.ClassPathXmlApplicationContext@6b8bdcc6: startup date [Tue Oct 10 17:02:54 EDT 2017]; root of context hierarchy
Oct 10, 2017 5:02:54 PM org.springframework.beans.factory.xml.XmlBeanDefinitionReader loadBeanDefinitions
INFO: Loading XML bean definitions from class path resource [applicationContext.xml]
Oct 10, 2017 5:02:54 PM org.springframework.context.support.ClassPathXmlApplicationContext prepareRefresh
INFO: Refreshing org.springframework.context.support.ClassPathXmlApplicationContext@7b4b8199: startup date [Tue Oct 10 17:02:54 EDT 2017]; root of context hierarchy
Oct 10, 2017 5:02:54 PM org.springframework.beans.factory.xml.XmlBeanDefinitionReader loadBeanDefinitions
INFO: Loading XML bean definitions from class path resource [applicationContext.xml]
Oct 10, 2017 5:02:54 PM org.springframework.context.support.ClassPathXmlApplicationContext prepareRefresh
INFO: Refreshing org.springframework.context.support.ClassPathXmlApplicationContext@702096ef: startup date [Tue Oct 10 17:02:54 EDT 2017]; root of context hierarchy
Oct 10, 2017 5:02:54 PM org.springframework.beans.factory.xml.XmlBeanDefinitionReader loadBeanDefinitions
INFO: Loading XML bean definitions from class path resource [applicationContext.xml]
Oct 10, 2017 5:02:54 PM org.springframework.context.support.ClassPathXmlApplicationContext prepareRefresh
INFO: Refreshing org.springframework.context.support.ClassPathXmlApplicationContext@580c17a0: startup date [Tue Oct 10 17:02:54 EDT 2017]; root of context hierarchy
Oct 10, 2017 5:02:54 PM org.springframework.beans.factory.xml.XmlBeanDefinitionReader loadBeanDefinitions
INFO: Loading XML bean definitions from class path resource [applicationContext.xml]
Oct 10, 2017 5:02:54 PM org.springframework.context.support.ClassPathXmlApplicationContext prepareRefresh
INFO: Refreshing org.springframework.context.support.ClassPathXmlApplicationContext@2f471037: startup date [Tue Oct 10 17:02:54 EDT 2017]; root of context hierarchy
Oct 10, 2017 5:02:54 PM org.springframework.beans.factory.xml.XmlBeanDefinitionReader loadBeanDefinitions
INFO: Loading XML bean definitions from class path resource [applicationContext.xml]
Oct 10, 2017 5:02:54 PM org.springframework.context.support.ClassPathXmlApplicationContext prepareRefresh
INFO: Refreshing org.springframework.context.support.ClassPathXmlApplicationContext@517fbf62: startup date [Tue Oct 10 17:02:54 EDT 2017]; root of context hierarchy
Oct 10, 2017 5:02:54 PM org.springframework.beans.factory.xml.XmlBeanDefinitionReader loadBeanDefinitions
INFO: Loading XML bean definitions from class path resource [applicationContext.xml]
Oct 10, 2017 5:02:54 PM org.springframework.context.support.ClassPathXmlApplicationContext prepareRefresh
INFO: Refreshing org.springframework.context.support.ClassPathXmlApplicationContext@56f9de3b: startup date [Tue Oct 10 17:02:54 EDT 2017]; root of context hierarchy
Oct 10, 2017 5:02:54 PM org.springframework.beans.factory.xml.XmlBeanDefinitionReader loadBeanDefinitions
INFO: Loading XML bean definitions from class path resource [applicationContext.xml]
Oct 10, 2017 5:02:54 PM org.springframework.context.support.ClassPathXmlApplicationContext prepareRefresh
INFO: Refreshing org.springframework.context.support.ClassPathXmlApplicationContext@57f0bfc3: startup date [Tue Oct 10 17:02:54 EDT 2017]; root of context hierarchy
Oct 10, 2017 5:02:54 PM org.springframework.beans.factory.xml.XmlBeanDefinitionReader loadBeanDefinitions
INFO: Loading XML bean definitions from class path resource [applicationContext.xml]
Oct 10, 2017 5:02:54 PM org.springframework.context.support.ClassPathXmlApplicationContext prepareRefresh
INFO: Refreshing org.springframework.context.support.ClassPathXmlApplicationContext@6210666c: startup date [Tue Oct 10 17:02:54 EDT 2017]; root of context hierarchy
Oct 10, 2017 5:02:54 PM org.springframework.beans.factory.xml.XmlBeanDefinitionReader loadBeanDefinitions
INFO: Loading XML bean definitions from class path resource [applicationContext.xml]
Oct 10, 2017 5:02:54 PM org.springframework.context.support.ClassPathXmlApplicationContext prepareRefresh
INFO: Refreshing org.springframework.context.support.ClassPathXmlApplicationContext@3ff8a3ad: startup date [Tue Oct 10 17:02:54 EDT 2017]; root of context hierarchy
Oct 10, 2017 5:02:54 PM org.springframework.beans.factory.xml.XmlBeanDefinitionReader loadBeanDefinitions
INFO: Loading XML bean definitions from class path resource [applicationContext.xml]
Oct 10, 2017 5:02:54 PM org.springframework.context.support.ClassPathXmlApplicationContext prepareRefresh
INFO: Refreshing org.springframework.context.support.ClassPathXmlApplicationContext@74bdfa0b: startup date [Tue Oct 10 17:02:54 EDT 2017]; root of context hierarchy
Oct 10, 2017 5:02:54 PM org.springframework.beans.factory.xml.XmlBeanDefinitionReader loadBeanDefinitions
INFO: Loading XML bean definitions from class path resource [applicationContext.xml]
Oct 10, 2017 5:02:54 PM org.springframework.context.support.ClassPathXmlApplicationContext prepareRefresh
INFO: Refreshing org.springframework.context.support.ClassPathXmlApplicationContext@311a0b3e: startup date [Tue Oct 10 17:02:54 EDT 2017]; root of context hierarchy
Oct 10, 2017 5:02:54 PM org.springframework.beans.factory.xml.XmlBeanDefinitionReader loadBeanDefinitions
INFO: Loading XML bean definitions from class path resource [applicationContext.xml]
Oct 10, 2017 5:02:54 PM org.springframework.context.support.ClassPathXmlApplicationContext prepareRefresh
INFO: Refreshing org.springframework.context.support.ClassPathXmlApplicationContext@53b7bf01: startup date [Tue Oct 10 17:02:54 EDT 2017]; root of context hierarchy
Oct 10, 2017 5:02:54 PM org.springframework.beans.factory.xml.XmlBeanDefinitionReader loadBeanDefinitions
INFO: Loading XML bean definitions from class path resource [applicationContext.xml]
Oct 10, 2017 5:02:54 PM org.springframework.context.support.ClassPathXmlApplicationContext prepareRefresh
INFO: Refreshing org.springframework.context.support.ClassPathXmlApplicationContext@69b37f5c: startup date [Tue Oct 10 17:02:54 EDT 2017]; root of context hierarchy
Oct 10, 2017 5:02:54 PM org.springframework.beans.factory.xml.XmlBeanDefinitionReader loadBeanDefinitions
INFO: Loading XML bean definitions from class path resource [applicationContext.xml]
Oct 10, 2017 5:02:54 PM org.springframework.context.support.ClassPathXmlApplicationContext prepareRefresh
INFO: Refreshing org.springframework.context.support.ClassPathXmlApplicationContext@43a59289: startup date [Tue Oct 10 17:02:54 EDT 2017]; root of context hierarchy
Oct 10, 2017 5:02:54 PM org.springframework.beans.factory.xml.XmlBeanDefinitionReader loadBeanDefinitions
INFO: Loading XML bean definitions from class path resource [applicationContext.xml]
Oct 10, 2017 5:02:54 PM org.springframework.context.support.ClassPathXmlApplicationContext prepareRefresh
INFO: Refreshing org.springframework.context.support.ClassPathXmlApplicationContext@671da0f9: startup date [Tue Oct 10 17:02:54 EDT 2017]; root of context hierarchy
Oct 10, 2017 5:02:54 PM org.springframework.beans.factory.xml.XmlBeanDefinitionReader loadBeanDefinitions
INFO: Loading XML bean definitions from class path resource [applicationContext.xml]
Oct 10, 2017 5:02:54 PM org.springframework.context.support.ClassPathXmlApplicationContext prepareRefresh
INFO: Refreshing org.springframework.context.support.ClassPathXmlApplicationContext@54daf8f9: startup date [Tue Oct 10 17:02:54 EDT 2017]; root of context hierarchy
Oct 10, 2017 5:02:54 PM org.springframework.beans.factory.xml.XmlBeanDefinitionReader loadBeanDefinitions
INFO: Loading XML bean definitions from class path resource [applicationContext.xml]
Oct 10, 2017 5:02:54 PM org.springframework.context.support.ClassPathXmlApplicationContext prepareRefresh
INFO: Refreshing org.springframework.context.support.ClassPathXmlApplicationContext@3386ed8: startup date [Tue Oct 10 17:02:54 EDT 2017]; root of context hierarchy
Oct 10, 2017 5:02:54 PM org.springframework.beans.factory.xml.XmlBeanDefinitionReader loadBeanDefinitions
INFO: Loading XML bean definitions from class path resource [applicationContext.xml]
Oct 10, 2017 5:02:54 PM org.springframework.context.support.ClassPathXmlApplicationContext prepareRefresh
INFO: Refreshing org.springframework.context.support.ClassPathXmlApplicationContext@356341c9: startup date [Tue Oct 10 17:02:54 EDT 2017]; root of context hierarchy
Oct 10, 2017 5:02:54 PM org.springframework.beans.factory.xml.XmlBeanDefinitionReader loadBeanDefinitions
INFO: Loading XML bean definitions from class path resource [applicationContext.xml]
Oct 10, 2017 5:02:54 PM org.springframework.context.support.ClassPathXmlApplicationContext prepareRefresh
INFO: Refreshing org.springframework.context.support.ClassPathXmlApplicationContext@1a34a51e: startup date [Tue Oct 10 17:02:54 EDT 2017]; root of context hierarchy
Oct 10, 2017 5:02:54 PM org.springframework.beans.factory.xml.XmlBeanDefinitionReader loadBeanDefinitions
INFO: Loading XML bean definitions from class path resource [applicationContext.xml]
Oct 10, 2017 5:02:54 PM org.springframework.context.support.ClassPathXmlApplicationContext prepareRefresh
INFO: Refreshing org.springframework.context.support.ClassPathXmlApplicationContext@333e5fb6: startup date [Tue Oct 10 17:02:54 EDT 2017]; root of context hierarchy
Oct 10, 2017 5:02:54 PM org.springframework.beans.factory.xml.XmlBeanDefinitionReader loadBeanDefinitions
INFO: Loading XML bean definitions from class path resource [applicationContext.xml]
Oct 10, 2017 5:02:54 PM org.springframework.context.support.ClassPathXmlApplicationContext prepareRefresh
INFO: Refreshing org.springframework.context.support.ClassPathXmlApplicationContext@51f34185: startup date [Tue Oct 10 17:02:54 EDT 2017]; root of context hierarchy
Oct 10, 2017 5:02:54 PM org.springframework.beans.factory.xml.XmlBeanDefinitionReader loadBeanDefinitions
INFO: Loading XML bean definitions from class path resource [applicationContext.xml]
Oct 10, 2017 5:02:54 PM org.springframework.context.support.ClassPathXmlApplicationContext prepareRefresh
INFO: Refreshing org.springframework.context.support.ClassPathXmlApplicationContext@3caf5c96: startup date [Tue Oct 10 17:02:54 EDT 2017]; root of context hierarchy
Oct 10, 2017 5:02:54 PM org.springframework.beans.factory.xml.XmlBeanDefinitionReader loadBeanDefinitions
INFO: Loading XML bean definitions from class path resource [applicationContext.xml]
Oct 10, 2017 5:02:54 PM org.springframework.context.support.ClassPathXmlApplicationContext prepareRefresh
INFO: Refreshing org.springframework.context.support.ClassPathXmlApplicationContext@797f97e3: startup date [Tue Oct 10 17:02:54 EDT 2017]; root of context hierarchy
Oct 10, 2017 5:02:54 PM org.springframework.beans.factory.xml.XmlBeanDefinitionReader loadBeanDefinitions
INFO: Loading XML bean definitions from class path resource [applicationContext.xml]
Oct 10, 2017 5:02:54 PM org.springframework.context.support.ClassPathXmlApplicationContext prepareRefresh
INFO: Refreshing org.springframework.context.support.ClassPathXmlApplicationContext@7d126083: startup date [Tue Oct 10 17:02:54 EDT 2017]; root of context hierarchy
Oct 10, 2017 5:02:54 PM org.springframework.beans.factory.xml.XmlBeanDefinitionReader loadBeanDefinitions
INFO: Loading XML bean definitions from class path resource [applicationContext.xml]
Oct 10, 2017 5:02:54 PM org.springframework.context.support.ClassPathXmlApplicationContext prepareRefresh
INFO: Refreshing org.springframework.context.support.ClassPathXmlApplicationContext@3ce7490a: startup date [Tue Oct 10 17:02:54 EDT 2017]; root of context hierarchy
Oct 10, 2017 5:02:54 PM org.springframework.beans.factory.xml.XmlBeanDefinitionReader loadBeanDefinitions
INFO: Loading XML bean definitions from class path resource [applicationContext.xml]
Oct 10, 2017 5:02:54 PM org.springframework.context.support.ClassPathXmlApplicationContext prepareRefresh
INFO: Refreshing org.springframework.context.support.ClassPathXmlApplicationContext@30704f85: startup date [Tue Oct 10 17:02:54 EDT 2017]; root of context hierarchy
Oct 10, 2017 5:02:54 PM org.springframework.beans.factory.xml.XmlBeanDefinitionReader loadBeanDefinitions
INFO: Loading XML bean definitions from class path resource [applicationContext.xml]
Oct 10, 2017 5:02:54 PM org.springframework.context.support.ClassPathXmlApplicationContext prepareRefresh
INFO: Refreshing org.springframework.context.support.ClassPathXmlApplicationContext@5abbb273: startup date [Tue Oct 10 17:02:54 EDT 2017]; root of context hierarchy
Oct 10, 2017 5:02:54 PM org.springframework.beans.factory.xml.XmlBeanDefinitionReader loadBeanDefinitions
INFO: Loading XML bean definitions from class path resource [applicationContext.xml]
Oct 10, 2017 5:02:54 PM org.springframework.context.support.ClassPathXmlApplicationContext prepareRefresh
INFO: Refreshing org.springframework.context.support.ClassPathXmlApplicationContext@4f20b022: startup date [Tue Oct 10 17:02:54 EDT 2017]; root of context hierarchy
Oct 10, 2017 5:02:54 PM org.springframework.beans.factory.xml.XmlBeanDefinitionReader loadBeanDefinitions
INFO: Loading XML bean definitions from class path resource [applicationContext.xml]
Oct 10, 2017 5:02:54 PM org.springframework.context.support.ClassPathXmlApplicationContext prepareRefresh
INFO: Refreshing org.springframework.context.support.ClassPathXmlApplicationContext@45fb2354: startup date [Tue Oct 10 17:02:54 EDT 2017]; root of context hierarchy
Oct 10, 2017 5:02:54 PM org.springframework.beans.factory.xml.XmlBeanDefinitionReader loadBeanDefinitions
INFO: Loading XML bean definitions from class path resource [applicationContext.xml]
Oct 10, 2017 5:02:54 PM org.springframework.context.support.ClassPathXmlApplicationContext prepareRefresh
INFO: Refreshing org.springframework.context.support.ClassPathXmlApplicationContext@2ee456c7: startup date [Tue Oct 10 17:02:54 EDT 2017]; root of context hierarchy
Oct 10, 2017 5:02:54 PM org.springframework.beans.factory.xml.XmlBeanDefinitionReader loadBeanDefinitions
INFO: Loading XML bean definitions from class path resource [applicationContext.xml]
Oct 10, 2017 5:02:54 PM org.springframework.context.support.ClassPathXmlApplicationContext prepareRefresh
INFO: Refreshing org.springframework.context.support.ClassPathXmlApplicationContext@1a3b1f7e: startup date [Tue Oct 10 17:02:54 EDT 2017]; root of context hierarchy
Oct 10, 2017 5:02:54 PM org.springframework.beans.factory.xml.XmlBeanDefinitionReader loadBeanDefinitions
INFO: Loading XML bean definitions from class path resource [applicationContext.xml]
Oct 10, 2017 5:02:54 PM org.springframework.context.support.ClassPathXmlApplicationContext prepareRefresh
INFO: Refreshing org.springframework.context.support.ClassPathXmlApplicationContext@2ce47652: startup date [Tue Oct 10 17:02:54 EDT 2017]; root of context hierarchy
Oct 10, 2017 5:02:54 PM org.springframework.beans.factory.xml.XmlBeanDefinitionReader loadBeanDefinitions
INFO: Loading XML bean definitions from class path resource [applicationContext.xml]
Oct 10, 2017 5:02:54 PM org.springframework.context.support.ClassPathXmlApplicationContext prepareRefresh
INFO: Refreshing org.springframework.context.support.ClassPathXmlApplicationContext@b808af5: startup date [Tue Oct 10 17:02:54 EDT 2017]; root of context hierarchy
Oct 10, 2017 5:02:54 PM org.springframework.beans.factory.xml.XmlBeanDefinitionReader loadBeanDefinitions
INFO: Loading XML bean definitions from class path resource [applicationContext.xml]
Oct 10, 2017 5:02:54 PM org.springframework.context.support.ClassPathXmlApplicationContext prepareRefresh
INFO: Refreshing org.springframework.context.support.ClassPathXmlApplicationContext@7df3da0b: startup date [Tue Oct 10 17:02:54 EDT 2017]; root of context hierarchy
Oct 10, 2017 5:02:54 PM org.springframework.beans.factory.xml.XmlBeanDefinitionReader loadBeanDefinitions
INFO: Loading XML bean definitions from class path resource [applicationContext.xml]
Oct 10, 2017 5:02:54 PM org.springframework.context.support.ClassPathXmlApplicationContext prepareRefresh
INFO: Refreshing org.springframework.context.support.ClassPathXmlApplicationContext@11cc9e1e: startup date [Tue Oct 10 17:02:54 EDT 2017]; root of context hierarchy
Oct 10, 2017 5:02:54 PM org.springframework.beans.factory.xml.XmlBeanDefinitionReader loadBeanDefinitions
INFO: Loading XML bean definitions from class path resource [applicationContext.xml]
Oct 10, 2017 5:02:54 PM org.springframework.context.support.ClassPathXmlApplicationContext prepareRefresh
INFO: Refreshing org.springframework.context.support.ClassPathXmlApplicationContext@3129299f: startup date [Tue Oct 10 17:02:54 EDT 2017]; root of context hierarchy
Oct 10, 2017 5:02:54 PM org.springframework.beans.factory.xml.XmlBeanDefinitionReader loadBeanDefinitions
INFO: Loading XML bean definitions from class path resource [applicationContext.xml]
Oct 10, 2017 5:02:54 PM org.springframework.context.support.ClassPathXmlApplicationContext prepareRefresh
INFO: Refreshing org.springframework.context.support.ClassPathXmlApplicationContext@62883f8a: startup date [Tue Oct 10 17:02:54 EDT 2017]; root of context hierarchy
Oct 10, 2017 5:02:54 PM org.springframework.beans.factory.xml.XmlBeanDefinitionReader loadBeanDefinitions
INFO: Loading XML bean definitions from class path resource [applicationContext.xml]
Oct 10, 2017 5:02:54 PM org.springframework.context.support.ClassPathXmlApplicationContext prepareRefresh
INFO: Refreshing org.springframework.context.support.ClassPathXmlApplicationContext@38e7860c: startup date [Tue Oct 10 17:02:54 EDT 2017]; root of context hierarchy
Oct 10, 2017 5:02:54 PM org.springframework.beans.factory.xml.XmlBeanDefinitionReader loadBeanDefinitions
INFO: Loading XML bean definitions from class path resource [applicationContext.xml]
Oct 10, 2017 5:02:55 PM org.springframework.context.support.ClassPathXmlApplicationContext prepareRefresh
INFO: Refreshing org.springframework.context.support.ClassPathXmlApplicationContext@11bfd751: startup date [Tue Oct 10 17:02:55 EDT 2017]; root of context hierarchy
Oct 10, 2017 5:02:55 PM org.springframework.beans.factory.xml.XmlBeanDefinitionReader loadBeanDefinitions
INFO: Loading XML bean definitions from class path resource [applicationContext.xml]
Oct 10, 2017 5:02:55 PM org.springframework.context.support.ClassPathXmlApplicationContext prepareRefresh
INFO: Refreshing org.springframework.context.support.ClassPathXmlApplicationContext@1b25d695: startup date [Tue Oct 10 17:02:55 EDT 2017]; root of context hierarchy
Oct 10, 2017 5:02:55 PM org.springframework.beans.factory.xml.XmlBeanDefinitionReader loadBeanDefinitions
INFO: Loading XML bean definitions from class path resource [applicationContext.xml]
Oct 10, 2017 5:02:55 PM org.springframework.context.support.ClassPathXmlApplicationContext prepareRefresh
INFO: Refreshing org.springframework.context.support.ClassPathXmlApplicationContext@39b85a73: startup date [Tue Oct 10 17:02:55 EDT 2017]; root of context hierarchy
Oct 10, 2017 5:02:55 PM org.springframework.beans.factory.xml.XmlBeanDefinitionReader loadBeanDefinitions
INFO: Loading XML bean definitions from class path resource [applicationContext.xml]
Oct 10, 2017 5:02:55 PM org.springframework.context.support.ClassPathXmlApplicationContext prepareRefresh
INFO: Refreshing org.springframework.context.support.ClassPathXmlApplicationContext@bfd97fb: startup date [Tue Oct 10 17:02:55 EDT 2017]; root of context hierarchy
Oct 10, 2017 5:02:55 PM org.springframework.beans.factory.xml.XmlBeanDefinitionReader loadBeanDefinitions
INFO: Loading XML bean definitions from class path resource [applicationContext.xml]
Oct 10, 2017 5:02:55 PM org.springframework.context.support.ClassPathXmlApplicationContext prepareRefresh
INFO: Refreshing org.springframework.context.support.ClassPathXmlApplicationContext@76e00bdb: startup date [Tue Oct 10 17:02:55 EDT 2017]; root of context hierarchy
Oct 10, 2017 5:02:55 PM org.springframework.beans.factory.xml.XmlBeanDefinitionReader loadBeanDefinitions
INFO: Loading XML bean definitions from class path resource [applicationContext.xml]
Oct 10, 2017 5:02:55 PM org.springframework.context.support.ClassPathXmlApplicationContext prepareRefresh
INFO: Refreshing org.springframework.context.support.ClassPathXmlApplicationContext@5c41b8d8: startup date [Tue Oct 10 17:02:55 EDT 2017]; root of context hierarchy
Oct 10, 2017 5:02:55 PM org.springframework.beans.factory.xml.XmlBeanDefinitionReader loadBeanDefinitions
INFO: Loading XML bean definitions from class path resource [applicationContext.xml]
Oct 10, 2017 5:02:55 PM org.springframework.context.support.ClassPathXmlApplicationContext prepareRefresh
INFO: Refreshing org.springframework.context.support.ClassPathXmlApplicationContext@1efcba00: startup date [Tue Oct 10 17:02:55 EDT 2017]; root of context hierarchy
Oct 10, 2017 5:02:55 PM org.springframework.beans.factory.xml.XmlBeanDefinitionReader loadBeanDefinitions
INFO: Loading XML bean definitions from class path resource [applicationContext.xml]
Oct 10, 2017 5:02:55 PM org.springframework.context.support.ClassPathXmlApplicationContext prepareRefresh
INFO: Refreshing org.springframework.context.support.ClassPathXmlApplicationContext@56f2c9e8: startup date [Tue Oct 10 17:02:55 EDT 2017]; root of context hierarchy
Oct 10, 2017 5:02:55 PM org.springframework.beans.factory.xml.XmlBeanDefinitionReader loadBeanDefinitions
INFO: Loading XML bean definitions from class path resource [applicationContext.xml]
Oct 10, 2017 5:02:55 PM org.springframework.context.support.ClassPathXmlApplicationContext prepareRefresh
INFO: Refreshing org.springframework.context.support.ClassPathXmlApplicationContext@5c79c5ec: startup date [Tue Oct 10 17:02:55 EDT 2017]; root of context hierarchy
Oct 10, 2017 5:02:55 PM org.springframework.beans.factory.xml.XmlBeanDefinitionReader loadBeanDefinitions
INFO: Loading XML bean definitions from class path resource [applicationContext.xml]
Oct 10, 2017 5:02:55 PM org.springframework.context.support.ClassPathXmlApplicationContext prepareRefresh
INFO: Refreshing org.springframework.context.support.ClassPathXmlApplicationContext@4b50c21: startup date [Tue Oct 10 17:02:55 EDT 2017]; root of context hierarchy
Oct 10, 2017 5:02:55 PM org.springframework.beans.factory.xml.XmlBeanDefinitionReader loadBeanDefinitions
INFO: Loading XML bean definitions from class path resource [applicationContext.xml]
Oct 10, 2017 5:02:55 PM org.springframework.context.support.ClassPathXmlApplicationContext prepareRefresh
INFO: Refreshing org.springframework.context.support.ClassPathXmlApplicationContext@6b3b2c34: startup date [Tue Oct 10 17:02:55 EDT 2017]; root of context hierarchy
Oct 10, 2017 5:02:55 PM org.springframework.beans.factory.xml.XmlBeanDefinitionReader loadBeanDefinitions
INFO: Loading XML bean definitions from class path resource [applicationContext.xml]
Oct 10, 2017 5:02:55 PM org.springframework.context.support.ClassPathXmlApplicationContext prepareRefresh
INFO: Refreshing org.springframework.context.support.ClassPathXmlApplicationContext@7be3abaa: startup date [Tue Oct 10 17:02:55 EDT 2017]; root of context hierarchy
Oct 10, 2017 5:02:55 PM org.springframework.beans.factory.xml.XmlBeanDefinitionReader loadBeanDefinitions
INFO: Loading XML bean definitions from class path resource [applicationContext.xml]
Oct 10, 2017 5:02:55 PM org.springframework.context.support.ClassPathXmlApplicationContext prepareRefresh
INFO: Refreshing org.springframework.context.support.ClassPathXmlApplicationContext@6ca33187: startup date [Tue Oct 10 17:02:55 EDT 2017]; root of context hierarchy
Oct 10, 2017 5:02:55 PM org.springframework.beans.factory.xml.XmlBeanDefinitionReader loadBeanDefinitions
INFO: Loading XML bean definitions from class path resource [applicationContext.xml]
Oct 10, 2017 5:02:55 PM org.springframework.context.support.ClassPathXmlApplicationContext prepareRefresh
INFO: Refreshing org.springframework.context.support.ClassPathXmlApplicationContext@2248d140: startup date [Tue Oct 10 17:02:55 EDT 2017]; root of context hierarchy
Oct 10, 2017 5:02:55 PM org.springframework.beans.factory.xml.XmlBeanDefinitionReader loadBeanDefinitions
INFO: Loading XML bean definitions from class path resource [applicationContext.xml]
Oct 10, 2017 5:02:55 PM org.springframework.context.support.ClassPathXmlApplicationContext prepareRefresh
INFO: Refreshing org.springframework.context.support.ClassPathXmlApplicationContext@54496c2d: startup date [Tue Oct 10 17:02:55 EDT 2017]; root of context hierarchy
Oct 10, 2017 5:02:55 PM org.springframework.beans.factory.xml.XmlBeanDefinitionReader loadBeanDefinitions
INFO: Loading XML bean definitions from class path resource [applicationContext.xml]
Oct 10, 2017 5:02:55 PM org.springframework.context.support.ClassPathXmlApplicationContext prepareRefresh
INFO: Refreshing org.springframework.context.support.ClassPathXmlApplicationContext@66314fee: startup date [Tue Oct 10 17:02:55 EDT 2017]; root of context hierarchy
Oct 10, 2017 5:02:55 PM org.springframework.beans.factory.xml.XmlBeanDefinitionReader loadBeanDefinitions
INFO: Loading XML bean definitions from class path resource [applicationContext.xml]
Oct 10, 2017 5:02:55 PM org.springframework.context.support.ClassPathXmlApplicationContext prepareRefresh
INFO: Refreshing org.springframework.context.support.ClassPathXmlApplicationContext@4a0c3aa8: startup date [Tue Oct 10 17:02:55 EDT 2017]; root of context hierarchy
Oct 10, 2017 5:02:55 PM org.springframework.beans.factory.xml.XmlBeanDefinitionReader loadBeanDefinitions
INFO: Loading XML bean definitions from class path resource [applicationContext.xml]
Oct 10, 2017 5:02:55 PM org.springframework.context.support.ClassPathXmlApplicationContext prepareRefresh
INFO: Refreshing org.springframework.context.support.ClassPathXmlApplicationContext@10f8e2d2: startup date [Tue Oct 10 17:02:55 EDT 2017]; root of context hierarchy
Oct 10, 2017 5:02:55 PM org.springframework.beans.factory.xml.XmlBeanDefinitionReader loadBeanDefinitions
INFO: Loading XML bean definitions from class path resource [applicationContext.xml]
Oct 10, 2017 5:02:55 PM org.springframework.context.support.ClassPathXmlApplicationContext prepareRefresh
INFO: Refreshing org.springframework.context.support.ClassPathXmlApplicationContext@69f3e556: startup date [Tue Oct 10 17:02:55 EDT 2017]; root of context hierarchy
Oct 10, 2017 5:02:55 PM org.springframework.beans.factory.xml.XmlBeanDefinitionReader loadBeanDefinitions
INFO: Loading XML bean definitions from class path resource [applicationContext.xml]
Oct 10, 2017 5:02:55 PM org.springframework.context.support.ClassPathXmlApplicationContext prepareRefresh
INFO: Refreshing org.springframework.context.support.ClassPathXmlApplicationContext@638d2ce3: startup date [Tue Oct 10 17:02:55 EDT 2017]; root of context hierarchy
Oct 10, 2017 5:02:55 PM org.springframework.beans.factory.xml.XmlBeanDefinitionReader loadBeanDefinitions
INFO: Loading XML bean definitions from class path resource [applicationContext.xml]
Oct 10, 2017 5:02:55 PM org.springframework.context.support.ClassPathXmlApplicationContext prepareRefresh
INFO: Refreshing org.springframework.context.support.ClassPathXmlApplicationContext@6a04d2a4: startup date [Tue Oct 10 17:02:55 EDT 2017]; root of context hierarchy
Oct 10, 2017 5:02:55 PM org.springframework.beans.factory.xml.XmlBeanDefinitionReader loadBeanDefinitions
INFO: Loading XML bean definitions from class path resource [applicationContext.xml]
Oct 10, 2017 5:02:55 PM org.springframework.context.support.ClassPathXmlApplicationContext prepareRefresh
INFO: Refreshing org.springframework.context.support.ClassPathXmlApplicationContext@54286339: startup date [Tue Oct 10 17:02:55 EDT 2017]; root of context hierarchy
Oct 10, 2017 5:02:55 PM org.springframework.beans.factory.xml.XmlBeanDefinitionReader loadBeanDefinitions
INFO: Loading XML bean definitions from class path resource [applicationContext.xml]
Oct 10, 2017 5:02:55 PM org.springframework.context.support.ClassPathXmlApplicationContext prepareRefresh
INFO: Refreshing org.springframework.context.support.ClassPathXmlApplicationContext@2de7c84a: startup date [Tue Oct 10 17:02:55 EDT 2017]; root of context hierarchy
Oct 10, 2017 5:02:55 PM org.springframework.beans.factory.xml.XmlBeanDefinitionReader loadBeanDefinitions
INFO: Loading XML bean definitions from class path resource [applicationContext.xml]
Oct 10, 2017 5:02:55 PM org.springframework.context.support.ClassPathXmlApplicationContext prepareRefresh
INFO: Refreshing org.springframework.context.support.ClassPathXmlApplicationContext@3199a202: startup date [Tue Oct 10 17:02:55 EDT 2017]; root of context hierarchy
Oct 10, 2017 5:02:55 PM org.springframework.beans.factory.xml.XmlBeanDefinitionReader loadBeanDefinitions
INFO: Loading XML bean definitions from class path resource [applicationContext.xml]
Oct 10, 2017 5:02:55 PM org.springframework.context.support.ClassPathXmlApplicationContext prepareRefresh
INFO: Refreshing org.springframework.context.support.ClassPathXmlApplicationContext@6e017950: startup date [Tue Oct 10 17:02:55 EDT 2017]; root of context hierarchy
Oct 10, 2017 5:02:55 PM org.springframework.beans.factory.xml.XmlBeanDefinitionReader loadBeanDefinitions
INFO: Loading XML bean definitions from class path resource [applicationContext.xml]
Oct 10, 2017 5:02:55 PM org.springframework.context.support.ClassPathXmlApplicationContext prepareRefresh
INFO: Refreshing org.springframework.context.support.ClassPathXmlApplicationContext@708f7386: startup date [Tue Oct 10 17:02:55 EDT 2017]; root of context hierarchy
Oct 10, 2017 5:02:55 PM org.springframework.beans.factory.xml.XmlBeanDefinitionReader loadBeanDefinitions
INFO: Loading XML bean definitions from class path resource [applicationContext.xml]
Oct 10, 2017 5:02:55 PM org.springframework.context.support.ClassPathXmlApplicationContext prepareRefresh
INFO: Refreshing org.springframework.context.support.ClassPathXmlApplicationContext@12e2f5ab: startup date [Tue Oct 10 17:02:55 EDT 2017]; root of context hierarchy
Oct 10, 2017 5:02:55 PM org.springframework.beans.factory.xml.XmlBeanDefinitionReader loadBeanDefinitions
INFO: Loading XML bean definitions from class path resource [applicationContext.xml]
Oct 10, 2017 5:02:55 PM org.springframework.context.support.ClassPathXmlApplicationContext prepareRefresh
INFO: Refreshing org.springframework.context.support.ClassPathXmlApplicationContext@4654e373: startup date [Tue Oct 10 17:02:55 EDT 2017]; root of context hierarchy
Oct 10, 2017 5:02:55 PM org.springframework.beans.factory.xml.XmlBeanDefinitionReader loadBeanDefinitions
INFO: Loading XML bean definitions from class path resource [applicationContext.xml]
Oct 10, 2017 5:02:55 PM org.springframework.context.support.ClassPathXmlApplicationContext prepareRefresh
INFO: Refreshing org.springframework.context.support.ClassPathXmlApplicationContext@2a531637: startup date [Tue Oct 10 17:02:55 EDT 2017]; root of context hierarchy
Oct 10, 2017 5:02:55 PM org.springframework.beans.factory.xml.XmlBeanDefinitionReader loadBeanDefinitions
INFO: Loading XML bean definitions from class path resource [applicationContext.xml]
Oct 10, 2017 5:02:55 PM org.springframework.context.support.ClassPathXmlApplicationContext prepareRefresh
INFO: Refreshing org.springframework.context.support.ClassPathXmlApplicationContext@d978ab9: startup date [Tue Oct 10 17:02:55 EDT 2017]; root of context hierarchy
Oct 10, 2017 5:02:55 PM org.springframework.beans.factory.xml.XmlBeanDefinitionReader loadBeanDefinitions
INFO: Loading XML bean definitions from class path resource [applicationContext.xml]
Oct 10, 2017 5:02:55 PM org.springframework.context.support.ClassPathXmlApplicationContext prepareRefresh
INFO: Refreshing org.springframework.context.support.ClassPathXmlApplicationContext@6e0d058a: startup date [Tue Oct 10 17:02:55 EDT 2017]; root of context hierarchy
Oct 10, 2017 5:02:55 PM org.springframework.beans.factory.xml.XmlBeanDefinitionReader loadBeanDefinitions
INFO: Loading XML bean definitions from class path resource [applicationContext.xml]
Oct 10, 2017 5:02:55 PM org.springframework.context.support.ClassPathXmlApplicationContext prepareRefresh
INFO: Refreshing org.springframework.context.support.ClassPathXmlApplicationContext@3dad535f: startup date [Tue Oct 10 17:02:55 EDT 2017]; root of context hierarchy
Oct 10, 2017 5:02:55 PM org.springframework.beans.factory.xml.XmlBeanDefinitionReader loadBeanDefinitions
INFO: Loading XML bean definitions from class path resource [applicationContext.xml]
Oct 10, 2017 5:02:55 PM org.springframework.context.support.ClassPathXmlApplicationContext prepareRefresh
INFO: Refreshing org.springframework.context.support.ClassPathXmlApplicationContext@41026e5c: startup date [Tue Oct 10 17:02:55 EDT 2017]; root of context hierarchy
Oct 10, 2017 5:02:55 PM org.springframework.beans.factory.xml.XmlBeanDefinitionReader loadBeanDefinitions
INFO: Loading XML bean definitions from class path resource [applicationContext.xml]
Oct 10, 2017 5:02:55 PM org.springframework.context.support.ClassPathXmlApplicationContext prepareRefresh
INFO: Refreshing org.springframework.context.support.ClassPathXmlApplicationContext@361f26b4: startup date [Tue Oct 10 17:02:55 EDT 2017]; root of context hierarchy
Oct 10, 2017 5:02:55 PM org.springframework.beans.factory.xml.XmlBeanDefinitionReader loadBeanDefinitions
INFO: Loading XML bean definitions from class path resource [applicationContext.xml]
Oct 10, 2017 5:02:55 PM org.springframework.context.support.ClassPathXmlApplicationContext prepareRefresh
INFO: Refreshing org.springframework.context.support.ClassPathXmlApplicationContext@1a3c4b3e: startup date [Tue Oct 10 17:02:55 EDT 2017]; root of context hierarchy
Oct 10, 2017 5:02:55 PM org.springframework.beans.factory.xml.XmlBeanDefinitionReader loadBeanDefinitions
INFO: Loading XML bean definitions from class path resource [applicationContext.xml]
Oct 10, 2017 5:02:55 PM org.springframework.context.support.ClassPathXmlApplicationContext prepareRefresh
INFO: Refreshing org.springframework.context.support.ClassPathXmlApplicationContext@878feb2: startup date [Tue Oct 10 17:02:55 EDT 2017]; root of context hierarchy
Oct 10, 2017 5:02:55 PM org.springframework.beans.factory.xml.XmlBeanDefinitionReader loadBeanDefinitions
INFO: Loading XML bean definitions from class path resource [applicationContext.xml]
Oct 10, 2017 5:02:55 PM org.springframework.context.support.ClassPathXmlApplicationContext prepareRefresh
INFO: Refreshing org.springframework.context.support.ClassPathXmlApplicationContext@56f84c9b: startup date [Tue Oct 10 17:02:55 EDT 2017]; root of context hierarchy
Oct 10, 2017 5:02:55 PM org.springframework.beans.factory.xml.XmlBeanDefinitionReader loadBeanDefinitions
INFO: Loading XML bean definitions from class path resource [applicationContext.xml]
Oct 10, 2017 5:02:55 PM org.springframework.context.support.ClassPathXmlApplicationContext prepareRefresh
INFO: Refreshing org.springframework.context.support.ClassPathXmlApplicationContext@47d9c01: startup date [Tue Oct 10 17:02:55 EDT 2017]; root of context hierarchy
Oct 10, 2017 5:02:55 PM org.springframework.beans.factory.xml.XmlBeanDefinitionReader loadBeanDefinitions
INFO: Loading XML bean definitions from class path resource [applicationContext.xml]
Oct 10, 2017 5:02:55 PM org.springframework.context.support.ClassPathXmlApplicationContext prepareRefresh
INFO: Refreshing org.springframework.context.support.ClassPathXmlApplicationContext@32d1d6c5: startup date [Tue Oct 10 17:02:55 EDT 2017]; root of context hierarchy
Oct 10, 2017 5:02:55 PM org.springframework.beans.factory.xml.XmlBeanDefinitionReader loadBeanDefinitions
INFO: Loading XML bean definitions from class path resource [applicationContext.xml]
Oct 10, 2017 5:02:55 PM org.springframework.context.support.ClassPathXmlApplicationContext prepareRefresh
INFO: Refreshing org.springframework.context.support.ClassPathXmlApplicationContext@72237be8: startup date [Tue Oct 10 17:02:55 EDT 2017]; root of context hierarchy
Oct 10, 2017 5:02:55 PM org.springframework.beans.factory.xml.XmlBeanDefinitionReader loadBeanDefinitions
INFO: Loading XML bean definitions from class path resource [applicationContext.xml]
Oct 10, 2017 5:02:55 PM org.springframework.context.support.ClassPathXmlApplicationContext prepareRefresh
INFO: Refreshing org.springframework.context.support.ClassPathXmlApplicationContext@72c704f1: startup date [Tue Oct 10 17:02:55 EDT 2017]; root of context hierarchy
Oct 10, 2017 5:02:55 PM org.springframework.beans.factory.xml.XmlBeanDefinitionReader loadBeanDefinitions
INFO: Loading XML bean definitions from class path resource [applicationContext.xml]
Oct 10, 2017 5:02:55 PM org.springframework.context.support.ClassPathXmlApplicationContext prepareRefresh
INFO: Refreshing org.springframework.context.support.ClassPathXmlApplicationContext@4dd4965a: startup date [Tue Oct 10 17:02:55 EDT 2017]; root of context hierarchy
Oct 10, 2017 5:02:55 PM org.springframework.beans.factory.xml.XmlBeanDefinitionReader loadBeanDefinitions
INFO: Loading XML bean definitions from class path resource [applicationContext.xml]
Oct 10, 2017 5:02:55 PM org.springframework.context.support.ClassPathXmlApplicationContext prepareRefresh
INFO: Refreshing org.springframework.context.support.ClassPathXmlApplicationContext@5bccaedb: startup date [Tue Oct 10 17:02:55 EDT 2017]; root of context hierarchy
Oct 10, 2017 5:02:55 PM org.springframework.beans.factory.xml.XmlBeanDefinitionReader loadBeanDefinitions
INFO: Loading XML bean definitions from class path resource [applicationContext.xml]
Oct 10, 2017 5:02:55 PM org.springframework.context.support.ClassPathXmlApplicationContext prepareRefresh
INFO: Refreshing org.springframework.context.support.ClassPathXmlApplicationContext@7296fe0b: startup date [Tue Oct 10 17:02:55 EDT 2017]; root of context hierarchy
Oct 10, 2017 5:02:55 PM org.springframework.beans.factory.xml.XmlBeanDefinitionReader loadBeanDefinitions
INFO: Loading XML bean definitions from class path resource [applicationContext.xml]
Oct 10, 2017 5:02:55 PM org.springframework.context.support.ClassPathXmlApplicationContext prepareRefresh
INFO: Refreshing org.springframework.context.support.ClassPathXmlApplicationContext@670c171c: startup date [Tue Oct 10 17:02:55 EDT 2017]; root of context hierarchy
Oct 10, 2017 5:02:55 PM org.springframework.beans.factory.xml.XmlBeanDefinitionReader loadBeanDefinitions
INFO: Loading XML bean definitions from class path resource [applicationContext.xml]
Oct 10, 2017 5:02:55 PM org.springframework.context.support.ClassPathXmlApplicationContext prepareRefresh
INFO: Refreshing org.springframework.context.support.ClassPathXmlApplicationContext@4dffff9: startup date [Tue Oct 10 17:02:55 EDT 2017]; root of context hierarchy
Oct 10, 2017 5:02:55 PM org.springframework.beans.factory.xml.XmlBeanDefinitionReader loadBeanDefinitions
INFO: Loading XML bean definitions from class path resource [applicationContext.xml]
Oct 10, 2017 5:02:55 PM org.springframework.context.support.ClassPathXmlApplicationContext prepareRefresh
INFO: Refreshing org.springframework.context.support.ClassPathXmlApplicationContext@1d8dbf10: startup date [Tue Oct 10 17:02:55 EDT 2017]; root of context hierarchy
Oct 10, 2017 5:02:55 PM org.springframework.beans.factory.xml.XmlBeanDefinitionReader loadBeanDefinitions
INFO: Loading XML bean definitions from class path resource [applicationContext.xml]
Oct 10, 2017 5:02:55 PM org.springframework.context.support.ClassPathXmlApplicationContext prepareRefresh
INFO: Refreshing org.springframework.context.support.ClassPathXmlApplicationContext@13714753: startup date [Tue Oct 10 17:02:55 EDT 2017]; root of context hierarchy
Oct 10, 2017 5:02:55 PM org.springframework.beans.factory.xml.XmlBeanDefinitionReader loadBeanDefinitions
INFO: Loading XML bean definitions from class path resource [applicationContext.xml]
Oct 10, 2017 5:02:55 PM org.springframework.context.support.ClassPathXmlApplicationContext prepareRefresh
INFO: Refreshing org.springframework.context.support.ClassPathXmlApplicationContext@2792c28: startup date [Tue Oct 10 17:02:55 EDT 2017]; root of context hierarchy
Oct 10, 2017 5:02:55 PM org.springframework.beans.factory.xml.XmlBeanDefinitionReader loadBeanDefinitions
INFO: Loading XML bean definitions from class path resource [applicationContext.xml]
Oct 10, 2017 5:02:55 PM org.springframework.context.support.ClassPathXmlApplicationContext prepareRefresh
INFO: Refreshing org.springframework.context.support.ClassPathXmlApplicationContext@5ca4c88a: startup date [Tue Oct 10 17:02:55 EDT 2017]; root of context hierarchy
Oct 10, 2017 5:02:55 PM org.springframework.beans.factory.xml.XmlBeanDefinitionReader loadBeanDefinitions
INFO: Loading XML bean definitions from class path resource [applicationContext.xml]
Oct 10, 2017 5:02:55 PM org.springframework.context.support.ClassPathXmlApplicationContext prepareRefresh
INFO: Refreshing org.springframework.context.support.ClassPathXmlApplicationContext@61bd0845: startup date [Tue Oct 10 17:02:55 EDT 2017]; root of context hierarchy
Oct 10, 2017 5:02:55 PM org.springframework.beans.factory.xml.XmlBeanDefinitionReader loadBeanDefinitions
INFO: Loading XML bean definitions from class path resource [applicationContext.xml]
Oct 10, 2017 5:02:55 PM org.springframework.context.support.ClassPathXmlApplicationContext prepareRefresh
INFO: Refreshing org.springframework.context.support.ClassPathXmlApplicationContext@7e94de5f: startup date [Tue Oct 10 17:02:55 EDT 2017]; root of context hierarchy
Oct 10, 2017 5:02:55 PM org.springframework.beans.factory.xml.XmlBeanDefinitionReader loadBeanDefinitions
INFO: Loading XML bean definitions from class path resource [applicationContext.xml]
Oct 10, 2017 5:02:55 PM org.springframework.context.support.ClassPathXmlApplicationContext prepareRefresh
INFO: Refreshing org.springframework.context.support.ClassPathXmlApplicationContext@278cb145: startup date [Tue Oct 10 17:02:55 EDT 2017]; root of context hierarchy
Oct 10, 2017 5:02:55 PM org.springframework.beans.factory.xml.XmlBeanDefinitionReader loadBeanDefinitions
INFO: Loading XML bean definitions from class path resource [applicationContext.xml]
Oct 10, 2017 5:02:55 PM org.springframework.context.support.ClassPathXmlApplicationContext prepareRefresh
INFO: Refreshing org.springframework.context.support.ClassPathXmlApplicationContext@4a5fab78: startup date [Tue Oct 10 17:02:55 EDT 2017]; root of context hierarchy
Oct 10, 2017 5:02:55 PM org.springframework.beans.factory.xml.XmlBeanDefinitionReader loadBeanDefinitions
INFO: Loading XML bean definitions from class path resource [applicationContext.xml]
Oct 10, 2017 5:02:55 PM org.springframework.context.support.ClassPathXmlApplicationContext prepareRefresh
INFO: Refreshing org.springframework.context.support.ClassPathXmlApplicationContext@6706da3d: startup date [Tue Oct 10 17:02:55 EDT 2017]; root of context hierarchy
Oct 10, 2017 5:02:55 PM org.springframework.beans.factory.xml.XmlBeanDefinitionReader loadBeanDefinitions
INFO: Loading XML bean definitions from class path resource [applicationContext.xml]
Oct 10, 2017 5:02:55 PM org.springframework.context.support.ClassPathXmlApplicationContext prepareRefresh
INFO: Refreshing org.springframework.context.support.ClassPathXmlApplicationContext@6159fb3c: startup date [Tue Oct 10 17:02:55 EDT 2017]; root of context hierarchy
Oct 10, 2017 5:02:55 PM org.springframework.beans.factory.xml.XmlBeanDefinitionReader loadBeanDefinitions
INFO: Loading XML bean definitions from class path resource [applicationContext.xml]
Oct 10, 2017 5:02:55 PM org.springframework.context.support.ClassPathXmlApplicationContext prepareRefresh
INFO: Refreshing org.springframework.context.support.ClassPathXmlApplicationContext@1534bdc6: startup date [Tue Oct 10 17:02:55 EDT 2017]; root of context hierarchy
Oct 10, 2017 5:02:55 PM org.springframework.beans.factory.xml.XmlBeanDefinitionReader loadBeanDefinitions
INFO: Loading XML bean definitions from class path resource [applicationContext.xml]
Oct 10, 2017 5:02:55 PM org.springframework.context.support.ClassPathXmlApplicationContext prepareRefresh
INFO: Refreshing org.springframework.context.support.ClassPathXmlApplicationContext@28cf179c: startup date [Tue Oct 10 17:02:55 EDT 2017]; root of context hierarchy
Oct 10, 2017 5:02:55 PM org.springframework.beans.factory.xml.XmlBeanDefinitionReader loadBeanDefinitions
INFO: Loading XML bean definitions from class path resource [applicationContext.xml]
Oct 10, 2017 5:02:55 PM org.springframework.context.support.ClassPathXmlApplicationContext prepareRefresh
INFO: Refreshing org.springframework.context.support.ClassPathXmlApplicationContext@79135a38: startup date [Tue Oct 10 17:02:55 EDT 2017]; root of context hierarchy
Oct 10, 2017 5:02:55 PM org.springframework.beans.factory.xml.XmlBeanDefinitionReader loadBeanDefinitions
INFO: Loading XML bean definitions from class path resource [applicationContext.xml]
Oct 10, 2017 5:02:55 PM org.springframework.context.support.ClassPathXmlApplicationContext prepareRefresh
INFO: Refreshing org.springframework.context.support.ClassPathXmlApplicationContext@626df173: startup date [Tue Oct 10 17:02:55 EDT 2017]; root of context hierarchy
Oct 10, 2017 5:02:55 PM org.springframework.beans.factory.xml.XmlBeanDefinitionReader loadBeanDefinitions
INFO: Loading XML bean definitions from class path resource [applicationContext.xml]
Oct 10, 2017 5:02:55 PM org.springframework.context.support.ClassPathXmlApplicationContext prepareRefresh
INFO: Refreshing org.springframework.context.support.ClassPathXmlApplicationContext@1bcb8599: startup date [Tue Oct 10 17:02:55 EDT 2017]; root of context hierarchy
Oct 10, 2017 5:02:55 PM org.springframework.beans.factory.xml.XmlBeanDefinitionReader loadBeanDefinitions
INFO: Loading XML bean definitions from class path resource [applicationContext.xml]
Oct 10, 2017 5:02:56 PM org.springframework.context.support.ClassPathXmlApplicationContext prepareRefresh
INFO: Refreshing org.springframework.context.support.ClassPathXmlApplicationContext@4bdef487: startup date [Tue Oct 10 17:02:56 EDT 2017]; root of context hierarchy
Oct 10, 2017 5:02:56 PM org.springframework.beans.factory.xml.XmlBeanDefinitionReader loadBeanDefinitions
INFO: Loading XML bean definitions from class path resource [applicationContext.xml]
Oct 10, 2017 5:02:56 PM org.springframework.context.support.ClassPathXmlApplicationContext prepareRefresh
INFO: Refreshing org.springframework.context.support.ClassPathXmlApplicationContext@4e6280de: startup date [Tue Oct 10 17:02:56 EDT 2017]; root of context hierarchy
Oct 10, 2017 5:02:56 PM org.springframework.beans.factory.xml.XmlBeanDefinitionReader loadBeanDefinitions
INFO: Loading XML bean definitions from class path resource [applicationContext.xml]
Oct 10, 2017 5:02:56 PM org.springframework.context.support.ClassPathXmlApplicationContext prepareRefresh
INFO: Refreshing org.springframework.context.support.ClassPathXmlApplicationContext@4a0c512b: startup date [Tue Oct 10 17:02:56 EDT 2017]; root of context hierarchy
Oct 10, 2017 5:02:56 PM org.springframework.beans.factory.xml.XmlBeanDefinitionReader loadBeanDefinitions
INFO: Loading XML bean definitions from class path resource [applicationContext.xml]
Oct 10, 2017 5:02:56 PM org.springframework.context.support.ClassPathXmlApplicationContext prepareRefresh
INFO: Refreshing org.springframework.context.support.ClassPathXmlApplicationContext@1071ae7c: startup date [Tue Oct 10 17:02:56 EDT 2017]; root of context hierarchy
Oct 10, 2017 5:02:56 PM org.springframework.beans.factory.xml.XmlBeanDefinitionReader loadBeanDefinitions
INFO: Loading XML bean definitions from class path resource [applicationContext.xml]
Oct 10, 2017 5:02:56 PM org.springframework.context.support.ClassPathXmlApplicationContext prepareRefresh
INFO: Refreshing org.springframework.context.support.ClassPathXmlApplicationContext@696298ea: startup date [Tue Oct 10 17:02:56 EDT 2017]; root of context hierarchy
Oct 10, 2017 5:02:56 PM org.springframework.beans.factory.xml.XmlBeanDefinitionReader loadBeanDefinitions
INFO: Loading XML bean definitions from class path resource [applicationContext.xml]
Oct 10, 2017 5:02:56 PM org.springframework.context.support.ClassPathXmlApplicationContext prepareRefresh
INFO: Refreshing org.springframework.context.support.ClassPathXmlApplicationContext@bd28c86: startup date [Tue Oct 10 17:02:56 EDT 2017]; root of context hierarchy
Oct 10, 2017 5:02:56 PM org.springframework.beans.factory.xml.XmlBeanDefinitionReader loadBeanDefinitions
INFO: Loading XML bean definitions from class path resource [applicationContext.xml]
Oct 10, 2017 5:02:56 PM org.springframework.context.support.ClassPathXmlApplicationContext prepareRefresh
INFO: Refreshing org.springframework.context.support.ClassPathXmlApplicationContext@3514237f: startup date [Tue Oct 10 17:02:56 EDT 2017]; root of context hierarchy
Oct 10, 2017 5:02:56 PM org.springframework.beans.factory.xml.XmlBeanDefinitionReader loadBeanDefinitions
INFO: Loading XML bean definitions from class path resource [applicationContext.xml]
Oct 10, 2017 5:02:56 PM org.springframework.context.support.ClassPathXmlApplicationContext prepareRefresh
INFO: Refreshing org.springframework.context.support.ClassPathXmlApplicationContext@7aa63f50: startup date [Tue Oct 10 17:02:56 EDT 2017]; root of context hierarchy
Oct 10, 2017 5:02:56 PM org.springframework.beans.factory.xml.XmlBeanDefinitionReader loadBeanDefinitions
INFO: Loading XML bean definitions from class path resource [applicationContext.xml]
</system-err>
  </testcase>
  <testcase classname="com.sg.flooringmastery.dao.FMOrderDaoTest" name="testDoesDateExist" time="0.001">
    <error message="org.springframework.beans.FatalBeanException" type="java.lang.NoClassDefFoundError">java.lang.NoClassDefFoundError: org.springframework.beans.FatalBeanException
	at org.springframework.beans.factory.support.AbstractAutowireCapableBeanFactory.instantiateBean(AbstractAutowireCapableBeanFactory.java:1154)
	at org.springframework.beans.factory.support.AbstractAutowireCapableBeanFactory.createBeanInstance(AbstractAutowireCapableBeanFactory.java:1099)
	at org.springframework.beans.factory.support.AbstractAutowireCapableBeanFactory.doCreateBean(AbstractAutowireCapableBeanFactory.java:513)
	at org.springframework.beans.factory.support.AbstractAutowireCapableBeanFactory.createBean(AbstractAutowireCapableBeanFactory.java:483)
	at org.springframework.beans.factory.support.AbstractBeanFactory$1.getObject(AbstractBeanFactory.java:306)
	at org.springframework.beans.factory.support.DefaultSingletonBeanRegistry.getSingleton(DefaultSingletonBeanRegistry.java:230)
	at org.springframework.beans.factory.support.AbstractBeanFactory.doGetBean(AbstractBeanFactory.java:302)
	at org.springframework.beans.factory.support.AbstractBeanFactory.getBean(AbstractBeanFactory.java:197)
	at org.springframework.beans.factory.support.DefaultListableBeanFactory.preInstantiateSingletons(DefaultListableBeanFactory.java:761)
	at org.springframework.context.support.AbstractApplicationContext.finishBeanFactoryInitialization(AbstractApplicationContext.java:867)
	at org.springframework.context.support.AbstractApplicationContext.refresh(AbstractApplicationContext.java:543)
	at org.springframework.context.support.ClassPathXmlApplicationContext.&lt;init&gt;(ClassPathXmlApplicationContext.java:139)
	at org.springframework.context.support.ClassPathXmlApplicationContext.&lt;init&gt;(ClassPathXmlApplicationContext.java:83)
	at com.sg.flooringmastery.dao.FMOrderDaoTest.&lt;init&gt;(FMOrderDaoTest.java:31)
	at sun.reflect.NativeConstructorAccessorImpl.newInstance0(Native Method)
	at sun.reflect.NativeConstructorAccessorImpl.newInstance(NativeConstructorAccessorImpl.java:62)
	at sun.reflect.DelegatingConstructorAccessorImpl.newInstance(DelegatingConstructorAccessorImpl.java:45)
	at java.lang.reflect.Constructor.newInstance(Constructor.java:423)
	at org.junit.runners.BlockJUnit4ClassRunner.createTest(BlockJUnit4ClassRunner.java:217)
	at org.junit.runners.BlockJUnit4ClassRunner$1.runReflectiveCall(BlockJUnit4ClassRunner.java:266)
	at org.junit.internal.runners.model.ReflectiveCallable.run(ReflectiveCallable.java:12)
	at org.junit.runners.BlockJUnit4ClassRunner.methodBlock(BlockJUnit4ClassRunner.java:263)
	at org.junit.runners.BlockJUnit4ClassRunner.runChild(BlockJUnit4ClassRunner.java:78)
	at org.junit.runners.BlockJUnit4ClassRunner.runChild(BlockJUnit4ClassRunner.java:57)
	at org.junit.runners.ParentRunner$3.run(ParentRunner.java:290)
	at org.junit.runners.ParentRunner$1.schedule(ParentRunner.java:71)
	at org.junit.runners.ParentRunner.runChildren(ParentRunner.java:288)
	at org.junit.runners.ParentRunner.access$000(ParentRunner.java:58)
	at org.junit.runners.ParentRunner$2.evaluate(ParentRunner.java:268)
	at org.junit.runners.ParentRunner.run(ParentRunner.java:363)
	at org.apache.maven.surefire.junit4.JUnit4Provider.execute(JUnit4Provider.java:252)
	at org.apache.maven.surefire.junit4.JUnit4Provider.executeTestSet(JUnit4Provider.java:141)
	at org.apache.maven.surefire.junit4.JUnit4Provider.invoke(JUnit4Provider.java:112)
	at sun.reflect.NativeMethodAccessorImpl.invoke0(Native Method)
	at sun.reflect.NativeMethodAccessorImpl.invoke(NativeMethodAccessorImpl.java:62)
	at sun.reflect.DelegatingMethodAccessorImpl.invoke(DelegatingMethodAccessorImpl.java:43)
	at java.lang.reflect.Method.invoke(Method.java:498)
	at org.apache.maven.surefire.util.ReflectionUtils.invokeMethodWithArray(ReflectionUtils.java:189)
	at org.apache.maven.surefire.booter.ProviderFactory$ProviderProxy.invoke(ProviderFactory.java:165)
	at org.apache.maven.surefire.booter.ProviderFactory.invokeProvider(ProviderFactory.java:85)
	at org.apache.maven.surefire.booter.ForkedBooter.runSuitesInProcess(ForkedBooter.java:115)
	at org.apache.maven.surefire.booter.ForkedBooter.main(ForkedBooter.java:75)
</error>
    <system-err>Oct 10, 2017 5:02:56 PM org.springframework.context.support.ClassPathXmlApplicationContext prepareRefresh
INFO: Refreshing org.springframework.context.support.ClassPathXmlApplicationContext@6eab92f3: startup date [Tue Oct 10 17:02:56 EDT 2017]; root of context hierarchy
Oct 10, 2017 5:02:56 PM org.springframework.beans.factory.xml.XmlBeanDefinitionReader loadBeanDefinitions
INFO: Loading XML bean definitions from class path resource [applicationContext.xml]
Oct 10, 2017 5:02:56 PM org.springframework.context.support.ClassPathXmlApplicationContext prepareRefresh
INFO: Refreshing org.springframework.context.support.ClassPathXmlApplicationContext@64508788: startup date [Tue Oct 10 17:02:56 EDT 2017]; root of context hierarchy
Oct 10, 2017 5:02:56 PM org.springframework.beans.factory.xml.XmlBeanDefinitionReader loadBeanDefinitions
INFO: Loading XML bean definitions from class path resource [applicationContext.xml]
Oct 10, 2017 5:02:56 PM org.springframework.context.support.ClassPathXmlApplicationContext prepareRefresh
INFO: Refreshing org.springframework.context.support.ClassPathXmlApplicationContext@999cd18: startup date [Tue Oct 10 17:02:56 EDT 2017]; root of context hierarchy
Oct 10, 2017 5:02:56 PM org.springframework.beans.factory.xml.XmlBeanDefinitionReader loadBeanDefinitions
INFO: Loading XML bean definitions from class path resource [applicationContext.xml]
Oct 10, 2017 5:02:56 PM org.springframework.context.support.ClassPathXmlApplicationContext prepareRefresh
INFO: Refreshing org.springframework.context.support.ClassPathXmlApplicationContext@13a9cdae: startup date [Tue Oct 10 17:02:56 EDT 2017]; root of context hierarchy
Oct 10, 2017 5:02:56 PM org.springframework.beans.factory.xml.XmlBeanDefinitionReader loadBeanDefinitions
INFO: Loading XML bean definitions from class path resource [applicationContext.xml]
Oct 10, 2017 5:02:56 PM org.springframework.context.support.ClassPathXmlApplicationContext prepareRefresh
INFO: Refreshing org.springframework.context.support.ClassPathXmlApplicationContext@1805ca5c: startup date [Tue Oct 10 17:02:56 EDT 2017]; root of context hierarchy
Oct 10, 2017 5:02:56 PM org.springframework.beans.factory.xml.XmlBeanDefinitionReader loadBeanDefinitions
INFO: Loading XML bean definitions from class path resource [applicationContext.xml]
Oct 10, 2017 5:02:56 PM org.springframework.context.support.ClassPathXmlApplicationContext prepareRefresh
INFO: Refreshing org.springframework.context.support.ClassPathXmlApplicationContext@3991fe6d: startup date [Tue Oct 10 17:02:56 EDT 2017]; root of context hierarchy
Oct 10, 2017 5:02:56 PM org.springframework.beans.factory.xml.XmlBeanDefinitionReader loadBeanDefinitions
INFO: Loading XML bean definitions from class path resource [applicationContext.xml]
Oct 10, 2017 5:02:56 PM org.springframework.context.support.ClassPathXmlApplicationContext prepareRefresh
INFO: Refreshing org.springframework.context.support.ClassPathXmlApplicationContext@2a504ea7: startup date [Tue Oct 10 17:02:56 EDT 2017]; root of context hierarchy
Oct 10, 2017 5:02:56 PM org.springframework.beans.factory.xml.XmlBeanDefinitionReader loadBeanDefinitions
INFO: Loading XML bean definitions from class path resource [applicationContext.xml]
Oct 10, 2017 5:02:56 PM org.springframework.context.support.ClassPathXmlApplicationContext prepareRefresh
INFO: Refreshing org.springframework.context.support.ClassPathXmlApplicationContext@5d68be4f: startup date [Tue Oct 10 17:02:56 EDT 2017]; root of context hierarchy
Oct 10, 2017 5:02:56 PM org.springframework.beans.factory.xml.XmlBeanDefinitionReader loadBeanDefinitions
INFO: Loading XML bean definitions from class path resource [applicationContext.xml]
Oct 10, 2017 5:02:56 PM org.springframework.context.support.ClassPathXmlApplicationContext prepareRefresh
INFO: Refreshing org.springframework.context.support.ClassPathXmlApplicationContext@4cded2cd: startup date [Tue Oct 10 17:02:56 EDT 2017]; root of context hierarchy
Oct 10, 2017 5:02:56 PM org.springframework.beans.factory.xml.XmlBeanDefinitionReader loadBeanDefinitions
INFO: Loading XML bean definitions from class path resource [applicationContext.xml]
Oct 10, 2017 5:02:56 PM org.springframework.context.support.ClassPathXmlApplicationContext prepareRefresh
INFO: Refreshing org.springframework.context.support.ClassPathXmlApplicationContext@418d1c03: startup date [Tue Oct 10 17:02:56 EDT 2017]; root of context hierarchy
Oct 10, 2017 5:02:56 PM org.springframework.beans.factory.xml.XmlBeanDefinitionReader loadBeanDefinitions
INFO: Loading XML bean definitions from class path resource [applicationContext.xml]
Oct 10, 2017 5:02:56 PM org.springframework.context.support.ClassPathXmlApplicationContext prepareRefresh
INFO: Refreshing org.springframework.context.support.ClassPathXmlApplicationContext@77fb1002: startup date [Tue Oct 10 17:02:56 EDT 2017]; root of context hierarchy
Oct 10, 2017 5:02:56 PM org.springframework.beans.factory.xml.XmlBeanDefinitionReader loadBeanDefinitions
INFO: Loading XML bean definitions from class path resource [applicationContext.xml]
Oct 10, 2017 5:02:56 PM org.springframework.context.support.ClassPathXmlApplicationContext prepareRefresh
INFO: Refreshing org.springframework.context.support.ClassPathXmlApplicationContext@3bf26810: startup date [Tue Oct 10 17:02:56 EDT 2017]; root of context hierarchy
Oct 10, 2017 5:02:56 PM org.springframework.beans.factory.xml.XmlBeanDefinitionReader loadBeanDefinitions
INFO: Loading XML bean definitions from class path resource [applicationContext.xml]
Oct 10, 2017 5:02:56 PM org.springframework.context.support.ClassPathXmlApplicationContext prepareRefresh
INFO: Refreshing org.springframework.context.support.ClassPathXmlApplicationContext@1293f8d7: startup date [Tue Oct 10 17:02:56 EDT 2017]; root of context hierarchy
Oct 10, 2017 5:02:56 PM org.springframework.beans.factory.xml.XmlBeanDefinitionReader loadBeanDefinitions
INFO: Loading XML bean definitions from class path resource [applicationContext.xml]
Oct 10, 2017 5:02:56 PM org.springframework.context.support.ClassPathXmlApplicationContext prepareRefresh
INFO: Refreshing org.springframework.context.support.ClassPathXmlApplicationContext@5807ea46: startup date [Tue Oct 10 17:02:56 EDT 2017]; root of context hierarchy
Oct 10, 2017 5:02:56 PM org.springframework.beans.factory.xml.XmlBeanDefinitionReader loadBeanDefinitions
INFO: Loading XML bean definitions from class path resource [applicationContext.xml]
Oct 10, 2017 5:02:56 PM org.springframework.context.support.ClassPathXmlApplicationContext prepareRefresh
INFO: Refreshing org.springframework.context.support.ClassPathXmlApplicationContext@6516181f: startup date [Tue Oct 10 17:02:56 EDT 2017]; root of context hierarchy
Oct 10, 2017 5:02:56 PM org.springframework.beans.factory.xml.XmlBeanDefinitionReader loadBeanDefinitions
INFO: Loading XML bean definitions from class path resource [applicationContext.xml]
Oct 10, 2017 5:02:56 PM org.springframework.context.support.ClassPathXmlApplicationContext prepareRefresh
INFO: Refreshing org.springframework.context.support.ClassPathXmlApplicationContext@5bb39285: startup date [Tue Oct 10 17:02:56 EDT 2017]; root of context hierarchy
Oct 10, 2017 5:02:56 PM org.springframework.beans.factory.xml.XmlBeanDefinitionReader loadBeanDefinitions
INFO: Loading XML bean definitions from class path resource [applicationContext.xml]
Oct 10, 2017 5:02:56 PM org.springframework.context.support.ClassPathXmlApplicationContext prepareRefresh
INFO: Refreshing org.springframework.context.support.ClassPathXmlApplicationContext@3b4f1eb: startup date [Tue Oct 10 17:02:56 EDT 2017]; root of context hierarchy
Oct 10, 2017 5:02:56 PM org.springframework.beans.factory.xml.XmlBeanDefinitionReader loadBeanDefinitions
INFO: Loading XML bean definitions from class path resource [applicationContext.xml]
Oct 10, 2017 5:02:56 PM org.springframework.context.support.ClassPathXmlApplicationContext prepareRefresh
INFO: Refreshing org.springframework.context.support.ClassPathXmlApplicationContext@1736273c: startup date [Tue Oct 10 17:02:56 EDT 2017]; root of context hierarchy
Oct 10, 2017 5:02:56 PM org.springframework.beans.factory.xml.XmlBeanDefinitionReader loadBeanDefinitions
INFO: Loading XML bean definitions from class path resource [applicationContext.xml]
Oct 10, 2017 5:02:56 PM org.springframework.context.support.ClassPathXmlApplicationContext prepareRefresh
INFO: Refreshing org.springframework.context.support.ClassPathXmlApplicationContext@2d705998: startup date [Tue Oct 10 17:02:56 EDT 2017]; root of context hierarchy
Oct 10, 2017 5:02:56 PM org.springframework.beans.factory.xml.XmlBeanDefinitionReader loadBeanDefinitions
INFO: Loading XML bean definitions from class path resource [applicationContext.xml]
Oct 10, 2017 5:02:56 PM org.springframework.context.support.ClassPathXmlApplicationContext prepareRefresh
INFO: Refreshing org.springframework.context.support.ClassPathXmlApplicationContext@7ebfe01a: startup date [Tue Oct 10 17:02:56 EDT 2017]; root of context hierarchy
Oct 10, 2017 5:02:56 PM org.springframework.beans.factory.xml.XmlBeanDefinitionReader loadBeanDefinitions
INFO: Loading XML bean definitions from class path resource [applicationContext.xml]
Oct 10, 2017 5:02:56 PM org.springframework.context.support.ClassPathXmlApplicationContext prepareRefresh
INFO: Refreshing org.springframework.context.support.ClassPathXmlApplicationContext@5751e53e: startup date [Tue Oct 10 17:02:56 EDT 2017]; root of context hierarchy
Oct 10, 2017 5:02:56 PM org.springframework.beans.factory.xml.XmlBeanDefinitionReader loadBeanDefinitions
INFO: Loading XML bean definitions from class path resource [applicationContext.xml]
Oct 10, 2017 5:02:56 PM org.springframework.context.support.ClassPathXmlApplicationContext prepareRefresh
INFO: Refreshing org.springframework.context.support.ClassPathXmlApplicationContext@18f4086e: startup date [Tue Oct 10 17:02:56 EDT 2017]; root of context hierarchy
Oct 10, 2017 5:02:56 PM org.springframework.beans.factory.xml.XmlBeanDefinitionReader loadBeanDefinitions
INFO: Loading XML bean definitions from class path resource [applicationContext.xml]
Oct 10, 2017 5:02:56 PM org.springframework.context.support.ClassPathXmlApplicationContext prepareRefresh
INFO: Refreshing org.springframework.context.support.ClassPathXmlApplicationContext@7474196: startup date [Tue Oct 10 17:02:56 EDT 2017]; root of context hierarchy
Oct 10, 2017 5:02:56 PM org.springframework.beans.factory.xml.XmlBeanDefinitionReader loadBeanDefinitions
INFO: Loading XML bean definitions from class path resource [applicationContext.xml]
Oct 10, 2017 5:02:56 PM org.springframework.context.support.ClassPathXmlApplicationContext prepareRefresh
INFO: Refreshing org.springframework.context.support.ClassPathXmlApplicationContext@17dbca0a: startup date [Tue Oct 10 17:02:56 EDT 2017]; root of context hierarchy
Oct 10, 2017 5:02:56 PM org.springframework.beans.factory.xml.XmlBeanDefinitionReader loadBeanDefinitions
INFO: Loading XML bean definitions from class path resource [applicationContext.xml]
Oct 10, 2017 5:02:56 PM org.springframework.context.support.ClassPathXmlApplicationContext prepareRefresh
INFO: Refreshing org.springframework.context.support.ClassPathXmlApplicationContext@55e4dd68: startup date [Tue Oct 10 17:02:56 EDT 2017]; root of context hierarchy
Oct 10, 2017 5:02:56 PM org.springframework.beans.factory.xml.XmlBeanDefinitionReader loadBeanDefinitions
INFO: Loading XML bean definitions from class path resource [applicationContext.xml]
Oct 10, 2017 5:02:56 PM org.springframework.context.support.ClassPathXmlApplicationContext prepareRefresh
INFO: Refreshing org.springframework.context.support.ClassPathXmlApplicationContext@a251135: startup date [Tue Oct 10 17:02:56 EDT 2017]; root of context hierarchy
Oct 10, 2017 5:02:56 PM org.springframework.beans.factory.xml.XmlBeanDefinitionReader loadBeanDefinitions
INFO: Loading XML bean definitions from class path resource [applicationContext.xml]
Oct 10, 2017 5:02:56 PM org.springframework.context.support.ClassPathXmlApplicationContext prepareRefresh
INFO: Refreshing org.springframework.context.support.ClassPathXmlApplicationContext@59a3eaf7: startup date [Tue Oct 10 17:02:56 EDT 2017]; root of context hierarchy
Oct 10, 2017 5:02:56 PM org.springframework.beans.factory.xml.XmlBeanDefinitionReader loadBeanDefinitions
INFO: Loading XML bean definitions from class path resource [applicationContext.xml]
Oct 10, 2017 5:02:56 PM org.springframework.context.support.ClassPathXmlApplicationContext prepareRefresh
INFO: Refreshing org.springframework.context.support.ClassPathXmlApplicationContext@4b475742: startup date [Tue Oct 10 17:02:56 EDT 2017]; root of context hierarchy
Oct 10, 2017 5:02:56 PM org.springframework.beans.factory.xml.XmlBeanDefinitionReader loadBeanDefinitions
INFO: Loading XML bean definitions from class path resource [applicationContext.xml]
Oct 10, 2017 5:02:56 PM org.springframework.context.support.ClassPathXmlApplicationContext prepareRefresh
INFO: Refreshing org.springframework.context.support.ClassPathXmlApplicationContext@73d8c8d7: startup date [Tue Oct 10 17:02:56 EDT 2017]; root of context hierarchy
Oct 10, 2017 5:02:56 PM org.springframework.beans.factory.xml.XmlBeanDefinitionReader loadBeanDefinitions
INFO: Loading XML bean definitions from class path resource [applicationContext.xml]
Oct 10, 2017 5:02:56 PM org.springframework.context.support.ClassPathXmlApplicationContext prepareRefresh
INFO: Refreshing org.springframework.context.support.ClassPathXmlApplicationContext@2c465259: startup date [Tue Oct 10 17:02:56 EDT 2017]; root of context hierarchy
Oct 10, 2017 5:02:56 PM org.springframework.beans.factory.xml.XmlBeanDefinitionReader loadBeanDefinitions
INFO: Loading XML bean definitions from class path resource [applicationContext.xml]
Oct 10, 2017 5:02:56 PM org.springframework.context.support.ClassPathXmlApplicationContext prepareRefresh
INFO: Refreshing org.springframework.context.support.ClassPathXmlApplicationContext@63b58ff4: startup date [Tue Oct 10 17:02:56 EDT 2017]; root of context hierarchy
Oct 10, 2017 5:02:56 PM org.springframework.beans.factory.xml.XmlBeanDefinitionReader loadBeanDefinitions
INFO: Loading XML bean definitions from class path resource [applicationContext.xml]
Oct 10, 2017 5:02:56 PM org.springframework.context.support.ClassPathXmlApplicationContext prepareRefresh
INFO: Refreshing org.springframework.context.support.ClassPathXmlApplicationContext@593f7d2e: startup date [Tue Oct 10 17:02:56 EDT 2017]; root of context hierarchy
Oct 10, 2017 5:02:56 PM org.springframework.beans.factory.xml.XmlBeanDefinitionReader loadBeanDefinitions
INFO: Loading XML bean definitions from class path resource [applicationContext.xml]
Oct 10, 2017 5:02:56 PM org.springframework.context.support.ClassPathXmlApplicationContext prepareRefresh
INFO: Refreshing org.springframework.context.support.ClassPathXmlApplicationContext@6a5c2d2d: startup date [Tue Oct 10 17:02:56 EDT 2017]; root of context hierarchy
Oct 10, 2017 5:02:56 PM org.springframework.beans.factory.xml.XmlBeanDefinitionReader loadBeanDefinitions
INFO: Loading XML bean definitions from class path resource [applicationContext.xml]
Oct 10, 2017 5:02:56 PM org.springframework.context.support.ClassPathXmlApplicationContext prepareRefresh
INFO: Refreshing org.springframework.context.support.ClassPathXmlApplicationContext@511bfbb0: startup date [Tue Oct 10 17:02:56 EDT 2017]; root of context hierarchy
Oct 10, 2017 5:02:56 PM org.springframework.beans.factory.xml.XmlBeanDefinitionReader loadBeanDefinitions
INFO: Loading XML bean definitions from class path resource [applicationContext.xml]
Oct 10, 2017 5:02:56 PM org.springframework.context.support.ClassPathXmlApplicationContext prepareRefresh
INFO: Refreshing org.springframework.context.support.ClassPathXmlApplicationContext@d02c00: startup date [Tue Oct 10 17:02:56 EDT 2017]; root of context hierarchy
Oct 10, 2017 5:02:56 PM org.springframework.beans.factory.xml.XmlBeanDefinitionReader loadBeanDefinitions
INFO: Loading XML bean definitions from class path resource [applicationContext.xml]
Oct 10, 2017 5:02:56 PM org.springframework.context.support.ClassPathXmlApplicationContext prepareRefresh
INFO: Refreshing org.springframework.context.support.ClassPathXmlApplicationContext@44da745f: startup date [Tue Oct 10 17:02:56 EDT 2017]; root of context hierarchy
Oct 10, 2017 5:02:56 PM org.springframework.beans.factory.xml.XmlBeanDefinitionReader loadBeanDefinitions
INFO: Loading XML bean definitions from class path resource [applicationContext.xml]
Oct 10, 2017 5:02:56 PM org.springframework.context.support.ClassPathXmlApplicationContext prepareRefresh
INFO: Refreshing org.springframework.context.support.ClassPathXmlApplicationContext@7cf66cf9: startup date [Tue Oct 10 17:02:56 EDT 2017]; root of context hierarchy
Oct 10, 2017 5:02:56 PM org.springframework.beans.factory.xml.XmlBeanDefinitionReader loadBeanDefinitions
INFO: Loading XML bean definitions from class path resource [applicationContext.xml]
Oct 10, 2017 5:02:56 PM org.springframework.context.support.ClassPathXmlApplicationContext prepareRefresh
INFO: Refreshing org.springframework.context.support.ClassPathXmlApplicationContext@6705b763: startup date [Tue Oct 10 17:02:56 EDT 2017]; root of context hierarchy
Oct 10, 2017 5:02:56 PM org.springframework.beans.factory.xml.XmlBeanDefinitionReader loadBeanDefinitions
INFO: Loading XML bean definitions from class path resource [applicationContext.xml]
Oct 10, 2017 5:02:56 PM org.springframework.context.support.ClassPathXmlApplicationContext prepareRefresh
INFO: Refreshing org.springframework.context.support.ClassPathXmlApplicationContext@1ab21633: startup date [Tue Oct 10 17:02:56 EDT 2017]; root of context hierarchy
Oct 10, 2017 5:02:56 PM org.springframework.beans.factory.xml.XmlBeanDefinitionReader loadBeanDefinitions
INFO: Loading XML bean definitions from class path resource [applicationContext.xml]
Oct 10, 2017 5:02:56 PM org.springframework.context.support.ClassPathXmlApplicationContext prepareRefresh
INFO: Refreshing org.springframework.context.support.ClassPathXmlApplicationContext@20960b51: startup date [Tue Oct 10 17:02:56 EDT 2017]; root of context hierarchy
Oct 10, 2017 5:02:56 PM org.springframework.beans.factory.xml.XmlBeanDefinitionReader loadBeanDefinitions
INFO: Loading XML bean definitions from class path resource [applicationContext.xml]
Oct 10, 2017 5:02:56 PM org.springframework.context.support.ClassPathXmlApplicationContext prepareRefresh
INFO: Refreshing org.springframework.context.support.ClassPathXmlApplicationContext@481bae3f: startup date [Tue Oct 10 17:02:56 EDT 2017]; root of context hierarchy
Oct 10, 2017 5:02:56 PM org.springframework.beans.factory.xml.XmlBeanDefinitionReader loadBeanDefinitions
INFO: Loading XML bean definitions from class path resource [applicationContext.xml]
Oct 10, 2017 5:02:56 PM org.springframework.context.support.ClassPathXmlApplicationContext prepareRefresh
INFO: Refreshing org.springframework.context.support.ClassPathXmlApplicationContext@b87ea8b: startup date [Tue Oct 10 17:02:56 EDT 2017]; root of context hierarchy
Oct 10, 2017 5:02:56 PM org.springframework.beans.factory.xml.XmlBeanDefinitionReader loadBeanDefinitions
INFO: Loading XML bean definitions from class path resource [applicationContext.xml]
Oct 10, 2017 5:02:56 PM org.springframework.context.support.ClassPathXmlApplicationContext prepareRefresh
INFO: Refreshing org.springframework.context.support.ClassPathXmlApplicationContext@15ee8861: startup date [Tue Oct 10 17:02:56 EDT 2017]; root of context hierarchy
Oct 10, 2017 5:02:56 PM org.springframework.beans.factory.xml.XmlBeanDefinitionReader loadBeanDefinitions
INFO: Loading XML bean definitions from class path resource [applicationContext.xml]
Oct 10, 2017 5:02:56 PM org.springframework.context.support.ClassPathXmlApplicationContext prepareRefresh
INFO: Refreshing org.springframework.context.support.ClassPathXmlApplicationContext@624494d4: startup date [Tue Oct 10 17:02:56 EDT 2017]; root of context hierarchy
Oct 10, 2017 5:02:56 PM org.springframework.beans.factory.xml.XmlBeanDefinitionReader loadBeanDefinitions
INFO: Loading XML bean definitions from class path resource [applicationContext.xml]
Oct 10, 2017 5:02:56 PM org.springframework.context.support.ClassPathXmlApplicationContext prepareRefresh
INFO: Refreshing org.springframework.context.support.ClassPathXmlApplicationContext@5b32e0b1: startup date [Tue Oct 10 17:02:56 EDT 2017]; root of context hierarchy
Oct 10, 2017 5:02:56 PM org.springframework.beans.factory.xml.XmlBeanDefinitionReader loadBeanDefinitions
INFO: Loading XML bean definitions from class path resource [applicationContext.xml]
Oct 10, 2017 5:02:56 PM org.springframework.context.support.ClassPathXmlApplicationContext prepareRefresh
INFO: Refreshing org.springframework.context.support.ClassPathXmlApplicationContext@d70dbeb: startup date [Tue Oct 10 17:02:56 EDT 2017]; root of context hierarchy
Oct 10, 2017 5:02:56 PM org.springframework.beans.factory.xml.XmlBeanDefinitionReader loadBeanDefinitions
INFO: Loading XML bean definitions from class path resource [applicationContext.xml]
Oct 10, 2017 5:02:56 PM org.springframework.context.support.ClassPathXmlApplicationContext prepareRefresh
INFO: Refreshing org.springframework.context.support.ClassPathXmlApplicationContext@6f4029e9: startup date [Tue Oct 10 17:02:56 EDT 2017]; root of context hierarchy
Oct 10, 2017 5:02:56 PM org.springframework.beans.factory.xml.XmlBeanDefinitionReader loadBeanDefinitions
INFO: Loading XML bean definitions from class path resource [applicationContext.xml]
Oct 10, 2017 5:02:56 PM org.springframework.context.support.ClassPathXmlApplicationContext prepareRefresh
INFO: Refreshing org.springframework.context.support.ClassPathXmlApplicationContext@fd0e118: startup date [Tue Oct 10 17:02:56 EDT 2017]; root of context hierarchy
Oct 10, 2017 5:02:56 PM org.springframework.beans.factory.xml.XmlBeanDefinitionReader loadBeanDefinitions
INFO: Loading XML bean definitions from class path resource [applicationContext.xml]
Oct 10, 2017 5:02:56 PM org.springframework.context.support.ClassPathXmlApplicationContext prepareRefresh
INFO: Refreshing org.springframework.context.support.ClassPathXmlApplicationContext@476a2819: startup date [Tue Oct 10 17:02:56 EDT 2017]; root of context hierarchy
Oct 10, 2017 5:02:56 PM org.springframework.beans.factory.xml.XmlBeanDefinitionReader loadBeanDefinitions
INFO: Loading XML bean definitions from class path resource [applicationContext.xml]
Oct 10, 2017 5:02:56 PM org.springframework.context.support.ClassPathXmlApplicationContext prepareRefresh
INFO: Refreshing org.springframework.context.support.ClassPathXmlApplicationContext@3980b44f: startup date [Tue Oct 10 17:02:56 EDT 2017]; root of context hierarchy
Oct 10, 2017 5:02:56 PM org.springframework.beans.factory.xml.XmlBeanDefinitionReader loadBeanDefinitions
INFO: Loading XML bean definitions from class path resource [applicationContext.xml]
Oct 10, 2017 5:02:56 PM org.springframework.context.support.ClassPathXmlApplicationContext prepareRefresh
INFO: Refreshing org.springframework.context.support.ClassPathXmlApplicationContext@1e54e900: startup date [Tue Oct 10 17:02:56 EDT 2017]; root of context hierarchy
Oct 10, 2017 5:02:56 PM org.springframework.beans.factory.xml.XmlBeanDefinitionReader loadBeanDefinitions
INFO: Loading XML bean definitions from class path resource [applicationContext.xml]
Oct 10, 2017 5:02:56 PM org.springframework.context.support.ClassPathXmlApplicationContext prepareRefresh
INFO: Refreshing org.springframework.context.support.ClassPathXmlApplicationContext@66d61298: startup date [Tue Oct 10 17:02:56 EDT 2017]; root of context hierarchy
Oct 10, 2017 5:02:56 PM org.springframework.beans.factory.xml.XmlBeanDefinitionReader loadBeanDefinitions
INFO: Loading XML bean definitions from class path resource [applicationContext.xml]
Oct 10, 2017 5:02:56 PM org.springframework.context.support.ClassPathXmlApplicationContext prepareRefresh
INFO: Refreshing org.springframework.context.support.ClassPathXmlApplicationContext@296bfddb: startup date [Tue Oct 10 17:02:56 EDT 2017]; root of context hierarchy
Oct 10, 2017 5:02:56 PM org.springframework.beans.factory.xml.XmlBeanDefinitionReader loadBeanDefinitions
INFO: Loading XML bean definitions from class path resource [applicationContext.xml]
Oct 10, 2017 5:02:56 PM org.springframework.context.support.ClassPathXmlApplicationContext prepareRefresh
INFO: Refreshing org.springframework.context.support.ClassPathXmlApplicationContext@67689c81: startup date [Tue Oct 10 17:02:56 EDT 2017]; root of context hierarchy
Oct 10, 2017 5:02:56 PM org.springframework.beans.factory.xml.XmlBeanDefinitionReader loadBeanDefinitions
INFO: Loading XML bean definitions from class path resource [applicationContext.xml]
Oct 10, 2017 5:02:56 PM org.springframework.context.support.ClassPathXmlApplicationContext prepareRefresh
INFO: Refreshing org.springframework.context.support.ClassPathXmlApplicationContext@2bda7a5b: startup date [Tue Oct 10 17:02:56 EDT 2017]; root of context hierarchy
Oct 10, 2017 5:02:56 PM org.springframework.beans.factory.xml.XmlBeanDefinitionReader loadBeanDefinitions
INFO: Loading XML bean definitions from class path resource [applicationContext.xml]
Oct 10, 2017 5:02:56 PM org.springframework.context.support.ClassPathXmlApplicationContext prepareRefresh
INFO: Refreshing org.springframework.context.support.ClassPathXmlApplicationContext@66a93b25: startup date [Tue Oct 10 17:02:56 EDT 2017]; root of context hierarchy
Oct 10, 2017 5:02:56 PM org.springframework.beans.factory.xml.XmlBeanDefinitionReader loadBeanDefinitions
INFO: Loading XML bean definitions from class path resource [applicationContext.xml]
Oct 10, 2017 5:02:56 PM org.springframework.context.support.ClassPathXmlApplicationContext prepareRefresh
INFO: Refreshing org.springframework.context.support.ClassPathXmlApplicationContext@3e1897d: startup date [Tue Oct 10 17:02:56 EDT 2017]; root of context hierarchy
Oct 10, 2017 5:02:56 PM org.springframework.beans.factory.xml.XmlBeanDefinitionReader loadBeanDefinitions
INFO: Loading XML bean definitions from class path resource [applicationContext.xml]
Oct 10, 2017 5:02:56 PM org.springframework.context.support.ClassPathXmlApplicationContext prepareRefresh
INFO: Refreshing org.springframework.context.support.ClassPathXmlApplicationContext@53d2f0ec: startup date [Tue Oct 10 17:02:56 EDT 2017]; root of context hierarchy
Oct 10, 2017 5:02:56 PM org.springframework.beans.factory.xml.XmlBeanDefinitionReader loadBeanDefinitions
INFO: Loading XML bean definitions from class path resource [applicationContext.xml]
Oct 10, 2017 5:02:56 PM org.springframework.context.support.ClassPathXmlApplicationContext prepareRefresh
INFO: Refreshing org.springframework.context.support.ClassPathXmlApplicationContext@3afaa39f: startup date [Tue Oct 10 17:02:56 EDT 2017]; root of context hierarchy
Oct 10, 2017 5:02:56 PM org.springframework.beans.factory.xml.XmlBeanDefinitionReader loadBeanDefinitions
INFO: Loading XML bean definitions from class path resource [applicationContext.xml]
Oct 10, 2017 5:02:56 PM org.springframework.context.support.ClassPathXmlApplicationContext prepareRefresh
INFO: Refreshing org.springframework.context.support.ClassPathXmlApplicationContext@f83d121: startup date [Tue Oct 10 17:02:56 EDT 2017]; root of context hierarchy
Oct 10, 2017 5:02:56 PM org.springframework.beans.factory.xml.XmlBeanDefinitionReader loadBeanDefinitions
INFO: Loading XML bean definitions from class path resource [applicationContext.xml]
Oct 10, 2017 5:02:56 PM org.springframework.context.support.ClassPathXmlApplicationContext prepareRefresh
INFO: Refreshing org.springframework.context.support.ClassPathXmlApplicationContext@1e5e3147: startup date [Tue Oct 10 17:02:56 EDT 2017]; root of context hierarchy
Oct 10, 2017 5:02:56 PM org.springframework.beans.factory.xml.XmlBeanDefinitionReader loadBeanDefinitions
INFO: Loading XML bean definitions from class path resource [applicationContext.xml]
Oct 10, 2017 5:02:56 PM org.springframework.context.support.ClassPathXmlApplicationContext prepareRefresh
INFO: Refreshing org.springframework.context.support.ClassPathXmlApplicationContext@1cca2e9d: startup date [Tue Oct 10 17:02:56 EDT 2017]; root of context hierarchy
Oct 10, 2017 5:02:56 PM org.springframework.beans.factory.xml.XmlBeanDefinitionReader loadBeanDefinitions
INFO: Loading XML bean definitions from class path resource [applicationContext.xml]
Oct 10, 2017 5:02:56 PM org.springframework.context.support.ClassPathXmlApplicationContext prepareRefresh
INFO: Refreshing org.springframework.context.support.ClassPathXmlApplicationContext@550f522b: startup date [Tue Oct 10 17:02:56 EDT 2017]; root of context hierarchy
Oct 10, 2017 5:02:56 PM org.springframework.beans.factory.xml.XmlBeanDefinitionReader loadBeanDefinitions
INFO: Loading XML bean definitions from class path resource [applicationContext.xml]
Oct 10, 2017 5:02:57 PM org.springframework.context.support.ClassPathXmlApplicationContext prepareRefresh
INFO: Refreshing org.springframework.context.support.ClassPathXmlApplicationContext@61ca5134: startup date [Tue Oct 10 17:02:57 EDT 2017]; root of context hierarchy
Oct 10, 2017 5:02:57 PM org.springframework.beans.factory.xml.XmlBeanDefinitionReader loadBeanDefinitions
INFO: Loading XML bean definitions from class path resource [applicationContext.xml]
Oct 10, 2017 5:02:57 PM org.springframework.context.support.ClassPathXmlApplicationContext prepareRefresh
INFO: Refreshing org.springframework.context.support.ClassPathXmlApplicationContext@451a4187: startup date [Tue Oct 10 17:02:57 EDT 2017]; root of context hierarchy
Oct 10, 2017 5:02:57 PM org.springframework.beans.factory.xml.XmlBeanDefinitionReader loadBeanDefinitions
INFO: Loading XML bean definitions from class path resource [applicationContext.xml]
Oct 10, 2017 5:02:57 PM org.springframework.context.support.ClassPathXmlApplicationContext prepareRefresh
INFO: Refreshing org.springframework.context.support.ClassPathXmlApplicationContext@44c2e8a8: startup date [Tue Oct 10 17:02:57 EDT 2017]; root of context hierarchy
Oct 10, 2017 5:02:57 PM org.springframework.beans.factory.xml.XmlBeanDefinitionReader loadBeanDefinitions
INFO: Loading XML bean definitions from class path resource [applicationContext.xml]
Oct 10, 2017 5:02:57 PM org.springframework.context.support.ClassPathXmlApplicationContext prepareRefresh
INFO: Refreshing org.springframework.context.support.ClassPathXmlApplicationContext@640a6d4b: startup date [Tue Oct 10 17:02:57 EDT 2017]; root of context hierarchy
Oct 10, 2017 5:02:57 PM org.springframework.beans.factory.xml.XmlBeanDefinitionReader loadBeanDefinitions
INFO: Loading XML bean definitions from class path resource [applicationContext.xml]
Oct 10, 2017 5:02:57 PM org.springframework.context.support.ClassPathXmlApplicationContext prepareRefresh
INFO: Refreshing org.springframework.context.support.ClassPathXmlApplicationContext@570127fa: startup date [Tue Oct 10 17:02:57 EDT 2017]; root of context hierarchy
Oct 10, 2017 5:02:57 PM org.springframework.beans.factory.xml.XmlBeanDefinitionReader loadBeanDefinitions
INFO: Loading XML bean definitions from class path resource [applicationContext.xml]
Oct 10, 2017 5:02:57 PM org.springframework.context.support.ClassPathXmlApplicationContext prepareRefresh
INFO: Refreshing org.springframework.context.support.ClassPathXmlApplicationContext@1e466d: startup date [Tue Oct 10 17:02:57 EDT 2017]; root of context hierarchy
Oct 10, 2017 5:02:57 PM org.springframework.beans.factory.xml.XmlBeanDefinitionReader loadBeanDefinitions
INFO: Loading XML bean definitions from class path resource [applicationContext.xml]
Oct 10, 2017 5:02:57 PM org.springframework.context.support.ClassPathXmlApplicationContext prepareRefresh
INFO: Refreshing org.springframework.context.support.ClassPathXmlApplicationContext@221961af: startup date [Tue Oct 10 17:02:57 EDT 2017]; root of context hierarchy
Oct 10, 2017 5:02:57 PM org.springframework.beans.factory.xml.XmlBeanDefinitionReader loadBeanDefinitions
INFO: Loading XML bean definitions from class path resource [applicationContext.xml]
Oct 10, 2017 5:02:57 PM org.springframework.context.support.ClassPathXmlApplicationContext prepareRefresh
INFO: Refreshing org.springframework.context.support.ClassPathXmlApplicationContext@221cdd87: startup date [Tue Oct 10 17:02:57 EDT 2017]; root of context hierarchy
Oct 10, 2017 5:02:57 PM org.springframework.beans.factory.xml.XmlBeanDefinitionReader loadBeanDefinitions
INFO: Loading XML bean definitions from class path resource [applicationContext.xml]
Oct 10, 2017 5:02:57 PM org.springframework.context.support.ClassPathXmlApplicationContext prepareRefresh
INFO: Refreshing org.springframework.context.support.ClassPathXmlApplicationContext@3e18e693: startup date [Tue Oct 10 17:02:57 EDT 2017]; root of context hierarchy
Oct 10, 2017 5:02:57 PM org.springframework.beans.factory.xml.XmlBeanDefinitionReader loadBeanDefinitions
INFO: Loading XML bean definitions from class path resource [applicationContext.xml]
Oct 10, 2017 5:02:57 PM org.springframework.context.support.ClassPathXmlApplicationContext prepareRefresh
INFO: Refreshing org.springframework.context.support.ClassPathXmlApplicationContext@6be2b567: startup date [Tue Oct 10 17:02:57 EDT 2017]; root of context hierarchy
Oct 10, 2017 5:02:57 PM org.springframework.beans.factory.xml.XmlBeanDefinitionReader loadBeanDefinitions
INFO: Loading XML bean definitions from class path resource [applicationContext.xml]
Oct 10, 2017 5:02:57 PM org.springframework.context.support.ClassPathXmlApplicationContext prepareRefresh
INFO: Refreshing org.springframework.context.support.ClassPathXmlApplicationContext@556a6320: startup date [Tue Oct 10 17:02:57 EDT 2017]; root of context hierarchy
Oct 10, 2017 5:02:57 PM org.springframework.beans.factory.xml.XmlBeanDefinitionReader loadBeanDefinitions
INFO: Loading XML bean definitions from class path resource [applicationContext.xml]
Oct 10, 2017 5:02:57 PM org.springframework.context.support.ClassPathXmlApplicationContext prepareRefresh
INFO: Refreshing org.springframework.context.support.ClassPathXmlApplicationContext@57617a75: startup date [Tue Oct 10 17:02:57 EDT 2017]; root of context hierarchy
Oct 10, 2017 5:02:57 PM org.springframework.beans.factory.xml.XmlBeanDefinitionReader loadBeanDefinitions
INFO: Loading XML bean definitions from class path resource [applicationContext.xml]
Oct 10, 2017 5:02:57 PM org.springframework.context.support.ClassPathXmlApplicationContext prepareRefresh
INFO: Refreshing org.springframework.context.support.ClassPathXmlApplicationContext@5759edff: startup date [Tue Oct 10 17:02:57 EDT 2017]; root of context hierarchy
Oct 10, 2017 5:02:57 PM org.springframework.beans.factory.xml.XmlBeanDefinitionReader loadBeanDefinitions
INFO: Loading XML bean definitions from class path resource [applicationContext.xml]
Oct 10, 2017 5:02:57 PM org.springframework.context.support.ClassPathXmlApplicationContext prepareRefresh
INFO: Refreshing org.springframework.context.support.ClassPathXmlApplicationContext@4891d727: startup date [Tue Oct 10 17:02:57 EDT 2017]; root of context hierarchy
Oct 10, 2017 5:02:57 PM org.springframework.beans.factory.xml.XmlBeanDefinitionReader loadBeanDefinitions
INFO: Loading XML bean definitions from class path resource [applicationContext.xml]
Oct 10, 2017 5:02:57 PM org.springframework.context.support.ClassPathXmlApplicationContext prepareRefresh
INFO: Refreshing org.springframework.context.support.ClassPathXmlApplicationContext@4eace42b: startup date [Tue Oct 10 17:02:57 EDT 2017]; root of context hierarchy
Oct 10, 2017 5:02:57 PM org.springframework.beans.factory.xml.XmlBeanDefinitionReader loadBeanDefinitions
INFO: Loading XML bean definitions from class path resource [applicationContext.xml]
Oct 10, 2017 5:02:57 PM org.springframework.context.support.ClassPathXmlApplicationContext prepareRefresh
INFO: Refreshing org.springframework.context.support.ClassPathXmlApplicationContext@6a7ea7c: startup date [Tue Oct 10 17:02:57 EDT 2017]; root of context hierarchy
Oct 10, 2017 5:02:57 PM org.springframework.beans.factory.xml.XmlBeanDefinitionReader loadBeanDefinitions
INFO: Loading XML bean definitions from class path resource [applicationContext.xml]
Oct 10, 2017 5:02:57 PM org.springframework.context.support.ClassPathXmlApplicationContext prepareRefresh
INFO: Refreshing org.springframework.context.support.ClassPathXmlApplicationContext@5aa334c: startup date [Tue Oct 10 17:02:57 EDT 2017]; root of context hierarchy
Oct 10, 2017 5:02:57 PM org.springframework.beans.factory.xml.XmlBeanDefinitionReader loadBeanDefinitions
INFO: Loading XML bean definitions from class path resource [applicationContext.xml]
Oct 10, 2017 5:02:57 PM org.springframework.context.support.ClassPathXmlApplicationContext prepareRefresh
INFO: Refreshing org.springframework.context.support.ClassPathXmlApplicationContext@46c2189e: startup date [Tue Oct 10 17:02:57 EDT 2017]; root of context hierarchy
Oct 10, 2017 5:02:57 PM org.springframework.beans.factory.xml.XmlBeanDefinitionReader loadBeanDefinitions
INFO: Loading XML bean definitions from class path resource [applicationContext.xml]
Oct 10, 2017 5:02:57 PM org.springframework.context.support.ClassPathXmlApplicationContext prepareRefresh
INFO: Refreshing org.springframework.context.support.ClassPathXmlApplicationContext@4407fea2: startup date [Tue Oct 10 17:02:57 EDT 2017]; root of context hierarchy
Oct 10, 2017 5:02:57 PM org.springframework.beans.factory.xml.XmlBeanDefinitionReader loadBeanDefinitions
INFO: Loading XML bean definitions from class path resource [applicationContext.xml]
Oct 10, 2017 5:02:57 PM org.springframework.context.support.ClassPathXmlApplicationContext prepareRefresh
INFO: Refreshing org.springframework.context.support.ClassPathXmlApplicationContext@5c03eb4e: startup date [Tue Oct 10 17:02:57 EDT 2017]; root of context hierarchy
Oct 10, 2017 5:02:57 PM org.springframework.beans.factory.xml.XmlBeanDefinitionReader loadBeanDefinitions
INFO: Loading XML bean definitions from class path resource [applicationContext.xml]
Oct 10, 2017 5:02:57 PM org.springframework.context.support.ClassPathXmlApplicationContext prepareRefresh
INFO: Refreshing org.springframework.context.support.ClassPathXmlApplicationContext@25c4f621: startup date [Tue Oct 10 17:02:57 EDT 2017]; root of context hierarchy
Oct 10, 2017 5:02:57 PM org.springframework.beans.factory.xml.XmlBeanDefinitionReader loadBeanDefinitions
INFO: Loading XML bean definitions from class path resource [applicationContext.xml]
Oct 10, 2017 5:02:57 PM org.springframework.context.support.ClassPathXmlApplicationContext prepareRefresh
INFO: Refreshing org.springframework.context.support.ClassPathXmlApplicationContext@2db6ba81: startup date [Tue Oct 10 17:02:57 EDT 2017]; root of context hierarchy
Oct 10, 2017 5:02:57 PM org.springframework.beans.factory.xml.XmlBeanDefinitionReader loadBeanDefinitions
INFO: Loading XML bean definitions from class path resource [applicationContext.xml]
Oct 10, 2017 5:02:57 PM org.springframework.context.support.ClassPathXmlApplicationContext prepareRefresh
INFO: Refreshing org.springframework.context.support.ClassPathXmlApplicationContext@2979c6ef: startup date [Tue Oct 10 17:02:57 EDT 2017]; root of context hierarchy
Oct 10, 2017 5:02:57 PM org.springframework.beans.factory.xml.XmlBeanDefinitionReader loadBeanDefinitions
INFO: Loading XML bean definitions from class path resource [applicationContext.xml]
Oct 10, 2017 5:02:57 PM org.springframework.context.support.ClassPathXmlApplicationContext prepareRefresh
INFO: Refreshing org.springframework.context.support.ClassPathXmlApplicationContext@7e28f150: startup date [Tue Oct 10 17:02:57 EDT 2017]; root of context hierarchy
Oct 10, 2017 5:02:57 PM org.springframework.beans.factory.xml.XmlBeanDefinitionReader loadBeanDefinitions
INFO: Loading XML bean definitions from class path resource [applicationContext.xml]
Oct 10, 2017 5:02:57 PM org.springframework.context.support.ClassPathXmlApplicationContext prepareRefresh
INFO: Refreshing org.springframework.context.support.ClassPathXmlApplicationContext@4536a09a: startup date [Tue Oct 10 17:02:57 EDT 2017]; root of context hierarchy
Oct 10, 2017 5:02:57 PM org.springframework.beans.factory.xml.XmlBeanDefinitionReader loadBeanDefinitions
INFO: Loading XML bean definitions from class path resource [applicationContext.xml]
Oct 10, 2017 5:02:57 PM org.springframework.context.support.ClassPathXmlApplicationContext prepareRefresh
INFO: Refreshing org.springframework.context.support.ClassPathXmlApplicationContext@244f356: startup date [Tue Oct 10 17:02:57 EDT 2017]; root of context hierarchy
Oct 10, 2017 5:02:57 PM org.springframework.beans.factory.xml.XmlBeanDefinitionReader loadBeanDefinitions
INFO: Loading XML bean definitions from class path resource [applicationContext.xml]
Oct 10, 2017 5:02:57 PM org.springframework.context.support.ClassPathXmlApplicationContext prepareRefresh
INFO: Refreshing org.springframework.context.support.ClassPathXmlApplicationContext@515d615: startup date [Tue Oct 10 17:02:57 EDT 2017]; root of context hierarchy
Oct 10, 2017 5:02:57 PM org.springframework.beans.factory.xml.XmlBeanDefinitionReader loadBeanDefinitions
INFO: Loading XML bean definitions from class path resource [applicationContext.xml]
Oct 10, 2017 5:02:57 PM org.springframework.context.support.ClassPathXmlApplicationContext prepareRefresh
INFO: Refreshing org.springframework.context.support.ClassPathXmlApplicationContext@1d38cdde: startup date [Tue Oct 10 17:02:57 EDT 2017]; root of context hierarchy
Oct 10, 2017 5:02:57 PM org.springframework.beans.factory.xml.XmlBeanDefinitionReader loadBeanDefinitions
INFO: Loading XML bean definitions from class path resource [applicationContext.xml]
Oct 10, 2017 5:02:57 PM org.springframework.context.support.ClassPathXmlApplicationContext prepareRefresh
INFO: Refreshing org.springframework.context.support.ClassPathXmlApplicationContext@3663af34: startup date [Tue Oct 10 17:02:57 EDT 2017]; root of context hierarchy
Oct 10, 2017 5:02:57 PM org.springframework.beans.factory.xml.XmlBeanDefinitionReader loadBeanDefinitions
INFO: Loading XML bean definitions from class path resource [applicationContext.xml]
Oct 10, 2017 5:02:57 PM org.springframework.context.support.ClassPathXmlApplicationContext prepareRefresh
INFO: Refreshing org.springframework.context.support.ClassPathXmlApplicationContext@332fa6ce: startup date [Tue Oct 10 17:02:57 EDT 2017]; root of context hierarchy
Oct 10, 2017 5:02:57 PM org.springframework.beans.factory.xml.XmlBeanDefinitionReader loadBeanDefinitions
INFO: Loading XML bean definitions from class path resource [applicationContext.xml]
Oct 10, 2017 5:02:57 PM org.springframework.context.support.ClassPathXmlApplicationContext prepareRefresh
INFO: Refreshing org.springframework.context.support.ClassPathXmlApplicationContext@1859b996: startup date [Tue Oct 10 17:02:57 EDT 2017]; root of context hierarchy
Oct 10, 2017 5:02:57 PM org.springframework.beans.factory.xml.XmlBeanDefinitionReader loadBeanDefinitions
INFO: Loading XML bean definitions from class path resource [applicationContext.xml]
Oct 10, 2017 5:02:57 PM org.springframework.context.support.ClassPathXmlApplicationContext prepareRefresh
INFO: Refreshing org.springframework.context.support.ClassPathXmlApplicationContext@16120270: startup date [Tue Oct 10 17:02:57 EDT 2017]; root of context hierarchy
Oct 10, 2017 5:02:57 PM org.springframework.beans.factory.xml.XmlBeanDefinitionReader loadBeanDefinitions
INFO: Loading XML bean definitions from class path resource [applicationContext.xml]
Oct 10, 2017 5:02:57 PM org.springframework.context.support.ClassPathXmlApplicationContext prepareRefresh
INFO: Refreshing org.springframework.context.support.ClassPathXmlApplicationContext@3a42145: startup date [Tue Oct 10 17:02:57 EDT 2017]; root of context hierarchy
Oct 10, 2017 5:02:57 PM org.springframework.beans.factory.xml.XmlBeanDefinitionReader loadBeanDefinitions
INFO: Loading XML bean definitions from class path resource [applicationContext.xml]
Oct 10, 2017 5:02:57 PM org.springframework.context.support.ClassPathXmlApplicationContext prepareRefresh
INFO: Refreshing org.springframework.context.support.ClassPathXmlApplicationContext@5b634e24: startup date [Tue Oct 10 17:02:57 EDT 2017]; root of context hierarchy
Oct 10, 2017 5:02:57 PM org.springframework.beans.factory.xml.XmlBeanDefinitionReader loadBeanDefinitions
INFO: Loading XML bean definitions from class path resource [applicationContext.xml]
Oct 10, 2017 5:02:57 PM org.springframework.context.support.ClassPathXmlApplicationContext prepareRefresh
INFO: Refreshing org.springframework.context.support.ClassPathXmlApplicationContext@69d61a6f: startup date [Tue Oct 10 17:02:57 EDT 2017]; root of context hierarchy
Oct 10, 2017 5:02:57 PM org.springframework.beans.factory.xml.XmlBeanDefinitionReader loadBeanDefinitions
INFO: Loading XML bean definitions from class path resource [applicationContext.xml]
Oct 10, 2017 5:02:57 PM org.springframework.context.support.ClassPathXmlApplicationContext prepareRefresh
INFO: Refreshing org.springframework.context.support.ClassPathXmlApplicationContext@52fe87e0: startup date [Tue Oct 10 17:02:57 EDT 2017]; root of context hierarchy
Oct 10, 2017 5:02:57 PM org.springframework.beans.factory.xml.XmlBeanDefinitionReader loadBeanDefinitions
INFO: Loading XML bean definitions from class path resource [applicationContext.xml]
Oct 10, 2017 5:02:57 PM org.springframework.context.support.ClassPathXmlApplicationContext prepareRefresh
INFO: Refreshing org.springframework.context.support.ClassPathXmlApplicationContext@7eea934d: startup date [Tue Oct 10 17:02:57 EDT 2017]; root of context hierarchy
Oct 10, 2017 5:02:57 PM org.springframework.beans.factory.xml.XmlBeanDefinitionReader loadBeanDefinitions
INFO: Loading XML bean definitions from class path resource [applicationContext.xml]
Oct 10, 2017 5:02:57 PM org.springframework.context.support.ClassPathXmlApplicationContext prepareRefresh
INFO: Refreshing org.springframework.context.support.ClassPathXmlApplicationContext@737445ab: startup date [Tue Oct 10 17:02:57 EDT 2017]; root of context hierarchy
Oct 10, 2017 5:02:57 PM org.springframework.beans.factory.xml.XmlBeanDefinitionReader loadBeanDefinitions
INFO: Loading XML bean definitions from class path resource [applicationContext.xml]
Oct 10, 2017 5:02:57 PM org.springframework.context.support.ClassPathXmlApplicationContext prepareRefresh
INFO: Refreshing org.springframework.context.support.ClassPathXmlApplicationContext@74bcf1ab: startup date [Tue Oct 10 17:02:57 EDT 2017]; root of context hierarchy
Oct 10, 2017 5:02:57 PM org.springframework.beans.factory.xml.XmlBeanDefinitionReader loadBeanDefinitions
INFO: Loading XML bean definitions from class path resource [applicationContext.xml]
Oct 10, 2017 5:02:57 PM org.springframework.context.support.ClassPathXmlApplicationContext prepareRefresh
INFO: Refreshing org.springframework.context.support.ClassPathXmlApplicationContext@5693d1d2: startup date [Tue Oct 10 17:02:57 EDT 2017]; root of context hierarchy
Oct 10, 2017 5:02:57 PM org.springframework.beans.factory.xml.XmlBeanDefinitionReader loadBeanDefinitions
INFO: Loading XML bean definitions from class path resource [applicationContext.xml]
Oct 10, 2017 5:02:57 PM org.springframework.context.support.ClassPathXmlApplicationContext prepareRefresh
INFO: Refreshing org.springframework.context.support.ClassPathXmlApplicationContext@55e88bc: startup date [Tue Oct 10 17:02:57 EDT 2017]; root of context hierarchy
Oct 10, 2017 5:02:57 PM org.springframework.beans.factory.xml.XmlBeanDefinitionReader loadBeanDefinitions
INFO: Loading XML bean definitions from class path resource [applicationContext.xml]
Oct 10, 2017 5:02:57 PM org.springframework.context.support.ClassPathXmlApplicationContext prepareRefresh
INFO: Refreshing org.springframework.context.support.ClassPathXmlApplicationContext@201b52f7: startup date [Tue Oct 10 17:02:57 EDT 2017]; root of context hierarchy
Oct 10, 2017 5:02:57 PM org.springframework.beans.factory.xml.XmlBeanDefinitionReader loadBeanDefinitions
INFO: Loading XML bean definitions from class path resource [applicationContext.xml]
Oct 10, 2017 5:02:57 PM org.springframework.context.support.ClassPathXmlApplicationContext prepareRefresh
INFO: Refreshing org.springframework.context.support.ClassPathXmlApplicationContext@76cbee13: startup date [Tue Oct 10 17:02:57 EDT 2017]; root of context hierarchy
Oct 10, 2017 5:02:57 PM org.springframework.beans.factory.xml.XmlBeanDefinitionReader loadBeanDefinitions
INFO: Loading XML bean definitions from class path resource [applicationContext.xml]
Oct 10, 2017 5:02:57 PM org.springframework.context.support.ClassPathXmlApplicationContext prepareRefresh
INFO: Refreshing org.springframework.context.support.ClassPathXmlApplicationContext@31f5ffb9: startup date [Tue Oct 10 17:02:57 EDT 2017]; root of context hierarchy
Oct 10, 2017 5:02:57 PM org.springframework.beans.factory.xml.XmlBeanDefinitionReader loadBeanDefinitions
INFO: Loading XML bean definitions from class path resource [applicationContext.xml]
Oct 10, 2017 5:02:57 PM org.springframework.context.support.ClassPathXmlApplicationContext prepareRefresh
INFO: Refreshing org.springframework.context.support.ClassPathXmlApplicationContext@4a7c72af: startup date [Tue Oct 10 17:02:57 EDT 2017]; root of context hierarchy
Oct 10, 2017 5:02:57 PM org.springframework.beans.factory.xml.XmlBeanDefinitionReader loadBeanDefinitions
INFO: Loading XML bean definitions from class path resource [applicationContext.xml]
Oct 10, 2017 5:02:57 PM org.springframework.context.support.ClassPathXmlApplicationContext prepareRefresh
INFO: Refreshing org.springframework.context.support.ClassPathXmlApplicationContext@34d3409d: startup date [Tue Oct 10 17:02:57 EDT 2017]; root of context hierarchy
Oct 10, 2017 5:02:57 PM org.springframework.beans.factory.xml.XmlBeanDefinitionReader loadBeanDefinitions
INFO: Loading XML bean definitions from class path resource [applicationContext.xml]
Oct 10, 2017 5:02:57 PM org.springframework.context.support.ClassPathXmlApplicationContext prepareRefresh
INFO: Refreshing org.springframework.context.support.ClassPathXmlApplicationContext@34f8ce89: startup date [Tue Oct 10 17:02:57 EDT 2017]; root of context hierarchy
Oct 10, 2017 5:02:57 PM org.springframework.beans.factory.xml.XmlBeanDefinitionReader loadBeanDefinitions
INFO: Loading XML bean definitions from class path resource [applicationContext.xml]
Oct 10, 2017 5:02:57 PM org.springframework.context.support.ClassPathXmlApplicationContext prepareRefresh
INFO: Refreshing org.springframework.context.support.ClassPathXmlApplicationContext@56adbb07: startup date [Tue Oct 10 17:02:57 EDT 2017]; root of context hierarchy
Oct 10, 2017 5:02:57 PM org.springframework.beans.factory.xml.XmlBeanDefinitionReader loadBeanDefinitions
INFO: Loading XML bean definitions from class path resource [applicationContext.xml]
Oct 10, 2017 5:02:57 PM org.springframework.context.support.ClassPathXmlApplicationContext prepareRefresh
INFO: Refreshing org.springframework.context.support.ClassPathXmlApplicationContext@63af52a6: startup date [Tue Oct 10 17:02:57 EDT 2017]; root of context hierarchy
Oct 10, 2017 5:02:57 PM org.springframework.beans.factory.xml.XmlBeanDefinitionReader loadBeanDefinitions
INFO: Loading XML bean definitions from class path resource [applicationContext.xml]
Oct 10, 2017 5:02:57 PM org.springframework.context.support.ClassPathXmlApplicationContext prepareRefresh
INFO: Refreshing org.springframework.context.support.ClassPathXmlApplicationContext@11896124: startup date [Tue Oct 10 17:02:57 EDT 2017]; root of context hierarchy
Oct 10, 2017 5:02:57 PM org.springframework.beans.factory.xml.XmlBeanDefinitionReader loadBeanDefinitions
INFO: Loading XML bean definitions from class path resource [applicationContext.xml]
Oct 10, 2017 5:02:57 PM org.springframework.context.support.ClassPathXmlApplicationContext prepareRefresh
INFO: Refreshing org.springframework.context.support.ClassPathXmlApplicationContext@5400db7e: startup date [Tue Oct 10 17:02:57 EDT 2017]; root of context hierarchy
Oct 10, 2017 5:02:57 PM org.springframework.beans.factory.xml.XmlBeanDefinitionReader loadBeanDefinitions
INFO: Loading XML bean definitions from class path resource [applicationContext.xml]
Oct 10, 2017 5:02:57 PM org.springframework.context.support.ClassPathXmlApplicationContext prepareRefresh
INFO: Refreshing org.springframework.context.support.ClassPathXmlApplicationContext@2c86b0ea: startup date [Tue Oct 10 17:02:57 EDT 2017]; root of context hierarchy
Oct 10, 2017 5:02:57 PM org.springframework.beans.factory.xml.XmlBeanDefinitionReader loadBeanDefinitions
INFO: Loading XML bean definitions from class path resource [applicationContext.xml]
Oct 10, 2017 5:02:57 PM org.springframework.context.support.ClassPathXmlApplicationContext prepareRefresh
INFO: Refreshing org.springframework.context.support.ClassPathXmlApplicationContext@33060020: startup date [Tue Oct 10 17:02:57 EDT 2017]; root of context hierarchy
Oct 10, 2017 5:02:57 PM org.springframework.beans.factory.xml.XmlBeanDefinitionReader loadBeanDefinitions
INFO: Loading XML bean definitions from class path resource [applicationContext.xml]
Oct 10, 2017 5:02:57 PM org.springframework.context.support.ClassPathXmlApplicationContext prepareRefresh
INFO: Refreshing org.springframework.context.support.ClassPathXmlApplicationContext@75a6bd06: startup date [Tue Oct 10 17:02:57 EDT 2017]; root of context hierarchy
Oct 10, 2017 5:02:57 PM org.springframework.beans.factory.xml.XmlBeanDefinitionReader loadBeanDefinitions
INFO: Loading XML bean definitions from class path resource [applicationContext.xml]
Oct 10, 2017 5:02:57 PM org.springframework.context.support.ClassPathXmlApplicationContext prepareRefresh
INFO: Refreshing org.springframework.context.support.ClassPathXmlApplicationContext@32f54c2a: startup date [Tue Oct 10 17:02:57 EDT 2017]; root of context hierarchy
Oct 10, 2017 5:02:57 PM org.springframework.beans.factory.xml.XmlBeanDefinitionReader loadBeanDefinitions
INFO: Loading XML bean definitions from class path resource [applicationContext.xml]
Oct 10, 2017 5:02:57 PM org.springframework.context.support.ClassPathXmlApplicationContext prepareRefresh
INFO: Refreshing org.springframework.context.support.ClassPathXmlApplicationContext@7d4e424e: startup date [Tue Oct 10 17:02:57 EDT 2017]; root of context hierarchy
Oct 10, 2017 5:02:57 PM org.springframework.beans.factory.xml.XmlBeanDefinitionReader loadBeanDefinitions
INFO: Loading XML bean definitions from class path resource [applicationContext.xml]
Oct 10, 2017 5:02:57 PM org.springframework.context.support.ClassPathXmlApplicationContext prepareRefresh
INFO: Refreshing org.springframework.context.support.ClassPathXmlApplicationContext@2b30b627: startup date [Tue Oct 10 17:02:57 EDT 2017]; root of context hierarchy
Oct 10, 2017 5:02:57 PM org.springframework.beans.factory.xml.XmlBeanDefinitionReader loadBeanDefinitions
INFO: Loading XML bean definitions from class path resource [applicationContext.xml]
Oct 10, 2017 5:02:57 PM org.springframework.context.support.ClassPathXmlApplicationContext prepareRefresh
INFO: Refreshing org.springframework.context.support.ClassPathXmlApplicationContext@646c872a: startup date [Tue Oct 10 17:02:57 EDT 2017]; root of context hierarchy
Oct 10, 2017 5:02:57 PM org.springframework.beans.factory.xml.XmlBeanDefinitionReader loadBeanDefinitions
INFO: Loading XML bean definitions from class path resource [applicationContext.xml]
Oct 10, 2017 5:02:57 PM org.springframework.context.support.ClassPathXmlApplicationContext prepareRefresh
INFO: Refreshing org.springframework.context.support.ClassPathXmlApplicationContext@2a5ed225: startup date [Tue Oct 10 17:02:57 EDT 2017]; root of context hierarchy
Oct 10, 2017 5:02:57 PM org.springframework.beans.factory.xml.XmlBeanDefinitionReader loadBeanDefinitions
INFO: Loading XML bean definitions from class path resource [applicationContext.xml]
Oct 10, 2017 5:02:57 PM org.springframework.context.support.ClassPathXmlApplicationContext prepareRefresh
INFO: Refreshing org.springframework.context.support.ClassPathXmlApplicationContext@1f1e15de: startup date [Tue Oct 10 17:02:57 EDT 2017]; root of context hierarchy
Oct 10, 2017 5:02:57 PM org.springframework.beans.factory.xml.XmlBeanDefinitionReader loadBeanDefinitions
INFO: Loading XML bean definitions from class path resource [applicationContext.xml]
Oct 10, 2017 5:02:57 PM org.springframework.context.support.ClassPathXmlApplicationContext prepareRefresh
INFO: Refreshing org.springframework.context.support.ClassPathXmlApplicationContext@2148b47e: startup date [Tue Oct 10 17:02:57 EDT 2017]; root of context hierarchy
Oct 10, 2017 5:02:57 PM org.springframework.beans.factory.xml.XmlBeanDefinitionReader loadBeanDefinitions
INFO: Loading XML bean definitions from class path resource [applicationContext.xml]
Oct 10, 2017 5:02:57 PM org.springframework.context.support.ClassPathXmlApplicationContext prepareRefresh
INFO: Refreshing org.springframework.context.support.ClassPathXmlApplicationContext@3cd6d147: startup date [Tue Oct 10 17:02:57 EDT 2017]; root of context hierarchy
Oct 10, 2017 5:02:57 PM org.springframework.beans.factory.xml.XmlBeanDefinitionReader loadBeanDefinitions
INFO: Loading XML bean definitions from class path resource [applicationContext.xml]
Oct 10, 2017 5:02:57 PM org.springframework.context.support.ClassPathXmlApplicationContext prepareRefresh
INFO: Refreshing org.springframework.context.support.ClassPathXmlApplicationContext@eb1e868: startup date [Tue Oct 10 17:02:57 EDT 2017]; root of context hierarchy
Oct 10, 2017 5:02:57 PM org.springframework.beans.factory.xml.XmlBeanDefinitionReader loadBeanDefinitions
INFO: Loading XML bean definitions from class path resource [applicationContext.xml]
Oct 10, 2017 5:02:58 PM org.springframework.context.support.ClassPathXmlApplicationContext prepareRefresh
INFO: Refreshing org.springframework.context.support.ClassPathXmlApplicationContext@3dc4ed6f: startup date [Tue Oct 10 17:02:58 EDT 2017]; root of context hierarchy
Oct 10, 2017 5:02:58 PM org.springframework.beans.factory.xml.XmlBeanDefinitionReader loadBeanDefinitions
INFO: Loading XML bean definitions from class path resource [applicationContext.xml]
Oct 10, 2017 5:02:58 PM org.springframework.context.support.ClassPathXmlApplicationContext prepareRefresh
INFO: Refreshing org.springframework.context.support.ClassPathXmlApplicationContext@5c0f508b: startup date [Tue Oct 10 17:02:58 EDT 2017]; root of context hierarchy
Oct 10, 2017 5:02:58 PM org.springframework.beans.factory.xml.XmlBeanDefinitionReader loadBeanDefinitions
INFO: Loading XML bean definitions from class path resource [applicationContext.xml]
Oct 10, 2017 5:02:58 PM org.springframework.context.support.ClassPathXmlApplicationContext prepareRefresh
INFO: Refreshing org.springframework.context.support.ClassPathXmlApplicationContext@270ab7bc: startup date [Tue Oct 10 17:02:58 EDT 2017]; root of context hierarchy
Oct 10, 2017 5:02:58 PM org.springframework.beans.factory.xml.XmlBeanDefinitionReader loadBeanDefinitions
INFO: Loading XML bean definitions from class path resource [applicationContext.xml]
Oct 10, 2017 5:02:58 PM org.springframework.context.support.ClassPathXmlApplicationContext prepareRefresh
INFO: Refreshing org.springframework.context.support.ClassPathXmlApplicationContext@20923380: startup date [Tue Oct 10 17:02:58 EDT 2017]; root of context hierarchy
Oct 10, 2017 5:02:58 PM org.springframework.beans.factory.xml.XmlBeanDefinitionReader loadBeanDefinitions
INFO: Loading XML bean definitions from class path resource [applicationContext.xml]
Oct 10, 2017 5:02:58 PM org.springframework.context.support.ClassPathXmlApplicationContext prepareRefresh
INFO: Refreshing org.springframework.context.support.ClassPathXmlApplicationContext@69a3944: startup date [Tue Oct 10 17:02:58 EDT 2017]; root of context hierarchy
Oct 10, 2017 5:02:58 PM org.springframework.beans.factory.xml.XmlBeanDefinitionReader loadBeanDefinitions
INFO: Loading XML bean definitions from class path resource [applicationContext.xml]
Oct 10, 2017 5:02:58 PM org.springframework.context.support.ClassPathXmlApplicationContext prepareRefresh
INFO: Refreshing org.springframework.context.support.ClassPathXmlApplicationContext@6d38a81d: startup date [Tue Oct 10 17:02:58 EDT 2017]; root of context hierarchy
Oct 10, 2017 5:02:58 PM org.springframework.beans.factory.xml.XmlBeanDefinitionReader loadBeanDefinitions
INFO: Loading XML bean definitions from class path resource [applicationContext.xml]
Oct 10, 2017 5:02:58 PM org.springframework.context.support.ClassPathXmlApplicationContext prepareRefresh
INFO: Refreshing org.springframework.context.support.ClassPathXmlApplicationContext@69c51fdb: startup date [Tue Oct 10 17:02:58 EDT 2017]; root of context hierarchy
Oct 10, 2017 5:02:58 PM org.springframework.beans.factory.xml.XmlBeanDefinitionReader loadBeanDefinitions
INFO: Loading XML bean definitions from class path resource [applicationContext.xml]
Oct 10, 2017 5:02:58 PM org.springframework.context.support.ClassPathXmlApplicationContext prepareRefresh
INFO: Refreshing org.springframework.context.support.ClassPathXmlApplicationContext@51b11186: startup date [Tue Oct 10 17:02:58 EDT 2017]; root of context hierarchy
Oct 10, 2017 5:02:58 PM org.springframework.beans.factory.xml.XmlBeanDefinitionReader loadBeanDefinitions
INFO: Loading XML bean definitions from class path resource [applicationContext.xml]
Oct 10, 2017 5:02:58 PM org.springframework.context.support.ClassPathXmlApplicationContext prepareRefresh
INFO: Refreshing org.springframework.context.support.ClassPathXmlApplicationContext@14980819: startup date [Tue Oct 10 17:02:58 EDT 2017]; root of context hierarchy
Oct 10, 2017 5:02:58 PM org.springframework.beans.factory.xml.XmlBeanDefinitionReader loadBeanDefinitions
INFO: Loading XML bean definitions from class path resource [applicationContext.xml]
Oct 10, 2017 5:02:58 PM org.springframework.context.support.ClassPathXmlApplicationContext prepareRefresh
INFO: Refreshing org.springframework.context.support.ClassPathXmlApplicationContext@42457891: startup date [Tue Oct 10 17:02:58 EDT 2017]; root of context hierarchy
Oct 10, 2017 5:02:58 PM org.springframework.beans.factory.xml.XmlBeanDefinitionReader loadBeanDefinitions
INFO: Loading XML bean definitions from class path resource [applicationContext.xml]
Oct 10, 2017 5:02:58 PM org.springframework.context.support.ClassPathXmlApplicationContext prepareRefresh
INFO: Refreshing org.springframework.context.support.ClassPathXmlApplicationContext@47e70f54: startup date [Tue Oct 10 17:02:58 EDT 2017]; root of context hierarchy
Oct 10, 2017 5:02:58 PM org.springframework.beans.factory.xml.XmlBeanDefinitionReader loadBeanDefinitions
INFO: Loading XML bean definitions from class path resource [applicationContext.xml]
Oct 10, 2017 5:02:58 PM org.springframework.context.support.ClassPathXmlApplicationContext prepareRefresh
INFO: Refreshing org.springframework.context.support.ClassPathXmlApplicationContext@47400608: startup date [Tue Oct 10 17:02:58 EDT 2017]; root of context hierarchy
Oct 10, 2017 5:02:58 PM org.springframework.beans.factory.xml.XmlBeanDefinitionReader loadBeanDefinitions
INFO: Loading XML bean definitions from class path resource [applicationContext.xml]
Oct 10, 2017 5:02:58 PM org.springframework.context.support.ClassPathXmlApplicationContext prepareRefresh
INFO: Refreshing org.springframework.context.support.ClassPathXmlApplicationContext@51bc649e: startup date [Tue Oct 10 17:02:58 EDT 2017]; root of context hierarchy
Oct 10, 2017 5:02:58 PM org.springframework.beans.factory.xml.XmlBeanDefinitionReader loadBeanDefinitions
INFO: Loading XML bean definitions from class path resource [applicationContext.xml]
Oct 10, 2017 5:02:58 PM org.springframework.context.support.ClassPathXmlApplicationContext prepareRefresh
INFO: Refreshing org.springframework.context.support.ClassPathXmlApplicationContext@39b9dc35: startup date [Tue Oct 10 17:02:58 EDT 2017]; root of context hierarchy
Oct 10, 2017 5:02:58 PM org.springframework.beans.factory.xml.XmlBeanDefinitionReader loadBeanDefinitions
INFO: Loading XML bean definitions from class path resource [applicationContext.xml]
Oct 10, 2017 5:02:58 PM org.springframework.context.support.ClassPathXmlApplicationContext prepareRefresh
INFO: Refreshing org.springframework.context.support.ClassPathXmlApplicationContext@6e80de85: startup date [Tue Oct 10 17:02:58 EDT 2017]; root of context hierarchy
Oct 10, 2017 5:02:58 PM org.springframework.beans.factory.xml.XmlBeanDefinitionReader loadBeanDefinitions
INFO: Loading XML bean definitions from class path resource [applicationContext.xml]
Oct 10, 2017 5:02:58 PM org.springframework.context.support.ClassPathXmlApplicationContext prepareRefresh
INFO: Refreshing org.springframework.context.support.ClassPathXmlApplicationContext@6094ad4: startup date [Tue Oct 10 17:02:58 EDT 2017]; root of context hierarchy
Oct 10, 2017 5:02:58 PM org.springframework.beans.factory.xml.XmlBeanDefinitionReader loadBeanDefinitions
INFO: Loading XML bean definitions from class path resource [applicationContext.xml]
Oct 10, 2017 5:02:58 PM org.springframework.context.support.ClassPathXmlApplicationContext prepareRefresh
INFO: Refreshing org.springframework.context.support.ClassPathXmlApplicationContext@3f267e1b: startup date [Tue Oct 10 17:02:58 EDT 2017]; root of context hierarchy
Oct 10, 2017 5:02:58 PM org.springframework.beans.factory.xml.XmlBeanDefinitionReader loadBeanDefinitions
INFO: Loading XML bean definitions from class path resource [applicationContext.xml]
Oct 10, 2017 5:02:58 PM org.springframework.context.support.ClassPathXmlApplicationContext prepareRefresh
INFO: Refreshing org.springframework.context.support.ClassPathXmlApplicationContext@2eb9c7ad: startup date [Tue Oct 10 17:02:58 EDT 2017]; root of context hierarchy
Oct 10, 2017 5:02:58 PM org.springframework.beans.factory.xml.XmlBeanDefinitionReader loadBeanDefinitions
INFO: Loading XML bean definitions from class path resource [applicationContext.xml]
Oct 10, 2017 5:02:58 PM org.springframework.context.support.ClassPathXmlApplicationContext prepareRefresh
INFO: Refreshing org.springframework.context.support.ClassPathXmlApplicationContext@360d3f47: startup date [Tue Oct 10 17:02:58 EDT 2017]; root of context hierarchy
Oct 10, 2017 5:02:58 PM org.springframework.beans.factory.xml.XmlBeanDefinitionReader loadBeanDefinitions
INFO: Loading XML bean definitions from class path resource [applicationContext.xml]
Oct 10, 2017 5:02:58 PM org.springframework.context.support.ClassPathXmlApplicationContext prepareRefresh
INFO: Refreshing org.springframework.context.support.ClassPathXmlApplicationContext@2d5435d4: startup date [Tue Oct 10 17:02:58 EDT 2017]; root of context hierarchy
Oct 10, 2017 5:02:58 PM org.springframework.beans.factory.xml.XmlBeanDefinitionReader loadBeanDefinitions
INFO: Loading XML bean definitions from class path resource [applicationContext.xml]
Oct 10, 2017 5:02:58 PM org.springframework.context.support.ClassPathXmlApplicationContext prepareRefresh
INFO: Refreshing org.springframework.context.support.ClassPathXmlApplicationContext@ff12b53: startup date [Tue Oct 10 17:02:58 EDT 2017]; root of context hierarchy
Oct 10, 2017 5:02:58 PM org.springframework.beans.factory.xml.XmlBeanDefinitionReader loadBeanDefinitions
INFO: Loading XML bean definitions from class path resource [applicationContext.xml]
Oct 10, 2017 5:02:58 PM org.springframework.context.support.ClassPathXmlApplicationContext prepareRefresh
INFO: Refreshing org.springframework.context.support.ClassPathXmlApplicationContext@7c013560: startup date [Tue Oct 10 17:02:58 EDT 2017]; root of context hierarchy
Oct 10, 2017 5:02:58 PM org.springframework.beans.factory.xml.XmlBeanDefinitionReader loadBeanDefinitions
INFO: Loading XML bean definitions from class path resource [applicationContext.xml]
Oct 10, 2017 5:02:58 PM org.springframework.context.support.ClassPathXmlApplicationContext prepareRefresh
INFO: Refreshing org.springframework.context.support.ClassPathXmlApplicationContext@41120e48: startup date [Tue Oct 10 17:02:58 EDT 2017]; root of context hierarchy
Oct 10, 2017 5:02:58 PM org.springframework.beans.factory.xml.XmlBeanDefinitionReader loadBeanDefinitions
INFO: Loading XML bean definitions from class path resource [applicationContext.xml]
Oct 10, 2017 5:02:58 PM org.springframework.context.support.ClassPathXmlApplicationContext prepareRefresh
INFO: Refreshing org.springframework.context.support.ClassPathXmlApplicationContext@44f338ec: startup date [Tue Oct 10 17:02:58 EDT 2017]; root of context hierarchy
Oct 10, 2017 5:02:58 PM org.springframework.beans.factory.xml.XmlBeanDefinitionReader loadBeanDefinitions
INFO: Loading XML bean definitions from class path resource [applicationContext.xml]
Oct 10, 2017 5:02:58 PM org.springframework.context.support.ClassPathXmlApplicationContext prepareRefresh
INFO: Refreshing org.springframework.context.support.ClassPathXmlApplicationContext@407d2a01: startup date [Tue Oct 10 17:02:58 EDT 2017]; root of context hierarchy
Oct 10, 2017 5:02:58 PM org.springframework.beans.factory.xml.XmlBeanDefinitionReader loadBeanDefinitions
INFO: Loading XML bean definitions from class path resource [applicationContext.xml]
Oct 10, 2017 5:02:58 PM org.springframework.context.support.ClassPathXmlApplicationContext prepareRefresh
INFO: Refreshing org.springframework.context.support.ClassPathXmlApplicationContext@75973f7a: startup date [Tue Oct 10 17:02:58 EDT 2017]; root of context hierarchy
Oct 10, 2017 5:02:58 PM org.springframework.beans.factory.xml.XmlBeanDefinitionReader loadBeanDefinitions
INFO: Loading XML bean definitions from class path resource [applicationContext.xml]
Oct 10, 2017 5:02:58 PM org.springframework.context.support.ClassPathXmlApplicationContext prepareRefresh
INFO: Refreshing org.springframework.context.support.ClassPathXmlApplicationContext@3872867d: startup date [Tue Oct 10 17:02:58 EDT 2017]; root of context hierarchy
Oct 10, 2017 5:02:58 PM org.springframework.beans.factory.xml.XmlBeanDefinitionReader loadBeanDefinitions
INFO: Loading XML bean definitions from class path resource [applicationContext.xml]
Oct 10, 2017 5:02:58 PM org.springframework.context.support.ClassPathXmlApplicationContext prepareRefresh
INFO: Refreshing org.springframework.context.support.ClassPathXmlApplicationContext@362e709e: startup date [Tue Oct 10 17:02:58 EDT 2017]; root of context hierarchy
Oct 10, 2017 5:02:58 PM org.springframework.beans.factory.xml.XmlBeanDefinitionReader loadBeanDefinitions
INFO: Loading XML bean definitions from class path resource [applicationContext.xml]
Oct 10, 2017 5:02:58 PM org.springframework.context.support.ClassPathXmlApplicationContext prepareRefresh
INFO: Refreshing org.springframework.context.support.ClassPathXmlApplicationContext@65b7678a: startup date [Tue Oct 10 17:02:58 EDT 2017]; root of context hierarchy
Oct 10, 2017 5:02:58 PM org.springframework.beans.factory.xml.XmlBeanDefinitionReader loadBeanDefinitions
INFO: Loading XML bean definitions from class path resource [applicationContext.xml]
Oct 10, 2017 5:02:58 PM org.springframework.context.support.ClassPathXmlApplicationContext prepareRefresh
INFO: Refreshing org.springframework.context.support.ClassPathXmlApplicationContext@33478a2f: startup date [Tue Oct 10 17:02:58 EDT 2017]; root of context hierarchy
Oct 10, 2017 5:02:58 PM org.springframework.beans.factory.xml.XmlBeanDefinitionReader loadBeanDefinitions
INFO: Loading XML bean definitions from class path resource [applicationContext.xml]
Oct 10, 2017 5:02:58 PM org.springframework.context.support.ClassPathXmlApplicationContext prepareRefresh
INFO: Refreshing org.springframework.context.support.ClassPathXmlApplicationContext@551725e4: startup date [Tue Oct 10 17:02:58 EDT 2017]; root of context hierarchy
Oct 10, 2017 5:02:58 PM org.springframework.beans.factory.xml.XmlBeanDefinitionReader loadBeanDefinitions
INFO: Loading XML bean definitions from class path resource [applicationContext.xml]
Oct 10, 2017 5:02:58 PM org.springframework.context.support.ClassPathXmlApplicationContext prepareRefresh
INFO: Refreshing org.springframework.context.support.ClassPathXmlApplicationContext@5b3c11ce: startup date [Tue Oct 10 17:02:58 EDT 2017]; root of context hierarchy
Oct 10, 2017 5:02:58 PM org.springframework.beans.factory.xml.XmlBeanDefinitionReader loadBeanDefinitions
INFO: Loading XML bean definitions from class path resource [applicationContext.xml]
Oct 10, 2017 5:02:58 PM org.springframework.context.support.ClassPathXmlApplicationContext prepareRefresh
INFO: Refreshing org.springframework.context.support.ClassPathXmlApplicationContext@6158113e: startup date [Tue Oct 10 17:02:58 EDT 2017]; root of context hierarchy
Oct 10, 2017 5:02:58 PM org.springframework.beans.factory.xml.XmlBeanDefinitionReader loadBeanDefinitions
INFO: Loading XML bean definitions from class path resource [applicationContext.xml]
Oct 10, 2017 5:02:58 PM org.springframework.context.support.ClassPathXmlApplicationContext prepareRefresh
INFO: Refreshing org.springframework.context.support.ClassPathXmlApplicationContext@3ccc4ca0: startup date [Tue Oct 10 17:02:58 EDT 2017]; root of context hierarchy
Oct 10, 2017 5:02:58 PM org.springframework.beans.factory.xml.XmlBeanDefinitionReader loadBeanDefinitions
INFO: Loading XML bean definitions from class path resource [applicationContext.xml]
Oct 10, 2017 5:02:58 PM org.springframework.context.support.ClassPathXmlApplicationContext prepareRefresh
INFO: Refreshing org.springframework.context.support.ClassPathXmlApplicationContext@5837cb9e: startup date [Tue Oct 10 17:02:58 EDT 2017]; root of context hierarchy
Oct 10, 2017 5:02:58 PM org.springframework.beans.factory.xml.XmlBeanDefinitionReader loadBeanDefinitions
INFO: Loading XML bean definitions from class path resource [applicationContext.xml]
Oct 10, 2017 5:02:58 PM org.springframework.context.support.ClassPathXmlApplicationContext prepareRefresh
INFO: Refreshing org.springframework.context.support.ClassPathXmlApplicationContext@1c25385a: startup date [Tue Oct 10 17:02:58 EDT 2017]; root of context hierarchy
Oct 10, 2017 5:02:58 PM org.springframework.beans.factory.xml.XmlBeanDefinitionReader loadBeanDefinitions
INFO: Loading XML bean definitions from class path resource [applicationContext.xml]
Oct 10, 2017 5:02:58 PM org.springframework.context.support.ClassPathXmlApplicationContext prepareRefresh
INFO: Refreshing org.springframework.context.support.ClassPathXmlApplicationContext@7e2f16bd: startup date [Tue Oct 10 17:02:58 EDT 2017]; root of context hierarchy
Oct 10, 2017 5:02:58 PM org.springframework.beans.factory.xml.XmlBeanDefinitionReader loadBeanDefinitions
INFO: Loading XML bean definitions from class path resource [applicationContext.xml]
Oct 10, 2017 5:02:58 PM org.springframework.context.support.ClassPathXmlApplicationContext prepareRefresh
INFO: Refreshing org.springframework.context.support.ClassPathXmlApplicationContext@3b28ab9b: startup date [Tue Oct 10 17:02:58 EDT 2017]; root of context hierarchy
Oct 10, 2017 5:02:58 PM org.springframework.beans.factory.xml.XmlBeanDefinitionReader loadBeanDefinitions
INFO: Loading XML bean definitions from class path resource [applicationContext.xml]
Oct 10, 2017 5:02:58 PM org.springframework.context.support.ClassPathXmlApplicationContext prepareRefresh
INFO: Refreshing org.springframework.context.support.ClassPathXmlApplicationContext@506e382b: startup date [Tue Oct 10 17:02:58 EDT 2017]; root of context hierarchy
Oct 10, 2017 5:02:58 PM org.springframework.beans.factory.xml.XmlBeanDefinitionReader loadBeanDefinitions
INFO: Loading XML bean definitions from class path resource [applicationContext.xml]
Oct 10, 2017 5:02:58 PM org.springframework.context.support.ClassPathXmlApplicationContext prepareRefresh
INFO: Refreshing org.springframework.context.support.ClassPathXmlApplicationContext@51d2d336: startup date [Tue Oct 10 17:02:58 EDT 2017]; root of context hierarchy
Oct 10, 2017 5:02:58 PM org.springframework.beans.factory.xml.XmlBeanDefinitionReader loadBeanDefinitions
INFO: Loading XML bean definitions from class path resource [applicationContext.xml]
Oct 10, 2017 5:02:58 PM org.springframework.context.support.ClassPathXmlApplicationContext prepareRefresh
INFO: Refreshing org.springframework.context.support.ClassPathXmlApplicationContext@296949c8: startup date [Tue Oct 10 17:02:58 EDT 2017]; root of context hierarchy
Oct 10, 2017 5:02:58 PM org.springframework.beans.factory.xml.XmlBeanDefinitionReader loadBeanDefinitions
INFO: Loading XML bean definitions from class path resource [applicationContext.xml]
Oct 10, 2017 5:02:58 PM org.springframework.context.support.ClassPathXmlApplicationContext prepareRefresh
INFO: Refreshing org.springframework.context.support.ClassPathXmlApplicationContext@532e00bd: startup date [Tue Oct 10 17:02:58 EDT 2017]; root of context hierarchy
Oct 10, 2017 5:02:58 PM org.springframework.beans.factory.xml.XmlBeanDefinitionReader loadBeanDefinitions
INFO: Loading XML bean definitions from class path resource [applicationContext.xml]
Oct 10, 2017 5:02:58 PM org.springframework.context.support.ClassPathXmlApplicationContext prepareRefresh
INFO: Refreshing org.springframework.context.support.ClassPathXmlApplicationContext@727de450: startup date [Tue Oct 10 17:02:58 EDT 2017]; root of context hierarchy
Oct 10, 2017 5:02:58 PM org.springframework.beans.factory.xml.XmlBeanDefinitionReader loadBeanDefinitions
INFO: Loading XML bean definitions from class path resource [applicationContext.xml]
Oct 10, 2017 5:02:58 PM org.springframework.context.support.ClassPathXmlApplicationContext prepareRefresh
INFO: Refreshing org.springframework.context.support.ClassPathXmlApplicationContext@3e265811: startup date [Tue Oct 10 17:02:58 EDT 2017]; root of context hierarchy
Oct 10, 2017 5:02:58 PM org.springframework.beans.factory.xml.XmlBeanDefinitionReader loadBeanDefinitions
INFO: Loading XML bean definitions from class path resource [applicationContext.xml]
Oct 10, 2017 5:02:58 PM org.springframework.context.support.ClassPathXmlApplicationContext prepareRefresh
INFO: Refreshing org.springframework.context.support.ClassPathXmlApplicationContext@733e3c19: startup date [Tue Oct 10 17:02:58 EDT 2017]; root of context hierarchy
Oct 10, 2017 5:02:58 PM org.springframework.beans.factory.xml.XmlBeanDefinitionReader loadBeanDefinitions
INFO: Loading XML bean definitions from class path resource [applicationContext.xml]
Oct 10, 2017 5:02:58 PM org.springframework.context.support.ClassPathXmlApplicationContext prepareRefresh
INFO: Refreshing org.springframework.context.support.ClassPathXmlApplicationContext@7be86438: startup date [Tue Oct 10 17:02:58 EDT 2017]; root of context hierarchy
Oct 10, 2017 5:02:58 PM org.springframework.beans.factory.xml.XmlBeanDefinitionReader loadBeanDefinitions
INFO: Loading XML bean definitions from class path resource [applicationContext.xml]
Oct 10, 2017 5:02:58 PM org.springframework.context.support.ClassPathXmlApplicationContext prepareRefresh
INFO: Refreshing org.springframework.context.support.ClassPathXmlApplicationContext@751b901a: startup date [Tue Oct 10 17:02:58 EDT 2017]; root of context hierarchy
Oct 10, 2017 5:02:58 PM org.springframework.beans.factory.xml.XmlBeanDefinitionReader loadBeanDefinitions
INFO: Loading XML bean definitions from class path resource [applicationContext.xml]
Oct 10, 2017 5:02:58 PM org.springframework.context.support.ClassPathXmlApplicationContext prepareRefresh
INFO: Refreshing org.springframework.context.support.ClassPathXmlApplicationContext@619b7436: startup date [Tue Oct 10 17:02:58 EDT 2017]; root of context hierarchy
Oct 10, 2017 5:02:58 PM org.springframework.beans.factory.xml.XmlBeanDefinitionReader loadBeanDefinitions
INFO: Loading XML bean definitions from class path resource [applicationContext.xml]
Oct 10, 2017 5:02:58 PM org.springframework.context.support.ClassPathXmlApplicationContext prepareRefresh
INFO: Refreshing org.springframework.context.support.ClassPathXmlApplicationContext@530a46f4: startup date [Tue Oct 10 17:02:58 EDT 2017]; root of context hierarchy
Oct 10, 2017 5:02:58 PM org.springframework.beans.factory.xml.XmlBeanDefinitionReader loadBeanDefinitions
INFO: Loading XML bean definitions from class path resource [applicationContext.xml]
Oct 10, 2017 5:02:58 PM org.springframework.context.support.ClassPathXmlApplicationContext prepareRefresh
INFO: Refreshing org.springframework.context.support.ClassPathXmlApplicationContext@6a0aa5e2: startup date [Tue Oct 10 17:02:58 EDT 2017]; root of context hierarchy
Oct 10, 2017 5:02:58 PM org.springframework.beans.factory.xml.XmlBeanDefinitionReader loadBeanDefinitions
INFO: Loading XML bean definitions from class path resource [applicationContext.xml]
Oct 10, 2017 5:02:58 PM org.springframework.context.support.ClassPathXmlApplicationContext prepareRefresh
INFO: Refreshing org.springframework.context.support.ClassPathXmlApplicationContext@20ad64c: startup date [Tue Oct 10 17:02:58 EDT 2017]; root of context hierarchy
Oct 10, 2017 5:02:58 PM org.springframework.beans.factory.xml.XmlBeanDefinitionReader loadBeanDefinitions
INFO: Loading XML bean definitions from class path resource [applicationContext.xml]
Oct 10, 2017 5:02:58 PM org.springframework.context.support.ClassPathXmlApplicationContext prepareRefresh
INFO: Refreshing org.springframework.context.support.ClassPathXmlApplicationContext@41935a9d: startup date [Tue Oct 10 17:02:58 EDT 2017]; root of context hierarchy
Oct 10, 2017 5:02:58 PM org.springframework.beans.factory.xml.XmlBeanDefinitionReader loadBeanDefinitions
INFO: Loading XML bean definitions from class path resource [applicationContext.xml]
Oct 10, 2017 5:02:58 PM org.springframework.context.support.ClassPathXmlApplicationContext prepareRefresh
INFO: Refreshing org.springframework.context.support.ClassPathXmlApplicationContext@345af277: startup date [Tue Oct 10 17:02:58 EDT 2017]; root of context hierarchy
Oct 10, 2017 5:02:58 PM org.springframework.beans.factory.xml.XmlBeanDefinitionReader loadBeanDefinitions
INFO: Loading XML bean definitions from class path resource [applicationContext.xml]
Oct 10, 2017 5:02:58 PM org.springframework.context.support.ClassPathXmlApplicationContext prepareRefresh
INFO: Refreshing org.springframework.context.support.ClassPathXmlApplicationContext@36ae17ef: startup date [Tue Oct 10 17:02:58 EDT 2017]; root of context hierarchy
Oct 10, 2017 5:02:58 PM org.springframework.beans.factory.xml.XmlBeanDefinitionReader loadBeanDefinitions
INFO: Loading XML bean definitions from class path resource [applicationContext.xml]
Oct 10, 2017 5:02:58 PM org.springframework.context.support.ClassPathXmlApplicationContext prepareRefresh
INFO: Refreshing org.springframework.context.support.ClassPathXmlApplicationContext@5c6be812: startup date [Tue Oct 10 17:02:58 EDT 2017]; root of context hierarchy
Oct 10, 2017 5:02:58 PM org.springframework.beans.factory.xml.XmlBeanDefinitionReader loadBeanDefinitions
INFO: Loading XML bean definitions from class path resource [applicationContext.xml]
Oct 10, 2017 5:02:58 PM org.springframework.context.support.ClassPathXmlApplicationContext prepareRefresh
INFO: Refreshing org.springframework.context.support.ClassPathXmlApplicationContext@2318651f: startup date [Tue Oct 10 17:02:58 EDT 2017]; root of context hierarchy
Oct 10, 2017 5:02:58 PM org.springframework.beans.factory.xml.XmlBeanDefinitionReader loadBeanDefinitions
INFO: Loading XML bean definitions from class path resource [applicationContext.xml]
Oct 10, 2017 5:02:58 PM org.springframework.context.support.ClassPathXmlApplicationContext prepareRefresh
INFO: Refreshing org.springframework.context.support.ClassPathXmlApplicationContext@4e9d203e: startup date [Tue Oct 10 17:02:58 EDT 2017]; root of context hierarchy
Oct 10, 2017 5:02:58 PM org.springframework.beans.factory.xml.XmlBeanDefinitionReader loadBeanDefinitions
INFO: Loading XML bean definitions from class path resource [applicationContext.xml]
Oct 10, 2017 5:02:58 PM org.springframework.context.support.ClassPathXmlApplicationContext prepareRefresh
INFO: Refreshing org.springframework.context.support.ClassPathXmlApplicationContext@1cb73a92: startup date [Tue Oct 10 17:02:58 EDT 2017]; root of context hierarchy
Oct 10, 2017 5:02:58 PM org.springframework.beans.factory.xml.XmlBeanDefinitionReader loadBeanDefinitions
INFO: Loading XML bean definitions from class path resource [applicationContext.xml]
Oct 10, 2017 5:02:58 PM org.springframework.context.support.ClassPathXmlApplicationContext prepareRefresh
INFO: Refreshing org.springframework.context.support.ClassPathXmlApplicationContext@17e4beda: startup date [Tue Oct 10 17:02:58 EDT 2017]; root of context hierarchy
Oct 10, 2017 5:02:58 PM org.springframework.beans.factory.xml.XmlBeanDefinitionReader loadBeanDefinitions
INFO: Loading XML bean definitions from class path resource [applicationContext.xml]
Oct 10, 2017 5:02:58 PM org.springframework.context.support.ClassPathXmlApplicationContext prepareRefresh
INFO: Refreshing org.springframework.context.support.ClassPathXmlApplicationContext@be9bf2e: startup date [Tue Oct 10 17:02:58 EDT 2017]; root of context hierarchy
Oct 10, 2017 5:02:58 PM org.springframework.beans.factory.xml.XmlBeanDefinitionReader loadBeanDefinitions
INFO: Loading XML bean definitions from class path resource [applicationContext.xml]
Oct 10, 2017 5:02:58 PM org.springframework.context.support.ClassPathXmlApplicationContext prepareRefresh
INFO: Refreshing org.springframework.context.support.ClassPathXmlApplicationContext@6c569caf: startup date [Tue Oct 10 17:02:58 EDT 2017]; root of context hierarchy
Oct 10, 2017 5:02:58 PM org.springframework.beans.factory.xml.XmlBeanDefinitionReader loadBeanDefinitions
INFO: Loading XML bean definitions from class path resource [applicationContext.xml]
Oct 10, 2017 5:02:58 PM org.springframework.context.support.ClassPathXmlApplicationContext prepareRefresh
INFO: Refreshing org.springframework.context.support.ClassPathXmlApplicationContext@682270ff: startup date [Tue Oct 10 17:02:58 EDT 2017]; root of context hierarchy
Oct 10, 2017 5:02:58 PM org.springframework.beans.factory.xml.XmlBeanDefinitionReader loadBeanDefinitions
INFO: Loading XML bean definitions from class path resource [applicationContext.xml]
Oct 10, 2017 5:02:58 PM org.springframework.context.support.ClassPathXmlApplicationContext prepareRefresh
INFO: Refreshing org.springframework.context.support.ClassPathXmlApplicationContext@121c1a08: startup date [Tue Oct 10 17:02:58 EDT 2017]; root of context hierarchy
Oct 10, 2017 5:02:58 PM org.springframework.beans.factory.xml.XmlBeanDefinitionReader loadBeanDefinitions
INFO: Loading XML bean definitions from class path resource [applicationContext.xml]
Oct 10, 2017 5:02:58 PM org.springframework.context.support.ClassPathXmlApplicationContext prepareRefresh
INFO: Refreshing org.springframework.context.support.ClassPathXmlApplicationContext@3bdc8975: startup date [Tue Oct 10 17:02:58 EDT 2017]; root of context hierarchy
Oct 10, 2017 5:02:58 PM org.springframework.beans.factory.xml.XmlBeanDefinitionReader loadBeanDefinitions
INFO: Loading XML bean definitions from class path resource [applicationContext.xml]
Oct 10, 2017 5:02:58 PM org.springframework.context.support.ClassPathXmlApplicationContext prepareRefresh
INFO: Refreshing org.springframework.context.support.ClassPathXmlApplicationContext@1a82453: startup date [Tue Oct 10 17:02:58 EDT 2017]; root of context hierarchy
Oct 10, 2017 5:02:59 PM org.springframework.beans.factory.xml.XmlBeanDefinitionReader loadBeanDefinitions
INFO: Loading XML bean definitions from class path resource [applicationContext.xml]
Oct 10, 2017 5:02:59 PM org.springframework.context.support.ClassPathXmlApplicationContext prepareRefresh
INFO: Refreshing org.springframework.context.support.ClassPathXmlApplicationContext@57f6fc09: startup date [Tue Oct 10 17:02:59 EDT 2017]; root of context hierarchy
Oct 10, 2017 5:02:59 PM org.springframework.beans.factory.xml.XmlBeanDefinitionReader loadBeanDefinitions
INFO: Loading XML bean definitions from class path resource [applicationContext.xml]
Oct 10, 2017 5:02:59 PM org.springframework.context.support.ClassPathXmlApplicationContext prepareRefresh
INFO: Refreshing org.springframework.context.support.ClassPathXmlApplicationContext@13976c57: startup date [Tue Oct 10 17:02:59 EDT 2017]; root of context hierarchy
Oct 10, 2017 5:02:59 PM org.springframework.beans.factory.xml.XmlBeanDefinitionReader loadBeanDefinitions
INFO: Loading XML bean definitions from class path resource [applicationContext.xml]
Oct 10, 2017 5:02:59 PM org.springframework.context.support.ClassPathXmlApplicationContext prepareRefresh
INFO: Refreshing org.springframework.context.support.ClassPathXmlApplicationContext@28b47211: startup date [Tue Oct 10 17:02:59 EDT 2017]; root of context hierarchy
Oct 10, 2017 5:02:59 PM org.springframework.beans.factory.xml.XmlBeanDefinitionReader loadBeanDefinitions
INFO: Loading XML bean definitions from class path resource [applicationContext.xml]
Oct 10, 2017 5:02:59 PM org.springframework.context.support.ClassPathXmlApplicationContext prepareRefresh
INFO: Refreshing org.springframework.context.support.ClassPathXmlApplicationContext@42d96745: startup date [Tue Oct 10 17:02:59 EDT 2017]; root of context hierarchy
Oct 10, 2017 5:02:59 PM org.springframework.beans.factory.xml.XmlBeanDefinitionReader loadBeanDefinitions
INFO: Loading XML bean definitions from class path resource [applicationContext.xml]
Oct 10, 2017 5:02:59 PM org.springframework.context.support.ClassPathXmlApplicationContext prepareRefresh
INFO: Refreshing org.springframework.context.support.ClassPathXmlApplicationContext@99948fe: startup date [Tue Oct 10 17:02:59 EDT 2017]; root of context hierarchy
Oct 10, 2017 5:02:59 PM org.springframework.beans.factory.xml.XmlBeanDefinitionReader loadBeanDefinitions
INFO: Loading XML bean definitions from class path resource [applicationContext.xml]
Oct 10, 2017 5:02:59 PM org.springframework.context.support.ClassPathXmlApplicationContext prepareRefresh
INFO: Refreshing org.springframework.context.support.ClassPathXmlApplicationContext@76641439: startup date [Tue Oct 10 17:02:59 EDT 2017]; root of context hierarchy
Oct 10, 2017 5:02:59 PM org.springframework.beans.factory.xml.XmlBeanDefinitionReader loadBeanDefinitions
INFO: Loading XML bean definitions from class path resource [applicationContext.xml]
Oct 10, 2017 5:02:59 PM org.springframework.context.support.ClassPathXmlApplicationContext prepareRefresh
INFO: Refreshing org.springframework.context.support.ClassPathXmlApplicationContext@58cd6088: startup date [Tue Oct 10 17:02:59 EDT 2017]; root of context hierarchy
Oct 10, 2017 5:02:59 PM org.springframework.beans.factory.xml.XmlBeanDefinitionReader loadBeanDefinitions
INFO: Loading XML bean definitions from class path resource [applicationContext.xml]
Oct 10, 2017 5:02:59 PM org.springframework.context.support.ClassPathXmlApplicationContext prepareRefresh
INFO: Refreshing org.springframework.context.support.ClassPathXmlApplicationContext@27b84c9a: startup date [Tue Oct 10 17:02:59 EDT 2017]; root of context hierarchy
Oct 10, 2017 5:02:59 PM org.springframework.beans.factory.xml.XmlBeanDefinitionReader loadBeanDefinitions
INFO: Loading XML bean definitions from class path resource [applicationContext.xml]
Oct 10, 2017 5:02:59 PM org.springframework.context.support.ClassPathXmlApplicationContext prepareRefresh
INFO: Refreshing org.springframework.context.support.ClassPathXmlApplicationContext@1d0acb8f: startup date [Tue Oct 10 17:02:59 EDT 2017]; root of context hierarchy
Oct 10, 2017 5:02:59 PM org.springframework.beans.factory.xml.XmlBeanDefinitionReader loadBeanDefinitions
INFO: Loading XML bean definitions from class path resource [applicationContext.xml]
Oct 10, 2017 5:02:59 PM org.springframework.context.support.ClassPathXmlApplicationContext prepareRefresh
INFO: Refreshing org.springframework.context.support.ClassPathXmlApplicationContext@44a1ae4e: startup date [Tue Oct 10 17:02:59 EDT 2017]; root of context hierarchy
Oct 10, 2017 5:02:59 PM org.springframework.beans.factory.xml.XmlBeanDefinitionReader loadBeanDefinitions
INFO: Loading XML bean definitions from class path resource [applicationContext.xml]
Oct 10, 2017 5:02:59 PM org.springframework.context.support.ClassPathXmlApplicationContext prepareRefresh
INFO: Refreshing org.springframework.context.support.ClassPathXmlApplicationContext@33ce081a: startup date [Tue Oct 10 17:02:59 EDT 2017]; root of context hierarchy
Oct 10, 2017 5:02:59 PM org.springframework.beans.factory.xml.XmlBeanDefinitionReader loadBeanDefinitions
INFO: Loading XML bean definitions from class path resource [applicationContext.xml]
Oct 10, 2017 5:02:59 PM org.springframework.context.support.ClassPathXmlApplicationContext prepareRefresh
INFO: Refreshing org.springframework.context.support.ClassPathXmlApplicationContext@eef6e: startup date [Tue Oct 10 17:02:59 EDT 2017]; root of context hierarchy
Oct 10, 2017 5:02:59 PM org.springframework.beans.factory.xml.XmlBeanDefinitionReader loadBeanDefinitions
INFO: Loading XML bean definitions from class path resource [applicationContext.xml]
Oct 10, 2017 5:02:59 PM org.springframework.context.support.ClassPathXmlApplicationContext prepareRefresh
INFO: Refreshing org.springframework.context.support.ClassPathXmlApplicationContext@439b0198: startup date [Tue Oct 10 17:02:59 EDT 2017]; root of context hierarchy
Oct 10, 2017 5:02:59 PM org.springframework.beans.factory.xml.XmlBeanDefinitionReader loadBeanDefinitions
INFO: Loading XML bean definitions from class path resource [applicationContext.xml]
Oct 10, 2017 5:02:59 PM org.springframework.context.support.ClassPathXmlApplicationContext prepareRefresh
INFO: Refreshing org.springframework.context.support.ClassPathXmlApplicationContext@308e465b: startup date [Tue Oct 10 17:02:59 EDT 2017]; root of context hierarchy
Oct 10, 2017 5:02:59 PM org.springframework.beans.factory.xml.XmlBeanDefinitionReader loadBeanDefinitions
INFO: Loading XML bean definitions from class path resource [applicationContext.xml]
Oct 10, 2017 5:02:59 PM org.springframework.context.support.ClassPathXmlApplicationContext prepareRefresh
INFO: Refreshing org.springframework.context.support.ClassPathXmlApplicationContext@1c149539: startup date [Tue Oct 10 17:02:59 EDT 2017]; root of context hierarchy
Oct 10, 2017 5:02:59 PM org.springframework.beans.factory.xml.XmlBeanDefinitionReader loadBeanDefinitions
INFO: Loading XML bean definitions from class path resource [applicationContext.xml]
Oct 10, 2017 5:02:59 PM org.springframework.context.support.ClassPathXmlApplicationContext prepareRefresh
INFO: Refreshing org.springframework.context.support.ClassPathXmlApplicationContext@4fe9fb65: startup date [Tue Oct 10 17:02:59 EDT 2017]; root of context hierarchy
Oct 10, 2017 5:02:59 PM org.springframework.beans.factory.xml.XmlBeanDefinitionReader loadBeanDefinitions
INFO: Loading XML bean definitions from class path resource [applicationContext.xml]
Oct 10, 2017 5:02:59 PM org.springframework.context.support.ClassPathXmlApplicationContext prepareRefresh
INFO: Refreshing org.springframework.context.support.ClassPathXmlApplicationContext@34a482d0: startup date [Tue Oct 10 17:02:59 EDT 2017]; root of context hierarchy
Oct 10, 2017 5:02:59 PM org.springframework.beans.factory.xml.XmlBeanDefinitionReader loadBeanDefinitions
INFO: Loading XML bean definitions from class path resource [applicationContext.xml]
Oct 10, 2017 5:02:59 PM org.springframework.context.support.ClassPathXmlApplicationContext prepareRefresh
INFO: Refreshing org.springframework.context.support.ClassPathXmlApplicationContext@3ae91bcc: startup date [Tue Oct 10 17:02:59 EDT 2017]; root of context hierarchy
Oct 10, 2017 5:02:59 PM org.springframework.beans.factory.xml.XmlBeanDefinitionReader loadBeanDefinitions
INFO: Loading XML bean definitions from class path resource [applicationContext.xml]
Oct 10, 2017 5:02:59 PM org.springframework.context.support.ClassPathXmlApplicationContext prepareRefresh
INFO: Refreshing org.springframework.context.support.ClassPathXmlApplicationContext@44cab872: startup date [Tue Oct 10 17:02:59 EDT 2017]; root of context hierarchy
Oct 10, 2017 5:02:59 PM org.springframework.beans.factory.xml.XmlBeanDefinitionReader loadBeanDefinitions
INFO: Loading XML bean definitions from class path resource [applicationContext.xml]
Oct 10, 2017 5:02:59 PM org.springframework.context.support.ClassPathXmlApplicationContext prepareRefresh
INFO: Refreshing org.springframework.context.support.ClassPathXmlApplicationContext@5bbf3869: startup date [Tue Oct 10 17:02:59 EDT 2017]; root of context hierarchy
Oct 10, 2017 5:02:59 PM org.springframework.beans.factory.xml.XmlBeanDefinitionReader loadBeanDefinitions
INFO: Loading XML bean definitions from class path resource [applicationContext.xml]
Oct 10, 2017 5:02:59 PM org.springframework.context.support.ClassPathXmlApplicationContext prepareRefresh
INFO: Refreshing org.springframework.context.support.ClassPathXmlApplicationContext@44ac94c2: startup date [Tue Oct 10 17:02:59 EDT 2017]; root of context hierarchy
Oct 10, 2017 5:02:59 PM org.springframework.beans.factory.xml.XmlBeanDefinitionReader loadBeanDefinitions
INFO: Loading XML bean definitions from class path resource [applicationContext.xml]
Oct 10, 2017 5:02:59 PM org.springframework.context.support.ClassPathXmlApplicationContext prepareRefresh
INFO: Refreshing org.springframework.context.support.ClassPathXmlApplicationContext@23a9400c: startup date [Tue Oct 10 17:02:59 EDT 2017]; root of context hierarchy
Oct 10, 2017 5:02:59 PM org.springframework.beans.factory.xml.XmlBeanDefinitionReader loadBeanDefinitions
INFO: Loading XML bean definitions from class path resource [applicationContext.xml]
Oct 10, 2017 5:02:59 PM org.springframework.context.support.ClassPathXmlApplicationContext prepareRefresh
INFO: Refreshing org.springframework.context.support.ClassPathXmlApplicationContext@7a25f8ee: startup date [Tue Oct 10 17:02:59 EDT 2017]; root of context hierarchy
Oct 10, 2017 5:02:59 PM org.springframework.beans.factory.xml.XmlBeanDefinitionReader loadBeanDefinitions
INFO: Loading XML bean definitions from class path resource [applicationContext.xml]
Oct 10, 2017 5:02:59 PM org.springframework.context.support.ClassPathXmlApplicationContext prepareRefresh
INFO: Refreshing org.springframework.context.support.ClassPathXmlApplicationContext@3b8ce72: startup date [Tue Oct 10 17:02:59 EDT 2017]; root of context hierarchy
Oct 10, 2017 5:02:59 PM org.springframework.beans.factory.xml.XmlBeanDefinitionReader loadBeanDefinitions
INFO: Loading XML bean definitions from class path resource [applicationContext.xml]
Oct 10, 2017 5:02:59 PM org.springframework.context.support.ClassPathXmlApplicationContext prepareRefresh
INFO: Refreshing org.springframework.context.support.ClassPathXmlApplicationContext@1eb207c3: startup date [Tue Oct 10 17:02:59 EDT 2017]; root of context hierarchy
Oct 10, 2017 5:02:59 PM org.springframework.beans.factory.xml.XmlBeanDefinitionReader loadBeanDefinitions
INFO: Loading XML bean definitions from class path resource [applicationContext.xml]
Oct 10, 2017 5:02:59 PM org.springframework.context.support.ClassPathXmlApplicationContext prepareRefresh
INFO: Refreshing org.springframework.context.support.ClassPathXmlApplicationContext@44f88149: startup date [Tue Oct 10 17:02:59 EDT 2017]; root of context hierarchy
Oct 10, 2017 5:02:59 PM org.springframework.beans.factory.xml.XmlBeanDefinitionReader loadBeanDefinitions
INFO: Loading XML bean definitions from class path resource [applicationContext.xml]
Oct 10, 2017 5:02:59 PM org.springframework.context.support.ClassPathXmlApplicationContext prepareRefresh
INFO: Refreshing org.springframework.context.support.ClassPathXmlApplicationContext@4607cbe2: startup date [Tue Oct 10 17:02:59 EDT 2017]; root of context hierarchy
Oct 10, 2017 5:02:59 PM org.springframework.beans.factory.xml.XmlBeanDefinitionReader loadBeanDefinitions
INFO: Loading XML bean definitions from class path resource [applicationContext.xml]
Oct 10, 2017 5:02:59 PM org.springframework.context.support.ClassPathXmlApplicationContext prepareRefresh
INFO: Refreshing org.springframework.context.support.ClassPathXmlApplicationContext@3687b83c: startup date [Tue Oct 10 17:02:59 EDT 2017]; root of context hierarchy
Oct 10, 2017 5:02:59 PM org.springframework.beans.factory.xml.XmlBeanDefinitionReader loadBeanDefinitions
INFO: Loading XML bean definitions from class path resource [applicationContext.xml]
Oct 10, 2017 5:02:59 PM org.springframework.context.support.ClassPathXmlApplicationContext prepareRefresh
INFO: Refreshing org.springframework.context.support.ClassPathXmlApplicationContext@772589ed: startup date [Tue Oct 10 17:02:59 EDT 2017]; root of context hierarchy
Oct 10, 2017 5:02:59 PM org.springframework.beans.factory.xml.XmlBeanDefinitionReader loadBeanDefinitions
INFO: Loading XML bean definitions from class path resource [applicationContext.xml]
Oct 10, 2017 5:02:59 PM org.springframework.context.support.ClassPathXmlApplicationContext prepareRefresh
INFO: Refreshing org.springframework.context.support.ClassPathXmlApplicationContext@49c72fb7: startup date [Tue Oct 10 17:02:59 EDT 2017]; root of context hierarchy
Oct 10, 2017 5:02:59 PM org.springframework.beans.factory.xml.XmlBeanDefinitionReader loadBeanDefinitions
INFO: Loading XML bean definitions from class path resource [applicationContext.xml]
Oct 10, 2017 5:02:59 PM org.springframework.context.support.ClassPathXmlApplicationContext prepareRefresh
INFO: Refreshing org.springframework.context.support.ClassPathXmlApplicationContext@6c3627c: startup date [Tue Oct 10 17:02:59 EDT 2017]; root of context hierarchy
Oct 10, 2017 5:02:59 PM org.springframework.beans.factory.xml.XmlBeanDefinitionReader loadBeanDefinitions
INFO: Loading XML bean definitions from class path resource [applicationContext.xml]
Oct 10, 2017 5:02:59 PM org.springframework.context.support.ClassPathXmlApplicationContext prepareRefresh
INFO: Refreshing org.springframework.context.support.ClassPathXmlApplicationContext@eb66b47: startup date [Tue Oct 10 17:02:59 EDT 2017]; root of context hierarchy
Oct 10, 2017 5:02:59 PM org.springframework.beans.factory.xml.XmlBeanDefinitionReader loadBeanDefinitions
INFO: Loading XML bean definitions from class path resource [applicationContext.xml]
Oct 10, 2017 5:02:59 PM org.springframework.context.support.ClassPathXmlApplicationContext prepareRefresh
INFO: Refreshing org.springframework.context.support.ClassPathXmlApplicationContext@69cc3370: startup date [Tue Oct 10 17:02:59 EDT 2017]; root of context hierarchy
Oct 10, 2017 5:02:59 PM org.springframework.beans.factory.xml.XmlBeanDefinitionReader loadBeanDefinitions
INFO: Loading XML bean definitions from class path resource [applicationContext.xml]
Oct 10, 2017 5:02:59 PM org.springframework.context.support.ClassPathXmlApplicationContext prepareRefresh
INFO: Refreshing org.springframework.context.support.ClassPathXmlApplicationContext@17d837ab: startup date [Tue Oct 10 17:02:59 EDT 2017]; root of context hierarchy
Oct 10, 2017 5:02:59 PM org.springframework.beans.factory.xml.XmlBeanDefinitionReader loadBeanDefinitions
INFO: Loading XML bean definitions from class path resource [applicationContext.xml]
Oct 10, 2017 5:02:59 PM org.springframework.context.support.ClassPathXmlApplicationContext prepareRefresh
INFO: Refreshing org.springframework.context.support.ClassPathXmlApplicationContext@e38d655: startup date [Tue Oct 10 17:02:59 EDT 2017]; root of context hierarchy
Oct 10, 2017 5:02:59 PM org.springframework.beans.factory.xml.XmlBeanDefinitionReader loadBeanDefinitions
INFO: Loading XML bean definitions from class path resource [applicationContext.xml]
Oct 10, 2017 5:02:59 PM org.springframework.context.support.ClassPathXmlApplicationContext prepareRefresh
INFO: Refreshing org.springframework.context.support.ClassPathXmlApplicationContext@15ade272: startup date [Tue Oct 10 17:02:59 EDT 2017]; root of context hierarchy
Oct 10, 2017 5:02:59 PM org.springframework.beans.factory.xml.XmlBeanDefinitionReader loadBeanDefinitions
INFO: Loading XML bean definitions from class path resource [applicationContext.xml]
Oct 10, 2017 5:02:59 PM org.springframework.context.support.ClassPathXmlApplicationContext prepareRefresh
INFO: Refreshing org.springframework.context.support.ClassPathXmlApplicationContext@5ce1ec7: startup date [Tue Oct 10 17:02:59 EDT 2017]; root of context hierarchy
Oct 10, 2017 5:02:59 PM org.springframework.beans.factory.xml.XmlBeanDefinitionReader loadBeanDefinitions
INFO: Loading XML bean definitions from class path resource [applicationContext.xml]
Oct 10, 2017 5:02:59 PM org.springframework.context.support.ClassPathXmlApplicationContext prepareRefresh
INFO: Refreshing org.springframework.context.support.ClassPathXmlApplicationContext@5bb661e0: startup date [Tue Oct 10 17:02:59 EDT 2017]; root of context hierarchy
Oct 10, 2017 5:02:59 PM org.springframework.beans.factory.xml.XmlBeanDefinitionReader loadBeanDefinitions
INFO: Loading XML bean definitions from class path resource [applicationContext.xml]
Oct 10, 2017 5:02:59 PM org.springframework.context.support.ClassPathXmlApplicationContext prepareRefresh
INFO: Refreshing org.springframework.context.support.ClassPathXmlApplicationContext@2b30b25f: startup date [Tue Oct 10 17:02:59 EDT 2017]; root of context hierarchy
Oct 10, 2017 5:02:59 PM org.springframework.beans.factory.xml.XmlBeanDefinitionReader loadBeanDefinitions
INFO: Loading XML bean definitions from class path resource [applicationContext.xml]
Oct 10, 2017 5:02:59 PM org.springframework.context.support.ClassPathXmlApplicationContext prepareRefresh
INFO: Refreshing org.springframework.context.support.ClassPathXmlApplicationContext@59d7d574: startup date [Tue Oct 10 17:02:59 EDT 2017]; root of context hierarchy
Oct 10, 2017 5:02:59 PM org.springframework.beans.factory.xml.XmlBeanDefinitionReader loadBeanDefinitions
INFO: Loading XML bean definitions from class path resource [applicationContext.xml]
Oct 10, 2017 5:02:59 PM org.springframework.context.support.ClassPathXmlApplicationContext prepareRefresh
INFO: Refreshing org.springframework.context.support.ClassPathXmlApplicationContext@72e9f0f7: startup date [Tue Oct 10 17:02:59 EDT 2017]; root of context hierarchy
Oct 10, 2017 5:02:59 PM org.springframework.beans.factory.xml.XmlBeanDefinitionReader loadBeanDefinitions
INFO: Loading XML bean definitions from class path resource [applicationContext.xml]
Oct 10, 2017 5:02:59 PM org.springframework.context.support.ClassPathXmlApplicationContext prepareRefresh
INFO: Refreshing org.springframework.context.support.ClassPathXmlApplicationContext@3031d9e9: startup date [Tue Oct 10 17:02:59 EDT 2017]; root of context hierarchy
Oct 10, 2017 5:02:59 PM org.springframework.beans.factory.xml.XmlBeanDefinitionReader loadBeanDefinitions
INFO: Loading XML bean definitions from class path resource [applicationContext.xml]
Oct 10, 2017 5:02:59 PM org.springframework.context.support.ClassPathXmlApplicationContext prepareRefresh
INFO: Refreshing org.springframework.context.support.ClassPathXmlApplicationContext@1e9e4468: startup date [Tue Oct 10 17:02:59 EDT 2017]; root of context hierarchy
Oct 10, 2017 5:02:59 PM org.springframework.beans.factory.xml.XmlBeanDefinitionReader loadBeanDefinitions
INFO: Loading XML bean definitions from class path resource [applicationContext.xml]
Oct 10, 2017 5:02:59 PM org.springframework.context.support.ClassPathXmlApplicationContext prepareRefresh
INFO: Refreshing org.springframework.context.support.ClassPathXmlApplicationContext@3b9c386d: startup date [Tue Oct 10 17:02:59 EDT 2017]; root of context hierarchy
Oct 10, 2017 5:02:59 PM org.springframework.beans.factory.xml.XmlBeanDefinitionReader loadBeanDefinitions
INFO: Loading XML bean definitions from class path resource [applicationContext.xml]
Oct 10, 2017 5:02:59 PM org.springframework.context.support.ClassPathXmlApplicationContext prepareRefresh
INFO: Refreshing org.springframework.context.support.ClassPathXmlApplicationContext@5de32e00: startup date [Tue Oct 10 17:02:59 EDT 2017]; root of context hierarchy
Oct 10, 2017 5:02:59 PM org.springframework.beans.factory.xml.XmlBeanDefinitionReader loadBeanDefinitions
INFO: Loading XML bean definitions from class path resource [applicationContext.xml]
Oct 10, 2017 5:02:59 PM org.springframework.context.support.ClassPathXmlApplicationContext prepareRefresh
INFO: Refreshing org.springframework.context.support.ClassPathXmlApplicationContext@bafc754: startup date [Tue Oct 10 17:02:59 EDT 2017]; root of context hierarchy
Oct 10, 2017 5:02:59 PM org.springframework.beans.factory.xml.XmlBeanDefinitionReader loadBeanDefinitions
INFO: Loading XML bean definitions from class path resource [applicationContext.xml]
Oct 10, 2017 5:02:59 PM org.springframework.context.support.ClassPathXmlApplicationContext prepareRefresh
INFO: Refreshing org.springframework.context.support.ClassPathXmlApplicationContext@1eda853f: startup date [Tue Oct 10 17:02:59 EDT 2017]; root of context hierarchy
Oct 10, 2017 5:02:59 PM org.springframework.beans.factory.xml.XmlBeanDefinitionReader loadBeanDefinitions
INFO: Loading XML bean definitions from class path resource [applicationContext.xml]
Oct 10, 2017 5:02:59 PM org.springframework.context.support.ClassPathXmlApplicationContext prepareRefresh
INFO: Refreshing org.springframework.context.support.ClassPathXmlApplicationContext@d970881: startup date [Tue Oct 10 17:02:59 EDT 2017]; root of context hierarchy
Oct 10, 2017 5:02:59 PM org.springframework.beans.factory.xml.XmlBeanDefinitionReader loadBeanDefinitions
INFO: Loading XML bean definitions from class path resource [applicationContext.xml]
Oct 10, 2017 5:02:59 PM org.springframework.context.support.ClassPathXmlApplicationContext prepareRefresh
INFO: Refreshing org.springframework.context.support.ClassPathXmlApplicationContext@7e4a6afd: startup date [Tue Oct 10 17:02:59 EDT 2017]; root of context hierarchy
Oct 10, 2017 5:02:59 PM org.springframework.beans.factory.xml.XmlBeanDefinitionReader loadBeanDefinitions
INFO: Loading XML bean definitions from class path resource [applicationContext.xml]
Oct 10, 2017 5:02:59 PM org.springframework.context.support.ClassPathXmlApplicationContext prepareRefresh
INFO: Refreshing org.springframework.context.support.ClassPathXmlApplicationContext@505a48a2: startup date [Tue Oct 10 17:02:59 EDT 2017]; root of context hierarchy
Oct 10, 2017 5:02:59 PM org.springframework.beans.factory.xml.XmlBeanDefinitionReader loadBeanDefinitions
INFO: Loading XML bean definitions from class path resource [applicationContext.xml]
Oct 10, 2017 5:02:59 PM org.springframework.context.support.ClassPathXmlApplicationContext prepareRefresh
INFO: Refreshing org.springframework.context.support.ClassPathXmlApplicationContext@7ef8899d: startup date [Tue Oct 10 17:02:59 EDT 2017]; root of context hierarchy
Oct 10, 2017 5:02:59 PM org.springframework.beans.factory.xml.XmlBeanDefinitionReader loadBeanDefinitions
INFO: Loading XML bean definitions from class path resource [applicationContext.xml]
Oct 10, 2017 5:02:59 PM org.springframework.context.support.ClassPathXmlApplicationContext prepareRefresh
INFO: Refreshing org.springframework.context.support.ClassPathXmlApplicationContext@74471600: startup date [Tue Oct 10 17:02:59 EDT 2017]; root of context hierarchy
Oct 10, 2017 5:02:59 PM org.springframework.beans.factory.xml.XmlBeanDefinitionReader loadBeanDefinitions
INFO: Loading XML bean definitions from class path resource [applicationContext.xml]
Oct 10, 2017 5:02:59 PM org.springframework.context.support.ClassPathXmlApplicationContext prepareRefresh
INFO: Refreshing org.springframework.context.support.ClassPathXmlApplicationContext@d79a69b: startup date [Tue Oct 10 17:02:59 EDT 2017]; root of context hierarchy
Oct 10, 2017 5:02:59 PM org.springframework.beans.factory.xml.XmlBeanDefinitionReader loadBeanDefinitions
INFO: Loading XML bean definitions from class path resource [applicationContext.xml]
Oct 10, 2017 5:02:59 PM org.springframework.context.support.ClassPathXmlApplicationContext prepareRefresh
INFO: Refreshing org.springframework.context.support.ClassPathXmlApplicationContext@3100b5cf: startup date [Tue Oct 10 17:02:59 EDT 2017]; root of context hierarchy
Oct 10, 2017 5:02:59 PM org.springframework.beans.factory.xml.XmlBeanDefinitionReader loadBeanDefinitions
INFO: Loading XML bean definitions from class path resource [applicationContext.xml]
Oct 10, 2017 5:02:59 PM org.springframework.context.support.ClassPathXmlApplicationContext prepareRefresh
INFO: Refreshing org.springframework.context.support.ClassPathXmlApplicationContext@63024843: startup date [Tue Oct 10 17:02:59 EDT 2017]; root of context hierarchy
Oct 10, 2017 5:02:59 PM org.springframework.beans.factory.xml.XmlBeanDefinitionReader loadBeanDefinitions
INFO: Loading XML bean definitions from class path resource [applicationContext.xml]
Oct 10, 2017 5:02:59 PM org.springframework.context.support.ClassPathXmlApplicationContext prepareRefresh
INFO: Refreshing org.springframework.context.support.ClassPathXmlApplicationContext@435a4d2d: startup date [Tue Oct 10 17:02:59 EDT 2017]; root of context hierarchy
Oct 10, 2017 5:02:59 PM org.springframework.beans.factory.xml.XmlBeanDefinitionReader loadBeanDefinitions
INFO: Loading XML bean definitions from class path resource [applicationContext.xml]
Oct 10, 2017 5:02:59 PM org.springframework.context.support.ClassPathXmlApplicationContext prepareRefresh
INFO: Refreshing org.springframework.context.support.ClassPathXmlApplicationContext@120661d2: startup date [Tue Oct 10 17:02:59 EDT 2017]; root of context hierarchy
Oct 10, 2017 5:02:59 PM org.springframework.beans.factory.xml.XmlBeanDefinitionReader loadBeanDefinitions
INFO: Loading XML bean definitions from class path resource [applicationContext.xml]
Oct 10, 2017 5:02:59 PM org.springframework.context.support.ClassPathXmlApplicationContext prepareRefresh
INFO: Refreshing org.springframework.context.support.ClassPathXmlApplicationContext@671c71e8: startup date [Tue Oct 10 17:02:59 EDT 2017]; root of context hierarchy
Oct 10, 2017 5:02:59 PM org.springframework.beans.factory.xml.XmlBeanDefinitionReader loadBeanDefinitions
INFO: Loading XML bean definitions from class path resource [applicationContext.xml]
Oct 10, 2017 5:02:59 PM org.springframework.context.support.ClassPathXmlApplicationContext prepareRefresh
INFO: Refreshing org.springframework.context.support.ClassPathXmlApplicationContext@7a79a5d6: startup date [Tue Oct 10 17:02:59 EDT 2017]; root of context hierarchy
Oct 10, 2017 5:02:59 PM org.springframework.beans.factory.xml.XmlBeanDefinitionReader loadBeanDefinitions
INFO: Loading XML bean definitions from class path resource [applicationContext.xml]
Oct 10, 2017 5:02:59 PM org.springframework.context.support.ClassPathXmlApplicationContext prepareRefresh
INFO: Refreshing org.springframework.context.support.ClassPathXmlApplicationContext@62ad5f35: startup date [Tue Oct 10 17:02:59 EDT 2017]; root of context hierarchy
Oct 10, 2017 5:02:59 PM org.springframework.beans.factory.xml.XmlBeanDefinitionReader loadBeanDefinitions
INFO: Loading XML bean definitions from class path resource [applicationContext.xml]
Oct 10, 2017 5:02:59 PM org.springframework.context.support.ClassPathXmlApplicationContext prepareRefresh
INFO: Refreshing org.springframework.context.support.ClassPathXmlApplicationContext@65013d71: startup date [Tue Oct 10 17:02:59 EDT 2017]; root of context hierarchy
Oct 10, 2017 5:02:59 PM org.springframework.beans.factory.xml.XmlBeanDefinitionReader loadBeanDefinitions
INFO: Loading XML bean definitions from class path resource [applicationContext.xml]
Oct 10, 2017 5:02:59 PM org.springframework.context.support.ClassPathXmlApplicationContext prepareRefresh
INFO: Refreshing org.springframework.context.support.ClassPathXmlApplicationContext@4205d1c9: startup date [Tue Oct 10 17:02:59 EDT 2017]; root of context hierarchy
Oct 10, 2017 5:02:59 PM org.springframework.beans.factory.xml.XmlBeanDefinitionReader loadBeanDefinitions
INFO: Loading XML bean definitions from class path resource [applicationContext.xml]
Oct 10, 2017 5:02:59 PM org.springframework.context.support.ClassPathXmlApplicationContext prepareRefresh
INFO: Refreshing org.springframework.context.support.ClassPathXmlApplicationContext@712dd0b0: startup date [Tue Oct 10 17:02:59 EDT 2017]; root of context hierarchy
Oct 10, 2017 5:02:59 PM org.springframework.beans.factory.xml.XmlBeanDefinitionReader loadBeanDefinitions
INFO: Loading XML bean definitions from class path resource [applicationContext.xml]
Oct 10, 2017 5:02:59 PM org.springframework.context.support.ClassPathXmlApplicationContext prepareRefresh
INFO: Refreshing org.springframework.context.support.ClassPathXmlApplicationContext@167ccc3c: startup date [Tue Oct 10 17:02:59 EDT 2017]; root of context hierarchy
Oct 10, 2017 5:02:59 PM org.springframework.beans.factory.xml.XmlBeanDefinitionReader loadBeanDefinitions
INFO: Loading XML bean definitions from class path resource [applicationContext.xml]
Oct 10, 2017 5:02:59 PM org.springframework.context.support.ClassPathXmlApplicationContext prepareRefresh
INFO: Refreshing org.springframework.context.support.ClassPathXmlApplicationContext@1db7c267: startup date [Tue Oct 10 17:02:59 EDT 2017]; root of context hierarchy
Oct 10, 2017 5:03:00 PM org.springframework.beans.factory.xml.XmlBeanDefinitionReader loadBeanDefinitions
INFO: Loading XML bean definitions from class path resource [applicationContext.xml]
Oct 10, 2017 5:03:00 PM org.springframework.context.support.ClassPathXmlApplicationContext prepareRefresh
INFO: Refreshing org.springframework.context.support.ClassPathXmlApplicationContext@7de2c19c: startup date [Tue Oct 10 17:03:00 EDT 2017]; root of context hierarchy
Oct 10, 2017 5:03:00 PM org.springframework.beans.factory.xml.XmlBeanDefinitionReader loadBeanDefinitions
INFO: Loading XML bean definitions from class path resource [applicationContext.xml]
Oct 10, 2017 5:03:00 PM org.springframework.context.support.ClassPathXmlApplicationContext prepareRefresh
INFO: Refreshing org.springframework.context.support.ClassPathXmlApplicationContext@46c093b4: startup date [Tue Oct 10 17:03:00 EDT 2017]; root of context hierarchy
Oct 10, 2017 5:03:00 PM org.springframework.beans.factory.xml.XmlBeanDefinitionReader loadBeanDefinitions
INFO: Loading XML bean definitions from class path resource [applicationContext.xml]
Oct 10, 2017 5:03:00 PM org.springframework.context.support.ClassPathXmlApplicationContext prepareRefresh
INFO: Refreshing org.springframework.context.support.ClassPathXmlApplicationContext@58a5b69c: startup date [Tue Oct 10 17:03:00 EDT 2017]; root of context hierarchy
Oct 10, 2017 5:03:00 PM org.springframework.beans.factory.xml.XmlBeanDefinitionReader loadBeanDefinitions
INFO: Loading XML bean definitions from class path resource [applicationContext.xml]
Oct 10, 2017 5:03:00 PM org.springframework.context.support.ClassPathXmlApplicationContext prepareRefresh
INFO: Refreshing org.springframework.context.support.ClassPathXmlApplicationContext@5c438795: startup date [Tue Oct 10 17:03:00 EDT 2017]; root of context hierarchy
Oct 10, 2017 5:03:00 PM org.springframework.beans.factory.xml.XmlBeanDefinitionReader loadBeanDefinitions
INFO: Loading XML bean definitions from class path resource [applicationContext.xml]
Oct 10, 2017 5:03:00 PM org.springframework.context.support.ClassPathXmlApplicationContext prepareRefresh
INFO: Refreshing org.springframework.context.support.ClassPathXmlApplicationContext@17e725fb: startup date [Tue Oct 10 17:03:00 EDT 2017]; root of context hierarchy
Oct 10, 2017 5:03:00 PM org.springframework.beans.factory.xml.XmlBeanDefinitionReader loadBeanDefinitions
INFO: Loading XML bean definitions from class path resource [applicationContext.xml]
Oct 10, 2017 5:03:00 PM org.springframework.context.support.ClassPathXmlApplicationContext prepareRefresh
INFO: Refreshing org.springframework.context.support.ClassPathXmlApplicationContext@42eaf47f: startup date [Tue Oct 10 17:03:00 EDT 2017]; root of context hierarchy
Oct 10, 2017 5:03:00 PM org.springframework.beans.factory.xml.XmlBeanDefinitionReader loadBeanDefinitions
INFO: Loading XML bean definitions from class path resource [applicationContext.xml]
Oct 10, 2017 5:03:00 PM org.springframework.context.support.ClassPathXmlApplicationContext prepareRefresh
INFO: Refreshing org.springframework.context.support.ClassPathXmlApplicationContext@10ab976b: startup date [Tue Oct 10 17:03:00 EDT 2017]; root of context hierarchy
Oct 10, 2017 5:03:00 PM org.springframework.beans.factory.xml.XmlBeanDefinitionReader loadBeanDefinitions
INFO: Loading XML bean definitions from class path resource [applicationContext.xml]
Oct 10, 2017 5:03:00 PM org.springframework.context.support.ClassPathXmlApplicationContext prepareRefresh
INFO: Refreshing org.springframework.context.support.ClassPathXmlApplicationContext@cf82c58: startup date [Tue Oct 10 17:03:00 EDT 2017]; root of context hierarchy
Oct 10, 2017 5:03:00 PM org.springframework.beans.factory.xml.XmlBeanDefinitionReader loadBeanDefinitions
INFO: Loading XML bean definitions from class path resource [applicationContext.xml]
Oct 10, 2017 5:03:00 PM org.springframework.context.support.ClassPathXmlApplicationContext prepareRefresh
INFO: Refreshing org.springframework.context.support.ClassPathXmlApplicationContext@50f65fe0: startup date [Tue Oct 10 17:03:00 EDT 2017]; root of context hierarchy
Oct 10, 2017 5:03:00 PM org.springframework.beans.factory.xml.XmlBeanDefinitionReader loadBeanDefinitions
INFO: Loading XML bean definitions from class path resource [applicationContext.xml]
Oct 10, 2017 5:03:00 PM org.springframework.context.support.ClassPathXmlApplicationContext prepareRefresh
INFO: Refreshing org.springframework.context.support.ClassPathXmlApplicationContext@27f6e2c3: startup date [Tue Oct 10 17:03:00 EDT 2017]; root of context hierarchy
Oct 10, 2017 5:03:00 PM org.springframework.beans.factory.xml.XmlBeanDefinitionReader loadBeanDefinitions
INFO: Loading XML bean definitions from class path resource [applicationContext.xml]
Oct 10, 2017 5:03:00 PM org.springframework.context.support.ClassPathXmlApplicationContext prepareRefresh
INFO: Refreshing org.springframework.context.support.ClassPathXmlApplicationContext@333e01c6: startup date [Tue Oct 10 17:03:00 EDT 2017]; root of context hierarchy
Oct 10, 2017 5:03:00 PM org.springframework.beans.factory.xml.XmlBeanDefinitionReader loadBeanDefinitions
INFO: Loading XML bean definitions from class path resource [applicationContext.xml]
Oct 10, 2017 5:03:00 PM org.springframework.context.support.ClassPathXmlApplicationContext prepareRefresh
INFO: Refreshing org.springframework.context.support.ClassPathXmlApplicationContext@4822d7a1: startup date [Tue Oct 10 17:03:00 EDT 2017]; root of context hierarchy
Oct 10, 2017 5:03:00 PM org.springframework.beans.factory.xml.XmlBeanDefinitionReader loadBeanDefinitions
INFO: Loading XML bean definitions from class path resource [applicationContext.xml]
Oct 10, 2017 5:03:00 PM org.springframework.context.support.ClassPathXmlApplicationContext prepareRefresh
INFO: Refreshing org.springframework.context.support.ClassPathXmlApplicationContext@7ecd6861: startup date [Tue Oct 10 17:03:00 EDT 2017]; root of context hierarchy
Oct 10, 2017 5:03:00 PM org.springframework.beans.factory.xml.XmlBeanDefinitionReader loadBeanDefinitions
INFO: Loading XML bean definitions from class path resource [applicationContext.xml]
Oct 10, 2017 5:03:00 PM org.springframework.context.support.ClassPathXmlApplicationContext prepareRefresh
INFO: Refreshing org.springframework.context.support.ClassPathXmlApplicationContext@360432d3: startup date [Tue Oct 10 17:03:00 EDT 2017]; root of context hierarchy
Oct 10, 2017 5:03:00 PM org.springframework.beans.factory.xml.XmlBeanDefinitionReader loadBeanDefinitions
INFO: Loading XML bean definitions from class path resource [applicationContext.xml]
Oct 10, 2017 5:03:00 PM org.springframework.context.support.ClassPathXmlApplicationContext prepareRefresh
INFO: Refreshing org.springframework.context.support.ClassPathXmlApplicationContext@433d5536: startup date [Tue Oct 10 17:03:00 EDT 2017]; root of context hierarchy
Oct 10, 2017 5:03:00 PM org.springframework.beans.factory.xml.XmlBeanDefinitionReader loadBeanDefinitions
INFO: Loading XML bean definitions from class path resource [applicationContext.xml]
Oct 10, 2017 5:03:00 PM org.springframework.context.support.ClassPathXmlApplicationContext prepareRefresh
INFO: Refreshing org.springframework.context.support.ClassPathXmlApplicationContext@6bc1c8d0: startup date [Tue Oct 10 17:03:00 EDT 2017]; root of context hierarchy
Oct 10, 2017 5:03:00 PM org.springframework.beans.factory.xml.XmlBeanDefinitionReader loadBeanDefinitions
INFO: Loading XML bean definitions from class path resource [applicationContext.xml]
Oct 10, 2017 5:03:00 PM org.springframework.context.support.ClassPathXmlApplicationContext prepareRefresh
INFO: Refreshing org.springframework.context.support.ClassPathXmlApplicationContext@3be60847: startup date [Tue Oct 10 17:03:00 EDT 2017]; root of context hierarchy
Oct 10, 2017 5:03:00 PM org.springframework.beans.factory.xml.XmlBeanDefinitionReader loadBeanDefinitions
INFO: Loading XML bean definitions from class path resource [applicationContext.xml]
Oct 10, 2017 5:03:00 PM org.springframework.context.support.ClassPathXmlApplicationContext prepareRefresh
INFO: Refreshing org.springframework.context.support.ClassPathXmlApplicationContext@27ea7c8f: startup date [Tue Oct 10 17:03:00 EDT 2017]; root of context hierarchy
Oct 10, 2017 5:03:00 PM org.springframework.beans.factory.xml.XmlBeanDefinitionReader loadBeanDefinitions
INFO: Loading XML bean definitions from class path resource [applicationContext.xml]
Oct 10, 2017 5:03:00 PM org.springframework.context.support.ClassPathXmlApplicationContext prepareRefresh
INFO: Refreshing org.springframework.context.support.ClassPathXmlApplicationContext@17adbecf: startup date [Tue Oct 10 17:03:00 EDT 2017]; root of context hierarchy
Oct 10, 2017 5:03:00 PM org.springframework.beans.factory.xml.XmlBeanDefinitionReader loadBeanDefinitions
INFO: Loading XML bean definitions from class path resource [applicationContext.xml]
Oct 10, 2017 5:03:00 PM org.springframework.context.support.ClassPathXmlApplicationContext prepareRefresh
INFO: Refreshing org.springframework.context.support.ClassPathXmlApplicationContext@2553fbd0: startup date [Tue Oct 10 17:03:00 EDT 2017]; root of context hierarchy
Oct 10, 2017 5:03:00 PM org.springframework.beans.factory.xml.XmlBeanDefinitionReader loadBeanDefinitions
INFO: Loading XML bean definitions from class path resource [applicationContext.xml]
Oct 10, 2017 5:03:00 PM org.springframework.context.support.ClassPathXmlApplicationContext prepareRefresh
INFO: Refreshing org.springframework.context.support.ClassPathXmlApplicationContext@12f32f99: startup date [Tue Oct 10 17:03:00 EDT 2017]; root of context hierarchy
Oct 10, 2017 5:03:00 PM org.springframework.beans.factory.xml.XmlBeanDefinitionReader loadBeanDefinitions
INFO: Loading XML bean definitions from class path resource [applicationContext.xml]
Oct 10, 2017 5:03:00 PM org.springframework.context.support.ClassPathXmlApplicationContext prepareRefresh
INFO: Refreshing org.springframework.context.support.ClassPathXmlApplicationContext@3119fcad: startup date [Tue Oct 10 17:03:00 EDT 2017]; root of context hierarchy
Oct 10, 2017 5:03:00 PM org.springframework.beans.factory.xml.XmlBeanDefinitionReader loadBeanDefinitions
INFO: Loading XML bean definitions from class path resource [applicationContext.xml]
Oct 10, 2017 5:03:00 PM org.springframework.context.support.ClassPathXmlApplicationContext prepareRefresh
INFO: Refreshing org.springframework.context.support.ClassPathXmlApplicationContext@75128cf: startup date [Tue Oct 10 17:03:00 EDT 2017]; root of context hierarchy
Oct 10, 2017 5:03:00 PM org.springframework.beans.factory.xml.XmlBeanDefinitionReader loadBeanDefinitions
INFO: Loading XML bean definitions from class path resource [applicationContext.xml]
Oct 10, 2017 5:03:00 PM org.springframework.context.support.ClassPathXmlApplicationContext prepareRefresh
INFO: Refreshing org.springframework.context.support.ClassPathXmlApplicationContext@38447073: startup date [Tue Oct 10 17:03:00 EDT 2017]; root of context hierarchy
Oct 10, 2017 5:03:00 PM org.springframework.beans.factory.xml.XmlBeanDefinitionReader loadBeanDefinitions
INFO: Loading XML bean definitions from class path resource [applicationContext.xml]
Oct 10, 2017 5:03:00 PM org.springframework.context.support.ClassPathXmlApplicationContext prepareRefresh
INFO: Refreshing org.springframework.context.support.ClassPathXmlApplicationContext@2524f9bf: startup date [Tue Oct 10 17:03:00 EDT 2017]; root of context hierarchy
Oct 10, 2017 5:03:00 PM org.springframework.beans.factory.xml.XmlBeanDefinitionReader loadBeanDefinitions
INFO: Loading XML bean definitions from class path resource [applicationContext.xml]
Oct 10, 2017 5:03:00 PM org.springframework.context.support.ClassPathXmlApplicationContext prepareRefresh
INFO: Refreshing org.springframework.context.support.ClassPathXmlApplicationContext@67c912d3: startup date [Tue Oct 10 17:03:00 EDT 2017]; root of context hierarchy
Oct 10, 2017 5:03:00 PM org.springframework.beans.factory.xml.XmlBeanDefinitionReader loadBeanDefinitions
INFO: Loading XML bean definitions from class path resource [applicationContext.xml]
Oct 10, 2017 5:03:00 PM org.springframework.context.support.ClassPathXmlApplicationContext prepareRefresh
INFO: Refreshing org.springframework.context.support.ClassPathXmlApplicationContext@17a89cb1: startup date [Tue Oct 10 17:03:00 EDT 2017]; root of context hierarchy
Oct 10, 2017 5:03:00 PM org.springframework.beans.factory.xml.XmlBeanDefinitionReader loadBeanDefinitions
INFO: Loading XML bean definitions from class path resource [applicationContext.xml]
Oct 10, 2017 5:03:00 PM org.springframework.context.support.ClassPathXmlApplicationContext prepareRefresh
INFO: Refreshing org.springframework.context.support.ClassPathXmlApplicationContext@3fe7c87c: startup date [Tue Oct 10 17:03:00 EDT 2017]; root of context hierarchy
Oct 10, 2017 5:03:00 PM org.springframework.beans.factory.xml.XmlBeanDefinitionReader loadBeanDefinitions
INFO: Loading XML bean definitions from class path resource [applicationContext.xml]
Oct 10, 2017 5:03:00 PM org.springframework.context.support.ClassPathXmlApplicationContext prepareRefresh
INFO: Refreshing org.springframework.context.support.ClassPathXmlApplicationContext@7bf3bf2e: startup date [Tue Oct 10 17:03:00 EDT 2017]; root of context hierarchy
Oct 10, 2017 5:03:00 PM org.springframework.beans.factory.xml.XmlBeanDefinitionReader loadBeanDefinitions
INFO: Loading XML bean definitions from class path resource [applicationContext.xml]
Oct 10, 2017 5:03:00 PM org.springframework.context.support.ClassPathXmlApplicationContext prepareRefresh
INFO: Refreshing org.springframework.context.support.ClassPathXmlApplicationContext@77a14911: startup date [Tue Oct 10 17:03:00 EDT 2017]; root of context hierarchy
Oct 10, 2017 5:03:00 PM org.springframework.beans.factory.xml.XmlBeanDefinitionReader loadBeanDefinitions
INFO: Loading XML bean definitions from class path resource [applicationContext.xml]
Oct 10, 2017 5:03:00 PM org.springframework.context.support.ClassPathXmlApplicationContext prepareRefresh
INFO: Refreshing org.springframework.context.support.ClassPathXmlApplicationContext@125bc00d: startup date [Tue Oct 10 17:03:00 EDT 2017]; root of context hierarchy
Oct 10, 2017 5:03:00 PM org.springframework.beans.factory.xml.XmlBeanDefinitionReader loadBeanDefinitions
INFO: Loading XML bean definitions from class path resource [applicationContext.xml]
Oct 10, 2017 5:03:00 PM org.springframework.context.support.ClassPathXmlApplicationContext prepareRefresh
INFO: Refreshing org.springframework.context.support.ClassPathXmlApplicationContext@65374526: startup date [Tue Oct 10 17:03:00 EDT 2017]; root of context hierarchy
Oct 10, 2017 5:03:00 PM org.springframework.beans.factory.xml.XmlBeanDefinitionReader loadBeanDefinitions
INFO: Loading XML bean definitions from class path resource [applicationContext.xml]
Oct 10, 2017 5:03:00 PM org.springframework.context.support.ClassPathXmlApplicationContext prepareRefresh
INFO: Refreshing org.springframework.context.support.ClassPathXmlApplicationContext@384b718c: startup date [Tue Oct 10 17:03:00 EDT 2017]; root of context hierarchy
Oct 10, 2017 5:03:00 PM org.springframework.beans.factory.xml.XmlBeanDefinitionReader loadBeanDefinitions
INFO: Loading XML bean definitions from class path resource [applicationContext.xml]
Oct 10, 2017 5:03:00 PM org.springframework.context.support.ClassPathXmlApplicationContext prepareRefresh
INFO: Refreshing org.springframework.context.support.ClassPathXmlApplicationContext@270a3cef: startup date [Tue Oct 10 17:03:00 EDT 2017]; root of context hierarchy
Oct 10, 2017 5:03:00 PM org.springframework.beans.factory.xml.XmlBeanDefinitionReader loadBeanDefinitions
INFO: Loading XML bean definitions from class path resource [applicationContext.xml]
Oct 10, 2017 5:03:00 PM org.springframework.context.support.ClassPathXmlApplicationContext prepareRefresh
INFO: Refreshing org.springframework.context.support.ClassPathXmlApplicationContext@5c940e28: startup date [Tue Oct 10 17:03:00 EDT 2017]; root of context hierarchy
Oct 10, 2017 5:03:00 PM org.springframework.beans.factory.xml.XmlBeanDefinitionReader loadBeanDefinitions
INFO: Loading XML bean definitions from class path resource [applicationContext.xml]
Oct 10, 2017 5:03:00 PM org.springframework.context.support.ClassPathXmlApplicationContext prepareRefresh
INFO: Refreshing org.springframework.context.support.ClassPathXmlApplicationContext@36e9fd4f: startup date [Tue Oct 10 17:03:00 EDT 2017]; root of context hierarchy
Oct 10, 2017 5:03:00 PM org.springframework.beans.factory.xml.XmlBeanDefinitionReader loadBeanDefinitions
INFO: Loading XML bean definitions from class path resource [applicationContext.xml]
Oct 10, 2017 5:03:00 PM org.springframework.context.support.ClassPathXmlApplicationContext prepareRefresh
INFO: Refreshing org.springframework.context.support.ClassPathXmlApplicationContext@6c4a1980: startup date [Tue Oct 10 17:03:00 EDT 2017]; root of context hierarchy
Oct 10, 2017 5:03:00 PM org.springframework.beans.factory.xml.XmlBeanDefinitionReader loadBeanDefinitions
INFO: Loading XML bean definitions from class path resource [applicationContext.xml]
Oct 10, 2017 5:03:00 PM org.springframework.context.support.ClassPathXmlApplicationContext prepareRefresh
INFO: Refreshing org.springframework.context.support.ClassPathXmlApplicationContext@56adb75e: startup date [Tue Oct 10 17:03:00 EDT 2017]; root of context hierarchy
Oct 10, 2017 5:03:00 PM org.springframework.beans.factory.xml.XmlBeanDefinitionReader loadBeanDefinitions
INFO: Loading XML bean definitions from class path resource [applicationContext.xml]
Oct 10, 2017 5:03:00 PM org.springframework.context.support.ClassPathXmlApplicationContext prepareRefresh
INFO: Refreshing org.springframework.context.support.ClassPathXmlApplicationContext@78977b59: startup date [Tue Oct 10 17:03:00 EDT 2017]; root of context hierarchy
Oct 10, 2017 5:03:00 PM org.springframework.beans.factory.xml.XmlBeanDefinitionReader loadBeanDefinitions
INFO: Loading XML bean definitions from class path resource [applicationContext.xml]
Oct 10, 2017 5:03:00 PM org.springframework.context.support.ClassPathXmlApplicationContext prepareRefresh
INFO: Refreshing org.springframework.context.support.ClassPathXmlApplicationContext@48900d4a: startup date [Tue Oct 10 17:03:00 EDT 2017]; root of context hierarchy
Oct 10, 2017 5:03:00 PM org.springframework.beans.factory.xml.XmlBeanDefinitionReader loadBeanDefinitions
INFO: Loading XML bean definitions from class path resource [applicationContext.xml]
Oct 10, 2017 5:03:00 PM org.springframework.context.support.ClassPathXmlApplicationContext prepareRefresh
INFO: Refreshing org.springframework.context.support.ClassPathXmlApplicationContext@1e8c741c: startup date [Tue Oct 10 17:03:00 EDT 2017]; root of context hierarchy
Oct 10, 2017 5:03:00 PM org.springframework.beans.factory.xml.XmlBeanDefinitionReader loadBeanDefinitions
INFO: Loading XML bean definitions from class path resource [applicationContext.xml]
Oct 10, 2017 5:03:00 PM org.springframework.context.support.ClassPathXmlApplicationContext prepareRefresh
INFO: Refreshing org.springframework.context.support.ClassPathXmlApplicationContext@21f7c0be: startup date [Tue Oct 10 17:03:00 EDT 2017]; root of context hierarchy
Oct 10, 2017 5:03:00 PM org.springframework.beans.factory.xml.XmlBeanDefinitionReader loadBeanDefinitions
INFO: Loading XML bean definitions from class path resource [applicationContext.xml]
Oct 10, 2017 5:03:00 PM org.springframework.context.support.ClassPathXmlApplicationContext prepareRefresh
INFO: Refreshing org.springframework.context.support.ClassPathXmlApplicationContext@17796f47: startup date [Tue Oct 10 17:03:00 EDT 2017]; root of context hierarchy
Oct 10, 2017 5:03:00 PM org.springframework.beans.factory.xml.XmlBeanDefinitionReader loadBeanDefinitions
INFO: Loading XML bean definitions from class path resource [applicationContext.xml]
Oct 10, 2017 5:03:00 PM org.springframework.context.support.ClassPathXmlApplicationContext prepareRefresh
INFO: Refreshing org.springframework.context.support.ClassPathXmlApplicationContext@372c428: startup date [Tue Oct 10 17:03:00 EDT 2017]; root of context hierarchy
Oct 10, 2017 5:03:00 PM org.springframework.beans.factory.xml.XmlBeanDefinitionReader loadBeanDefinitions
INFO: Loading XML bean definitions from class path resource [applicationContext.xml]
Oct 10, 2017 5:03:00 PM org.springframework.context.support.ClassPathXmlApplicationContext prepareRefresh
INFO: Refreshing org.springframework.context.support.ClassPathXmlApplicationContext@50cadbae: startup date [Tue Oct 10 17:03:00 EDT 2017]; root of context hierarchy
Oct 10, 2017 5:03:00 PM org.springframework.beans.factory.xml.XmlBeanDefinitionReader loadBeanDefinitions
INFO: Loading XML bean definitions from class path resource [applicationContext.xml]
Oct 10, 2017 5:03:00 PM org.springframework.context.support.ClassPathXmlApplicationContext prepareRefresh
INFO: Refreshing org.springframework.context.support.ClassPathXmlApplicationContext@3f8c4bcf: startup date [Tue Oct 10 17:03:00 EDT 2017]; root of context hierarchy
Oct 10, 2017 5:03:00 PM org.springframework.beans.factory.xml.XmlBeanDefinitionReader loadBeanDefinitions
INFO: Loading XML bean definitions from class path resource [applicationContext.xml]
Oct 10, 2017 5:03:00 PM org.springframework.context.support.ClassPathXmlApplicationContext prepareRefresh
INFO: Refreshing org.springframework.context.support.ClassPathXmlApplicationContext@c8e99: startup date [Tue Oct 10 17:03:00 EDT 2017]; root of context hierarchy
Oct 10, 2017 5:03:00 PM org.springframework.beans.factory.xml.XmlBeanDefinitionReader loadBeanDefinitions
INFO: Loading XML bean definitions from class path resource [applicationContext.xml]
Oct 10, 2017 5:03:00 PM org.springframework.context.support.ClassPathXmlApplicationContext prepareRefresh
INFO: Refreshing org.springframework.context.support.ClassPathXmlApplicationContext@7dbc77ca: startup date [Tue Oct 10 17:03:00 EDT 2017]; root of context hierarchy
Oct 10, 2017 5:03:00 PM org.springframework.beans.factory.xml.XmlBeanDefinitionReader loadBeanDefinitions
INFO: Loading XML bean definitions from class path resource [applicationContext.xml]
Oct 10, 2017 5:03:00 PM org.springframework.context.support.ClassPathXmlApplicationContext prepareRefresh
INFO: Refreshing org.springframework.context.support.ClassPathXmlApplicationContext@6f915016: startup date [Tue Oct 10 17:03:00 EDT 2017]; root of context hierarchy
Oct 10, 2017 5:03:00 PM org.springframework.beans.factory.xml.XmlBeanDefinitionReader loadBeanDefinitions
INFO: Loading XML bean definitions from class path resource [applicationContext.xml]
Oct 10, 2017 5:03:00 PM org.springframework.context.support.ClassPathXmlApplicationContext prepareRefresh
INFO: Refreshing org.springframework.context.support.ClassPathXmlApplicationContext@499f9003: startup date [Tue Oct 10 17:03:00 EDT 2017]; root of context hierarchy
Oct 10, 2017 5:03:00 PM org.springframework.beans.factory.xml.XmlBeanDefinitionReader loadBeanDefinitions
INFO: Loading XML bean definitions from class path resource [applicationContext.xml]
Oct 10, 2017 5:03:00 PM org.springframework.context.support.ClassPathXmlApplicationContext prepareRefresh
INFO: Refreshing org.springframework.context.support.ClassPathXmlApplicationContext@408708a1: startup date [Tue Oct 10 17:03:00 EDT 2017]; root of context hierarchy
Oct 10, 2017 5:03:00 PM org.springframework.beans.factory.xml.XmlBeanDefinitionReader loadBeanDefinitions
INFO: Loading XML bean definitions from class path resource [applicationContext.xml]
Oct 10, 2017 5:03:00 PM org.springframework.context.support.ClassPathXmlApplicationContext prepareRefresh
INFO: Refreshing org.springframework.context.support.ClassPathXmlApplicationContext@69d145f6: startup date [Tue Oct 10 17:03:00 EDT 2017]; root of context hierarchy
Oct 10, 2017 5:03:00 PM org.springframework.beans.factory.xml.XmlBeanDefinitionReader loadBeanDefinitions
INFO: Loading XML bean definitions from class path resource [applicationContext.xml]
Oct 10, 2017 5:03:00 PM org.springframework.context.support.ClassPathXmlApplicationContext prepareRefresh
INFO: Refreshing org.springframework.context.support.ClassPathXmlApplicationContext@6d0fe80c: startup date [Tue Oct 10 17:03:00 EDT 2017]; root of context hierarchy
Oct 10, 2017 5:03:00 PM org.springframework.beans.factory.xml.XmlBeanDefinitionReader loadBeanDefinitions
INFO: Loading XML bean definitions from class path resource [applicationContext.xml]
Oct 10, 2017 5:03:00 PM org.springframework.context.support.ClassPathXmlApplicationContext prepareRefresh
INFO: Refreshing org.springframework.context.support.ClassPathXmlApplicationContext@2972b493: startup date [Tue Oct 10 17:03:00 EDT 2017]; root of context hierarchy
Oct 10, 2017 5:03:00 PM org.springframework.beans.factory.xml.XmlBeanDefinitionReader loadBeanDefinitions
INFO: Loading XML bean definitions from class path resource [applicationContext.xml]
Oct 10, 2017 5:03:00 PM org.springframework.context.support.ClassPathXmlApplicationContext prepareRefresh
INFO: Refreshing org.springframework.context.support.ClassPathXmlApplicationContext@4e301795: startup date [Tue Oct 10 17:03:00 EDT 2017]; root of context hierarchy
Oct 10, 2017 5:03:00 PM org.springframework.beans.factory.xml.XmlBeanDefinitionReader loadBeanDefinitions
INFO: Loading XML bean definitions from class path resource [applicationContext.xml]
Oct 10, 2017 5:03:00 PM org.springframework.context.support.ClassPathXmlApplicationContext prepareRefresh
INFO: Refreshing org.springframework.context.support.ClassPathXmlApplicationContext@354ed5c4: startup date [Tue Oct 10 17:03:00 EDT 2017]; root of context hierarchy
Oct 10, 2017 5:03:00 PM org.springframework.beans.factory.xml.XmlBeanDefinitionReader loadBeanDefinitions
INFO: Loading XML bean definitions from class path resource [applicationContext.xml]
Oct 10, 2017 5:03:00 PM org.springframework.context.support.ClassPathXmlApplicationContext prepareRefresh
INFO: Refreshing org.springframework.context.support.ClassPathXmlApplicationContext@d140627: startup date [Tue Oct 10 17:03:00 EDT 2017]; root of context hierarchy
Oct 10, 2017 5:03:00 PM org.springframework.beans.factory.xml.XmlBeanDefinitionReader loadBeanDefinitions
INFO: Loading XML bean definitions from class path resource [applicationContext.xml]
Oct 10, 2017 5:03:00 PM org.springframework.context.support.ClassPathXmlApplicationContext prepareRefresh
INFO: Refreshing org.springframework.context.support.ClassPathXmlApplicationContext@2357f000: startup date [Tue Oct 10 17:03:00 EDT 2017]; root of context hierarchy
Oct 10, 2017 5:03:00 PM org.springframework.beans.factory.xml.XmlBeanDefinitionReader loadBeanDefinitions
INFO: Loading XML bean definitions from class path resource [applicationContext.xml]
Oct 10, 2017 5:03:00 PM org.springframework.context.support.ClassPathXmlApplicationContext prepareRefresh
INFO: Refreshing org.springframework.context.support.ClassPathXmlApplicationContext@5d8c03cc: startup date [Tue Oct 10 17:03:00 EDT 2017]; root of context hierarchy
Oct 10, 2017 5:03:00 PM org.springframework.beans.factory.xml.XmlBeanDefinitionReader loadBeanDefinitions
INFO: Loading XML bean definitions from class path resource [applicationContext.xml]
Oct 10, 2017 5:03:00 PM org.springframework.context.support.ClassPathXmlApplicationContext prepareRefresh
INFO: Refreshing org.springframework.context.support.ClassPathXmlApplicationContext@37e0614e: startup date [Tue Oct 10 17:03:00 EDT 2017]; root of context hierarchy
Oct 10, 2017 5:03:00 PM org.springframework.beans.factory.xml.XmlBeanDefinitionReader loadBeanDefinitions
INFO: Loading XML bean definitions from class path resource [applicationContext.xml]
Oct 10, 2017 5:03:00 PM org.springframework.context.support.ClassPathXmlApplicationContext prepareRefresh
INFO: Refreshing org.springframework.context.support.ClassPathXmlApplicationContext@70c6c6a7: startup date [Tue Oct 10 17:03:00 EDT 2017]; root of context hierarchy
Oct 10, 2017 5:03:00 PM org.springframework.beans.factory.xml.XmlBeanDefinitionReader loadBeanDefinitions
INFO: Loading XML bean definitions from class path resource [applicationContext.xml]
Oct 10, 2017 5:03:00 PM org.springframework.context.support.ClassPathXmlApplicationContext prepareRefresh
INFO: Refreshing org.springframework.context.support.ClassPathXmlApplicationContext@37351baa: startup date [Tue Oct 10 17:03:00 EDT 2017]; root of context hierarchy
Oct 10, 2017 5:03:00 PM org.springframework.beans.factory.xml.XmlBeanDefinitionReader loadBeanDefinitions
INFO: Loading XML bean definitions from class path resource [applicationContext.xml]
Oct 10, 2017 5:03:00 PM org.springframework.context.support.ClassPathXmlApplicationContext prepareRefresh
INFO: Refreshing org.springframework.context.support.ClassPathXmlApplicationContext@163b8acc: startup date [Tue Oct 10 17:03:00 EDT 2017]; root of context hierarchy
Oct 10, 2017 5:03:00 PM org.springframework.beans.factory.xml.XmlBeanDefinitionReader loadBeanDefinitions
INFO: Loading XML bean definitions from class path resource [applicationContext.xml]
Oct 10, 2017 5:03:00 PM org.springframework.context.support.ClassPathXmlApplicationContext prepareRefresh
INFO: Refreshing org.springframework.context.support.ClassPathXmlApplicationContext@996126b: startup date [Tue Oct 10 17:03:00 EDT 2017]; root of context hierarchy
Oct 10, 2017 5:03:00 PM org.springframework.beans.factory.xml.XmlBeanDefinitionReader loadBeanDefinitions
INFO: Loading XML bean definitions from class path resource [applicationContext.xml]
Oct 10, 2017 5:03:00 PM org.springframework.context.support.ClassPathXmlApplicationContext prepareRefresh
INFO: Refreshing org.springframework.context.support.ClassPathXmlApplicationContext@c925ae1: startup date [Tue Oct 10 17:03:00 EDT 2017]; root of context hierarchy
Oct 10, 2017 5:03:00 PM org.springframework.beans.factory.xml.XmlBeanDefinitionReader loadBeanDefinitions
INFO: Loading XML bean definitions from class path resource [applicationContext.xml]
Oct 10, 2017 5:03:00 PM org.springframework.context.support.ClassPathXmlApplicationContext prepareRefresh
INFO: Refreshing org.springframework.context.support.ClassPathXmlApplicationContext@1d9295e2: startup date [Tue Oct 10 17:03:00 EDT 2017]; root of context hierarchy
Oct 10, 2017 5:03:00 PM org.springframework.beans.factory.xml.XmlBeanDefinitionReader loadBeanDefinitions
INFO: Loading XML bean definitions from class path resource [applicationContext.xml]
Oct 10, 2017 5:03:00 PM org.springframework.context.support.ClassPathXmlApplicationContext prepareRefresh
INFO: Refreshing org.springframework.context.support.ClassPathXmlApplicationContext@22c4151b: startup date [Tue Oct 10 17:03:00 EDT 2017]; root of context hierarchy
Oct 10, 2017 5:03:00 PM org.springframework.beans.factory.xml.XmlBeanDefinitionReader loadBeanDefinitions
INFO: Loading XML bean definitions from class path resource [applicationContext.xml]
Oct 10, 2017 5:03:00 PM org.springframework.context.support.ClassPathXmlApplicationContext prepareRefresh
INFO: Refreshing org.springframework.context.support.ClassPathXmlApplicationContext@4708acc6: startup date [Tue Oct 10 17:03:00 EDT 2017]; root of context hierarchy
Oct 10, 2017 5:03:00 PM org.springframework.beans.factory.xml.XmlBeanDefinitionReader loadBeanDefinitions
INFO: Loading XML bean definitions from class path resource [applicationContext.xml]
Oct 10, 2017 5:03:00 PM org.springframework.context.support.ClassPathXmlApplicationContext prepareRefresh
INFO: Refreshing org.springframework.context.support.ClassPathXmlApplicationContext@2801ccb3: startup date [Tue Oct 10 17:03:00 EDT 2017]; root of context hierarchy
Oct 10, 2017 5:03:00 PM org.springframework.beans.factory.xml.XmlBeanDefinitionReader loadBeanDefinitions
INFO: Loading XML bean definitions from class path resource [applicationContext.xml]
Oct 10, 2017 5:03:00 PM org.springframework.context.support.ClassPathXmlApplicationContext prepareRefresh
INFO: Refreshing org.springframework.context.support.ClassPathXmlApplicationContext@18d963be: startup date [Tue Oct 10 17:03:00 EDT 2017]; root of context hierarchy
Oct 10, 2017 5:03:00 PM org.springframework.beans.factory.xml.XmlBeanDefinitionReader loadBeanDefinitions
INFO: Loading XML bean definitions from class path resource [applicationContext.xml]
Oct 10, 2017 5:03:00 PM org.springframework.context.support.ClassPathXmlApplicationContext prepareRefresh
INFO: Refreshing org.springframework.context.support.ClassPathXmlApplicationContext@4beec7a1: startup date [Tue Oct 10 17:03:00 EDT 2017]; root of context hierarchy
Oct 10, 2017 5:03:00 PM org.springframework.beans.factory.xml.XmlBeanDefinitionReader loadBeanDefinitions
INFO: Loading XML bean definitions from class path resource [applicationContext.xml]
Oct 10, 2017 5:03:00 PM org.springframework.context.support.ClassPathXmlApplicationContext prepareRefresh
INFO: Refreshing org.springframework.context.support.ClassPathXmlApplicationContext@3f4fd0dc: startup date [Tue Oct 10 17:03:00 EDT 2017]; root of context hierarchy
Oct 10, 2017 5:03:00 PM org.springframework.beans.factory.xml.XmlBeanDefinitionReader loadBeanDefinitions
INFO: Loading XML bean definitions from class path resource [applicationContext.xml]
Oct 10, 2017 5:03:00 PM org.springframework.context.support.ClassPathXmlApplicationContext prepareRefresh
INFO: Refreshing org.springframework.context.support.ClassPathXmlApplicationContext@335cd031: startup date [Tue Oct 10 17:03:00 EDT 2017]; root of context hierarchy
Oct 10, 2017 5:03:00 PM org.springframework.beans.factory.xml.XmlBeanDefinitionReader loadBeanDefinitions
INFO: Loading XML bean definitions from class path resource [applicationContext.xml]
Oct 10, 2017 5:03:01 PM org.springframework.context.support.ClassPathXmlApplicationContext prepareRefresh
INFO: Refreshing org.springframework.context.support.ClassPathXmlApplicationContext@8788194: startup date [Tue Oct 10 17:03:01 EDT 2017]; root of context hierarchy
Oct 10, 2017 5:03:01 PM org.springframework.beans.factory.xml.XmlBeanDefinitionReader loadBeanDefinitions
INFO: Loading XML bean definitions from class path resource [applicationContext.xml]
Oct 10, 2017 5:03:01 PM org.springframework.context.support.ClassPathXmlApplicationContext prepareRefresh
INFO: Refreshing org.springframework.context.support.ClassPathXmlApplicationContext@49976824: startup date [Tue Oct 10 17:03:01 EDT 2017]; root of context hierarchy
Oct 10, 2017 5:03:01 PM org.springframework.beans.factory.xml.XmlBeanDefinitionReader loadBeanDefinitions
INFO: Loading XML bean definitions from class path resource [applicationContext.xml]
Oct 10, 2017 5:03:01 PM org.springframework.context.support.ClassPathXmlApplicationContext prepareRefresh
INFO: Refreshing org.springframework.context.support.ClassPathXmlApplicationContext@4824d077: startup date [Tue Oct 10 17:03:01 EDT 2017]; root of context hierarchy
Oct 10, 2017 5:03:01 PM org.springframework.beans.factory.xml.XmlBeanDefinitionReader loadBeanDefinitions
INFO: Loading XML bean definitions from class path resource [applicationContext.xml]
Oct 10, 2017 5:03:01 PM org.springframework.context.support.ClassPathXmlApplicationContext prepareRefresh
INFO: Refreshing org.springframework.context.support.ClassPathXmlApplicationContext@62b3871: startup date [Tue Oct 10 17:03:01 EDT 2017]; root of context hierarchy
Oct 10, 2017 5:03:01 PM org.springframework.beans.factory.xml.XmlBeanDefinitionReader loadBeanDefinitions
INFO: Loading XML bean definitions from class path resource [applicationContext.xml]
Oct 10, 2017 5:03:01 PM org.springframework.context.support.ClassPathXmlApplicationContext prepareRefresh
INFO: Refreshing org.springframework.context.support.ClassPathXmlApplicationContext@5eabcf77: startup date [Tue Oct 10 17:03:01 EDT 2017]; root of context hierarchy
Oct 10, 2017 5:03:01 PM org.springframework.beans.factory.xml.XmlBeanDefinitionReader loadBeanDefinitions
INFO: Loading XML bean definitions from class path resource [applicationContext.xml]
Oct 10, 2017 5:03:01 PM org.springframework.context.support.ClassPathXmlApplicationContext prepareRefresh
INFO: Refreshing org.springframework.context.support.ClassPathXmlApplicationContext@673a702a: startup date [Tue Oct 10 17:03:01 EDT 2017]; root of context hierarchy
Oct 10, 2017 5:03:01 PM org.springframework.beans.factory.xml.XmlBeanDefinitionReader loadBeanDefinitions
INFO: Loading XML bean definitions from class path resource [applicationContext.xml]
Oct 10, 2017 5:03:01 PM org.springframework.context.support.ClassPathXmlApplicationContext prepareRefresh
INFO: Refreshing org.springframework.context.support.ClassPathXmlApplicationContext@53c39950: startup date [Tue Oct 10 17:03:01 EDT 2017]; root of context hierarchy
Oct 10, 2017 5:03:01 PM org.springframework.beans.factory.xml.XmlBeanDefinitionReader loadBeanDefinitions
INFO: Loading XML bean definitions from class path resource [applicationContext.xml]
Oct 10, 2017 5:03:01 PM org.springframework.context.support.ClassPathXmlApplicationContext prepareRefresh
INFO: Refreshing org.springframework.context.support.ClassPathXmlApplicationContext@1f26bd62: startup date [Tue Oct 10 17:03:01 EDT 2017]; root of context hierarchy
Oct 10, 2017 5:03:01 PM org.springframework.beans.factory.xml.XmlBeanDefinitionReader loadBeanDefinitions
INFO: Loading XML bean definitions from class path resource [applicationContext.xml]
Oct 10, 2017 5:03:01 PM org.springframework.context.support.ClassPathXmlApplicationContext prepareRefresh
INFO: Refreshing org.springframework.context.support.ClassPathXmlApplicationContext@62a09668: startup date [Tue Oct 10 17:03:01 EDT 2017]; root of context hierarchy
Oct 10, 2017 5:03:01 PM org.springframework.beans.factory.xml.XmlBeanDefinitionReader loadBeanDefinitions
INFO: Loading XML bean definitions from class path resource [applicationContext.xml]
Oct 10, 2017 5:03:01 PM org.springframework.context.support.ClassPathXmlApplicationContext prepareRefresh
INFO: Refreshing org.springframework.context.support.ClassPathXmlApplicationContext@1b68e626: startup date [Tue Oct 10 17:03:01 EDT 2017]; root of context hierarchy
Oct 10, 2017 5:03:01 PM org.springframework.beans.factory.xml.XmlBeanDefinitionReader loadBeanDefinitions
INFO: Loading XML bean definitions from class path resource [applicationContext.xml]
Oct 10, 2017 5:03:01 PM org.springframework.context.support.ClassPathXmlApplicationContext prepareRefresh
INFO: Refreshing org.springframework.context.support.ClassPathXmlApplicationContext@45c73e09: startup date [Tue Oct 10 17:03:01 EDT 2017]; root of context hierarchy
Oct 10, 2017 5:03:01 PM org.springframework.beans.factory.xml.XmlBeanDefinitionReader loadBeanDefinitions
INFO: Loading XML bean definitions from class path resource [applicationContext.xml]
Oct 10, 2017 5:03:01 PM org.springframework.context.support.ClassPathXmlApplicationContext prepareRefresh
INFO: Refreshing org.springframework.context.support.ClassPathXmlApplicationContext@2cea41ab: startup date [Tue Oct 10 17:03:01 EDT 2017]; root of context hierarchy
Oct 10, 2017 5:03:01 PM org.springframework.beans.factory.xml.XmlBeanDefinitionReader loadBeanDefinitions
INFO: Loading XML bean definitions from class path resource [applicationContext.xml]
Oct 10, 2017 5:03:01 PM org.springframework.context.support.ClassPathXmlApplicationContext prepareRefresh
INFO: Refreshing org.springframework.context.support.ClassPathXmlApplicationContext@521e34d4: startup date [Tue Oct 10 17:03:01 EDT 2017]; root of context hierarchy
Oct 10, 2017 5:03:01 PM org.springframework.beans.factory.xml.XmlBeanDefinitionReader loadBeanDefinitions
INFO: Loading XML bean definitions from class path resource [applicationContext.xml]
Oct 10, 2017 5:03:01 PM org.springframework.context.support.ClassPathXmlApplicationContext prepareRefresh
INFO: Refreshing org.springframework.context.support.ClassPathXmlApplicationContext@783a35d8: startup date [Tue Oct 10 17:03:01 EDT 2017]; root of context hierarchy
Oct 10, 2017 5:03:01 PM org.springframework.beans.factory.xml.XmlBeanDefinitionReader loadBeanDefinitions
INFO: Loading XML bean definitions from class path resource [applicationContext.xml]
Oct 10, 2017 5:03:01 PM org.springframework.context.support.ClassPathXmlApplicationContext prepareRefresh
INFO: Refreshing org.springframework.context.support.ClassPathXmlApplicationContext@314b0d53: startup date [Tue Oct 10 17:03:01 EDT 2017]; root of context hierarchy
Oct 10, 2017 5:03:01 PM org.springframework.beans.factory.xml.XmlBeanDefinitionReader loadBeanDefinitions
INFO: Loading XML bean definitions from class path resource [applicationContext.xml]
Oct 10, 2017 5:03:01 PM org.springframework.context.support.ClassPathXmlApplicationContext prepareRefresh
INFO: Refreshing org.springframework.context.support.ClassPathXmlApplicationContext@517d68b8: startup date [Tue Oct 10 17:03:01 EDT 2017]; root of context hierarchy
Oct 10, 2017 5:03:01 PM org.springframework.beans.factory.xml.XmlBeanDefinitionReader loadBeanDefinitions
INFO: Loading XML bean definitions from class path resource [applicationContext.xml]
Oct 10, 2017 5:03:01 PM org.springframework.context.support.ClassPathXmlApplicationContext prepareRefresh
INFO: Refreshing org.springframework.context.support.ClassPathXmlApplicationContext@440d45c5: startup date [Tue Oct 10 17:03:01 EDT 2017]; root of context hierarchy
Oct 10, 2017 5:03:01 PM org.springframework.beans.factory.xml.XmlBeanDefinitionReader loadBeanDefinitions
INFO: Loading XML bean definitions from class path resource [applicationContext.xml]
Oct 10, 2017 5:03:01 PM org.springframework.context.support.ClassPathXmlApplicationContext prepareRefresh
INFO: Refreshing org.springframework.context.support.ClassPathXmlApplicationContext@66464f27: startup date [Tue Oct 10 17:03:01 EDT 2017]; root of context hierarchy
Oct 10, 2017 5:03:01 PM org.springframework.beans.factory.xml.XmlBeanDefinitionReader loadBeanDefinitions
INFO: Loading XML bean definitions from class path resource [applicationContext.xml]
Oct 10, 2017 5:03:01 PM org.springframework.context.support.ClassPathXmlApplicationContext prepareRefresh
INFO: Refreshing org.springframework.context.support.ClassPathXmlApplicationContext@29f3ea39: startup date [Tue Oct 10 17:03:01 EDT 2017]; root of context hierarchy
Oct 10, 2017 5:03:01 PM org.springframework.beans.factory.xml.XmlBeanDefinitionReader loadBeanDefinitions
INFO: Loading XML bean definitions from class path resource [applicationContext.xml]
Oct 10, 2017 5:03:01 PM org.springframework.context.support.ClassPathXmlApplicationContext prepareRefresh
INFO: Refreshing org.springframework.context.support.ClassPathXmlApplicationContext@267a0b6a: startup date [Tue Oct 10 17:03:01 EDT 2017]; root of context hierarchy
Oct 10, 2017 5:03:01 PM org.springframework.beans.factory.xml.XmlBeanDefinitionReader loadBeanDefinitions
INFO: Loading XML bean definitions from class path resource [applicationContext.xml]
Oct 10, 2017 5:03:01 PM org.springframework.context.support.ClassPathXmlApplicationContext prepareRefresh
INFO: Refreshing org.springframework.context.support.ClassPathXmlApplicationContext@2e04dbc1: startup date [Tue Oct 10 17:03:01 EDT 2017]; root of context hierarchy
Oct 10, 2017 5:03:01 PM org.springframework.beans.factory.xml.XmlBeanDefinitionReader loadBeanDefinitions
INFO: Loading XML bean definitions from class path resource [applicationContext.xml]
Oct 10, 2017 5:03:01 PM org.springframework.context.support.ClassPathXmlApplicationContext prepareRefresh
INFO: Refreshing org.springframework.context.support.ClassPathXmlApplicationContext@d45acab: startup date [Tue Oct 10 17:03:01 EDT 2017]; root of context hierarchy
Oct 10, 2017 5:03:01 PM org.springframework.beans.factory.xml.XmlBeanDefinitionReader loadBeanDefinitions
INFO: Loading XML bean definitions from class path resource [applicationContext.xml]
Oct 10, 2017 5:03:01 PM org.springframework.context.support.ClassPathXmlApplicationContext prepareRefresh
INFO: Refreshing org.springframework.context.support.ClassPathXmlApplicationContext@3b5f72fa: startup date [Tue Oct 10 17:03:01 EDT 2017]; root of context hierarchy
Oct 10, 2017 5:03:01 PM org.springframework.beans.factory.xml.XmlBeanDefinitionReader loadBeanDefinitions
INFO: Loading XML bean definitions from class path resource [applicationContext.xml]
Oct 10, 2017 5:03:01 PM org.springframework.context.support.ClassPathXmlApplicationContext prepareRefresh
INFO: Refreshing org.springframework.context.support.ClassPathXmlApplicationContext@504216ff: startup date [Tue Oct 10 17:03:01 EDT 2017]; root of context hierarchy
Oct 10, 2017 5:03:01 PM org.springframework.beans.factory.xml.XmlBeanDefinitionReader loadBeanDefinitions
INFO: Loading XML bean definitions from class path resource [applicationContext.xml]
Oct 10, 2017 5:03:01 PM org.springframework.context.support.ClassPathXmlApplicationContext prepareRefresh
INFO: Refreshing org.springframework.context.support.ClassPathXmlApplicationContext@3647b274: startup date [Tue Oct 10 17:03:01 EDT 2017]; root of context hierarchy
Oct 10, 2017 5:03:01 PM org.springframework.beans.factory.xml.XmlBeanDefinitionReader loadBeanDefinitions
INFO: Loading XML bean definitions from class path resource [applicationContext.xml]
Oct 10, 2017 5:03:01 PM org.springframework.context.support.ClassPathXmlApplicationContext prepareRefresh
INFO: Refreshing org.springframework.context.support.ClassPathXmlApplicationContext@3fc92211: startup date [Tue Oct 10 17:03:01 EDT 2017]; root of context hierarchy
Oct 10, 2017 5:03:01 PM org.springframework.beans.factory.xml.XmlBeanDefinitionReader loadBeanDefinitions
INFO: Loading XML bean definitions from class path resource [applicationContext.xml]
Oct 10, 2017 5:03:01 PM org.springframework.context.support.ClassPathXmlApplicationContext prepareRefresh
INFO: Refreshing org.springframework.context.support.ClassPathXmlApplicationContext@4e132a9b: startup date [Tue Oct 10 17:03:01 EDT 2017]; root of context hierarchy
Oct 10, 2017 5:03:01 PM org.springframework.beans.factory.xml.XmlBeanDefinitionReader loadBeanDefinitions
INFO: Loading XML bean definitions from class path resource [applicationContext.xml]
Oct 10, 2017 5:03:01 PM org.springframework.context.support.ClassPathXmlApplicationContext prepareRefresh
INFO: Refreshing org.springframework.context.support.ClassPathXmlApplicationContext@6d9bcf19: startup date [Tue Oct 10 17:03:01 EDT 2017]; root of context hierarchy
Oct 10, 2017 5:03:01 PM org.springframework.beans.factory.xml.XmlBeanDefinitionReader loadBeanDefinitions
INFO: Loading XML bean definitions from class path resource [applicationContext.xml]
Oct 10, 2017 5:03:01 PM org.springframework.context.support.ClassPathXmlApplicationContext prepareRefresh
INFO: Refreshing org.springframework.context.support.ClassPathXmlApplicationContext@5128efc: startup date [Tue Oct 10 17:03:01 EDT 2017]; root of context hierarchy
Oct 10, 2017 5:03:01 PM org.springframework.beans.factory.xml.XmlBeanDefinitionReader loadBeanDefinitions
INFO: Loading XML bean definitions from class path resource [applicationContext.xml]
Oct 10, 2017 5:03:01 PM org.springframework.context.support.ClassPathXmlApplicationContext prepareRefresh
INFO: Refreshing org.springframework.context.support.ClassPathXmlApplicationContext@14ce13fa: startup date [Tue Oct 10 17:03:01 EDT 2017]; root of context hierarchy
Oct 10, 2017 5:03:01 PM org.springframework.beans.factory.xml.XmlBeanDefinitionReader loadBeanDefinitions
INFO: Loading XML bean definitions from class path resource [applicationContext.xml]
Oct 10, 2017 5:03:01 PM org.springframework.context.support.ClassPathXmlApplicationContext prepareRefresh
INFO: Refreshing org.springframework.context.support.ClassPathXmlApplicationContext@ca90087: startup date [Tue Oct 10 17:03:01 EDT 2017]; root of context hierarchy
Oct 10, 2017 5:03:01 PM org.springframework.beans.factory.xml.XmlBeanDefinitionReader loadBeanDefinitions
INFO: Loading XML bean definitions from class path resource [applicationContext.xml]
Oct 10, 2017 5:03:01 PM org.springframework.context.support.ClassPathXmlApplicationContext prepareRefresh
INFO: Refreshing org.springframework.context.support.ClassPathXmlApplicationContext@4c617143: startup date [Tue Oct 10 17:03:01 EDT 2017]; root of context hierarchy
Oct 10, 2017 5:03:01 PM org.springframework.beans.factory.xml.XmlBeanDefinitionReader loadBeanDefinitions
INFO: Loading XML bean definitions from class path resource [applicationContext.xml]
Oct 10, 2017 5:03:01 PM org.springframework.context.support.ClassPathXmlApplicationContext prepareRefresh
INFO: Refreshing org.springframework.context.support.ClassPathXmlApplicationContext@1e6a8d01: startup date [Tue Oct 10 17:03:01 EDT 2017]; root of context hierarchy
Oct 10, 2017 5:03:01 PM org.springframework.beans.factory.xml.XmlBeanDefinitionReader loadBeanDefinitions
INFO: Loading XML bean definitions from class path resource [applicationContext.xml]
Oct 10, 2017 5:03:01 PM org.springframework.context.support.ClassPathXmlApplicationContext prepareRefresh
INFO: Refreshing org.springframework.context.support.ClassPathXmlApplicationContext@77b7a4b2: startup date [Tue Oct 10 17:03:01 EDT 2017]; root of context hierarchy
Oct 10, 2017 5:03:01 PM org.springframework.beans.factory.xml.XmlBeanDefinitionReader loadBeanDefinitions
INFO: Loading XML bean definitions from class path resource [applicationContext.xml]
Oct 10, 2017 5:03:01 PM org.springframework.context.support.ClassPathXmlApplicationContext prepareRefresh
INFO: Refreshing org.springframework.context.support.ClassPathXmlApplicationContext@17da6e45: startup date [Tue Oct 10 17:03:01 EDT 2017]; root of context hierarchy
Oct 10, 2017 5:03:01 PM org.springframework.beans.factory.xml.XmlBeanDefinitionReader loadBeanDefinitions
INFO: Loading XML bean definitions from class path resource [applicationContext.xml]
Oct 10, 2017 5:03:01 PM org.springframework.context.support.ClassPathXmlApplicationContext prepareRefresh
INFO: Refreshing org.springframework.context.support.ClassPathXmlApplicationContext@f3cc2e0: startup date [Tue Oct 10 17:03:01 EDT 2017]; root of context hierarchy
Oct 10, 2017 5:03:01 PM org.springframework.beans.factory.xml.XmlBeanDefinitionReader loadBeanDefinitions
INFO: Loading XML bean definitions from class path resource [applicationContext.xml]
Oct 10, 2017 5:03:01 PM org.springframework.context.support.ClassPathXmlApplicationContext prepareRefresh
INFO: Refreshing org.springframework.context.support.ClassPathXmlApplicationContext@5e92a27: startup date [Tue Oct 10 17:03:01 EDT 2017]; root of context hierarchy
Oct 10, 2017 5:03:01 PM org.springframework.beans.factory.xml.XmlBeanDefinitionReader loadBeanDefinitions
INFO: Loading XML bean definitions from class path resource [applicationContext.xml]
Oct 10, 2017 5:03:01 PM org.springframework.context.support.ClassPathXmlApplicationContext prepareRefresh
INFO: Refreshing org.springframework.context.support.ClassPathXmlApplicationContext@e4b9a64: startup date [Tue Oct 10 17:03:01 EDT 2017]; root of context hierarchy
Oct 10, 2017 5:03:01 PM org.springframework.beans.factory.xml.XmlBeanDefinitionReader loadBeanDefinitions
INFO: Loading XML bean definitions from class path resource [applicationContext.xml]
Oct 10, 2017 5:03:01 PM org.springframework.context.support.ClassPathXmlApplicationContext prepareRefresh
INFO: Refreshing org.springframework.context.support.ClassPathXmlApplicationContext@5e18a6a7: startup date [Tue Oct 10 17:03:01 EDT 2017]; root of context hierarchy
Oct 10, 2017 5:03:01 PM org.springframework.beans.factory.xml.XmlBeanDefinitionReader loadBeanDefinitions
INFO: Loading XML bean definitions from class path resource [applicationContext.xml]
Oct 10, 2017 5:03:01 PM org.springframework.context.support.ClassPathXmlApplicationContext prepareRefresh
INFO: Refreshing org.springframework.context.support.ClassPathXmlApplicationContext@2258228f: startup date [Tue Oct 10 17:03:01 EDT 2017]; root of context hierarchy
Oct 10, 2017 5:03:01 PM org.springframework.beans.factory.xml.XmlBeanDefinitionReader loadBeanDefinitions
INFO: Loading XML bean definitions from class path resource [applicationContext.xml]
Oct 10, 2017 5:03:01 PM org.springframework.context.support.ClassPathXmlApplicationContext prepareRefresh
INFO: Refreshing org.springframework.context.support.ClassPathXmlApplicationContext@17eb5661: startup date [Tue Oct 10 17:03:01 EDT 2017]; root of context hierarchy
Oct 10, 2017 5:03:01 PM org.springframework.beans.factory.xml.XmlBeanDefinitionReader loadBeanDefinitions
INFO: Loading XML bean definitions from class path resource [applicationContext.xml]
Oct 10, 2017 5:03:01 PM org.springframework.context.support.ClassPathXmlApplicationContext prepareRefresh
INFO: Refreshing org.springframework.context.support.ClassPathXmlApplicationContext@318d69ea: startup date [Tue Oct 10 17:03:01 EDT 2017]; root of context hierarchy
Oct 10, 2017 5:03:01 PM org.springframework.beans.factory.xml.XmlBeanDefinitionReader loadBeanDefinitions
INFO: Loading XML bean definitions from class path resource [applicationContext.xml]
Oct 10, 2017 5:03:01 PM org.springframework.context.support.ClassPathXmlApplicationContext prepareRefresh
INFO: Refreshing org.springframework.context.support.ClassPathXmlApplicationContext@411b75b4: startup date [Tue Oct 10 17:03:01 EDT 2017]; root of context hierarchy
Oct 10, 2017 5:03:01 PM org.springframework.beans.factory.xml.XmlBeanDefinitionReader loadBeanDefinitions
INFO: Loading XML bean definitions from class path resource [applicationContext.xml]
Oct 10, 2017 5:03:01 PM org.springframework.context.support.ClassPathXmlApplicationContext prepareRefresh
INFO: Refreshing org.springframework.context.support.ClassPathXmlApplicationContext@494c452b: startup date [Tue Oct 10 17:03:01 EDT 2017]; root of context hierarchy
Oct 10, 2017 5:03:01 PM org.springframework.beans.factory.xml.XmlBeanDefinitionReader loadBeanDefinitions
INFO: Loading XML bean definitions from class path resource [applicationContext.xml]
Oct 10, 2017 5:03:01 PM org.springframework.context.support.ClassPathXmlApplicationContext prepareRefresh
INFO: Refreshing org.springframework.context.support.ClassPathXmlApplicationContext@18be7f57: startup date [Tue Oct 10 17:03:01 EDT 2017]; root of context hierarchy
Oct 10, 2017 5:03:01 PM org.springframework.beans.factory.xml.XmlBeanDefinitionReader loadBeanDefinitions
INFO: Loading XML bean definitions from class path resource [applicationContext.xml]
Oct 10, 2017 5:03:01 PM org.springframework.context.support.ClassPathXmlApplicationContext prepareRefresh
INFO: Refreshing org.springframework.context.support.ClassPathXmlApplicationContext@26c24e5: startup date [Tue Oct 10 17:03:01 EDT 2017]; root of context hierarchy
Oct 10, 2017 5:03:01 PM org.springframework.beans.factory.xml.XmlBeanDefinitionReader loadBeanDefinitions
INFO: Loading XML bean definitions from class path resource [applicationContext.xml]
Oct 10, 2017 5:03:01 PM org.springframework.context.support.ClassPathXmlApplicationContext prepareRefresh
INFO: Refreshing org.springframework.context.support.ClassPathXmlApplicationContext@563bf9d2: startup date [Tue Oct 10 17:03:01 EDT 2017]; root of context hierarchy
Oct 10, 2017 5:03:01 PM org.springframework.beans.factory.xml.XmlBeanDefinitionReader loadBeanDefinitions
INFO: Loading XML bean definitions from class path resource [applicationContext.xml]
Oct 10, 2017 5:03:01 PM org.springframework.context.support.ClassPathXmlApplicationContext prepareRefresh
INFO: Refreshing org.springframework.context.support.ClassPathXmlApplicationContext@353ac1ef: startup date [Tue Oct 10 17:03:01 EDT 2017]; root of context hierarchy
Oct 10, 2017 5:03:01 PM org.springframework.beans.factory.xml.XmlBeanDefinitionReader loadBeanDefinitions
INFO: Loading XML bean definitions from class path resource [applicationContext.xml]
Oct 10, 2017 5:03:01 PM org.springframework.context.support.ClassPathXmlApplicationContext prepareRefresh
INFO: Refreshing org.springframework.context.support.ClassPathXmlApplicationContext@61ee9672: startup date [Tue Oct 10 17:03:01 EDT 2017]; root of context hierarchy
Oct 10, 2017 5:03:01 PM org.springframework.beans.factory.xml.XmlBeanDefinitionReader loadBeanDefinitions
INFO: Loading XML bean definitions from class path resource [applicationContext.xml]
Oct 10, 2017 5:03:01 PM org.springframework.context.support.ClassPathXmlApplicationContext prepareRefresh
INFO: Refreshing org.springframework.context.support.ClassPathXmlApplicationContext@161974d1: startup date [Tue Oct 10 17:03:01 EDT 2017]; root of context hierarchy
Oct 10, 2017 5:03:01 PM org.springframework.beans.factory.xml.XmlBeanDefinitionReader loadBeanDefinitions
INFO: Loading XML bean definitions from class path resource [applicationContext.xml]
Oct 10, 2017 5:03:01 PM org.springframework.context.support.ClassPathXmlApplicationContext prepareRefresh
INFO: Refreshing org.springframework.context.support.ClassPathXmlApplicationContext@5784f6b9: startup date [Tue Oct 10 17:03:01 EDT 2017]; root of context hierarchy
Oct 10, 2017 5:03:01 PM org.springframework.beans.factory.xml.XmlBeanDefinitionReader loadBeanDefinitions
INFO: Loading XML bean definitions from class path resource [applicationContext.xml]
Oct 10, 2017 5:03:01 PM org.springframework.context.support.ClassPathXmlApplicationContext prepareRefresh
INFO: Refreshing org.springframework.context.support.ClassPathXmlApplicationContext@2d12a71f: startup date [Tue Oct 10 17:03:01 EDT 2017]; root of context hierarchy
Oct 10, 2017 5:03:01 PM org.springframework.beans.factory.xml.XmlBeanDefinitionReader loadBeanDefinitions
INFO: Loading XML bean definitions from class path resource [applicationContext.xml]
Oct 10, 2017 5:03:01 PM org.springframework.context.support.ClassPathXmlApplicationContext prepareRefresh
INFO: Refreshing org.springframework.context.support.ClassPathXmlApplicationContext@5a5cd0af: startup date [Tue Oct 10 17:03:01 EDT 2017]; root of context hierarchy
Oct 10, 2017 5:03:01 PM org.springframework.beans.factory.xml.XmlBeanDefinitionReader loadBeanDefinitions
INFO: Loading XML bean definitions from class path resource [applicationContext.xml]
Oct 10, 2017 5:03:01 PM org.springframework.context.support.ClassPathXmlApplicationContext prepareRefresh
INFO: Refreshing org.springframework.context.support.ClassPathXmlApplicationContext@5086e144: startup date [Tue Oct 10 17:03:01 EDT 2017]; root of context hierarchy
Oct 10, 2017 5:03:01 PM org.springframework.beans.factory.xml.XmlBeanDefinitionReader loadBeanDefinitions
INFO: Loading XML bean definitions from class path resource [applicationContext.xml]
Oct 10, 2017 5:03:01 PM org.springframework.context.support.ClassPathXmlApplicationContext prepareRefresh
INFO: Refreshing org.springframework.context.support.ClassPathXmlApplicationContext@75bbeb89: startup date [Tue Oct 10 17:03:01 EDT 2017]; root of context hierarchy
Oct 10, 2017 5:03:01 PM org.springframework.beans.factory.xml.XmlBeanDefinitionReader loadBeanDefinitions
INFO: Loading XML bean definitions from class path resource [applicationContext.xml]
Oct 10, 2017 5:03:01 PM org.springframework.context.support.ClassPathXmlApplicationContext prepareRefresh
INFO: Refreshing org.springframework.context.support.ClassPathXmlApplicationContext@38ed9fb2: startup date [Tue Oct 10 17:03:01 EDT 2017]; root of context hierarchy
Oct 10, 2017 5:03:01 PM org.springframework.beans.factory.xml.XmlBeanDefinitionReader loadBeanDefinitions
INFO: Loading XML bean definitions from class path resource [applicationContext.xml]
Oct 10, 2017 5:03:01 PM org.springframework.context.support.ClassPathXmlApplicationContext prepareRefresh
INFO: Refreshing org.springframework.context.support.ClassPathXmlApplicationContext@46ebd87a: startup date [Tue Oct 10 17:03:01 EDT 2017]; root of context hierarchy
Oct 10, 2017 5:03:01 PM org.springframework.beans.factory.xml.XmlBeanDefinitionReader loadBeanDefinitions
INFO: Loading XML bean definitions from class path resource [applicationContext.xml]
Oct 10, 2017 5:03:01 PM org.springframework.context.support.ClassPathXmlApplicationContext prepareRefresh
INFO: Refreshing org.springframework.context.support.ClassPathXmlApplicationContext@69fc5803: startup date [Tue Oct 10 17:03:01 EDT 2017]; root of context hierarchy
Oct 10, 2017 5:03:01 PM org.springframework.beans.factory.xml.XmlBeanDefinitionReader loadBeanDefinitions
INFO: Loading XML bean definitions from class path resource [applicationContext.xml]
Oct 10, 2017 5:03:01 PM org.springframework.context.support.ClassPathXmlApplicationContext prepareRefresh
INFO: Refreshing org.springframework.context.support.ClassPathXmlApplicationContext@7f129873: startup date [Tue Oct 10 17:03:01 EDT 2017]; root of context hierarchy
Oct 10, 2017 5:03:01 PM org.springframework.beans.factory.xml.XmlBeanDefinitionReader loadBeanDefinitions
INFO: Loading XML bean definitions from class path resource [applicationContext.xml]
Oct 10, 2017 5:03:01 PM org.springframework.context.support.ClassPathXmlApplicationContext prepareRefresh
INFO: Refreshing org.springframework.context.support.ClassPathXmlApplicationContext@3c12f87d: startup date [Tue Oct 10 17:03:01 EDT 2017]; root of context hierarchy
Oct 10, 2017 5:03:01 PM org.springframework.beans.factory.xml.XmlBeanDefinitionReader loadBeanDefinitions
INFO: Loading XML bean definitions from class path resource [applicationContext.xml]
Oct 10, 2017 5:03:01 PM org.springframework.context.support.ClassPathXmlApplicationContext prepareRefresh
INFO: Refreshing org.springframework.context.support.ClassPathXmlApplicationContext@38159192: startup date [Tue Oct 10 17:03:01 EDT 2017]; root of context hierarchy
Oct 10, 2017 5:03:01 PM org.springframework.beans.factory.xml.XmlBeanDefinitionReader loadBeanDefinitions
INFO: Loading XML bean definitions from class path resource [applicationContext.xml]
Oct 10, 2017 5:03:01 PM org.springframework.context.support.ClassPathXmlApplicationContext prepareRefresh
INFO: Refreshing org.springframework.context.support.ClassPathXmlApplicationContext@65c97eeb: startup date [Tue Oct 10 17:03:01 EDT 2017]; root of context hierarchy
Oct 10, 2017 5:03:01 PM org.springframework.beans.factory.xml.XmlBeanDefinitionReader loadBeanDefinitions
INFO: Loading XML bean definitions from class path resource [applicationContext.xml]
Oct 10, 2017 5:03:01 PM org.springframework.context.support.ClassPathXmlApplicationContext prepareRefresh
INFO: Refreshing org.springframework.context.support.ClassPathXmlApplicationContext@78ba0a57: startup date [Tue Oct 10 17:03:01 EDT 2017]; root of context hierarchy
Oct 10, 2017 5:03:01 PM org.springframework.beans.factory.xml.XmlBeanDefinitionReader loadBeanDefinitions
INFO: Loading XML bean definitions from class path resource [applicationContext.xml]
Oct 10, 2017 5:03:01 PM org.springframework.context.support.ClassPathXmlApplicationContext prepareRefresh
INFO: Refreshing org.springframework.context.support.ClassPathXmlApplicationContext@765ccc7a: startup date [Tue Oct 10 17:03:01 EDT 2017]; root of context hierarchy
Oct 10, 2017 5:03:01 PM org.springframework.beans.factory.xml.XmlBeanDefinitionReader loadBeanDefinitions
INFO: Loading XML bean definitions from class path resource [applicationContext.xml]
Oct 10, 2017 5:03:01 PM org.springframework.context.support.ClassPathXmlApplicationContext prepareRefresh
INFO: Refreshing org.springframework.context.support.ClassPathXmlApplicationContext@e1f88b6: startup date [Tue Oct 10 17:03:01 EDT 2017]; root of context hierarchy
Oct 10, 2017 5:03:01 PM org.springframework.beans.factory.xml.XmlBeanDefinitionReader loadBeanDefinitions
INFO: Loading XML bean definitions from class path resource [applicationContext.xml]
Oct 10, 2017 5:03:01 PM org.springframework.context.support.ClassPathXmlApplicationContext prepareRefresh
INFO: Refreshing org.springframework.context.support.ClassPathXmlApplicationContext@3b26afbc: startup date [Tue Oct 10 17:03:01 EDT 2017]; root of context hierarchy
Oct 10, 2017 5:03:01 PM org.springframework.beans.factory.xml.XmlBeanDefinitionReader loadBeanDefinitions
INFO: Loading XML bean definitions from class path resource [applicationContext.xml]
Oct 10, 2017 5:03:01 PM org.springframework.context.support.ClassPathXmlApplicationContext prepareRefresh
INFO: Refreshing org.springframework.context.support.ClassPathXmlApplicationContext@592efd6: startup date [Tue Oct 10 17:03:01 EDT 2017]; root of context hierarchy
Oct 10, 2017 5:03:01 PM org.springframework.beans.factory.xml.XmlBeanDefinitionReader loadBeanDefinitions
INFO: Loading XML bean definitions from class path resource [applicationContext.xml]
Oct 10, 2017 5:03:01 PM org.springframework.context.support.ClassPathXmlApplicationContext prepareRefresh
INFO: Refreshing org.springframework.context.support.ClassPathXmlApplicationContext@27e25c2f: startup date [Tue Oct 10 17:03:01 EDT 2017]; root of context hierarchy
Oct 10, 2017 5:03:01 PM org.springframework.beans.factory.xml.XmlBeanDefinitionReader loadBeanDefinitions
INFO: Loading XML bean definitions from class path resource [applicationContext.xml]
Oct 10, 2017 5:03:01 PM org.springframework.context.support.ClassPathXmlApplicationContext prepareRefresh
INFO: Refreshing org.springframework.context.support.ClassPathXmlApplicationContext@76d1acf9: startup date [Tue Oct 10 17:03:01 EDT 2017]; root of context hierarchy
Oct 10, 2017 5:03:01 PM org.springframework.beans.factory.xml.XmlBeanDefinitionReader loadBeanDefinitions
INFO: Loading XML bean definitions from class path resource [applicationContext.xml]
Oct 10, 2017 5:03:01 PM org.springframework.context.support.ClassPathXmlApplicationContext prepareRefresh
INFO: Refreshing org.springframework.context.support.ClassPathXmlApplicationContext@792b0cad: startup date [Tue Oct 10 17:03:01 EDT 2017]; root of context hierarchy
Oct 10, 2017 5:03:01 PM org.springframework.beans.factory.xml.XmlBeanDefinitionReader loadBeanDefinitions
INFO: Loading XML bean definitions from class path resource [applicationContext.xml]
Oct 10, 2017 5:03:01 PM org.springframework.context.support.ClassPathXmlApplicationContext prepareRefresh
INFO: Refreshing org.springframework.context.support.ClassPathXmlApplicationContext@6e0fd2dc: startup date [Tue Oct 10 17:03:01 EDT 2017]; root of context hierarchy
Oct 10, 2017 5:03:01 PM org.springframework.beans.factory.xml.XmlBeanDefinitionReader loadBeanDefinitions
INFO: Loading XML bean definitions from class path resource [applicationContext.xml]
Oct 10, 2017 5:03:01 PM org.springframework.context.support.ClassPathXmlApplicationContext prepareRefresh
INFO: Refreshing org.springframework.context.support.ClassPathXmlApplicationContext@45accb5: startup date [Tue Oct 10 17:03:01 EDT 2017]; root of context hierarchy
Oct 10, 2017 5:03:01 PM org.springframework.beans.factory.xml.XmlBeanDefinitionReader loadBeanDefinitions
INFO: Loading XML bean definitions from class path resource [applicationContext.xml]
</system-err>
  </testcase>
  <testcase classname="com.sg.flooringmastery.dao.FMOrderDaoTest" name="testGetOrdersForOneDay" time="0">
    <error message="org.springframework.beans.FatalBeanException" type="java.lang.NoClassDefFoundError">java.lang.NoClassDefFoundError: org.springframework.beans.FatalBeanException
	at org.springframework.beans.factory.support.AbstractAutowireCapableBeanFactory.instantiateBean(AbstractAutowireCapableBeanFactory.java:1154)
	at org.springframework.beans.factory.support.AbstractAutowireCapableBeanFactory.createBeanInstance(AbstractAutowireCapableBeanFactory.java:1099)
	at org.springframework.beans.factory.support.AbstractAutowireCapableBeanFactory.doCreateBean(AbstractAutowireCapableBeanFactory.java:513)
	at org.springframework.beans.factory.support.AbstractAutowireCapableBeanFactory.createBean(AbstractAutowireCapableBeanFactory.java:483)
	at org.springframework.beans.factory.support.AbstractBeanFactory$1.getObject(AbstractBeanFactory.java:306)
	at org.springframework.beans.factory.support.DefaultSingletonBeanRegistry.getSingleton(DefaultSingletonBeanRegistry.java:230)
	at org.springframework.beans.factory.support.AbstractBeanFactory.doGetBean(AbstractBeanFactory.java:302)
	at org.springframework.beans.factory.support.AbstractBeanFactory.getBean(AbstractBeanFactory.java:197)
	at org.springframework.beans.factory.support.DefaultListableBeanFactory.preInstantiateSingletons(DefaultListableBeanFactory.java:761)
	at org.springframework.context.support.AbstractApplicationContext.finishBeanFactoryInitialization(AbstractApplicationContext.java:867)
	at org.springframework.context.support.AbstractApplicationContext.refresh(AbstractApplicationContext.java:543)
	at org.springframework.context.support.ClassPathXmlApplicationContext.&lt;init&gt;(ClassPathXmlApplicationContext.java:139)
	at org.springframework.context.support.ClassPathXmlApplicationContext.&lt;init&gt;(ClassPathXmlApplicationContext.java:83)
	at com.sg.flooringmastery.dao.FMOrderDaoTest.&lt;init&gt;(FMOrderDaoTest.java:31)
	at sun.reflect.NativeConstructorAccessorImpl.newInstance0(Native Method)
	at sun.reflect.NativeConstructorAccessorImpl.newInstance(NativeConstructorAccessorImpl.java:62)
	at sun.reflect.DelegatingConstructorAccessorImpl.newInstance(DelegatingConstructorAccessorImpl.java:45)
	at java.lang.reflect.Constructor.newInstance(Constructor.java:423)
	at org.junit.runners.BlockJUnit4ClassRunner.createTest(BlockJUnit4ClassRunner.java:217)
	at org.junit.runners.BlockJUnit4ClassRunner$1.runReflectiveCall(BlockJUnit4ClassRunner.java:266)
	at org.junit.internal.runners.model.ReflectiveCallable.run(ReflectiveCallable.java:12)
	at org.junit.runners.BlockJUnit4ClassRunner.methodBlock(BlockJUnit4ClassRunner.java:263)
	at org.junit.runners.BlockJUnit4ClassRunner.runChild(BlockJUnit4ClassRunner.java:78)
	at org.junit.runners.BlockJUnit4ClassRunner.runChild(BlockJUnit4ClassRunner.java:57)
	at org.junit.runners.ParentRunner$3.run(ParentRunner.java:290)
	at org.junit.runners.ParentRunner$1.schedule(ParentRunner.java:71)
	at org.junit.runners.ParentRunner.runChildren(ParentRunner.java:288)
	at org.junit.runners.ParentRunner.access$000(ParentRunner.java:58)
	at org.junit.runners.ParentRunner$2.evaluate(ParentRunner.java:268)
	at org.junit.runners.ParentRunner.run(ParentRunner.java:363)
	at org.apache.maven.surefire.junit4.JUnit4Provider.execute(JUnit4Provider.java:252)
	at org.apache.maven.surefire.junit4.JUnit4Provider.executeTestSet(JUnit4Provider.java:141)
	at org.apache.maven.surefire.junit4.JUnit4Provider.invoke(JUnit4Provider.java:112)
	at sun.reflect.NativeMethodAccessorImpl.invoke0(Native Method)
	at sun.reflect.NativeMethodAccessorImpl.invoke(NativeMethodAccessorImpl.java:62)
	at sun.reflect.DelegatingMethodAccessorImpl.invoke(DelegatingMethodAccessorImpl.java:43)
	at java.lang.reflect.Method.invoke(Method.java:498)
	at org.apache.maven.surefire.util.ReflectionUtils.invokeMethodWithArray(ReflectionUtils.java:189)
	at org.apache.maven.surefire.booter.ProviderFactory$ProviderProxy.invoke(ProviderFactory.java:165)
	at org.apache.maven.surefire.booter.ProviderFactory.invokeProvider(ProviderFactory.java:85)
	at org.apache.maven.surefire.booter.ForkedBooter.runSuitesInProcess(ForkedBooter.java:115)
	at org.apache.maven.surefire.booter.ForkedBooter.main(ForkedBooter.java:75)
</error>
    <system-err>Oct 10, 2017 5:03:02 PM org.springframework.context.support.ClassPathXmlApplicationContext prepareRefresh
INFO: Refreshing org.springframework.context.support.ClassPathXmlApplicationContext@879f852: startup date [Tue Oct 10 17:03:02 EDT 2017]; root of context hierarchy
Oct 10, 2017 5:03:02 PM org.springframework.beans.factory.xml.XmlBeanDefinitionReader loadBeanDefinitions
INFO: Loading XML bean definitions from class path resource [applicationContext.xml]
Oct 10, 2017 5:03:02 PM org.springframework.context.support.ClassPathXmlApplicationContext prepareRefresh
INFO: Refreshing org.springframework.context.support.ClassPathXmlApplicationContext@7c3c6564: startup date [Tue Oct 10 17:03:02 EDT 2017]; root of context hierarchy
Oct 10, 2017 5:03:02 PM org.springframework.beans.factory.xml.XmlBeanDefinitionReader loadBeanDefinitions
INFO: Loading XML bean definitions from class path resource [applicationContext.xml]
Oct 10, 2017 5:03:02 PM org.springframework.context.support.ClassPathXmlApplicationContext prepareRefresh
INFO: Refreshing org.springframework.context.support.ClassPathXmlApplicationContext@5453020f: startup date [Tue Oct 10 17:03:02 EDT 2017]; root of context hierarchy
Oct 10, 2017 5:03:02 PM org.springframework.beans.factory.xml.XmlBeanDefinitionReader loadBeanDefinitions
INFO: Loading XML bean definitions from class path resource [applicationContext.xml]
Oct 10, 2017 5:03:02 PM org.springframework.context.support.ClassPathXmlApplicationContext prepareRefresh
INFO: Refreshing org.springframework.context.support.ClassPathXmlApplicationContext@5a4ceb1: startup date [Tue Oct 10 17:03:02 EDT 2017]; root of context hierarchy
Oct 10, 2017 5:03:02 PM org.springframework.beans.factory.xml.XmlBeanDefinitionReader loadBeanDefinitions
INFO: Loading XML bean definitions from class path resource [applicationContext.xml]
Oct 10, 2017 5:03:02 PM org.springframework.context.support.ClassPathXmlApplicationContext prepareRefresh
INFO: Refreshing org.springframework.context.support.ClassPathXmlApplicationContext@28e12bc5: startup date [Tue Oct 10 17:03:02 EDT 2017]; root of context hierarchy
Oct 10, 2017 5:03:02 PM org.springframework.beans.factory.xml.XmlBeanDefinitionReader loadBeanDefinitions
INFO: Loading XML bean definitions from class path resource [applicationContext.xml]
Oct 10, 2017 5:03:02 PM org.springframework.context.support.ClassPathXmlApplicationContext prepareRefresh
INFO: Refreshing org.springframework.context.support.ClassPathXmlApplicationContext@2fad7002: startup date [Tue Oct 10 17:03:02 EDT 2017]; root of context hierarchy
Oct 10, 2017 5:03:02 PM org.springframework.beans.factory.xml.XmlBeanDefinitionReader loadBeanDefinitions
INFO: Loading XML bean definitions from class path resource [applicationContext.xml]
Oct 10, 2017 5:03:02 PM org.springframework.context.support.ClassPathXmlApplicationContext prepareRefresh
INFO: Refreshing org.springframework.context.support.ClassPathXmlApplicationContext@6be7a271: startup date [Tue Oct 10 17:03:02 EDT 2017]; root of context hierarchy
Oct 10, 2017 5:03:02 PM org.springframework.beans.factory.xml.XmlBeanDefinitionReader loadBeanDefinitions
INFO: Loading XML bean definitions from class path resource [applicationContext.xml]
Oct 10, 2017 5:03:02 PM org.springframework.context.support.ClassPathXmlApplicationContext prepareRefresh
INFO: Refreshing org.springframework.context.support.ClassPathXmlApplicationContext@651e3cc9: startup date [Tue Oct 10 17:03:02 EDT 2017]; root of context hierarchy
Oct 10, 2017 5:03:02 PM org.springframework.beans.factory.xml.XmlBeanDefinitionReader loadBeanDefinitions
INFO: Loading XML bean definitions from class path resource [applicationContext.xml]
Oct 10, 2017 5:03:02 PM org.springframework.context.support.ClassPathXmlApplicationContext prepareRefresh
INFO: Refreshing org.springframework.context.support.ClassPathXmlApplicationContext@6e92f150: startup date [Tue Oct 10 17:03:02 EDT 2017]; root of context hierarchy
Oct 10, 2017 5:03:02 PM org.springframework.beans.factory.xml.XmlBeanDefinitionReader loadBeanDefinitions
INFO: Loading XML bean definitions from class path resource [applicationContext.xml]
Oct 10, 2017 5:03:02 PM org.springframework.context.support.ClassPathXmlApplicationContext prepareRefresh
INFO: Refreshing org.springframework.context.support.ClassPathXmlApplicationContext@1ccfa4b8: startup date [Tue Oct 10 17:03:02 EDT 2017]; root of context hierarchy
Oct 10, 2017 5:03:02 PM org.springframework.beans.factory.xml.XmlBeanDefinitionReader loadBeanDefinitions
INFO: Loading XML bean definitions from class path resource [applicationContext.xml]
Oct 10, 2017 5:03:02 PM org.springframework.context.support.ClassPathXmlApplicationContext prepareRefresh
INFO: Refreshing org.springframework.context.support.ClassPathXmlApplicationContext@7219a228: startup date [Tue Oct 10 17:03:02 EDT 2017]; root of context hierarchy
Oct 10, 2017 5:03:02 PM org.springframework.beans.factory.xml.XmlBeanDefinitionReader loadBeanDefinitions
INFO: Loading XML bean definitions from class path resource [applicationContext.xml]
Oct 10, 2017 5:03:02 PM org.springframework.context.support.ClassPathXmlApplicationContext prepareRefresh
INFO: Refreshing org.springframework.context.support.ClassPathXmlApplicationContext@67f8586f: startup date [Tue Oct 10 17:03:02 EDT 2017]; root of context hierarchy
Oct 10, 2017 5:03:02 PM org.springframework.beans.factory.xml.XmlBeanDefinitionReader loadBeanDefinitions
INFO: Loading XML bean definitions from class path resource [applicationContext.xml]
Oct 10, 2017 5:03:02 PM org.springframework.context.support.ClassPathXmlApplicationContext prepareRefresh
INFO: Refreshing org.springframework.context.support.ClassPathXmlApplicationContext@e7c3ba2: startup date [Tue Oct 10 17:03:02 EDT 2017]; root of context hierarchy
Oct 10, 2017 5:03:02 PM org.springframework.beans.factory.xml.XmlBeanDefinitionReader loadBeanDefinitions
INFO: Loading XML bean definitions from class path resource [applicationContext.xml]
Oct 10, 2017 5:03:02 PM org.springframework.context.support.ClassPathXmlApplicationContext prepareRefresh
INFO: Refreshing org.springframework.context.support.ClassPathXmlApplicationContext@42fe9099: startup date [Tue Oct 10 17:03:02 EDT 2017]; root of context hierarchy
Oct 10, 2017 5:03:02 PM org.springframework.beans.factory.xml.XmlBeanDefinitionReader loadBeanDefinitions
INFO: Loading XML bean definitions from class path resource [applicationContext.xml]
Oct 10, 2017 5:03:02 PM org.springframework.context.support.ClassPathXmlApplicationContext prepareRefresh
INFO: Refreshing org.springframework.context.support.ClassPathXmlApplicationContext@497ccf3: startup date [Tue Oct 10 17:03:02 EDT 2017]; root of context hierarchy
Oct 10, 2017 5:03:02 PM org.springframework.beans.factory.xml.XmlBeanDefinitionReader loadBeanDefinitions
INFO: Loading XML bean definitions from class path resource [applicationContext.xml]
Oct 10, 2017 5:03:02 PM org.springframework.context.support.ClassPathXmlApplicationContext prepareRefresh
INFO: Refreshing org.springframework.context.support.ClassPathXmlApplicationContext@7e5a8000: startup date [Tue Oct 10 17:03:02 EDT 2017]; root of context hierarchy
Oct 10, 2017 5:03:02 PM org.springframework.beans.factory.xml.XmlBeanDefinitionReader loadBeanDefinitions
INFO: Loading XML bean definitions from class path resource [applicationContext.xml]
Oct 10, 2017 5:03:02 PM org.springframework.context.support.ClassPathXmlApplicationContext prepareRefresh
INFO: Refreshing org.springframework.context.support.ClassPathXmlApplicationContext@1e368085: startup date [Tue Oct 10 17:03:02 EDT 2017]; root of context hierarchy
Oct 10, 2017 5:03:02 PM org.springframework.beans.factory.xml.XmlBeanDefinitionReader loadBeanDefinitions
INFO: Loading XML bean definitions from class path resource [applicationContext.xml]
Oct 10, 2017 5:03:02 PM org.springframework.context.support.ClassPathXmlApplicationContext prepareRefresh
INFO: Refreshing org.springframework.context.support.ClassPathXmlApplicationContext@6f371390: startup date [Tue Oct 10 17:03:02 EDT 2017]; root of context hierarchy
Oct 10, 2017 5:03:02 PM org.springframework.beans.factory.xml.XmlBeanDefinitionReader loadBeanDefinitions
INFO: Loading XML bean definitions from class path resource [applicationContext.xml]
Oct 10, 2017 5:03:02 PM org.springframework.context.support.ClassPathXmlApplicationContext prepareRefresh
INFO: Refreshing org.springframework.context.support.ClassPathXmlApplicationContext@17f4276b: startup date [Tue Oct 10 17:03:02 EDT 2017]; root of context hierarchy
Oct 10, 2017 5:03:02 PM org.springframework.beans.factory.xml.XmlBeanDefinitionReader loadBeanDefinitions
INFO: Loading XML bean definitions from class path resource [applicationContext.xml]
Oct 10, 2017 5:03:02 PM org.springframework.context.support.ClassPathXmlApplicationContext prepareRefresh
INFO: Refreshing org.springframework.context.support.ClassPathXmlApplicationContext@77524169: startup date [Tue Oct 10 17:03:02 EDT 2017]; root of context hierarchy
Oct 10, 2017 5:03:02 PM org.springframework.beans.factory.xml.XmlBeanDefinitionReader loadBeanDefinitions
INFO: Loading XML bean definitions from class path resource [applicationContext.xml]
Oct 10, 2017 5:03:02 PM org.springframework.context.support.ClassPathXmlApplicationContext prepareRefresh
INFO: Refreshing org.springframework.context.support.ClassPathXmlApplicationContext@3c67b7a9: startup date [Tue Oct 10 17:03:02 EDT 2017]; root of context hierarchy
Oct 10, 2017 5:03:02 PM org.springframework.beans.factory.xml.XmlBeanDefinitionReader loadBeanDefinitions
INFO: Loading XML bean definitions from class path resource [applicationContext.xml]
Oct 10, 2017 5:03:02 PM org.springframework.context.support.ClassPathXmlApplicationContext prepareRefresh
INFO: Refreshing org.springframework.context.support.ClassPathXmlApplicationContext@5b71ccf2: startup date [Tue Oct 10 17:03:02 EDT 2017]; root of context hierarchy
Oct 10, 2017 5:03:02 PM org.springframework.beans.factory.xml.XmlBeanDefinitionReader loadBeanDefinitions
INFO: Loading XML bean definitions from class path resource [applicationContext.xml]
Oct 10, 2017 5:03:02 PM org.springframework.context.support.ClassPathXmlApplicationContext prepareRefresh
INFO: Refreshing org.springframework.context.support.ClassPathXmlApplicationContext@3c9e82a6: startup date [Tue Oct 10 17:03:02 EDT 2017]; root of context hierarchy
Oct 10, 2017 5:03:02 PM org.springframework.beans.factory.xml.XmlBeanDefinitionReader loadBeanDefinitions
INFO: Loading XML bean definitions from class path resource [applicationContext.xml]
Oct 10, 2017 5:03:02 PM org.springframework.context.support.ClassPathXmlApplicationContext prepareRefresh
INFO: Refreshing org.springframework.context.support.ClassPathXmlApplicationContext@2cc3df02: startup date [Tue Oct 10 17:03:02 EDT 2017]; root of context hierarchy
Oct 10, 2017 5:03:02 PM org.springframework.beans.factory.xml.XmlBeanDefinitionReader loadBeanDefinitions
INFO: Loading XML bean definitions from class path resource [applicationContext.xml]
Oct 10, 2017 5:03:02 PM org.springframework.context.support.ClassPathXmlApplicationContext prepareRefresh
INFO: Refreshing org.springframework.context.support.ClassPathXmlApplicationContext@3287cf03: startup date [Tue Oct 10 17:03:02 EDT 2017]; root of context hierarchy
Oct 10, 2017 5:03:02 PM org.springframework.beans.factory.xml.XmlBeanDefinitionReader loadBeanDefinitions
INFO: Loading XML bean definitions from class path resource [applicationContext.xml]
Oct 10, 2017 5:03:02 PM org.springframework.context.support.ClassPathXmlApplicationContext prepareRefresh
INFO: Refreshing org.springframework.context.support.ClassPathXmlApplicationContext@34329e03: startup date [Tue Oct 10 17:03:02 EDT 2017]; root of context hierarchy
Oct 10, 2017 5:03:02 PM org.springframework.beans.factory.xml.XmlBeanDefinitionReader loadBeanDefinitions
INFO: Loading XML bean definitions from class path resource [applicationContext.xml]
Oct 10, 2017 5:03:02 PM org.springframework.context.support.ClassPathXmlApplicationContext prepareRefresh
INFO: Refreshing org.springframework.context.support.ClassPathXmlApplicationContext@113ba21: startup date [Tue Oct 10 17:03:02 EDT 2017]; root of context hierarchy
Oct 10, 2017 5:03:02 PM org.springframework.beans.factory.xml.XmlBeanDefinitionReader loadBeanDefinitions
INFO: Loading XML bean definitions from class path resource [applicationContext.xml]
Oct 10, 2017 5:03:02 PM org.springframework.context.support.ClassPathXmlApplicationContext prepareRefresh
INFO: Refreshing org.springframework.context.support.ClassPathXmlApplicationContext@30741e9b: startup date [Tue Oct 10 17:03:02 EDT 2017]; root of context hierarchy
Oct 10, 2017 5:03:02 PM org.springframework.beans.factory.xml.XmlBeanDefinitionReader loadBeanDefinitions
INFO: Loading XML bean definitions from class path resource [applicationContext.xml]
Oct 10, 2017 5:03:02 PM org.springframework.context.support.ClassPathXmlApplicationContext prepareRefresh
INFO: Refreshing org.springframework.context.support.ClassPathXmlApplicationContext@75364777: startup date [Tue Oct 10 17:03:02 EDT 2017]; root of context hierarchy
Oct 10, 2017 5:03:02 PM org.springframework.beans.factory.xml.XmlBeanDefinitionReader loadBeanDefinitions
INFO: Loading XML bean definitions from class path resource [applicationContext.xml]
Oct 10, 2017 5:03:02 PM org.springframework.context.support.ClassPathXmlApplicationContext prepareRefresh
INFO: Refreshing org.springframework.context.support.ClassPathXmlApplicationContext@7c75f3a8: startup date [Tue Oct 10 17:03:02 EDT 2017]; root of context hierarchy
Oct 10, 2017 5:03:02 PM org.springframework.beans.factory.xml.XmlBeanDefinitionReader loadBeanDefinitions
INFO: Loading XML bean definitions from class path resource [applicationContext.xml]
Oct 10, 2017 5:03:02 PM org.springframework.context.support.ClassPathXmlApplicationContext prepareRefresh
INFO: Refreshing org.springframework.context.support.ClassPathXmlApplicationContext@37c1e2a4: startup date [Tue Oct 10 17:03:02 EDT 2017]; root of context hierarchy
Oct 10, 2017 5:03:02 PM org.springframework.beans.factory.xml.XmlBeanDefinitionReader loadBeanDefinitions
INFO: Loading XML bean definitions from class path resource [applicationContext.xml]
Oct 10, 2017 5:03:02 PM org.springframework.context.support.ClassPathXmlApplicationContext prepareRefresh
INFO: Refreshing org.springframework.context.support.ClassPathXmlApplicationContext@2eb6e166: startup date [Tue Oct 10 17:03:02 EDT 2017]; root of context hierarchy
Oct 10, 2017 5:03:02 PM org.springframework.beans.factory.xml.XmlBeanDefinitionReader loadBeanDefinitions
INFO: Loading XML bean definitions from class path resource [applicationContext.xml]
Oct 10, 2017 5:03:02 PM org.springframework.context.support.ClassPathXmlApplicationContext prepareRefresh
INFO: Refreshing org.springframework.context.support.ClassPathXmlApplicationContext@5a564a61: startup date [Tue Oct 10 17:03:02 EDT 2017]; root of context hierarchy
Oct 10, 2017 5:03:02 PM org.springframework.beans.factory.xml.XmlBeanDefinitionReader loadBeanDefinitions
INFO: Loading XML bean definitions from class path resource [applicationContext.xml]
Oct 10, 2017 5:03:02 PM org.springframework.context.support.ClassPathXmlApplicationContext prepareRefresh
INFO: Refreshing org.springframework.context.support.ClassPathXmlApplicationContext@6236beac: startup date [Tue Oct 10 17:03:02 EDT 2017]; root of context hierarchy
Oct 10, 2017 5:03:02 PM org.springframework.beans.factory.xml.XmlBeanDefinitionReader loadBeanDefinitions
INFO: Loading XML bean definitions from class path resource [applicationContext.xml]
Oct 10, 2017 5:03:02 PM org.springframework.context.support.ClassPathXmlApplicationContext prepareRefresh
INFO: Refreshing org.springframework.context.support.ClassPathXmlApplicationContext@814b60b: startup date [Tue Oct 10 17:03:02 EDT 2017]; root of context hierarchy
Oct 10, 2017 5:03:02 PM org.springframework.beans.factory.xml.XmlBeanDefinitionReader loadBeanDefinitions
INFO: Loading XML bean definitions from class path resource [applicationContext.xml]
Oct 10, 2017 5:03:02 PM org.springframework.context.support.ClassPathXmlApplicationContext prepareRefresh
INFO: Refreshing org.springframework.context.support.ClassPathXmlApplicationContext@5f92ef40: startup date [Tue Oct 10 17:03:02 EDT 2017]; root of context hierarchy
Oct 10, 2017 5:03:02 PM org.springframework.beans.factory.xml.XmlBeanDefinitionReader loadBeanDefinitions
INFO: Loading XML bean definitions from class path resource [applicationContext.xml]
Oct 10, 2017 5:03:02 PM org.springframework.context.support.ClassPathXmlApplicationContext prepareRefresh
INFO: Refreshing org.springframework.context.support.ClassPathXmlApplicationContext@341c8f67: startup date [Tue Oct 10 17:03:02 EDT 2017]; root of context hierarchy
Oct 10, 2017 5:03:02 PM org.springframework.beans.factory.xml.XmlBeanDefinitionReader loadBeanDefinitions
INFO: Loading XML bean definitions from class path resource [applicationContext.xml]
Oct 10, 2017 5:03:02 PM org.springframework.context.support.ClassPathXmlApplicationContext prepareRefresh
INFO: Refreshing org.springframework.context.support.ClassPathXmlApplicationContext@27acd9a7: startup date [Tue Oct 10 17:03:02 EDT 2017]; root of context hierarchy
Oct 10, 2017 5:03:02 PM org.springframework.beans.factory.xml.XmlBeanDefinitionReader loadBeanDefinitions
INFO: Loading XML bean definitions from class path resource [applicationContext.xml]
Oct 10, 2017 5:03:02 PM org.springframework.context.support.ClassPathXmlApplicationContext prepareRefresh
INFO: Refreshing org.springframework.context.support.ClassPathXmlApplicationContext@56c95789: startup date [Tue Oct 10 17:03:02 EDT 2017]; root of context hierarchy
Oct 10, 2017 5:03:02 PM org.springframework.beans.factory.xml.XmlBeanDefinitionReader loadBeanDefinitions
INFO: Loading XML bean definitions from class path resource [applicationContext.xml]
Oct 10, 2017 5:03:02 PM org.springframework.context.support.ClassPathXmlApplicationContext prepareRefresh
INFO: Refreshing org.springframework.context.support.ClassPathXmlApplicationContext@105d2c27: startup date [Tue Oct 10 17:03:02 EDT 2017]; root of context hierarchy
Oct 10, 2017 5:03:02 PM org.springframework.beans.factory.xml.XmlBeanDefinitionReader loadBeanDefinitions
INFO: Loading XML bean definitions from class path resource [applicationContext.xml]
Oct 10, 2017 5:03:02 PM org.springframework.context.support.ClassPathXmlApplicationContext prepareRefresh
INFO: Refreshing org.springframework.context.support.ClassPathXmlApplicationContext@2aafd790: startup date [Tue Oct 10 17:03:02 EDT 2017]; root of context hierarchy
Oct 10, 2017 5:03:02 PM org.springframework.beans.factory.xml.XmlBeanDefinitionReader loadBeanDefinitions
INFO: Loading XML bean definitions from class path resource [applicationContext.xml]
Oct 10, 2017 5:03:02 PM org.springframework.context.support.ClassPathXmlApplicationContext prepareRefresh
INFO: Refreshing org.springframework.context.support.ClassPathXmlApplicationContext@7aeb5402: startup date [Tue Oct 10 17:03:02 EDT 2017]; root of context hierarchy
Oct 10, 2017 5:03:02 PM org.springframework.beans.factory.xml.XmlBeanDefinitionReader loadBeanDefinitions
INFO: Loading XML bean definitions from class path resource [applicationContext.xml]
Oct 10, 2017 5:03:02 PM org.springframework.context.support.ClassPathXmlApplicationContext prepareRefresh
INFO: Refreshing org.springframework.context.support.ClassPathXmlApplicationContext@12c1826: startup date [Tue Oct 10 17:03:02 EDT 2017]; root of context hierarchy
Oct 10, 2017 5:03:02 PM org.springframework.beans.factory.xml.XmlBeanDefinitionReader loadBeanDefinitions
INFO: Loading XML bean definitions from class path resource [applicationContext.xml]
Oct 10, 2017 5:03:02 PM org.springframework.context.support.ClassPathXmlApplicationContext prepareRefresh
INFO: Refreshing org.springframework.context.support.ClassPathXmlApplicationContext@4d484961: startup date [Tue Oct 10 17:03:02 EDT 2017]; root of context hierarchy
Oct 10, 2017 5:03:02 PM org.springframework.beans.factory.xml.XmlBeanDefinitionReader loadBeanDefinitions
INFO: Loading XML bean definitions from class path resource [applicationContext.xml]
Oct 10, 2017 5:03:02 PM org.springframework.context.support.ClassPathXmlApplicationContext prepareRefresh
INFO: Refreshing org.springframework.context.support.ClassPathXmlApplicationContext@5e9355a6: startup date [Tue Oct 10 17:03:02 EDT 2017]; root of context hierarchy
Oct 10, 2017 5:03:02 PM org.springframework.beans.factory.xml.XmlBeanDefinitionReader loadBeanDefinitions
INFO: Loading XML bean definitions from class path resource [applicationContext.xml]
Oct 10, 2017 5:03:02 PM org.springframework.context.support.ClassPathXmlApplicationContext prepareRefresh
INFO: Refreshing org.springframework.context.support.ClassPathXmlApplicationContext@414b5798: startup date [Tue Oct 10 17:03:02 EDT 2017]; root of context hierarchy
Oct 10, 2017 5:03:02 PM org.springframework.beans.factory.xml.XmlBeanDefinitionReader loadBeanDefinitions
INFO: Loading XML bean definitions from class path resource [applicationContext.xml]
Oct 10, 2017 5:03:02 PM org.springframework.context.support.ClassPathXmlApplicationContext prepareRefresh
INFO: Refreshing org.springframework.context.support.ClassPathXmlApplicationContext@10014459: startup date [Tue Oct 10 17:03:02 EDT 2017]; root of context hierarchy
Oct 10, 2017 5:03:02 PM org.springframework.beans.factory.xml.XmlBeanDefinitionReader loadBeanDefinitions
INFO: Loading XML bean definitions from class path resource [applicationContext.xml]
Oct 10, 2017 5:03:02 PM org.springframework.context.support.ClassPathXmlApplicationContext prepareRefresh
INFO: Refreshing org.springframework.context.support.ClassPathXmlApplicationContext@6193340e: startup date [Tue Oct 10 17:03:02 EDT 2017]; root of context hierarchy
Oct 10, 2017 5:03:02 PM org.springframework.beans.factory.xml.XmlBeanDefinitionReader loadBeanDefinitions
INFO: Loading XML bean definitions from class path resource [applicationContext.xml]
Oct 10, 2017 5:03:02 PM org.springframework.context.support.ClassPathXmlApplicationContext prepareRefresh
INFO: Refreshing org.springframework.context.support.ClassPathXmlApplicationContext@5fe1b8d2: startup date [Tue Oct 10 17:03:02 EDT 2017]; root of context hierarchy
Oct 10, 2017 5:03:02 PM org.springframework.beans.factory.xml.XmlBeanDefinitionReader loadBeanDefinitions
INFO: Loading XML bean definitions from class path resource [applicationContext.xml]
Oct 10, 2017 5:03:02 PM org.springframework.context.support.ClassPathXmlApplicationContext prepareRefresh
INFO: Refreshing org.springframework.context.support.ClassPathXmlApplicationContext@6f3d33bc: startup date [Tue Oct 10 17:03:02 EDT 2017]; root of context hierarchy
Oct 10, 2017 5:03:02 PM org.springframework.beans.factory.xml.XmlBeanDefinitionReader loadBeanDefinitions
INFO: Loading XML bean definitions from class path resource [applicationContext.xml]
Oct 10, 2017 5:03:02 PM org.springframework.context.support.ClassPathXmlApplicationContext prepareRefresh
INFO: Refreshing org.springframework.context.support.ClassPathXmlApplicationContext@7f69a16b: startup date [Tue Oct 10 17:03:02 EDT 2017]; root of context hierarchy
Oct 10, 2017 5:03:02 PM org.springframework.beans.factory.xml.XmlBeanDefinitionReader loadBeanDefinitions
INFO: Loading XML bean definitions from class path resource [applicationContext.xml]
Oct 10, 2017 5:03:02 PM org.springframework.context.support.ClassPathXmlApplicationContext prepareRefresh
INFO: Refreshing org.springframework.context.support.ClassPathXmlApplicationContext@5dd47c88: startup date [Tue Oct 10 17:03:02 EDT 2017]; root of context hierarchy
Oct 10, 2017 5:03:02 PM org.springframework.beans.factory.xml.XmlBeanDefinitionReader loadBeanDefinitions
INFO: Loading XML bean definitions from class path resource [applicationContext.xml]
Oct 10, 2017 5:03:02 PM org.springframework.context.support.ClassPathXmlApplicationContext prepareRefresh
INFO: Refreshing org.springframework.context.support.ClassPathXmlApplicationContext@7e4f5062: startup date [Tue Oct 10 17:03:02 EDT 2017]; root of context hierarchy
Oct 10, 2017 5:03:02 PM org.springframework.beans.factory.xml.XmlBeanDefinitionReader loadBeanDefinitions
INFO: Loading XML bean definitions from class path resource [applicationContext.xml]
Oct 10, 2017 5:03:02 PM org.springframework.context.support.ClassPathXmlApplicationContext prepareRefresh
INFO: Refreshing org.springframework.context.support.ClassPathXmlApplicationContext@582ea857: startup date [Tue Oct 10 17:03:02 EDT 2017]; root of context hierarchy
Oct 10, 2017 5:03:02 PM org.springframework.beans.factory.xml.XmlBeanDefinitionReader loadBeanDefinitions
INFO: Loading XML bean definitions from class path resource [applicationContext.xml]
Oct 10, 2017 5:03:02 PM org.springframework.context.support.ClassPathXmlApplicationContext prepareRefresh
INFO: Refreshing org.springframework.context.support.ClassPathXmlApplicationContext@577e2b91: startup date [Tue Oct 10 17:03:02 EDT 2017]; root of context hierarchy
Oct 10, 2017 5:03:02 PM org.springframework.beans.factory.xml.XmlBeanDefinitionReader loadBeanDefinitions
INFO: Loading XML bean definitions from class path resource [applicationContext.xml]
Oct 10, 2017 5:03:02 PM org.springframework.context.support.ClassPathXmlApplicationContext prepareRefresh
INFO: Refreshing org.springframework.context.support.ClassPathXmlApplicationContext@67599bae: startup date [Tue Oct 10 17:03:02 EDT 2017]; root of context hierarchy
Oct 10, 2017 5:03:02 PM org.springframework.beans.factory.xml.XmlBeanDefinitionReader loadBeanDefinitions
INFO: Loading XML bean definitions from class path resource [applicationContext.xml]
Oct 10, 2017 5:03:02 PM org.springframework.context.support.ClassPathXmlApplicationContext prepareRefresh
INFO: Refreshing org.springframework.context.support.ClassPathXmlApplicationContext@60dd53e9: startup date [Tue Oct 10 17:03:02 EDT 2017]; root of context hierarchy
Oct 10, 2017 5:03:02 PM org.springframework.beans.factory.xml.XmlBeanDefinitionReader loadBeanDefinitions
INFO: Loading XML bean definitions from class path resource [applicationContext.xml]
Oct 10, 2017 5:03:02 PM org.springframework.context.support.ClassPathXmlApplicationContext prepareRefresh
INFO: Refreshing org.springframework.context.support.ClassPathXmlApplicationContext@411e886b: startup date [Tue Oct 10 17:03:02 EDT 2017]; root of context hierarchy
Oct 10, 2017 5:03:02 PM org.springframework.beans.factory.xml.XmlBeanDefinitionReader loadBeanDefinitions
INFO: Loading XML bean definitions from class path resource [applicationContext.xml]
Oct 10, 2017 5:03:02 PM org.springframework.context.support.ClassPathXmlApplicationContext prepareRefresh
INFO: Refreshing org.springframework.context.support.ClassPathXmlApplicationContext@6dad684f: startup date [Tue Oct 10 17:03:02 EDT 2017]; root of context hierarchy
Oct 10, 2017 5:03:02 PM org.springframework.beans.factory.xml.XmlBeanDefinitionReader loadBeanDefinitions
INFO: Loading XML bean definitions from class path resource [applicationContext.xml]
Oct 10, 2017 5:03:02 PM org.springframework.context.support.ClassPathXmlApplicationContext prepareRefresh
INFO: Refreshing org.springframework.context.support.ClassPathXmlApplicationContext@47ffce5d: startup date [Tue Oct 10 17:03:02 EDT 2017]; root of context hierarchy
Oct 10, 2017 5:03:02 PM org.springframework.beans.factory.xml.XmlBeanDefinitionReader loadBeanDefinitions
INFO: Loading XML bean definitions from class path resource [applicationContext.xml]
Oct 10, 2017 5:03:02 PM org.springframework.context.support.ClassPathXmlApplicationContext prepareRefresh
INFO: Refreshing org.springframework.context.support.ClassPathXmlApplicationContext@4e31229f: startup date [Tue Oct 10 17:03:02 EDT 2017]; root of context hierarchy
Oct 10, 2017 5:03:02 PM org.springframework.beans.factory.xml.XmlBeanDefinitionReader loadBeanDefinitions
INFO: Loading XML bean definitions from class path resource [applicationContext.xml]
Oct 10, 2017 5:03:02 PM org.springframework.context.support.ClassPathXmlApplicationContext prepareRefresh
INFO: Refreshing org.springframework.context.support.ClassPathXmlApplicationContext@1d9e511c: startup date [Tue Oct 10 17:03:02 EDT 2017]; root of context hierarchy
Oct 10, 2017 5:03:02 PM org.springframework.beans.factory.xml.XmlBeanDefinitionReader loadBeanDefinitions
INFO: Loading XML bean definitions from class path resource [applicationContext.xml]
Oct 10, 2017 5:03:02 PM org.springframework.context.support.ClassPathXmlApplicationContext prepareRefresh
INFO: Refreshing org.springframework.context.support.ClassPathXmlApplicationContext@3479b4cd: startup date [Tue Oct 10 17:03:02 EDT 2017]; root of context hierarchy
Oct 10, 2017 5:03:02 PM org.springframework.beans.factory.xml.XmlBeanDefinitionReader loadBeanDefinitions
INFO: Loading XML bean definitions from class path resource [applicationContext.xml]
Oct 10, 2017 5:03:02 PM org.springframework.context.support.ClassPathXmlApplicationContext prepareRefresh
INFO: Refreshing org.springframework.context.support.ClassPathXmlApplicationContext@3c1133ad: startup date [Tue Oct 10 17:03:02 EDT 2017]; root of context hierarchy
Oct 10, 2017 5:03:02 PM org.springframework.beans.factory.xml.XmlBeanDefinitionReader loadBeanDefinitions
INFO: Loading XML bean definitions from class path resource [applicationContext.xml]
Oct 10, 2017 5:03:02 PM org.springframework.context.support.ClassPathXmlApplicationContext prepareRefresh
INFO: Refreshing org.springframework.context.support.ClassPathXmlApplicationContext@246ee6d8: startup date [Tue Oct 10 17:03:02 EDT 2017]; root of context hierarchy
Oct 10, 2017 5:03:02 PM org.springframework.beans.factory.xml.XmlBeanDefinitionReader loadBeanDefinitions
INFO: Loading XML bean definitions from class path resource [applicationContext.xml]
Oct 10, 2017 5:03:02 PM org.springframework.context.support.ClassPathXmlApplicationContext prepareRefresh
INFO: Refreshing org.springframework.context.support.ClassPathXmlApplicationContext@116c43d4: startup date [Tue Oct 10 17:03:02 EDT 2017]; root of context hierarchy
Oct 10, 2017 5:03:02 PM org.springframework.beans.factory.xml.XmlBeanDefinitionReader loadBeanDefinitions
INFO: Loading XML bean definitions from class path resource [applicationContext.xml]
Oct 10, 2017 5:03:02 PM org.springframework.context.support.ClassPathXmlApplicationContext prepareRefresh
INFO: Refreshing org.springframework.context.support.ClassPathXmlApplicationContext@2bf3ec4a: startup date [Tue Oct 10 17:03:02 EDT 2017]; root of context hierarchy
Oct 10, 2017 5:03:02 PM org.springframework.beans.factory.xml.XmlBeanDefinitionReader loadBeanDefinitions
INFO: Loading XML bean definitions from class path resource [applicationContext.xml]
Oct 10, 2017 5:03:02 PM org.springframework.context.support.ClassPathXmlApplicationContext prepareRefresh
INFO: Refreshing org.springframework.context.support.ClassPathXmlApplicationContext@6fcf3192: startup date [Tue Oct 10 17:03:02 EDT 2017]; root of context hierarchy
Oct 10, 2017 5:03:02 PM org.springframework.beans.factory.xml.XmlBeanDefinitionReader loadBeanDefinitions
INFO: Loading XML bean definitions from class path resource [applicationContext.xml]
Oct 10, 2017 5:03:02 PM org.springframework.context.support.ClassPathXmlApplicationContext prepareRefresh
INFO: Refreshing org.springframework.context.support.ClassPathXmlApplicationContext@8a0447e: startup date [Tue Oct 10 17:03:02 EDT 2017]; root of context hierarchy
Oct 10, 2017 5:03:02 PM org.springframework.beans.factory.xml.XmlBeanDefinitionReader loadBeanDefinitions
INFO: Loading XML bean definitions from class path resource [applicationContext.xml]
Oct 10, 2017 5:03:02 PM org.springframework.context.support.ClassPathXmlApplicationContext prepareRefresh
INFO: Refreshing org.springframework.context.support.ClassPathXmlApplicationContext@453d2a55: startup date [Tue Oct 10 17:03:02 EDT 2017]; root of context hierarchy
Oct 10, 2017 5:03:02 PM org.springframework.beans.factory.xml.XmlBeanDefinitionReader loadBeanDefinitions
INFO: Loading XML bean definitions from class path resource [applicationContext.xml]
Oct 10, 2017 5:03:02 PM org.springframework.context.support.ClassPathXmlApplicationContext prepareRefresh
INFO: Refreshing org.springframework.context.support.ClassPathXmlApplicationContext@3294b641: startup date [Tue Oct 10 17:03:02 EDT 2017]; root of context hierarchy
Oct 10, 2017 5:03:02 PM org.springframework.beans.factory.xml.XmlBeanDefinitionReader loadBeanDefinitions
INFO: Loading XML bean definitions from class path resource [applicationContext.xml]
Oct 10, 2017 5:03:02 PM org.springframework.context.support.ClassPathXmlApplicationContext prepareRefresh
INFO: Refreshing org.springframework.context.support.ClassPathXmlApplicationContext@3637e628: startup date [Tue Oct 10 17:03:02 EDT 2017]; root of context hierarchy
Oct 10, 2017 5:03:02 PM org.springframework.beans.factory.xml.XmlBeanDefinitionReader loadBeanDefinitions
INFO: Loading XML bean definitions from class path resource [applicationContext.xml]
Oct 10, 2017 5:03:02 PM org.springframework.context.support.ClassPathXmlApplicationContext prepareRefresh
INFO: Refreshing org.springframework.context.support.ClassPathXmlApplicationContext@191d69a: startup date [Tue Oct 10 17:03:02 EDT 2017]; root of context hierarchy
Oct 10, 2017 5:03:02 PM org.springframework.beans.factory.xml.XmlBeanDefinitionReader loadBeanDefinitions
INFO: Loading XML bean definitions from class path resource [applicationContext.xml]
Oct 10, 2017 5:03:02 PM org.springframework.context.support.ClassPathXmlApplicationContext prepareRefresh
INFO: Refreshing org.springframework.context.support.ClassPathXmlApplicationContext@1a61721e: startup date [Tue Oct 10 17:03:02 EDT 2017]; root of context hierarchy
Oct 10, 2017 5:03:02 PM org.springframework.beans.factory.xml.XmlBeanDefinitionReader loadBeanDefinitions
INFO: Loading XML bean definitions from class path resource [applicationContext.xml]
Oct 10, 2017 5:03:02 PM org.springframework.context.support.ClassPathXmlApplicationContext prepareRefresh
INFO: Refreshing org.springframework.context.support.ClassPathXmlApplicationContext@33d828b3: startup date [Tue Oct 10 17:03:02 EDT 2017]; root of context hierarchy
Oct 10, 2017 5:03:02 PM org.springframework.beans.factory.xml.XmlBeanDefinitionReader loadBeanDefinitions
INFO: Loading XML bean definitions from class path resource [applicationContext.xml]
Oct 10, 2017 5:03:02 PM org.springframework.context.support.ClassPathXmlApplicationContext prepareRefresh
INFO: Refreshing org.springframework.context.support.ClassPathXmlApplicationContext@6ca5720a: startup date [Tue Oct 10 17:03:02 EDT 2017]; root of context hierarchy
Oct 10, 2017 5:03:02 PM org.springframework.beans.factory.xml.XmlBeanDefinitionReader loadBeanDefinitions
INFO: Loading XML bean definitions from class path resource [applicationContext.xml]
Oct 10, 2017 5:03:02 PM org.springframework.context.support.ClassPathXmlApplicationContext prepareRefresh
INFO: Refreshing org.springframework.context.support.ClassPathXmlApplicationContext@7217e615: startup date [Tue Oct 10 17:03:02 EDT 2017]; root of context hierarchy
Oct 10, 2017 5:03:02 PM org.springframework.beans.factory.xml.XmlBeanDefinitionReader loadBeanDefinitions
INFO: Loading XML bean definitions from class path resource [applicationContext.xml]
Oct 10, 2017 5:03:03 PM org.springframework.context.support.ClassPathXmlApplicationContext prepareRefresh
INFO: Refreshing org.springframework.context.support.ClassPathXmlApplicationContext@3014c46f: startup date [Tue Oct 10 17:03:03 EDT 2017]; root of context hierarchy
Oct 10, 2017 5:03:03 PM org.springframework.beans.factory.xml.XmlBeanDefinitionReader loadBeanDefinitions
INFO: Loading XML bean definitions from class path resource [applicationContext.xml]
Oct 10, 2017 5:03:03 PM org.springframework.context.support.ClassPathXmlApplicationContext prepareRefresh
INFO: Refreshing org.springframework.context.support.ClassPathXmlApplicationContext@27aa700: startup date [Tue Oct 10 17:03:03 EDT 2017]; root of context hierarchy
Oct 10, 2017 5:03:03 PM org.springframework.beans.factory.xml.XmlBeanDefinitionReader loadBeanDefinitions
INFO: Loading XML bean definitions from class path resource [applicationContext.xml]
Oct 10, 2017 5:03:03 PM org.springframework.context.support.ClassPathXmlApplicationContext prepareRefresh
INFO: Refreshing org.springframework.context.support.ClassPathXmlApplicationContext@4ce66169: startup date [Tue Oct 10 17:03:03 EDT 2017]; root of context hierarchy
Oct 10, 2017 5:03:03 PM org.springframework.beans.factory.xml.XmlBeanDefinitionReader loadBeanDefinitions
INFO: Loading XML bean definitions from class path resource [applicationContext.xml]
Oct 10, 2017 5:03:03 PM org.springframework.context.support.ClassPathXmlApplicationContext prepareRefresh
INFO: Refreshing org.springframework.context.support.ClassPathXmlApplicationContext@179dc2: startup date [Tue Oct 10 17:03:03 EDT 2017]; root of context hierarchy
Oct 10, 2017 5:03:03 PM org.springframework.beans.factory.xml.XmlBeanDefinitionReader loadBeanDefinitions
INFO: Loading XML bean definitions from class path resource [applicationContext.xml]
Oct 10, 2017 5:03:03 PM org.springframework.context.support.ClassPathXmlApplicationContext prepareRefresh
INFO: Refreshing org.springframework.context.support.ClassPathXmlApplicationContext@62cad0e8: startup date [Tue Oct 10 17:03:03 EDT 2017]; root of context hierarchy
Oct 10, 2017 5:03:03 PM org.springframework.beans.factory.xml.XmlBeanDefinitionReader loadBeanDefinitions
INFO: Loading XML bean definitions from class path resource [applicationContext.xml]
Oct 10, 2017 5:03:03 PM org.springframework.context.support.ClassPathXmlApplicationContext prepareRefresh
INFO: Refreshing org.springframework.context.support.ClassPathXmlApplicationContext@5aeaee3: startup date [Tue Oct 10 17:03:03 EDT 2017]; root of context hierarchy
Oct 10, 2017 5:03:03 PM org.springframework.beans.factory.xml.XmlBeanDefinitionReader loadBeanDefinitions
INFO: Loading XML bean definitions from class path resource [applicationContext.xml]
Oct 10, 2017 5:03:03 PM org.springframework.context.support.ClassPathXmlApplicationContext prepareRefresh
INFO: Refreshing org.springframework.context.support.ClassPathXmlApplicationContext@541c32de: startup date [Tue Oct 10 17:03:03 EDT 2017]; root of context hierarchy
Oct 10, 2017 5:03:03 PM org.springframework.beans.factory.xml.XmlBeanDefinitionReader loadBeanDefinitions
INFO: Loading XML bean definitions from class path resource [applicationContext.xml]
Oct 10, 2017 5:03:03 PM org.springframework.context.support.ClassPathXmlApplicationContext prepareRefresh
INFO: Refreshing org.springframework.context.support.ClassPathXmlApplicationContext@25874884: startup date [Tue Oct 10 17:03:03 EDT 2017]; root of context hierarchy
Oct 10, 2017 5:03:03 PM org.springframework.beans.factory.xml.XmlBeanDefinitionReader loadBeanDefinitions
INFO: Loading XML bean definitions from class path resource [applicationContext.xml]
Oct 10, 2017 5:03:03 PM org.springframework.context.support.ClassPathXmlApplicationContext prepareRefresh
INFO: Refreshing org.springframework.context.support.ClassPathXmlApplicationContext@737e4a7b: startup date [Tue Oct 10 17:03:03 EDT 2017]; root of context hierarchy
Oct 10, 2017 5:03:03 PM org.springframework.beans.factory.xml.XmlBeanDefinitionReader loadBeanDefinitions
INFO: Loading XML bean definitions from class path resource [applicationContext.xml]
Oct 10, 2017 5:03:03 PM org.springframework.context.support.ClassPathXmlApplicationContext prepareRefresh
INFO: Refreshing org.springframework.context.support.ClassPathXmlApplicationContext@627b5e5b: startup date [Tue Oct 10 17:03:03 EDT 2017]; root of context hierarchy
Oct 10, 2017 5:03:03 PM org.springframework.beans.factory.xml.XmlBeanDefinitionReader loadBeanDefinitions
INFO: Loading XML bean definitions from class path resource [applicationContext.xml]
Oct 10, 2017 5:03:03 PM org.springframework.context.support.ClassPathXmlApplicationContext prepareRefresh
INFO: Refreshing org.springframework.context.support.ClassPathXmlApplicationContext@4fc28b23: startup date [Tue Oct 10 17:03:03 EDT 2017]; root of context hierarchy
Oct 10, 2017 5:03:03 PM org.springframework.beans.factory.xml.XmlBeanDefinitionReader loadBeanDefinitions
INFO: Loading XML bean definitions from class path resource [applicationContext.xml]
Oct 10, 2017 5:03:03 PM org.springframework.context.support.ClassPathXmlApplicationContext prepareRefresh
INFO: Refreshing org.springframework.context.support.ClassPathXmlApplicationContext@747fb4b1: startup date [Tue Oct 10 17:03:03 EDT 2017]; root of context hierarchy
Oct 10, 2017 5:03:03 PM org.springframework.beans.factory.xml.XmlBeanDefinitionReader loadBeanDefinitions
INFO: Loading XML bean definitions from class path resource [applicationContext.xml]
Oct 10, 2017 5:03:03 PM org.springframework.context.support.ClassPathXmlApplicationContext prepareRefresh
INFO: Refreshing org.springframework.context.support.ClassPathXmlApplicationContext@1724c649: startup date [Tue Oct 10 17:03:03 EDT 2017]; root of context hierarchy
Oct 10, 2017 5:03:03 PM org.springframework.beans.factory.xml.XmlBeanDefinitionReader loadBeanDefinitions
INFO: Loading XML bean definitions from class path resource [applicationContext.xml]
Oct 10, 2017 5:03:03 PM org.springframework.context.support.ClassPathXmlApplicationContext prepareRefresh
INFO: Refreshing org.springframework.context.support.ClassPathXmlApplicationContext@3ce17e4: startup date [Tue Oct 10 17:03:03 EDT 2017]; root of context hierarchy
Oct 10, 2017 5:03:03 PM org.springframework.beans.factory.xml.XmlBeanDefinitionReader loadBeanDefinitions
INFO: Loading XML bean definitions from class path resource [applicationContext.xml]
Oct 10, 2017 5:03:03 PM org.springframework.context.support.ClassPathXmlApplicationContext prepareRefresh
INFO: Refreshing org.springframework.context.support.ClassPathXmlApplicationContext@71e740c6: startup date [Tue Oct 10 17:03:03 EDT 2017]; root of context hierarchy
Oct 10, 2017 5:03:03 PM org.springframework.beans.factory.xml.XmlBeanDefinitionReader loadBeanDefinitions
INFO: Loading XML bean definitions from class path resource [applicationContext.xml]
Oct 10, 2017 5:03:03 PM org.springframework.context.support.ClassPathXmlApplicationContext prepareRefresh
INFO: Refreshing org.springframework.context.support.ClassPathXmlApplicationContext@4095ebff: startup date [Tue Oct 10 17:03:03 EDT 2017]; root of context hierarchy
Oct 10, 2017 5:03:03 PM org.springframework.beans.factory.xml.XmlBeanDefinitionReader loadBeanDefinitions
INFO: Loading XML bean definitions from class path resource [applicationContext.xml]
Oct 10, 2017 5:03:03 PM org.springframework.context.support.ClassPathXmlApplicationContext prepareRefresh
INFO: Refreshing org.springframework.context.support.ClassPathXmlApplicationContext@4e881e14: startup date [Tue Oct 10 17:03:03 EDT 2017]; root of context hierarchy
Oct 10, 2017 5:03:03 PM org.springframework.beans.factory.xml.XmlBeanDefinitionReader loadBeanDefinitions
INFO: Loading XML bean definitions from class path resource [applicationContext.xml]
Oct 10, 2017 5:03:03 PM org.springframework.context.support.ClassPathXmlApplicationContext prepareRefresh
INFO: Refreshing org.springframework.context.support.ClassPathXmlApplicationContext@380f9c1d: startup date [Tue Oct 10 17:03:03 EDT 2017]; root of context hierarchy
Oct 10, 2017 5:03:03 PM org.springframework.beans.factory.xml.XmlBeanDefinitionReader loadBeanDefinitions
INFO: Loading XML bean definitions from class path resource [applicationContext.xml]
Oct 10, 2017 5:03:03 PM org.springframework.context.support.ClassPathXmlApplicationContext prepareRefresh
INFO: Refreshing org.springframework.context.support.ClassPathXmlApplicationContext@134b9d9c: startup date [Tue Oct 10 17:03:03 EDT 2017]; root of context hierarchy
Oct 10, 2017 5:03:03 PM org.springframework.beans.factory.xml.XmlBeanDefinitionReader loadBeanDefinitions
INFO: Loading XML bean definitions from class path resource [applicationContext.xml]
Oct 10, 2017 5:03:03 PM org.springframework.context.support.ClassPathXmlApplicationContext prepareRefresh
INFO: Refreshing org.springframework.context.support.ClassPathXmlApplicationContext@237e61ac: startup date [Tue Oct 10 17:03:03 EDT 2017]; root of context hierarchy
Oct 10, 2017 5:03:03 PM org.springframework.beans.factory.xml.XmlBeanDefinitionReader loadBeanDefinitions
INFO: Loading XML bean definitions from class path resource [applicationContext.xml]
Oct 10, 2017 5:03:03 PM org.springframework.context.support.ClassPathXmlApplicationContext prepareRefresh
INFO: Refreshing org.springframework.context.support.ClassPathXmlApplicationContext@7c5ae5c3: startup date [Tue Oct 10 17:03:03 EDT 2017]; root of context hierarchy
Oct 10, 2017 5:03:03 PM org.springframework.beans.factory.xml.XmlBeanDefinitionReader loadBeanDefinitions
INFO: Loading XML bean definitions from class path resource [applicationContext.xml]
Oct 10, 2017 5:03:03 PM org.springframework.context.support.ClassPathXmlApplicationContext prepareRefresh
INFO: Refreshing org.springframework.context.support.ClassPathXmlApplicationContext@ef09e1: startup date [Tue Oct 10 17:03:03 EDT 2017]; root of context hierarchy
Oct 10, 2017 5:03:03 PM org.springframework.beans.factory.xml.XmlBeanDefinitionReader loadBeanDefinitions
INFO: Loading XML bean definitions from class path resource [applicationContext.xml]
Oct 10, 2017 5:03:03 PM org.springframework.context.support.ClassPathXmlApplicationContext prepareRefresh
INFO: Refreshing org.springframework.context.support.ClassPathXmlApplicationContext@743a9292: startup date [Tue Oct 10 17:03:03 EDT 2017]; root of context hierarchy
Oct 10, 2017 5:03:03 PM org.springframework.beans.factory.xml.XmlBeanDefinitionReader loadBeanDefinitions
INFO: Loading XML bean definitions from class path resource [applicationContext.xml]
Oct 10, 2017 5:03:03 PM org.springframework.context.support.ClassPathXmlApplicationContext prepareRefresh
INFO: Refreshing org.springframework.context.support.ClassPathXmlApplicationContext@27c68ccb: startup date [Tue Oct 10 17:03:03 EDT 2017]; root of context hierarchy
Oct 10, 2017 5:03:03 PM org.springframework.beans.factory.xml.XmlBeanDefinitionReader loadBeanDefinitions
INFO: Loading XML bean definitions from class path resource [applicationContext.xml]
Oct 10, 2017 5:03:03 PM org.springframework.context.support.ClassPathXmlApplicationContext prepareRefresh
INFO: Refreshing org.springframework.context.support.ClassPathXmlApplicationContext@76296c86: startup date [Tue Oct 10 17:03:03 EDT 2017]; root of context hierarchy
Oct 10, 2017 5:03:03 PM org.springframework.beans.factory.xml.XmlBeanDefinitionReader loadBeanDefinitions
INFO: Loading XML bean definitions from class path resource [applicationContext.xml]
Oct 10, 2017 5:03:03 PM org.springframework.context.support.ClassPathXmlApplicationContext prepareRefresh
INFO: Refreshing org.springframework.context.support.ClassPathXmlApplicationContext@834944: startup date [Tue Oct 10 17:03:03 EDT 2017]; root of context hierarchy
Oct 10, 2017 5:03:03 PM org.springframework.beans.factory.xml.XmlBeanDefinitionReader loadBeanDefinitions
INFO: Loading XML bean definitions from class path resource [applicationContext.xml]
Oct 10, 2017 5:03:03 PM org.springframework.context.support.ClassPathXmlApplicationContext prepareRefresh
INFO: Refreshing org.springframework.context.support.ClassPathXmlApplicationContext@f2bec99: startup date [Tue Oct 10 17:03:03 EDT 2017]; root of context hierarchy
Oct 10, 2017 5:03:03 PM org.springframework.beans.factory.xml.XmlBeanDefinitionReader loadBeanDefinitions
INFO: Loading XML bean definitions from class path resource [applicationContext.xml]
Oct 10, 2017 5:03:03 PM org.springframework.context.support.ClassPathXmlApplicationContext prepareRefresh
INFO: Refreshing org.springframework.context.support.ClassPathXmlApplicationContext@5c658163: startup date [Tue Oct 10 17:03:03 EDT 2017]; root of context hierarchy
Oct 10, 2017 5:03:03 PM org.springframework.beans.factory.xml.XmlBeanDefinitionReader loadBeanDefinitions
INFO: Loading XML bean definitions from class path resource [applicationContext.xml]
Oct 10, 2017 5:03:03 PM org.springframework.context.support.ClassPathXmlApplicationContext prepareRefresh
INFO: Refreshing org.springframework.context.support.ClassPathXmlApplicationContext@6f6c4462: startup date [Tue Oct 10 17:03:03 EDT 2017]; root of context hierarchy
Oct 10, 2017 5:03:03 PM org.springframework.beans.factory.xml.XmlBeanDefinitionReader loadBeanDefinitions
INFO: Loading XML bean definitions from class path resource [applicationContext.xml]
Oct 10, 2017 5:03:03 PM org.springframework.context.support.ClassPathXmlApplicationContext prepareRefresh
INFO: Refreshing org.springframework.context.support.ClassPathXmlApplicationContext@3c964873: startup date [Tue Oct 10 17:03:03 EDT 2017]; root of context hierarchy
Oct 10, 2017 5:03:03 PM org.springframework.beans.factory.xml.XmlBeanDefinitionReader loadBeanDefinitions
INFO: Loading XML bean definitions from class path resource [applicationContext.xml]
Oct 10, 2017 5:03:03 PM org.springframework.context.support.ClassPathXmlApplicationContext prepareRefresh
INFO: Refreshing org.springframework.context.support.ClassPathXmlApplicationContext@48c42253: startup date [Tue Oct 10 17:03:03 EDT 2017]; root of context hierarchy
Oct 10, 2017 5:03:03 PM org.springframework.beans.factory.xml.XmlBeanDefinitionReader loadBeanDefinitions
INFO: Loading XML bean definitions from class path resource [applicationContext.xml]
Oct 10, 2017 5:03:03 PM org.springframework.context.support.ClassPathXmlApplicationContext prepareRefresh
INFO: Refreshing org.springframework.context.support.ClassPathXmlApplicationContext@7dfc0fda: startup date [Tue Oct 10 17:03:03 EDT 2017]; root of context hierarchy
Oct 10, 2017 5:03:03 PM org.springframework.beans.factory.xml.XmlBeanDefinitionReader loadBeanDefinitions
INFO: Loading XML bean definitions from class path resource [applicationContext.xml]
Oct 10, 2017 5:03:03 PM org.springframework.context.support.ClassPathXmlApplicationContext prepareRefresh
INFO: Refreshing org.springframework.context.support.ClassPathXmlApplicationContext@4c18b432: startup date [Tue Oct 10 17:03:03 EDT 2017]; root of context hierarchy
Oct 10, 2017 5:03:03 PM org.springframework.beans.factory.xml.XmlBeanDefinitionReader loadBeanDefinitions
INFO: Loading XML bean definitions from class path resource [applicationContext.xml]
Oct 10, 2017 5:03:03 PM org.springframework.context.support.ClassPathXmlApplicationContext prepareRefresh
INFO: Refreshing org.springframework.context.support.ClassPathXmlApplicationContext@4b5c84be: startup date [Tue Oct 10 17:03:03 EDT 2017]; root of context hierarchy
Oct 10, 2017 5:03:03 PM org.springframework.beans.factory.xml.XmlBeanDefinitionReader loadBeanDefinitions
INFO: Loading XML bean definitions from class path resource [applicationContext.xml]
Oct 10, 2017 5:03:03 PM org.springframework.context.support.ClassPathXmlApplicationContext prepareRefresh
INFO: Refreshing org.springframework.context.support.ClassPathXmlApplicationContext@3d4b3b94: startup date [Tue Oct 10 17:03:03 EDT 2017]; root of context hierarchy
Oct 10, 2017 5:03:03 PM org.springframework.beans.factory.xml.XmlBeanDefinitionReader loadBeanDefinitions
INFO: Loading XML bean definitions from class path resource [applicationContext.xml]
Oct 10, 2017 5:03:03 PM org.springframework.context.support.ClassPathXmlApplicationContext prepareRefresh
INFO: Refreshing org.springframework.context.support.ClassPathXmlApplicationContext@460222eb: startup date [Tue Oct 10 17:03:03 EDT 2017]; root of context hierarchy
Oct 10, 2017 5:03:03 PM org.springframework.beans.factory.xml.XmlBeanDefinitionReader loadBeanDefinitions
INFO: Loading XML bean definitions from class path resource [applicationContext.xml]
Oct 10, 2017 5:03:03 PM org.springframework.context.support.ClassPathXmlApplicationContext prepareRefresh
INFO: Refreshing org.springframework.context.support.ClassPathXmlApplicationContext@5f735240: startup date [Tue Oct 10 17:03:03 EDT 2017]; root of context hierarchy
Oct 10, 2017 5:03:03 PM org.springframework.beans.factory.xml.XmlBeanDefinitionReader loadBeanDefinitions
INFO: Loading XML bean definitions from class path resource [applicationContext.xml]
Oct 10, 2017 5:03:03 PM org.springframework.context.support.ClassPathXmlApplicationContext prepareRefresh
INFO: Refreshing org.springframework.context.support.ClassPathXmlApplicationContext@5f571d96: startup date [Tue Oct 10 17:03:03 EDT 2017]; root of context hierarchy
Oct 10, 2017 5:03:03 PM org.springframework.beans.factory.xml.XmlBeanDefinitionReader loadBeanDefinitions
INFO: Loading XML bean definitions from class path resource [applicationContext.xml]
Oct 10, 2017 5:03:03 PM org.springframework.context.support.ClassPathXmlApplicationContext prepareRefresh
INFO: Refreshing org.springframework.context.support.ClassPathXmlApplicationContext@2523730b: startup date [Tue Oct 10 17:03:03 EDT 2017]; root of context hierarchy
Oct 10, 2017 5:03:03 PM org.springframework.beans.factory.xml.XmlBeanDefinitionReader loadBeanDefinitions
INFO: Loading XML bean definitions from class path resource [applicationContext.xml]
Oct 10, 2017 5:03:03 PM org.springframework.context.support.ClassPathXmlApplicationContext prepareRefresh
INFO: Refreshing org.springframework.context.support.ClassPathXmlApplicationContext@2cf7ada5: startup date [Tue Oct 10 17:03:03 EDT 2017]; root of context hierarchy
Oct 10, 2017 5:03:03 PM org.springframework.beans.factory.xml.XmlBeanDefinitionReader loadBeanDefinitions
INFO: Loading XML bean definitions from class path resource [applicationContext.xml]
Oct 10, 2017 5:03:03 PM org.springframework.context.support.ClassPathXmlApplicationContext prepareRefresh
INFO: Refreshing org.springframework.context.support.ClassPathXmlApplicationContext@1a9b9095: startup date [Tue Oct 10 17:03:03 EDT 2017]; root of context hierarchy
Oct 10, 2017 5:03:03 PM org.springframework.beans.factory.xml.XmlBeanDefinitionReader loadBeanDefinitions
INFO: Loading XML bean definitions from class path resource [applicationContext.xml]
Oct 10, 2017 5:03:03 PM org.springframework.context.support.ClassPathXmlApplicationContext prepareRefresh
INFO: Refreshing org.springframework.context.support.ClassPathXmlApplicationContext@3e7ac200: startup date [Tue Oct 10 17:03:03 EDT 2017]; root of context hierarchy
Oct 10, 2017 5:03:03 PM org.springframework.beans.factory.xml.XmlBeanDefinitionReader loadBeanDefinitions
INFO: Loading XML bean definitions from class path resource [applicationContext.xml]
Oct 10, 2017 5:03:03 PM org.springframework.context.support.ClassPathXmlApplicationContext prepareRefresh
INFO: Refreshing org.springframework.context.support.ClassPathXmlApplicationContext@6f3cf9ac: startup date [Tue Oct 10 17:03:03 EDT 2017]; root of context hierarchy
Oct 10, 2017 5:03:03 PM org.springframework.beans.factory.xml.XmlBeanDefinitionReader loadBeanDefinitions
INFO: Loading XML bean definitions from class path resource [applicationContext.xml]
Oct 10, 2017 5:03:03 PM org.springframework.context.support.ClassPathXmlApplicationContext prepareRefresh
INFO: Refreshing org.springframework.context.support.ClassPathXmlApplicationContext@2416378c: startup date [Tue Oct 10 17:03:03 EDT 2017]; root of context hierarchy
Oct 10, 2017 5:03:03 PM org.springframework.beans.factory.xml.XmlBeanDefinitionReader loadBeanDefinitions
INFO: Loading XML bean definitions from class path resource [applicationContext.xml]
Oct 10, 2017 5:03:03 PM org.springframework.context.support.ClassPathXmlApplicationContext prepareRefresh
INFO: Refreshing org.springframework.context.support.ClassPathXmlApplicationContext@2692910f: startup date [Tue Oct 10 17:03:03 EDT 2017]; root of context hierarchy
Oct 10, 2017 5:03:03 PM org.springframework.beans.factory.xml.XmlBeanDefinitionReader loadBeanDefinitions
INFO: Loading XML bean definitions from class path resource [applicationContext.xml]
Oct 10, 2017 5:03:03 PM org.springframework.context.support.ClassPathXmlApplicationContext prepareRefresh
INFO: Refreshing org.springframework.context.support.ClassPathXmlApplicationContext@2162b22d: startup date [Tue Oct 10 17:03:03 EDT 2017]; root of context hierarchy
Oct 10, 2017 5:03:03 PM org.springframework.beans.factory.xml.XmlBeanDefinitionReader loadBeanDefinitions
INFO: Loading XML bean definitions from class path resource [applicationContext.xml]
Oct 10, 2017 5:03:03 PM org.springframework.context.support.ClassPathXmlApplicationContext prepareRefresh
INFO: Refreshing org.springframework.context.support.ClassPathXmlApplicationContext@3fd64d6b: startup date [Tue Oct 10 17:03:03 EDT 2017]; root of context hierarchy
Oct 10, 2017 5:03:03 PM org.springframework.beans.factory.xml.XmlBeanDefinitionReader loadBeanDefinitions
INFO: Loading XML bean definitions from class path resource [applicationContext.xml]
Oct 10, 2017 5:03:03 PM org.springframework.context.support.ClassPathXmlApplicationContext prepareRefresh
INFO: Refreshing org.springframework.context.support.ClassPathXmlApplicationContext@63f79099: startup date [Tue Oct 10 17:03:03 EDT 2017]; root of context hierarchy
Oct 10, 2017 5:03:03 PM org.springframework.beans.factory.xml.XmlBeanDefinitionReader loadBeanDefinitions
INFO: Loading XML bean definitions from class path resource [applicationContext.xml]
Oct 10, 2017 5:03:03 PM org.springframework.context.support.ClassPathXmlApplicationContext prepareRefresh
INFO: Refreshing org.springframework.context.support.ClassPathXmlApplicationContext@48f08e9: startup date [Tue Oct 10 17:03:03 EDT 2017]; root of context hierarchy
Oct 10, 2017 5:03:03 PM org.springframework.beans.factory.xml.XmlBeanDefinitionReader loadBeanDefinitions
INFO: Loading XML bean definitions from class path resource [applicationContext.xml]
Oct 10, 2017 5:03:03 PM org.springframework.context.support.ClassPathXmlApplicationContext prepareRefresh
INFO: Refreshing org.springframework.context.support.ClassPathXmlApplicationContext@49d26eba: startup date [Tue Oct 10 17:03:03 EDT 2017]; root of context hierarchy
Oct 10, 2017 5:03:03 PM org.springframework.beans.factory.xml.XmlBeanDefinitionReader loadBeanDefinitions
INFO: Loading XML bean definitions from class path resource [applicationContext.xml]
Oct 10, 2017 5:03:03 PM org.springframework.context.support.ClassPathXmlApplicationContext prepareRefresh
INFO: Refreshing org.springframework.context.support.ClassPathXmlApplicationContext@5bf97be9: startup date [Tue Oct 10 17:03:03 EDT 2017]; root of context hierarchy
Oct 10, 2017 5:03:03 PM org.springframework.beans.factory.xml.XmlBeanDefinitionReader loadBeanDefinitions
INFO: Loading XML bean definitions from class path resource [applicationContext.xml]
Oct 10, 2017 5:03:03 PM org.springframework.context.support.ClassPathXmlApplicationContext prepareRefresh
INFO: Refreshing org.springframework.context.support.ClassPathXmlApplicationContext@891f18f: startup date [Tue Oct 10 17:03:03 EDT 2017]; root of context hierarchy
Oct 10, 2017 5:03:03 PM org.springframework.beans.factory.xml.XmlBeanDefinitionReader loadBeanDefinitions
INFO: Loading XML bean definitions from class path resource [applicationContext.xml]
Oct 10, 2017 5:03:03 PM org.springframework.context.support.ClassPathXmlApplicationContext prepareRefresh
INFO: Refreshing org.springframework.context.support.ClassPathXmlApplicationContext@5d55eb7a: startup date [Tue Oct 10 17:03:03 EDT 2017]; root of context hierarchy
Oct 10, 2017 5:03:03 PM org.springframework.beans.factory.xml.XmlBeanDefinitionReader loadBeanDefinitions
INFO: Loading XML bean definitions from class path resource [applicationContext.xml]
Oct 10, 2017 5:03:03 PM org.springframework.context.support.ClassPathXmlApplicationContext prepareRefresh
INFO: Refreshing org.springframework.context.support.ClassPathXmlApplicationContext@547ef1c6: startup date [Tue Oct 10 17:03:03 EDT 2017]; root of context hierarchy
Oct 10, 2017 5:03:03 PM org.springframework.beans.factory.xml.XmlBeanDefinitionReader loadBeanDefinitions
INFO: Loading XML bean definitions from class path resource [applicationContext.xml]
Oct 10, 2017 5:03:03 PM org.springframework.context.support.ClassPathXmlApplicationContext prepareRefresh
INFO: Refreshing org.springframework.context.support.ClassPathXmlApplicationContext@34e0d52e: startup date [Tue Oct 10 17:03:03 EDT 2017]; root of context hierarchy
Oct 10, 2017 5:03:03 PM org.springframework.beans.factory.xml.XmlBeanDefinitionReader loadBeanDefinitions
INFO: Loading XML bean definitions from class path resource [applicationContext.xml]
Oct 10, 2017 5:03:03 PM org.springframework.context.support.ClassPathXmlApplicationContext prepareRefresh
INFO: Refreshing org.springframework.context.support.ClassPathXmlApplicationContext@3b07b706: startup date [Tue Oct 10 17:03:03 EDT 2017]; root of context hierarchy
Oct 10, 2017 5:03:03 PM org.springframework.beans.factory.xml.XmlBeanDefinitionReader loadBeanDefinitions
INFO: Loading XML bean definitions from class path resource [applicationContext.xml]
Oct 10, 2017 5:03:03 PM org.springframework.context.support.ClassPathXmlApplicationContext prepareRefresh
INFO: Refreshing org.springframework.context.support.ClassPathXmlApplicationContext@1e1c1634: startup date [Tue Oct 10 17:03:03 EDT 2017]; root of context hierarchy
Oct 10, 2017 5:03:03 PM org.springframework.beans.factory.xml.XmlBeanDefinitionReader loadBeanDefinitions
INFO: Loading XML bean definitions from class path resource [applicationContext.xml]
Oct 10, 2017 5:03:03 PM org.springframework.context.support.ClassPathXmlApplicationContext prepareRefresh
INFO: Refreshing org.springframework.context.support.ClassPathXmlApplicationContext@323a47fe: startup date [Tue Oct 10 17:03:03 EDT 2017]; root of context hierarchy
Oct 10, 2017 5:03:03 PM org.springframework.beans.factory.xml.XmlBeanDefinitionReader loadBeanDefinitions
INFO: Loading XML bean definitions from class path resource [applicationContext.xml]
Oct 10, 2017 5:03:03 PM org.springframework.context.support.ClassPathXmlApplicationContext prepareRefresh
INFO: Refreshing org.springframework.context.support.ClassPathXmlApplicationContext@6859080d: startup date [Tue Oct 10 17:03:03 EDT 2017]; root of context hierarchy
Oct 10, 2017 5:03:03 PM org.springframework.beans.factory.xml.XmlBeanDefinitionReader loadBeanDefinitions
INFO: Loading XML bean definitions from class path resource [applicationContext.xml]
Oct 10, 2017 5:03:03 PM org.springframework.context.support.ClassPathXmlApplicationContext prepareRefresh
INFO: Refreshing org.springframework.context.support.ClassPathXmlApplicationContext@a93c88a: startup date [Tue Oct 10 17:03:03 EDT 2017]; root of context hierarchy
Oct 10, 2017 5:03:03 PM org.springframework.beans.factory.xml.XmlBeanDefinitionReader loadBeanDefinitions
INFO: Loading XML bean definitions from class path resource [applicationContext.xml]
Oct 10, 2017 5:03:03 PM org.springframework.context.support.ClassPathXmlApplicationContext prepareRefresh
INFO: Refreshing org.springframework.context.support.ClassPathXmlApplicationContext@4ff1e20b: startup date [Tue Oct 10 17:03:03 EDT 2017]; root of context hierarchy
Oct 10, 2017 5:03:03 PM org.springframework.beans.factory.xml.XmlBeanDefinitionReader loadBeanDefinitions
INFO: Loading XML bean definitions from class path resource [applicationContext.xml]
Oct 10, 2017 5:03:03 PM org.springframework.context.support.ClassPathXmlApplicationContext prepareRefresh
INFO: Refreshing org.springframework.context.support.ClassPathXmlApplicationContext@c1765ad: startup date [Tue Oct 10 17:03:03 EDT 2017]; root of context hierarchy
Oct 10, 2017 5:03:03 PM org.springframework.beans.factory.xml.XmlBeanDefinitionReader loadBeanDefinitions
INFO: Loading XML bean definitions from class path resource [applicationContext.xml]
Oct 10, 2017 5:03:03 PM org.springframework.context.support.ClassPathXmlApplicationContext prepareRefresh
INFO: Refreshing org.springframework.context.support.ClassPathXmlApplicationContext@23001753: startup date [Tue Oct 10 17:03:03 EDT 2017]; root of context hierarchy
Oct 10, 2017 5:03:03 PM org.springframework.beans.factory.xml.XmlBeanDefinitionReader loadBeanDefinitions
INFO: Loading XML bean definitions from class path resource [applicationContext.xml]
Oct 10, 2017 5:03:03 PM org.springframework.context.support.ClassPathXmlApplicationContext prepareRefresh
INFO: Refreshing org.springframework.context.support.ClassPathXmlApplicationContext@a9b5c85: startup date [Tue Oct 10 17:03:03 EDT 2017]; root of context hierarchy
Oct 10, 2017 5:03:03 PM org.springframework.beans.factory.xml.XmlBeanDefinitionReader loadBeanDefinitions
INFO: Loading XML bean definitions from class path resource [applicationContext.xml]
Oct 10, 2017 5:03:03 PM org.springframework.context.support.ClassPathXmlApplicationContext prepareRefresh
INFO: Refreshing org.springframework.context.support.ClassPathXmlApplicationContext@2cde0397: startup date [Tue Oct 10 17:03:03 EDT 2017]; root of context hierarchy
Oct 10, 2017 5:03:03 PM org.springframework.beans.factory.xml.XmlBeanDefinitionReader loadBeanDefinitions
INFO: Loading XML bean definitions from class path resource [applicationContext.xml]
Oct 10, 2017 5:03:03 PM org.springframework.context.support.ClassPathXmlApplicationContext prepareRefresh
INFO: Refreshing org.springframework.context.support.ClassPathXmlApplicationContext@6ddab96c: startup date [Tue Oct 10 17:03:03 EDT 2017]; root of context hierarchy
Oct 10, 2017 5:03:03 PM org.springframework.beans.factory.xml.XmlBeanDefinitionReader loadBeanDefinitions
INFO: Loading XML bean definitions from class path resource [applicationContext.xml]
Oct 10, 2017 5:03:03 PM org.springframework.context.support.ClassPathXmlApplicationContext prepareRefresh
INFO: Refreshing org.springframework.context.support.ClassPathXmlApplicationContext@735d1db7: startup date [Tue Oct 10 17:03:03 EDT 2017]; root of context hierarchy
Oct 10, 2017 5:03:03 PM org.springframework.beans.factory.xml.XmlBeanDefinitionReader loadBeanDefinitions
INFO: Loading XML bean definitions from class path resource [applicationContext.xml]
Oct 10, 2017 5:03:03 PM org.springframework.context.support.ClassPathXmlApplicationContext prepareRefresh
INFO: Refreshing org.springframework.context.support.ClassPathXmlApplicationContext@67e42fd6: startup date [Tue Oct 10 17:03:03 EDT 2017]; root of context hierarchy
Oct 10, 2017 5:03:03 PM org.springframework.beans.factory.xml.XmlBeanDefinitionReader loadBeanDefinitions
INFO: Loading XML bean definitions from class path resource [applicationContext.xml]
Oct 10, 2017 5:03:03 PM org.springframework.context.support.ClassPathXmlApplicationContext prepareRefresh
INFO: Refreshing org.springframework.context.support.ClassPathXmlApplicationContext@4a3b0387: startup date [Tue Oct 10 17:03:03 EDT 2017]; root of context hierarchy
Oct 10, 2017 5:03:03 PM org.springframework.beans.factory.xml.XmlBeanDefinitionReader loadBeanDefinitions
INFO: Loading XML bean definitions from class path resource [applicationContext.xml]
Oct 10, 2017 5:03:03 PM org.springframework.context.support.ClassPathXmlApplicationContext prepareRefresh
INFO: Refreshing org.springframework.context.support.ClassPathXmlApplicationContext@5634f627: startup date [Tue Oct 10 17:03:03 EDT 2017]; root of context hierarchy
Oct 10, 2017 5:03:03 PM org.springframework.beans.factory.xml.XmlBeanDefinitionReader loadBeanDefinitions
INFO: Loading XML bean definitions from class path resource [applicationContext.xml]
Oct 10, 2017 5:03:03 PM org.springframework.context.support.ClassPathXmlApplicationContext prepareRefresh
INFO: Refreshing org.springframework.context.support.ClassPathXmlApplicationContext@570f2cf7: startup date [Tue Oct 10 17:03:03 EDT 2017]; root of context hierarchy
Oct 10, 2017 5:03:03 PM org.springframework.beans.factory.xml.XmlBeanDefinitionReader loadBeanDefinitions
INFO: Loading XML bean definitions from class path resource [applicationContext.xml]
Oct 10, 2017 5:03:03 PM org.springframework.context.support.ClassPathXmlApplicationContext prepareRefresh
INFO: Refreshing org.springframework.context.support.ClassPathXmlApplicationContext@b15da69: startup date [Tue Oct 10 17:03:03 EDT 2017]; root of context hierarchy
Oct 10, 2017 5:03:03 PM org.springframework.beans.factory.xml.XmlBeanDefinitionReader loadBeanDefinitions
INFO: Loading XML bean definitions from class path resource [applicationContext.xml]
Oct 10, 2017 5:03:03 PM org.springframework.context.support.ClassPathXmlApplicationContext prepareRefresh
INFO: Refreshing org.springframework.context.support.ClassPathXmlApplicationContext@7fec198a: startup date [Tue Oct 10 17:03:03 EDT 2017]; root of context hierarchy
Oct 10, 2017 5:03:03 PM org.springframework.beans.factory.xml.XmlBeanDefinitionReader loadBeanDefinitions
INFO: Loading XML bean definitions from class path resource [applicationContext.xml]
Oct 10, 2017 5:03:03 PM org.springframework.context.support.ClassPathXmlApplicationContext prepareRefresh
INFO: Refreshing org.springframework.context.support.ClassPathXmlApplicationContext@6a636c62: startup date [Tue Oct 10 17:03:03 EDT 2017]; root of context hierarchy
Oct 10, 2017 5:03:03 PM org.springframework.beans.factory.xml.XmlBeanDefinitionReader loadBeanDefinitions
INFO: Loading XML bean definitions from class path resource [applicationContext.xml]
Oct 10, 2017 5:03:03 PM org.springframework.context.support.ClassPathXmlApplicationContext prepareRefresh
INFO: Refreshing org.springframework.context.support.ClassPathXmlApplicationContext@4de3a1ca: startup date [Tue Oct 10 17:03:03 EDT 2017]; root of context hierarchy
Oct 10, 2017 5:03:03 PM org.springframework.beans.factory.xml.XmlBeanDefinitionReader loadBeanDefinitions
INFO: Loading XML bean definitions from class path resource [applicationContext.xml]
Oct 10, 2017 5:03:03 PM org.springframework.context.support.ClassPathXmlApplicationContext prepareRefresh
INFO: Refreshing org.springframework.context.support.ClassPathXmlApplicationContext@14eaab92: startup date [Tue Oct 10 17:03:03 EDT 2017]; root of context hierarchy
Oct 10, 2017 5:03:03 PM org.springframework.beans.factory.xml.XmlBeanDefinitionReader loadBeanDefinitions
INFO: Loading XML bean definitions from class path resource [applicationContext.xml]
Oct 10, 2017 5:03:03 PM org.springframework.context.support.ClassPathXmlApplicationContext prepareRefresh
INFO: Refreshing org.springframework.context.support.ClassPathXmlApplicationContext@1b261005: startup date [Tue Oct 10 17:03:03 EDT 2017]; root of context hierarchy
Oct 10, 2017 5:03:03 PM org.springframework.beans.factory.xml.XmlBeanDefinitionReader loadBeanDefinitions
INFO: Loading XML bean definitions from class path resource [applicationContext.xml]
Oct 10, 2017 5:03:04 PM org.springframework.context.support.ClassPathXmlApplicationContext prepareRefresh
INFO: Refreshing org.springframework.context.support.ClassPathXmlApplicationContext@27796482: startup date [Tue Oct 10 17:03:04 EDT 2017]; root of context hierarchy
Oct 10, 2017 5:03:04 PM org.springframework.beans.factory.xml.XmlBeanDefinitionReader loadBeanDefinitions
INFO: Loading XML bean definitions from class path resource [applicationContext.xml]
Oct 10, 2017 5:03:04 PM org.springframework.context.support.ClassPathXmlApplicationContext prepareRefresh
INFO: Refreshing org.springframework.context.support.ClassPathXmlApplicationContext@71c1ba6d: startup date [Tue Oct 10 17:03:04 EDT 2017]; root of context hierarchy
Oct 10, 2017 5:03:04 PM org.springframework.beans.factory.xml.XmlBeanDefinitionReader loadBeanDefinitions
INFO: Loading XML bean definitions from class path resource [applicationContext.xml]
Oct 10, 2017 5:03:04 PM org.springframework.context.support.ClassPathXmlApplicationContext prepareRefresh
INFO: Refreshing org.springframework.context.support.ClassPathXmlApplicationContext@42e74fa3: startup date [Tue Oct 10 17:03:04 EDT 2017]; root of context hierarchy
Oct 10, 2017 5:03:04 PM org.springframework.beans.factory.xml.XmlBeanDefinitionReader loadBeanDefinitions
INFO: Loading XML bean definitions from class path resource [applicationContext.xml]
Oct 10, 2017 5:03:04 PM org.springframework.context.support.ClassPathXmlApplicationContext prepareRefresh
INFO: Refreshing org.springframework.context.support.ClassPathXmlApplicationContext@5c936b5f: startup date [Tue Oct 10 17:03:04 EDT 2017]; root of context hierarchy
Oct 10, 2017 5:03:04 PM org.springframework.beans.factory.xml.XmlBeanDefinitionReader loadBeanDefinitions
INFO: Loading XML bean definitions from class path resource [applicationContext.xml]
Oct 10, 2017 5:03:04 PM org.springframework.context.support.ClassPathXmlApplicationContext prepareRefresh
INFO: Refreshing org.springframework.context.support.ClassPathXmlApplicationContext@5a49c1e: startup date [Tue Oct 10 17:03:04 EDT 2017]; root of context hierarchy
Oct 10, 2017 5:03:04 PM org.springframework.beans.factory.xml.XmlBeanDefinitionReader loadBeanDefinitions
INFO: Loading XML bean definitions from class path resource [applicationContext.xml]
Oct 10, 2017 5:03:04 PM org.springframework.context.support.ClassPathXmlApplicationContext prepareRefresh
INFO: Refreshing org.springframework.context.support.ClassPathXmlApplicationContext@303c195f: startup date [Tue Oct 10 17:03:04 EDT 2017]; root of context hierarchy
Oct 10, 2017 5:03:04 PM org.springframework.beans.factory.xml.XmlBeanDefinitionReader loadBeanDefinitions
INFO: Loading XML bean definitions from class path resource [applicationContext.xml]
Oct 10, 2017 5:03:04 PM org.springframework.context.support.ClassPathXmlApplicationContext prepareRefresh
INFO: Refreshing org.springframework.context.support.ClassPathXmlApplicationContext@3c6c5b44: startup date [Tue Oct 10 17:03:04 EDT 2017]; root of context hierarchy
Oct 10, 2017 5:03:04 PM org.springframework.beans.factory.xml.XmlBeanDefinitionReader loadBeanDefinitions
INFO: Loading XML bean definitions from class path resource [applicationContext.xml]
Oct 10, 2017 5:03:04 PM org.springframework.context.support.ClassPathXmlApplicationContext prepareRefresh
INFO: Refreshing org.springframework.context.support.ClassPathXmlApplicationContext@54b45cfe: startup date [Tue Oct 10 17:03:04 EDT 2017]; root of context hierarchy
Oct 10, 2017 5:03:04 PM org.springframework.beans.factory.xml.XmlBeanDefinitionReader loadBeanDefinitions
INFO: Loading XML bean definitions from class path resource [applicationContext.xml]
Oct 10, 2017 5:03:04 PM org.springframework.context.support.ClassPathXmlApplicationContext prepareRefresh
INFO: Refreshing org.springframework.context.support.ClassPathXmlApplicationContext@2533cbcc: startup date [Tue Oct 10 17:03:04 EDT 2017]; root of context hierarchy
Oct 10, 2017 5:03:04 PM org.springframework.beans.factory.xml.XmlBeanDefinitionReader loadBeanDefinitions
INFO: Loading XML bean definitions from class path resource [applicationContext.xml]
Oct 10, 2017 5:03:04 PM org.springframework.context.support.ClassPathXmlApplicationContext prepareRefresh
INFO: Refreshing org.springframework.context.support.ClassPathXmlApplicationContext@7e4f42c0: startup date [Tue Oct 10 17:03:04 EDT 2017]; root of context hierarchy
Oct 10, 2017 5:03:04 PM org.springframework.beans.factory.xml.XmlBeanDefinitionReader loadBeanDefinitions
INFO: Loading XML bean definitions from class path resource [applicationContext.xml]
Oct 10, 2017 5:03:04 PM org.springframework.context.support.ClassPathXmlApplicationContext prepareRefresh
INFO: Refreshing org.springframework.context.support.ClassPathXmlApplicationContext@601e465f: startup date [Tue Oct 10 17:03:04 EDT 2017]; root of context hierarchy
Oct 10, 2017 5:03:04 PM org.springframework.beans.factory.xml.XmlBeanDefinitionReader loadBeanDefinitions
INFO: Loading XML bean definitions from class path resource [applicationContext.xml]
Oct 10, 2017 5:03:04 PM org.springframework.context.support.ClassPathXmlApplicationContext prepareRefresh
INFO: Refreshing org.springframework.context.support.ClassPathXmlApplicationContext@50e3be0a: startup date [Tue Oct 10 17:03:04 EDT 2017]; root of context hierarchy
Oct 10, 2017 5:03:04 PM org.springframework.beans.factory.xml.XmlBeanDefinitionReader loadBeanDefinitions
INFO: Loading XML bean definitions from class path resource [applicationContext.xml]
Oct 10, 2017 5:03:04 PM org.springframework.context.support.ClassPathXmlApplicationContext prepareRefresh
INFO: Refreshing org.springframework.context.support.ClassPathXmlApplicationContext@3d7c76af: startup date [Tue Oct 10 17:03:04 EDT 2017]; root of context hierarchy
Oct 10, 2017 5:03:04 PM org.springframework.beans.factory.xml.XmlBeanDefinitionReader loadBeanDefinitions
INFO: Loading XML bean definitions from class path resource [applicationContext.xml]
Oct 10, 2017 5:03:04 PM org.springframework.context.support.ClassPathXmlApplicationContext prepareRefresh
INFO: Refreshing org.springframework.context.support.ClassPathXmlApplicationContext@5c65001c: startup date [Tue Oct 10 17:03:04 EDT 2017]; root of context hierarchy
Oct 10, 2017 5:03:04 PM org.springframework.beans.factory.xml.XmlBeanDefinitionReader loadBeanDefinitions
INFO: Loading XML bean definitions from class path resource [applicationContext.xml]
Oct 10, 2017 5:03:04 PM org.springframework.context.support.ClassPathXmlApplicationContext prepareRefresh
INFO: Refreshing org.springframework.context.support.ClassPathXmlApplicationContext@33093469: startup date [Tue Oct 10 17:03:04 EDT 2017]; root of context hierarchy
Oct 10, 2017 5:03:04 PM org.springframework.beans.factory.xml.XmlBeanDefinitionReader loadBeanDefinitions
INFO: Loading XML bean definitions from class path resource [applicationContext.xml]
Oct 10, 2017 5:03:04 PM org.springframework.context.support.ClassPathXmlApplicationContext prepareRefresh
INFO: Refreshing org.springframework.context.support.ClassPathXmlApplicationContext@6c826924: startup date [Tue Oct 10 17:03:04 EDT 2017]; root of context hierarchy
Oct 10, 2017 5:03:04 PM org.springframework.beans.factory.xml.XmlBeanDefinitionReader loadBeanDefinitions
INFO: Loading XML bean definitions from class path resource [applicationContext.xml]
Oct 10, 2017 5:03:04 PM org.springframework.context.support.ClassPathXmlApplicationContext prepareRefresh
INFO: Refreshing org.springframework.context.support.ClassPathXmlApplicationContext@732d2b59: startup date [Tue Oct 10 17:03:04 EDT 2017]; root of context hierarchy
Oct 10, 2017 5:03:04 PM org.springframework.beans.factory.xml.XmlBeanDefinitionReader loadBeanDefinitions
INFO: Loading XML bean definitions from class path resource [applicationContext.xml]
Oct 10, 2017 5:03:04 PM org.springframework.context.support.ClassPathXmlApplicationContext prepareRefresh
INFO: Refreshing org.springframework.context.support.ClassPathXmlApplicationContext@7ec02149: startup date [Tue Oct 10 17:03:04 EDT 2017]; root of context hierarchy
Oct 10, 2017 5:03:04 PM org.springframework.beans.factory.xml.XmlBeanDefinitionReader loadBeanDefinitions
INFO: Loading XML bean definitions from class path resource [applicationContext.xml]
Oct 10, 2017 5:03:04 PM org.springframework.context.support.ClassPathXmlApplicationContext prepareRefresh
INFO: Refreshing org.springframework.context.support.ClassPathXmlApplicationContext@34672fb: startup date [Tue Oct 10 17:03:04 EDT 2017]; root of context hierarchy
Oct 10, 2017 5:03:04 PM org.springframework.beans.factory.xml.XmlBeanDefinitionReader loadBeanDefinitions
INFO: Loading XML bean definitions from class path resource [applicationContext.xml]
Oct 10, 2017 5:03:04 PM org.springframework.context.support.ClassPathXmlApplicationContext prepareRefresh
INFO: Refreshing org.springframework.context.support.ClassPathXmlApplicationContext@43493a5d: startup date [Tue Oct 10 17:03:04 EDT 2017]; root of context hierarchy
Oct 10, 2017 5:03:04 PM org.springframework.beans.factory.xml.XmlBeanDefinitionReader loadBeanDefinitions
INFO: Loading XML bean definitions from class path resource [applicationContext.xml]
Oct 10, 2017 5:03:04 PM org.springframework.context.support.ClassPathXmlApplicationContext prepareRefresh
INFO: Refreshing org.springframework.context.support.ClassPathXmlApplicationContext@13258770: startup date [Tue Oct 10 17:03:04 EDT 2017]; root of context hierarchy
Oct 10, 2017 5:03:04 PM org.springframework.beans.factory.xml.XmlBeanDefinitionReader loadBeanDefinitions
INFO: Loading XML bean definitions from class path resource [applicationContext.xml]
Oct 10, 2017 5:03:04 PM org.springframework.context.support.ClassPathXmlApplicationContext prepareRefresh
INFO: Refreshing org.springframework.context.support.ClassPathXmlApplicationContext@4cb3e76c: startup date [Tue Oct 10 17:03:04 EDT 2017]; root of context hierarchy
Oct 10, 2017 5:03:04 PM org.springframework.beans.factory.xml.XmlBeanDefinitionReader loadBeanDefinitions
INFO: Loading XML bean definitions from class path resource [applicationContext.xml]
Oct 10, 2017 5:03:04 PM org.springframework.context.support.ClassPathXmlApplicationContext prepareRefresh
INFO: Refreshing org.springframework.context.support.ClassPathXmlApplicationContext@7aa1e86b: startup date [Tue Oct 10 17:03:04 EDT 2017]; root of context hierarchy
Oct 10, 2017 5:03:04 PM org.springframework.beans.factory.xml.XmlBeanDefinitionReader loadBeanDefinitions
INFO: Loading XML bean definitions from class path resource [applicationContext.xml]
Oct 10, 2017 5:03:04 PM org.springframework.context.support.ClassPathXmlApplicationContext prepareRefresh
INFO: Refreshing org.springframework.context.support.ClassPathXmlApplicationContext@120f441c: startup date [Tue Oct 10 17:03:04 EDT 2017]; root of context hierarchy
Oct 10, 2017 5:03:04 PM org.springframework.beans.factory.xml.XmlBeanDefinitionReader loadBeanDefinitions
INFO: Loading XML bean definitions from class path resource [applicationContext.xml]
Oct 10, 2017 5:03:04 PM org.springframework.context.support.ClassPathXmlApplicationContext prepareRefresh
INFO: Refreshing org.springframework.context.support.ClassPathXmlApplicationContext@78e5b18: startup date [Tue Oct 10 17:03:04 EDT 2017]; root of context hierarchy
Oct 10, 2017 5:03:04 PM org.springframework.beans.factory.xml.XmlBeanDefinitionReader loadBeanDefinitions
INFO: Loading XML bean definitions from class path resource [applicationContext.xml]
Oct 10, 2017 5:03:04 PM org.springframework.context.support.ClassPathXmlApplicationContext prepareRefresh
INFO: Refreshing org.springframework.context.support.ClassPathXmlApplicationContext@6e6d4a64: startup date [Tue Oct 10 17:03:04 EDT 2017]; root of context hierarchy
Oct 10, 2017 5:03:04 PM org.springframework.beans.factory.xml.XmlBeanDefinitionReader loadBeanDefinitions
INFO: Loading XML bean definitions from class path resource [applicationContext.xml]
Oct 10, 2017 5:03:04 PM org.springframework.context.support.ClassPathXmlApplicationContext prepareRefresh
INFO: Refreshing org.springframework.context.support.ClassPathXmlApplicationContext@19eaab0b: startup date [Tue Oct 10 17:03:04 EDT 2017]; root of context hierarchy
Oct 10, 2017 5:03:04 PM org.springframework.beans.factory.xml.XmlBeanDefinitionReader loadBeanDefinitions
INFO: Loading XML bean definitions from class path resource [applicationContext.xml]
Oct 10, 2017 5:03:04 PM org.springframework.context.support.ClassPathXmlApplicationContext prepareRefresh
INFO: Refreshing org.springframework.context.support.ClassPathXmlApplicationContext@253cbe79: startup date [Tue Oct 10 17:03:04 EDT 2017]; root of context hierarchy
Oct 10, 2017 5:03:04 PM org.springframework.beans.factory.xml.XmlBeanDefinitionReader loadBeanDefinitions
INFO: Loading XML bean definitions from class path resource [applicationContext.xml]
Oct 10, 2017 5:03:04 PM org.springframework.context.support.ClassPathXmlApplicationContext prepareRefresh
INFO: Refreshing org.springframework.context.support.ClassPathXmlApplicationContext@427937c1: startup date [Tue Oct 10 17:03:04 EDT 2017]; root of context hierarchy
Oct 10, 2017 5:03:04 PM org.springframework.beans.factory.xml.XmlBeanDefinitionReader loadBeanDefinitions
INFO: Loading XML bean definitions from class path resource [applicationContext.xml]
Oct 10, 2017 5:03:04 PM org.springframework.context.support.ClassPathXmlApplicationContext prepareRefresh
INFO: Refreshing org.springframework.context.support.ClassPathXmlApplicationContext@46a94faf: startup date [Tue Oct 10 17:03:04 EDT 2017]; root of context hierarchy
Oct 10, 2017 5:03:04 PM org.springframework.beans.factory.xml.XmlBeanDefinitionReader loadBeanDefinitions
INFO: Loading XML bean definitions from class path resource [applicationContext.xml]
Oct 10, 2017 5:03:04 PM org.springframework.context.support.ClassPathXmlApplicationContext prepareRefresh
INFO: Refreshing org.springframework.context.support.ClassPathXmlApplicationContext@a426150: startup date [Tue Oct 10 17:03:04 EDT 2017]; root of context hierarchy
Oct 10, 2017 5:03:04 PM org.springframework.beans.factory.xml.XmlBeanDefinitionReader loadBeanDefinitions
INFO: Loading XML bean definitions from class path resource [applicationContext.xml]
Oct 10, 2017 5:03:04 PM org.springframework.context.support.ClassPathXmlApplicationContext prepareRefresh
INFO: Refreshing org.springframework.context.support.ClassPathXmlApplicationContext@2afce1ae: startup date [Tue Oct 10 17:03:04 EDT 2017]; root of context hierarchy
Oct 10, 2017 5:03:04 PM org.springframework.beans.factory.xml.XmlBeanDefinitionReader loadBeanDefinitions
INFO: Loading XML bean definitions from class path resource [applicationContext.xml]
Oct 10, 2017 5:03:04 PM org.springframework.context.support.ClassPathXmlApplicationContext prepareRefresh
INFO: Refreshing org.springframework.context.support.ClassPathXmlApplicationContext@1592a3d5: startup date [Tue Oct 10 17:03:04 EDT 2017]; root of context hierarchy
Oct 10, 2017 5:03:04 PM org.springframework.beans.factory.xml.XmlBeanDefinitionReader loadBeanDefinitions
INFO: Loading XML bean definitions from class path resource [applicationContext.xml]
Oct 10, 2017 5:03:04 PM org.springframework.context.support.ClassPathXmlApplicationContext prepareRefresh
INFO: Refreshing org.springframework.context.support.ClassPathXmlApplicationContext@46ce6678: startup date [Tue Oct 10 17:03:04 EDT 2017]; root of context hierarchy
Oct 10, 2017 5:03:04 PM org.springframework.beans.factory.xml.XmlBeanDefinitionReader loadBeanDefinitions
INFO: Loading XML bean definitions from class path resource [applicationContext.xml]
Oct 10, 2017 5:03:04 PM org.springframework.context.support.ClassPathXmlApplicationContext prepareRefresh
INFO: Refreshing org.springframework.context.support.ClassPathXmlApplicationContext@5441309e: startup date [Tue Oct 10 17:03:04 EDT 2017]; root of context hierarchy
Oct 10, 2017 5:03:04 PM org.springframework.beans.factory.xml.XmlBeanDefinitionReader loadBeanDefinitions
INFO: Loading XML bean definitions from class path resource [applicationContext.xml]
Oct 10, 2017 5:03:04 PM org.springframework.context.support.ClassPathXmlApplicationContext prepareRefresh
INFO: Refreshing org.springframework.context.support.ClassPathXmlApplicationContext@2c476b8f: startup date [Tue Oct 10 17:03:04 EDT 2017]; root of context hierarchy
Oct 10, 2017 5:03:04 PM org.springframework.beans.factory.xml.XmlBeanDefinitionReader loadBeanDefinitions
INFO: Loading XML bean definitions from class path resource [applicationContext.xml]
Oct 10, 2017 5:03:04 PM org.springframework.context.support.ClassPathXmlApplicationContext prepareRefresh
INFO: Refreshing org.springframework.context.support.ClassPathXmlApplicationContext@533053b4: startup date [Tue Oct 10 17:03:04 EDT 2017]; root of context hierarchy
Oct 10, 2017 5:03:04 PM org.springframework.beans.factory.xml.XmlBeanDefinitionReader loadBeanDefinitions
INFO: Loading XML bean definitions from class path resource [applicationContext.xml]
Oct 10, 2017 5:03:04 PM org.springframework.context.support.ClassPathXmlApplicationContext prepareRefresh
INFO: Refreshing org.springframework.context.support.ClassPathXmlApplicationContext@3473e1bb: startup date [Tue Oct 10 17:03:04 EDT 2017]; root of context hierarchy
Oct 10, 2017 5:03:04 PM org.springframework.beans.factory.xml.XmlBeanDefinitionReader loadBeanDefinitions
INFO: Loading XML bean definitions from class path resource [applicationContext.xml]
Oct 10, 2017 5:03:04 PM org.springframework.context.support.ClassPathXmlApplicationContext prepareRefresh
INFO: Refreshing org.springframework.context.support.ClassPathXmlApplicationContext@3ed3f72a: startup date [Tue Oct 10 17:03:04 EDT 2017]; root of context hierarchy
Oct 10, 2017 5:03:04 PM org.springframework.beans.factory.xml.XmlBeanDefinitionReader loadBeanDefinitions
INFO: Loading XML bean definitions from class path resource [applicationContext.xml]
Oct 10, 2017 5:03:04 PM org.springframework.context.support.ClassPathXmlApplicationContext prepareRefresh
INFO: Refreshing org.springframework.context.support.ClassPathXmlApplicationContext@5f160f9c: startup date [Tue Oct 10 17:03:04 EDT 2017]; root of context hierarchy
Oct 10, 2017 5:03:04 PM org.springframework.beans.factory.xml.XmlBeanDefinitionReader loadBeanDefinitions
INFO: Loading XML bean definitions from class path resource [applicationContext.xml]
Oct 10, 2017 5:03:04 PM org.springframework.context.support.ClassPathXmlApplicationContext prepareRefresh
INFO: Refreshing org.springframework.context.support.ClassPathXmlApplicationContext@58a01e47: startup date [Tue Oct 10 17:03:04 EDT 2017]; root of context hierarchy
Oct 10, 2017 5:03:04 PM org.springframework.beans.factory.xml.XmlBeanDefinitionReader loadBeanDefinitions
INFO: Loading XML bean definitions from class path resource [applicationContext.xml]
Oct 10, 2017 5:03:04 PM org.springframework.context.support.ClassPathXmlApplicationContext prepareRefresh
INFO: Refreshing org.springframework.context.support.ClassPathXmlApplicationContext@69765d94: startup date [Tue Oct 10 17:03:04 EDT 2017]; root of context hierarchy
Oct 10, 2017 5:03:04 PM org.springframework.beans.factory.xml.XmlBeanDefinitionReader loadBeanDefinitions
INFO: Loading XML bean definitions from class path resource [applicationContext.xml]
Oct 10, 2017 5:03:04 PM org.springframework.context.support.ClassPathXmlApplicationContext prepareRefresh
INFO: Refreshing org.springframework.context.support.ClassPathXmlApplicationContext@5e5d41dc: startup date [Tue Oct 10 17:03:04 EDT 2017]; root of context hierarchy
Oct 10, 2017 5:03:04 PM org.springframework.beans.factory.xml.XmlBeanDefinitionReader loadBeanDefinitions
INFO: Loading XML bean definitions from class path resource [applicationContext.xml]
Oct 10, 2017 5:03:04 PM org.springframework.context.support.ClassPathXmlApplicationContext prepareRefresh
INFO: Refreshing org.springframework.context.support.ClassPathXmlApplicationContext@339b1c34: startup date [Tue Oct 10 17:03:04 EDT 2017]; root of context hierarchy
Oct 10, 2017 5:03:04 PM org.springframework.beans.factory.xml.XmlBeanDefinitionReader loadBeanDefinitions
INFO: Loading XML bean definitions from class path resource [applicationContext.xml]
Oct 10, 2017 5:03:04 PM org.springframework.context.support.ClassPathXmlApplicationContext prepareRefresh
INFO: Refreshing org.springframework.context.support.ClassPathXmlApplicationContext@8d0d52a: startup date [Tue Oct 10 17:03:04 EDT 2017]; root of context hierarchy
Oct 10, 2017 5:03:04 PM org.springframework.beans.factory.xml.XmlBeanDefinitionReader loadBeanDefinitions
INFO: Loading XML bean definitions from class path resource [applicationContext.xml]
Oct 10, 2017 5:03:04 PM org.springframework.context.support.ClassPathXmlApplicationContext prepareRefresh
INFO: Refreshing org.springframework.context.support.ClassPathXmlApplicationContext@13c02cec: startup date [Tue Oct 10 17:03:04 EDT 2017]; root of context hierarchy
Oct 10, 2017 5:03:04 PM org.springframework.beans.factory.xml.XmlBeanDefinitionReader loadBeanDefinitions
INFO: Loading XML bean definitions from class path resource [applicationContext.xml]
Oct 10, 2017 5:03:04 PM org.springframework.context.support.ClassPathXmlApplicationContext prepareRefresh
INFO: Refreshing org.springframework.context.support.ClassPathXmlApplicationContext@23195ebe: startup date [Tue Oct 10 17:03:04 EDT 2017]; root of context hierarchy
Oct 10, 2017 5:03:04 PM org.springframework.beans.factory.xml.XmlBeanDefinitionReader loadBeanDefinitions
INFO: Loading XML bean definitions from class path resource [applicationContext.xml]
Oct 10, 2017 5:03:04 PM org.springframework.context.support.ClassPathXmlApplicationContext prepareRefresh
INFO: Refreshing org.springframework.context.support.ClassPathXmlApplicationContext@2033fd39: startup date [Tue Oct 10 17:03:04 EDT 2017]; root of context hierarchy
Oct 10, 2017 5:03:04 PM org.springframework.beans.factory.xml.XmlBeanDefinitionReader loadBeanDefinitions
INFO: Loading XML bean definitions from class path resource [applicationContext.xml]
Oct 10, 2017 5:03:04 PM org.springframework.context.support.ClassPathXmlApplicationContext prepareRefresh
INFO: Refreshing org.springframework.context.support.ClassPathXmlApplicationContext@6573b345: startup date [Tue Oct 10 17:03:04 EDT 2017]; root of context hierarchy
Oct 10, 2017 5:03:04 PM org.springframework.beans.factory.xml.XmlBeanDefinitionReader loadBeanDefinitions
INFO: Loading XML bean definitions from class path resource [applicationContext.xml]
Oct 10, 2017 5:03:04 PM org.springframework.context.support.ClassPathXmlApplicationContext prepareRefresh
INFO: Refreshing org.springframework.context.support.ClassPathXmlApplicationContext@4d9dd8cc: startup date [Tue Oct 10 17:03:04 EDT 2017]; root of context hierarchy
Oct 10, 2017 5:03:04 PM org.springframework.beans.factory.xml.XmlBeanDefinitionReader loadBeanDefinitions
INFO: Loading XML bean definitions from class path resource [applicationContext.xml]
Oct 10, 2017 5:03:04 PM org.springframework.context.support.ClassPathXmlApplicationContext prepareRefresh
INFO: Refreshing org.springframework.context.support.ClassPathXmlApplicationContext@8f7cbcc: startup date [Tue Oct 10 17:03:04 EDT 2017]; root of context hierarchy
Oct 10, 2017 5:03:04 PM org.springframework.beans.factory.xml.XmlBeanDefinitionReader loadBeanDefinitions
INFO: Loading XML bean definitions from class path resource [applicationContext.xml]
Oct 10, 2017 5:03:04 PM org.springframework.context.support.ClassPathXmlApplicationContext prepareRefresh
INFO: Refreshing org.springframework.context.support.ClassPathXmlApplicationContext@77422a9f: startup date [Tue Oct 10 17:03:04 EDT 2017]; root of context hierarchy
Oct 10, 2017 5:03:04 PM org.springframework.beans.factory.xml.XmlBeanDefinitionReader loadBeanDefinitions
INFO: Loading XML bean definitions from class path resource [applicationContext.xml]
Oct 10, 2017 5:03:04 PM org.springframework.context.support.ClassPathXmlApplicationContext prepareRefresh
INFO: Refreshing org.springframework.context.support.ClassPathXmlApplicationContext@6145981c: startup date [Tue Oct 10 17:03:04 EDT 2017]; root of context hierarchy
Oct 10, 2017 5:03:04 PM org.springframework.beans.factory.xml.XmlBeanDefinitionReader loadBeanDefinitions
INFO: Loading XML bean definitions from class path resource [applicationContext.xml]
Oct 10, 2017 5:03:04 PM org.springframework.context.support.ClassPathXmlApplicationContext prepareRefresh
INFO: Refreshing org.springframework.context.support.ClassPathXmlApplicationContext@463fc3f6: startup date [Tue Oct 10 17:03:04 EDT 2017]; root of context hierarchy
Oct 10, 2017 5:03:04 PM org.springframework.beans.factory.xml.XmlBeanDefinitionReader loadBeanDefinitions
INFO: Loading XML bean definitions from class path resource [applicationContext.xml]
Oct 10, 2017 5:03:04 PM org.springframework.context.support.ClassPathXmlApplicationContext prepareRefresh
INFO: Refreshing org.springframework.context.support.ClassPathXmlApplicationContext@84398a: startup date [Tue Oct 10 17:03:04 EDT 2017]; root of context hierarchy
Oct 10, 2017 5:03:04 PM org.springframework.beans.factory.xml.XmlBeanDefinitionReader loadBeanDefinitions
INFO: Loading XML bean definitions from class path resource [applicationContext.xml]
Oct 10, 2017 5:03:04 PM org.springframework.context.support.ClassPathXmlApplicationContext prepareRefresh
INFO: Refreshing org.springframework.context.support.ClassPathXmlApplicationContext@22a7d2f2: startup date [Tue Oct 10 17:03:04 EDT 2017]; root of context hierarchy
Oct 10, 2017 5:03:04 PM org.springframework.beans.factory.xml.XmlBeanDefinitionReader loadBeanDefinitions
INFO: Loading XML bean definitions from class path resource [applicationContext.xml]
Oct 10, 2017 5:03:04 PM org.springframework.context.support.ClassPathXmlApplicationContext prepareRefresh
INFO: Refreshing org.springframework.context.support.ClassPathXmlApplicationContext@5ace2ce3: startup date [Tue Oct 10 17:03:04 EDT 2017]; root of context hierarchy
Oct 10, 2017 5:03:04 PM org.springframework.beans.factory.xml.XmlBeanDefinitionReader loadBeanDefinitions
INFO: Loading XML bean definitions from class path resource [applicationContext.xml]
Oct 10, 2017 5:03:04 PM org.springframework.context.support.ClassPathXmlApplicationContext prepareRefresh
INFO: Refreshing org.springframework.context.support.ClassPathXmlApplicationContext@659b0c20: startup date [Tue Oct 10 17:03:04 EDT 2017]; root of context hierarchy
Oct 10, 2017 5:03:04 PM org.springframework.beans.factory.xml.XmlBeanDefinitionReader loadBeanDefinitions
INFO: Loading XML bean definitions from class path resource [applicationContext.xml]
Oct 10, 2017 5:03:04 PM org.springframework.context.support.ClassPathXmlApplicationContext prepareRefresh
INFO: Refreshing org.springframework.context.support.ClassPathXmlApplicationContext@6c92af74: startup date [Tue Oct 10 17:03:04 EDT 2017]; root of context hierarchy
Oct 10, 2017 5:03:04 PM org.springframework.beans.factory.xml.XmlBeanDefinitionReader loadBeanDefinitions
INFO: Loading XML bean definitions from class path resource [applicationContext.xml]
Oct 10, 2017 5:03:04 PM org.springframework.context.support.ClassPathXmlApplicationContext prepareRefresh
INFO: Refreshing org.springframework.context.support.ClassPathXmlApplicationContext@4d484eda: startup date [Tue Oct 10 17:03:04 EDT 2017]; root of context hierarchy
Oct 10, 2017 5:03:04 PM org.springframework.beans.factory.xml.XmlBeanDefinitionReader loadBeanDefinitions
INFO: Loading XML bean definitions from class path resource [applicationContext.xml]
Oct 10, 2017 5:03:04 PM org.springframework.context.support.ClassPathXmlApplicationContext prepareRefresh
INFO: Refreshing org.springframework.context.support.ClassPathXmlApplicationContext@4a17c516: startup date [Tue Oct 10 17:03:04 EDT 2017]; root of context hierarchy
Oct 10, 2017 5:03:04 PM org.springframework.beans.factory.xml.XmlBeanDefinitionReader loadBeanDefinitions
INFO: Loading XML bean definitions from class path resource [applicationContext.xml]
Oct 10, 2017 5:03:04 PM org.springframework.context.support.ClassPathXmlApplicationContext prepareRefresh
INFO: Refreshing org.springframework.context.support.ClassPathXmlApplicationContext@62ccf42c: startup date [Tue Oct 10 17:03:04 EDT 2017]; root of context hierarchy
Oct 10, 2017 5:03:04 PM org.springframework.beans.factory.xml.XmlBeanDefinitionReader loadBeanDefinitions
INFO: Loading XML bean definitions from class path resource [applicationContext.xml]
Oct 10, 2017 5:03:04 PM org.springframework.context.support.ClassPathXmlApplicationContext prepareRefresh
INFO: Refreshing org.springframework.context.support.ClassPathXmlApplicationContext@29b78b34: startup date [Tue Oct 10 17:03:04 EDT 2017]; root of context hierarchy
Oct 10, 2017 5:03:04 PM org.springframework.beans.factory.xml.XmlBeanDefinitionReader loadBeanDefinitions
INFO: Loading XML bean definitions from class path resource [applicationContext.xml]
Oct 10, 2017 5:03:04 PM org.springframework.context.support.ClassPathXmlApplicationContext prepareRefresh
INFO: Refreshing org.springframework.context.support.ClassPathXmlApplicationContext@74baaba6: startup date [Tue Oct 10 17:03:04 EDT 2017]; root of context hierarchy
Oct 10, 2017 5:03:04 PM org.springframework.beans.factory.xml.XmlBeanDefinitionReader loadBeanDefinitions
INFO: Loading XML bean definitions from class path resource [applicationContext.xml]
Oct 10, 2017 5:03:04 PM org.springframework.context.support.ClassPathXmlApplicationContext prepareRefresh
INFO: Refreshing org.springframework.context.support.ClassPathXmlApplicationContext@6018ff75: startup date [Tue Oct 10 17:03:04 EDT 2017]; root of context hierarchy
Oct 10, 2017 5:03:04 PM org.springframework.beans.factory.xml.XmlBeanDefinitionReader loadBeanDefinitions
INFO: Loading XML bean definitions from class path resource [applicationContext.xml]
Oct 10, 2017 5:03:04 PM org.springframework.context.support.ClassPathXmlApplicationContext prepareRefresh
INFO: Refreshing org.springframework.context.support.ClassPathXmlApplicationContext@54d1c9ba: startup date [Tue Oct 10 17:03:04 EDT 2017]; root of context hierarchy
Oct 10, 2017 5:03:04 PM org.springframework.beans.factory.xml.XmlBeanDefinitionReader loadBeanDefinitions
INFO: Loading XML bean definitions from class path resource [applicationContext.xml]
Oct 10, 2017 5:03:04 PM org.springframework.context.support.ClassPathXmlApplicationContext prepareRefresh
INFO: Refreshing org.springframework.context.support.ClassPathXmlApplicationContext@67d44ae9: startup date [Tue Oct 10 17:03:04 EDT 2017]; root of context hierarchy
Oct 10, 2017 5:03:04 PM org.springframework.beans.factory.xml.XmlBeanDefinitionReader loadBeanDefinitions
INFO: Loading XML bean definitions from class path resource [applicationContext.xml]
Oct 10, 2017 5:03:04 PM org.springframework.context.support.ClassPathXmlApplicationContext prepareRefresh
INFO: Refreshing org.springframework.context.support.ClassPathXmlApplicationContext@517e381b: startup date [Tue Oct 10 17:03:04 EDT 2017]; root of context hierarchy
Oct 10, 2017 5:03:04 PM org.springframework.beans.factory.xml.XmlBeanDefinitionReader loadBeanDefinitions
INFO: Loading XML bean definitions from class path resource [applicationContext.xml]
Oct 10, 2017 5:03:04 PM org.springframework.context.support.ClassPathXmlApplicationContext prepareRefresh
INFO: Refreshing org.springframework.context.support.ClassPathXmlApplicationContext@60f3813e: startup date [Tue Oct 10 17:03:04 EDT 2017]; root of context hierarchy
Oct 10, 2017 5:03:04 PM org.springframework.beans.factory.xml.XmlBeanDefinitionReader loadBeanDefinitions
INFO: Loading XML bean definitions from class path resource [applicationContext.xml]
Oct 10, 2017 5:03:04 PM org.springframework.context.support.ClassPathXmlApplicationContext prepareRefresh
INFO: Refreshing org.springframework.context.support.ClassPathXmlApplicationContext@6e236542: startup date [Tue Oct 10 17:03:04 EDT 2017]; root of context hierarchy
Oct 10, 2017 5:03:04 PM org.springframework.beans.factory.xml.XmlBeanDefinitionReader loadBeanDefinitions
INFO: Loading XML bean definitions from class path resource [applicationContext.xml]
Oct 10, 2017 5:03:04 PM org.springframework.context.support.ClassPathXmlApplicationContext prepareRefresh
INFO: Refreshing org.springframework.context.support.ClassPathXmlApplicationContext@3e40bea1: startup date [Tue Oct 10 17:03:04 EDT 2017]; root of context hierarchy
Oct 10, 2017 5:03:04 PM org.springframework.beans.factory.xml.XmlBeanDefinitionReader loadBeanDefinitions
INFO: Loading XML bean definitions from class path resource [applicationContext.xml]
Oct 10, 2017 5:03:04 PM org.springframework.context.support.ClassPathXmlApplicationContext prepareRefresh
INFO: Refreshing org.springframework.context.support.ClassPathXmlApplicationContext@2464c125: startup date [Tue Oct 10 17:03:04 EDT 2017]; root of context hierarchy
Oct 10, 2017 5:03:04 PM org.springframework.beans.factory.xml.XmlBeanDefinitionReader loadBeanDefinitions
INFO: Loading XML bean definitions from class path resource [applicationContext.xml]
Oct 10, 2017 5:03:04 PM org.springframework.context.support.ClassPathXmlApplicationContext prepareRefresh
INFO: Refreshing org.springframework.context.support.ClassPathXmlApplicationContext@5fd40d2e: startup date [Tue Oct 10 17:03:04 EDT 2017]; root of context hierarchy
Oct 10, 2017 5:03:04 PM org.springframework.beans.factory.xml.XmlBeanDefinitionReader loadBeanDefinitions
INFO: Loading XML bean definitions from class path resource [applicationContext.xml]
Oct 10, 2017 5:03:05 PM org.springframework.context.support.ClassPathXmlApplicationContext prepareRefresh
INFO: Refreshing org.springframework.context.support.ClassPathXmlApplicationContext@112e72ea: startup date [Tue Oct 10 17:03:05 EDT 2017]; root of context hierarchy
Oct 10, 2017 5:03:05 PM org.springframework.beans.factory.xml.XmlBeanDefinitionReader loadBeanDefinitions
INFO: Loading XML bean definitions from class path resource [applicationContext.xml]
Oct 10, 2017 5:03:05 PM org.springframework.context.support.ClassPathXmlApplicationContext prepareRefresh
INFO: Refreshing org.springframework.context.support.ClassPathXmlApplicationContext@3edea9e6: startup date [Tue Oct 10 17:03:05 EDT 2017]; root of context hierarchy
Oct 10, 2017 5:03:05 PM org.springframework.beans.factory.xml.XmlBeanDefinitionReader loadBeanDefinitions
INFO: Loading XML bean definitions from class path resource [applicationContext.xml]
Oct 10, 2017 5:03:05 PM org.springframework.context.support.ClassPathXmlApplicationContext prepareRefresh
INFO: Refreshing org.springframework.context.support.ClassPathXmlApplicationContext@7111b312: startup date [Tue Oct 10 17:03:05 EDT 2017]; root of context hierarchy
Oct 10, 2017 5:03:05 PM org.springframework.beans.factory.xml.XmlBeanDefinitionReader loadBeanDefinitions
INFO: Loading XML bean definitions from class path resource [applicationContext.xml]
Oct 10, 2017 5:03:05 PM org.springframework.context.support.ClassPathXmlApplicationContext prepareRefresh
INFO: Refreshing org.springframework.context.support.ClassPathXmlApplicationContext@49f82f95: startup date [Tue Oct 10 17:03:05 EDT 2017]; root of context hierarchy
Oct 10, 2017 5:03:05 PM org.springframework.beans.factory.xml.XmlBeanDefinitionReader loadBeanDefinitions
INFO: Loading XML bean definitions from class path resource [applicationContext.xml]
Oct 10, 2017 5:03:05 PM org.springframework.context.support.ClassPathXmlApplicationContext prepareRefresh
INFO: Refreshing org.springframework.context.support.ClassPathXmlApplicationContext@16b35f2f: startup date [Tue Oct 10 17:03:05 EDT 2017]; root of context hierarchy
Oct 10, 2017 5:03:05 PM org.springframework.beans.factory.xml.XmlBeanDefinitionReader loadBeanDefinitions
INFO: Loading XML bean definitions from class path resource [applicationContext.xml]
Oct 10, 2017 5:03:05 PM org.springframework.context.support.ClassPathXmlApplicationContext prepareRefresh
INFO: Refreshing org.springframework.context.support.ClassPathXmlApplicationContext@3b76809d: startup date [Tue Oct 10 17:03:05 EDT 2017]; root of context hierarchy
Oct 10, 2017 5:03:05 PM org.springframework.beans.factory.xml.XmlBeanDefinitionReader loadBeanDefinitions
INFO: Loading XML bean definitions from class path resource [applicationContext.xml]
Oct 10, 2017 5:03:05 PM org.springframework.context.support.ClassPathXmlApplicationContext prepareRefresh
INFO: Refreshing org.springframework.context.support.ClassPathXmlApplicationContext@22a7d4a2: startup date [Tue Oct 10 17:03:05 EDT 2017]; root of context hierarchy
Oct 10, 2017 5:03:05 PM org.springframework.beans.factory.xml.XmlBeanDefinitionReader loadBeanDefinitions
INFO: Loading XML bean definitions from class path resource [applicationContext.xml]
Oct 10, 2017 5:03:05 PM org.springframework.context.support.ClassPathXmlApplicationContext prepareRefresh
INFO: Refreshing org.springframework.context.support.ClassPathXmlApplicationContext@15402cf4: startup date [Tue Oct 10 17:03:05 EDT 2017]; root of context hierarchy
Oct 10, 2017 5:03:05 PM org.springframework.beans.factory.xml.XmlBeanDefinitionReader loadBeanDefinitions
INFO: Loading XML bean definitions from class path resource [applicationContext.xml]
Oct 10, 2017 5:03:05 PM org.springframework.context.support.ClassPathXmlApplicationContext prepareRefresh
INFO: Refreshing org.springframework.context.support.ClassPathXmlApplicationContext@774cc4a9: startup date [Tue Oct 10 17:03:05 EDT 2017]; root of context hierarchy
Oct 10, 2017 5:03:05 PM org.springframework.beans.factory.xml.XmlBeanDefinitionReader loadBeanDefinitions
INFO: Loading XML bean definitions from class path resource [applicationContext.xml]
Oct 10, 2017 5:03:05 PM org.springframework.context.support.ClassPathXmlApplicationContext prepareRefresh
INFO: Refreshing org.springframework.context.support.ClassPathXmlApplicationContext@4518e64: startup date [Tue Oct 10 17:03:05 EDT 2017]; root of context hierarchy
Oct 10, 2017 5:03:05 PM org.springframework.beans.factory.xml.XmlBeanDefinitionReader loadBeanDefinitions
INFO: Loading XML bean definitions from class path resource [applicationContext.xml]
Oct 10, 2017 5:03:05 PM org.springframework.context.support.ClassPathXmlApplicationContext prepareRefresh
INFO: Refreshing org.springframework.context.support.ClassPathXmlApplicationContext@16db70a0: startup date [Tue Oct 10 17:03:05 EDT 2017]; root of context hierarchy
Oct 10, 2017 5:03:05 PM org.springframework.beans.factory.xml.XmlBeanDefinitionReader loadBeanDefinitions
INFO: Loading XML bean definitions from class path resource [applicationContext.xml]
Oct 10, 2017 5:03:05 PM org.springframework.context.support.ClassPathXmlApplicationContext prepareRefresh
INFO: Refreshing org.springframework.context.support.ClassPathXmlApplicationContext@2e4c4373: startup date [Tue Oct 10 17:03:05 EDT 2017]; root of context hierarchy
Oct 10, 2017 5:03:05 PM org.springframework.beans.factory.xml.XmlBeanDefinitionReader loadBeanDefinitions
INFO: Loading XML bean definitions from class path resource [applicationContext.xml]
Oct 10, 2017 5:03:05 PM org.springframework.context.support.ClassPathXmlApplicationContext prepareRefresh
INFO: Refreshing org.springframework.context.support.ClassPathXmlApplicationContext@f912cf3: startup date [Tue Oct 10 17:03:05 EDT 2017]; root of context hierarchy
Oct 10, 2017 5:03:05 PM org.springframework.beans.factory.xml.XmlBeanDefinitionReader loadBeanDefinitions
INFO: Loading XML bean definitions from class path resource [applicationContext.xml]
Oct 10, 2017 5:03:05 PM org.springframework.context.support.ClassPathXmlApplicationContext prepareRefresh
INFO: Refreshing org.springframework.context.support.ClassPathXmlApplicationContext@6dd8dfe5: startup date [Tue Oct 10 17:03:05 EDT 2017]; root of context hierarchy
Oct 10, 2017 5:03:05 PM org.springframework.beans.factory.xml.XmlBeanDefinitionReader loadBeanDefinitions
INFO: Loading XML bean definitions from class path resource [applicationContext.xml]
Oct 10, 2017 5:03:05 PM org.springframework.context.support.ClassPathXmlApplicationContext prepareRefresh
INFO: Refreshing org.springframework.context.support.ClassPathXmlApplicationContext@2e95d163: startup date [Tue Oct 10 17:03:05 EDT 2017]; root of context hierarchy
Oct 10, 2017 5:03:05 PM org.springframework.beans.factory.xml.XmlBeanDefinitionReader loadBeanDefinitions
INFO: Loading XML bean definitions from class path resource [applicationContext.xml]
Oct 10, 2017 5:03:05 PM org.springframework.context.support.ClassPathXmlApplicationContext prepareRefresh
INFO: Refreshing org.springframework.context.support.ClassPathXmlApplicationContext@73d7b6b0: startup date [Tue Oct 10 17:03:05 EDT 2017]; root of context hierarchy
Oct 10, 2017 5:03:05 PM org.springframework.beans.factory.xml.XmlBeanDefinitionReader loadBeanDefinitions
INFO: Loading XML bean definitions from class path resource [applicationContext.xml]
Oct 10, 2017 5:03:05 PM org.springframework.context.support.ClassPathXmlApplicationContext prepareRefresh
INFO: Refreshing org.springframework.context.support.ClassPathXmlApplicationContext@597f9d9d: startup date [Tue Oct 10 17:03:05 EDT 2017]; root of context hierarchy
Oct 10, 2017 5:03:05 PM org.springframework.beans.factory.xml.XmlBeanDefinitionReader loadBeanDefinitions
INFO: Loading XML bean definitions from class path resource [applicationContext.xml]
Oct 10, 2017 5:03:05 PM org.springframework.context.support.ClassPathXmlApplicationContext prepareRefresh
INFO: Refreshing org.springframework.context.support.ClassPathXmlApplicationContext@3b14d63b: startup date [Tue Oct 10 17:03:05 EDT 2017]; root of context hierarchy
Oct 10, 2017 5:03:05 PM org.springframework.beans.factory.xml.XmlBeanDefinitionReader loadBeanDefinitions
INFO: Loading XML bean definitions from class path resource [applicationContext.xml]
Oct 10, 2017 5:03:05 PM org.springframework.context.support.ClassPathXmlApplicationContext prepareRefresh
INFO: Refreshing org.springframework.context.support.ClassPathXmlApplicationContext@2fcc32ae: startup date [Tue Oct 10 17:03:05 EDT 2017]; root of context hierarchy
Oct 10, 2017 5:03:05 PM org.springframework.beans.factory.xml.XmlBeanDefinitionReader loadBeanDefinitions
INFO: Loading XML bean definitions from class path resource [applicationContext.xml]
Oct 10, 2017 5:03:05 PM org.springframework.context.support.ClassPathXmlApplicationContext prepareRefresh
INFO: Refreshing org.springframework.context.support.ClassPathXmlApplicationContext@39562fc2: startup date [Tue Oct 10 17:03:05 EDT 2017]; root of context hierarchy
Oct 10, 2017 5:03:05 PM org.springframework.beans.factory.xml.XmlBeanDefinitionReader loadBeanDefinitions
INFO: Loading XML bean definitions from class path resource [applicationContext.xml]
Oct 10, 2017 5:03:05 PM org.springframework.context.support.ClassPathXmlApplicationContext prepareRefresh
INFO: Refreshing org.springframework.context.support.ClassPathXmlApplicationContext@58ae3cb: startup date [Tue Oct 10 17:03:05 EDT 2017]; root of context hierarchy
Oct 10, 2017 5:03:05 PM org.springframework.beans.factory.xml.XmlBeanDefinitionReader loadBeanDefinitions
INFO: Loading XML bean definitions from class path resource [applicationContext.xml]
Oct 10, 2017 5:03:05 PM org.springframework.context.support.ClassPathXmlApplicationContext prepareRefresh
INFO: Refreshing org.springframework.context.support.ClassPathXmlApplicationContext@2f23fdf1: startup date [Tue Oct 10 17:03:05 EDT 2017]; root of context hierarchy
Oct 10, 2017 5:03:05 PM org.springframework.beans.factory.xml.XmlBeanDefinitionReader loadBeanDefinitions
INFO: Loading XML bean definitions from class path resource [applicationContext.xml]
Oct 10, 2017 5:03:05 PM org.springframework.context.support.ClassPathXmlApplicationContext prepareRefresh
INFO: Refreshing org.springframework.context.support.ClassPathXmlApplicationContext@69ef3847: startup date [Tue Oct 10 17:03:05 EDT 2017]; root of context hierarchy
Oct 10, 2017 5:03:05 PM org.springframework.beans.factory.xml.XmlBeanDefinitionReader loadBeanDefinitions
INFO: Loading XML bean definitions from class path resource [applicationContext.xml]
Oct 10, 2017 5:03:05 PM org.springframework.context.support.ClassPathXmlApplicationContext prepareRefresh
INFO: Refreshing org.springframework.context.support.ClassPathXmlApplicationContext@bd074d7: startup date [Tue Oct 10 17:03:05 EDT 2017]; root of context hierarchy
Oct 10, 2017 5:03:05 PM org.springframework.beans.factory.xml.XmlBeanDefinitionReader loadBeanDefinitions
INFO: Loading XML bean definitions from class path resource [applicationContext.xml]
Oct 10, 2017 5:03:05 PM org.springframework.context.support.ClassPathXmlApplicationContext prepareRefresh
INFO: Refreshing org.springframework.context.support.ClassPathXmlApplicationContext@492a54b4: startup date [Tue Oct 10 17:03:05 EDT 2017]; root of context hierarchy
Oct 10, 2017 5:03:05 PM org.springframework.beans.factory.xml.XmlBeanDefinitionReader loadBeanDefinitions
INFO: Loading XML bean definitions from class path resource [applicationContext.xml]
Oct 10, 2017 5:03:05 PM org.springframework.context.support.ClassPathXmlApplicationContext prepareRefresh
INFO: Refreshing org.springframework.context.support.ClassPathXmlApplicationContext@6e5091b0: startup date [Tue Oct 10 17:03:05 EDT 2017]; root of context hierarchy
Oct 10, 2017 5:03:05 PM org.springframework.beans.factory.xml.XmlBeanDefinitionReader loadBeanDefinitions
INFO: Loading XML bean definitions from class path resource [applicationContext.xml]
Oct 10, 2017 5:03:05 PM org.springframework.context.support.ClassPathXmlApplicationContext prepareRefresh
INFO: Refreshing org.springframework.context.support.ClassPathXmlApplicationContext@7aaaca20: startup date [Tue Oct 10 17:03:05 EDT 2017]; root of context hierarchy
Oct 10, 2017 5:03:05 PM org.springframework.beans.factory.xml.XmlBeanDefinitionReader loadBeanDefinitions
INFO: Loading XML bean definitions from class path resource [applicationContext.xml]
Oct 10, 2017 5:03:05 PM org.springframework.context.support.ClassPathXmlApplicationContext prepareRefresh
INFO: Refreshing org.springframework.context.support.ClassPathXmlApplicationContext@c4aa99e: startup date [Tue Oct 10 17:03:05 EDT 2017]; root of context hierarchy
Oct 10, 2017 5:03:05 PM org.springframework.beans.factory.xml.XmlBeanDefinitionReader loadBeanDefinitions
INFO: Loading XML bean definitions from class path resource [applicationContext.xml]
Oct 10, 2017 5:03:05 PM org.springframework.context.support.ClassPathXmlApplicationContext prepareRefresh
INFO: Refreshing org.springframework.context.support.ClassPathXmlApplicationContext@29dfc14a: startup date [Tue Oct 10 17:03:05 EDT 2017]; root of context hierarchy
Oct 10, 2017 5:03:05 PM org.springframework.beans.factory.xml.XmlBeanDefinitionReader loadBeanDefinitions
INFO: Loading XML bean definitions from class path resource [applicationContext.xml]
Oct 10, 2017 5:03:05 PM org.springframework.context.support.ClassPathXmlApplicationContext prepareRefresh
INFO: Refreshing org.springframework.context.support.ClassPathXmlApplicationContext@5316255e: startup date [Tue Oct 10 17:03:05 EDT 2017]; root of context hierarchy
Oct 10, 2017 5:03:05 PM org.springframework.beans.factory.xml.XmlBeanDefinitionReader loadBeanDefinitions
INFO: Loading XML bean definitions from class path resource [applicationContext.xml]
Oct 10, 2017 5:03:05 PM org.springframework.context.support.ClassPathXmlApplicationContext prepareRefresh
INFO: Refreshing org.springframework.context.support.ClassPathXmlApplicationContext@2b4a0be0: startup date [Tue Oct 10 17:03:05 EDT 2017]; root of context hierarchy
Oct 10, 2017 5:03:05 PM org.springframework.beans.factory.xml.XmlBeanDefinitionReader loadBeanDefinitions
INFO: Loading XML bean definitions from class path resource [applicationContext.xml]
Oct 10, 2017 5:03:05 PM org.springframework.context.support.ClassPathXmlApplicationContext prepareRefresh
INFO: Refreshing org.springframework.context.support.ClassPathXmlApplicationContext@13eead57: startup date [Tue Oct 10 17:03:05 EDT 2017]; root of context hierarchy
Oct 10, 2017 5:03:05 PM org.springframework.beans.factory.xml.XmlBeanDefinitionReader loadBeanDefinitions
INFO: Loading XML bean definitions from class path resource [applicationContext.xml]
Oct 10, 2017 5:03:05 PM org.springframework.context.support.ClassPathXmlApplicationContext prepareRefresh
INFO: Refreshing org.springframework.context.support.ClassPathXmlApplicationContext@59606589: startup date [Tue Oct 10 17:03:05 EDT 2017]; root of context hierarchy
Oct 10, 2017 5:03:05 PM org.springframework.beans.factory.xml.XmlBeanDefinitionReader loadBeanDefinitions
INFO: Loading XML bean definitions from class path resource [applicationContext.xml]
Oct 10, 2017 5:03:05 PM org.springframework.context.support.ClassPathXmlApplicationContext prepareRefresh
INFO: Refreshing org.springframework.context.support.ClassPathXmlApplicationContext@58e5a81c: startup date [Tue Oct 10 17:03:05 EDT 2017]; root of context hierarchy
Oct 10, 2017 5:03:05 PM org.springframework.beans.factory.xml.XmlBeanDefinitionReader loadBeanDefinitions
INFO: Loading XML bean definitions from class path resource [applicationContext.xml]
Oct 10, 2017 5:03:05 PM org.springframework.context.support.ClassPathXmlApplicationContext prepareRefresh
INFO: Refreshing org.springframework.context.support.ClassPathXmlApplicationContext@14a82ea: startup date [Tue Oct 10 17:03:05 EDT 2017]; root of context hierarchy
Oct 10, 2017 5:03:05 PM org.springframework.beans.factory.xml.XmlBeanDefinitionReader loadBeanDefinitions
INFO: Loading XML bean definitions from class path resource [applicationContext.xml]
Oct 10, 2017 5:03:05 PM org.springframework.context.support.ClassPathXmlApplicationContext prepareRefresh
INFO: Refreshing org.springframework.context.support.ClassPathXmlApplicationContext@1e2d4645: startup date [Tue Oct 10 17:03:05 EDT 2017]; root of context hierarchy
Oct 10, 2017 5:03:05 PM org.springframework.beans.factory.xml.XmlBeanDefinitionReader loadBeanDefinitions
INFO: Loading XML bean definitions from class path resource [applicationContext.xml]
Oct 10, 2017 5:03:05 PM org.springframework.context.support.ClassPathXmlApplicationContext prepareRefresh
INFO: Refreshing org.springframework.context.support.ClassPathXmlApplicationContext@69628b3f: startup date [Tue Oct 10 17:03:05 EDT 2017]; root of context hierarchy
Oct 10, 2017 5:03:05 PM org.springframework.beans.factory.xml.XmlBeanDefinitionReader loadBeanDefinitions
INFO: Loading XML bean definitions from class path resource [applicationContext.xml]
Oct 10, 2017 5:03:05 PM org.springframework.context.support.ClassPathXmlApplicationContext prepareRefresh
INFO: Refreshing org.springframework.context.support.ClassPathXmlApplicationContext@7e3f4f0: startup date [Tue Oct 10 17:03:05 EDT 2017]; root of context hierarchy
Oct 10, 2017 5:03:05 PM org.springframework.beans.factory.xml.XmlBeanDefinitionReader loadBeanDefinitions
INFO: Loading XML bean definitions from class path resource [applicationContext.xml]
Oct 10, 2017 5:03:05 PM org.springframework.context.support.ClassPathXmlApplicationContext prepareRefresh
INFO: Refreshing org.springframework.context.support.ClassPathXmlApplicationContext@5fcaaf92: startup date [Tue Oct 10 17:03:05 EDT 2017]; root of context hierarchy
Oct 10, 2017 5:03:05 PM org.springframework.beans.factory.xml.XmlBeanDefinitionReader loadBeanDefinitions
INFO: Loading XML bean definitions from class path resource [applicationContext.xml]
Oct 10, 2017 5:03:05 PM org.springframework.context.support.ClassPathXmlApplicationContext prepareRefresh
INFO: Refreshing org.springframework.context.support.ClassPathXmlApplicationContext@3e3b5ff5: startup date [Tue Oct 10 17:03:05 EDT 2017]; root of context hierarchy
Oct 10, 2017 5:03:05 PM org.springframework.beans.factory.xml.XmlBeanDefinitionReader loadBeanDefinitions
INFO: Loading XML bean definitions from class path resource [applicationContext.xml]
Oct 10, 2017 5:03:05 PM org.springframework.context.support.ClassPathXmlApplicationContext prepareRefresh
INFO: Refreshing org.springframework.context.support.ClassPathXmlApplicationContext@40a7c0cc: startup date [Tue Oct 10 17:03:05 EDT 2017]; root of context hierarchy
Oct 10, 2017 5:03:05 PM org.springframework.beans.factory.xml.XmlBeanDefinitionReader loadBeanDefinitions
INFO: Loading XML bean definitions from class path resource [applicationContext.xml]
Oct 10, 2017 5:03:05 PM org.springframework.context.support.ClassPathXmlApplicationContext prepareRefresh
INFO: Refreshing org.springframework.context.support.ClassPathXmlApplicationContext@29abec7e: startup date [Tue Oct 10 17:03:05 EDT 2017]; root of context hierarchy
Oct 10, 2017 5:03:05 PM org.springframework.beans.factory.xml.XmlBeanDefinitionReader loadBeanDefinitions
INFO: Loading XML bean definitions from class path resource [applicationContext.xml]
Oct 10, 2017 5:03:05 PM org.springframework.context.support.ClassPathXmlApplicationContext prepareRefresh
INFO: Refreshing org.springframework.context.support.ClassPathXmlApplicationContext@53c1f4ae: startup date [Tue Oct 10 17:03:05 EDT 2017]; root of context hierarchy
Oct 10, 2017 5:03:05 PM org.springframework.beans.factory.xml.XmlBeanDefinitionReader loadBeanDefinitions
INFO: Loading XML bean definitions from class path resource [applicationContext.xml]
Oct 10, 2017 5:03:05 PM org.springframework.context.support.ClassPathXmlApplicationContext prepareRefresh
INFO: Refreshing org.springframework.context.support.ClassPathXmlApplicationContext@2b59285c: startup date [Tue Oct 10 17:03:05 EDT 2017]; root of context hierarchy
Oct 10, 2017 5:03:05 PM org.springframework.beans.factory.xml.XmlBeanDefinitionReader loadBeanDefinitions
INFO: Loading XML bean definitions from class path resource [applicationContext.xml]
Oct 10, 2017 5:03:05 PM org.springframework.context.support.ClassPathXmlApplicationContext prepareRefresh
INFO: Refreshing org.springframework.context.support.ClassPathXmlApplicationContext@4bec8704: startup date [Tue Oct 10 17:03:05 EDT 2017]; root of context hierarchy
Oct 10, 2017 5:03:05 PM org.springframework.beans.factory.xml.XmlBeanDefinitionReader loadBeanDefinitions
INFO: Loading XML bean definitions from class path resource [applicationContext.xml]
Oct 10, 2017 5:03:05 PM org.springframework.context.support.ClassPathXmlApplicationContext prepareRefresh
INFO: Refreshing org.springframework.context.support.ClassPathXmlApplicationContext@2532e07e: startup date [Tue Oct 10 17:03:05 EDT 2017]; root of context hierarchy
Oct 10, 2017 5:03:05 PM org.springframework.beans.factory.xml.XmlBeanDefinitionReader loadBeanDefinitions
INFO: Loading XML bean definitions from class path resource [applicationContext.xml]
Oct 10, 2017 5:03:05 PM org.springframework.context.support.ClassPathXmlApplicationContext prepareRefresh
INFO: Refreshing org.springframework.context.support.ClassPathXmlApplicationContext@17839acd: startup date [Tue Oct 10 17:03:05 EDT 2017]; root of context hierarchy
Oct 10, 2017 5:03:05 PM org.springframework.beans.factory.xml.XmlBeanDefinitionReader loadBeanDefinitions
INFO: Loading XML bean definitions from class path resource [applicationContext.xml]
Oct 10, 2017 5:03:05 PM org.springframework.context.support.ClassPathXmlApplicationContext prepareRefresh
INFO: Refreshing org.springframework.context.support.ClassPathXmlApplicationContext@47f74d8f: startup date [Tue Oct 10 17:03:05 EDT 2017]; root of context hierarchy
Oct 10, 2017 5:03:05 PM org.springframework.beans.factory.xml.XmlBeanDefinitionReader loadBeanDefinitions
INFO: Loading XML bean definitions from class path resource [applicationContext.xml]
Oct 10, 2017 5:03:05 PM org.springframework.context.support.ClassPathXmlApplicationContext prepareRefresh
INFO: Refreshing org.springframework.context.support.ClassPathXmlApplicationContext@364178de: startup date [Tue Oct 10 17:03:05 EDT 2017]; root of context hierarchy
Oct 10, 2017 5:03:05 PM org.springframework.beans.factory.xml.XmlBeanDefinitionReader loadBeanDefinitions
INFO: Loading XML bean definitions from class path resource [applicationContext.xml]
Oct 10, 2017 5:03:05 PM org.springframework.context.support.ClassPathXmlApplicationContext prepareRefresh
INFO: Refreshing org.springframework.context.support.ClassPathXmlApplicationContext@18fb5226: startup date [Tue Oct 10 17:03:05 EDT 2017]; root of context hierarchy
Oct 10, 2017 5:03:05 PM org.springframework.beans.factory.xml.XmlBeanDefinitionReader loadBeanDefinitions
INFO: Loading XML bean definitions from class path resource [applicationContext.xml]
Oct 10, 2017 5:03:05 PM org.springframework.context.support.ClassPathXmlApplicationContext prepareRefresh
INFO: Refreshing org.springframework.context.support.ClassPathXmlApplicationContext@6c00f72a: startup date [Tue Oct 10 17:03:05 EDT 2017]; root of context hierarchy
Oct 10, 2017 5:03:05 PM org.springframework.beans.factory.xml.XmlBeanDefinitionReader loadBeanDefinitions
INFO: Loading XML bean definitions from class path resource [applicationContext.xml]
Oct 10, 2017 5:03:05 PM org.springframework.context.support.ClassPathXmlApplicationContext prepareRefresh
INFO: Refreshing org.springframework.context.support.ClassPathXmlApplicationContext@7fdef973: startup date [Tue Oct 10 17:03:05 EDT 2017]; root of context hierarchy
Oct 10, 2017 5:03:05 PM org.springframework.beans.factory.xml.XmlBeanDefinitionReader loadBeanDefinitions
INFO: Loading XML bean definitions from class path resource [applicationContext.xml]
Oct 10, 2017 5:03:05 PM org.springframework.context.support.ClassPathXmlApplicationContext prepareRefresh
INFO: Refreshing org.springframework.context.support.ClassPathXmlApplicationContext@10f535a6: startup date [Tue Oct 10 17:03:05 EDT 2017]; root of context hierarchy
Oct 10, 2017 5:03:05 PM org.springframework.beans.factory.xml.XmlBeanDefinitionReader loadBeanDefinitions
INFO: Loading XML bean definitions from class path resource [applicationContext.xml]
Oct 10, 2017 5:03:05 PM org.springframework.context.support.ClassPathXmlApplicationContext prepareRefresh
INFO: Refreshing org.springframework.context.support.ClassPathXmlApplicationContext@113366e7: startup date [Tue Oct 10 17:03:05 EDT 2017]; root of context hierarchy
Oct 10, 2017 5:03:05 PM org.springframework.beans.factory.xml.XmlBeanDefinitionReader loadBeanDefinitions
INFO: Loading XML bean definitions from class path resource [applicationContext.xml]
Oct 10, 2017 5:03:05 PM org.springframework.context.support.ClassPathXmlApplicationContext prepareRefresh
INFO: Refreshing org.springframework.context.support.ClassPathXmlApplicationContext@788b0c96: startup date [Tue Oct 10 17:03:05 EDT 2017]; root of context hierarchy
Oct 10, 2017 5:03:05 PM org.springframework.beans.factory.xml.XmlBeanDefinitionReader loadBeanDefinitions
INFO: Loading XML bean definitions from class path resource [applicationContext.xml]
Oct 10, 2017 5:03:05 PM org.springframework.context.support.ClassPathXmlApplicationContext prepareRefresh
INFO: Refreshing org.springframework.context.support.ClassPathXmlApplicationContext@32e2d117: startup date [Tue Oct 10 17:03:05 EDT 2017]; root of context hierarchy
Oct 10, 2017 5:03:05 PM org.springframework.beans.factory.xml.XmlBeanDefinitionReader loadBeanDefinitions
INFO: Loading XML bean definitions from class path resource [applicationContext.xml]
Oct 10, 2017 5:03:05 PM org.springframework.context.support.ClassPathXmlApplicationContext prepareRefresh
INFO: Refreshing org.springframework.context.support.ClassPathXmlApplicationContext@6288199: startup date [Tue Oct 10 17:03:05 EDT 2017]; root of context hierarchy
Oct 10, 2017 5:03:05 PM org.springframework.beans.factory.xml.XmlBeanDefinitionReader loadBeanDefinitions
INFO: Loading XML bean definitions from class path resource [applicationContext.xml]
Oct 10, 2017 5:03:05 PM org.springframework.context.support.ClassPathXmlApplicationContext prepareRefresh
INFO: Refreshing org.springframework.context.support.ClassPathXmlApplicationContext@5708b827: startup date [Tue Oct 10 17:03:05 EDT 2017]; root of context hierarchy
Oct 10, 2017 5:03:05 PM org.springframework.beans.factory.xml.XmlBeanDefinitionReader loadBeanDefinitions
INFO: Loading XML bean definitions from class path resource [applicationContext.xml]
Oct 10, 2017 5:03:05 PM org.springframework.context.support.ClassPathXmlApplicationContext prepareRefresh
INFO: Refreshing org.springframework.context.support.ClassPathXmlApplicationContext@57a20e44: startup date [Tue Oct 10 17:03:05 EDT 2017]; root of context hierarchy
Oct 10, 2017 5:03:05 PM org.springframework.beans.factory.xml.XmlBeanDefinitionReader loadBeanDefinitions
INFO: Loading XML bean definitions from class path resource [applicationContext.xml]
Oct 10, 2017 5:03:05 PM org.springframework.context.support.ClassPathXmlApplicationContext prepareRefresh
INFO: Refreshing org.springframework.context.support.ClassPathXmlApplicationContext@1675adad: startup date [Tue Oct 10 17:03:05 EDT 2017]; root of context hierarchy
Oct 10, 2017 5:03:05 PM org.springframework.beans.factory.xml.XmlBeanDefinitionReader loadBeanDefinitions
INFO: Loading XML bean definitions from class path resource [applicationContext.xml]
Oct 10, 2017 5:03:05 PM org.springframework.context.support.ClassPathXmlApplicationContext prepareRefresh
INFO: Refreshing org.springframework.context.support.ClassPathXmlApplicationContext@2e4a0669: startup date [Tue Oct 10 17:03:05 EDT 2017]; root of context hierarchy
Oct 10, 2017 5:03:05 PM org.springframework.beans.factory.xml.XmlBeanDefinitionReader loadBeanDefinitions
INFO: Loading XML bean definitions from class path resource [applicationContext.xml]
Oct 10, 2017 5:03:05 PM org.springframework.context.support.ClassPathXmlApplicationContext prepareRefresh
INFO: Refreshing org.springframework.context.support.ClassPathXmlApplicationContext@3b59d246: startup date [Tue Oct 10 17:03:05 EDT 2017]; root of context hierarchy
Oct 10, 2017 5:03:05 PM org.springframework.beans.factory.xml.XmlBeanDefinitionReader loadBeanDefinitions
INFO: Loading XML bean definitions from class path resource [applicationContext.xml]
Oct 10, 2017 5:03:05 PM org.springframework.context.support.ClassPathXmlApplicationContext prepareRefresh
INFO: Refreshing org.springframework.context.support.ClassPathXmlApplicationContext@411b3740: startup date [Tue Oct 10 17:03:05 EDT 2017]; root of context hierarchy
Oct 10, 2017 5:03:05 PM org.springframework.beans.factory.xml.XmlBeanDefinitionReader loadBeanDefinitions
INFO: Loading XML bean definitions from class path resource [applicationContext.xml]
Oct 10, 2017 5:03:05 PM org.springframework.context.support.ClassPathXmlApplicationContext prepareRefresh
INFO: Refreshing org.springframework.context.support.ClassPathXmlApplicationContext@30967756: startup date [Tue Oct 10 17:03:05 EDT 2017]; root of context hierarchy
Oct 10, 2017 5:03:05 PM org.springframework.beans.factory.xml.XmlBeanDefinitionReader loadBeanDefinitions
INFO: Loading XML bean definitions from class path resource [applicationContext.xml]
Oct 10, 2017 5:03:05 PM org.springframework.context.support.ClassPathXmlApplicationContext prepareRefresh
INFO: Refreshing org.springframework.context.support.ClassPathXmlApplicationContext@127abbbe: startup date [Tue Oct 10 17:03:05 EDT 2017]; root of context hierarchy
Oct 10, 2017 5:03:05 PM org.springframework.beans.factory.xml.XmlBeanDefinitionReader loadBeanDefinitions
INFO: Loading XML bean definitions from class path resource [applicationContext.xml]
Oct 10, 2017 5:03:05 PM org.springframework.context.support.ClassPathXmlApplicationContext prepareRefresh
INFO: Refreshing org.springframework.context.support.ClassPathXmlApplicationContext@60ba61e4: startup date [Tue Oct 10 17:03:05 EDT 2017]; root of context hierarchy
Oct 10, 2017 5:03:05 PM org.springframework.beans.factory.xml.XmlBeanDefinitionReader loadBeanDefinitions
INFO: Loading XML bean definitions from class path resource [applicationContext.xml]
Oct 10, 2017 5:03:05 PM org.springframework.context.support.ClassPathXmlApplicationContext prepareRefresh
INFO: Refreshing org.springframework.context.support.ClassPathXmlApplicationContext@15962623: startup date [Tue Oct 10 17:03:05 EDT 2017]; root of context hierarchy
Oct 10, 2017 5:03:05 PM org.springframework.beans.factory.xml.XmlBeanDefinitionReader loadBeanDefinitions
INFO: Loading XML bean definitions from class path resource [applicationContext.xml]
Oct 10, 2017 5:03:05 PM org.springframework.context.support.ClassPathXmlApplicationContext prepareRefresh
INFO: Refreshing org.springframework.context.support.ClassPathXmlApplicationContext@34a82874: startup date [Tue Oct 10 17:03:05 EDT 2017]; root of context hierarchy
Oct 10, 2017 5:03:05 PM org.springframework.beans.factory.xml.XmlBeanDefinitionReader loadBeanDefinitions
INFO: Loading XML bean definitions from class path resource [applicationContext.xml]
Oct 10, 2017 5:03:05 PM org.springframework.context.support.ClassPathXmlApplicationContext prepareRefresh
INFO: Refreshing org.springframework.context.support.ClassPathXmlApplicationContext@6c67a17d: startup date [Tue Oct 10 17:03:05 EDT 2017]; root of context hierarchy
Oct 10, 2017 5:03:05 PM org.springframework.beans.factory.xml.XmlBeanDefinitionReader loadBeanDefinitions
INFO: Loading XML bean definitions from class path resource [applicationContext.xml]
Oct 10, 2017 5:03:05 PM org.springframework.context.support.ClassPathXmlApplicationContext prepareRefresh
INFO: Refreshing org.springframework.context.support.ClassPathXmlApplicationContext@1c07b091: startup date [Tue Oct 10 17:03:05 EDT 2017]; root of context hierarchy
Oct 10, 2017 5:03:05 PM org.springframework.beans.factory.xml.XmlBeanDefinitionReader loadBeanDefinitions
INFO: Loading XML bean definitions from class path resource [applicationContext.xml]
Oct 10, 2017 5:03:05 PM org.springframework.context.support.ClassPathXmlApplicationContext prepareRefresh
INFO: Refreshing org.springframework.context.support.ClassPathXmlApplicationContext@60cb3ca9: startup date [Tue Oct 10 17:03:05 EDT 2017]; root of context hierarchy
Oct 10, 2017 5:03:05 PM org.springframework.beans.factory.xml.XmlBeanDefinitionReader loadBeanDefinitions
INFO: Loading XML bean definitions from class path resource [applicationContext.xml]
Oct 10, 2017 5:03:05 PM org.springframework.context.support.ClassPathXmlApplicationContext prepareRefresh
INFO: Refreshing org.springframework.context.support.ClassPathXmlApplicationContext@10e7192: startup date [Tue Oct 10 17:03:05 EDT 2017]; root of context hierarchy
Oct 10, 2017 5:03:05 PM org.springframework.beans.factory.xml.XmlBeanDefinitionReader loadBeanDefinitions
INFO: Loading XML bean definitions from class path resource [applicationContext.xml]
Oct 10, 2017 5:03:05 PM org.springframework.context.support.ClassPathXmlApplicationContext prepareRefresh
INFO: Refreshing org.springframework.context.support.ClassPathXmlApplicationContext@634fa039: startup date [Tue Oct 10 17:03:05 EDT 2017]; root of context hierarchy
Oct 10, 2017 5:03:05 PM org.springframework.beans.factory.xml.XmlBeanDefinitionReader loadBeanDefinitions
INFO: Loading XML bean definitions from class path resource [applicationContext.xml]
Oct 10, 2017 5:03:05 PM org.springframework.context.support.ClassPathXmlApplicationContext prepareRefresh
INFO: Refreshing org.springframework.context.support.ClassPathXmlApplicationContext@1fa51751: startup date [Tue Oct 10 17:03:05 EDT 2017]; root of context hierarchy
Oct 10, 2017 5:03:05 PM org.springframework.beans.factory.xml.XmlBeanDefinitionReader loadBeanDefinitions
INFO: Loading XML bean definitions from class path resource [applicationContext.xml]
Oct 10, 2017 5:03:05 PM org.springframework.context.support.ClassPathXmlApplicationContext prepareRefresh
INFO: Refreshing org.springframework.context.support.ClassPathXmlApplicationContext@1f5d72f: startup date [Tue Oct 10 17:03:05 EDT 2017]; root of context hierarchy
Oct 10, 2017 5:03:05 PM org.springframework.beans.factory.xml.XmlBeanDefinitionReader loadBeanDefinitions
INFO: Loading XML bean definitions from class path resource [applicationContext.xml]
Oct 10, 2017 5:03:05 PM org.springframework.context.support.ClassPathXmlApplicationContext prepareRefresh
INFO: Refreshing org.springframework.context.support.ClassPathXmlApplicationContext@1534fd96: startup date [Tue Oct 10 17:03:05 EDT 2017]; root of context hierarchy
Oct 10, 2017 5:03:05 PM org.springframework.beans.factory.xml.XmlBeanDefinitionReader loadBeanDefinitions
INFO: Loading XML bean definitions from class path resource [applicationContext.xml]
Oct 10, 2017 5:03:06 PM org.springframework.context.support.ClassPathXmlApplicationContext prepareRefresh
INFO: Refreshing org.springframework.context.support.ClassPathXmlApplicationContext@319267ad: startup date [Tue Oct 10 17:03:06 EDT 2017]; root of context hierarchy
Oct 10, 2017 5:03:06 PM org.springframework.beans.factory.xml.XmlBeanDefinitionReader loadBeanDefinitions
INFO: Loading XML bean definitions from class path resource [applicationContext.xml]
Oct 10, 2017 5:03:06 PM org.springframework.context.support.ClassPathXmlApplicationContext prepareRefresh
INFO: Refreshing org.springframework.context.support.ClassPathXmlApplicationContext@6f0a9d4f: startup date [Tue Oct 10 17:03:06 EDT 2017]; root of context hierarchy
Oct 10, 2017 5:03:06 PM org.springframework.beans.factory.xml.XmlBeanDefinitionReader loadBeanDefinitions
INFO: Loading XML bean definitions from class path resource [applicationContext.xml]
Oct 10, 2017 5:03:06 PM org.springframework.context.support.ClassPathXmlApplicationContext prepareRefresh
INFO: Refreshing org.springframework.context.support.ClassPathXmlApplicationContext@3a410524: startup date [Tue Oct 10 17:03:06 EDT 2017]; root of context hierarchy
Oct 10, 2017 5:03:06 PM org.springframework.beans.factory.xml.XmlBeanDefinitionReader loadBeanDefinitions
INFO: Loading XML bean definitions from class path resource [applicationContext.xml]
Oct 10, 2017 5:03:06 PM org.springframework.context.support.ClassPathXmlApplicationContext prepareRefresh
INFO: Refreshing org.springframework.context.support.ClassPathXmlApplicationContext@354880a9: startup date [Tue Oct 10 17:03:06 EDT 2017]; root of context hierarchy
Oct 10, 2017 5:03:06 PM org.springframework.beans.factory.xml.XmlBeanDefinitionReader loadBeanDefinitions
INFO: Loading XML bean definitions from class path resource [applicationContext.xml]
Oct 10, 2017 5:03:06 PM org.springframework.context.support.ClassPathXmlApplicationContext prepareRefresh
INFO: Refreshing org.springframework.context.support.ClassPathXmlApplicationContext@1a5247c8: startup date [Tue Oct 10 17:03:06 EDT 2017]; root of context hierarchy
Oct 10, 2017 5:03:06 PM org.springframework.beans.factory.xml.XmlBeanDefinitionReader loadBeanDefinitions
INFO: Loading XML bean definitions from class path resource [applicationContext.xml]
Oct 10, 2017 5:03:06 PM org.springframework.context.support.ClassPathXmlApplicationContext prepareRefresh
INFO: Refreshing org.springframework.context.support.ClassPathXmlApplicationContext@3d18bdb3: startup date [Tue Oct 10 17:03:06 EDT 2017]; root of context hierarchy
Oct 10, 2017 5:03:06 PM org.springframework.beans.factory.xml.XmlBeanDefinitionReader loadBeanDefinitions
INFO: Loading XML bean definitions from class path resource [applicationContext.xml]
Oct 10, 2017 5:03:06 PM org.springframework.context.support.ClassPathXmlApplicationContext prepareRefresh
INFO: Refreshing org.springframework.context.support.ClassPathXmlApplicationContext@7d3987a6: startup date [Tue Oct 10 17:03:06 EDT 2017]; root of context hierarchy
Oct 10, 2017 5:03:06 PM org.springframework.beans.factory.xml.XmlBeanDefinitionReader loadBeanDefinitions
INFO: Loading XML bean definitions from class path resource [applicationContext.xml]
Oct 10, 2017 5:03:06 PM org.springframework.context.support.ClassPathXmlApplicationContext prepareRefresh
INFO: Refreshing org.springframework.context.support.ClassPathXmlApplicationContext@7352cf80: startup date [Tue Oct 10 17:03:06 EDT 2017]; root of context hierarchy
Oct 10, 2017 5:03:06 PM org.springframework.beans.factory.xml.XmlBeanDefinitionReader loadBeanDefinitions
INFO: Loading XML bean definitions from class path resource [applicationContext.xml]
Oct 10, 2017 5:03:06 PM org.springframework.context.support.ClassPathXmlApplicationContext prepareRefresh
INFO: Refreshing org.springframework.context.support.ClassPathXmlApplicationContext@14e9458a: startup date [Tue Oct 10 17:03:06 EDT 2017]; root of context hierarchy
Oct 10, 2017 5:03:06 PM org.springframework.beans.factory.xml.XmlBeanDefinitionReader loadBeanDefinitions
INFO: Loading XML bean definitions from class path resource [applicationContext.xml]
Oct 10, 2017 5:03:06 PM org.springframework.context.support.ClassPathXmlApplicationContext prepareRefresh
INFO: Refreshing org.springframework.context.support.ClassPathXmlApplicationContext@2488a11: startup date [Tue Oct 10 17:03:06 EDT 2017]; root of context hierarchy
Oct 10, 2017 5:03:06 PM org.springframework.beans.factory.xml.XmlBeanDefinitionReader loadBeanDefinitions
INFO: Loading XML bean definitions from class path resource [applicationContext.xml]
Oct 10, 2017 5:03:06 PM org.springframework.context.support.ClassPathXmlApplicationContext prepareRefresh
INFO: Refreshing org.springframework.context.support.ClassPathXmlApplicationContext@6914bb4a: startup date [Tue Oct 10 17:03:06 EDT 2017]; root of context hierarchy
Oct 10, 2017 5:03:06 PM org.springframework.beans.factory.xml.XmlBeanDefinitionReader loadBeanDefinitions
INFO: Loading XML bean definitions from class path resource [applicationContext.xml]
Oct 10, 2017 5:03:06 PM org.springframework.context.support.ClassPathXmlApplicationContext prepareRefresh
INFO: Refreshing org.springframework.context.support.ClassPathXmlApplicationContext@6cacab23: startup date [Tue Oct 10 17:03:06 EDT 2017]; root of context hierarchy
Oct 10, 2017 5:03:06 PM org.springframework.beans.factory.xml.XmlBeanDefinitionReader loadBeanDefinitions
INFO: Loading XML bean definitions from class path resource [applicationContext.xml]
Oct 10, 2017 5:03:06 PM org.springframework.context.support.ClassPathXmlApplicationContext prepareRefresh
INFO: Refreshing org.springframework.context.support.ClassPathXmlApplicationContext@1a4bc0df: startup date [Tue Oct 10 17:03:06 EDT 2017]; root of context hierarchy
Oct 10, 2017 5:03:06 PM org.springframework.beans.factory.xml.XmlBeanDefinitionReader loadBeanDefinitions
INFO: Loading XML bean definitions from class path resource [applicationContext.xml]
Oct 10, 2017 5:03:06 PM org.springframework.context.support.ClassPathXmlApplicationContext prepareRefresh
INFO: Refreshing org.springframework.context.support.ClassPathXmlApplicationContext@1b5a6a1c: startup date [Tue Oct 10 17:03:06 EDT 2017]; root of context hierarchy
Oct 10, 2017 5:03:06 PM org.springframework.beans.factory.xml.XmlBeanDefinitionReader loadBeanDefinitions
INFO: Loading XML bean definitions from class path resource [applicationContext.xml]
Oct 10, 2017 5:03:06 PM org.springframework.context.support.ClassPathXmlApplicationContext prepareRefresh
INFO: Refreshing org.springframework.context.support.ClassPathXmlApplicationContext@7e30050: startup date [Tue Oct 10 17:03:06 EDT 2017]; root of context hierarchy
Oct 10, 2017 5:03:06 PM org.springframework.beans.factory.xml.XmlBeanDefinitionReader loadBeanDefinitions
INFO: Loading XML bean definitions from class path resource [applicationContext.xml]
Oct 10, 2017 5:03:06 PM org.springframework.context.support.ClassPathXmlApplicationContext prepareRefresh
INFO: Refreshing org.springframework.context.support.ClassPathXmlApplicationContext@36f2a2a3: startup date [Tue Oct 10 17:03:06 EDT 2017]; root of context hierarchy
Oct 10, 2017 5:03:06 PM org.springframework.beans.factory.xml.XmlBeanDefinitionReader loadBeanDefinitions
INFO: Loading XML bean definitions from class path resource [applicationContext.xml]
Oct 10, 2017 5:03:06 PM org.springframework.context.support.ClassPathXmlApplicationContext prepareRefresh
INFO: Refreshing org.springframework.context.support.ClassPathXmlApplicationContext@4d548ae7: startup date [Tue Oct 10 17:03:06 EDT 2017]; root of context hierarchy
Oct 10, 2017 5:03:06 PM org.springframework.beans.factory.xml.XmlBeanDefinitionReader loadBeanDefinitions
INFO: Loading XML bean definitions from class path resource [applicationContext.xml]
Oct 10, 2017 5:03:06 PM org.springframework.context.support.ClassPathXmlApplicationContext prepareRefresh
INFO: Refreshing org.springframework.context.support.ClassPathXmlApplicationContext@7e1383f7: startup date [Tue Oct 10 17:03:06 EDT 2017]; root of context hierarchy
Oct 10, 2017 5:03:06 PM org.springframework.beans.factory.xml.XmlBeanDefinitionReader loadBeanDefinitions
INFO: Loading XML bean definitions from class path resource [applicationContext.xml]
Oct 10, 2017 5:03:06 PM org.springframework.context.support.ClassPathXmlApplicationContext prepareRefresh
INFO: Refreshing org.springframework.context.support.ClassPathXmlApplicationContext@3e99738e: startup date [Tue Oct 10 17:03:06 EDT 2017]; root of context hierarchy
Oct 10, 2017 5:03:06 PM org.springframework.beans.factory.xml.XmlBeanDefinitionReader loadBeanDefinitions
INFO: Loading XML bean definitions from class path resource [applicationContext.xml]
Oct 10, 2017 5:03:06 PM org.springframework.context.support.ClassPathXmlApplicationContext prepareRefresh
INFO: Refreshing org.springframework.context.support.ClassPathXmlApplicationContext@2c6c67e0: startup date [Tue Oct 10 17:03:06 EDT 2017]; root of context hierarchy
Oct 10, 2017 5:03:06 PM org.springframework.beans.factory.xml.XmlBeanDefinitionReader loadBeanDefinitions
INFO: Loading XML bean definitions from class path resource [applicationContext.xml]
Oct 10, 2017 5:03:06 PM org.springframework.context.support.ClassPathXmlApplicationContext prepareRefresh
INFO: Refreshing org.springframework.context.support.ClassPathXmlApplicationContext@63e21ccb: startup date [Tue Oct 10 17:03:06 EDT 2017]; root of context hierarchy
Oct 10, 2017 5:03:06 PM org.springframework.beans.factory.xml.XmlBeanDefinitionReader loadBeanDefinitions
INFO: Loading XML bean definitions from class path resource [applicationContext.xml]
Oct 10, 2017 5:03:06 PM org.springframework.context.support.ClassPathXmlApplicationContext prepareRefresh
INFO: Refreshing org.springframework.context.support.ClassPathXmlApplicationContext@51aae61a: startup date [Tue Oct 10 17:03:06 EDT 2017]; root of context hierarchy
Oct 10, 2017 5:03:06 PM org.springframework.beans.factory.xml.XmlBeanDefinitionReader loadBeanDefinitions
INFO: Loading XML bean definitions from class path resource [applicationContext.xml]
Oct 10, 2017 5:03:06 PM org.springframework.context.support.ClassPathXmlApplicationContext prepareRefresh
INFO: Refreshing org.springframework.context.support.ClassPathXmlApplicationContext@4a05902b: startup date [Tue Oct 10 17:03:06 EDT 2017]; root of context hierarchy
Oct 10, 2017 5:03:06 PM org.springframework.beans.factory.xml.XmlBeanDefinitionReader loadBeanDefinitions
INFO: Loading XML bean definitions from class path resource [applicationContext.xml]
Oct 10, 2017 5:03:06 PM org.springframework.context.support.ClassPathXmlApplicationContext prepareRefresh
INFO: Refreshing org.springframework.context.support.ClassPathXmlApplicationContext@66b98075: startup date [Tue Oct 10 17:03:06 EDT 2017]; root of context hierarchy
Oct 10, 2017 5:03:06 PM org.springframework.beans.factory.xml.XmlBeanDefinitionReader loadBeanDefinitions
INFO: Loading XML bean definitions from class path resource [applicationContext.xml]
Oct 10, 2017 5:03:06 PM org.springframework.context.support.ClassPathXmlApplicationContext prepareRefresh
INFO: Refreshing org.springframework.context.support.ClassPathXmlApplicationContext@357eb0a0: startup date [Tue Oct 10 17:03:06 EDT 2017]; root of context hierarchy
Oct 10, 2017 5:03:06 PM org.springframework.beans.factory.xml.XmlBeanDefinitionReader loadBeanDefinitions
INFO: Loading XML bean definitions from class path resource [applicationContext.xml]
Oct 10, 2017 5:03:06 PM org.springframework.context.support.ClassPathXmlApplicationContext prepareRefresh
INFO: Refreshing org.springframework.context.support.ClassPathXmlApplicationContext@1ecf20aa: startup date [Tue Oct 10 17:03:06 EDT 2017]; root of context hierarchy
Oct 10, 2017 5:03:06 PM org.springframework.beans.factory.xml.XmlBeanDefinitionReader loadBeanDefinitions
INFO: Loading XML bean definitions from class path resource [applicationContext.xml]
Oct 10, 2017 5:03:06 PM org.springframework.context.support.ClassPathXmlApplicationContext prepareRefresh
INFO: Refreshing org.springframework.context.support.ClassPathXmlApplicationContext@30100995: startup date [Tue Oct 10 17:03:06 EDT 2017]; root of context hierarchy
Oct 10, 2017 5:03:06 PM org.springframework.beans.factory.xml.XmlBeanDefinitionReader loadBeanDefinitions
INFO: Loading XML bean definitions from class path resource [applicationContext.xml]
Oct 10, 2017 5:03:06 PM org.springframework.context.support.ClassPathXmlApplicationContext prepareRefresh
INFO: Refreshing org.springframework.context.support.ClassPathXmlApplicationContext@e093615: startup date [Tue Oct 10 17:03:06 EDT 2017]; root of context hierarchy
Oct 10, 2017 5:03:06 PM org.springframework.beans.factory.xml.XmlBeanDefinitionReader loadBeanDefinitions
INFO: Loading XML bean definitions from class path resource [applicationContext.xml]
Oct 10, 2017 5:03:06 PM org.springframework.context.support.ClassPathXmlApplicationContext prepareRefresh
INFO: Refreshing org.springframework.context.support.ClassPathXmlApplicationContext@5a885113: startup date [Tue Oct 10 17:03:06 EDT 2017]; root of context hierarchy
Oct 10, 2017 5:03:06 PM org.springframework.beans.factory.xml.XmlBeanDefinitionReader loadBeanDefinitions
INFO: Loading XML bean definitions from class path resource [applicationContext.xml]
Oct 10, 2017 5:03:06 PM org.springframework.context.support.ClassPathXmlApplicationContext prepareRefresh
INFO: Refreshing org.springframework.context.support.ClassPathXmlApplicationContext@42f7523d: startup date [Tue Oct 10 17:03:06 EDT 2017]; root of context hierarchy
Oct 10, 2017 5:03:06 PM org.springframework.beans.factory.xml.XmlBeanDefinitionReader loadBeanDefinitions
INFO: Loading XML bean definitions from class path resource [applicationContext.xml]
Oct 10, 2017 5:03:06 PM org.springframework.context.support.ClassPathXmlApplicationContext prepareRefresh
INFO: Refreshing org.springframework.context.support.ClassPathXmlApplicationContext@15be8dc4: startup date [Tue Oct 10 17:03:06 EDT 2017]; root of context hierarchy
Oct 10, 2017 5:03:06 PM org.springframework.beans.factory.xml.XmlBeanDefinitionReader loadBeanDefinitions
INFO: Loading XML bean definitions from class path resource [applicationContext.xml]
Oct 10, 2017 5:03:06 PM org.springframework.context.support.ClassPathXmlApplicationContext prepareRefresh
INFO: Refreshing org.springframework.context.support.ClassPathXmlApplicationContext@6e9698cf: startup date [Tue Oct 10 17:03:06 EDT 2017]; root of context hierarchy
Oct 10, 2017 5:03:06 PM org.springframework.beans.factory.xml.XmlBeanDefinitionReader loadBeanDefinitions
INFO: Loading XML bean definitions from class path resource [applicationContext.xml]
Oct 10, 2017 5:03:06 PM org.springframework.context.support.ClassPathXmlApplicationContext prepareRefresh
INFO: Refreshing org.springframework.context.support.ClassPathXmlApplicationContext@772dfe03: startup date [Tue Oct 10 17:03:06 EDT 2017]; root of context hierarchy
Oct 10, 2017 5:03:06 PM org.springframework.beans.factory.xml.XmlBeanDefinitionReader loadBeanDefinitions
INFO: Loading XML bean definitions from class path resource [applicationContext.xml]
Oct 10, 2017 5:03:06 PM org.springframework.context.support.ClassPathXmlApplicationContext prepareRefresh
INFO: Refreshing org.springframework.context.support.ClassPathXmlApplicationContext@15769719: startup date [Tue Oct 10 17:03:06 EDT 2017]; root of context hierarchy
Oct 10, 2017 5:03:06 PM org.springframework.beans.factory.xml.XmlBeanDefinitionReader loadBeanDefinitions
INFO: Loading XML bean definitions from class path resource [applicationContext.xml]
Oct 10, 2017 5:03:06 PM org.springframework.context.support.ClassPathXmlApplicationContext prepareRefresh
INFO: Refreshing org.springframework.context.support.ClassPathXmlApplicationContext@6df459fe: startup date [Tue Oct 10 17:03:06 EDT 2017]; root of context hierarchy
Oct 10, 2017 5:03:06 PM org.springframework.beans.factory.xml.XmlBeanDefinitionReader loadBeanDefinitions
INFO: Loading XML bean definitions from class path resource [applicationContext.xml]
Oct 10, 2017 5:03:06 PM org.springframework.context.support.ClassPathXmlApplicationContext prepareRefresh
INFO: Refreshing org.springframework.context.support.ClassPathXmlApplicationContext@1f879e78: startup date [Tue Oct 10 17:03:06 EDT 2017]; root of context hierarchy
Oct 10, 2017 5:03:06 PM org.springframework.beans.factory.xml.XmlBeanDefinitionReader loadBeanDefinitions
INFO: Loading XML bean definitions from class path resource [applicationContext.xml]
Oct 10, 2017 5:03:06 PM org.springframework.context.support.ClassPathXmlApplicationContext prepareRefresh
INFO: Refreshing org.springframework.context.support.ClassPathXmlApplicationContext@245c8ea5: startup date [Tue Oct 10 17:03:06 EDT 2017]; root of context hierarchy
Oct 10, 2017 5:03:06 PM org.springframework.beans.factory.xml.XmlBeanDefinitionReader loadBeanDefinitions
INFO: Loading XML bean definitions from class path resource [applicationContext.xml]
Oct 10, 2017 5:03:06 PM org.springframework.context.support.ClassPathXmlApplicationContext prepareRefresh
INFO: Refreshing org.springframework.context.support.ClassPathXmlApplicationContext@29e7da9c: startup date [Tue Oct 10 17:03:06 EDT 2017]; root of context hierarchy
Oct 10, 2017 5:03:06 PM org.springframework.beans.factory.xml.XmlBeanDefinitionReader loadBeanDefinitions
INFO: Loading XML bean definitions from class path resource [applicationContext.xml]
Oct 10, 2017 5:03:06 PM org.springframework.context.support.ClassPathXmlApplicationContext prepareRefresh
INFO: Refreshing org.springframework.context.support.ClassPathXmlApplicationContext@646c565a: startup date [Tue Oct 10 17:03:06 EDT 2017]; root of context hierarchy
Oct 10, 2017 5:03:06 PM org.springframework.beans.factory.xml.XmlBeanDefinitionReader loadBeanDefinitions
INFO: Loading XML bean definitions from class path resource [applicationContext.xml]
Oct 10, 2017 5:03:06 PM org.springframework.context.support.ClassPathXmlApplicationContext prepareRefresh
INFO: Refreshing org.springframework.context.support.ClassPathXmlApplicationContext@7edad7d2: startup date [Tue Oct 10 17:03:06 EDT 2017]; root of context hierarchy
Oct 10, 2017 5:03:06 PM org.springframework.beans.factory.xml.XmlBeanDefinitionReader loadBeanDefinitions
INFO: Loading XML bean definitions from class path resource [applicationContext.xml]
Oct 10, 2017 5:03:06 PM org.springframework.context.support.ClassPathXmlApplicationContext prepareRefresh
INFO: Refreshing org.springframework.context.support.ClassPathXmlApplicationContext@79ee7d2e: startup date [Tue Oct 10 17:03:06 EDT 2017]; root of context hierarchy
Oct 10, 2017 5:03:06 PM org.springframework.beans.factory.xml.XmlBeanDefinitionReader loadBeanDefinitions
INFO: Loading XML bean definitions from class path resource [applicationContext.xml]
Oct 10, 2017 5:03:06 PM org.springframework.context.support.ClassPathXmlApplicationContext prepareRefresh
INFO: Refreshing org.springframework.context.support.ClassPathXmlApplicationContext@5b82e090: startup date [Tue Oct 10 17:03:06 EDT 2017]; root of context hierarchy
Oct 10, 2017 5:03:06 PM org.springframework.beans.factory.xml.XmlBeanDefinitionReader loadBeanDefinitions
INFO: Loading XML bean definitions from class path resource [applicationContext.xml]
Oct 10, 2017 5:03:06 PM org.springframework.context.support.ClassPathXmlApplicationContext prepareRefresh
INFO: Refreshing org.springframework.context.support.ClassPathXmlApplicationContext@4be8d40e: startup date [Tue Oct 10 17:03:06 EDT 2017]; root of context hierarchy
Oct 10, 2017 5:03:06 PM org.springframework.beans.factory.xml.XmlBeanDefinitionReader loadBeanDefinitions
INFO: Loading XML bean definitions from class path resource [applicationContext.xml]
Oct 10, 2017 5:03:06 PM org.springframework.context.support.ClassPathXmlApplicationContext prepareRefresh
INFO: Refreshing org.springframework.context.support.ClassPathXmlApplicationContext@4d37c839: startup date [Tue Oct 10 17:03:06 EDT 2017]; root of context hierarchy
Oct 10, 2017 5:03:06 PM org.springframework.beans.factory.xml.XmlBeanDefinitionReader loadBeanDefinitions
INFO: Loading XML bean definitions from class path resource [applicationContext.xml]
Oct 10, 2017 5:03:06 PM org.springframework.context.support.ClassPathXmlApplicationContext prepareRefresh
INFO: Refreshing org.springframework.context.support.ClassPathXmlApplicationContext@4e5563ef: startup date [Tue Oct 10 17:03:06 EDT 2017]; root of context hierarchy
Oct 10, 2017 5:03:06 PM org.springframework.beans.factory.xml.XmlBeanDefinitionReader loadBeanDefinitions
INFO: Loading XML bean definitions from class path resource [applicationContext.xml]
Oct 10, 2017 5:03:06 PM org.springframework.context.support.ClassPathXmlApplicationContext prepareRefresh
INFO: Refreshing org.springframework.context.support.ClassPathXmlApplicationContext@861bc5f: startup date [Tue Oct 10 17:03:06 EDT 2017]; root of context hierarchy
Oct 10, 2017 5:03:06 PM org.springframework.beans.factory.xml.XmlBeanDefinitionReader loadBeanDefinitions
INFO: Loading XML bean definitions from class path resource [applicationContext.xml]
Oct 10, 2017 5:03:06 PM org.springframework.context.support.ClassPathXmlApplicationContext prepareRefresh
INFO: Refreshing org.springframework.context.support.ClassPathXmlApplicationContext@23618fa2: startup date [Tue Oct 10 17:03:06 EDT 2017]; root of context hierarchy
Oct 10, 2017 5:03:06 PM org.springframework.beans.factory.xml.XmlBeanDefinitionReader loadBeanDefinitions
INFO: Loading XML bean definitions from class path resource [applicationContext.xml]
Oct 10, 2017 5:03:06 PM org.springframework.context.support.ClassPathXmlApplicationContext prepareRefresh
INFO: Refreshing org.springframework.context.support.ClassPathXmlApplicationContext@6a5f05f5: startup date [Tue Oct 10 17:03:06 EDT 2017]; root of context hierarchy
Oct 10, 2017 5:03:06 PM org.springframework.beans.factory.xml.XmlBeanDefinitionReader loadBeanDefinitions
INFO: Loading XML bean definitions from class path resource [applicationContext.xml]
Oct 10, 2017 5:03:06 PM org.springframework.context.support.ClassPathXmlApplicationContext prepareRefresh
INFO: Refreshing org.springframework.context.support.ClassPathXmlApplicationContext@2d158175: startup date [Tue Oct 10 17:03:06 EDT 2017]; root of context hierarchy
Oct 10, 2017 5:03:06 PM org.springframework.beans.factory.xml.XmlBeanDefinitionReader loadBeanDefinitions
INFO: Loading XML bean definitions from class path resource [applicationContext.xml]
Oct 10, 2017 5:03:06 PM org.springframework.context.support.ClassPathXmlApplicationContext prepareRefresh
INFO: Refreshing org.springframework.context.support.ClassPathXmlApplicationContext@1ad55833: startup date [Tue Oct 10 17:03:06 EDT 2017]; root of context hierarchy
Oct 10, 2017 5:03:06 PM org.springframework.beans.factory.xml.XmlBeanDefinitionReader loadBeanDefinitions
INFO: Loading XML bean definitions from class path resource [applicationContext.xml]
Oct 10, 2017 5:03:06 PM org.springframework.context.support.ClassPathXmlApplicationContext prepareRefresh
INFO: Refreshing org.springframework.context.support.ClassPathXmlApplicationContext@16a45e5b: startup date [Tue Oct 10 17:03:06 EDT 2017]; root of context hierarchy
Oct 10, 2017 5:03:06 PM org.springframework.beans.factory.xml.XmlBeanDefinitionReader loadBeanDefinitions
INFO: Loading XML bean definitions from class path resource [applicationContext.xml]
Oct 10, 2017 5:03:06 PM org.springframework.context.support.ClassPathXmlApplicationContext prepareRefresh
INFO: Refreshing org.springframework.context.support.ClassPathXmlApplicationContext@3f2f5454: startup date [Tue Oct 10 17:03:06 EDT 2017]; root of context hierarchy
Oct 10, 2017 5:03:06 PM org.springframework.beans.factory.xml.XmlBeanDefinitionReader loadBeanDefinitions
INFO: Loading XML bean definitions from class path resource [applicationContext.xml]
Oct 10, 2017 5:03:06 PM org.springframework.context.support.ClassPathXmlApplicationContext prepareRefresh
INFO: Refreshing org.springframework.context.support.ClassPathXmlApplicationContext@6911005b: startup date [Tue Oct 10 17:03:06 EDT 2017]; root of context hierarchy
Oct 10, 2017 5:03:06 PM org.springframework.beans.factory.xml.XmlBeanDefinitionReader loadBeanDefinitions
INFO: Loading XML bean definitions from class path resource [applicationContext.xml]
Oct 10, 2017 5:03:06 PM org.springframework.context.support.ClassPathXmlApplicationContext prepareRefresh
INFO: Refreshing org.springframework.context.support.ClassPathXmlApplicationContext@2981a626: startup date [Tue Oct 10 17:03:06 EDT 2017]; root of context hierarchy
Oct 10, 2017 5:03:06 PM org.springframework.beans.factory.xml.XmlBeanDefinitionReader loadBeanDefinitions
INFO: Loading XML bean definitions from class path resource [applicationContext.xml]
Oct 10, 2017 5:03:06 PM org.springframework.context.support.ClassPathXmlApplicationContext prepareRefresh
INFO: Refreshing org.springframework.context.support.ClassPathXmlApplicationContext@3ececd11: startup date [Tue Oct 10 17:03:06 EDT 2017]; root of context hierarchy
Oct 10, 2017 5:03:06 PM org.springframework.beans.factory.xml.XmlBeanDefinitionReader loadBeanDefinitions
INFO: Loading XML bean definitions from class path resource [applicationContext.xml]
Oct 10, 2017 5:03:06 PM org.springframework.context.support.ClassPathXmlApplicationContext prepareRefresh
INFO: Refreshing org.springframework.context.support.ClassPathXmlApplicationContext@6969e079: startup date [Tue Oct 10 17:03:06 EDT 2017]; root of context hierarchy
Oct 10, 2017 5:03:06 PM org.springframework.beans.factory.xml.XmlBeanDefinitionReader loadBeanDefinitions
INFO: Loading XML bean definitions from class path resource [applicationContext.xml]
Oct 10, 2017 5:03:06 PM org.springframework.context.support.ClassPathXmlApplicationContext prepareRefresh
INFO: Refreshing org.springframework.context.support.ClassPathXmlApplicationContext@d931617: startup date [Tue Oct 10 17:03:06 EDT 2017]; root of context hierarchy
Oct 10, 2017 5:03:06 PM org.springframework.beans.factory.xml.XmlBeanDefinitionReader loadBeanDefinitions
INFO: Loading XML bean definitions from class path resource [applicationContext.xml]
Oct 10, 2017 5:03:06 PM org.springframework.context.support.ClassPathXmlApplicationContext prepareRefresh
INFO: Refreshing org.springframework.context.support.ClassPathXmlApplicationContext@3217aada: startup date [Tue Oct 10 17:03:06 EDT 2017]; root of context hierarchy
Oct 10, 2017 5:03:06 PM org.springframework.beans.factory.xml.XmlBeanDefinitionReader loadBeanDefinitions
INFO: Loading XML bean definitions from class path resource [applicationContext.xml]
</system-err>
  </testcase>
  <testcase classname="com.sg.flooringmastery.dao.FMOrderDaoTest" name="testAddGetOrder" time="0.001">
    <error message="org.springframework.beans.FatalBeanException" type="java.lang.NoClassDefFoundError">java.lang.NoClassDefFoundError: org.springframework.beans.FatalBeanException
	at org.springframework.beans.factory.support.AbstractAutowireCapableBeanFactory.instantiateBean(AbstractAutowireCapableBeanFactory.java:1154)
	at org.springframework.beans.factory.support.AbstractAutowireCapableBeanFactory.createBeanInstance(AbstractAutowireCapableBeanFactory.java:1099)
	at org.springframework.beans.factory.support.AbstractAutowireCapableBeanFactory.doCreateBean(AbstractAutowireCapableBeanFactory.java:513)
	at org.springframework.beans.factory.support.AbstractAutowireCapableBeanFactory.createBean(AbstractAutowireCapableBeanFactory.java:483)
	at org.springframework.beans.factory.support.AbstractBeanFactory$1.getObject(AbstractBeanFactory.java:306)
	at org.springframework.beans.factory.support.DefaultSingletonBeanRegistry.getSingleton(DefaultSingletonBeanRegistry.java:230)
	at org.springframework.beans.factory.support.AbstractBeanFactory.doGetBean(AbstractBeanFactory.java:302)
	at org.springframework.beans.factory.support.AbstractBeanFactory.getBean(AbstractBeanFactory.java:197)
	at org.springframework.beans.factory.support.DefaultListableBeanFactory.preInstantiateSingletons(DefaultListableBeanFactory.java:761)
	at org.springframework.context.support.AbstractApplicationContext.finishBeanFactoryInitialization(AbstractApplicationContext.java:867)
	at org.springframework.context.support.AbstractApplicationContext.refresh(AbstractApplicationContext.java:543)
	at org.springframework.context.support.ClassPathXmlApplicationContext.&lt;init&gt;(ClassPathXmlApplicationContext.java:139)
	at org.springframework.context.support.ClassPathXmlApplicationContext.&lt;init&gt;(ClassPathXmlApplicationContext.java:83)
	at com.sg.flooringmastery.dao.FMOrderDaoTest.&lt;init&gt;(FMOrderDaoTest.java:31)
	at sun.reflect.NativeConstructorAccessorImpl.newInstance0(Native Method)
	at sun.reflect.NativeConstructorAccessorImpl.newInstance(NativeConstructorAccessorImpl.java:62)
	at sun.reflect.DelegatingConstructorAccessorImpl.newInstance(DelegatingConstructorAccessorImpl.java:45)
	at java.lang.reflect.Constructor.newInstance(Constructor.java:423)
	at org.junit.runners.BlockJUnit4ClassRunner.createTest(BlockJUnit4ClassRunner.java:217)
	at org.junit.runners.BlockJUnit4ClassRunner$1.runReflectiveCall(BlockJUnit4ClassRunner.java:266)
	at org.junit.internal.runners.model.ReflectiveCallable.run(ReflectiveCallable.java:12)
	at org.junit.runners.BlockJUnit4ClassRunner.methodBlock(BlockJUnit4ClassRunner.java:263)
	at org.junit.runners.BlockJUnit4ClassRunner.runChild(BlockJUnit4ClassRunner.java:78)
	at org.junit.runners.BlockJUnit4ClassRunner.runChild(BlockJUnit4ClassRunner.java:57)
	at org.junit.runners.ParentRunner$3.run(ParentRunner.java:290)
	at org.junit.runners.ParentRunner$1.schedule(ParentRunner.java:71)
	at org.junit.runners.ParentRunner.runChildren(ParentRunner.java:288)
	at org.junit.runners.ParentRunner.access$000(ParentRunner.java:58)
	at org.junit.runners.ParentRunner$2.evaluate(ParentRunner.java:268)
	at org.junit.runners.ParentRunner.run(ParentRunner.java:363)
	at org.apache.maven.surefire.junit4.JUnit4Provider.execute(JUnit4Provider.java:252)
	at org.apache.maven.surefire.junit4.JUnit4Provider.executeTestSet(JUnit4Provider.java:141)
	at org.apache.maven.surefire.junit4.JUnit4Provider.invoke(JUnit4Provider.java:112)
	at sun.reflect.NativeMethodAccessorImpl.invoke0(Native Method)
	at sun.reflect.NativeMethodAccessorImpl.invoke(NativeMethodAccessorImpl.java:62)
	at sun.reflect.DelegatingMethodAccessorImpl.invoke(DelegatingMethodAccessorImpl.java:43)
	at java.lang.reflect.Method.invoke(Method.java:498)
	at org.apache.maven.surefire.util.ReflectionUtils.invokeMethodWithArray(ReflectionUtils.java:189)
	at org.apache.maven.surefire.booter.ProviderFactory$ProviderProxy.invoke(ProviderFactory.java:165)
	at org.apache.maven.surefire.booter.ProviderFactory.invokeProvider(ProviderFactory.java:85)
	at org.apache.maven.surefire.booter.ForkedBooter.runSuitesInProcess(ForkedBooter.java:115)
	at org.apache.maven.surefire.booter.ForkedBooter.main(ForkedBooter.java:75)
</error>
    <system-err>Oct 10, 2017 5:03:07 PM org.springframework.context.support.ClassPathXmlApplicationContext prepareRefresh
INFO: Refreshing org.springframework.context.support.ClassPathXmlApplicationContext@3f314bad: startup date [Tue Oct 10 17:03:07 EDT 2017]; root of context hierarchy
Oct 10, 2017 5:03:07 PM org.springframework.beans.factory.xml.XmlBeanDefinitionReader loadBeanDefinitions
INFO: Loading XML bean definitions from class path resource [applicationContext.xml]
Oct 10, 2017 5:03:07 PM org.springframework.context.support.ClassPathXmlApplicationContext prepareRefresh
INFO: Refreshing org.springframework.context.support.ClassPathXmlApplicationContext@3b477ce8: startup date [Tue Oct 10 17:03:07 EDT 2017]; root of context hierarchy
Oct 10, 2017 5:03:07 PM org.springframework.beans.factory.xml.XmlBeanDefinitionReader loadBeanDefinitions
INFO: Loading XML bean definitions from class path resource [applicationContext.xml]
Oct 10, 2017 5:03:07 PM org.springframework.context.support.ClassPathXmlApplicationContext prepareRefresh
INFO: Refreshing org.springframework.context.support.ClassPathXmlApplicationContext@183d22c5: startup date [Tue Oct 10 17:03:07 EDT 2017]; root of context hierarchy
Oct 10, 2017 5:03:07 PM org.springframework.beans.factory.xml.XmlBeanDefinitionReader loadBeanDefinitions
INFO: Loading XML bean definitions from class path resource [applicationContext.xml]
Oct 10, 2017 5:03:07 PM org.springframework.context.support.ClassPathXmlApplicationContext prepareRefresh
INFO: Refreshing org.springframework.context.support.ClassPathXmlApplicationContext@12e37ab2: startup date [Tue Oct 10 17:03:07 EDT 2017]; root of context hierarchy
Oct 10, 2017 5:03:07 PM org.springframework.beans.factory.xml.XmlBeanDefinitionReader loadBeanDefinitions
INFO: Loading XML bean definitions from class path resource [applicationContext.xml]
Oct 10, 2017 5:03:07 PM org.springframework.context.support.ClassPathXmlApplicationContext prepareRefresh
INFO: Refreshing org.springframework.context.support.ClassPathXmlApplicationContext@7657cc5: startup date [Tue Oct 10 17:03:07 EDT 2017]; root of context hierarchy
Oct 10, 2017 5:03:07 PM org.springframework.beans.factory.xml.XmlBeanDefinitionReader loadBeanDefinitions
INFO: Loading XML bean definitions from class path resource [applicationContext.xml]
Oct 10, 2017 5:03:07 PM org.springframework.context.support.ClassPathXmlApplicationContext prepareRefresh
INFO: Refreshing org.springframework.context.support.ClassPathXmlApplicationContext@62041e5f: startup date [Tue Oct 10 17:03:07 EDT 2017]; root of context hierarchy
Oct 10, 2017 5:03:07 PM org.springframework.beans.factory.xml.XmlBeanDefinitionReader loadBeanDefinitions
INFO: Loading XML bean definitions from class path resource [applicationContext.xml]
Oct 10, 2017 5:03:07 PM org.springframework.context.support.ClassPathXmlApplicationContext prepareRefresh
INFO: Refreshing org.springframework.context.support.ClassPathXmlApplicationContext@18be3e85: startup date [Tue Oct 10 17:03:07 EDT 2017]; root of context hierarchy
Oct 10, 2017 5:03:07 PM org.springframework.beans.factory.xml.XmlBeanDefinitionReader loadBeanDefinitions
INFO: Loading XML bean definitions from class path resource [applicationContext.xml]
Oct 10, 2017 5:03:07 PM org.springframework.context.support.ClassPathXmlApplicationContext prepareRefresh
INFO: Refreshing org.springframework.context.support.ClassPathXmlApplicationContext@75ac2594: startup date [Tue Oct 10 17:03:07 EDT 2017]; root of context hierarchy
Oct 10, 2017 5:03:07 PM org.springframework.beans.factory.xml.XmlBeanDefinitionReader loadBeanDefinitions
INFO: Loading XML bean definitions from class path resource [applicationContext.xml]
Oct 10, 2017 5:03:07 PM org.springframework.context.support.ClassPathXmlApplicationContext prepareRefresh
INFO: Refreshing org.springframework.context.support.ClassPathXmlApplicationContext@58bb50f9: startup date [Tue Oct 10 17:03:07 EDT 2017]; root of context hierarchy
Oct 10, 2017 5:03:07 PM org.springframework.beans.factory.xml.XmlBeanDefinitionReader loadBeanDefinitions
INFO: Loading XML bean definitions from class path resource [applicationContext.xml]
Oct 10, 2017 5:03:07 PM org.springframework.context.support.ClassPathXmlApplicationContext prepareRefresh
INFO: Refreshing org.springframework.context.support.ClassPathXmlApplicationContext@7240599c: startup date [Tue Oct 10 17:03:07 EDT 2017]; root of context hierarchy
Oct 10, 2017 5:03:07 PM org.springframework.beans.factory.xml.XmlBeanDefinitionReader loadBeanDefinitions
INFO: Loading XML bean definitions from class path resource [applicationContext.xml]
Oct 10, 2017 5:03:07 PM org.springframework.context.support.ClassPathXmlApplicationContext prepareRefresh
INFO: Refreshing org.springframework.context.support.ClassPathXmlApplicationContext@61466b5f: startup date [Tue Oct 10 17:03:07 EDT 2017]; root of context hierarchy
Oct 10, 2017 5:03:07 PM org.springframework.beans.factory.xml.XmlBeanDefinitionReader loadBeanDefinitions
INFO: Loading XML bean definitions from class path resource [applicationContext.xml]
Oct 10, 2017 5:03:07 PM org.springframework.context.support.ClassPathXmlApplicationContext prepareRefresh
INFO: Refreshing org.springframework.context.support.ClassPathXmlApplicationContext@17c60995: startup date [Tue Oct 10 17:03:07 EDT 2017]; root of context hierarchy
Oct 10, 2017 5:03:07 PM org.springframework.beans.factory.xml.XmlBeanDefinitionReader loadBeanDefinitions
INFO: Loading XML bean definitions from class path resource [applicationContext.xml]
Oct 10, 2017 5:03:07 PM org.springframework.context.support.ClassPathXmlApplicationContext prepareRefresh
INFO: Refreshing org.springframework.context.support.ClassPathXmlApplicationContext@3408de38: startup date [Tue Oct 10 17:03:07 EDT 2017]; root of context hierarchy
Oct 10, 2017 5:03:07 PM org.springframework.beans.factory.xml.XmlBeanDefinitionReader loadBeanDefinitions
INFO: Loading XML bean definitions from class path resource [applicationContext.xml]
Oct 10, 2017 5:03:07 PM org.springframework.context.support.ClassPathXmlApplicationContext prepareRefresh
INFO: Refreshing org.springframework.context.support.ClassPathXmlApplicationContext@5bab61e7: startup date [Tue Oct 10 17:03:07 EDT 2017]; root of context hierarchy
Oct 10, 2017 5:03:07 PM org.springframework.beans.factory.xml.XmlBeanDefinitionReader loadBeanDefinitions
INFO: Loading XML bean definitions from class path resource [applicationContext.xml]
Oct 10, 2017 5:03:07 PM org.springframework.context.support.ClassPathXmlApplicationContext prepareRefresh
INFO: Refreshing org.springframework.context.support.ClassPathXmlApplicationContext@1e0630cc: startup date [Tue Oct 10 17:03:07 EDT 2017]; root of context hierarchy
Oct 10, 2017 5:03:07 PM org.springframework.beans.factory.xml.XmlBeanDefinitionReader loadBeanDefinitions
INFO: Loading XML bean definitions from class path resource [applicationContext.xml]
Oct 10, 2017 5:03:07 PM org.springframework.context.support.ClassPathXmlApplicationContext prepareRefresh
INFO: Refreshing org.springframework.context.support.ClassPathXmlApplicationContext@459d81f1: startup date [Tue Oct 10 17:03:07 EDT 2017]; root of context hierarchy
Oct 10, 2017 5:03:07 PM org.springframework.beans.factory.xml.XmlBeanDefinitionReader loadBeanDefinitions
INFO: Loading XML bean definitions from class path resource [applicationContext.xml]
Oct 10, 2017 5:03:07 PM org.springframework.context.support.ClassPathXmlApplicationContext prepareRefresh
INFO: Refreshing org.springframework.context.support.ClassPathXmlApplicationContext@584e4899: startup date [Tue Oct 10 17:03:07 EDT 2017]; root of context hierarchy
Oct 10, 2017 5:03:07 PM org.springframework.beans.factory.xml.XmlBeanDefinitionReader loadBeanDefinitions
INFO: Loading XML bean definitions from class path resource [applicationContext.xml]
Oct 10, 2017 5:03:07 PM org.springframework.context.support.ClassPathXmlApplicationContext prepareRefresh
INFO: Refreshing org.springframework.context.support.ClassPathXmlApplicationContext@3b7bc23a: startup date [Tue Oct 10 17:03:07 EDT 2017]; root of context hierarchy
Oct 10, 2017 5:03:07 PM org.springframework.beans.factory.xml.XmlBeanDefinitionReader loadBeanDefinitions
INFO: Loading XML bean definitions from class path resource [applicationContext.xml]
Oct 10, 2017 5:03:07 PM org.springframework.context.support.ClassPathXmlApplicationContext prepareRefresh
INFO: Refreshing org.springframework.context.support.ClassPathXmlApplicationContext@7d9a7fd8: startup date [Tue Oct 10 17:03:07 EDT 2017]; root of context hierarchy
Oct 10, 2017 5:03:07 PM org.springframework.beans.factory.xml.XmlBeanDefinitionReader loadBeanDefinitions
INFO: Loading XML bean definitions from class path resource [applicationContext.xml]
Oct 10, 2017 5:03:07 PM org.springframework.context.support.ClassPathXmlApplicationContext prepareRefresh
INFO: Refreshing org.springframework.context.support.ClassPathXmlApplicationContext@520d0137: startup date [Tue Oct 10 17:03:07 EDT 2017]; root of context hierarchy
Oct 10, 2017 5:03:07 PM org.springframework.beans.factory.xml.XmlBeanDefinitionReader loadBeanDefinitions
INFO: Loading XML bean definitions from class path resource [applicationContext.xml]
Oct 10, 2017 5:03:07 PM org.springframework.context.support.ClassPathXmlApplicationContext prepareRefresh
INFO: Refreshing org.springframework.context.support.ClassPathXmlApplicationContext@68172eeb: startup date [Tue Oct 10 17:03:07 EDT 2017]; root of context hierarchy
Oct 10, 2017 5:03:07 PM org.springframework.beans.factory.xml.XmlBeanDefinitionReader loadBeanDefinitions
INFO: Loading XML bean definitions from class path resource [applicationContext.xml]
Oct 10, 2017 5:03:07 PM org.springframework.context.support.ClassPathXmlApplicationContext prepareRefresh
INFO: Refreshing org.springframework.context.support.ClassPathXmlApplicationContext@1c8020c6: startup date [Tue Oct 10 17:03:07 EDT 2017]; root of context hierarchy
Oct 10, 2017 5:03:07 PM org.springframework.beans.factory.xml.XmlBeanDefinitionReader loadBeanDefinitions
INFO: Loading XML bean definitions from class path resource [applicationContext.xml]
Oct 10, 2017 5:03:07 PM org.springframework.context.support.ClassPathXmlApplicationContext prepareRefresh
INFO: Refreshing org.springframework.context.support.ClassPathXmlApplicationContext@be60fad: startup date [Tue Oct 10 17:03:07 EDT 2017]; root of context hierarchy
Oct 10, 2017 5:03:07 PM org.springframework.beans.factory.xml.XmlBeanDefinitionReader loadBeanDefinitions
INFO: Loading XML bean definitions from class path resource [applicationContext.xml]
Oct 10, 2017 5:03:07 PM org.springframework.context.support.ClassPathXmlApplicationContext prepareRefresh
INFO: Refreshing org.springframework.context.support.ClassPathXmlApplicationContext@5bb48619: startup date [Tue Oct 10 17:03:07 EDT 2017]; root of context hierarchy
Oct 10, 2017 5:03:07 PM org.springframework.beans.factory.xml.XmlBeanDefinitionReader loadBeanDefinitions
INFO: Loading XML bean definitions from class path resource [applicationContext.xml]
Oct 10, 2017 5:03:07 PM org.springframework.context.support.ClassPathXmlApplicationContext prepareRefresh
INFO: Refreshing org.springframework.context.support.ClassPathXmlApplicationContext@22ce83d6: startup date [Tue Oct 10 17:03:07 EDT 2017]; root of context hierarchy
Oct 10, 2017 5:03:07 PM org.springframework.beans.factory.xml.XmlBeanDefinitionReader loadBeanDefinitions
INFO: Loading XML bean definitions from class path resource [applicationContext.xml]
Oct 10, 2017 5:03:07 PM org.springframework.context.support.ClassPathXmlApplicationContext prepareRefresh
INFO: Refreshing org.springframework.context.support.ClassPathXmlApplicationContext@4ea0ec5e: startup date [Tue Oct 10 17:03:07 EDT 2017]; root of context hierarchy
Oct 10, 2017 5:03:07 PM org.springframework.beans.factory.xml.XmlBeanDefinitionReader loadBeanDefinitions
INFO: Loading XML bean definitions from class path resource [applicationContext.xml]
Oct 10, 2017 5:03:07 PM org.springframework.context.support.ClassPathXmlApplicationContext prepareRefresh
INFO: Refreshing org.springframework.context.support.ClassPathXmlApplicationContext@b753aa5: startup date [Tue Oct 10 17:03:07 EDT 2017]; root of context hierarchy
Oct 10, 2017 5:03:07 PM org.springframework.beans.factory.xml.XmlBeanDefinitionReader loadBeanDefinitions
INFO: Loading XML bean definitions from class path resource [applicationContext.xml]
Oct 10, 2017 5:03:07 PM org.springframework.context.support.ClassPathXmlApplicationContext prepareRefresh
INFO: Refreshing org.springframework.context.support.ClassPathXmlApplicationContext@51a4feef: startup date [Tue Oct 10 17:03:07 EDT 2017]; root of context hierarchy
Oct 10, 2017 5:03:07 PM org.springframework.beans.factory.xml.XmlBeanDefinitionReader loadBeanDefinitions
INFO: Loading XML bean definitions from class path resource [applicationContext.xml]
Oct 10, 2017 5:03:07 PM org.springframework.context.support.ClassPathXmlApplicationContext prepareRefresh
INFO: Refreshing org.springframework.context.support.ClassPathXmlApplicationContext@1236926e: startup date [Tue Oct 10 17:03:07 EDT 2017]; root of context hierarchy
Oct 10, 2017 5:03:07 PM org.springframework.beans.factory.xml.XmlBeanDefinitionReader loadBeanDefinitions
INFO: Loading XML bean definitions from class path resource [applicationContext.xml]
Oct 10, 2017 5:03:07 PM org.springframework.context.support.ClassPathXmlApplicationContext prepareRefresh
INFO: Refreshing org.springframework.context.support.ClassPathXmlApplicationContext@43ff006a: startup date [Tue Oct 10 17:03:07 EDT 2017]; root of context hierarchy
Oct 10, 2017 5:03:07 PM org.springframework.beans.factory.xml.XmlBeanDefinitionReader loadBeanDefinitions
INFO: Loading XML bean definitions from class path resource [applicationContext.xml]
Oct 10, 2017 5:03:07 PM org.springframework.context.support.ClassPathXmlApplicationContext prepareRefresh
INFO: Refreshing org.springframework.context.support.ClassPathXmlApplicationContext@5fc88c91: startup date [Tue Oct 10 17:03:07 EDT 2017]; root of context hierarchy
Oct 10, 2017 5:03:07 PM org.springframework.beans.factory.xml.XmlBeanDefinitionReader loadBeanDefinitions
INFO: Loading XML bean definitions from class path resource [applicationContext.xml]
Oct 10, 2017 5:03:07 PM org.springframework.context.support.ClassPathXmlApplicationContext prepareRefresh
INFO: Refreshing org.springframework.context.support.ClassPathXmlApplicationContext@4b8c6a2f: startup date [Tue Oct 10 17:03:07 EDT 2017]; root of context hierarchy
Oct 10, 2017 5:03:07 PM org.springframework.beans.factory.xml.XmlBeanDefinitionReader loadBeanDefinitions
INFO: Loading XML bean definitions from class path resource [applicationContext.xml]
Oct 10, 2017 5:03:07 PM org.springframework.context.support.ClassPathXmlApplicationContext prepareRefresh
INFO: Refreshing org.springframework.context.support.ClassPathXmlApplicationContext@38e6dab2: startup date [Tue Oct 10 17:03:07 EDT 2017]; root of context hierarchy
Oct 10, 2017 5:03:07 PM org.springframework.beans.factory.xml.XmlBeanDefinitionReader loadBeanDefinitions
INFO: Loading XML bean definitions from class path resource [applicationContext.xml]
Oct 10, 2017 5:03:07 PM org.springframework.context.support.ClassPathXmlApplicationContext prepareRefresh
INFO: Refreshing org.springframework.context.support.ClassPathXmlApplicationContext@6013565b: startup date [Tue Oct 10 17:03:07 EDT 2017]; root of context hierarchy
Oct 10, 2017 5:03:07 PM org.springframework.beans.factory.xml.XmlBeanDefinitionReader loadBeanDefinitions
INFO: Loading XML bean definitions from class path resource [applicationContext.xml]
Oct 10, 2017 5:03:07 PM org.springframework.context.support.ClassPathXmlApplicationContext prepareRefresh
INFO: Refreshing org.springframework.context.support.ClassPathXmlApplicationContext@399ebdee: startup date [Tue Oct 10 17:03:07 EDT 2017]; root of context hierarchy
Oct 10, 2017 5:03:07 PM org.springframework.beans.factory.xml.XmlBeanDefinitionReader loadBeanDefinitions
INFO: Loading XML bean definitions from class path resource [applicationContext.xml]
Oct 10, 2017 5:03:07 PM org.springframework.context.support.ClassPathXmlApplicationContext prepareRefresh
INFO: Refreshing org.springframework.context.support.ClassPathXmlApplicationContext@534bd131: startup date [Tue Oct 10 17:03:07 EDT 2017]; root of context hierarchy
Oct 10, 2017 5:03:07 PM org.springframework.beans.factory.xml.XmlBeanDefinitionReader loadBeanDefinitions
INFO: Loading XML bean definitions from class path resource [applicationContext.xml]
Oct 10, 2017 5:03:07 PM org.springframework.context.support.ClassPathXmlApplicationContext prepareRefresh
INFO: Refreshing org.springframework.context.support.ClassPathXmlApplicationContext@7ec01520: startup date [Tue Oct 10 17:03:07 EDT 2017]; root of context hierarchy
Oct 10, 2017 5:03:07 PM org.springframework.beans.factory.xml.XmlBeanDefinitionReader loadBeanDefinitions
INFO: Loading XML bean definitions from class path resource [applicationContext.xml]
Oct 10, 2017 5:03:07 PM org.springframework.context.support.ClassPathXmlApplicationContext prepareRefresh
INFO: Refreshing org.springframework.context.support.ClassPathXmlApplicationContext@1b00f65a: startup date [Tue Oct 10 17:03:07 EDT 2017]; root of context hierarchy
Oct 10, 2017 5:03:07 PM org.springframework.beans.factory.xml.XmlBeanDefinitionReader loadBeanDefinitions
INFO: Loading XML bean definitions from class path resource [applicationContext.xml]
Oct 10, 2017 5:03:07 PM org.springframework.context.support.ClassPathXmlApplicationContext prepareRefresh
INFO: Refreshing org.springframework.context.support.ClassPathXmlApplicationContext@6468904c: startup date [Tue Oct 10 17:03:07 EDT 2017]; root of context hierarchy
Oct 10, 2017 5:03:07 PM org.springframework.beans.factory.xml.XmlBeanDefinitionReader loadBeanDefinitions
INFO: Loading XML bean definitions from class path resource [applicationContext.xml]
Oct 10, 2017 5:03:07 PM org.springframework.context.support.ClassPathXmlApplicationContext prepareRefresh
INFO: Refreshing org.springframework.context.support.ClassPathXmlApplicationContext@51f7265b: startup date [Tue Oct 10 17:03:07 EDT 2017]; root of context hierarchy
Oct 10, 2017 5:03:07 PM org.springframework.beans.factory.xml.XmlBeanDefinitionReader loadBeanDefinitions
INFO: Loading XML bean definitions from class path resource [applicationContext.xml]
Oct 10, 2017 5:03:07 PM org.springframework.context.support.ClassPathXmlApplicationContext prepareRefresh
INFO: Refreshing org.springframework.context.support.ClassPathXmlApplicationContext@448ec893: startup date [Tue Oct 10 17:03:07 EDT 2017]; root of context hierarchy
Oct 10, 2017 5:03:07 PM org.springframework.beans.factory.xml.XmlBeanDefinitionReader loadBeanDefinitions
INFO: Loading XML bean definitions from class path resource [applicationContext.xml]
Oct 10, 2017 5:03:07 PM org.springframework.context.support.ClassPathXmlApplicationContext prepareRefresh
INFO: Refreshing org.springframework.context.support.ClassPathXmlApplicationContext@7e8b070e: startup date [Tue Oct 10 17:03:07 EDT 2017]; root of context hierarchy
Oct 10, 2017 5:03:07 PM org.springframework.beans.factory.xml.XmlBeanDefinitionReader loadBeanDefinitions
INFO: Loading XML bean definitions from class path resource [applicationContext.xml]
Oct 10, 2017 5:03:07 PM org.springframework.context.support.ClassPathXmlApplicationContext prepareRefresh
INFO: Refreshing org.springframework.context.support.ClassPathXmlApplicationContext@29923d3d: startup date [Tue Oct 10 17:03:07 EDT 2017]; root of context hierarchy
Oct 10, 2017 5:03:07 PM org.springframework.beans.factory.xml.XmlBeanDefinitionReader loadBeanDefinitions
INFO: Loading XML bean definitions from class path resource [applicationContext.xml]
Oct 10, 2017 5:03:07 PM org.springframework.context.support.ClassPathXmlApplicationContext prepareRefresh
INFO: Refreshing org.springframework.context.support.ClassPathXmlApplicationContext@1946579d: startup date [Tue Oct 10 17:03:07 EDT 2017]; root of context hierarchy
Oct 10, 2017 5:03:07 PM org.springframework.beans.factory.xml.XmlBeanDefinitionReader loadBeanDefinitions
INFO: Loading XML bean definitions from class path resource [applicationContext.xml]
Oct 10, 2017 5:03:07 PM org.springframework.context.support.ClassPathXmlApplicationContext prepareRefresh
INFO: Refreshing org.springframework.context.support.ClassPathXmlApplicationContext@4457e347: startup date [Tue Oct 10 17:03:07 EDT 2017]; root of context hierarchy
Oct 10, 2017 5:03:07 PM org.springframework.beans.factory.xml.XmlBeanDefinitionReader loadBeanDefinitions
INFO: Loading XML bean definitions from class path resource [applicationContext.xml]
Oct 10, 2017 5:03:07 PM org.springframework.context.support.ClassPathXmlApplicationContext prepareRefresh
INFO: Refreshing org.springframework.context.support.ClassPathXmlApplicationContext@759d44a3: startup date [Tue Oct 10 17:03:07 EDT 2017]; root of context hierarchy
Oct 10, 2017 5:03:07 PM org.springframework.beans.factory.xml.XmlBeanDefinitionReader loadBeanDefinitions
INFO: Loading XML bean definitions from class path resource [applicationContext.xml]
Oct 10, 2017 5:03:07 PM org.springframework.context.support.ClassPathXmlApplicationContext prepareRefresh
INFO: Refreshing org.springframework.context.support.ClassPathXmlApplicationContext@1597ed32: startup date [Tue Oct 10 17:03:07 EDT 2017]; root of context hierarchy
Oct 10, 2017 5:03:07 PM org.springframework.beans.factory.xml.XmlBeanDefinitionReader loadBeanDefinitions
INFO: Loading XML bean definitions from class path resource [applicationContext.xml]
Oct 10, 2017 5:03:07 PM org.springframework.context.support.ClassPathXmlApplicationContext prepareRefresh
INFO: Refreshing org.springframework.context.support.ClassPathXmlApplicationContext@54372b03: startup date [Tue Oct 10 17:03:07 EDT 2017]; root of context hierarchy
Oct 10, 2017 5:03:07 PM org.springframework.beans.factory.xml.XmlBeanDefinitionReader loadBeanDefinitions
INFO: Loading XML bean definitions from class path resource [applicationContext.xml]
Oct 10, 2017 5:03:07 PM org.springframework.context.support.ClassPathXmlApplicationContext prepareRefresh
INFO: Refreshing org.springframework.context.support.ClassPathXmlApplicationContext@4f5f4f7a: startup date [Tue Oct 10 17:03:07 EDT 2017]; root of context hierarchy
Oct 10, 2017 5:03:07 PM org.springframework.beans.factory.xml.XmlBeanDefinitionReader loadBeanDefinitions
INFO: Loading XML bean definitions from class path resource [applicationContext.xml]
Oct 10, 2017 5:03:07 PM org.springframework.context.support.ClassPathXmlApplicationContext prepareRefresh
INFO: Refreshing org.springframework.context.support.ClassPathXmlApplicationContext@1716da4: startup date [Tue Oct 10 17:03:07 EDT 2017]; root of context hierarchy
Oct 10, 2017 5:03:07 PM org.springframework.beans.factory.xml.XmlBeanDefinitionReader loadBeanDefinitions
INFO: Loading XML bean definitions from class path resource [applicationContext.xml]
Oct 10, 2017 5:03:07 PM org.springframework.context.support.ClassPathXmlApplicationContext prepareRefresh
INFO: Refreshing org.springframework.context.support.ClassPathXmlApplicationContext@617c1ac2: startup date [Tue Oct 10 17:03:07 EDT 2017]; root of context hierarchy
Oct 10, 2017 5:03:07 PM org.springframework.beans.factory.xml.XmlBeanDefinitionReader loadBeanDefinitions
INFO: Loading XML bean definitions from class path resource [applicationContext.xml]
Oct 10, 2017 5:03:07 PM org.springframework.context.support.ClassPathXmlApplicationContext prepareRefresh
INFO: Refreshing org.springframework.context.support.ClassPathXmlApplicationContext@2fe19bda: startup date [Tue Oct 10 17:03:07 EDT 2017]; root of context hierarchy
Oct 10, 2017 5:03:07 PM org.springframework.beans.factory.xml.XmlBeanDefinitionReader loadBeanDefinitions
INFO: Loading XML bean definitions from class path resource [applicationContext.xml]
Oct 10, 2017 5:03:07 PM org.springframework.context.support.ClassPathXmlApplicationContext prepareRefresh
INFO: Refreshing org.springframework.context.support.ClassPathXmlApplicationContext@4bd47b75: startup date [Tue Oct 10 17:03:07 EDT 2017]; root of context hierarchy
Oct 10, 2017 5:03:07 PM org.springframework.beans.factory.xml.XmlBeanDefinitionReader loadBeanDefinitions
INFO: Loading XML bean definitions from class path resource [applicationContext.xml]
Oct 10, 2017 5:03:07 PM org.springframework.context.support.ClassPathXmlApplicationContext prepareRefresh
INFO: Refreshing org.springframework.context.support.ClassPathXmlApplicationContext@54eaf69d: startup date [Tue Oct 10 17:03:07 EDT 2017]; root of context hierarchy
Oct 10, 2017 5:03:07 PM org.springframework.beans.factory.xml.XmlBeanDefinitionReader loadBeanDefinitions
INFO: Loading XML bean definitions from class path resource [applicationContext.xml]
Oct 10, 2017 5:03:07 PM org.springframework.context.support.ClassPathXmlApplicationContext prepareRefresh
INFO: Refreshing org.springframework.context.support.ClassPathXmlApplicationContext@460a31ce: startup date [Tue Oct 10 17:03:07 EDT 2017]; root of context hierarchy
Oct 10, 2017 5:03:07 PM org.springframework.beans.factory.xml.XmlBeanDefinitionReader loadBeanDefinitions
INFO: Loading XML bean definitions from class path resource [applicationContext.xml]
Oct 10, 2017 5:03:07 PM org.springframework.context.support.ClassPathXmlApplicationContext prepareRefresh
INFO: Refreshing org.springframework.context.support.ClassPathXmlApplicationContext@2c127caf: startup date [Tue Oct 10 17:03:07 EDT 2017]; root of context hierarchy
Oct 10, 2017 5:03:07 PM org.springframework.beans.factory.xml.XmlBeanDefinitionReader loadBeanDefinitions
INFO: Loading XML bean definitions from class path resource [applicationContext.xml]
Oct 10, 2017 5:03:07 PM org.springframework.context.support.ClassPathXmlApplicationContext prepareRefresh
INFO: Refreshing org.springframework.context.support.ClassPathXmlApplicationContext@2c94299a: startup date [Tue Oct 10 17:03:07 EDT 2017]; root of context hierarchy
Oct 10, 2017 5:03:07 PM org.springframework.beans.factory.xml.XmlBeanDefinitionReader loadBeanDefinitions
INFO: Loading XML bean definitions from class path resource [applicationContext.xml]
Oct 10, 2017 5:03:07 PM org.springframework.context.support.ClassPathXmlApplicationContext prepareRefresh
INFO: Refreshing org.springframework.context.support.ClassPathXmlApplicationContext@67e321e0: startup date [Tue Oct 10 17:03:07 EDT 2017]; root of context hierarchy
Oct 10, 2017 5:03:07 PM org.springframework.beans.factory.xml.XmlBeanDefinitionReader loadBeanDefinitions
INFO: Loading XML bean definitions from class path resource [applicationContext.xml]
Oct 10, 2017 5:03:07 PM org.springframework.context.support.ClassPathXmlApplicationContext prepareRefresh
INFO: Refreshing org.springframework.context.support.ClassPathXmlApplicationContext@74e2de39: startup date [Tue Oct 10 17:03:07 EDT 2017]; root of context hierarchy
Oct 10, 2017 5:03:07 PM org.springframework.beans.factory.xml.XmlBeanDefinitionReader loadBeanDefinitions
INFO: Loading XML bean definitions from class path resource [applicationContext.xml]
Oct 10, 2017 5:03:07 PM org.springframework.context.support.ClassPathXmlApplicationContext prepareRefresh
INFO: Refreshing org.springframework.context.support.ClassPathXmlApplicationContext@6719b4a: startup date [Tue Oct 10 17:03:07 EDT 2017]; root of context hierarchy
Oct 10, 2017 5:03:07 PM org.springframework.beans.factory.xml.XmlBeanDefinitionReader loadBeanDefinitions
INFO: Loading XML bean definitions from class path resource [applicationContext.xml]
Oct 10, 2017 5:03:07 PM org.springframework.context.support.ClassPathXmlApplicationContext prepareRefresh
INFO: Refreshing org.springframework.context.support.ClassPathXmlApplicationContext@15892443: startup date [Tue Oct 10 17:03:07 EDT 2017]; root of context hierarchy
Oct 10, 2017 5:03:07 PM org.springframework.beans.factory.xml.XmlBeanDefinitionReader loadBeanDefinitions
INFO: Loading XML bean definitions from class path resource [applicationContext.xml]
Oct 10, 2017 5:03:07 PM org.springframework.context.support.ClassPathXmlApplicationContext prepareRefresh
INFO: Refreshing org.springframework.context.support.ClassPathXmlApplicationContext@2dacf052: startup date [Tue Oct 10 17:03:07 EDT 2017]; root of context hierarchy
Oct 10, 2017 5:03:07 PM org.springframework.beans.factory.xml.XmlBeanDefinitionReader loadBeanDefinitions
INFO: Loading XML bean definitions from class path resource [applicationContext.xml]
Oct 10, 2017 5:03:07 PM org.springframework.context.support.ClassPathXmlApplicationContext prepareRefresh
INFO: Refreshing org.springframework.context.support.ClassPathXmlApplicationContext@1ca49d7c: startup date [Tue Oct 10 17:03:07 EDT 2017]; root of context hierarchy
Oct 10, 2017 5:03:07 PM org.springframework.beans.factory.xml.XmlBeanDefinitionReader loadBeanDefinitions
INFO: Loading XML bean definitions from class path resource [applicationContext.xml]
Oct 10, 2017 5:03:07 PM org.springframework.context.support.ClassPathXmlApplicationContext prepareRefresh
INFO: Refreshing org.springframework.context.support.ClassPathXmlApplicationContext@c1707d4: startup date [Tue Oct 10 17:03:07 EDT 2017]; root of context hierarchy
Oct 10, 2017 5:03:07 PM org.springframework.beans.factory.xml.XmlBeanDefinitionReader loadBeanDefinitions
INFO: Loading XML bean definitions from class path resource [applicationContext.xml]
Oct 10, 2017 5:03:07 PM org.springframework.context.support.ClassPathXmlApplicationContext prepareRefresh
INFO: Refreshing org.springframework.context.support.ClassPathXmlApplicationContext@c7b6c50: startup date [Tue Oct 10 17:03:07 EDT 2017]; root of context hierarchy
Oct 10, 2017 5:03:07 PM org.springframework.beans.factory.xml.XmlBeanDefinitionReader loadBeanDefinitions
INFO: Loading XML bean definitions from class path resource [applicationContext.xml]
Oct 10, 2017 5:03:07 PM org.springframework.context.support.ClassPathXmlApplicationContext prepareRefresh
INFO: Refreshing org.springframework.context.support.ClassPathXmlApplicationContext@463b865b: startup date [Tue Oct 10 17:03:07 EDT 2017]; root of context hierarchy
Oct 10, 2017 5:03:07 PM org.springframework.beans.factory.xml.XmlBeanDefinitionReader loadBeanDefinitions
INFO: Loading XML bean definitions from class path resource [applicationContext.xml]
Oct 10, 2017 5:03:07 PM org.springframework.context.support.ClassPathXmlApplicationContext prepareRefresh
INFO: Refreshing org.springframework.context.support.ClassPathXmlApplicationContext@ec7c39b: startup date [Tue Oct 10 17:03:07 EDT 2017]; root of context hierarchy
Oct 10, 2017 5:03:07 PM org.springframework.beans.factory.xml.XmlBeanDefinitionReader loadBeanDefinitions
INFO: Loading XML bean definitions from class path resource [applicationContext.xml]
Oct 10, 2017 5:03:07 PM org.springframework.context.support.ClassPathXmlApplicationContext prepareRefresh
INFO: Refreshing org.springframework.context.support.ClassPathXmlApplicationContext@17a12fcd: startup date [Tue Oct 10 17:03:07 EDT 2017]; root of context hierarchy
Oct 10, 2017 5:03:07 PM org.springframework.beans.factory.xml.XmlBeanDefinitionReader loadBeanDefinitions
INFO: Loading XML bean definitions from class path resource [applicationContext.xml]
Oct 10, 2017 5:03:07 PM org.springframework.context.support.ClassPathXmlApplicationContext prepareRefresh
INFO: Refreshing org.springframework.context.support.ClassPathXmlApplicationContext@76ec6ae0: startup date [Tue Oct 10 17:03:07 EDT 2017]; root of context hierarchy
Oct 10, 2017 5:03:07 PM org.springframework.beans.factory.xml.XmlBeanDefinitionReader loadBeanDefinitions
INFO: Loading XML bean definitions from class path resource [applicationContext.xml]
Oct 10, 2017 5:03:07 PM org.springframework.context.support.ClassPathXmlApplicationContext prepareRefresh
INFO: Refreshing org.springframework.context.support.ClassPathXmlApplicationContext@3bd05779: startup date [Tue Oct 10 17:03:07 EDT 2017]; root of context hierarchy
Oct 10, 2017 5:03:07 PM org.springframework.beans.factory.xml.XmlBeanDefinitionReader loadBeanDefinitions
INFO: Loading XML bean definitions from class path resource [applicationContext.xml]
Oct 10, 2017 5:03:07 PM org.springframework.context.support.ClassPathXmlApplicationContext prepareRefresh
INFO: Refreshing org.springframework.context.support.ClassPathXmlApplicationContext@564d5883: startup date [Tue Oct 10 17:03:07 EDT 2017]; root of context hierarchy
Oct 10, 2017 5:03:07 PM org.springframework.beans.factory.xml.XmlBeanDefinitionReader loadBeanDefinitions
INFO: Loading XML bean definitions from class path resource [applicationContext.xml]
Oct 10, 2017 5:03:07 PM org.springframework.context.support.ClassPathXmlApplicationContext prepareRefresh
INFO: Refreshing org.springframework.context.support.ClassPathXmlApplicationContext@4e365c33: startup date [Tue Oct 10 17:03:07 EDT 2017]; root of context hierarchy
Oct 10, 2017 5:03:07 PM org.springframework.beans.factory.xml.XmlBeanDefinitionReader loadBeanDefinitions
INFO: Loading XML bean definitions from class path resource [applicationContext.xml]
Oct 10, 2017 5:03:07 PM org.springframework.context.support.ClassPathXmlApplicationContext prepareRefresh
INFO: Refreshing org.springframework.context.support.ClassPathXmlApplicationContext@6ae47c1e: startup date [Tue Oct 10 17:03:07 EDT 2017]; root of context hierarchy
Oct 10, 2017 5:03:07 PM org.springframework.beans.factory.xml.XmlBeanDefinitionReader loadBeanDefinitions
INFO: Loading XML bean definitions from class path resource [applicationContext.xml]
Oct 10, 2017 5:03:07 PM org.springframework.context.support.ClassPathXmlApplicationContext prepareRefresh
INFO: Refreshing org.springframework.context.support.ClassPathXmlApplicationContext@26f6fbbd: startup date [Tue Oct 10 17:03:07 EDT 2017]; root of context hierarchy
Oct 10, 2017 5:03:07 PM org.springframework.beans.factory.xml.XmlBeanDefinitionReader loadBeanDefinitions
INFO: Loading XML bean definitions from class path resource [applicationContext.xml]
Oct 10, 2017 5:03:07 PM org.springframework.context.support.ClassPathXmlApplicationContext prepareRefresh
INFO: Refreshing org.springframework.context.support.ClassPathXmlApplicationContext@7cdd8582: startup date [Tue Oct 10 17:03:07 EDT 2017]; root of context hierarchy
Oct 10, 2017 5:03:07 PM org.springframework.beans.factory.xml.XmlBeanDefinitionReader loadBeanDefinitions
INFO: Loading XML bean definitions from class path resource [applicationContext.xml]
Oct 10, 2017 5:03:07 PM org.springframework.context.support.ClassPathXmlApplicationContext prepareRefresh
INFO: Refreshing org.springframework.context.support.ClassPathXmlApplicationContext@704a0f9: startup date [Tue Oct 10 17:03:07 EDT 2017]; root of context hierarchy
Oct 10, 2017 5:03:07 PM org.springframework.beans.factory.xml.XmlBeanDefinitionReader loadBeanDefinitions
INFO: Loading XML bean definitions from class path resource [applicationContext.xml]
Oct 10, 2017 5:03:07 PM org.springframework.context.support.ClassPathXmlApplicationContext prepareRefresh
INFO: Refreshing org.springframework.context.support.ClassPathXmlApplicationContext@4fe3d15f: startup date [Tue Oct 10 17:03:07 EDT 2017]; root of context hierarchy
Oct 10, 2017 5:03:07 PM org.springframework.beans.factory.xml.XmlBeanDefinitionReader loadBeanDefinitions
INFO: Loading XML bean definitions from class path resource [applicationContext.xml]
Oct 10, 2017 5:03:07 PM org.springframework.context.support.ClassPathXmlApplicationContext prepareRefresh
INFO: Refreshing org.springframework.context.support.ClassPathXmlApplicationContext@3d2bb013: startup date [Tue Oct 10 17:03:07 EDT 2017]; root of context hierarchy
Oct 10, 2017 5:03:07 PM org.springframework.beans.factory.xml.XmlBeanDefinitionReader loadBeanDefinitions
INFO: Loading XML bean definitions from class path resource [applicationContext.xml]
Oct 10, 2017 5:03:07 PM org.springframework.context.support.ClassPathXmlApplicationContext prepareRefresh
INFO: Refreshing org.springframework.context.support.ClassPathXmlApplicationContext@44126e04: startup date [Tue Oct 10 17:03:07 EDT 2017]; root of context hierarchy
Oct 10, 2017 5:03:07 PM org.springframework.beans.factory.xml.XmlBeanDefinitionReader loadBeanDefinitions
INFO: Loading XML bean definitions from class path resource [applicationContext.xml]
Oct 10, 2017 5:03:07 PM org.springframework.context.support.ClassPathXmlApplicationContext prepareRefresh
INFO: Refreshing org.springframework.context.support.ClassPathXmlApplicationContext@ff18823: startup date [Tue Oct 10 17:03:07 EDT 2017]; root of context hierarchy
Oct 10, 2017 5:03:07 PM org.springframework.beans.factory.xml.XmlBeanDefinitionReader loadBeanDefinitions
INFO: Loading XML bean definitions from class path resource [applicationContext.xml]
Oct 10, 2017 5:03:07 PM org.springframework.context.support.ClassPathXmlApplicationContext prepareRefresh
INFO: Refreshing org.springframework.context.support.ClassPathXmlApplicationContext@5ab30bb4: startup date [Tue Oct 10 17:03:07 EDT 2017]; root of context hierarchy
Oct 10, 2017 5:03:07 PM org.springframework.beans.factory.xml.XmlBeanDefinitionReader loadBeanDefinitions
INFO: Loading XML bean definitions from class path resource [applicationContext.xml]
Oct 10, 2017 5:03:08 PM org.springframework.context.support.ClassPathXmlApplicationContext prepareRefresh
INFO: Refreshing org.springframework.context.support.ClassPathXmlApplicationContext@352b23dd: startup date [Tue Oct 10 17:03:08 EDT 2017]; root of context hierarchy
Oct 10, 2017 5:03:08 PM org.springframework.beans.factory.xml.XmlBeanDefinitionReader loadBeanDefinitions
INFO: Loading XML bean definitions from class path resource [applicationContext.xml]
Oct 10, 2017 5:03:08 PM org.springframework.context.support.ClassPathXmlApplicationContext prepareRefresh
INFO: Refreshing org.springframework.context.support.ClassPathXmlApplicationContext@431ac922: startup date [Tue Oct 10 17:03:08 EDT 2017]; root of context hierarchy
Oct 10, 2017 5:03:08 PM org.springframework.beans.factory.xml.XmlBeanDefinitionReader loadBeanDefinitions
INFO: Loading XML bean definitions from class path resource [applicationContext.xml]
Oct 10, 2017 5:03:08 PM org.springframework.context.support.ClassPathXmlApplicationContext prepareRefresh
INFO: Refreshing org.springframework.context.support.ClassPathXmlApplicationContext@7b274a1c: startup date [Tue Oct 10 17:03:08 EDT 2017]; root of context hierarchy
Oct 10, 2017 5:03:08 PM org.springframework.beans.factory.xml.XmlBeanDefinitionReader loadBeanDefinitions
INFO: Loading XML bean definitions from class path resource [applicationContext.xml]
Oct 10, 2017 5:03:08 PM org.springframework.context.support.ClassPathXmlApplicationContext prepareRefresh
INFO: Refreshing org.springframework.context.support.ClassPathXmlApplicationContext@16bee5fe: startup date [Tue Oct 10 17:03:08 EDT 2017]; root of context hierarchy
Oct 10, 2017 5:03:08 PM org.springframework.beans.factory.xml.XmlBeanDefinitionReader loadBeanDefinitions
INFO: Loading XML bean definitions from class path resource [applicationContext.xml]
Oct 10, 2017 5:03:08 PM org.springframework.context.support.ClassPathXmlApplicationContext prepareRefresh
INFO: Refreshing org.springframework.context.support.ClassPathXmlApplicationContext@55a0cc83: startup date [Tue Oct 10 17:03:08 EDT 2017]; root of context hierarchy
Oct 10, 2017 5:03:08 PM org.springframework.beans.factory.xml.XmlBeanDefinitionReader loadBeanDefinitions
INFO: Loading XML bean definitions from class path resource [applicationContext.xml]
Oct 10, 2017 5:03:08 PM org.springframework.context.support.ClassPathXmlApplicationContext prepareRefresh
INFO: Refreshing org.springframework.context.support.ClassPathXmlApplicationContext@2d550996: startup date [Tue Oct 10 17:03:08 EDT 2017]; root of context hierarchy
Oct 10, 2017 5:03:08 PM org.springframework.beans.factory.xml.XmlBeanDefinitionReader loadBeanDefinitions
INFO: Loading XML bean definitions from class path resource [applicationContext.xml]
Oct 10, 2017 5:03:08 PM org.springframework.context.support.ClassPathXmlApplicationContext prepareRefresh
INFO: Refreshing org.springframework.context.support.ClassPathXmlApplicationContext@5fd38a68: startup date [Tue Oct 10 17:03:08 EDT 2017]; root of context hierarchy
Oct 10, 2017 5:03:08 PM org.springframework.beans.factory.xml.XmlBeanDefinitionReader loadBeanDefinitions
INFO: Loading XML bean definitions from class path resource [applicationContext.xml]
Oct 10, 2017 5:03:08 PM org.springframework.context.support.ClassPathXmlApplicationContext prepareRefresh
INFO: Refreshing org.springframework.context.support.ClassPathXmlApplicationContext@6cf04303: startup date [Tue Oct 10 17:03:08 EDT 2017]; root of context hierarchy
Oct 10, 2017 5:03:08 PM org.springframework.beans.factory.xml.XmlBeanDefinitionReader loadBeanDefinitions
INFO: Loading XML bean definitions from class path resource [applicationContext.xml]
Oct 10, 2017 5:03:08 PM org.springframework.context.support.ClassPathXmlApplicationContext prepareRefresh
INFO: Refreshing org.springframework.context.support.ClassPathXmlApplicationContext@79401d4f: startup date [Tue Oct 10 17:03:08 EDT 2017]; root of context hierarchy
Oct 10, 2017 5:03:08 PM org.springframework.beans.factory.xml.XmlBeanDefinitionReader loadBeanDefinitions
INFO: Loading XML bean definitions from class path resource [applicationContext.xml]
Oct 10, 2017 5:03:08 PM org.springframework.context.support.ClassPathXmlApplicationContext prepareRefresh
INFO: Refreshing org.springframework.context.support.ClassPathXmlApplicationContext@4a49b26f: startup date [Tue Oct 10 17:03:08 EDT 2017]; root of context hierarchy
Oct 10, 2017 5:03:08 PM org.springframework.beans.factory.xml.XmlBeanDefinitionReader loadBeanDefinitions
INFO: Loading XML bean definitions from class path resource [applicationContext.xml]
Oct 10, 2017 5:03:08 PM org.springframework.context.support.ClassPathXmlApplicationContext prepareRefresh
INFO: Refreshing org.springframework.context.support.ClassPathXmlApplicationContext@1ce3ddfd: startup date [Tue Oct 10 17:03:08 EDT 2017]; root of context hierarchy
Oct 10, 2017 5:03:08 PM org.springframework.beans.factory.xml.XmlBeanDefinitionReader loadBeanDefinitions
INFO: Loading XML bean definitions from class path resource [applicationContext.xml]
Oct 10, 2017 5:03:08 PM org.springframework.context.support.ClassPathXmlApplicationContext prepareRefresh
INFO: Refreshing org.springframework.context.support.ClassPathXmlApplicationContext@66df5adb: startup date [Tue Oct 10 17:03:08 EDT 2017]; root of context hierarchy
Oct 10, 2017 5:03:08 PM org.springframework.beans.factory.xml.XmlBeanDefinitionReader loadBeanDefinitions
INFO: Loading XML bean definitions from class path resource [applicationContext.xml]
Oct 10, 2017 5:03:08 PM org.springframework.context.support.ClassPathXmlApplicationContext prepareRefresh
INFO: Refreshing org.springframework.context.support.ClassPathXmlApplicationContext@57e8714b: startup date [Tue Oct 10 17:03:08 EDT 2017]; root of context hierarchy
Oct 10, 2017 5:03:08 PM org.springframework.beans.factory.xml.XmlBeanDefinitionReader loadBeanDefinitions
INFO: Loading XML bean definitions from class path resource [applicationContext.xml]
Oct 10, 2017 5:03:08 PM org.springframework.context.support.ClassPathXmlApplicationContext prepareRefresh
INFO: Refreshing org.springframework.context.support.ClassPathXmlApplicationContext@1bed8afd: startup date [Tue Oct 10 17:03:08 EDT 2017]; root of context hierarchy
Oct 10, 2017 5:03:08 PM org.springframework.beans.factory.xml.XmlBeanDefinitionReader loadBeanDefinitions
INFO: Loading XML bean definitions from class path resource [applicationContext.xml]
Oct 10, 2017 5:03:08 PM org.springframework.context.support.ClassPathXmlApplicationContext prepareRefresh
INFO: Refreshing org.springframework.context.support.ClassPathXmlApplicationContext@1c66272b: startup date [Tue Oct 10 17:03:08 EDT 2017]; root of context hierarchy
Oct 10, 2017 5:03:08 PM org.springframework.beans.factory.xml.XmlBeanDefinitionReader loadBeanDefinitions
INFO: Loading XML bean definitions from class path resource [applicationContext.xml]
Oct 10, 2017 5:03:08 PM org.springframework.context.support.ClassPathXmlApplicationContext prepareRefresh
INFO: Refreshing org.springframework.context.support.ClassPathXmlApplicationContext@56bca113: startup date [Tue Oct 10 17:03:08 EDT 2017]; root of context hierarchy
Oct 10, 2017 5:03:08 PM org.springframework.beans.factory.xml.XmlBeanDefinitionReader loadBeanDefinitions
INFO: Loading XML bean definitions from class path resource [applicationContext.xml]
Oct 10, 2017 5:03:08 PM org.springframework.context.support.ClassPathXmlApplicationContext prepareRefresh
INFO: Refreshing org.springframework.context.support.ClassPathXmlApplicationContext@7b968647: startup date [Tue Oct 10 17:03:08 EDT 2017]; root of context hierarchy
Oct 10, 2017 5:03:08 PM org.springframework.beans.factory.xml.XmlBeanDefinitionReader loadBeanDefinitions
INFO: Loading XML bean definitions from class path resource [applicationContext.xml]
Oct 10, 2017 5:03:08 PM org.springframework.context.support.ClassPathXmlApplicationContext prepareRefresh
INFO: Refreshing org.springframework.context.support.ClassPathXmlApplicationContext@44cea6bb: startup date [Tue Oct 10 17:03:08 EDT 2017]; root of context hierarchy
Oct 10, 2017 5:03:08 PM org.springframework.beans.factory.xml.XmlBeanDefinitionReader loadBeanDefinitions
INFO: Loading XML bean definitions from class path resource [applicationContext.xml]
Oct 10, 2017 5:03:08 PM org.springframework.context.support.ClassPathXmlApplicationContext prepareRefresh
INFO: Refreshing org.springframework.context.support.ClassPathXmlApplicationContext@a0464ce: startup date [Tue Oct 10 17:03:08 EDT 2017]; root of context hierarchy
Oct 10, 2017 5:03:08 PM org.springframework.beans.factory.xml.XmlBeanDefinitionReader loadBeanDefinitions
INFO: Loading XML bean definitions from class path resource [applicationContext.xml]
Oct 10, 2017 5:03:08 PM org.springframework.context.support.ClassPathXmlApplicationContext prepareRefresh
INFO: Refreshing org.springframework.context.support.ClassPathXmlApplicationContext@5ca32d1a: startup date [Tue Oct 10 17:03:08 EDT 2017]; root of context hierarchy
Oct 10, 2017 5:03:08 PM org.springframework.beans.factory.xml.XmlBeanDefinitionReader loadBeanDefinitions
INFO: Loading XML bean definitions from class path resource [applicationContext.xml]
Oct 10, 2017 5:03:08 PM org.springframework.context.support.ClassPathXmlApplicationContext prepareRefresh
INFO: Refreshing org.springframework.context.support.ClassPathXmlApplicationContext@24a1ccb: startup date [Tue Oct 10 17:03:08 EDT 2017]; root of context hierarchy
Oct 10, 2017 5:03:08 PM org.springframework.beans.factory.xml.XmlBeanDefinitionReader loadBeanDefinitions
INFO: Loading XML bean definitions from class path resource [applicationContext.xml]
Oct 10, 2017 5:03:08 PM org.springframework.context.support.ClassPathXmlApplicationContext prepareRefresh
INFO: Refreshing org.springframework.context.support.ClassPathXmlApplicationContext@52e7bed1: startup date [Tue Oct 10 17:03:08 EDT 2017]; root of context hierarchy
Oct 10, 2017 5:03:08 PM org.springframework.beans.factory.xml.XmlBeanDefinitionReader loadBeanDefinitions
INFO: Loading XML bean definitions from class path resource [applicationContext.xml]
Oct 10, 2017 5:03:08 PM org.springframework.context.support.ClassPathXmlApplicationContext prepareRefresh
INFO: Refreshing org.springframework.context.support.ClassPathXmlApplicationContext@12d658c0: startup date [Tue Oct 10 17:03:08 EDT 2017]; root of context hierarchy
Oct 10, 2017 5:03:08 PM org.springframework.beans.factory.xml.XmlBeanDefinitionReader loadBeanDefinitions
INFO: Loading XML bean definitions from class path resource [applicationContext.xml]
Oct 10, 2017 5:03:08 PM org.springframework.context.support.ClassPathXmlApplicationContext prepareRefresh
INFO: Refreshing org.springframework.context.support.ClassPathXmlApplicationContext@56482084: startup date [Tue Oct 10 17:03:08 EDT 2017]; root of context hierarchy
Oct 10, 2017 5:03:08 PM org.springframework.beans.factory.xml.XmlBeanDefinitionReader loadBeanDefinitions
INFO: Loading XML bean definitions from class path resource [applicationContext.xml]
Oct 10, 2017 5:03:08 PM org.springframework.context.support.ClassPathXmlApplicationContext prepareRefresh
INFO: Refreshing org.springframework.context.support.ClassPathXmlApplicationContext@6ad57ee3: startup date [Tue Oct 10 17:03:08 EDT 2017]; root of context hierarchy
Oct 10, 2017 5:03:08 PM org.springframework.beans.factory.xml.XmlBeanDefinitionReader loadBeanDefinitions
INFO: Loading XML bean definitions from class path resource [applicationContext.xml]
Oct 10, 2017 5:03:08 PM org.springframework.context.support.ClassPathXmlApplicationContext prepareRefresh
INFO: Refreshing org.springframework.context.support.ClassPathXmlApplicationContext@20309fde: startup date [Tue Oct 10 17:03:08 EDT 2017]; root of context hierarchy
Oct 10, 2017 5:03:08 PM org.springframework.beans.factory.xml.XmlBeanDefinitionReader loadBeanDefinitions
INFO: Loading XML bean definitions from class path resource [applicationContext.xml]
Oct 10, 2017 5:03:08 PM org.springframework.context.support.ClassPathXmlApplicationContext prepareRefresh
INFO: Refreshing org.springframework.context.support.ClassPathXmlApplicationContext@30c716ce: startup date [Tue Oct 10 17:03:08 EDT 2017]; root of context hierarchy
Oct 10, 2017 5:03:08 PM org.springframework.beans.factory.xml.XmlBeanDefinitionReader loadBeanDefinitions
INFO: Loading XML bean definitions from class path resource [applicationContext.xml]
Oct 10, 2017 5:03:08 PM org.springframework.context.support.ClassPathXmlApplicationContext prepareRefresh
INFO: Refreshing org.springframework.context.support.ClassPathXmlApplicationContext@78690481: startup date [Tue Oct 10 17:03:08 EDT 2017]; root of context hierarchy
Oct 10, 2017 5:03:08 PM org.springframework.beans.factory.xml.XmlBeanDefinitionReader loadBeanDefinitions
INFO: Loading XML bean definitions from class path resource [applicationContext.xml]
Oct 10, 2017 5:03:08 PM org.springframework.context.support.ClassPathXmlApplicationContext prepareRefresh
INFO: Refreshing org.springframework.context.support.ClassPathXmlApplicationContext@7bb93e18: startup date [Tue Oct 10 17:03:08 EDT 2017]; root of context hierarchy
Oct 10, 2017 5:03:08 PM org.springframework.beans.factory.xml.XmlBeanDefinitionReader loadBeanDefinitions
INFO: Loading XML bean definitions from class path resource [applicationContext.xml]
Oct 10, 2017 5:03:08 PM org.springframework.context.support.ClassPathXmlApplicationContext prepareRefresh
INFO: Refreshing org.springframework.context.support.ClassPathXmlApplicationContext@43fa643e: startup date [Tue Oct 10 17:03:08 EDT 2017]; root of context hierarchy
Oct 10, 2017 5:03:08 PM org.springframework.beans.factory.xml.XmlBeanDefinitionReader loadBeanDefinitions
INFO: Loading XML bean definitions from class path resource [applicationContext.xml]
Oct 10, 2017 5:03:08 PM org.springframework.context.support.ClassPathXmlApplicationContext prepareRefresh
INFO: Refreshing org.springframework.context.support.ClassPathXmlApplicationContext@11c885a6: startup date [Tue Oct 10 17:03:08 EDT 2017]; root of context hierarchy
Oct 10, 2017 5:03:08 PM org.springframework.beans.factory.xml.XmlBeanDefinitionReader loadBeanDefinitions
INFO: Loading XML bean definitions from class path resource [applicationContext.xml]
Oct 10, 2017 5:03:08 PM org.springframework.context.support.ClassPathXmlApplicationContext prepareRefresh
INFO: Refreshing org.springframework.context.support.ClassPathXmlApplicationContext@3aee27e1: startup date [Tue Oct 10 17:03:08 EDT 2017]; root of context hierarchy
Oct 10, 2017 5:03:08 PM org.springframework.beans.factory.xml.XmlBeanDefinitionReader loadBeanDefinitions
INFO: Loading XML bean definitions from class path resource [applicationContext.xml]
Oct 10, 2017 5:03:08 PM org.springframework.context.support.ClassPathXmlApplicationContext prepareRefresh
INFO: Refreshing org.springframework.context.support.ClassPathXmlApplicationContext@73cb4016: startup date [Tue Oct 10 17:03:08 EDT 2017]; root of context hierarchy
Oct 10, 2017 5:03:08 PM org.springframework.beans.factory.xml.XmlBeanDefinitionReader loadBeanDefinitions
INFO: Loading XML bean definitions from class path resource [applicationContext.xml]
Oct 10, 2017 5:03:08 PM org.springframework.context.support.ClassPathXmlApplicationContext prepareRefresh
INFO: Refreshing org.springframework.context.support.ClassPathXmlApplicationContext@3217ac36: startup date [Tue Oct 10 17:03:08 EDT 2017]; root of context hierarchy
Oct 10, 2017 5:03:08 PM org.springframework.beans.factory.xml.XmlBeanDefinitionReader loadBeanDefinitions
INFO: Loading XML bean definitions from class path resource [applicationContext.xml]
Oct 10, 2017 5:03:08 PM org.springframework.context.support.ClassPathXmlApplicationContext prepareRefresh
INFO: Refreshing org.springframework.context.support.ClassPathXmlApplicationContext@78ac66e2: startup date [Tue Oct 10 17:03:08 EDT 2017]; root of context hierarchy
Oct 10, 2017 5:03:08 PM org.springframework.beans.factory.xml.XmlBeanDefinitionReader loadBeanDefinitions
INFO: Loading XML bean definitions from class path resource [applicationContext.xml]
Oct 10, 2017 5:03:08 PM org.springframework.context.support.ClassPathXmlApplicationContext prepareRefresh
INFO: Refreshing org.springframework.context.support.ClassPathXmlApplicationContext@14fd1bc: startup date [Tue Oct 10 17:03:08 EDT 2017]; root of context hierarchy
Oct 10, 2017 5:03:08 PM org.springframework.beans.factory.xml.XmlBeanDefinitionReader loadBeanDefinitions
INFO: Loading XML bean definitions from class path resource [applicationContext.xml]
Oct 10, 2017 5:03:08 PM org.springframework.context.support.ClassPathXmlApplicationContext prepareRefresh
INFO: Refreshing org.springframework.context.support.ClassPathXmlApplicationContext@1bbdd4a9: startup date [Tue Oct 10 17:03:08 EDT 2017]; root of context hierarchy
Oct 10, 2017 5:03:08 PM org.springframework.beans.factory.xml.XmlBeanDefinitionReader loadBeanDefinitions
INFO: Loading XML bean definitions from class path resource [applicationContext.xml]
Oct 10, 2017 5:03:08 PM org.springframework.context.support.ClassPathXmlApplicationContext prepareRefresh
INFO: Refreshing org.springframework.context.support.ClassPathXmlApplicationContext@60155d7f: startup date [Tue Oct 10 17:03:08 EDT 2017]; root of context hierarchy
Oct 10, 2017 5:03:08 PM org.springframework.beans.factory.xml.XmlBeanDefinitionReader loadBeanDefinitions
INFO: Loading XML bean definitions from class path resource [applicationContext.xml]
Oct 10, 2017 5:03:08 PM org.springframework.context.support.ClassPathXmlApplicationContext prepareRefresh
INFO: Refreshing org.springframework.context.support.ClassPathXmlApplicationContext@5d63295e: startup date [Tue Oct 10 17:03:08 EDT 2017]; root of context hierarchy
Oct 10, 2017 5:03:08 PM org.springframework.beans.factory.xml.XmlBeanDefinitionReader loadBeanDefinitions
INFO: Loading XML bean definitions from class path resource [applicationContext.xml]
Oct 10, 2017 5:03:08 PM org.springframework.context.support.ClassPathXmlApplicationContext prepareRefresh
INFO: Refreshing org.springframework.context.support.ClassPathXmlApplicationContext@113773b5: startup date [Tue Oct 10 17:03:08 EDT 2017]; root of context hierarchy
Oct 10, 2017 5:03:08 PM org.springframework.beans.factory.xml.XmlBeanDefinitionReader loadBeanDefinitions
INFO: Loading XML bean definitions from class path resource [applicationContext.xml]
Oct 10, 2017 5:03:08 PM org.springframework.context.support.ClassPathXmlApplicationContext prepareRefresh
INFO: Refreshing org.springframework.context.support.ClassPathXmlApplicationContext@68819fae: startup date [Tue Oct 10 17:03:08 EDT 2017]; root of context hierarchy
Oct 10, 2017 5:03:08 PM org.springframework.beans.factory.xml.XmlBeanDefinitionReader loadBeanDefinitions
INFO: Loading XML bean definitions from class path resource [applicationContext.xml]
Oct 10, 2017 5:03:08 PM org.springframework.context.support.ClassPathXmlApplicationContext prepareRefresh
INFO: Refreshing org.springframework.context.support.ClassPathXmlApplicationContext@4d225170: startup date [Tue Oct 10 17:03:08 EDT 2017]; root of context hierarchy
Oct 10, 2017 5:03:08 PM org.springframework.beans.factory.xml.XmlBeanDefinitionReader loadBeanDefinitions
INFO: Loading XML bean definitions from class path resource [applicationContext.xml]
Oct 10, 2017 5:03:08 PM org.springframework.context.support.ClassPathXmlApplicationContext prepareRefresh
INFO: Refreshing org.springframework.context.support.ClassPathXmlApplicationContext@20873a9: startup date [Tue Oct 10 17:03:08 EDT 2017]; root of context hierarchy
Oct 10, 2017 5:03:08 PM org.springframework.beans.factory.xml.XmlBeanDefinitionReader loadBeanDefinitions
INFO: Loading XML bean definitions from class path resource [applicationContext.xml]
Oct 10, 2017 5:03:08 PM org.springframework.context.support.ClassPathXmlApplicationContext prepareRefresh
INFO: Refreshing org.springframework.context.support.ClassPathXmlApplicationContext@51b1039c: startup date [Tue Oct 10 17:03:08 EDT 2017]; root of context hierarchy
Oct 10, 2017 5:03:08 PM org.springframework.beans.factory.xml.XmlBeanDefinitionReader loadBeanDefinitions
INFO: Loading XML bean definitions from class path resource [applicationContext.xml]
Oct 10, 2017 5:03:08 PM org.springframework.context.support.ClassPathXmlApplicationContext prepareRefresh
INFO: Refreshing org.springframework.context.support.ClassPathXmlApplicationContext@9111d0a: startup date [Tue Oct 10 17:03:08 EDT 2017]; root of context hierarchy
Oct 10, 2017 5:03:08 PM org.springframework.beans.factory.xml.XmlBeanDefinitionReader loadBeanDefinitions
INFO: Loading XML bean definitions from class path resource [applicationContext.xml]
Oct 10, 2017 5:03:08 PM org.springframework.context.support.ClassPathXmlApplicationContext prepareRefresh
INFO: Refreshing org.springframework.context.support.ClassPathXmlApplicationContext@5bd9615c: startup date [Tue Oct 10 17:03:08 EDT 2017]; root of context hierarchy
Oct 10, 2017 5:03:08 PM org.springframework.beans.factory.xml.XmlBeanDefinitionReader loadBeanDefinitions
INFO: Loading XML bean definitions from class path resource [applicationContext.xml]
Oct 10, 2017 5:03:08 PM org.springframework.context.support.ClassPathXmlApplicationContext prepareRefresh
INFO: Refreshing org.springframework.context.support.ClassPathXmlApplicationContext@756974d8: startup date [Tue Oct 10 17:03:08 EDT 2017]; root of context hierarchy
Oct 10, 2017 5:03:08 PM org.springframework.beans.factory.xml.XmlBeanDefinitionReader loadBeanDefinitions
INFO: Loading XML bean definitions from class path resource [applicationContext.xml]
Oct 10, 2017 5:03:08 PM org.springframework.context.support.ClassPathXmlApplicationContext prepareRefresh
INFO: Refreshing org.springframework.context.support.ClassPathXmlApplicationContext@2c2b93df: startup date [Tue Oct 10 17:03:08 EDT 2017]; root of context hierarchy
Oct 10, 2017 5:03:08 PM org.springframework.beans.factory.xml.XmlBeanDefinitionReader loadBeanDefinitions
INFO: Loading XML bean definitions from class path resource [applicationContext.xml]
Oct 10, 2017 5:03:08 PM org.springframework.context.support.ClassPathXmlApplicationContext prepareRefresh
INFO: Refreshing org.springframework.context.support.ClassPathXmlApplicationContext@1c5f6c2: startup date [Tue Oct 10 17:03:08 EDT 2017]; root of context hierarchy
Oct 10, 2017 5:03:08 PM org.springframework.beans.factory.xml.XmlBeanDefinitionReader loadBeanDefinitions
INFO: Loading XML bean definitions from class path resource [applicationContext.xml]
Oct 10, 2017 5:03:08 PM org.springframework.context.support.ClassPathXmlApplicationContext prepareRefresh
INFO: Refreshing org.springframework.context.support.ClassPathXmlApplicationContext@37e5111b: startup date [Tue Oct 10 17:03:08 EDT 2017]; root of context hierarchy
Oct 10, 2017 5:03:08 PM org.springframework.beans.factory.xml.XmlBeanDefinitionReader loadBeanDefinitions
INFO: Loading XML bean definitions from class path resource [applicationContext.xml]
Oct 10, 2017 5:03:08 PM org.springframework.context.support.ClassPathXmlApplicationContext prepareRefresh
INFO: Refreshing org.springframework.context.support.ClassPathXmlApplicationContext@2331ac37: startup date [Tue Oct 10 17:03:08 EDT 2017]; root of context hierarchy
Oct 10, 2017 5:03:08 PM org.springframework.beans.factory.xml.XmlBeanDefinitionReader loadBeanDefinitions
INFO: Loading XML bean definitions from class path resource [applicationContext.xml]
Oct 10, 2017 5:03:08 PM org.springframework.context.support.ClassPathXmlApplicationContext prepareRefresh
INFO: Refreshing org.springframework.context.support.ClassPathXmlApplicationContext@6948460f: startup date [Tue Oct 10 17:03:08 EDT 2017]; root of context hierarchy
Oct 10, 2017 5:03:08 PM org.springframework.beans.factory.xml.XmlBeanDefinitionReader loadBeanDefinitions
INFO: Loading XML bean definitions from class path resource [applicationContext.xml]
Oct 10, 2017 5:03:08 PM org.springframework.context.support.ClassPathXmlApplicationContext prepareRefresh
INFO: Refreshing org.springframework.context.support.ClassPathXmlApplicationContext@2bc7e895: startup date [Tue Oct 10 17:03:08 EDT 2017]; root of context hierarchy
Oct 10, 2017 5:03:08 PM org.springframework.beans.factory.xml.XmlBeanDefinitionReader loadBeanDefinitions
INFO: Loading XML bean definitions from class path resource [applicationContext.xml]
Oct 10, 2017 5:03:08 PM org.springframework.context.support.ClassPathXmlApplicationContext prepareRefresh
INFO: Refreshing org.springframework.context.support.ClassPathXmlApplicationContext@22aeac34: startup date [Tue Oct 10 17:03:08 EDT 2017]; root of context hierarchy
Oct 10, 2017 5:03:08 PM org.springframework.beans.factory.xml.XmlBeanDefinitionReader loadBeanDefinitions
INFO: Loading XML bean definitions from class path resource [applicationContext.xml]
Oct 10, 2017 5:03:08 PM org.springframework.context.support.ClassPathXmlApplicationContext prepareRefresh
INFO: Refreshing org.springframework.context.support.ClassPathXmlApplicationContext@61b67cbb: startup date [Tue Oct 10 17:03:08 EDT 2017]; root of context hierarchy
Oct 10, 2017 5:03:08 PM org.springframework.beans.factory.xml.XmlBeanDefinitionReader loadBeanDefinitions
INFO: Loading XML bean definitions from class path resource [applicationContext.xml]
Oct 10, 2017 5:03:08 PM org.springframework.context.support.ClassPathXmlApplicationContext prepareRefresh
INFO: Refreshing org.springframework.context.support.ClassPathXmlApplicationContext@30fc1d0c: startup date [Tue Oct 10 17:03:08 EDT 2017]; root of context hierarchy
Oct 10, 2017 5:03:08 PM org.springframework.beans.factory.xml.XmlBeanDefinitionReader loadBeanDefinitions
INFO: Loading XML bean definitions from class path resource [applicationContext.xml]
Oct 10, 2017 5:03:08 PM org.springframework.context.support.ClassPathXmlApplicationContext prepareRefresh
INFO: Refreshing org.springframework.context.support.ClassPathXmlApplicationContext@26fda5ee: startup date [Tue Oct 10 17:03:08 EDT 2017]; root of context hierarchy
Oct 10, 2017 5:03:08 PM org.springframework.beans.factory.xml.XmlBeanDefinitionReader loadBeanDefinitions
INFO: Loading XML bean definitions from class path resource [applicationContext.xml]
Oct 10, 2017 5:03:08 PM org.springframework.context.support.ClassPathXmlApplicationContext prepareRefresh
INFO: Refreshing org.springframework.context.support.ClassPathXmlApplicationContext@1abd92c6: startup date [Tue Oct 10 17:03:08 EDT 2017]; root of context hierarchy
Oct 10, 2017 5:03:08 PM org.springframework.beans.factory.xml.XmlBeanDefinitionReader loadBeanDefinitions
INFO: Loading XML bean definitions from class path resource [applicationContext.xml]
Oct 10, 2017 5:03:08 PM org.springframework.context.support.ClassPathXmlApplicationContext prepareRefresh
INFO: Refreshing org.springframework.context.support.ClassPathXmlApplicationContext@350ce9db: startup date [Tue Oct 10 17:03:08 EDT 2017]; root of context hierarchy
Oct 10, 2017 5:03:08 PM org.springframework.beans.factory.xml.XmlBeanDefinitionReader loadBeanDefinitions
INFO: Loading XML bean definitions from class path resource [applicationContext.xml]
Oct 10, 2017 5:03:08 PM org.springframework.context.support.ClassPathXmlApplicationContext prepareRefresh
INFO: Refreshing org.springframework.context.support.ClassPathXmlApplicationContext@3e1c58c9: startup date [Tue Oct 10 17:03:08 EDT 2017]; root of context hierarchy
Oct 10, 2017 5:03:08 PM org.springframework.beans.factory.xml.XmlBeanDefinitionReader loadBeanDefinitions
INFO: Loading XML bean definitions from class path resource [applicationContext.xml]
Oct 10, 2017 5:03:08 PM org.springframework.context.support.ClassPathXmlApplicationContext prepareRefresh
INFO: Refreshing org.springframework.context.support.ClassPathXmlApplicationContext@711534f7: startup date [Tue Oct 10 17:03:08 EDT 2017]; root of context hierarchy
Oct 10, 2017 5:03:08 PM org.springframework.beans.factory.xml.XmlBeanDefinitionReader loadBeanDefinitions
INFO: Loading XML bean definitions from class path resource [applicationContext.xml]
Oct 10, 2017 5:03:08 PM org.springframework.context.support.ClassPathXmlApplicationContext prepareRefresh
INFO: Refreshing org.springframework.context.support.ClassPathXmlApplicationContext@135d3ade: startup date [Tue Oct 10 17:03:08 EDT 2017]; root of context hierarchy
Oct 10, 2017 5:03:08 PM org.springframework.beans.factory.xml.XmlBeanDefinitionReader loadBeanDefinitions
INFO: Loading XML bean definitions from class path resource [applicationContext.xml]
Oct 10, 2017 5:03:08 PM org.springframework.context.support.ClassPathXmlApplicationContext prepareRefresh
INFO: Refreshing org.springframework.context.support.ClassPathXmlApplicationContext@620bb4ea: startup date [Tue Oct 10 17:03:08 EDT 2017]; root of context hierarchy
Oct 10, 2017 5:03:08 PM org.springframework.beans.factory.xml.XmlBeanDefinitionReader loadBeanDefinitions
INFO: Loading XML bean definitions from class path resource [applicationContext.xml]
Oct 10, 2017 5:03:08 PM org.springframework.context.support.ClassPathXmlApplicationContext prepareRefresh
INFO: Refreshing org.springframework.context.support.ClassPathXmlApplicationContext@46a7b47: startup date [Tue Oct 10 17:03:08 EDT 2017]; root of context hierarchy
Oct 10, 2017 5:03:08 PM org.springframework.beans.factory.xml.XmlBeanDefinitionReader loadBeanDefinitions
INFO: Loading XML bean definitions from class path resource [applicationContext.xml]
Oct 10, 2017 5:03:08 PM org.springframework.context.support.ClassPathXmlApplicationContext prepareRefresh
INFO: Refreshing org.springframework.context.support.ClassPathXmlApplicationContext@d95b04e: startup date [Tue Oct 10 17:03:08 EDT 2017]; root of context hierarchy
Oct 10, 2017 5:03:08 PM org.springframework.beans.factory.xml.XmlBeanDefinitionReader loadBeanDefinitions
INFO: Loading XML bean definitions from class path resource [applicationContext.xml]
Oct 10, 2017 5:03:08 PM org.springframework.context.support.ClassPathXmlApplicationContext prepareRefresh
INFO: Refreshing org.springframework.context.support.ClassPathXmlApplicationContext@2b5747f0: startup date [Tue Oct 10 17:03:08 EDT 2017]; root of context hierarchy
Oct 10, 2017 5:03:08 PM org.springframework.beans.factory.xml.XmlBeanDefinitionReader loadBeanDefinitions
INFO: Loading XML bean definitions from class path resource [applicationContext.xml]
Oct 10, 2017 5:03:08 PM org.springframework.context.support.ClassPathXmlApplicationContext prepareRefresh
INFO: Refreshing org.springframework.context.support.ClassPathXmlApplicationContext@691ff4fe: startup date [Tue Oct 10 17:03:08 EDT 2017]; root of context hierarchy
Oct 10, 2017 5:03:08 PM org.springframework.beans.factory.xml.XmlBeanDefinitionReader loadBeanDefinitions
INFO: Loading XML bean definitions from class path resource [applicationContext.xml]
Oct 10, 2017 5:03:08 PM org.springframework.context.support.ClassPathXmlApplicationContext prepareRefresh
INFO: Refreshing org.springframework.context.support.ClassPathXmlApplicationContext@5ac3a89d: startup date [Tue Oct 10 17:03:08 EDT 2017]; root of context hierarchy
Oct 10, 2017 5:03:08 PM org.springframework.beans.factory.xml.XmlBeanDefinitionReader loadBeanDefinitions
INFO: Loading XML bean definitions from class path resource [applicationContext.xml]
Oct 10, 2017 5:03:08 PM org.springframework.context.support.ClassPathXmlApplicationContext prepareRefresh
INFO: Refreshing org.springframework.context.support.ClassPathXmlApplicationContext@71b99cc6: startup date [Tue Oct 10 17:03:08 EDT 2017]; root of context hierarchy
Oct 10, 2017 5:03:08 PM org.springframework.beans.factory.xml.XmlBeanDefinitionReader loadBeanDefinitions
INFO: Loading XML bean definitions from class path resource [applicationContext.xml]
Oct 10, 2017 5:03:08 PM org.springframework.context.support.ClassPathXmlApplicationContext prepareRefresh
INFO: Refreshing org.springframework.context.support.ClassPathXmlApplicationContext@3f169051: startup date [Tue Oct 10 17:03:08 EDT 2017]; root of context hierarchy
Oct 10, 2017 5:03:08 PM org.springframework.beans.factory.xml.XmlBeanDefinitionReader loadBeanDefinitions
INFO: Loading XML bean definitions from class path resource [applicationContext.xml]
Oct 10, 2017 5:03:08 PM org.springframework.context.support.ClassPathXmlApplicationContext prepareRefresh
INFO: Refreshing org.springframework.context.support.ClassPathXmlApplicationContext@389c624: startup date [Tue Oct 10 17:03:08 EDT 2017]; root of context hierarchy
Oct 10, 2017 5:03:08 PM org.springframework.beans.factory.xml.XmlBeanDefinitionReader loadBeanDefinitions
INFO: Loading XML bean definitions from class path resource [applicationContext.xml]
Oct 10, 2017 5:03:08 PM org.springframework.context.support.ClassPathXmlApplicationContext prepareRefresh
INFO: Refreshing org.springframework.context.support.ClassPathXmlApplicationContext@723c7f2f: startup date [Tue Oct 10 17:03:08 EDT 2017]; root of context hierarchy
Oct 10, 2017 5:03:08 PM org.springframework.beans.factory.xml.XmlBeanDefinitionReader loadBeanDefinitions
INFO: Loading XML bean definitions from class path resource [applicationContext.xml]
Oct 10, 2017 5:03:08 PM org.springframework.context.support.ClassPathXmlApplicationContext prepareRefresh
INFO: Refreshing org.springframework.context.support.ClassPathXmlApplicationContext@7889b4cb: startup date [Tue Oct 10 17:03:08 EDT 2017]; root of context hierarchy
Oct 10, 2017 5:03:08 PM org.springframework.beans.factory.xml.XmlBeanDefinitionReader loadBeanDefinitions
INFO: Loading XML bean definitions from class path resource [applicationContext.xml]
Oct 10, 2017 5:03:09 PM org.springframework.context.support.ClassPathXmlApplicationContext prepareRefresh
INFO: Refreshing org.springframework.context.support.ClassPathXmlApplicationContext@7eab7479: startup date [Tue Oct 10 17:03:09 EDT 2017]; root of context hierarchy
Oct 10, 2017 5:03:09 PM org.springframework.beans.factory.xml.XmlBeanDefinitionReader loadBeanDefinitions
INFO: Loading XML bean definitions from class path resource [applicationContext.xml]
Oct 10, 2017 5:03:09 PM org.springframework.context.support.ClassPathXmlApplicationContext prepareRefresh
INFO: Refreshing org.springframework.context.support.ClassPathXmlApplicationContext@7076714c: startup date [Tue Oct 10 17:03:09 EDT 2017]; root of context hierarchy
Oct 10, 2017 5:03:09 PM org.springframework.beans.factory.xml.XmlBeanDefinitionReader loadBeanDefinitions
INFO: Loading XML bean definitions from class path resource [applicationContext.xml]
Oct 10, 2017 5:03:09 PM org.springframework.context.support.ClassPathXmlApplicationContext prepareRefresh
INFO: Refreshing org.springframework.context.support.ClassPathXmlApplicationContext@422179c7: startup date [Tue Oct 10 17:03:09 EDT 2017]; root of context hierarchy
Oct 10, 2017 5:03:09 PM org.springframework.beans.factory.xml.XmlBeanDefinitionReader loadBeanDefinitions
INFO: Loading XML bean definitions from class path resource [applicationContext.xml]
Oct 10, 2017 5:03:09 PM org.springframework.context.support.ClassPathXmlApplicationContext prepareRefresh
INFO: Refreshing org.springframework.context.support.ClassPathXmlApplicationContext@57f1cb96: startup date [Tue Oct 10 17:03:09 EDT 2017]; root of context hierarchy
Oct 10, 2017 5:03:09 PM org.springframework.beans.factory.xml.XmlBeanDefinitionReader loadBeanDefinitions
INFO: Loading XML bean definitions from class path resource [applicationContext.xml]
Oct 10, 2017 5:03:09 PM org.springframework.context.support.ClassPathXmlApplicationContext prepareRefresh
INFO: Refreshing org.springframework.context.support.ClassPathXmlApplicationContext@41334af0: startup date [Tue Oct 10 17:03:09 EDT 2017]; root of context hierarchy
Oct 10, 2017 5:03:09 PM org.springframework.beans.factory.xml.XmlBeanDefinitionReader loadBeanDefinitions
INFO: Loading XML bean definitions from class path resource [applicationContext.xml]
Oct 10, 2017 5:03:09 PM org.springframework.context.support.ClassPathXmlApplicationContext prepareRefresh
INFO: Refreshing org.springframework.context.support.ClassPathXmlApplicationContext@3968e955: startup date [Tue Oct 10 17:03:09 EDT 2017]; root of context hierarchy
Oct 10, 2017 5:03:09 PM org.springframework.beans.factory.xml.XmlBeanDefinitionReader loadBeanDefinitions
INFO: Loading XML bean definitions from class path resource [applicationContext.xml]
Oct 10, 2017 5:03:09 PM org.springframework.context.support.ClassPathXmlApplicationContext prepareRefresh
INFO: Refreshing org.springframework.context.support.ClassPathXmlApplicationContext@557f969e: startup date [Tue Oct 10 17:03:09 EDT 2017]; root of context hierarchy
Oct 10, 2017 5:03:09 PM org.springframework.beans.factory.xml.XmlBeanDefinitionReader loadBeanDefinitions
INFO: Loading XML bean definitions from class path resource [applicationContext.xml]
Oct 10, 2017 5:03:09 PM org.springframework.context.support.ClassPathXmlApplicationContext prepareRefresh
INFO: Refreshing org.springframework.context.support.ClassPathXmlApplicationContext@66557a82: startup date [Tue Oct 10 17:03:09 EDT 2017]; root of context hierarchy
Oct 10, 2017 5:03:09 PM org.springframework.beans.factory.xml.XmlBeanDefinitionReader loadBeanDefinitions
INFO: Loading XML bean definitions from class path resource [applicationContext.xml]
Oct 10, 2017 5:03:09 PM org.springframework.context.support.ClassPathXmlApplicationContext prepareRefresh
INFO: Refreshing org.springframework.context.support.ClassPathXmlApplicationContext@4924c27e: startup date [Tue Oct 10 17:03:09 EDT 2017]; root of context hierarchy
Oct 10, 2017 5:03:09 PM org.springframework.beans.factory.xml.XmlBeanDefinitionReader loadBeanDefinitions
INFO: Loading XML bean definitions from class path resource [applicationContext.xml]
Oct 10, 2017 5:03:09 PM org.springframework.context.support.ClassPathXmlApplicationContext prepareRefresh
INFO: Refreshing org.springframework.context.support.ClassPathXmlApplicationContext@595dda6d: startup date [Tue Oct 10 17:03:09 EDT 2017]; root of context hierarchy
Oct 10, 2017 5:03:09 PM org.springframework.beans.factory.xml.XmlBeanDefinitionReader loadBeanDefinitions
INFO: Loading XML bean definitions from class path resource [applicationContext.xml]
Oct 10, 2017 5:03:09 PM org.springframework.context.support.ClassPathXmlApplicationContext prepareRefresh
INFO: Refreshing org.springframework.context.support.ClassPathXmlApplicationContext@63ed8e2a: startup date [Tue Oct 10 17:03:09 EDT 2017]; root of context hierarchy
Oct 10, 2017 5:03:09 PM org.springframework.beans.factory.xml.XmlBeanDefinitionReader loadBeanDefinitions
INFO: Loading XML bean definitions from class path resource [applicationContext.xml]
Oct 10, 2017 5:03:09 PM org.springframework.context.support.ClassPathXmlApplicationContext prepareRefresh
INFO: Refreshing org.springframework.context.support.ClassPathXmlApplicationContext@4fd727d7: startup date [Tue Oct 10 17:03:09 EDT 2017]; root of context hierarchy
Oct 10, 2017 5:03:09 PM org.springframework.beans.factory.xml.XmlBeanDefinitionReader loadBeanDefinitions
INFO: Loading XML bean definitions from class path resource [applicationContext.xml]
Oct 10, 2017 5:03:09 PM org.springframework.context.support.ClassPathXmlApplicationContext prepareRefresh
INFO: Refreshing org.springframework.context.support.ClassPathXmlApplicationContext@9b7701f: startup date [Tue Oct 10 17:03:09 EDT 2017]; root of context hierarchy
Oct 10, 2017 5:03:09 PM org.springframework.beans.factory.xml.XmlBeanDefinitionReader loadBeanDefinitions
INFO: Loading XML bean definitions from class path resource [applicationContext.xml]
Oct 10, 2017 5:03:09 PM org.springframework.context.support.ClassPathXmlApplicationContext prepareRefresh
INFO: Refreshing org.springframework.context.support.ClassPathXmlApplicationContext@75380a14: startup date [Tue Oct 10 17:03:09 EDT 2017]; root of context hierarchy
Oct 10, 2017 5:03:09 PM org.springframework.beans.factory.xml.XmlBeanDefinitionReader loadBeanDefinitions
INFO: Loading XML bean definitions from class path resource [applicationContext.xml]
Oct 10, 2017 5:03:09 PM org.springframework.context.support.ClassPathXmlApplicationContext prepareRefresh
INFO: Refreshing org.springframework.context.support.ClassPathXmlApplicationContext@373ca236: startup date [Tue Oct 10 17:03:09 EDT 2017]; root of context hierarchy
Oct 10, 2017 5:03:09 PM org.springframework.beans.factory.xml.XmlBeanDefinitionReader loadBeanDefinitions
INFO: Loading XML bean definitions from class path resource [applicationContext.xml]
Oct 10, 2017 5:03:09 PM org.springframework.context.support.ClassPathXmlApplicationContext prepareRefresh
INFO: Refreshing org.springframework.context.support.ClassPathXmlApplicationContext@7edf6563: startup date [Tue Oct 10 17:03:09 EDT 2017]; root of context hierarchy
Oct 10, 2017 5:03:09 PM org.springframework.beans.factory.xml.XmlBeanDefinitionReader loadBeanDefinitions
INFO: Loading XML bean definitions from class path resource [applicationContext.xml]
Oct 10, 2017 5:03:09 PM org.springframework.context.support.ClassPathXmlApplicationContext prepareRefresh
INFO: Refreshing org.springframework.context.support.ClassPathXmlApplicationContext@4ba97a4: startup date [Tue Oct 10 17:03:09 EDT 2017]; root of context hierarchy
Oct 10, 2017 5:03:09 PM org.springframework.beans.factory.xml.XmlBeanDefinitionReader loadBeanDefinitions
INFO: Loading XML bean definitions from class path resource [applicationContext.xml]
Oct 10, 2017 5:03:09 PM org.springframework.context.support.ClassPathXmlApplicationContext prepareRefresh
INFO: Refreshing org.springframework.context.support.ClassPathXmlApplicationContext@35c9e3b9: startup date [Tue Oct 10 17:03:09 EDT 2017]; root of context hierarchy
Oct 10, 2017 5:03:09 PM org.springframework.beans.factory.xml.XmlBeanDefinitionReader loadBeanDefinitions
INFO: Loading XML bean definitions from class path resource [applicationContext.xml]
Oct 10, 2017 5:03:09 PM org.springframework.context.support.ClassPathXmlApplicationContext prepareRefresh
INFO: Refreshing org.springframework.context.support.ClassPathXmlApplicationContext@6115b4a0: startup date [Tue Oct 10 17:03:09 EDT 2017]; root of context hierarchy
Oct 10, 2017 5:03:09 PM org.springframework.beans.factory.xml.XmlBeanDefinitionReader loadBeanDefinitions
INFO: Loading XML bean definitions from class path resource [applicationContext.xml]
Oct 10, 2017 5:03:09 PM org.springframework.context.support.ClassPathXmlApplicationContext prepareRefresh
INFO: Refreshing org.springframework.context.support.ClassPathXmlApplicationContext@5a178d0e: startup date [Tue Oct 10 17:03:09 EDT 2017]; root of context hierarchy
Oct 10, 2017 5:03:09 PM org.springframework.beans.factory.xml.XmlBeanDefinitionReader loadBeanDefinitions
INFO: Loading XML bean definitions from class path resource [applicationContext.xml]
Oct 10, 2017 5:03:09 PM org.springframework.context.support.ClassPathXmlApplicationContext prepareRefresh
INFO: Refreshing org.springframework.context.support.ClassPathXmlApplicationContext@1332e410: startup date [Tue Oct 10 17:03:09 EDT 2017]; root of context hierarchy
Oct 10, 2017 5:03:09 PM org.springframework.beans.factory.xml.XmlBeanDefinitionReader loadBeanDefinitions
INFO: Loading XML bean definitions from class path resource [applicationContext.xml]
Oct 10, 2017 5:03:09 PM org.springframework.context.support.ClassPathXmlApplicationContext prepareRefresh
INFO: Refreshing org.springframework.context.support.ClassPathXmlApplicationContext@3c6d6cb3: startup date [Tue Oct 10 17:03:09 EDT 2017]; root of context hierarchy
Oct 10, 2017 5:03:09 PM org.springframework.beans.factory.xml.XmlBeanDefinitionReader loadBeanDefinitions
INFO: Loading XML bean definitions from class path resource [applicationContext.xml]
Oct 10, 2017 5:03:09 PM org.springframework.context.support.ClassPathXmlApplicationContext prepareRefresh
INFO: Refreshing org.springframework.context.support.ClassPathXmlApplicationContext@4691b83d: startup date [Tue Oct 10 17:03:09 EDT 2017]; root of context hierarchy
Oct 10, 2017 5:03:09 PM org.springframework.beans.factory.xml.XmlBeanDefinitionReader loadBeanDefinitions
INFO: Loading XML bean definitions from class path resource [applicationContext.xml]
Oct 10, 2017 5:03:09 PM org.springframework.context.support.ClassPathXmlApplicationContext prepareRefresh
INFO: Refreshing org.springframework.context.support.ClassPathXmlApplicationContext@23184551: startup date [Tue Oct 10 17:03:09 EDT 2017]; root of context hierarchy
Oct 10, 2017 5:03:09 PM org.springframework.beans.factory.xml.XmlBeanDefinitionReader loadBeanDefinitions
INFO: Loading XML bean definitions from class path resource [applicationContext.xml]
Oct 10, 2017 5:03:09 PM org.springframework.context.support.ClassPathXmlApplicationContext prepareRefresh
INFO: Refreshing org.springframework.context.support.ClassPathXmlApplicationContext@1d6f8bad: startup date [Tue Oct 10 17:03:09 EDT 2017]; root of context hierarchy
Oct 10, 2017 5:03:09 PM org.springframework.beans.factory.xml.XmlBeanDefinitionReader loadBeanDefinitions
INFO: Loading XML bean definitions from class path resource [applicationContext.xml]
Oct 10, 2017 5:03:09 PM org.springframework.context.support.ClassPathXmlApplicationContext prepareRefresh
INFO: Refreshing org.springframework.context.support.ClassPathXmlApplicationContext@74bc67d7: startup date [Tue Oct 10 17:03:09 EDT 2017]; root of context hierarchy
Oct 10, 2017 5:03:09 PM org.springframework.beans.factory.xml.XmlBeanDefinitionReader loadBeanDefinitions
INFO: Loading XML bean definitions from class path resource [applicationContext.xml]
Oct 10, 2017 5:03:09 PM org.springframework.context.support.ClassPathXmlApplicationContext prepareRefresh
INFO: Refreshing org.springframework.context.support.ClassPathXmlApplicationContext@25afdf7e: startup date [Tue Oct 10 17:03:09 EDT 2017]; root of context hierarchy
Oct 10, 2017 5:03:09 PM org.springframework.beans.factory.xml.XmlBeanDefinitionReader loadBeanDefinitions
INFO: Loading XML bean definitions from class path resource [applicationContext.xml]
Oct 10, 2017 5:03:09 PM org.springframework.context.support.ClassPathXmlApplicationContext prepareRefresh
INFO: Refreshing org.springframework.context.support.ClassPathXmlApplicationContext@35b331de: startup date [Tue Oct 10 17:03:09 EDT 2017]; root of context hierarchy
Oct 10, 2017 5:03:09 PM org.springframework.beans.factory.xml.XmlBeanDefinitionReader loadBeanDefinitions
INFO: Loading XML bean definitions from class path resource [applicationContext.xml]
Oct 10, 2017 5:03:09 PM org.springframework.context.support.ClassPathXmlApplicationContext prepareRefresh
INFO: Refreshing org.springframework.context.support.ClassPathXmlApplicationContext@16546957: startup date [Tue Oct 10 17:03:09 EDT 2017]; root of context hierarchy
Oct 10, 2017 5:03:09 PM org.springframework.beans.factory.xml.XmlBeanDefinitionReader loadBeanDefinitions
INFO: Loading XML bean definitions from class path resource [applicationContext.xml]
Oct 10, 2017 5:03:09 PM org.springframework.context.support.ClassPathXmlApplicationContext prepareRefresh
INFO: Refreshing org.springframework.context.support.ClassPathXmlApplicationContext@4a3ebba6: startup date [Tue Oct 10 17:03:09 EDT 2017]; root of context hierarchy
Oct 10, 2017 5:03:09 PM org.springframework.beans.factory.xml.XmlBeanDefinitionReader loadBeanDefinitions
INFO: Loading XML bean definitions from class path resource [applicationContext.xml]
Oct 10, 2017 5:03:09 PM org.springframework.context.support.ClassPathXmlApplicationContext prepareRefresh
INFO: Refreshing org.springframework.context.support.ClassPathXmlApplicationContext@3e821bba: startup date [Tue Oct 10 17:03:09 EDT 2017]; root of context hierarchy
Oct 10, 2017 5:03:09 PM org.springframework.beans.factory.xml.XmlBeanDefinitionReader loadBeanDefinitions
INFO: Loading XML bean definitions from class path resource [applicationContext.xml]
Oct 10, 2017 5:03:09 PM org.springframework.context.support.ClassPathXmlApplicationContext prepareRefresh
INFO: Refreshing org.springframework.context.support.ClassPathXmlApplicationContext@6b869242: startup date [Tue Oct 10 17:03:09 EDT 2017]; root of context hierarchy
Oct 10, 2017 5:03:09 PM org.springframework.beans.factory.xml.XmlBeanDefinitionReader loadBeanDefinitions
INFO: Loading XML bean definitions from class path resource [applicationContext.xml]
Oct 10, 2017 5:03:09 PM org.springframework.context.support.ClassPathXmlApplicationContext prepareRefresh
INFO: Refreshing org.springframework.context.support.ClassPathXmlApplicationContext@1e732fc2: startup date [Tue Oct 10 17:03:09 EDT 2017]; root of context hierarchy
Oct 10, 2017 5:03:09 PM org.springframework.beans.factory.xml.XmlBeanDefinitionReader loadBeanDefinitions
INFO: Loading XML bean definitions from class path resource [applicationContext.xml]
Oct 10, 2017 5:03:09 PM org.springframework.context.support.ClassPathXmlApplicationContext prepareRefresh
INFO: Refreshing org.springframework.context.support.ClassPathXmlApplicationContext@7e522994: startup date [Tue Oct 10 17:03:09 EDT 2017]; root of context hierarchy
Oct 10, 2017 5:03:09 PM org.springframework.beans.factory.xml.XmlBeanDefinitionReader loadBeanDefinitions
INFO: Loading XML bean definitions from class path resource [applicationContext.xml]
Oct 10, 2017 5:03:09 PM org.springframework.context.support.ClassPathXmlApplicationContext prepareRefresh
INFO: Refreshing org.springframework.context.support.ClassPathXmlApplicationContext@341b0573: startup date [Tue Oct 10 17:03:09 EDT 2017]; root of context hierarchy
Oct 10, 2017 5:03:09 PM org.springframework.beans.factory.xml.XmlBeanDefinitionReader loadBeanDefinitions
INFO: Loading XML bean definitions from class path resource [applicationContext.xml]
Oct 10, 2017 5:03:09 PM org.springframework.context.support.ClassPathXmlApplicationContext prepareRefresh
INFO: Refreshing org.springframework.context.support.ClassPathXmlApplicationContext@4dbd1fdb: startup date [Tue Oct 10 17:03:09 EDT 2017]; root of context hierarchy
Oct 10, 2017 5:03:09 PM org.springframework.beans.factory.xml.XmlBeanDefinitionReader loadBeanDefinitions
INFO: Loading XML bean definitions from class path resource [applicationContext.xml]
Oct 10, 2017 5:03:09 PM org.springframework.context.support.ClassPathXmlApplicationContext prepareRefresh
INFO: Refreshing org.springframework.context.support.ClassPathXmlApplicationContext@43aa4e0d: startup date [Tue Oct 10 17:03:09 EDT 2017]; root of context hierarchy
Oct 10, 2017 5:03:09 PM org.springframework.beans.factory.xml.XmlBeanDefinitionReader loadBeanDefinitions
INFO: Loading XML bean definitions from class path resource [applicationContext.xml]
Oct 10, 2017 5:03:09 PM org.springframework.context.support.ClassPathXmlApplicationContext prepareRefresh
INFO: Refreshing org.springframework.context.support.ClassPathXmlApplicationContext@77e8c81c: startup date [Tue Oct 10 17:03:09 EDT 2017]; root of context hierarchy
Oct 10, 2017 5:03:09 PM org.springframework.beans.factory.xml.XmlBeanDefinitionReader loadBeanDefinitions
INFO: Loading XML bean definitions from class path resource [applicationContext.xml]
Oct 10, 2017 5:03:09 PM org.springframework.context.support.ClassPathXmlApplicationContext prepareRefresh
INFO: Refreshing org.springframework.context.support.ClassPathXmlApplicationContext@2ad447d8: startup date [Tue Oct 10 17:03:09 EDT 2017]; root of context hierarchy
Oct 10, 2017 5:03:09 PM org.springframework.beans.factory.xml.XmlBeanDefinitionReader loadBeanDefinitions
INFO: Loading XML bean definitions from class path resource [applicationContext.xml]
Oct 10, 2017 5:03:09 PM org.springframework.context.support.ClassPathXmlApplicationContext prepareRefresh
INFO: Refreshing org.springframework.context.support.ClassPathXmlApplicationContext@189faf12: startup date [Tue Oct 10 17:03:09 EDT 2017]; root of context hierarchy
Oct 10, 2017 5:03:09 PM org.springframework.beans.factory.xml.XmlBeanDefinitionReader loadBeanDefinitions
INFO: Loading XML bean definitions from class path resource [applicationContext.xml]
Oct 10, 2017 5:03:09 PM org.springframework.context.support.ClassPathXmlApplicationContext prepareRefresh
INFO: Refreshing org.springframework.context.support.ClassPathXmlApplicationContext@7e798721: startup date [Tue Oct 10 17:03:09 EDT 2017]; root of context hierarchy
Oct 10, 2017 5:03:09 PM org.springframework.beans.factory.xml.XmlBeanDefinitionReader loadBeanDefinitions
INFO: Loading XML bean definitions from class path resource [applicationContext.xml]
Oct 10, 2017 5:03:09 PM org.springframework.context.support.ClassPathXmlApplicationContext prepareRefresh
INFO: Refreshing org.springframework.context.support.ClassPathXmlApplicationContext@232a935: startup date [Tue Oct 10 17:03:09 EDT 2017]; root of context hierarchy
Oct 10, 2017 5:03:09 PM org.springframework.beans.factory.xml.XmlBeanDefinitionReader loadBeanDefinitions
INFO: Loading XML bean definitions from class path resource [applicationContext.xml]
Oct 10, 2017 5:03:09 PM org.springframework.context.support.ClassPathXmlApplicationContext prepareRefresh
INFO: Refreshing org.springframework.context.support.ClassPathXmlApplicationContext@278537ab: startup date [Tue Oct 10 17:03:09 EDT 2017]; root of context hierarchy
Oct 10, 2017 5:03:09 PM org.springframework.beans.factory.xml.XmlBeanDefinitionReader loadBeanDefinitions
INFO: Loading XML bean definitions from class path resource [applicationContext.xml]
Oct 10, 2017 5:03:09 PM org.springframework.context.support.ClassPathXmlApplicationContext prepareRefresh
INFO: Refreshing org.springframework.context.support.ClassPathXmlApplicationContext@5548d5c4: startup date [Tue Oct 10 17:03:09 EDT 2017]; root of context hierarchy
Oct 10, 2017 5:03:09 PM org.springframework.beans.factory.xml.XmlBeanDefinitionReader loadBeanDefinitions
INFO: Loading XML bean definitions from class path resource [applicationContext.xml]
Oct 10, 2017 5:03:09 PM org.springframework.context.support.ClassPathXmlApplicationContext prepareRefresh
INFO: Refreshing org.springframework.context.support.ClassPathXmlApplicationContext@614a32ef: startup date [Tue Oct 10 17:03:09 EDT 2017]; root of context hierarchy
Oct 10, 2017 5:03:09 PM org.springframework.beans.factory.xml.XmlBeanDefinitionReader loadBeanDefinitions
INFO: Loading XML bean definitions from class path resource [applicationContext.xml]
Oct 10, 2017 5:03:09 PM org.springframework.context.support.ClassPathXmlApplicationContext prepareRefresh
INFO: Refreshing org.springframework.context.support.ClassPathXmlApplicationContext@5d131f37: startup date [Tue Oct 10 17:03:09 EDT 2017]; root of context hierarchy
Oct 10, 2017 5:03:09 PM org.springframework.beans.factory.xml.XmlBeanDefinitionReader loadBeanDefinitions
INFO: Loading XML bean definitions from class path resource [applicationContext.xml]
Oct 10, 2017 5:03:09 PM org.springframework.context.support.ClassPathXmlApplicationContext prepareRefresh
INFO: Refreshing org.springframework.context.support.ClassPathXmlApplicationContext@7bb0b7b4: startup date [Tue Oct 10 17:03:09 EDT 2017]; root of context hierarchy
Oct 10, 2017 5:03:09 PM org.springframework.beans.factory.xml.XmlBeanDefinitionReader loadBeanDefinitions
INFO: Loading XML bean definitions from class path resource [applicationContext.xml]
Oct 10, 2017 5:03:09 PM org.springframework.context.support.ClassPathXmlApplicationContext prepareRefresh
INFO: Refreshing org.springframework.context.support.ClassPathXmlApplicationContext@4aaa6e62: startup date [Tue Oct 10 17:03:09 EDT 2017]; root of context hierarchy
Oct 10, 2017 5:03:09 PM org.springframework.beans.factory.xml.XmlBeanDefinitionReader loadBeanDefinitions
INFO: Loading XML bean definitions from class path resource [applicationContext.xml]
Oct 10, 2017 5:03:09 PM org.springframework.context.support.ClassPathXmlApplicationContext prepareRefresh
INFO: Refreshing org.springframework.context.support.ClassPathXmlApplicationContext@270741c2: startup date [Tue Oct 10 17:03:09 EDT 2017]; root of context hierarchy
Oct 10, 2017 5:03:09 PM org.springframework.beans.factory.xml.XmlBeanDefinitionReader loadBeanDefinitions
INFO: Loading XML bean definitions from class path resource [applicationContext.xml]
Oct 10, 2017 5:03:09 PM org.springframework.context.support.ClassPathXmlApplicationContext prepareRefresh
INFO: Refreshing org.springframework.context.support.ClassPathXmlApplicationContext@66910ced: startup date [Tue Oct 10 17:03:09 EDT 2017]; root of context hierarchy
Oct 10, 2017 5:03:09 PM org.springframework.beans.factory.xml.XmlBeanDefinitionReader loadBeanDefinitions
INFO: Loading XML bean definitions from class path resource [applicationContext.xml]
Oct 10, 2017 5:03:09 PM org.springframework.context.support.ClassPathXmlApplicationContext prepareRefresh
INFO: Refreshing org.springframework.context.support.ClassPathXmlApplicationContext@54afe2bd: startup date [Tue Oct 10 17:03:09 EDT 2017]; root of context hierarchy
Oct 10, 2017 5:03:09 PM org.springframework.beans.factory.xml.XmlBeanDefinitionReader loadBeanDefinitions
INFO: Loading XML bean definitions from class path resource [applicationContext.xml]
Oct 10, 2017 5:03:09 PM org.springframework.context.support.ClassPathXmlApplicationContext prepareRefresh
INFO: Refreshing org.springframework.context.support.ClassPathXmlApplicationContext@16ab1a73: startup date [Tue Oct 10 17:03:09 EDT 2017]; root of context hierarchy
Oct 10, 2017 5:03:09 PM org.springframework.beans.factory.xml.XmlBeanDefinitionReader loadBeanDefinitions
INFO: Loading XML bean definitions from class path resource [applicationContext.xml]
Oct 10, 2017 5:03:09 PM org.springframework.context.support.ClassPathXmlApplicationContext prepareRefresh
INFO: Refreshing org.springframework.context.support.ClassPathXmlApplicationContext@5ac9ae05: startup date [Tue Oct 10 17:03:09 EDT 2017]; root of context hierarchy
Oct 10, 2017 5:03:09 PM org.springframework.beans.factory.xml.XmlBeanDefinitionReader loadBeanDefinitions
INFO: Loading XML bean definitions from class path resource [applicationContext.xml]
Oct 10, 2017 5:03:09 PM org.springframework.context.support.ClassPathXmlApplicationContext prepareRefresh
INFO: Refreshing org.springframework.context.support.ClassPathXmlApplicationContext@6f42c61f: startup date [Tue Oct 10 17:03:09 EDT 2017]; root of context hierarchy
Oct 10, 2017 5:03:09 PM org.springframework.beans.factory.xml.XmlBeanDefinitionReader loadBeanDefinitions
INFO: Loading XML bean definitions from class path resource [applicationContext.xml]
Oct 10, 2017 5:03:09 PM org.springframework.context.support.ClassPathXmlApplicationContext prepareRefresh
INFO: Refreshing org.springframework.context.support.ClassPathXmlApplicationContext@bb96f3f: startup date [Tue Oct 10 17:03:09 EDT 2017]; root of context hierarchy
Oct 10, 2017 5:03:09 PM org.springframework.beans.factory.xml.XmlBeanDefinitionReader loadBeanDefinitions
INFO: Loading XML bean definitions from class path resource [applicationContext.xml]
Oct 10, 2017 5:03:09 PM org.springframework.context.support.ClassPathXmlApplicationContext prepareRefresh
INFO: Refreshing org.springframework.context.support.ClassPathXmlApplicationContext@6689f455: startup date [Tue Oct 10 17:03:09 EDT 2017]; root of context hierarchy
Oct 10, 2017 5:03:09 PM org.springframework.beans.factory.xml.XmlBeanDefinitionReader loadBeanDefinitions
INFO: Loading XML bean definitions from class path resource [applicationContext.xml]
Oct 10, 2017 5:03:09 PM org.springframework.context.support.ClassPathXmlApplicationContext prepareRefresh
INFO: Refreshing org.springframework.context.support.ClassPathXmlApplicationContext@101d33a7: startup date [Tue Oct 10 17:03:09 EDT 2017]; root of context hierarchy
Oct 10, 2017 5:03:09 PM org.springframework.beans.factory.xml.XmlBeanDefinitionReader loadBeanDefinitions
INFO: Loading XML bean definitions from class path resource [applicationContext.xml]
Oct 10, 2017 5:03:09 PM org.springframework.context.support.ClassPathXmlApplicationContext prepareRefresh
INFO: Refreshing org.springframework.context.support.ClassPathXmlApplicationContext@255130e3: startup date [Tue Oct 10 17:03:09 EDT 2017]; root of context hierarchy
Oct 10, 2017 5:03:09 PM org.springframework.beans.factory.xml.XmlBeanDefinitionReader loadBeanDefinitions
INFO: Loading XML bean definitions from class path resource [applicationContext.xml]
Oct 10, 2017 5:03:09 PM org.springframework.context.support.ClassPathXmlApplicationContext prepareRefresh
INFO: Refreshing org.springframework.context.support.ClassPathXmlApplicationContext@4d98763f: startup date [Tue Oct 10 17:03:09 EDT 2017]; root of context hierarchy
Oct 10, 2017 5:03:09 PM org.springframework.beans.factory.xml.XmlBeanDefinitionReader loadBeanDefinitions
INFO: Loading XML bean definitions from class path resource [applicationContext.xml]
Oct 10, 2017 5:03:09 PM org.springframework.context.support.ClassPathXmlApplicationContext prepareRefresh
INFO: Refreshing org.springframework.context.support.ClassPathXmlApplicationContext@157289a: startup date [Tue Oct 10 17:03:09 EDT 2017]; root of context hierarchy
Oct 10, 2017 5:03:09 PM org.springframework.beans.factory.xml.XmlBeanDefinitionReader loadBeanDefinitions
INFO: Loading XML bean definitions from class path resource [applicationContext.xml]
Oct 10, 2017 5:03:09 PM org.springframework.context.support.ClassPathXmlApplicationContext prepareRefresh
INFO: Refreshing org.springframework.context.support.ClassPathXmlApplicationContext@13a7aec7: startup date [Tue Oct 10 17:03:09 EDT 2017]; root of context hierarchy
Oct 10, 2017 5:03:09 PM org.springframework.beans.factory.xml.XmlBeanDefinitionReader loadBeanDefinitions
INFO: Loading XML bean definitions from class path resource [applicationContext.xml]
Oct 10, 2017 5:03:09 PM org.springframework.context.support.ClassPathXmlApplicationContext prepareRefresh
INFO: Refreshing org.springframework.context.support.ClassPathXmlApplicationContext@22aca9c1: startup date [Tue Oct 10 17:03:09 EDT 2017]; root of context hierarchy
Oct 10, 2017 5:03:09 PM org.springframework.beans.factory.xml.XmlBeanDefinitionReader loadBeanDefinitions
INFO: Loading XML bean definitions from class path resource [applicationContext.xml]
Oct 10, 2017 5:03:09 PM org.springframework.context.support.ClassPathXmlApplicationContext prepareRefresh
INFO: Refreshing org.springframework.context.support.ClassPathXmlApplicationContext@6c6a8692: startup date [Tue Oct 10 17:03:09 EDT 2017]; root of context hierarchy
Oct 10, 2017 5:03:09 PM org.springframework.beans.factory.xml.XmlBeanDefinitionReader loadBeanDefinitions
INFO: Loading XML bean definitions from class path resource [applicationContext.xml]
Oct 10, 2017 5:03:09 PM org.springframework.context.support.ClassPathXmlApplicationContext prepareRefresh
INFO: Refreshing org.springframework.context.support.ClassPathXmlApplicationContext@4052305e: startup date [Tue Oct 10 17:03:09 EDT 2017]; root of context hierarchy
Oct 10, 2017 5:03:09 PM org.springframework.beans.factory.xml.XmlBeanDefinitionReader loadBeanDefinitions
INFO: Loading XML bean definitions from class path resource [applicationContext.xml]
Oct 10, 2017 5:03:09 PM org.springframework.context.support.ClassPathXmlApplicationContext prepareRefresh
INFO: Refreshing org.springframework.context.support.ClassPathXmlApplicationContext@72883ae0: startup date [Tue Oct 10 17:03:09 EDT 2017]; root of context hierarchy
Oct 10, 2017 5:03:09 PM org.springframework.beans.factory.xml.XmlBeanDefinitionReader loadBeanDefinitions
INFO: Loading XML bean definitions from class path resource [applicationContext.xml]
Oct 10, 2017 5:03:09 PM org.springframework.context.support.ClassPathXmlApplicationContext prepareRefresh
INFO: Refreshing org.springframework.context.support.ClassPathXmlApplicationContext@7256bc2: startup date [Tue Oct 10 17:03:09 EDT 2017]; root of context hierarchy
Oct 10, 2017 5:03:09 PM org.springframework.beans.factory.xml.XmlBeanDefinitionReader loadBeanDefinitions
INFO: Loading XML bean definitions from class path resource [applicationContext.xml]
Oct 10, 2017 5:03:09 PM org.springframework.context.support.ClassPathXmlApplicationContext prepareRefresh
INFO: Refreshing org.springframework.context.support.ClassPathXmlApplicationContext@50a0404b: startup date [Tue Oct 10 17:03:09 EDT 2017]; root of context hierarchy
Oct 10, 2017 5:03:09 PM org.springframework.beans.factory.xml.XmlBeanDefinitionReader loadBeanDefinitions
INFO: Loading XML bean definitions from class path resource [applicationContext.xml]
Oct 10, 2017 5:03:09 PM org.springframework.context.support.ClassPathXmlApplicationContext prepareRefresh
INFO: Refreshing org.springframework.context.support.ClassPathXmlApplicationContext@58b4f4a: startup date [Tue Oct 10 17:03:09 EDT 2017]; root of context hierarchy
Oct 10, 2017 5:03:09 PM org.springframework.beans.factory.xml.XmlBeanDefinitionReader loadBeanDefinitions
INFO: Loading XML bean definitions from class path resource [applicationContext.xml]
Oct 10, 2017 5:03:09 PM org.springframework.context.support.ClassPathXmlApplicationContext prepareRefresh
INFO: Refreshing org.springframework.context.support.ClassPathXmlApplicationContext@70d4ea55: startup date [Tue Oct 10 17:03:09 EDT 2017]; root of context hierarchy
Oct 10, 2017 5:03:09 PM org.springframework.beans.factory.xml.XmlBeanDefinitionReader loadBeanDefinitions
INFO: Loading XML bean definitions from class path resource [applicationContext.xml]
Oct 10, 2017 5:03:09 PM org.springframework.context.support.ClassPathXmlApplicationContext prepareRefresh
INFO: Refreshing org.springframework.context.support.ClassPathXmlApplicationContext@7488a9ac: startup date [Tue Oct 10 17:03:09 EDT 2017]; root of context hierarchy
Oct 10, 2017 5:03:09 PM org.springframework.beans.factory.xml.XmlBeanDefinitionReader loadBeanDefinitions
INFO: Loading XML bean definitions from class path resource [applicationContext.xml]
Oct 10, 2017 5:03:09 PM org.springframework.context.support.ClassPathXmlApplicationContext prepareRefresh
INFO: Refreshing org.springframework.context.support.ClassPathXmlApplicationContext@1e1298ca: startup date [Tue Oct 10 17:03:09 EDT 2017]; root of context hierarchy
Oct 10, 2017 5:03:09 PM org.springframework.beans.factory.xml.XmlBeanDefinitionReader loadBeanDefinitions
INFO: Loading XML bean definitions from class path resource [applicationContext.xml]
Oct 10, 2017 5:03:09 PM org.springframework.context.support.ClassPathXmlApplicationContext prepareRefresh
INFO: Refreshing org.springframework.context.support.ClassPathXmlApplicationContext@40151a6b: startup date [Tue Oct 10 17:03:09 EDT 2017]; root of context hierarchy
Oct 10, 2017 5:03:09 PM org.springframework.beans.factory.xml.XmlBeanDefinitionReader loadBeanDefinitions
INFO: Loading XML bean definitions from class path resource [applicationContext.xml]
Oct 10, 2017 5:03:09 PM org.springframework.context.support.ClassPathXmlApplicationContext prepareRefresh
INFO: Refreshing org.springframework.context.support.ClassPathXmlApplicationContext@2283dc7e: startup date [Tue Oct 10 17:03:09 EDT 2017]; root of context hierarchy
Oct 10, 2017 5:03:09 PM org.springframework.beans.factory.xml.XmlBeanDefinitionReader loadBeanDefinitions
INFO: Loading XML bean definitions from class path resource [applicationContext.xml]
Oct 10, 2017 5:03:09 PM org.springframework.context.support.ClassPathXmlApplicationContext prepareRefresh
INFO: Refreshing org.springframework.context.support.ClassPathXmlApplicationContext@60ae0977: startup date [Tue Oct 10 17:03:09 EDT 2017]; root of context hierarchy
Oct 10, 2017 5:03:09 PM org.springframework.beans.factory.xml.XmlBeanDefinitionReader loadBeanDefinitions
INFO: Loading XML bean definitions from class path resource [applicationContext.xml]
Oct 10, 2017 5:03:09 PM org.springframework.context.support.ClassPathXmlApplicationContext prepareRefresh
INFO: Refreshing org.springframework.context.support.ClassPathXmlApplicationContext@562058d8: startup date [Tue Oct 10 17:03:09 EDT 2017]; root of context hierarchy
Oct 10, 2017 5:03:09 PM org.springframework.beans.factory.xml.XmlBeanDefinitionReader loadBeanDefinitions
INFO: Loading XML bean definitions from class path resource [applicationContext.xml]
Oct 10, 2017 5:03:09 PM org.springframework.context.support.ClassPathXmlApplicationContext prepareRefresh
INFO: Refreshing org.springframework.context.support.ClassPathXmlApplicationContext@792b2318: startup date [Tue Oct 10 17:03:09 EDT 2017]; root of context hierarchy
Oct 10, 2017 5:03:10 PM org.springframework.beans.factory.xml.XmlBeanDefinitionReader loadBeanDefinitions
INFO: Loading XML bean definitions from class path resource [applicationContext.xml]
Oct 10, 2017 5:03:10 PM org.springframework.context.support.ClassPathXmlApplicationContext prepareRefresh
INFO: Refreshing org.springframework.context.support.ClassPathXmlApplicationContext@4100960: startup date [Tue Oct 10 17:03:10 EDT 2017]; root of context hierarchy
Oct 10, 2017 5:03:10 PM org.springframework.beans.factory.xml.XmlBeanDefinitionReader loadBeanDefinitions
INFO: Loading XML bean definitions from class path resource [applicationContext.xml]
Oct 10, 2017 5:03:10 PM org.springframework.context.support.ClassPathXmlApplicationContext prepareRefresh
INFO: Refreshing org.springframework.context.support.ClassPathXmlApplicationContext@e774bb3: startup date [Tue Oct 10 17:03:10 EDT 2017]; root of context hierarchy
Oct 10, 2017 5:03:10 PM org.springframework.beans.factory.xml.XmlBeanDefinitionReader loadBeanDefinitions
INFO: Loading XML bean definitions from class path resource [applicationContext.xml]
Oct 10, 2017 5:03:10 PM org.springframework.context.support.ClassPathXmlApplicationContext prepareRefresh
INFO: Refreshing org.springframework.context.support.ClassPathXmlApplicationContext@5069b3c6: startup date [Tue Oct 10 17:03:10 EDT 2017]; root of context hierarchy
Oct 10, 2017 5:03:10 PM org.springframework.beans.factory.xml.XmlBeanDefinitionReader loadBeanDefinitions
INFO: Loading XML bean definitions from class path resource [applicationContext.xml]
Oct 10, 2017 5:03:10 PM org.springframework.context.support.ClassPathXmlApplicationContext prepareRefresh
INFO: Refreshing org.springframework.context.support.ClassPathXmlApplicationContext@3fec2b48: startup date [Tue Oct 10 17:03:10 EDT 2017]; root of context hierarchy
Oct 10, 2017 5:03:10 PM org.springframework.beans.factory.xml.XmlBeanDefinitionReader loadBeanDefinitions
INFO: Loading XML bean definitions from class path resource [applicationContext.xml]
Oct 10, 2017 5:03:10 PM org.springframework.context.support.ClassPathXmlApplicationContext prepareRefresh
INFO: Refreshing org.springframework.context.support.ClassPathXmlApplicationContext@32f17e62: startup date [Tue Oct 10 17:03:10 EDT 2017]; root of context hierarchy
Oct 10, 2017 5:03:10 PM org.springframework.beans.factory.xml.XmlBeanDefinitionReader loadBeanDefinitions
INFO: Loading XML bean definitions from class path resource [applicationContext.xml]
Oct 10, 2017 5:03:10 PM org.springframework.context.support.ClassPathXmlApplicationContext prepareRefresh
INFO: Refreshing org.springframework.context.support.ClassPathXmlApplicationContext@1a419361: startup date [Tue Oct 10 17:03:10 EDT 2017]; root of context hierarchy
Oct 10, 2017 5:03:10 PM org.springframework.beans.factory.xml.XmlBeanDefinitionReader loadBeanDefinitions
INFO: Loading XML bean definitions from class path resource [applicationContext.xml]
Oct 10, 2017 5:03:10 PM org.springframework.context.support.ClassPathXmlApplicationContext prepareRefresh
INFO: Refreshing org.springframework.context.support.ClassPathXmlApplicationContext@2a2cc1e5: startup date [Tue Oct 10 17:03:10 EDT 2017]; root of context hierarchy
Oct 10, 2017 5:03:10 PM org.springframework.beans.factory.xml.XmlBeanDefinitionReader loadBeanDefinitions
INFO: Loading XML bean definitions from class path resource [applicationContext.xml]
Oct 10, 2017 5:03:10 PM org.springframework.context.support.ClassPathXmlApplicationContext prepareRefresh
INFO: Refreshing org.springframework.context.support.ClassPathXmlApplicationContext@37edefb2: startup date [Tue Oct 10 17:03:10 EDT 2017]; root of context hierarchy
Oct 10, 2017 5:03:10 PM org.springframework.beans.factory.xml.XmlBeanDefinitionReader loadBeanDefinitions
INFO: Loading XML bean definitions from class path resource [applicationContext.xml]
Oct 10, 2017 5:03:10 PM org.springframework.context.support.ClassPathXmlApplicationContext prepareRefresh
INFO: Refreshing org.springframework.context.support.ClassPathXmlApplicationContext@56d20e8d: startup date [Tue Oct 10 17:03:10 EDT 2017]; root of context hierarchy
Oct 10, 2017 5:03:10 PM org.springframework.beans.factory.xml.XmlBeanDefinitionReader loadBeanDefinitions
INFO: Loading XML bean definitions from class path resource [applicationContext.xml]
Oct 10, 2017 5:03:10 PM org.springframework.context.support.ClassPathXmlApplicationContext prepareRefresh
INFO: Refreshing org.springframework.context.support.ClassPathXmlApplicationContext@39ed2eb1: startup date [Tue Oct 10 17:03:10 EDT 2017]; root of context hierarchy
Oct 10, 2017 5:03:10 PM org.springframework.beans.factory.xml.XmlBeanDefinitionReader loadBeanDefinitions
INFO: Loading XML bean definitions from class path resource [applicationContext.xml]
Oct 10, 2017 5:03:10 PM org.springframework.context.support.ClassPathXmlApplicationContext prepareRefresh
INFO: Refreshing org.springframework.context.support.ClassPathXmlApplicationContext@44a0de07: startup date [Tue Oct 10 17:03:10 EDT 2017]; root of context hierarchy
Oct 10, 2017 5:03:10 PM org.springframework.beans.factory.xml.XmlBeanDefinitionReader loadBeanDefinitions
INFO: Loading XML bean definitions from class path resource [applicationContext.xml]
Oct 10, 2017 5:03:10 PM org.springframework.context.support.ClassPathXmlApplicationContext prepareRefresh
INFO: Refreshing org.springframework.context.support.ClassPathXmlApplicationContext@13c4af55: startup date [Tue Oct 10 17:03:10 EDT 2017]; root of context hierarchy
Oct 10, 2017 5:03:10 PM org.springframework.beans.factory.xml.XmlBeanDefinitionReader loadBeanDefinitions
INFO: Loading XML bean definitions from class path resource [applicationContext.xml]
Oct 10, 2017 5:03:10 PM org.springframework.context.support.ClassPathXmlApplicationContext prepareRefresh
INFO: Refreshing org.springframework.context.support.ClassPathXmlApplicationContext@35fdc926: startup date [Tue Oct 10 17:03:10 EDT 2017]; root of context hierarchy
Oct 10, 2017 5:03:10 PM org.springframework.beans.factory.xml.XmlBeanDefinitionReader loadBeanDefinitions
INFO: Loading XML bean definitions from class path resource [applicationContext.xml]
Oct 10, 2017 5:03:10 PM org.springframework.context.support.ClassPathXmlApplicationContext prepareRefresh
INFO: Refreshing org.springframework.context.support.ClassPathXmlApplicationContext@485461b7: startup date [Tue Oct 10 17:03:10 EDT 2017]; root of context hierarchy
Oct 10, 2017 5:03:10 PM org.springframework.beans.factory.xml.XmlBeanDefinitionReader loadBeanDefinitions
INFO: Loading XML bean definitions from class path resource [applicationContext.xml]
Oct 10, 2017 5:03:10 PM org.springframework.context.support.ClassPathXmlApplicationContext prepareRefresh
INFO: Refreshing org.springframework.context.support.ClassPathXmlApplicationContext@59cda7a8: startup date [Tue Oct 10 17:03:10 EDT 2017]; root of context hierarchy
Oct 10, 2017 5:03:10 PM org.springframework.beans.factory.xml.XmlBeanDefinitionReader loadBeanDefinitions
INFO: Loading XML bean definitions from class path resource [applicationContext.xml]
Oct 10, 2017 5:03:10 PM org.springframework.context.support.ClassPathXmlApplicationContext prepareRefresh
INFO: Refreshing org.springframework.context.support.ClassPathXmlApplicationContext@3c57fb14: startup date [Tue Oct 10 17:03:10 EDT 2017]; root of context hierarchy
Oct 10, 2017 5:03:10 PM org.springframework.beans.factory.xml.XmlBeanDefinitionReader loadBeanDefinitions
INFO: Loading XML bean definitions from class path resource [applicationContext.xml]
Oct 10, 2017 5:03:10 PM org.springframework.context.support.ClassPathXmlApplicationContext prepareRefresh
INFO: Refreshing org.springframework.context.support.ClassPathXmlApplicationContext@2f1841c5: startup date [Tue Oct 10 17:03:10 EDT 2017]; root of context hierarchy
Oct 10, 2017 5:03:10 PM org.springframework.beans.factory.xml.XmlBeanDefinitionReader loadBeanDefinitions
INFO: Loading XML bean definitions from class path resource [applicationContext.xml]
Oct 10, 2017 5:03:10 PM org.springframework.context.support.ClassPathXmlApplicationContext prepareRefresh
INFO: Refreshing org.springframework.context.support.ClassPathXmlApplicationContext@7edba571: startup date [Tue Oct 10 17:03:10 EDT 2017]; root of context hierarchy
Oct 10, 2017 5:03:10 PM org.springframework.beans.factory.xml.XmlBeanDefinitionReader loadBeanDefinitions
INFO: Loading XML bean definitions from class path resource [applicationContext.xml]
Oct 10, 2017 5:03:10 PM org.springframework.context.support.ClassPathXmlApplicationContext prepareRefresh
INFO: Refreshing org.springframework.context.support.ClassPathXmlApplicationContext@18c847cc: startup date [Tue Oct 10 17:03:10 EDT 2017]; root of context hierarchy
Oct 10, 2017 5:03:10 PM org.springframework.beans.factory.xml.XmlBeanDefinitionReader loadBeanDefinitions
INFO: Loading XML bean definitions from class path resource [applicationContext.xml]
Oct 10, 2017 5:03:10 PM org.springframework.context.support.ClassPathXmlApplicationContext prepareRefresh
INFO: Refreshing org.springframework.context.support.ClassPathXmlApplicationContext@5002aa66: startup date [Tue Oct 10 17:03:10 EDT 2017]; root of context hierarchy
Oct 10, 2017 5:03:10 PM org.springframework.beans.factory.xml.XmlBeanDefinitionReader loadBeanDefinitions
INFO: Loading XML bean definitions from class path resource [applicationContext.xml]
Oct 10, 2017 5:03:10 PM org.springframework.context.support.ClassPathXmlApplicationContext prepareRefresh
INFO: Refreshing org.springframework.context.support.ClassPathXmlApplicationContext@1aa8386a: startup date [Tue Oct 10 17:03:10 EDT 2017]; root of context hierarchy
Oct 10, 2017 5:03:10 PM org.springframework.beans.factory.xml.XmlBeanDefinitionReader loadBeanDefinitions
INFO: Loading XML bean definitions from class path resource [applicationContext.xml]
Oct 10, 2017 5:03:10 PM org.springframework.context.support.ClassPathXmlApplicationContext prepareRefresh
INFO: Refreshing org.springframework.context.support.ClassPathXmlApplicationContext@4e9a832c: startup date [Tue Oct 10 17:03:10 EDT 2017]; root of context hierarchy
Oct 10, 2017 5:03:10 PM org.springframework.beans.factory.xml.XmlBeanDefinitionReader loadBeanDefinitions
INFO: Loading XML bean definitions from class path resource [applicationContext.xml]
Oct 10, 2017 5:03:10 PM org.springframework.context.support.ClassPathXmlApplicationContext prepareRefresh
INFO: Refreshing org.springframework.context.support.ClassPathXmlApplicationContext@5c772cba: startup date [Tue Oct 10 17:03:10 EDT 2017]; root of context hierarchy
Oct 10, 2017 5:03:10 PM org.springframework.beans.factory.xml.XmlBeanDefinitionReader loadBeanDefinitions
INFO: Loading XML bean definitions from class path resource [applicationContext.xml]
Oct 10, 2017 5:03:10 PM org.springframework.context.support.ClassPathXmlApplicationContext prepareRefresh
INFO: Refreshing org.springframework.context.support.ClassPathXmlApplicationContext@4ad8eaa5: startup date [Tue Oct 10 17:03:10 EDT 2017]; root of context hierarchy
Oct 10, 2017 5:03:10 PM org.springframework.beans.factory.xml.XmlBeanDefinitionReader loadBeanDefinitions
INFO: Loading XML bean definitions from class path resource [applicationContext.xml]
Oct 10, 2017 5:03:10 PM org.springframework.context.support.ClassPathXmlApplicationContext prepareRefresh
INFO: Refreshing org.springframework.context.support.ClassPathXmlApplicationContext@3c193a5a: startup date [Tue Oct 10 17:03:10 EDT 2017]; root of context hierarchy
Oct 10, 2017 5:03:10 PM org.springframework.beans.factory.xml.XmlBeanDefinitionReader loadBeanDefinitions
INFO: Loading XML bean definitions from class path resource [applicationContext.xml]
Oct 10, 2017 5:03:10 PM org.springframework.context.support.ClassPathXmlApplicationContext prepareRefresh
INFO: Refreshing org.springframework.context.support.ClassPathXmlApplicationContext@7778822b: startup date [Tue Oct 10 17:03:10 EDT 2017]; root of context hierarchy
Oct 10, 2017 5:03:10 PM org.springframework.beans.factory.xml.XmlBeanDefinitionReader loadBeanDefinitions
INFO: Loading XML bean definitions from class path resource [applicationContext.xml]
Oct 10, 2017 5:03:10 PM org.springframework.context.support.ClassPathXmlApplicationContext prepareRefresh
INFO: Refreshing org.springframework.context.support.ClassPathXmlApplicationContext@24b57f0b: startup date [Tue Oct 10 17:03:10 EDT 2017]; root of context hierarchy
Oct 10, 2017 5:03:10 PM org.springframework.beans.factory.xml.XmlBeanDefinitionReader loadBeanDefinitions
INFO: Loading XML bean definitions from class path resource [applicationContext.xml]
Oct 10, 2017 5:03:10 PM org.springframework.context.support.ClassPathXmlApplicationContext prepareRefresh
INFO: Refreshing org.springframework.context.support.ClassPathXmlApplicationContext@5b386c8: startup date [Tue Oct 10 17:03:10 EDT 2017]; root of context hierarchy
Oct 10, 2017 5:03:10 PM org.springframework.beans.factory.xml.XmlBeanDefinitionReader loadBeanDefinitions
INFO: Loading XML bean definitions from class path resource [applicationContext.xml]
Oct 10, 2017 5:03:10 PM org.springframework.context.support.ClassPathXmlApplicationContext prepareRefresh
INFO: Refreshing org.springframework.context.support.ClassPathXmlApplicationContext@7a34bb07: startup date [Tue Oct 10 17:03:10 EDT 2017]; root of context hierarchy
Oct 10, 2017 5:03:10 PM org.springframework.beans.factory.xml.XmlBeanDefinitionReader loadBeanDefinitions
INFO: Loading XML bean definitions from class path resource [applicationContext.xml]
Oct 10, 2017 5:03:10 PM org.springframework.context.support.ClassPathXmlApplicationContext prepareRefresh
INFO: Refreshing org.springframework.context.support.ClassPathXmlApplicationContext@7d12e459: startup date [Tue Oct 10 17:03:10 EDT 2017]; root of context hierarchy
Oct 10, 2017 5:03:10 PM org.springframework.beans.factory.xml.XmlBeanDefinitionReader loadBeanDefinitions
INFO: Loading XML bean definitions from class path resource [applicationContext.xml]
Oct 10, 2017 5:03:10 PM org.springframework.context.support.ClassPathXmlApplicationContext prepareRefresh
INFO: Refreshing org.springframework.context.support.ClassPathXmlApplicationContext@7f558711: startup date [Tue Oct 10 17:03:10 EDT 2017]; root of context hierarchy
Oct 10, 2017 5:03:10 PM org.springframework.beans.factory.xml.XmlBeanDefinitionReader loadBeanDefinitions
INFO: Loading XML bean definitions from class path resource [applicationContext.xml]
Oct 10, 2017 5:03:10 PM org.springframework.context.support.ClassPathXmlApplicationContext prepareRefresh
INFO: Refreshing org.springframework.context.support.ClassPathXmlApplicationContext@1c490bf2: startup date [Tue Oct 10 17:03:10 EDT 2017]; root of context hierarchy
Oct 10, 2017 5:03:10 PM org.springframework.beans.factory.xml.XmlBeanDefinitionReader loadBeanDefinitions
INFO: Loading XML bean definitions from class path resource [applicationContext.xml]
Oct 10, 2017 5:03:10 PM org.springframework.context.support.ClassPathXmlApplicationContext prepareRefresh
INFO: Refreshing org.springframework.context.support.ClassPathXmlApplicationContext@6191395: startup date [Tue Oct 10 17:03:10 EDT 2017]; root of context hierarchy
Oct 10, 2017 5:03:10 PM org.springframework.beans.factory.xml.XmlBeanDefinitionReader loadBeanDefinitions
INFO: Loading XML bean definitions from class path resource [applicationContext.xml]
Oct 10, 2017 5:03:10 PM org.springframework.context.support.ClassPathXmlApplicationContext prepareRefresh
INFO: Refreshing org.springframework.context.support.ClassPathXmlApplicationContext@608df685: startup date [Tue Oct 10 17:03:10 EDT 2017]; root of context hierarchy
Oct 10, 2017 5:03:10 PM org.springframework.beans.factory.xml.XmlBeanDefinitionReader loadBeanDefinitions
INFO: Loading XML bean definitions from class path resource [applicationContext.xml]
Oct 10, 2017 5:03:10 PM org.springframework.context.support.ClassPathXmlApplicationContext prepareRefresh
INFO: Refreshing org.springframework.context.support.ClassPathXmlApplicationContext@1b924e5: startup date [Tue Oct 10 17:03:10 EDT 2017]; root of context hierarchy
Oct 10, 2017 5:03:10 PM org.springframework.beans.factory.xml.XmlBeanDefinitionReader loadBeanDefinitions
INFO: Loading XML bean definitions from class path resource [applicationContext.xml]
Oct 10, 2017 5:03:10 PM org.springframework.context.support.ClassPathXmlApplicationContext prepareRefresh
INFO: Refreshing org.springframework.context.support.ClassPathXmlApplicationContext@2421fd62: startup date [Tue Oct 10 17:03:10 EDT 2017]; root of context hierarchy
Oct 10, 2017 5:03:10 PM org.springframework.beans.factory.xml.XmlBeanDefinitionReader loadBeanDefinitions
INFO: Loading XML bean definitions from class path resource [applicationContext.xml]
Oct 10, 2017 5:03:10 PM org.springframework.context.support.ClassPathXmlApplicationContext prepareRefresh
INFO: Refreshing org.springframework.context.support.ClassPathXmlApplicationContext@750a0bfe: startup date [Tue Oct 10 17:03:10 EDT 2017]; root of context hierarchy
Oct 10, 2017 5:03:10 PM org.springframework.beans.factory.xml.XmlBeanDefinitionReader loadBeanDefinitions
INFO: Loading XML bean definitions from class path resource [applicationContext.xml]
Oct 10, 2017 5:03:10 PM org.springframework.context.support.ClassPathXmlApplicationContext prepareRefresh
INFO: Refreshing org.springframework.context.support.ClassPathXmlApplicationContext@2ff76dec: startup date [Tue Oct 10 17:03:10 EDT 2017]; root of context hierarchy
Oct 10, 2017 5:03:10 PM org.springframework.beans.factory.xml.XmlBeanDefinitionReader loadBeanDefinitions
INFO: Loading XML bean definitions from class path resource [applicationContext.xml]
Oct 10, 2017 5:03:10 PM org.springframework.context.support.ClassPathXmlApplicationContext prepareRefresh
INFO: Refreshing org.springframework.context.support.ClassPathXmlApplicationContext@4b6ce5b6: startup date [Tue Oct 10 17:03:10 EDT 2017]; root of context hierarchy
Oct 10, 2017 5:03:10 PM org.springframework.beans.factory.xml.XmlBeanDefinitionReader loadBeanDefinitions
INFO: Loading XML bean definitions from class path resource [applicationContext.xml]
Oct 10, 2017 5:03:10 PM org.springframework.context.support.ClassPathXmlApplicationContext prepareRefresh
INFO: Refreshing org.springframework.context.support.ClassPathXmlApplicationContext@426abed4: startup date [Tue Oct 10 17:03:10 EDT 2017]; root of context hierarchy
Oct 10, 2017 5:03:10 PM org.springframework.beans.factory.xml.XmlBeanDefinitionReader loadBeanDefinitions
INFO: Loading XML bean definitions from class path resource [applicationContext.xml]
Oct 10, 2017 5:03:10 PM org.springframework.context.support.ClassPathXmlApplicationContext prepareRefresh
INFO: Refreshing org.springframework.context.support.ClassPathXmlApplicationContext@11216e2e: startup date [Tue Oct 10 17:03:10 EDT 2017]; root of context hierarchy
Oct 10, 2017 5:03:10 PM org.springframework.beans.factory.xml.XmlBeanDefinitionReader loadBeanDefinitions
INFO: Loading XML bean definitions from class path resource [applicationContext.xml]
Oct 10, 2017 5:03:10 PM org.springframework.context.support.ClassPathXmlApplicationContext prepareRefresh
INFO: Refreshing org.springframework.context.support.ClassPathXmlApplicationContext@15a54f36: startup date [Tue Oct 10 17:03:10 EDT 2017]; root of context hierarchy
Oct 10, 2017 5:03:10 PM org.springframework.beans.factory.xml.XmlBeanDefinitionReader loadBeanDefinitions
INFO: Loading XML bean definitions from class path resource [applicationContext.xml]
Oct 10, 2017 5:03:10 PM org.springframework.context.support.ClassPathXmlApplicationContext prepareRefresh
INFO: Refreshing org.springframework.context.support.ClassPathXmlApplicationContext@48f1968e: startup date [Tue Oct 10 17:03:10 EDT 2017]; root of context hierarchy
Oct 10, 2017 5:03:10 PM org.springframework.beans.factory.xml.XmlBeanDefinitionReader loadBeanDefinitions
INFO: Loading XML bean definitions from class path resource [applicationContext.xml]
Oct 10, 2017 5:03:10 PM org.springframework.context.support.ClassPathXmlApplicationContext prepareRefresh
INFO: Refreshing org.springframework.context.support.ClassPathXmlApplicationContext@79c26be5: startup date [Tue Oct 10 17:03:10 EDT 2017]; root of context hierarchy
Oct 10, 2017 5:03:10 PM org.springframework.beans.factory.xml.XmlBeanDefinitionReader loadBeanDefinitions
INFO: Loading XML bean definitions from class path resource [applicationContext.xml]
Oct 10, 2017 5:03:10 PM org.springframework.context.support.ClassPathXmlApplicationContext prepareRefresh
INFO: Refreshing org.springframework.context.support.ClassPathXmlApplicationContext@5fde6b8c: startup date [Tue Oct 10 17:03:10 EDT 2017]; root of context hierarchy
Oct 10, 2017 5:03:10 PM org.springframework.beans.factory.xml.XmlBeanDefinitionReader loadBeanDefinitions
INFO: Loading XML bean definitions from class path resource [applicationContext.xml]
Oct 10, 2017 5:03:10 PM org.springframework.context.support.ClassPathXmlApplicationContext prepareRefresh
INFO: Refreshing org.springframework.context.support.ClassPathXmlApplicationContext@2cdbe28: startup date [Tue Oct 10 17:03:10 EDT 2017]; root of context hierarchy
Oct 10, 2017 5:03:10 PM org.springframework.beans.factory.xml.XmlBeanDefinitionReader loadBeanDefinitions
INFO: Loading XML bean definitions from class path resource [applicationContext.xml]
Oct 10, 2017 5:03:10 PM org.springframework.context.support.ClassPathXmlApplicationContext prepareRefresh
INFO: Refreshing org.springframework.context.support.ClassPathXmlApplicationContext@73d0d431: startup date [Tue Oct 10 17:03:10 EDT 2017]; root of context hierarchy
Oct 10, 2017 5:03:10 PM org.springframework.beans.factory.xml.XmlBeanDefinitionReader loadBeanDefinitions
INFO: Loading XML bean definitions from class path resource [applicationContext.xml]
Oct 10, 2017 5:03:10 PM org.springframework.context.support.ClassPathXmlApplicationContext prepareRefresh
INFO: Refreshing org.springframework.context.support.ClassPathXmlApplicationContext@1c8b1df1: startup date [Tue Oct 10 17:03:10 EDT 2017]; root of context hierarchy
Oct 10, 2017 5:03:10 PM org.springframework.beans.factory.xml.XmlBeanDefinitionReader loadBeanDefinitions
INFO: Loading XML bean definitions from class path resource [applicationContext.xml]
Oct 10, 2017 5:03:10 PM org.springframework.context.support.ClassPathXmlApplicationContext prepareRefresh
INFO: Refreshing org.springframework.context.support.ClassPathXmlApplicationContext@5ccc3cce: startup date [Tue Oct 10 17:03:10 EDT 2017]; root of context hierarchy
Oct 10, 2017 5:03:10 PM org.springframework.beans.factory.xml.XmlBeanDefinitionReader loadBeanDefinitions
INFO: Loading XML bean definitions from class path resource [applicationContext.xml]
Oct 10, 2017 5:03:10 PM org.springframework.context.support.ClassPathXmlApplicationContext prepareRefresh
INFO: Refreshing org.springframework.context.support.ClassPathXmlApplicationContext@5bcaebdb: startup date [Tue Oct 10 17:03:10 EDT 2017]; root of context hierarchy
Oct 10, 2017 5:03:10 PM org.springframework.beans.factory.xml.XmlBeanDefinitionReader loadBeanDefinitions
INFO: Loading XML bean definitions from class path resource [applicationContext.xml]
Oct 10, 2017 5:03:10 PM org.springframework.context.support.ClassPathXmlApplicationContext prepareRefresh
INFO: Refreshing org.springframework.context.support.ClassPathXmlApplicationContext@2bfb0923: startup date [Tue Oct 10 17:03:10 EDT 2017]; root of context hierarchy
Oct 10, 2017 5:03:10 PM org.springframework.beans.factory.xml.XmlBeanDefinitionReader loadBeanDefinitions
INFO: Loading XML bean definitions from class path resource [applicationContext.xml]
Oct 10, 2017 5:03:10 PM org.springframework.context.support.ClassPathXmlApplicationContext prepareRefresh
INFO: Refreshing org.springframework.context.support.ClassPathXmlApplicationContext@740ba30d: startup date [Tue Oct 10 17:03:10 EDT 2017]; root of context hierarchy
Oct 10, 2017 5:03:10 PM org.springframework.beans.factory.xml.XmlBeanDefinitionReader loadBeanDefinitions
INFO: Loading XML bean definitions from class path resource [applicationContext.xml]
Oct 10, 2017 5:03:10 PM org.springframework.context.support.ClassPathXmlApplicationContext prepareRefresh
INFO: Refreshing org.springframework.context.support.ClassPathXmlApplicationContext@111c2c9c: startup date [Tue Oct 10 17:03:10 EDT 2017]; root of context hierarchy
Oct 10, 2017 5:03:10 PM org.springframework.beans.factory.xml.XmlBeanDefinitionReader loadBeanDefinitions
INFO: Loading XML bean definitions from class path resource [applicationContext.xml]
Oct 10, 2017 5:03:10 PM org.springframework.context.support.ClassPathXmlApplicationContext prepareRefresh
INFO: Refreshing org.springframework.context.support.ClassPathXmlApplicationContext@6266f63c: startup date [Tue Oct 10 17:03:10 EDT 2017]; root of context hierarchy
Oct 10, 2017 5:03:10 PM org.springframework.beans.factory.xml.XmlBeanDefinitionReader loadBeanDefinitions
INFO: Loading XML bean definitions from class path resource [applicationContext.xml]
Oct 10, 2017 5:03:10 PM org.springframework.context.support.ClassPathXmlApplicationContext prepareRefresh
INFO: Refreshing org.springframework.context.support.ClassPathXmlApplicationContext@13cd4784: startup date [Tue Oct 10 17:03:10 EDT 2017]; root of context hierarchy
Oct 10, 2017 5:03:10 PM org.springframework.beans.factory.xml.XmlBeanDefinitionReader loadBeanDefinitions
INFO: Loading XML bean definitions from class path resource [applicationContext.xml]
Oct 10, 2017 5:03:10 PM org.springframework.context.support.ClassPathXmlApplicationContext prepareRefresh
INFO: Refreshing org.springframework.context.support.ClassPathXmlApplicationContext@6797b494: startup date [Tue Oct 10 17:03:10 EDT 2017]; root of context hierarchy
Oct 10, 2017 5:03:10 PM org.springframework.beans.factory.xml.XmlBeanDefinitionReader loadBeanDefinitions
INFO: Loading XML bean definitions from class path resource [applicationContext.xml]
Oct 10, 2017 5:03:10 PM org.springframework.context.support.ClassPathXmlApplicationContext prepareRefresh
INFO: Refreshing org.springframework.context.support.ClassPathXmlApplicationContext@22395d00: startup date [Tue Oct 10 17:03:10 EDT 2017]; root of context hierarchy
Oct 10, 2017 5:03:10 PM org.springframework.beans.factory.xml.XmlBeanDefinitionReader loadBeanDefinitions
INFO: Loading XML bean definitions from class path resource [applicationContext.xml]
Oct 10, 2017 5:03:10 PM org.springframework.context.support.ClassPathXmlApplicationContext prepareRefresh
INFO: Refreshing org.springframework.context.support.ClassPathXmlApplicationContext@5ccb2393: startup date [Tue Oct 10 17:03:10 EDT 2017]; root of context hierarchy
Oct 10, 2017 5:03:10 PM org.springframework.beans.factory.xml.XmlBeanDefinitionReader loadBeanDefinitions
INFO: Loading XML bean definitions from class path resource [applicationContext.xml]
Oct 10, 2017 5:03:10 PM org.springframework.context.support.ClassPathXmlApplicationContext prepareRefresh
INFO: Refreshing org.springframework.context.support.ClassPathXmlApplicationContext@1e1e6f93: startup date [Tue Oct 10 17:03:10 EDT 2017]; root of context hierarchy
Oct 10, 2017 5:03:10 PM org.springframework.beans.factory.xml.XmlBeanDefinitionReader loadBeanDefinitions
INFO: Loading XML bean definitions from class path resource [applicationContext.xml]
Oct 10, 2017 5:03:10 PM org.springframework.context.support.ClassPathXmlApplicationContext prepareRefresh
INFO: Refreshing org.springframework.context.support.ClassPathXmlApplicationContext@2c50e59a: startup date [Tue Oct 10 17:03:10 EDT 2017]; root of context hierarchy
Oct 10, 2017 5:03:10 PM org.springframework.beans.factory.xml.XmlBeanDefinitionReader loadBeanDefinitions
INFO: Loading XML bean definitions from class path resource [applicationContext.xml]
Oct 10, 2017 5:03:10 PM org.springframework.context.support.ClassPathXmlApplicationContext prepareRefresh
INFO: Refreshing org.springframework.context.support.ClassPathXmlApplicationContext@7d72b1fc: startup date [Tue Oct 10 17:03:10 EDT 2017]; root of context hierarchy
Oct 10, 2017 5:03:10 PM org.springframework.beans.factory.xml.XmlBeanDefinitionReader loadBeanDefinitions
INFO: Loading XML bean definitions from class path resource [applicationContext.xml]
Oct 10, 2017 5:03:10 PM org.springframework.context.support.ClassPathXmlApplicationContext prepareRefresh
INFO: Refreshing org.springframework.context.support.ClassPathXmlApplicationContext@4b0f8153: startup date [Tue Oct 10 17:03:10 EDT 2017]; root of context hierarchy
Oct 10, 2017 5:03:10 PM org.springframework.beans.factory.xml.XmlBeanDefinitionReader loadBeanDefinitions
INFO: Loading XML bean definitions from class path resource [applicationContext.xml]
Oct 10, 2017 5:03:10 PM org.springframework.context.support.ClassPathXmlApplicationContext prepareRefresh
INFO: Refreshing org.springframework.context.support.ClassPathXmlApplicationContext@5e5b49df: startup date [Tue Oct 10 17:03:10 EDT 2017]; root of context hierarchy
Oct 10, 2017 5:03:10 PM org.springframework.beans.factory.xml.XmlBeanDefinitionReader loadBeanDefinitions
INFO: Loading XML bean definitions from class path resource [applicationContext.xml]
Oct 10, 2017 5:03:10 PM org.springframework.context.support.ClassPathXmlApplicationContext prepareRefresh
INFO: Refreshing org.springframework.context.support.ClassPathXmlApplicationContext@793b6fb9: startup date [Tue Oct 10 17:03:10 EDT 2017]; root of context hierarchy
Oct 10, 2017 5:03:10 PM org.springframework.beans.factory.xml.XmlBeanDefinitionReader loadBeanDefinitions
INFO: Loading XML bean definitions from class path resource [applicationContext.xml]
Oct 10, 2017 5:03:10 PM org.springframework.context.support.ClassPathXmlApplicationContext prepareRefresh
INFO: Refreshing org.springframework.context.support.ClassPathXmlApplicationContext@3c0ff70b: startup date [Tue Oct 10 17:03:10 EDT 2017]; root of context hierarchy
Oct 10, 2017 5:03:10 PM org.springframework.beans.factory.xml.XmlBeanDefinitionReader loadBeanDefinitions
INFO: Loading XML bean definitions from class path resource [applicationContext.xml]
Oct 10, 2017 5:03:10 PM org.springframework.context.support.ClassPathXmlApplicationContext prepareRefresh
INFO: Refreshing org.springframework.context.support.ClassPathXmlApplicationContext@574dfb11: startup date [Tue Oct 10 17:03:10 EDT 2017]; root of context hierarchy
Oct 10, 2017 5:03:10 PM org.springframework.beans.factory.xml.XmlBeanDefinitionReader loadBeanDefinitions
INFO: Loading XML bean definitions from class path resource [applicationContext.xml]
Oct 10, 2017 5:03:10 PM org.springframework.context.support.ClassPathXmlApplicationContext prepareRefresh
INFO: Refreshing org.springframework.context.support.ClassPathXmlApplicationContext@51bce17f: startup date [Tue Oct 10 17:03:10 EDT 2017]; root of context hierarchy
Oct 10, 2017 5:03:10 PM org.springframework.beans.factory.xml.XmlBeanDefinitionReader loadBeanDefinitions
INFO: Loading XML bean definitions from class path resource [applicationContext.xml]
Oct 10, 2017 5:03:10 PM org.springframework.context.support.ClassPathXmlApplicationContext prepareRefresh
INFO: Refreshing org.springframework.context.support.ClassPathXmlApplicationContext@6e1b56ad: startup date [Tue Oct 10 17:03:10 EDT 2017]; root of context hierarchy
Oct 10, 2017 5:03:10 PM org.springframework.beans.factory.xml.XmlBeanDefinitionReader loadBeanDefinitions
INFO: Loading XML bean definitions from class path resource [applicationContext.xml]
Oct 10, 2017 5:03:10 PM org.springframework.context.support.ClassPathXmlApplicationContext prepareRefresh
INFO: Refreshing org.springframework.context.support.ClassPathXmlApplicationContext@71140b11: startup date [Tue Oct 10 17:03:10 EDT 2017]; root of context hierarchy
Oct 10, 2017 5:03:10 PM org.springframework.beans.factory.xml.XmlBeanDefinitionReader loadBeanDefinitions
INFO: Loading XML bean definitions from class path resource [applicationContext.xml]
Oct 10, 2017 5:03:10 PM org.springframework.context.support.ClassPathXmlApplicationContext prepareRefresh
INFO: Refreshing org.springframework.context.support.ClassPathXmlApplicationContext@57913cf5: startup date [Tue Oct 10 17:03:10 EDT 2017]; root of context hierarchy
Oct 10, 2017 5:03:10 PM org.springframework.beans.factory.xml.XmlBeanDefinitionReader loadBeanDefinitions
INFO: Loading XML bean definitions from class path resource [applicationContext.xml]
Oct 10, 2017 5:03:10 PM org.springframework.context.support.ClassPathXmlApplicationContext prepareRefresh
INFO: Refreshing org.springframework.context.support.ClassPathXmlApplicationContext@5c652a4e: startup date [Tue Oct 10 17:03:10 EDT 2017]; root of context hierarchy
Oct 10, 2017 5:03:10 PM org.springframework.beans.factory.xml.XmlBeanDefinitionReader loadBeanDefinitions
INFO: Loading XML bean definitions from class path resource [applicationContext.xml]
Oct 10, 2017 5:03:10 PM org.springframework.context.support.ClassPathXmlApplicationContext prepareRefresh
INFO: Refreshing org.springframework.context.support.ClassPathXmlApplicationContext@32ac4251: startup date [Tue Oct 10 17:03:10 EDT 2017]; root of context hierarchy
Oct 10, 2017 5:03:10 PM org.springframework.beans.factory.xml.XmlBeanDefinitionReader loadBeanDefinitions
INFO: Loading XML bean definitions from class path resource [applicationContext.xml]
Oct 10, 2017 5:03:10 PM org.springframework.context.support.ClassPathXmlApplicationContext prepareRefresh
INFO: Refreshing org.springframework.context.support.ClassPathXmlApplicationContext@7751cdf5: startup date [Tue Oct 10 17:03:10 EDT 2017]; root of context hierarchy
Oct 10, 2017 5:03:10 PM org.springframework.beans.factory.xml.XmlBeanDefinitionReader loadBeanDefinitions
INFO: Loading XML bean definitions from class path resource [applicationContext.xml]
Oct 10, 2017 5:03:10 PM org.springframework.context.support.ClassPathXmlApplicationContext prepareRefresh
INFO: Refreshing org.springframework.context.support.ClassPathXmlApplicationContext@7974c44c: startup date [Tue Oct 10 17:03:10 EDT 2017]; root of context hierarchy
Oct 10, 2017 5:03:10 PM org.springframework.beans.factory.xml.XmlBeanDefinitionReader loadBeanDefinitions
INFO: Loading XML bean definitions from class path resource [applicationContext.xml]
Oct 10, 2017 5:03:11 PM org.springframework.context.support.ClassPathXmlApplicationContext prepareRefresh
INFO: Refreshing org.springframework.context.support.ClassPathXmlApplicationContext@4621d245: startup date [Tue Oct 10 17:03:11 EDT 2017]; root of context hierarchy
Oct 10, 2017 5:03:11 PM org.springframework.beans.factory.xml.XmlBeanDefinitionReader loadBeanDefinitions
INFO: Loading XML bean definitions from class path resource [applicationContext.xml]
Oct 10, 2017 5:03:11 PM org.springframework.context.support.ClassPathXmlApplicationContext prepareRefresh
INFO: Refreshing org.springframework.context.support.ClassPathXmlApplicationContext@63157033: startup date [Tue Oct 10 17:03:11 EDT 2017]; root of context hierarchy
Oct 10, 2017 5:03:11 PM org.springframework.beans.factory.xml.XmlBeanDefinitionReader loadBeanDefinitions
INFO: Loading XML bean definitions from class path resource [applicationContext.xml]
Oct 10, 2017 5:03:11 PM org.springframework.context.support.ClassPathXmlApplicationContext prepareRefresh
INFO: Refreshing org.springframework.context.support.ClassPathXmlApplicationContext@2f045b3c: startup date [Tue Oct 10 17:03:11 EDT 2017]; root of context hierarchy
Oct 10, 2017 5:03:11 PM org.springframework.beans.factory.xml.XmlBeanDefinitionReader loadBeanDefinitions
INFO: Loading XML bean definitions from class path resource [applicationContext.xml]
Oct 10, 2017 5:03:11 PM org.springframework.context.support.ClassPathXmlApplicationContext prepareRefresh
INFO: Refreshing org.springframework.context.support.ClassPathXmlApplicationContext@48bd1f9b: startup date [Tue Oct 10 17:03:11 EDT 2017]; root of context hierarchy
Oct 10, 2017 5:03:11 PM org.springframework.beans.factory.xml.XmlBeanDefinitionReader loadBeanDefinitions
INFO: Loading XML bean definitions from class path resource [applicationContext.xml]
Oct 10, 2017 5:03:11 PM org.springframework.context.support.ClassPathXmlApplicationContext prepareRefresh
INFO: Refreshing org.springframework.context.support.ClassPathXmlApplicationContext@298ff16: startup date [Tue Oct 10 17:03:11 EDT 2017]; root of context hierarchy
Oct 10, 2017 5:03:11 PM org.springframework.beans.factory.xml.XmlBeanDefinitionReader loadBeanDefinitions
INFO: Loading XML bean definitions from class path resource [applicationContext.xml]
Oct 10, 2017 5:03:11 PM org.springframework.context.support.ClassPathXmlApplicationContext prepareRefresh
INFO: Refreshing org.springframework.context.support.ClassPathXmlApplicationContext@73c82ec1: startup date [Tue Oct 10 17:03:11 EDT 2017]; root of context hierarchy
Oct 10, 2017 5:03:11 PM org.springframework.beans.factory.xml.XmlBeanDefinitionReader loadBeanDefinitions
INFO: Loading XML bean definitions from class path resource [applicationContext.xml]
Oct 10, 2017 5:03:11 PM org.springframework.context.support.ClassPathXmlApplicationContext prepareRefresh
INFO: Refreshing org.springframework.context.support.ClassPathXmlApplicationContext@3da73f13: startup date [Tue Oct 10 17:03:11 EDT 2017]; root of context hierarchy
Oct 10, 2017 5:03:11 PM org.springframework.beans.factory.xml.XmlBeanDefinitionReader loadBeanDefinitions
INFO: Loading XML bean definitions from class path resource [applicationContext.xml]
Oct 10, 2017 5:03:11 PM org.springframework.context.support.ClassPathXmlApplicationContext prepareRefresh
INFO: Refreshing org.springframework.context.support.ClassPathXmlApplicationContext@600c19ec: startup date [Tue Oct 10 17:03:11 EDT 2017]; root of context hierarchy
Oct 10, 2017 5:03:11 PM org.springframework.beans.factory.xml.XmlBeanDefinitionReader loadBeanDefinitions
INFO: Loading XML bean definitions from class path resource [applicationContext.xml]
Oct 10, 2017 5:03:11 PM org.springframework.context.support.ClassPathXmlApplicationContext prepareRefresh
INFO: Refreshing org.springframework.context.support.ClassPathXmlApplicationContext@485aa0d9: startup date [Tue Oct 10 17:03:11 EDT 2017]; root of context hierarchy
Oct 10, 2017 5:03:11 PM org.springframework.beans.factory.xml.XmlBeanDefinitionReader loadBeanDefinitions
INFO: Loading XML bean definitions from class path resource [applicationContext.xml]
Oct 10, 2017 5:03:11 PM org.springframework.context.support.ClassPathXmlApplicationContext prepareRefresh
INFO: Refreshing org.springframework.context.support.ClassPathXmlApplicationContext@30845b6d: startup date [Tue Oct 10 17:03:11 EDT 2017]; root of context hierarchy
Oct 10, 2017 5:03:11 PM org.springframework.beans.factory.xml.XmlBeanDefinitionReader loadBeanDefinitions
INFO: Loading XML bean definitions from class path resource [applicationContext.xml]
Oct 10, 2017 5:03:11 PM org.springframework.context.support.ClassPathXmlApplicationContext prepareRefresh
INFO: Refreshing org.springframework.context.support.ClassPathXmlApplicationContext@5d98fa9f: startup date [Tue Oct 10 17:03:11 EDT 2017]; root of context hierarchy
Oct 10, 2017 5:03:11 PM org.springframework.beans.factory.xml.XmlBeanDefinitionReader loadBeanDefinitions
INFO: Loading XML bean definitions from class path resource [applicationContext.xml]
Oct 10, 2017 5:03:11 PM org.springframework.context.support.ClassPathXmlApplicationContext prepareRefresh
INFO: Refreshing org.springframework.context.support.ClassPathXmlApplicationContext@751c5975: startup date [Tue Oct 10 17:03:11 EDT 2017]; root of context hierarchy
Oct 10, 2017 5:03:11 PM org.springframework.beans.factory.xml.XmlBeanDefinitionReader loadBeanDefinitions
INFO: Loading XML bean definitions from class path resource [applicationContext.xml]
Oct 10, 2017 5:03:11 PM org.springframework.context.support.ClassPathXmlApplicationContext prepareRefresh
INFO: Refreshing org.springframework.context.support.ClassPathXmlApplicationContext@2913f3ca: startup date [Tue Oct 10 17:03:11 EDT 2017]; root of context hierarchy
Oct 10, 2017 5:03:11 PM org.springframework.beans.factory.xml.XmlBeanDefinitionReader loadBeanDefinitions
INFO: Loading XML bean definitions from class path resource [applicationContext.xml]
Oct 10, 2017 5:03:11 PM org.springframework.context.support.ClassPathXmlApplicationContext prepareRefresh
INFO: Refreshing org.springframework.context.support.ClassPathXmlApplicationContext@4cfc4c3a: startup date [Tue Oct 10 17:03:11 EDT 2017]; root of context hierarchy
Oct 10, 2017 5:03:11 PM org.springframework.beans.factory.xml.XmlBeanDefinitionReader loadBeanDefinitions
INFO: Loading XML bean definitions from class path resource [applicationContext.xml]
Oct 10, 2017 5:03:11 PM org.springframework.context.support.ClassPathXmlApplicationContext prepareRefresh
INFO: Refreshing org.springframework.context.support.ClassPathXmlApplicationContext@2c1e726b: startup date [Tue Oct 10 17:03:11 EDT 2017]; root of context hierarchy
Oct 10, 2017 5:03:11 PM org.springframework.beans.factory.xml.XmlBeanDefinitionReader loadBeanDefinitions
INFO: Loading XML bean definitions from class path resource [applicationContext.xml]
Oct 10, 2017 5:03:11 PM org.springframework.context.support.ClassPathXmlApplicationContext prepareRefresh
INFO: Refreshing org.springframework.context.support.ClassPathXmlApplicationContext@38f42298: startup date [Tue Oct 10 17:03:11 EDT 2017]; root of context hierarchy
Oct 10, 2017 5:03:11 PM org.springframework.beans.factory.xml.XmlBeanDefinitionReader loadBeanDefinitions
INFO: Loading XML bean definitions from class path resource [applicationContext.xml]
Oct 10, 2017 5:03:11 PM org.springframework.context.support.ClassPathXmlApplicationContext prepareRefresh
INFO: Refreshing org.springframework.context.support.ClassPathXmlApplicationContext@5bebff4b: startup date [Tue Oct 10 17:03:11 EDT 2017]; root of context hierarchy
Oct 10, 2017 5:03:11 PM org.springframework.beans.factory.xml.XmlBeanDefinitionReader loadBeanDefinitions
INFO: Loading XML bean definitions from class path resource [applicationContext.xml]
Oct 10, 2017 5:03:11 PM org.springframework.context.support.ClassPathXmlApplicationContext prepareRefresh
INFO: Refreshing org.springframework.context.support.ClassPathXmlApplicationContext@4f847b48: startup date [Tue Oct 10 17:03:11 EDT 2017]; root of context hierarchy
Oct 10, 2017 5:03:11 PM org.springframework.beans.factory.xml.XmlBeanDefinitionReader loadBeanDefinitions
INFO: Loading XML bean definitions from class path resource [applicationContext.xml]
Oct 10, 2017 5:03:11 PM org.springframework.context.support.ClassPathXmlApplicationContext prepareRefresh
INFO: Refreshing org.springframework.context.support.ClassPathXmlApplicationContext@21ec5672: startup date [Tue Oct 10 17:03:11 EDT 2017]; root of context hierarchy
Oct 10, 2017 5:03:11 PM org.springframework.beans.factory.xml.XmlBeanDefinitionReader loadBeanDefinitions
INFO: Loading XML bean definitions from class path resource [applicationContext.xml]
Oct 10, 2017 5:03:11 PM org.springframework.context.support.ClassPathXmlApplicationContext prepareRefresh
INFO: Refreshing org.springframework.context.support.ClassPathXmlApplicationContext@4b6eae98: startup date [Tue Oct 10 17:03:11 EDT 2017]; root of context hierarchy
Oct 10, 2017 5:03:11 PM org.springframework.beans.factory.xml.XmlBeanDefinitionReader loadBeanDefinitions
INFO: Loading XML bean definitions from class path resource [applicationContext.xml]
Oct 10, 2017 5:03:11 PM org.springframework.context.support.ClassPathXmlApplicationContext prepareRefresh
INFO: Refreshing org.springframework.context.support.ClassPathXmlApplicationContext@482ac036: startup date [Tue Oct 10 17:03:11 EDT 2017]; root of context hierarchy
Oct 10, 2017 5:03:11 PM org.springframework.beans.factory.xml.XmlBeanDefinitionReader loadBeanDefinitions
INFO: Loading XML bean definitions from class path resource [applicationContext.xml]
Oct 10, 2017 5:03:11 PM org.springframework.context.support.ClassPathXmlApplicationContext prepareRefresh
INFO: Refreshing org.springframework.context.support.ClassPathXmlApplicationContext@dbdc62: startup date [Tue Oct 10 17:03:11 EDT 2017]; root of context hierarchy
Oct 10, 2017 5:03:11 PM org.springframework.beans.factory.xml.XmlBeanDefinitionReader loadBeanDefinitions
INFO: Loading XML bean definitions from class path resource [applicationContext.xml]
Oct 10, 2017 5:03:11 PM org.springframework.context.support.ClassPathXmlApplicationContext prepareRefresh
INFO: Refreshing org.springframework.context.support.ClassPathXmlApplicationContext@3230a186: startup date [Tue Oct 10 17:03:11 EDT 2017]; root of context hierarchy
Oct 10, 2017 5:03:11 PM org.springframework.beans.factory.xml.XmlBeanDefinitionReader loadBeanDefinitions
INFO: Loading XML bean definitions from class path resource [applicationContext.xml]
Oct 10, 2017 5:03:11 PM org.springframework.context.support.ClassPathXmlApplicationContext prepareRefresh
INFO: Refreshing org.springframework.context.support.ClassPathXmlApplicationContext@4e91272d: startup date [Tue Oct 10 17:03:11 EDT 2017]; root of context hierarchy
Oct 10, 2017 5:03:11 PM org.springframework.beans.factory.xml.XmlBeanDefinitionReader loadBeanDefinitions
INFO: Loading XML bean definitions from class path resource [applicationContext.xml]
Oct 10, 2017 5:03:11 PM org.springframework.context.support.ClassPathXmlApplicationContext prepareRefresh
INFO: Refreshing org.springframework.context.support.ClassPathXmlApplicationContext@717a5a92: startup date [Tue Oct 10 17:03:11 EDT 2017]; root of context hierarchy
Oct 10, 2017 5:03:11 PM org.springframework.beans.factory.xml.XmlBeanDefinitionReader loadBeanDefinitions
INFO: Loading XML bean definitions from class path resource [applicationContext.xml]
Oct 10, 2017 5:03:11 PM org.springframework.context.support.ClassPathXmlApplicationContext prepareRefresh
INFO: Refreshing org.springframework.context.support.ClassPathXmlApplicationContext@907a731: startup date [Tue Oct 10 17:03:11 EDT 2017]; root of context hierarchy
Oct 10, 2017 5:03:11 PM org.springframework.beans.factory.xml.XmlBeanDefinitionReader loadBeanDefinitions
INFO: Loading XML bean definitions from class path resource [applicationContext.xml]
Oct 10, 2017 5:03:11 PM org.springframework.context.support.ClassPathXmlApplicationContext prepareRefresh
INFO: Refreshing org.springframework.context.support.ClassPathXmlApplicationContext@43e07d88: startup date [Tue Oct 10 17:03:11 EDT 2017]; root of context hierarchy
Oct 10, 2017 5:03:11 PM org.springframework.beans.factory.xml.XmlBeanDefinitionReader loadBeanDefinitions
INFO: Loading XML bean definitions from class path resource [applicationContext.xml]
Oct 10, 2017 5:03:11 PM org.springframework.context.support.ClassPathXmlApplicationContext prepareRefresh
INFO: Refreshing org.springframework.context.support.ClassPathXmlApplicationContext@10320992: startup date [Tue Oct 10 17:03:11 EDT 2017]; root of context hierarchy
Oct 10, 2017 5:03:11 PM org.springframework.beans.factory.xml.XmlBeanDefinitionReader loadBeanDefinitions
INFO: Loading XML bean definitions from class path resource [applicationContext.xml]
Oct 10, 2017 5:03:11 PM org.springframework.context.support.ClassPathXmlApplicationContext prepareRefresh
INFO: Refreshing org.springframework.context.support.ClassPathXmlApplicationContext@5fc4773e: startup date [Tue Oct 10 17:03:11 EDT 2017]; root of context hierarchy
Oct 10, 2017 5:03:11 PM org.springframework.beans.factory.xml.XmlBeanDefinitionReader loadBeanDefinitions
INFO: Loading XML bean definitions from class path resource [applicationContext.xml]
Oct 10, 2017 5:03:11 PM org.springframework.context.support.ClassPathXmlApplicationContext prepareRefresh
INFO: Refreshing org.springframework.context.support.ClassPathXmlApplicationContext@7f699066: startup date [Tue Oct 10 17:03:11 EDT 2017]; root of context hierarchy
Oct 10, 2017 5:03:11 PM org.springframework.beans.factory.xml.XmlBeanDefinitionReader loadBeanDefinitions
INFO: Loading XML bean definitions from class path resource [applicationContext.xml]
Oct 10, 2017 5:03:11 PM org.springframework.context.support.ClassPathXmlApplicationContext prepareRefresh
INFO: Refreshing org.springframework.context.support.ClassPathXmlApplicationContext@a2996bc: startup date [Tue Oct 10 17:03:11 EDT 2017]; root of context hierarchy
Oct 10, 2017 5:03:11 PM org.springframework.beans.factory.xml.XmlBeanDefinitionReader loadBeanDefinitions
INFO: Loading XML bean definitions from class path resource [applicationContext.xml]
Oct 10, 2017 5:03:11 PM org.springframework.context.support.ClassPathXmlApplicationContext prepareRefresh
INFO: Refreshing org.springframework.context.support.ClassPathXmlApplicationContext@7ebe5795: startup date [Tue Oct 10 17:03:11 EDT 2017]; root of context hierarchy
Oct 10, 2017 5:03:11 PM org.springframework.beans.factory.xml.XmlBeanDefinitionReader loadBeanDefinitions
INFO: Loading XML bean definitions from class path resource [applicationContext.xml]
Oct 10, 2017 5:03:11 PM org.springframework.context.support.ClassPathXmlApplicationContext prepareRefresh
INFO: Refreshing org.springframework.context.support.ClassPathXmlApplicationContext@5f37597b: startup date [Tue Oct 10 17:03:11 EDT 2017]; root of context hierarchy
Oct 10, 2017 5:03:11 PM org.springframework.beans.factory.xml.XmlBeanDefinitionReader loadBeanDefinitions
INFO: Loading XML bean definitions from class path resource [applicationContext.xml]
Oct 10, 2017 5:03:11 PM org.springframework.context.support.ClassPathXmlApplicationContext prepareRefresh
INFO: Refreshing org.springframework.context.support.ClassPathXmlApplicationContext@1eb738e5: startup date [Tue Oct 10 17:03:11 EDT 2017]; root of context hierarchy
Oct 10, 2017 5:03:11 PM org.springframework.beans.factory.xml.XmlBeanDefinitionReader loadBeanDefinitions
INFO: Loading XML bean definitions from class path resource [applicationContext.xml]
Oct 10, 2017 5:03:11 PM org.springframework.context.support.ClassPathXmlApplicationContext prepareRefresh
INFO: Refreshing org.springframework.context.support.ClassPathXmlApplicationContext@74931852: startup date [Tue Oct 10 17:03:11 EDT 2017]; root of context hierarchy
Oct 10, 2017 5:03:11 PM org.springframework.beans.factory.xml.XmlBeanDefinitionReader loadBeanDefinitions
INFO: Loading XML bean definitions from class path resource [applicationContext.xml]
Oct 10, 2017 5:03:11 PM org.springframework.context.support.ClassPathXmlApplicationContext prepareRefresh
INFO: Refreshing org.springframework.context.support.ClassPathXmlApplicationContext@5b49003b: startup date [Tue Oct 10 17:03:11 EDT 2017]; root of context hierarchy
Oct 10, 2017 5:03:11 PM org.springframework.beans.factory.xml.XmlBeanDefinitionReader loadBeanDefinitions
INFO: Loading XML bean definitions from class path resource [applicationContext.xml]
Oct 10, 2017 5:03:11 PM org.springframework.context.support.ClassPathXmlApplicationContext prepareRefresh
INFO: Refreshing org.springframework.context.support.ClassPathXmlApplicationContext@5b9bdb00: startup date [Tue Oct 10 17:03:11 EDT 2017]; root of context hierarchy
Oct 10, 2017 5:03:11 PM org.springframework.beans.factory.xml.XmlBeanDefinitionReader loadBeanDefinitions
INFO: Loading XML bean definitions from class path resource [applicationContext.xml]
Oct 10, 2017 5:03:11 PM org.springframework.context.support.ClassPathXmlApplicationContext prepareRefresh
INFO: Refreshing org.springframework.context.support.ClassPathXmlApplicationContext@22f00670: startup date [Tue Oct 10 17:03:11 EDT 2017]; root of context hierarchy
Oct 10, 2017 5:03:11 PM org.springframework.beans.factory.xml.XmlBeanDefinitionReader loadBeanDefinitions
INFO: Loading XML bean definitions from class path resource [applicationContext.xml]
Oct 10, 2017 5:03:11 PM org.springframework.context.support.ClassPathXmlApplicationContext prepareRefresh
INFO: Refreshing org.springframework.context.support.ClassPathXmlApplicationContext@4de73fd2: startup date [Tue Oct 10 17:03:11 EDT 2017]; root of context hierarchy
Oct 10, 2017 5:03:11 PM org.springframework.beans.factory.xml.XmlBeanDefinitionReader loadBeanDefinitions
INFO: Loading XML bean definitions from class path resource [applicationContext.xml]
Oct 10, 2017 5:03:11 PM org.springframework.context.support.ClassPathXmlApplicationContext prepareRefresh
INFO: Refreshing org.springframework.context.support.ClassPathXmlApplicationContext@4a314ae4: startup date [Tue Oct 10 17:03:11 EDT 2017]; root of context hierarchy
Oct 10, 2017 5:03:11 PM org.springframework.beans.factory.xml.XmlBeanDefinitionReader loadBeanDefinitions
INFO: Loading XML bean definitions from class path resource [applicationContext.xml]
Oct 10, 2017 5:03:11 PM org.springframework.context.support.ClassPathXmlApplicationContext prepareRefresh
INFO: Refreshing org.springframework.context.support.ClassPathXmlApplicationContext@7b330cbd: startup date [Tue Oct 10 17:03:11 EDT 2017]; root of context hierarchy
Oct 10, 2017 5:03:11 PM org.springframework.beans.factory.xml.XmlBeanDefinitionReader loadBeanDefinitions
INFO: Loading XML bean definitions from class path resource [applicationContext.xml]
Oct 10, 2017 5:03:11 PM org.springframework.context.support.ClassPathXmlApplicationContext prepareRefresh
INFO: Refreshing org.springframework.context.support.ClassPathXmlApplicationContext@673b5922: startup date [Tue Oct 10 17:03:11 EDT 2017]; root of context hierarchy
Oct 10, 2017 5:03:11 PM org.springframework.beans.factory.xml.XmlBeanDefinitionReader loadBeanDefinitions
INFO: Loading XML bean definitions from class path resource [applicationContext.xml]
Oct 10, 2017 5:03:11 PM org.springframework.context.support.ClassPathXmlApplicationContext prepareRefresh
INFO: Refreshing org.springframework.context.support.ClassPathXmlApplicationContext@73858ba: startup date [Tue Oct 10 17:03:11 EDT 2017]; root of context hierarchy
Oct 10, 2017 5:03:11 PM org.springframework.beans.factory.xml.XmlBeanDefinitionReader loadBeanDefinitions
INFO: Loading XML bean definitions from class path resource [applicationContext.xml]
Oct 10, 2017 5:03:11 PM org.springframework.context.support.ClassPathXmlApplicationContext prepareRefresh
INFO: Refreshing org.springframework.context.support.ClassPathXmlApplicationContext@c1f6a16: startup date [Tue Oct 10 17:03:11 EDT 2017]; root of context hierarchy
Oct 10, 2017 5:03:11 PM org.springframework.beans.factory.xml.XmlBeanDefinitionReader loadBeanDefinitions
INFO: Loading XML bean definitions from class path resource [applicationContext.xml]
Oct 10, 2017 5:03:11 PM org.springframework.context.support.ClassPathXmlApplicationContext prepareRefresh
INFO: Refreshing org.springframework.context.support.ClassPathXmlApplicationContext@397cb21e: startup date [Tue Oct 10 17:03:11 EDT 2017]; root of context hierarchy
Oct 10, 2017 5:03:11 PM org.springframework.beans.factory.xml.XmlBeanDefinitionReader loadBeanDefinitions
INFO: Loading XML bean definitions from class path resource [applicationContext.xml]
Oct 10, 2017 5:03:11 PM org.springframework.context.support.ClassPathXmlApplicationContext prepareRefresh
INFO: Refreshing org.springframework.context.support.ClassPathXmlApplicationContext@9d2723e: startup date [Tue Oct 10 17:03:11 EDT 2017]; root of context hierarchy
Oct 10, 2017 5:03:11 PM org.springframework.beans.factory.xml.XmlBeanDefinitionReader loadBeanDefinitions
INFO: Loading XML bean definitions from class path resource [applicationContext.xml]
Oct 10, 2017 5:03:11 PM org.springframework.context.support.ClassPathXmlApplicationContext prepareRefresh
INFO: Refreshing org.springframework.context.support.ClassPathXmlApplicationContext@38133bca: startup date [Tue Oct 10 17:03:11 EDT 2017]; root of context hierarchy
Oct 10, 2017 5:03:11 PM org.springframework.beans.factory.xml.XmlBeanDefinitionReader loadBeanDefinitions
INFO: Loading XML bean definitions from class path resource [applicationContext.xml]
Oct 10, 2017 5:03:11 PM org.springframework.context.support.ClassPathXmlApplicationContext prepareRefresh
INFO: Refreshing org.springframework.context.support.ClassPathXmlApplicationContext@5f3a413f: startup date [Tue Oct 10 17:03:11 EDT 2017]; root of context hierarchy
Oct 10, 2017 5:03:11 PM org.springframework.beans.factory.xml.XmlBeanDefinitionReader loadBeanDefinitions
INFO: Loading XML bean definitions from class path resource [applicationContext.xml]
Oct 10, 2017 5:03:11 PM org.springframework.context.support.ClassPathXmlApplicationContext prepareRefresh
INFO: Refreshing org.springframework.context.support.ClassPathXmlApplicationContext@6256d908: startup date [Tue Oct 10 17:03:11 EDT 2017]; root of context hierarchy
Oct 10, 2017 5:03:11 PM org.springframework.beans.factory.xml.XmlBeanDefinitionReader loadBeanDefinitions
INFO: Loading XML bean definitions from class path resource [applicationContext.xml]
Oct 10, 2017 5:03:11 PM org.springframework.context.support.ClassPathXmlApplicationContext prepareRefresh
INFO: Refreshing org.springframework.context.support.ClassPathXmlApplicationContext@1f3f9e8: startup date [Tue Oct 10 17:03:11 EDT 2017]; root of context hierarchy
Oct 10, 2017 5:03:11 PM org.springframework.beans.factory.xml.XmlBeanDefinitionReader loadBeanDefinitions
INFO: Loading XML bean definitions from class path resource [applicationContext.xml]
Oct 10, 2017 5:03:11 PM org.springframework.context.support.ClassPathXmlApplicationContext prepareRefresh
INFO: Refreshing org.springframework.context.support.ClassPathXmlApplicationContext@5eca6e7d: startup date [Tue Oct 10 17:03:11 EDT 2017]; root of context hierarchy
Oct 10, 2017 5:03:11 PM org.springframework.beans.factory.xml.XmlBeanDefinitionReader loadBeanDefinitions
INFO: Loading XML bean definitions from class path resource [applicationContext.xml]
Oct 10, 2017 5:03:11 PM org.springframework.context.support.ClassPathXmlApplicationContext prepareRefresh
INFO: Refreshing org.springframework.context.support.ClassPathXmlApplicationContext@5ea34883: startup date [Tue Oct 10 17:03:11 EDT 2017]; root of context hierarchy
Oct 10, 2017 5:03:11 PM org.springframework.beans.factory.xml.XmlBeanDefinitionReader loadBeanDefinitions
INFO: Loading XML bean definitions from class path resource [applicationContext.xml]
Oct 10, 2017 5:03:11 PM org.springframework.context.support.ClassPathXmlApplicationContext prepareRefresh
INFO: Refreshing org.springframework.context.support.ClassPathXmlApplicationContext@108f5cd6: startup date [Tue Oct 10 17:03:11 EDT 2017]; root of context hierarchy
Oct 10, 2017 5:03:11 PM org.springframework.beans.factory.xml.XmlBeanDefinitionReader loadBeanDefinitions
INFO: Loading XML bean definitions from class path resource [applicationContext.xml]
Oct 10, 2017 5:03:11 PM org.springframework.context.support.ClassPathXmlApplicationContext prepareRefresh
INFO: Refreshing org.springframework.context.support.ClassPathXmlApplicationContext@6892edb0: startup date [Tue Oct 10 17:03:11 EDT 2017]; root of context hierarchy
Oct 10, 2017 5:03:11 PM org.springframework.beans.factory.xml.XmlBeanDefinitionReader loadBeanDefinitions
INFO: Loading XML bean definitions from class path resource [applicationContext.xml]
Oct 10, 2017 5:03:11 PM org.springframework.context.support.ClassPathXmlApplicationContext prepareRefresh
INFO: Refreshing org.springframework.context.support.ClassPathXmlApplicationContext@4737a2d0: startup date [Tue Oct 10 17:03:11 EDT 2017]; root of context hierarchy
Oct 10, 2017 5:03:11 PM org.springframework.beans.factory.xml.XmlBeanDefinitionReader loadBeanDefinitions
INFO: Loading XML bean definitions from class path resource [applicationContext.xml]
Oct 10, 2017 5:03:12 PM org.springframework.context.support.ClassPathXmlApplicationContext prepareRefresh
INFO: Refreshing org.springframework.context.support.ClassPathXmlApplicationContext@5cc6a1ec: startup date [Tue Oct 10 17:03:12 EDT 2017]; root of context hierarchy
Oct 10, 2017 5:03:12 PM org.springframework.beans.factory.xml.XmlBeanDefinitionReader loadBeanDefinitions
INFO: Loading XML bean definitions from class path resource [applicationContext.xml]
Oct 10, 2017 5:03:12 PM org.springframework.context.support.ClassPathXmlApplicationContext prepareRefresh
INFO: Refreshing org.springframework.context.support.ClassPathXmlApplicationContext@4c838b32: startup date [Tue Oct 10 17:03:12 EDT 2017]; root of context hierarchy
Oct 10, 2017 5:03:12 PM org.springframework.beans.factory.xml.XmlBeanDefinitionReader loadBeanDefinitions
INFO: Loading XML bean definitions from class path resource [applicationContext.xml]
Oct 10, 2017 5:03:12 PM org.springframework.context.support.ClassPathXmlApplicationContext prepareRefresh
INFO: Refreshing org.springframework.context.support.ClassPathXmlApplicationContext@3cc7b5b7: startup date [Tue Oct 10 17:03:12 EDT 2017]; root of context hierarchy
Oct 10, 2017 5:03:12 PM org.springframework.beans.factory.xml.XmlBeanDefinitionReader loadBeanDefinitions
INFO: Loading XML bean definitions from class path resource [applicationContext.xml]
Oct 10, 2017 5:03:12 PM org.springframework.context.support.ClassPathXmlApplicationContext prepareRefresh
INFO: Refreshing org.springframework.context.support.ClassPathXmlApplicationContext@615a30bd: startup date [Tue Oct 10 17:03:12 EDT 2017]; root of context hierarchy
Oct 10, 2017 5:03:12 PM org.springframework.beans.factory.xml.XmlBeanDefinitionReader loadBeanDefinitions
INFO: Loading XML bean definitions from class path resource [applicationContext.xml]
Oct 10, 2017 5:03:12 PM org.springframework.context.support.ClassPathXmlApplicationContext prepareRefresh
INFO: Refreshing org.springframework.context.support.ClassPathXmlApplicationContext@7eb80cea: startup date [Tue Oct 10 17:03:12 EDT 2017]; root of context hierarchy
Oct 10, 2017 5:03:12 PM org.springframework.beans.factory.xml.XmlBeanDefinitionReader loadBeanDefinitions
INFO: Loading XML bean definitions from class path resource [applicationContext.xml]
Oct 10, 2017 5:03:12 PM org.springframework.context.support.ClassPathXmlApplicationContext prepareRefresh
INFO: Refreshing org.springframework.context.support.ClassPathXmlApplicationContext@189738f4: startup date [Tue Oct 10 17:03:12 EDT 2017]; root of context hierarchy
Oct 10, 2017 5:03:12 PM org.springframework.beans.factory.xml.XmlBeanDefinitionReader loadBeanDefinitions
INFO: Loading XML bean definitions from class path resource [applicationContext.xml]
Oct 10, 2017 5:03:12 PM org.springframework.context.support.ClassPathXmlApplicationContext prepareRefresh
INFO: Refreshing org.springframework.context.support.ClassPathXmlApplicationContext@3cb78e36: startup date [Tue Oct 10 17:03:12 EDT 2017]; root of context hierarchy
Oct 10, 2017 5:03:12 PM org.springframework.beans.factory.xml.XmlBeanDefinitionReader loadBeanDefinitions
INFO: Loading XML bean definitions from class path resource [applicationContext.xml]
Oct 10, 2017 5:03:12 PM org.springframework.context.support.ClassPathXmlApplicationContext prepareRefresh
INFO: Refreshing org.springframework.context.support.ClassPathXmlApplicationContext@3f9e1b6: startup date [Tue Oct 10 17:03:12 EDT 2017]; root of context hierarchy
Oct 10, 2017 5:03:12 PM org.springframework.beans.factory.xml.XmlBeanDefinitionReader loadBeanDefinitions
INFO: Loading XML bean definitions from class path resource [applicationContext.xml]
Oct 10, 2017 5:03:12 PM org.springframework.context.support.ClassPathXmlApplicationContext prepareRefresh
INFO: Refreshing org.springframework.context.support.ClassPathXmlApplicationContext@3620b94d: startup date [Tue Oct 10 17:03:12 EDT 2017]; root of context hierarchy
Oct 10, 2017 5:03:12 PM org.springframework.beans.factory.xml.XmlBeanDefinitionReader loadBeanDefinitions
INFO: Loading XML bean definitions from class path resource [applicationContext.xml]
Oct 10, 2017 5:03:12 PM org.springframework.context.support.ClassPathXmlApplicationContext prepareRefresh
INFO: Refreshing org.springframework.context.support.ClassPathXmlApplicationContext@721b38e0: startup date [Tue Oct 10 17:03:12 EDT 2017]; root of context hierarchy
Oct 10, 2017 5:03:12 PM org.springframework.beans.factory.xml.XmlBeanDefinitionReader loadBeanDefinitions
INFO: Loading XML bean definitions from class path resource [applicationContext.xml]
Oct 10, 2017 5:03:12 PM org.springframework.context.support.ClassPathXmlApplicationContext prepareRefresh
INFO: Refreshing org.springframework.context.support.ClassPathXmlApplicationContext@7e820b3b: startup date [Tue Oct 10 17:03:12 EDT 2017]; root of context hierarchy
Oct 10, 2017 5:03:12 PM org.springframework.beans.factory.xml.XmlBeanDefinitionReader loadBeanDefinitions
INFO: Loading XML bean definitions from class path resource [applicationContext.xml]
Oct 10, 2017 5:03:12 PM org.springframework.context.support.ClassPathXmlApplicationContext prepareRefresh
INFO: Refreshing org.springframework.context.support.ClassPathXmlApplicationContext@23258315: startup date [Tue Oct 10 17:03:12 EDT 2017]; root of context hierarchy
Oct 10, 2017 5:03:12 PM org.springframework.beans.factory.xml.XmlBeanDefinitionReader loadBeanDefinitions
INFO: Loading XML bean definitions from class path resource [applicationContext.xml]
Oct 10, 2017 5:03:12 PM org.springframework.context.support.ClassPathXmlApplicationContext prepareRefresh
INFO: Refreshing org.springframework.context.support.ClassPathXmlApplicationContext@3f2054d: startup date [Tue Oct 10 17:03:12 EDT 2017]; root of context hierarchy
Oct 10, 2017 5:03:12 PM org.springframework.beans.factory.xml.XmlBeanDefinitionReader loadBeanDefinitions
INFO: Loading XML bean definitions from class path resource [applicationContext.xml]
Oct 10, 2017 5:03:12 PM org.springframework.context.support.ClassPathXmlApplicationContext prepareRefresh
INFO: Refreshing org.springframework.context.support.ClassPathXmlApplicationContext@5bc2dbcd: startup date [Tue Oct 10 17:03:12 EDT 2017]; root of context hierarchy
Oct 10, 2017 5:03:12 PM org.springframework.beans.factory.xml.XmlBeanDefinitionReader loadBeanDefinitions
INFO: Loading XML bean definitions from class path resource [applicationContext.xml]
Oct 10, 2017 5:03:12 PM org.springframework.context.support.ClassPathXmlApplicationContext prepareRefresh
INFO: Refreshing org.springframework.context.support.ClassPathXmlApplicationContext@24bbe1de: startup date [Tue Oct 10 17:03:12 EDT 2017]; root of context hierarchy
Oct 10, 2017 5:03:12 PM org.springframework.beans.factory.xml.XmlBeanDefinitionReader loadBeanDefinitions
INFO: Loading XML bean definitions from class path resource [applicationContext.xml]
Oct 10, 2017 5:03:12 PM org.springframework.context.support.ClassPathXmlApplicationContext prepareRefresh
INFO: Refreshing org.springframework.context.support.ClassPathXmlApplicationContext@10fec61: startup date [Tue Oct 10 17:03:12 EDT 2017]; root of context hierarchy
Oct 10, 2017 5:03:12 PM org.springframework.beans.factory.xml.XmlBeanDefinitionReader loadBeanDefinitions
INFO: Loading XML bean definitions from class path resource [applicationContext.xml]
Oct 10, 2017 5:03:12 PM org.springframework.context.support.ClassPathXmlApplicationContext prepareRefresh
INFO: Refreshing org.springframework.context.support.ClassPathXmlApplicationContext@4717bdb3: startup date [Tue Oct 10 17:03:12 EDT 2017]; root of context hierarchy
Oct 10, 2017 5:03:12 PM org.springframework.beans.factory.xml.XmlBeanDefinitionReader loadBeanDefinitions
INFO: Loading XML bean definitions from class path resource [applicationContext.xml]
Oct 10, 2017 5:03:12 PM org.springframework.context.support.ClassPathXmlApplicationContext prepareRefresh
INFO: Refreshing org.springframework.context.support.ClassPathXmlApplicationContext@4f97693b: startup date [Tue Oct 10 17:03:12 EDT 2017]; root of context hierarchy
Oct 10, 2017 5:03:12 PM org.springframework.beans.factory.xml.XmlBeanDefinitionReader loadBeanDefinitions
INFO: Loading XML bean definitions from class path resource [applicationContext.xml]
Oct 10, 2017 5:03:12 PM org.springframework.context.support.ClassPathXmlApplicationContext prepareRefresh
INFO: Refreshing org.springframework.context.support.ClassPathXmlApplicationContext@61b6e8c1: startup date [Tue Oct 10 17:03:12 EDT 2017]; root of context hierarchy
Oct 10, 2017 5:03:12 PM org.springframework.beans.factory.xml.XmlBeanDefinitionReader loadBeanDefinitions
INFO: Loading XML bean definitions from class path resource [applicationContext.xml]
Oct 10, 2017 5:03:12 PM org.springframework.context.support.ClassPathXmlApplicationContext prepareRefresh
INFO: Refreshing org.springframework.context.support.ClassPathXmlApplicationContext@43af156a: startup date [Tue Oct 10 17:03:12 EDT 2017]; root of context hierarchy
Oct 10, 2017 5:03:12 PM org.springframework.beans.factory.xml.XmlBeanDefinitionReader loadBeanDefinitions
INFO: Loading XML bean definitions from class path resource [applicationContext.xml]
Oct 10, 2017 5:03:12 PM org.springframework.context.support.ClassPathXmlApplicationContext prepareRefresh
INFO: Refreshing org.springframework.context.support.ClassPathXmlApplicationContext@68a06679: startup date [Tue Oct 10 17:03:12 EDT 2017]; root of context hierarchy
Oct 10, 2017 5:03:12 PM org.springframework.beans.factory.xml.XmlBeanDefinitionReader loadBeanDefinitions
INFO: Loading XML bean definitions from class path resource [applicationContext.xml]
Oct 10, 2017 5:03:12 PM org.springframework.context.support.ClassPathXmlApplicationContext prepareRefresh
INFO: Refreshing org.springframework.context.support.ClassPathXmlApplicationContext@3cde655c: startup date [Tue Oct 10 17:03:12 EDT 2017]; root of context hierarchy
Oct 10, 2017 5:03:12 PM org.springframework.beans.factory.xml.XmlBeanDefinitionReader loadBeanDefinitions
INFO: Loading XML bean definitions from class path resource [applicationContext.xml]
Oct 10, 2017 5:03:12 PM org.springframework.context.support.ClassPathXmlApplicationContext prepareRefresh
INFO: Refreshing org.springframework.context.support.ClassPathXmlApplicationContext@c792044: startup date [Tue Oct 10 17:03:12 EDT 2017]; root of context hierarchy
Oct 10, 2017 5:03:12 PM org.springframework.beans.factory.xml.XmlBeanDefinitionReader loadBeanDefinitions
INFO: Loading XML bean definitions from class path resource [applicationContext.xml]
Oct 10, 2017 5:03:12 PM org.springframework.context.support.ClassPathXmlApplicationContext prepareRefresh
INFO: Refreshing org.springframework.context.support.ClassPathXmlApplicationContext@3ad3a3ef: startup date [Tue Oct 10 17:03:12 EDT 2017]; root of context hierarchy
Oct 10, 2017 5:03:12 PM org.springframework.beans.factory.xml.XmlBeanDefinitionReader loadBeanDefinitions
INFO: Loading XML bean definitions from class path resource [applicationContext.xml]
Oct 10, 2017 5:03:12 PM org.springframework.context.support.ClassPathXmlApplicationContext prepareRefresh
INFO: Refreshing org.springframework.context.support.ClassPathXmlApplicationContext@44acc838: startup date [Tue Oct 10 17:03:12 EDT 2017]; root of context hierarchy
Oct 10, 2017 5:03:12 PM org.springframework.beans.factory.xml.XmlBeanDefinitionReader loadBeanDefinitions
INFO: Loading XML bean definitions from class path resource [applicationContext.xml]
Oct 10, 2017 5:03:12 PM org.springframework.context.support.ClassPathXmlApplicationContext prepareRefresh
INFO: Refreshing org.springframework.context.support.ClassPathXmlApplicationContext@2665016d: startup date [Tue Oct 10 17:03:12 EDT 2017]; root of context hierarchy
Oct 10, 2017 5:03:12 PM org.springframework.beans.factory.xml.XmlBeanDefinitionReader loadBeanDefinitions
INFO: Loading XML bean definitions from class path resource [applicationContext.xml]
Oct 10, 2017 5:03:12 PM org.springframework.context.support.ClassPathXmlApplicationContext prepareRefresh
INFO: Refreshing org.springframework.context.support.ClassPathXmlApplicationContext@6b18bdf7: startup date [Tue Oct 10 17:03:12 EDT 2017]; root of context hierarchy
Oct 10, 2017 5:03:12 PM org.springframework.beans.factory.xml.XmlBeanDefinitionReader loadBeanDefinitions
INFO: Loading XML bean definitions from class path resource [applicationContext.xml]
Oct 10, 2017 5:03:12 PM org.springframework.context.support.ClassPathXmlApplicationContext prepareRefresh
INFO: Refreshing org.springframework.context.support.ClassPathXmlApplicationContext@558ff531: startup date [Tue Oct 10 17:03:12 EDT 2017]; root of context hierarchy
Oct 10, 2017 5:03:12 PM org.springframework.beans.factory.xml.XmlBeanDefinitionReader loadBeanDefinitions
INFO: Loading XML bean definitions from class path resource [applicationContext.xml]
Oct 10, 2017 5:03:12 PM org.springframework.context.support.ClassPathXmlApplicationContext prepareRefresh
INFO: Refreshing org.springframework.context.support.ClassPathXmlApplicationContext@7fb4c8bc: startup date [Tue Oct 10 17:03:12 EDT 2017]; root of context hierarchy
Oct 10, 2017 5:03:12 PM org.springframework.beans.factory.xml.XmlBeanDefinitionReader loadBeanDefinitions
INFO: Loading XML bean definitions from class path resource [applicationContext.xml]
Oct 10, 2017 5:03:12 PM org.springframework.context.support.ClassPathXmlApplicationContext prepareRefresh
INFO: Refreshing org.springframework.context.support.ClassPathXmlApplicationContext@2775d0d4: startup date [Tue Oct 10 17:03:12 EDT 2017]; root of context hierarchy
Oct 10, 2017 5:03:12 PM org.springframework.beans.factory.xml.XmlBeanDefinitionReader loadBeanDefinitions
INFO: Loading XML bean definitions from class path resource [applicationContext.xml]
Oct 10, 2017 5:03:12 PM org.springframework.context.support.ClassPathXmlApplicationContext prepareRefresh
INFO: Refreshing org.springframework.context.support.ClassPathXmlApplicationContext@7169c184: startup date [Tue Oct 10 17:03:12 EDT 2017]; root of context hierarchy
Oct 10, 2017 5:03:12 PM org.springframework.beans.factory.xml.XmlBeanDefinitionReader loadBeanDefinitions
INFO: Loading XML bean definitions from class path resource [applicationContext.xml]
Oct 10, 2017 5:03:12 PM org.springframework.context.support.ClassPathXmlApplicationContext prepareRefresh
INFO: Refreshing org.springframework.context.support.ClassPathXmlApplicationContext@49ccecb0: startup date [Tue Oct 10 17:03:12 EDT 2017]; root of context hierarchy
Oct 10, 2017 5:03:12 PM org.springframework.beans.factory.xml.XmlBeanDefinitionReader loadBeanDefinitions
INFO: Loading XML bean definitions from class path resource [applicationContext.xml]
Oct 10, 2017 5:03:12 PM org.springframework.context.support.ClassPathXmlApplicationContext prepareRefresh
INFO: Refreshing org.springframework.context.support.ClassPathXmlApplicationContext@7e003cf0: startup date [Tue Oct 10 17:03:12 EDT 2017]; root of context hierarchy
Oct 10, 2017 5:03:12 PM org.springframework.beans.factory.xml.XmlBeanDefinitionReader loadBeanDefinitions
INFO: Loading XML bean definitions from class path resource [applicationContext.xml]
Oct 10, 2017 5:03:12 PM org.springframework.context.support.ClassPathXmlApplicationContext prepareRefresh
INFO: Refreshing org.springframework.context.support.ClassPathXmlApplicationContext@4a50f850: startup date [Tue Oct 10 17:03:12 EDT 2017]; root of context hierarchy
Oct 10, 2017 5:03:12 PM org.springframework.beans.factory.xml.XmlBeanDefinitionReader loadBeanDefinitions
INFO: Loading XML bean definitions from class path resource [applicationContext.xml]
Oct 10, 2017 5:03:12 PM org.springframework.context.support.ClassPathXmlApplicationContext prepareRefresh
INFO: Refreshing org.springframework.context.support.ClassPathXmlApplicationContext@7f1b0c8c: startup date [Tue Oct 10 17:03:12 EDT 2017]; root of context hierarchy
Oct 10, 2017 5:03:12 PM org.springframework.beans.factory.xml.XmlBeanDefinitionReader loadBeanDefinitions
INFO: Loading XML bean definitions from class path resource [applicationContext.xml]
Oct 10, 2017 5:03:12 PM org.springframework.context.support.ClassPathXmlApplicationContext prepareRefresh
INFO: Refreshing org.springframework.context.support.ClassPathXmlApplicationContext@447b3e43: startup date [Tue Oct 10 17:03:12 EDT 2017]; root of context hierarchy
Oct 10, 2017 5:03:12 PM org.springframework.beans.factory.xml.XmlBeanDefinitionReader loadBeanDefinitions
INFO: Loading XML bean definitions from class path resource [applicationContext.xml]
Oct 10, 2017 5:03:12 PM org.springframework.context.support.ClassPathXmlApplicationContext prepareRefresh
INFO: Refreshing org.springframework.context.support.ClassPathXmlApplicationContext@229c225b: startup date [Tue Oct 10 17:03:12 EDT 2017]; root of context hierarchy
Oct 10, 2017 5:03:12 PM org.springframework.beans.factory.xml.XmlBeanDefinitionReader loadBeanDefinitions
INFO: Loading XML bean definitions from class path resource [applicationContext.xml]
Oct 10, 2017 5:03:12 PM org.springframework.context.support.ClassPathXmlApplicationContext prepareRefresh
INFO: Refreshing org.springframework.context.support.ClassPathXmlApplicationContext@3af1dda5: startup date [Tue Oct 10 17:03:12 EDT 2017]; root of context hierarchy
Oct 10, 2017 5:03:12 PM org.springframework.beans.factory.xml.XmlBeanDefinitionReader loadBeanDefinitions
INFO: Loading XML bean definitions from class path resource [applicationContext.xml]
Oct 10, 2017 5:03:12 PM org.springframework.context.support.ClassPathXmlApplicationContext prepareRefresh
INFO: Refreshing org.springframework.context.support.ClassPathXmlApplicationContext@5b71f335: startup date [Tue Oct 10 17:03:12 EDT 2017]; root of context hierarchy
Oct 10, 2017 5:03:12 PM org.springframework.beans.factory.xml.XmlBeanDefinitionReader loadBeanDefinitions
INFO: Loading XML bean definitions from class path resource [applicationContext.xml]
Oct 10, 2017 5:03:12 PM org.springframework.context.support.ClassPathXmlApplicationContext prepareRefresh
INFO: Refreshing org.springframework.context.support.ClassPathXmlApplicationContext@4f613e30: startup date [Tue Oct 10 17:03:12 EDT 2017]; root of context hierarchy
Oct 10, 2017 5:03:12 PM org.springframework.beans.factory.xml.XmlBeanDefinitionReader loadBeanDefinitions
INFO: Loading XML bean definitions from class path resource [applicationContext.xml]
Oct 10, 2017 5:03:12 PM org.springframework.context.support.ClassPathXmlApplicationContext prepareRefresh
INFO: Refreshing org.springframework.context.support.ClassPathXmlApplicationContext@60ea4426: startup date [Tue Oct 10 17:03:12 EDT 2017]; root of context hierarchy
Oct 10, 2017 5:03:12 PM org.springframework.beans.factory.xml.XmlBeanDefinitionReader loadBeanDefinitions
INFO: Loading XML bean definitions from class path resource [applicationContext.xml]
Oct 10, 2017 5:03:12 PM org.springframework.context.support.ClassPathXmlApplicationContext prepareRefresh
INFO: Refreshing org.springframework.context.support.ClassPathXmlApplicationContext@30b43d5d: startup date [Tue Oct 10 17:03:12 EDT 2017]; root of context hierarchy
Oct 10, 2017 5:03:12 PM org.springframework.beans.factory.xml.XmlBeanDefinitionReader loadBeanDefinitions
INFO: Loading XML bean definitions from class path resource [applicationContext.xml]
Oct 10, 2017 5:03:12 PM org.springframework.context.support.ClassPathXmlApplicationContext prepareRefresh
INFO: Refreshing org.springframework.context.support.ClassPathXmlApplicationContext@50a59a0b: startup date [Tue Oct 10 17:03:12 EDT 2017]; root of context hierarchy
Oct 10, 2017 5:03:12 PM org.springframework.beans.factory.xml.XmlBeanDefinitionReader loadBeanDefinitions
INFO: Loading XML bean definitions from class path resource [applicationContext.xml]
Oct 10, 2017 5:03:12 PM org.springframework.context.support.ClassPathXmlApplicationContext prepareRefresh
INFO: Refreshing org.springframework.context.support.ClassPathXmlApplicationContext@660afeb2: startup date [Tue Oct 10 17:03:12 EDT 2017]; root of context hierarchy
Oct 10, 2017 5:03:12 PM org.springframework.beans.factory.xml.XmlBeanDefinitionReader loadBeanDefinitions
INFO: Loading XML bean definitions from class path resource [applicationContext.xml]
Oct 10, 2017 5:03:12 PM org.springframework.context.support.ClassPathXmlApplicationContext prepareRefresh
INFO: Refreshing org.springframework.context.support.ClassPathXmlApplicationContext@245237eb: startup date [Tue Oct 10 17:03:12 EDT 2017]; root of context hierarchy
Oct 10, 2017 5:03:12 PM org.springframework.beans.factory.xml.XmlBeanDefinitionReader loadBeanDefinitions
INFO: Loading XML bean definitions from class path resource [applicationContext.xml]
Oct 10, 2017 5:03:12 PM org.springframework.context.support.ClassPathXmlApplicationContext prepareRefresh
INFO: Refreshing org.springframework.context.support.ClassPathXmlApplicationContext@904df8a: startup date [Tue Oct 10 17:03:12 EDT 2017]; root of context hierarchy
Oct 10, 2017 5:03:12 PM org.springframework.beans.factory.xml.XmlBeanDefinitionReader loadBeanDefinitions
INFO: Loading XML bean definitions from class path resource [applicationContext.xml]
Oct 10, 2017 5:03:12 PM org.springframework.context.support.ClassPathXmlApplicationContext prepareRefresh
INFO: Refreshing org.springframework.context.support.ClassPathXmlApplicationContext@65cfbf2c: startup date [Tue Oct 10 17:03:12 EDT 2017]; root of context hierarchy
Oct 10, 2017 5:03:12 PM org.springframework.beans.factory.xml.XmlBeanDefinitionReader loadBeanDefinitions
INFO: Loading XML bean definitions from class path resource [applicationContext.xml]
Oct 10, 2017 5:03:12 PM org.springframework.context.support.ClassPathXmlApplicationContext prepareRefresh
INFO: Refreshing org.springframework.context.support.ClassPathXmlApplicationContext@e31b415: startup date [Tue Oct 10 17:03:12 EDT 2017]; root of context hierarchy
Oct 10, 2017 5:03:12 PM org.springframework.beans.factory.xml.XmlBeanDefinitionReader loadBeanDefinitions
INFO: Loading XML bean definitions from class path resource [applicationContext.xml]
Oct 10, 2017 5:03:12 PM org.springframework.context.support.ClassPathXmlApplicationContext prepareRefresh
INFO: Refreshing org.springframework.context.support.ClassPathXmlApplicationContext@3b43a957: startup date [Tue Oct 10 17:03:12 EDT 2017]; root of context hierarchy
Oct 10, 2017 5:03:12 PM org.springframework.beans.factory.xml.XmlBeanDefinitionReader loadBeanDefinitions
INFO: Loading XML bean definitions from class path resource [applicationContext.xml]
Oct 10, 2017 5:03:12 PM org.springframework.context.support.ClassPathXmlApplicationContext prepareRefresh
INFO: Refreshing org.springframework.context.support.ClassPathXmlApplicationContext@20186437: startup date [Tue Oct 10 17:03:12 EDT 2017]; root of context hierarchy
Oct 10, 2017 5:03:12 PM org.springframework.beans.factory.xml.XmlBeanDefinitionReader loadBeanDefinitions
INFO: Loading XML bean definitions from class path resource [applicationContext.xml]
Oct 10, 2017 5:03:12 PM org.springframework.context.support.ClassPathXmlApplicationContext prepareRefresh
INFO: Refreshing org.springframework.context.support.ClassPathXmlApplicationContext@121a1a75: startup date [Tue Oct 10 17:03:12 EDT 2017]; root of context hierarchy
Oct 10, 2017 5:03:12 PM org.springframework.beans.factory.xml.XmlBeanDefinitionReader loadBeanDefinitions
INFO: Loading XML bean definitions from class path resource [applicationContext.xml]
Oct 10, 2017 5:03:12 PM org.springframework.context.support.ClassPathXmlApplicationContext prepareRefresh
INFO: Refreshing org.springframework.context.support.ClassPathXmlApplicationContext@abdeaf6: startup date [Tue Oct 10 17:03:12 EDT 2017]; root of context hierarchy
Oct 10, 2017 5:03:12 PM org.springframework.beans.factory.xml.XmlBeanDefinitionReader loadBeanDefinitions
INFO: Loading XML bean definitions from class path resource [applicationContext.xml]
Oct 10, 2017 5:03:12 PM org.springframework.context.support.ClassPathXmlApplicationContext prepareRefresh
INFO: Refreshing org.springframework.context.support.ClassPathXmlApplicationContext@65d8f9d2: startup date [Tue Oct 10 17:03:12 EDT 2017]; root of context hierarchy
Oct 10, 2017 5:03:12 PM org.springframework.beans.factory.xml.XmlBeanDefinitionReader loadBeanDefinitions
INFO: Loading XML bean definitions from class path resource [applicationContext.xml]
Oct 10, 2017 5:03:12 PM org.springframework.context.support.ClassPathXmlApplicationContext prepareRefresh
INFO: Refreshing org.springframework.context.support.ClassPathXmlApplicationContext@1123c95f: startup date [Tue Oct 10 17:03:12 EDT 2017]; root of context hierarchy
Oct 10, 2017 5:03:12 PM org.springframework.beans.factory.xml.XmlBeanDefinitionReader loadBeanDefinitions
INFO: Loading XML bean definitions from class path resource [applicationContext.xml]
Oct 10, 2017 5:03:12 PM org.springframework.context.support.ClassPathXmlApplicationContext prepareRefresh
INFO: Refreshing org.springframework.context.support.ClassPathXmlApplicationContext@6ad0d419: startup date [Tue Oct 10 17:03:12 EDT 2017]; root of context hierarchy
Oct 10, 2017 5:03:12 PM org.springframework.beans.factory.xml.XmlBeanDefinitionReader loadBeanDefinitions
INFO: Loading XML bean definitions from class path resource [applicationContext.xml]
Oct 10, 2017 5:03:12 PM org.springframework.context.support.ClassPathXmlApplicationContext prepareRefresh
INFO: Refreshing org.springframework.context.support.ClassPathXmlApplicationContext@2cee7445: startup date [Tue Oct 10 17:03:12 EDT 2017]; root of context hierarchy
Oct 10, 2017 5:03:12 PM org.springframework.beans.factory.xml.XmlBeanDefinitionReader loadBeanDefinitions
INFO: Loading XML bean definitions from class path resource [applicationContext.xml]
Oct 10, 2017 5:03:12 PM org.springframework.context.support.ClassPathXmlApplicationContext prepareRefresh
INFO: Refreshing org.springframework.context.support.ClassPathXmlApplicationContext@1d5c1e0b: startup date [Tue Oct 10 17:03:12 EDT 2017]; root of context hierarchy
Oct 10, 2017 5:03:12 PM org.springframework.beans.factory.xml.XmlBeanDefinitionReader loadBeanDefinitions
INFO: Loading XML bean definitions from class path resource [applicationContext.xml]
Oct 10, 2017 5:03:12 PM org.springframework.context.support.ClassPathXmlApplicationContext prepareRefresh
INFO: Refreshing org.springframework.context.support.ClassPathXmlApplicationContext@5013c293: startup date [Tue Oct 10 17:03:12 EDT 2017]; root of context hierarchy
Oct 10, 2017 5:03:12 PM org.springframework.beans.factory.xml.XmlBeanDefinitionReader loadBeanDefinitions
INFO: Loading XML bean definitions from class path resource [applicationContext.xml]
Oct 10, 2017 5:03:12 PM org.springframework.context.support.ClassPathXmlApplicationContext prepareRefresh
INFO: Refreshing org.springframework.context.support.ClassPathXmlApplicationContext@4a14227a: startup date [Tue Oct 10 17:03:12 EDT 2017]; root of context hierarchy
Oct 10, 2017 5:03:12 PM org.springframework.beans.factory.xml.XmlBeanDefinitionReader loadBeanDefinitions
INFO: Loading XML bean definitions from class path resource [applicationContext.xml]
Oct 10, 2017 5:03:12 PM org.springframework.context.support.ClassPathXmlApplicationContext prepareRefresh
INFO: Refreshing org.springframework.context.support.ClassPathXmlApplicationContext@5f6e202: startup date [Tue Oct 10 17:03:12 EDT 2017]; root of context hierarchy
Oct 10, 2017 5:03:12 PM org.springframework.beans.factory.xml.XmlBeanDefinitionReader loadBeanDefinitions
INFO: Loading XML bean definitions from class path resource [applicationContext.xml]
Oct 10, 2017 5:03:12 PM org.springframework.context.support.ClassPathXmlApplicationContext prepareRefresh
INFO: Refreshing org.springframework.context.support.ClassPathXmlApplicationContext@d94e783: startup date [Tue Oct 10 17:03:12 EDT 2017]; root of context hierarchy
Oct 10, 2017 5:03:12 PM org.springframework.beans.factory.xml.XmlBeanDefinitionReader loadBeanDefinitions
INFO: Loading XML bean definitions from class path resource [applicationContext.xml]
Oct 10, 2017 5:03:12 PM org.springframework.context.support.ClassPathXmlApplicationContext prepareRefresh
INFO: Refreshing org.springframework.context.support.ClassPathXmlApplicationContext@c202a19: startup date [Tue Oct 10 17:03:12 EDT 2017]; root of context hierarchy
Oct 10, 2017 5:03:12 PM org.springframework.beans.factory.xml.XmlBeanDefinitionReader loadBeanDefinitions
INFO: Loading XML bean definitions from class path resource [applicationContext.xml]
Oct 10, 2017 5:03:12 PM org.springframework.context.support.ClassPathXmlApplicationContext prepareRefresh
INFO: Refreshing org.springframework.context.support.ClassPathXmlApplicationContext@6ea34ece: startup date [Tue Oct 10 17:03:12 EDT 2017]; root of context hierarchy
Oct 10, 2017 5:03:12 PM org.springframework.beans.factory.xml.XmlBeanDefinitionReader loadBeanDefinitions
INFO: Loading XML bean definitions from class path resource [applicationContext.xml]
Oct 10, 2017 5:03:12 PM org.springframework.context.support.ClassPathXmlApplicationContext prepareRefresh
INFO: Refreshing org.springframework.context.support.ClassPathXmlApplicationContext@7eb66a64: startup date [Tue Oct 10 17:03:12 EDT 2017]; root of context hierarchy
Oct 10, 2017 5:03:12 PM org.springframework.beans.factory.xml.XmlBeanDefinitionReader loadBeanDefinitions
INFO: Loading XML bean definitions from class path resource [applicationContext.xml]
Oct 10, 2017 5:03:12 PM org.springframework.context.support.ClassPathXmlApplicationContext prepareRefresh
INFO: Refreshing org.springframework.context.support.ClassPathXmlApplicationContext@6538bd81: startup date [Tue Oct 10 17:03:12 EDT 2017]; root of context hierarchy
Oct 10, 2017 5:03:12 PM org.springframework.beans.factory.xml.XmlBeanDefinitionReader loadBeanDefinitions
INFO: Loading XML bean definitions from class path resource [applicationContext.xml]
Oct 10, 2017 5:03:12 PM org.springframework.context.support.ClassPathXmlApplicationContext prepareRefresh
INFO: Refreshing org.springframework.context.support.ClassPathXmlApplicationContext@3709ef16: startup date [Tue Oct 10 17:03:12 EDT 2017]; root of context hierarchy
Oct 10, 2017 5:03:12 PM org.springframework.beans.factory.xml.XmlBeanDefinitionReader loadBeanDefinitions
INFO: Loading XML bean definitions from class path resource [applicationContext.xml]
Oct 10, 2017 5:03:12 PM org.springframework.context.support.ClassPathXmlApplicationContext prepareRefresh
INFO: Refreshing org.springframework.context.support.ClassPathXmlApplicationContext@54d65dca: startup date [Tue Oct 10 17:03:12 EDT 2017]; root of context hierarchy
Oct 10, 2017 5:03:12 PM org.springframework.beans.factory.xml.XmlBeanDefinitionReader loadBeanDefinitions
INFO: Loading XML bean definitions from class path resource [applicationContext.xml]
Oct 10, 2017 5:03:12 PM org.springframework.context.support.ClassPathXmlApplicationContext prepareRefresh
INFO: Refreshing org.springframework.context.support.ClassPathXmlApplicationContext@51d9cdf1: startup date [Tue Oct 10 17:03:12 EDT 2017]; root of context hierarchy
Oct 10, 2017 5:03:12 PM org.springframework.beans.factory.xml.XmlBeanDefinitionReader loadBeanDefinitions
INFO: Loading XML bean definitions from class path resource [applicationContext.xml]
Oct 10, 2017 5:03:12 PM org.springframework.context.support.ClassPathXmlApplicationContext prepareRefresh
INFO: Refreshing org.springframework.context.support.ClassPathXmlApplicationContext@13bb5b63: startup date [Tue Oct 10 17:03:12 EDT 2017]; root of context hierarchy
Oct 10, 2017 5:03:12 PM org.springframework.beans.factory.xml.XmlBeanDefinitionReader loadBeanDefinitions
INFO: Loading XML bean definitions from class path resource [applicationContext.xml]
Oct 10, 2017 5:03:12 PM org.springframework.context.support.ClassPathXmlApplicationContext prepareRefresh
INFO: Refreshing org.springframework.context.support.ClassPathXmlApplicationContext@34da2b4a: startup date [Tue Oct 10 17:03:12 EDT 2017]; root of context hierarchy
Oct 10, 2017 5:03:12 PM org.springframework.beans.factory.xml.XmlBeanDefinitionReader loadBeanDefinitions
INFO: Loading XML bean definitions from class path resource [applicationContext.xml]
Oct 10, 2017 5:03:12 PM org.springframework.context.support.ClassPathXmlApplicationContext prepareRefresh
INFO: Refreshing org.springframework.context.support.ClassPathXmlApplicationContext@60dde2c2: startup date [Tue Oct 10 17:03:12 EDT 2017]; root of context hierarchy
Oct 10, 2017 5:03:12 PM org.springframework.beans.factory.xml.XmlBeanDefinitionReader loadBeanDefinitions
INFO: Loading XML bean definitions from class path resource [applicationContext.xml]
Oct 10, 2017 5:03:12 PM org.springframework.context.support.ClassPathXmlApplicationContext prepareRefresh
INFO: Refreshing org.springframework.context.support.ClassPathXmlApplicationContext@3cb49d5e: startup date [Tue Oct 10 17:03:12 EDT 2017]; root of context hierarchy
Oct 10, 2017 5:03:12 PM org.springframework.beans.factory.xml.XmlBeanDefinitionReader loadBeanDefinitions
INFO: Loading XML bean definitions from class path resource [applicationContext.xml]
Oct 10, 2017 5:03:12 PM org.springframework.context.support.ClassPathXmlApplicationContext prepareRefresh
INFO: Refreshing org.springframework.context.support.ClassPathXmlApplicationContext@239d9b74: startup date [Tue Oct 10 17:03:12 EDT 2017]; root of context hierarchy
Oct 10, 2017 5:03:12 PM org.springframework.beans.factory.xml.XmlBeanDefinitionReader loadBeanDefinitions
INFO: Loading XML bean definitions from class path resource [applicationContext.xml]
Oct 10, 2017 5:03:12 PM org.springframework.context.support.ClassPathXmlApplicationContext prepareRefresh
INFO: Refreshing org.springframework.context.support.ClassPathXmlApplicationContext@528a828c: startup date [Tue Oct 10 17:03:12 EDT 2017]; root of context hierarchy
Oct 10, 2017 5:03:12 PM org.springframework.beans.factory.xml.XmlBeanDefinitionReader loadBeanDefinitions
INFO: Loading XML bean definitions from class path resource [applicationContext.xml]
Oct 10, 2017 5:03:12 PM org.springframework.context.support.ClassPathXmlApplicationContext prepareRefresh
INFO: Refreshing org.springframework.context.support.ClassPathXmlApplicationContext@6acdb655: startup date [Tue Oct 10 17:03:12 EDT 2017]; root of context hierarchy
Oct 10, 2017 5:03:12 PM org.springframework.beans.factory.xml.XmlBeanDefinitionReader loadBeanDefinitions
INFO: Loading XML bean definitions from class path resource [applicationContext.xml]
Oct 10, 2017 5:03:12 PM org.springframework.context.support.ClassPathXmlApplicationContext prepareRefresh
INFO: Refreshing org.springframework.context.support.ClassPathXmlApplicationContext@6e189ee3: startup date [Tue Oct 10 17:03:12 EDT 2017]; root of context hierarchy
Oct 10, 2017 5:03:12 PM org.springframework.beans.factory.xml.XmlBeanDefinitionReader loadBeanDefinitions
INFO: Loading XML bean definitions from class path resource [applicationContext.xml]
Oct 10, 2017 5:03:13 PM org.springframework.context.support.ClassPathXmlApplicationContext prepareRefresh
INFO: Refreshing org.springframework.context.support.ClassPathXmlApplicationContext@7462f6a0: startup date [Tue Oct 10 17:03:13 EDT 2017]; root of context hierarchy
Oct 10, 2017 5:03:13 PM org.springframework.beans.factory.xml.XmlBeanDefinitionReader loadBeanDefinitions
INFO: Loading XML bean definitions from class path resource [applicationContext.xml]
Oct 10, 2017 5:03:13 PM org.springframework.context.support.ClassPathXmlApplicationContext prepareRefresh
INFO: Refreshing org.springframework.context.support.ClassPathXmlApplicationContext@4ac805af: startup date [Tue Oct 10 17:03:13 EDT 2017]; root of context hierarchy
Oct 10, 2017 5:03:13 PM org.springframework.beans.factory.xml.XmlBeanDefinitionReader loadBeanDefinitions
INFO: Loading XML bean definitions from class path resource [applicationContext.xml]
Oct 10, 2017 5:03:13 PM org.springframework.context.support.ClassPathXmlApplicationContext prepareRefresh
INFO: Refreshing org.springframework.context.support.ClassPathXmlApplicationContext@3186efcc: startup date [Tue Oct 10 17:03:13 EDT 2017]; root of context hierarchy
Oct 10, 2017 5:03:13 PM org.springframework.beans.factory.xml.XmlBeanDefinitionReader loadBeanDefinitions
INFO: Loading XML bean definitions from class path resource [applicationContext.xml]
Oct 10, 2017 5:03:13 PM org.springframework.context.support.ClassPathXmlApplicationContext prepareRefresh
INFO: Refreshing org.springframework.context.support.ClassPathXmlApplicationContext@557415ec: startup date [Tue Oct 10 17:03:13 EDT 2017]; root of context hierarchy
Oct 10, 2017 5:03:13 PM org.springframework.beans.factory.xml.XmlBeanDefinitionReader loadBeanDefinitions
INFO: Loading XML bean definitions from class path resource [applicationContext.xml]
Oct 10, 2017 5:03:13 PM org.springframework.context.support.ClassPathXmlApplicationContext prepareRefresh
INFO: Refreshing org.springframework.context.support.ClassPathXmlApplicationContext@31b280af: startup date [Tue Oct 10 17:03:13 EDT 2017]; root of context hierarchy
Oct 10, 2017 5:03:13 PM org.springframework.beans.factory.xml.XmlBeanDefinitionReader loadBeanDefinitions
INFO: Loading XML bean definitions from class path resource [applicationContext.xml]
Oct 10, 2017 5:03:13 PM org.springframework.context.support.ClassPathXmlApplicationContext prepareRefresh
INFO: Refreshing org.springframework.context.support.ClassPathXmlApplicationContext@246eba0: startup date [Tue Oct 10 17:03:13 EDT 2017]; root of context hierarchy
Oct 10, 2017 5:03:13 PM org.springframework.beans.factory.xml.XmlBeanDefinitionReader loadBeanDefinitions
INFO: Loading XML bean definitions from class path resource [applicationContext.xml]
Oct 10, 2017 5:03:13 PM org.springframework.context.support.ClassPathXmlApplicationContext prepareRefresh
INFO: Refreshing org.springframework.context.support.ClassPathXmlApplicationContext@2d83ea1b: startup date [Tue Oct 10 17:03:13 EDT 2017]; root of context hierarchy
Oct 10, 2017 5:03:13 PM org.springframework.beans.factory.xml.XmlBeanDefinitionReader loadBeanDefinitions
INFO: Loading XML bean definitions from class path resource [applicationContext.xml]
Oct 10, 2017 5:03:13 PM org.springframework.context.support.ClassPathXmlApplicationContext prepareRefresh
INFO: Refreshing org.springframework.context.support.ClassPathXmlApplicationContext@82cd68d: startup date [Tue Oct 10 17:03:13 EDT 2017]; root of context hierarchy
Oct 10, 2017 5:03:13 PM org.springframework.beans.factory.xml.XmlBeanDefinitionReader loadBeanDefinitions
INFO: Loading XML bean definitions from class path resource [applicationContext.xml]
Oct 10, 2017 5:03:13 PM org.springframework.context.support.ClassPathXmlApplicationContext prepareRefresh
INFO: Refreshing org.springframework.context.support.ClassPathXmlApplicationContext@853050d: startup date [Tue Oct 10 17:03:13 EDT 2017]; root of context hierarchy
Oct 10, 2017 5:03:13 PM org.springframework.beans.factory.xml.XmlBeanDefinitionReader loadBeanDefinitions
INFO: Loading XML bean definitions from class path resource [applicationContext.xml]
Oct 10, 2017 5:03:13 PM org.springframework.context.support.ClassPathXmlApplicationContext prepareRefresh
INFO: Refreshing org.springframework.context.support.ClassPathXmlApplicationContext@70e76d93: startup date [Tue Oct 10 17:03:13 EDT 2017]; root of context hierarchy
Oct 10, 2017 5:03:13 PM org.springframework.beans.factory.xml.XmlBeanDefinitionReader loadBeanDefinitions
INFO: Loading XML bean definitions from class path resource [applicationContext.xml]
Oct 10, 2017 5:03:13 PM org.springframework.context.support.ClassPathXmlApplicationContext prepareRefresh
INFO: Refreshing org.springframework.context.support.ClassPathXmlApplicationContext@4f0ecc1c: startup date [Tue Oct 10 17:03:13 EDT 2017]; root of context hierarchy
Oct 10, 2017 5:03:13 PM org.springframework.beans.factory.xml.XmlBeanDefinitionReader loadBeanDefinitions
INFO: Loading XML bean definitions from class path resource [applicationContext.xml]
Oct 10, 2017 5:03:13 PM org.springframework.context.support.ClassPathXmlApplicationContext prepareRefresh
INFO: Refreshing org.springframework.context.support.ClassPathXmlApplicationContext@439a4def: startup date [Tue Oct 10 17:03:13 EDT 2017]; root of context hierarchy
Oct 10, 2017 5:03:13 PM org.springframework.beans.factory.xml.XmlBeanDefinitionReader loadBeanDefinitions
INFO: Loading XML bean definitions from class path resource [applicationContext.xml]
Oct 10, 2017 5:03:13 PM org.springframework.context.support.ClassPathXmlApplicationContext prepareRefresh
INFO: Refreshing org.springframework.context.support.ClassPathXmlApplicationContext@79703b86: startup date [Tue Oct 10 17:03:13 EDT 2017]; root of context hierarchy
Oct 10, 2017 5:03:13 PM org.springframework.beans.factory.xml.XmlBeanDefinitionReader loadBeanDefinitions
INFO: Loading XML bean definitions from class path resource [applicationContext.xml]
Oct 10, 2017 5:03:13 PM org.springframework.context.support.ClassPathXmlApplicationContext prepareRefresh
INFO: Refreshing org.springframework.context.support.ClassPathXmlApplicationContext@106dff98: startup date [Tue Oct 10 17:03:13 EDT 2017]; root of context hierarchy
Oct 10, 2017 5:03:13 PM org.springframework.beans.factory.xml.XmlBeanDefinitionReader loadBeanDefinitions
INFO: Loading XML bean definitions from class path resource [applicationContext.xml]
Oct 10, 2017 5:03:13 PM org.springframework.context.support.ClassPathXmlApplicationContext prepareRefresh
INFO: Refreshing org.springframework.context.support.ClassPathXmlApplicationContext@1e5fce67: startup date [Tue Oct 10 17:03:13 EDT 2017]; root of context hierarchy
Oct 10, 2017 5:03:13 PM org.springframework.beans.factory.xml.XmlBeanDefinitionReader loadBeanDefinitions
INFO: Loading XML bean definitions from class path resource [applicationContext.xml]
Oct 10, 2017 5:03:13 PM org.springframework.context.support.ClassPathXmlApplicationContext prepareRefresh
INFO: Refreshing org.springframework.context.support.ClassPathXmlApplicationContext@9a8b7d3: startup date [Tue Oct 10 17:03:13 EDT 2017]; root of context hierarchy
Oct 10, 2017 5:03:13 PM org.springframework.beans.factory.xml.XmlBeanDefinitionReader loadBeanDefinitions
INFO: Loading XML bean definitions from class path resource [applicationContext.xml]
Oct 10, 2017 5:03:13 PM org.springframework.context.support.ClassPathXmlApplicationContext prepareRefresh
INFO: Refreshing org.springframework.context.support.ClassPathXmlApplicationContext@61dbe732: startup date [Tue Oct 10 17:03:13 EDT 2017]; root of context hierarchy
Oct 10, 2017 5:03:13 PM org.springframework.beans.factory.xml.XmlBeanDefinitionReader loadBeanDefinitions
INFO: Loading XML bean definitions from class path resource [applicationContext.xml]
Oct 10, 2017 5:03:13 PM org.springframework.context.support.ClassPathXmlApplicationContext prepareRefresh
INFO: Refreshing org.springframework.context.support.ClassPathXmlApplicationContext@31429a0a: startup date [Tue Oct 10 17:03:13 EDT 2017]; root of context hierarchy
Oct 10, 2017 5:03:13 PM org.springframework.beans.factory.xml.XmlBeanDefinitionReader loadBeanDefinitions
INFO: Loading XML bean definitions from class path resource [applicationContext.xml]
Oct 10, 2017 5:03:13 PM org.springframework.context.support.ClassPathXmlApplicationContext prepareRefresh
INFO: Refreshing org.springframework.context.support.ClassPathXmlApplicationContext@59b47d06: startup date [Tue Oct 10 17:03:13 EDT 2017]; root of context hierarchy
Oct 10, 2017 5:03:13 PM org.springframework.beans.factory.xml.XmlBeanDefinitionReader loadBeanDefinitions
INFO: Loading XML bean definitions from class path resource [applicationContext.xml]
Oct 10, 2017 5:03:13 PM org.springframework.context.support.ClassPathXmlApplicationContext prepareRefresh
INFO: Refreshing org.springframework.context.support.ClassPathXmlApplicationContext@49e01f04: startup date [Tue Oct 10 17:03:13 EDT 2017]; root of context hierarchy
Oct 10, 2017 5:03:13 PM org.springframework.beans.factory.xml.XmlBeanDefinitionReader loadBeanDefinitions
INFO: Loading XML bean definitions from class path resource [applicationContext.xml]
Oct 10, 2017 5:03:13 PM org.springframework.context.support.ClassPathXmlApplicationContext prepareRefresh
INFO: Refreshing org.springframework.context.support.ClassPathXmlApplicationContext@2103697b: startup date [Tue Oct 10 17:03:13 EDT 2017]; root of context hierarchy
Oct 10, 2017 5:03:13 PM org.springframework.beans.factory.xml.XmlBeanDefinitionReader loadBeanDefinitions
INFO: Loading XML bean definitions from class path resource [applicationContext.xml]
Oct 10, 2017 5:03:13 PM org.springframework.context.support.ClassPathXmlApplicationContext prepareRefresh
INFO: Refreshing org.springframework.context.support.ClassPathXmlApplicationContext@15ddb82a: startup date [Tue Oct 10 17:03:13 EDT 2017]; root of context hierarchy
Oct 10, 2017 5:03:13 PM org.springframework.beans.factory.xml.XmlBeanDefinitionReader loadBeanDefinitions
INFO: Loading XML bean definitions from class path resource [applicationContext.xml]
Oct 10, 2017 5:03:13 PM org.springframework.context.support.ClassPathXmlApplicationContext prepareRefresh
INFO: Refreshing org.springframework.context.support.ClassPathXmlApplicationContext@4436b8b: startup date [Tue Oct 10 17:03:13 EDT 2017]; root of context hierarchy
Oct 10, 2017 5:03:13 PM org.springframework.beans.factory.xml.XmlBeanDefinitionReader loadBeanDefinitions
INFO: Loading XML bean definitions from class path resource [applicationContext.xml]
Oct 10, 2017 5:03:13 PM org.springframework.context.support.ClassPathXmlApplicationContext prepareRefresh
INFO: Refreshing org.springframework.context.support.ClassPathXmlApplicationContext@10564688: startup date [Tue Oct 10 17:03:13 EDT 2017]; root of context hierarchy
Oct 10, 2017 5:03:13 PM org.springframework.beans.factory.xml.XmlBeanDefinitionReader loadBeanDefinitions
INFO: Loading XML bean definitions from class path resource [applicationContext.xml]
Oct 10, 2017 5:03:13 PM org.springframework.context.support.ClassPathXmlApplicationContext prepareRefresh
INFO: Refreshing org.springframework.context.support.ClassPathXmlApplicationContext@7809027c: startup date [Tue Oct 10 17:03:13 EDT 2017]; root of context hierarchy
Oct 10, 2017 5:03:13 PM org.springframework.beans.factory.xml.XmlBeanDefinitionReader loadBeanDefinitions
INFO: Loading XML bean definitions from class path resource [applicationContext.xml]
Oct 10, 2017 5:03:13 PM org.springframework.context.support.ClassPathXmlApplicationContext prepareRefresh
INFO: Refreshing org.springframework.context.support.ClassPathXmlApplicationContext@7d60ab: startup date [Tue Oct 10 17:03:13 EDT 2017]; root of context hierarchy
Oct 10, 2017 5:03:13 PM org.springframework.beans.factory.xml.XmlBeanDefinitionReader loadBeanDefinitions
INFO: Loading XML bean definitions from class path resource [applicationContext.xml]
Oct 10, 2017 5:03:13 PM org.springframework.context.support.ClassPathXmlApplicationContext prepareRefresh
INFO: Refreshing org.springframework.context.support.ClassPathXmlApplicationContext@7999114c: startup date [Tue Oct 10 17:03:13 EDT 2017]; root of context hierarchy
Oct 10, 2017 5:03:13 PM org.springframework.beans.factory.xml.XmlBeanDefinitionReader loadBeanDefinitions
INFO: Loading XML bean definitions from class path resource [applicationContext.xml]
Oct 10, 2017 5:03:13 PM org.springframework.context.support.ClassPathXmlApplicationContext prepareRefresh
INFO: Refreshing org.springframework.context.support.ClassPathXmlApplicationContext@70961c7b: startup date [Tue Oct 10 17:03:13 EDT 2017]; root of context hierarchy
Oct 10, 2017 5:03:13 PM org.springframework.beans.factory.xml.XmlBeanDefinitionReader loadBeanDefinitions
INFO: Loading XML bean definitions from class path resource [applicationContext.xml]
Oct 10, 2017 5:03:13 PM org.springframework.context.support.ClassPathXmlApplicationContext prepareRefresh
INFO: Refreshing org.springframework.context.support.ClassPathXmlApplicationContext@2f1e14cf: startup date [Tue Oct 10 17:03:13 EDT 2017]; root of context hierarchy
Oct 10, 2017 5:03:13 PM org.springframework.beans.factory.xml.XmlBeanDefinitionReader loadBeanDefinitions
INFO: Loading XML bean definitions from class path resource [applicationContext.xml]
Oct 10, 2017 5:03:13 PM org.springframework.context.support.ClassPathXmlApplicationContext prepareRefresh
INFO: Refreshing org.springframework.context.support.ClassPathXmlApplicationContext@27cef2f7: startup date [Tue Oct 10 17:03:13 EDT 2017]; root of context hierarchy
Oct 10, 2017 5:03:13 PM org.springframework.beans.factory.xml.XmlBeanDefinitionReader loadBeanDefinitions
INFO: Loading XML bean definitions from class path resource [applicationContext.xml]
Oct 10, 2017 5:03:13 PM org.springframework.context.support.ClassPathXmlApplicationContext prepareRefresh
INFO: Refreshing org.springframework.context.support.ClassPathXmlApplicationContext@21ca5865: startup date [Tue Oct 10 17:03:13 EDT 2017]; root of context hierarchy
Oct 10, 2017 5:03:13 PM org.springframework.beans.factory.xml.XmlBeanDefinitionReader loadBeanDefinitions
INFO: Loading XML bean definitions from class path resource [applicationContext.xml]
Oct 10, 2017 5:03:13 PM org.springframework.context.support.ClassPathXmlApplicationContext prepareRefresh
INFO: Refreshing org.springframework.context.support.ClassPathXmlApplicationContext@77c894d5: startup date [Tue Oct 10 17:03:13 EDT 2017]; root of context hierarchy
Oct 10, 2017 5:03:13 PM org.springframework.beans.factory.xml.XmlBeanDefinitionReader loadBeanDefinitions
INFO: Loading XML bean definitions from class path resource [applicationContext.xml]
Oct 10, 2017 5:03:13 PM org.springframework.context.support.ClassPathXmlApplicationContext prepareRefresh
INFO: Refreshing org.springframework.context.support.ClassPathXmlApplicationContext@60176563: startup date [Tue Oct 10 17:03:13 EDT 2017]; root of context hierarchy
Oct 10, 2017 5:03:13 PM org.springframework.beans.factory.xml.XmlBeanDefinitionReader loadBeanDefinitions
INFO: Loading XML bean definitions from class path resource [applicationContext.xml]
Oct 10, 2017 5:03:13 PM org.springframework.context.support.ClassPathXmlApplicationContext prepareRefresh
INFO: Refreshing org.springframework.context.support.ClassPathXmlApplicationContext@5246f452: startup date [Tue Oct 10 17:03:13 EDT 2017]; root of context hierarchy
Oct 10, 2017 5:03:13 PM org.springframework.beans.factory.xml.XmlBeanDefinitionReader loadBeanDefinitions
INFO: Loading XML bean definitions from class path resource [applicationContext.xml]
Oct 10, 2017 5:03:13 PM org.springframework.context.support.ClassPathXmlApplicationContext prepareRefresh
INFO: Refreshing org.springframework.context.support.ClassPathXmlApplicationContext@7aaa73f6: startup date [Tue Oct 10 17:03:13 EDT 2017]; root of context hierarchy
Oct 10, 2017 5:03:13 PM org.springframework.beans.factory.xml.XmlBeanDefinitionReader loadBeanDefinitions
INFO: Loading XML bean definitions from class path resource [applicationContext.xml]
Oct 10, 2017 5:03:13 PM org.springframework.context.support.ClassPathXmlApplicationContext prepareRefresh
INFO: Refreshing org.springframework.context.support.ClassPathXmlApplicationContext@66812604: startup date [Tue Oct 10 17:03:13 EDT 2017]; root of context hierarchy
Oct 10, 2017 5:03:13 PM org.springframework.beans.factory.xml.XmlBeanDefinitionReader loadBeanDefinitions
INFO: Loading XML bean definitions from class path resource [applicationContext.xml]
Oct 10, 2017 5:03:13 PM org.springframework.context.support.ClassPathXmlApplicationContext prepareRefresh
INFO: Refreshing org.springframework.context.support.ClassPathXmlApplicationContext@2a930ec6: startup date [Tue Oct 10 17:03:13 EDT 2017]; root of context hierarchy
Oct 10, 2017 5:03:13 PM org.springframework.beans.factory.xml.XmlBeanDefinitionReader loadBeanDefinitions
INFO: Loading XML bean definitions from class path resource [applicationContext.xml]
Oct 10, 2017 5:03:13 PM org.springframework.context.support.ClassPathXmlApplicationContext prepareRefresh
INFO: Refreshing org.springframework.context.support.ClassPathXmlApplicationContext@245ece8d: startup date [Tue Oct 10 17:03:13 EDT 2017]; root of context hierarchy
Oct 10, 2017 5:03:13 PM org.springframework.beans.factory.xml.XmlBeanDefinitionReader loadBeanDefinitions
INFO: Loading XML bean definitions from class path resource [applicationContext.xml]
Oct 10, 2017 5:03:13 PM org.springframework.context.support.ClassPathXmlApplicationContext prepareRefresh
INFO: Refreshing org.springframework.context.support.ClassPathXmlApplicationContext@6c6ea911: startup date [Tue Oct 10 17:03:13 EDT 2017]; root of context hierarchy
Oct 10, 2017 5:03:13 PM org.springframework.beans.factory.xml.XmlBeanDefinitionReader loadBeanDefinitions
INFO: Loading XML bean definitions from class path resource [applicationContext.xml]
Oct 10, 2017 5:03:13 PM org.springframework.context.support.ClassPathXmlApplicationContext prepareRefresh
INFO: Refreshing org.springframework.context.support.ClassPathXmlApplicationContext@47b9622: startup date [Tue Oct 10 17:03:13 EDT 2017]; root of context hierarchy
Oct 10, 2017 5:03:13 PM org.springframework.beans.factory.xml.XmlBeanDefinitionReader loadBeanDefinitions
INFO: Loading XML bean definitions from class path resource [applicationContext.xml]
Oct 10, 2017 5:03:13 PM org.springframework.context.support.ClassPathXmlApplicationContext prepareRefresh
INFO: Refreshing org.springframework.context.support.ClassPathXmlApplicationContext@490f1d58: startup date [Tue Oct 10 17:03:13 EDT 2017]; root of context hierarchy
Oct 10, 2017 5:03:13 PM org.springframework.beans.factory.xml.XmlBeanDefinitionReader loadBeanDefinitions
INFO: Loading XML bean definitions from class path resource [applicationContext.xml]
Oct 10, 2017 5:03:13 PM org.springframework.context.support.ClassPathXmlApplicationContext prepareRefresh
INFO: Refreshing org.springframework.context.support.ClassPathXmlApplicationContext@45fc4c95: startup date [Tue Oct 10 17:03:13 EDT 2017]; root of context hierarchy
Oct 10, 2017 5:03:13 PM org.springframework.beans.factory.xml.XmlBeanDefinitionReader loadBeanDefinitions
INFO: Loading XML bean definitions from class path resource [applicationContext.xml]
Oct 10, 2017 5:03:13 PM org.springframework.context.support.ClassPathXmlApplicationContext prepareRefresh
INFO: Refreshing org.springframework.context.support.ClassPathXmlApplicationContext@29b29e5d: startup date [Tue Oct 10 17:03:13 EDT 2017]; root of context hierarchy
Oct 10, 2017 5:03:13 PM org.springframework.beans.factory.xml.XmlBeanDefinitionReader loadBeanDefinitions
INFO: Loading XML bean definitions from class path resource [applicationContext.xml]
Oct 10, 2017 5:03:13 PM org.springframework.context.support.ClassPathXmlApplicationContext prepareRefresh
INFO: Refreshing org.springframework.context.support.ClassPathXmlApplicationContext@1094fb98: startup date [Tue Oct 10 17:03:13 EDT 2017]; root of context hierarchy
Oct 10, 2017 5:03:13 PM org.springframework.beans.factory.xml.XmlBeanDefinitionReader loadBeanDefinitions
INFO: Loading XML bean definitions from class path resource [applicationContext.xml]
Oct 10, 2017 5:03:13 PM org.springframework.context.support.ClassPathXmlApplicationContext prepareRefresh
INFO: Refreshing org.springframework.context.support.ClassPathXmlApplicationContext@1993008: startup date [Tue Oct 10 17:03:13 EDT 2017]; root of context hierarchy
Oct 10, 2017 5:03:13 PM org.springframework.beans.factory.xml.XmlBeanDefinitionReader loadBeanDefinitions
INFO: Loading XML bean definitions from class path resource [applicationContext.xml]
Oct 10, 2017 5:03:13 PM org.springframework.context.support.ClassPathXmlApplicationContext prepareRefresh
INFO: Refreshing org.springframework.context.support.ClassPathXmlApplicationContext@f00b18a: startup date [Tue Oct 10 17:03:13 EDT 2017]; root of context hierarchy
Oct 10, 2017 5:03:13 PM org.springframework.beans.factory.xml.XmlBeanDefinitionReader loadBeanDefinitions
INFO: Loading XML bean definitions from class path resource [applicationContext.xml]
Oct 10, 2017 5:03:13 PM org.springframework.context.support.ClassPathXmlApplicationContext prepareRefresh
INFO: Refreshing org.springframework.context.support.ClassPathXmlApplicationContext@2c895dff: startup date [Tue Oct 10 17:03:13 EDT 2017]; root of context hierarchy
Oct 10, 2017 5:03:13 PM org.springframework.beans.factory.xml.XmlBeanDefinitionReader loadBeanDefinitions
INFO: Loading XML bean definitions from class path resource [applicationContext.xml]
Oct 10, 2017 5:03:13 PM org.springframework.context.support.ClassPathXmlApplicationContext prepareRefresh
INFO: Refreshing org.springframework.context.support.ClassPathXmlApplicationContext@158f30b5: startup date [Tue Oct 10 17:03:13 EDT 2017]; root of context hierarchy
Oct 10, 2017 5:03:13 PM org.springframework.beans.factory.xml.XmlBeanDefinitionReader loadBeanDefinitions
INFO: Loading XML bean definitions from class path resource [applicationContext.xml]
Oct 10, 2017 5:03:13 PM org.springframework.context.support.ClassPathXmlApplicationContext prepareRefresh
INFO: Refreshing org.springframework.context.support.ClassPathXmlApplicationContext@3891e688: startup date [Tue Oct 10 17:03:13 EDT 2017]; root of context hierarchy
Oct 10, 2017 5:03:13 PM org.springframework.beans.factory.xml.XmlBeanDefinitionReader loadBeanDefinitions
INFO: Loading XML bean definitions from class path resource [applicationContext.xml]
Oct 10, 2017 5:03:13 PM org.springframework.context.support.ClassPathXmlApplicationContext prepareRefresh
INFO: Refreshing org.springframework.context.support.ClassPathXmlApplicationContext@1edefb80: startup date [Tue Oct 10 17:03:13 EDT 2017]; root of context hierarchy
Oct 10, 2017 5:03:13 PM org.springframework.beans.factory.xml.XmlBeanDefinitionReader loadBeanDefinitions
INFO: Loading XML bean definitions from class path resource [applicationContext.xml]
Oct 10, 2017 5:03:13 PM org.springframework.context.support.ClassPathXmlApplicationContext prepareRefresh
INFO: Refreshing org.springframework.context.support.ClassPathXmlApplicationContext@45788a6c: startup date [Tue Oct 10 17:03:13 EDT 2017]; root of context hierarchy
Oct 10, 2017 5:03:13 PM org.springframework.beans.factory.xml.XmlBeanDefinitionReader loadBeanDefinitions
INFO: Loading XML bean definitions from class path resource [applicationContext.xml]
Oct 10, 2017 5:03:13 PM org.springframework.context.support.ClassPathXmlApplicationContext prepareRefresh
INFO: Refreshing org.springframework.context.support.ClassPathXmlApplicationContext@32235be0: startup date [Tue Oct 10 17:03:13 EDT 2017]; root of context hierarchy
Oct 10, 2017 5:03:13 PM org.springframework.beans.factory.xml.XmlBeanDefinitionReader loadBeanDefinitions
INFO: Loading XML bean definitions from class path resource [applicationContext.xml]
Oct 10, 2017 5:03:13 PM org.springframework.context.support.ClassPathXmlApplicationContext prepareRefresh
INFO: Refreshing org.springframework.context.support.ClassPathXmlApplicationContext@51145fdc: startup date [Tue Oct 10 17:03:13 EDT 2017]; root of context hierarchy
Oct 10, 2017 5:03:13 PM org.springframework.beans.factory.xml.XmlBeanDefinitionReader loadBeanDefinitions
INFO: Loading XML bean definitions from class path resource [applicationContext.xml]
Oct 10, 2017 5:03:13 PM org.springframework.context.support.ClassPathXmlApplicationContext prepareRefresh
INFO: Refreshing org.springframework.context.support.ClassPathXmlApplicationContext@584b3bdc: startup date [Tue Oct 10 17:03:13 EDT 2017]; root of context hierarchy
Oct 10, 2017 5:03:13 PM org.springframework.beans.factory.xml.XmlBeanDefinitionReader loadBeanDefinitions
INFO: Loading XML bean definitions from class path resource [applicationContext.xml]
Oct 10, 2017 5:03:13 PM org.springframework.context.support.ClassPathXmlApplicationContext prepareRefresh
INFO: Refreshing org.springframework.context.support.ClassPathXmlApplicationContext@6295be36: startup date [Tue Oct 10 17:03:13 EDT 2017]; root of context hierarchy
Oct 10, 2017 5:03:13 PM org.springframework.beans.factory.xml.XmlBeanDefinitionReader loadBeanDefinitions
INFO: Loading XML bean definitions from class path resource [applicationContext.xml]
Oct 10, 2017 5:03:13 PM org.springframework.context.support.ClassPathXmlApplicationContext prepareRefresh
INFO: Refreshing org.springframework.context.support.ClassPathXmlApplicationContext@3210454: startup date [Tue Oct 10 17:03:13 EDT 2017]; root of context hierarchy
Oct 10, 2017 5:03:13 PM org.springframework.beans.factory.xml.XmlBeanDefinitionReader loadBeanDefinitions
INFO: Loading XML bean definitions from class path resource [applicationContext.xml]
Oct 10, 2017 5:03:13 PM org.springframework.context.support.ClassPathXmlApplicationContext prepareRefresh
INFO: Refreshing org.springframework.context.support.ClassPathXmlApplicationContext@6e65946d: startup date [Tue Oct 10 17:03:13 EDT 2017]; root of context hierarchy
Oct 10, 2017 5:03:13 PM org.springframework.beans.factory.xml.XmlBeanDefinitionReader loadBeanDefinitions
INFO: Loading XML bean definitions from class path resource [applicationContext.xml]
Oct 10, 2017 5:03:13 PM org.springframework.context.support.ClassPathXmlApplicationContext prepareRefresh
INFO: Refreshing org.springframework.context.support.ClassPathXmlApplicationContext@53bb9bd: startup date [Tue Oct 10 17:03:13 EDT 2017]; root of context hierarchy
Oct 10, 2017 5:03:13 PM org.springframework.beans.factory.xml.XmlBeanDefinitionReader loadBeanDefinitions
INFO: Loading XML bean definitions from class path resource [applicationContext.xml]
Oct 10, 2017 5:03:13 PM org.springframework.context.support.ClassPathXmlApplicationContext prepareRefresh
INFO: Refreshing org.springframework.context.support.ClassPathXmlApplicationContext@76f0ea2: startup date [Tue Oct 10 17:03:13 EDT 2017]; root of context hierarchy
Oct 10, 2017 5:03:13 PM org.springframework.beans.factory.xml.XmlBeanDefinitionReader loadBeanDefinitions
INFO: Loading XML bean definitions from class path resource [applicationContext.xml]
Oct 10, 2017 5:03:13 PM org.springframework.context.support.ClassPathXmlApplicationContext prepareRefresh
INFO: Refreshing org.springframework.context.support.ClassPathXmlApplicationContext@3f962128: startup date [Tue Oct 10 17:03:13 EDT 2017]; root of context hierarchy
Oct 10, 2017 5:03:13 PM org.springframework.beans.factory.xml.XmlBeanDefinitionReader loadBeanDefinitions
INFO: Loading XML bean definitions from class path resource [applicationContext.xml]
Oct 10, 2017 5:03:13 PM org.springframework.context.support.ClassPathXmlApplicationContext prepareRefresh
INFO: Refreshing org.springframework.context.support.ClassPathXmlApplicationContext@70e9af2b: startup date [Tue Oct 10 17:03:13 EDT 2017]; root of context hierarchy
Oct 10, 2017 5:03:13 PM org.springframework.beans.factory.xml.XmlBeanDefinitionReader loadBeanDefinitions
INFO: Loading XML bean definitions from class path resource [applicationContext.xml]
Oct 10, 2017 5:03:13 PM org.springframework.context.support.ClassPathXmlApplicationContext prepareRefresh
INFO: Refreshing org.springframework.context.support.ClassPathXmlApplicationContext@536b669: startup date [Tue Oct 10 17:03:13 EDT 2017]; root of context hierarchy
Oct 10, 2017 5:03:13 PM org.springframework.beans.factory.xml.XmlBeanDefinitionReader loadBeanDefinitions
INFO: Loading XML bean definitions from class path resource [applicationContext.xml]
Oct 10, 2017 5:03:13 PM org.springframework.context.support.ClassPathXmlApplicationContext prepareRefresh
INFO: Refreshing org.springframework.context.support.ClassPathXmlApplicationContext@63702e4: startup date [Tue Oct 10 17:03:13 EDT 2017]; root of context hierarchy
Oct 10, 2017 5:03:13 PM org.springframework.beans.factory.xml.XmlBeanDefinitionReader loadBeanDefinitions
INFO: Loading XML bean definitions from class path resource [applicationContext.xml]
Oct 10, 2017 5:03:13 PM org.springframework.context.support.ClassPathXmlApplicationContext prepareRefresh
INFO: Refreshing org.springframework.context.support.ClassPathXmlApplicationContext@41b1686e: startup date [Tue Oct 10 17:03:13 EDT 2017]; root of context hierarchy
Oct 10, 2017 5:03:13 PM org.springframework.beans.factory.xml.XmlBeanDefinitionReader loadBeanDefinitions
INFO: Loading XML bean definitions from class path resource [applicationContext.xml]
</system-err>
  </testcase>
</testsuite>