<?xml version="1.0" encoding="UTF-8" ?>
<testsuite tests="1" failures="0" name="com.sg.flooringmastery.service.FMOrderNumServiceTest" time="0" errors="1" skipped="0">
  <properties>
    <property name="java.runtime.name" value="Java(TM) SE Runtime Environment"/>
    <property name="sun.boot.library.path" value="C:\Program Files\Java\jdk1.8.0_131\jre\bin"/>
    <property name="java.vm.version" value="25.131-b11"/>
    <property name="java.vm.vendor" value="Oracle Corporation"/>
    <property name="maven.multiModuleProjectDirectory" value="C:\Users\connor\Documents\Programming\Repos\SoftwareGuild\connor-kelly-individual-work\FlooringMastery"/>
    <property name="java.vendor.url" value="http://java.oracle.com/"/>
    <property name="path.separator" value=";"/>
    <property name="guice.disable.misplaced.annotation.check" value="true"/>
    <property name="java.vm.name" value="Java HotSpot(TM) 64-Bit Server VM"/>
    <property name="file.encoding.pkg" value="sun.io"/>
    <property name="user.script" value=""/>
    <property name="user.country" value="US"/>
    <property name="sun.java.launcher" value="SUN_STANDARD"/>
    <property name="sun.os.patch.level" value=""/>
    <property name="java.vm.specification.name" value="Java Virtual Machine Specification"/>
    <property name="user.dir" value="C:\Users\connor\Documents\Programming\Repos\SoftwareGuild\connor-kelly-individual-work\FlooringMastery"/>
    <property name="java.runtime.version" value="1.8.0_131-b11"/>
    <property name="java.awt.graphicsenv" value="sun.awt.Win32GraphicsEnvironment"/>
    <property name="java.endorsed.dirs" value="C:\Program Files\Java\jdk1.8.0_131\jre\lib\endorsed"/>
    <property name="os.arch" value="amd64"/>
    <property name="java.io.tmpdir" value="C:\Users\connor\AppData\Local\Temp\"/>
    <property name="line.separator" value="
"/>
    <property name="java.vm.specification.vendor" value="Oracle Corporation"/>
    <property name="user.variant" value=""/>
    <property name="os.name" value="Windows 10"/>
    <property name="maven.ext.class.path" value="C:\Program Files\NetBeans 8.2\java\maven-nblib\netbeans-eventspy.jar"/>
    <property name="classworlds.conf" value="C:\Program Files\Apache Software Foundation\apache-maven-3.5.0\bin\..\bin\m2.conf"/>
    <property name="sun.jnu.encoding" value="Cp1252"/>
    <property name="java.library.path" value="C:\Program Files\Java\jdk1.8.0_131\bin;C:\WINDOWS\Sun\Java\bin;C:\WINDOWS\system32;C:\WINDOWS;C:\ProgramData\Oracle\Java\javapath;C:\Program Files\Microsoft MPI\Bin\;C:\Program Files (x86)\Intel\iCLS Client\;C:\Program Files\Intel\iCLS Client\;C:\WINDOWS\system32;C:\WINDOWS;C:\WINDOWS\System32\Wbem;C:\WINDOWS\System32\WindowsPowerShell\v1.0\;C:\Program Files\Intel\Intel(R) Management Engine Components\DAL;C:\Program Files\Intel\Intel(R) Management Engine Components\IPT;C:\Program Files (x86)\Intel\Intel(R) Management Engine Components\DAL;C:\Program Files (x86)\Intel\Intel(R) Management Engine Components\IPT;C:\Program Files\Intel\WiFi\bin\;C:\Program Files\Common Files\Intel\WirelessCommon\;C:\Python27;C:\Program Files\Anaconda3;C:\Program Files\Anaconda3\Scripts;C:\Program Files\Anaconda3\Library\bin;C:\Program Files (x86)\GtkSharp\2.12\bin;C:\Program Files\Java\jdk1.8.0_131\bin;C:\Program Files\Apache Software Foundation\apache-maven-3.5.0\bin;C:\Users\connor\AppData\Local\Microsoft\WindowsApps;;C:\Program Files\Microsoft VS Code\bin;."/>
    <property name="maven.conf" value="C:\Program Files\Apache Software Foundation\apache-maven-3.5.0\bin\../conf"/>
    <property name="java.specification.name" value="Java Platform API Specification"/>
    <property name="java.class.version" value="52.0"/>
    <property name="sun.management.compiler" value="HotSpot 64-Bit Tiered Compilers"/>
    <property name="os.version" value="10.0"/>
    <property name="library.jansi.path" value="C:\Program Files\Apache Software Foundation\apache-maven-3.5.0\bin\..\lib\jansi-native\windows64"/>
    <property name="user.home" value="C:\Users\connor"/>
    <property name="user.timezone" value="America/New_York"/>
    <property name="java.awt.printerjob" value="sun.awt.windows.WPrinterJob"/>
    <property name="java.specification.version" value="1.8"/>
    <property name="file.encoding" value="UTF-8"/>
    <property name="user.name" value="connor"/>
    <property name="java.class.path" value="C:\Program Files\Apache Software Foundation\apache-maven-3.5.0\bin\..\boot\plexus-classworlds-2.5.2.jar"/>
    <property name="java.vm.specification.version" value="1.8"/>
    <property name="sun.arch.data.model" value="64"/>
    <property name="java.home" value="C:\Program Files\Java\jdk1.8.0_131\jre"/>
    <property name="sun.java.command" value="org.codehaus.plexus.classworlds.launcher.Launcher -Dmaven.ext.class.path=C:\Program Files\NetBeans 8.2\java\maven-nblib\netbeans-eventspy.jar -Dfile.encoding=UTF-8 clean install"/>
    <property name="java.specification.vendor" value="Oracle Corporation"/>
    <property name="user.language" value="en"/>
    <property name="awt.toolkit" value="sun.awt.windows.WToolkit"/>
    <property name="java.vm.info" value="mixed mode"/>
    <property name="java.version" value="1.8.0_131"/>
    <property name="java.ext.dirs" value="C:\Program Files\Java\jdk1.8.0_131\jre\lib\ext;C:\WINDOWS\Sun\Java\lib\ext"/>
    <property name="sun.boot.class.path" value="C:\Program Files\Java\jdk1.8.0_131\jre\lib\resources.jar;C:\Program Files\Java\jdk1.8.0_131\jre\lib\rt.jar;C:\Program Files\Java\jdk1.8.0_131\jre\lib\sunrsasign.jar;C:\Program Files\Java\jdk1.8.0_131\jre\lib\jsse.jar;C:\Program Files\Java\jdk1.8.0_131\jre\lib\jce.jar;C:\Program Files\Java\jdk1.8.0_131\jre\lib\charsets.jar;C:\Program Files\Java\jdk1.8.0_131\jre\lib\jfr.jar;C:\Program Files\Java\jdk1.8.0_131\jre\classes"/>
    <property name="java.vendor" value="Oracle Corporation"/>
    <property name="maven.home" value="C:\Program Files\Apache Software Foundation\apache-maven-3.5.0\bin\.."/>
    <property name="file.separator" value="\"/>
    <property name="java.vendor.url.bug" value="http://bugreport.sun.com/bugreport/"/>
    <property name="sun.cpu.endian" value="little"/>
    <property name="sun.io.unicode.encoding" value="UnicodeLittle"/>
    <property name="sun.desktop" value="windows"/>
    <property name="sun.cpu.isalist" value="amd64"/>
  </properties>
  <testcase classname="com.sg.flooringmastery.service.FMOrderNumServiceTest" name="testGetAndSetNewMaxOrderNum" time="0">
    <error message="org.springframework.beans.FatalBeanException" type="java.lang.NoClassDefFoundError">java.lang.NoClassDefFoundError: org.springframework.beans.FatalBeanException
	at org.springframework.beans.factory.support.AbstractAutowireCapableBeanFactory.instantiateBean(AbstractAutowireCapableBeanFactory.java:1154)
	at org.springframework.beans.factory.support.AbstractAutowireCapableBeanFactory.createBeanInstance(AbstractAutowireCapableBeanFactory.java:1099)
	at org.springframework.beans.factory.support.AbstractAutowireCapableBeanFactory.doCreateBean(AbstractAutowireCapableBeanFactory.java:513)
	at org.springframework.beans.factory.support.AbstractAutowireCapableBeanFactory.createBean(AbstractAutowireCapableBeanFactory.java:483)
	at org.springframework.beans.factory.support.AbstractBeanFactory$1.getObject(AbstractBeanFactory.java:306)
	at org.springframework.beans.factory.support.DefaultSingletonBeanRegistry.getSingleton(DefaultSingletonBeanRegistry.java:230)
	at org.springframework.beans.factory.support.AbstractBeanFactory.doGetBean(AbstractBeanFactory.java:302)
	at org.springframework.beans.factory.support.AbstractBeanFactory.getBean(AbstractBeanFactory.java:197)
	at org.springframework.beans.factory.support.DefaultListableBeanFactory.preInstantiateSingletons(DefaultListableBeanFactory.java:761)
	at org.springframework.context.support.AbstractApplicationContext.finishBeanFactoryInitialization(AbstractApplicationContext.java:867)
	at org.springframework.context.support.AbstractApplicationContext.refresh(AbstractApplicationContext.java:543)
	at org.springframework.context.support.ClassPathXmlApplicationContext.&lt;init&gt;(ClassPathXmlApplicationContext.java:139)
	at org.springframework.context.support.ClassPathXmlApplicationContext.&lt;init&gt;(ClassPathXmlApplicationContext.java:83)
	at com.sg.flooringmastery.service.FMOrderNumServiceTest.&lt;init&gt;(FMOrderNumServiceTest.java:23)
	at sun.reflect.NativeConstructorAccessorImpl.newInstance0(Native Method)
	at sun.reflect.NativeConstructorAccessorImpl.newInstance(NativeConstructorAccessorImpl.java:62)
	at sun.reflect.DelegatingConstructorAccessorImpl.newInstance(DelegatingConstructorAccessorImpl.java:45)
	at java.lang.reflect.Constructor.newInstance(Constructor.java:423)
	at org.junit.runners.BlockJUnit4ClassRunner.createTest(BlockJUnit4ClassRunner.java:217)
	at org.junit.runners.BlockJUnit4ClassRunner$1.runReflectiveCall(BlockJUnit4ClassRunner.java:266)
	at org.junit.internal.runners.model.ReflectiveCallable.run(ReflectiveCallable.java:12)
	at org.junit.runners.BlockJUnit4ClassRunner.methodBlock(BlockJUnit4ClassRunner.java:263)
	at org.junit.runners.BlockJUnit4ClassRunner.runChild(BlockJUnit4ClassRunner.java:78)
	at org.junit.runners.BlockJUnit4ClassRunner.runChild(BlockJUnit4ClassRunner.java:57)
	at org.junit.runners.ParentRunner$3.run(ParentRunner.java:290)
	at org.junit.runners.ParentRunner$1.schedule(ParentRunner.java:71)
	at org.junit.runners.ParentRunner.runChildren(ParentRunner.java:288)
	at org.junit.runners.ParentRunner.access$000(ParentRunner.java:58)
	at org.junit.runners.ParentRunner$2.evaluate(ParentRunner.java:268)
	at org.junit.runners.ParentRunner.run(ParentRunner.java:363)
	at org.apache.maven.surefire.junit4.JUnit4Provider.execute(JUnit4Provider.java:252)
	at org.apache.maven.surefire.junit4.JUnit4Provider.executeTestSet(JUnit4Provider.java:141)
	at org.apache.maven.surefire.junit4.JUnit4Provider.invoke(JUnit4Provider.java:112)
	at sun.reflect.NativeMethodAccessorImpl.invoke0(Native Method)
	at sun.reflect.NativeMethodAccessorImpl.invoke(NativeMethodAccessorImpl.java:62)
	at sun.reflect.DelegatingMethodAccessorImpl.invoke(DelegatingMethodAccessorImpl.java:43)
	at java.lang.reflect.Method.invoke(Method.java:498)
	at org.apache.maven.surefire.util.ReflectionUtils.invokeMethodWithArray(ReflectionUtils.java:189)
	at org.apache.maven.surefire.booter.ProviderFactory$ProviderProxy.invoke(ProviderFactory.java:165)
	at org.apache.maven.surefire.booter.ProviderFactory.invokeProvider(ProviderFactory.java:85)
	at org.apache.maven.surefire.booter.ForkedBooter.runSuitesInProcess(ForkedBooter.java:115)
	at org.apache.maven.surefire.booter.ForkedBooter.main(ForkedBooter.java:75)
</error>
    <system-err>Oct 10, 2017 5:04:14 PM org.springframework.context.support.ClassPathXmlApplicationContext prepareRefresh
INFO: Refreshing org.springframework.context.support.ClassPathXmlApplicationContext@3a0c33d0: startup date [Tue Oct 10 17:04:14 EDT 2017]; root of context hierarchy
Oct 10, 2017 5:04:14 PM org.springframework.beans.factory.xml.XmlBeanDefinitionReader loadBeanDefinitions
INFO: Loading XML bean definitions from class path resource [applicationContext.xml]
Oct 10, 2017 5:04:14 PM org.springframework.context.support.ClassPathXmlApplicationContext prepareRefresh
INFO: Refreshing org.springframework.context.support.ClassPathXmlApplicationContext@c35803a: startup date [Tue Oct 10 17:04:14 EDT 2017]; root of context hierarchy
Oct 10, 2017 5:04:14 PM org.springframework.beans.factory.xml.XmlBeanDefinitionReader loadBeanDefinitions
INFO: Loading XML bean definitions from class path resource [applicationContext.xml]
Oct 10, 2017 5:04:14 PM org.springframework.context.support.ClassPathXmlApplicationContext prepareRefresh
INFO: Refreshing org.springframework.context.support.ClassPathXmlApplicationContext@2d7478db: startup date [Tue Oct 10 17:04:14 EDT 2017]; root of context hierarchy
Oct 10, 2017 5:04:14 PM org.springframework.beans.factory.xml.XmlBeanDefinitionReader loadBeanDefinitions
INFO: Loading XML bean definitions from class path resource [applicationContext.xml]
Oct 10, 2017 5:04:14 PM org.springframework.context.support.ClassPathXmlApplicationContext prepareRefresh
INFO: Refreshing org.springframework.context.support.ClassPathXmlApplicationContext@388e3dbb: startup date [Tue Oct 10 17:04:14 EDT 2017]; root of context hierarchy
Oct 10, 2017 5:04:14 PM org.springframework.beans.factory.xml.XmlBeanDefinitionReader loadBeanDefinitions
INFO: Loading XML bean definitions from class path resource [applicationContext.xml]
Oct 10, 2017 5:04:14 PM org.springframework.context.support.ClassPathXmlApplicationContext prepareRefresh
INFO: Refreshing org.springframework.context.support.ClassPathXmlApplicationContext@6474fbb5: startup date [Tue Oct 10 17:04:14 EDT 2017]; root of context hierarchy
Oct 10, 2017 5:04:14 PM org.springframework.beans.factory.xml.XmlBeanDefinitionReader loadBeanDefinitions
INFO: Loading XML bean definitions from class path resource [applicationContext.xml]
Oct 10, 2017 5:04:14 PM org.springframework.context.support.ClassPathXmlApplicationContext prepareRefresh
INFO: Refreshing org.springframework.context.support.ClassPathXmlApplicationContext@72ca596f: startup date [Tue Oct 10 17:04:14 EDT 2017]; root of context hierarchy
Oct 10, 2017 5:04:14 PM org.springframework.beans.factory.xml.XmlBeanDefinitionReader loadBeanDefinitions
INFO: Loading XML bean definitions from class path resource [applicationContext.xml]
Oct 10, 2017 5:04:14 PM org.springframework.context.support.ClassPathXmlApplicationContext prepareRefresh
INFO: Refreshing org.springframework.context.support.ClassPathXmlApplicationContext@7afd2502: startup date [Tue Oct 10 17:04:14 EDT 2017]; root of context hierarchy
Oct 10, 2017 5:04:14 PM org.springframework.beans.factory.xml.XmlBeanDefinitionReader loadBeanDefinitions
INFO: Loading XML bean definitions from class path resource [applicationContext.xml]
Oct 10, 2017 5:04:14 PM org.springframework.context.support.ClassPathXmlApplicationContext prepareRefresh
INFO: Refreshing org.springframework.context.support.ClassPathXmlApplicationContext@12157dbf: startup date [Tue Oct 10 17:04:14 EDT 2017]; root of context hierarchy
Oct 10, 2017 5:04:14 PM org.springframework.beans.factory.xml.XmlBeanDefinitionReader loadBeanDefinitions
INFO: Loading XML bean definitions from class path resource [applicationContext.xml]
Oct 10, 2017 5:04:14 PM org.springframework.context.support.ClassPathXmlApplicationContext prepareRefresh
INFO: Refreshing org.springframework.context.support.ClassPathXmlApplicationContext@404180bb: startup date [Tue Oct 10 17:04:14 EDT 2017]; root of context hierarchy
Oct 10, 2017 5:04:14 PM org.springframework.beans.factory.xml.XmlBeanDefinitionReader loadBeanDefinitions
INFO: Loading XML bean definitions from class path resource [applicationContext.xml]
Oct 10, 2017 5:04:14 PM org.springframework.context.support.ClassPathXmlApplicationContext prepareRefresh
INFO: Refreshing org.springframework.context.support.ClassPathXmlApplicationContext@4becb20e: startup date [Tue Oct 10 17:04:14 EDT 2017]; root of context hierarchy
Oct 10, 2017 5:04:14 PM org.springframework.beans.factory.xml.XmlBeanDefinitionReader loadBeanDefinitions
INFO: Loading XML bean definitions from class path resource [applicationContext.xml]
Oct 10, 2017 5:04:14 PM org.springframework.context.support.ClassPathXmlApplicationContext prepareRefresh
INFO: Refreshing org.springframework.context.support.ClassPathXmlApplicationContext@40dc94eb: startup date [Tue Oct 10 17:04:14 EDT 2017]; root of context hierarchy
Oct 10, 2017 5:04:14 PM org.springframework.beans.factory.xml.XmlBeanDefinitionReader loadBeanDefinitions
INFO: Loading XML bean definitions from class path resource [applicationContext.xml]
Oct 10, 2017 5:04:14 PM org.springframework.context.support.ClassPathXmlApplicationContext prepareRefresh
INFO: Refreshing org.springframework.context.support.ClassPathXmlApplicationContext@622ef3cc: startup date [Tue Oct 10 17:04:14 EDT 2017]; root of context hierarchy
Oct 10, 2017 5:04:15 PM org.springframework.beans.factory.xml.XmlBeanDefinitionReader loadBeanDefinitions
INFO: Loading XML bean definitions from class path resource [applicationContext.xml]
Oct 10, 2017 5:04:15 PM org.springframework.context.support.ClassPathXmlApplicationContext prepareRefresh
INFO: Refreshing org.springframework.context.support.ClassPathXmlApplicationContext@177efd7b: startup date [Tue Oct 10 17:04:15 EDT 2017]; root of context hierarchy
Oct 10, 2017 5:04:15 PM org.springframework.beans.factory.xml.XmlBeanDefinitionReader loadBeanDefinitions
INFO: Loading XML bean definitions from class path resource [applicationContext.xml]
Oct 10, 2017 5:04:15 PM org.springframework.context.support.ClassPathXmlApplicationContext prepareRefresh
INFO: Refreshing org.springframework.context.support.ClassPathXmlApplicationContext@6f88bcff: startup date [Tue Oct 10 17:04:15 EDT 2017]; root of context hierarchy
Oct 10, 2017 5:04:15 PM org.springframework.beans.factory.xml.XmlBeanDefinitionReader loadBeanDefinitions
INFO: Loading XML bean definitions from class path resource [applicationContext.xml]
Oct 10, 2017 5:04:15 PM org.springframework.context.support.ClassPathXmlApplicationContext prepareRefresh
INFO: Refreshing org.springframework.context.support.ClassPathXmlApplicationContext@421a40e4: startup date [Tue Oct 10 17:04:15 EDT 2017]; root of context hierarchy
Oct 10, 2017 5:04:15 PM org.springframework.beans.factory.xml.XmlBeanDefinitionReader loadBeanDefinitions
INFO: Loading XML bean definitions from class path resource [applicationContext.xml]
Oct 10, 2017 5:04:15 PM org.springframework.context.support.ClassPathXmlApplicationContext prepareRefresh
INFO: Refreshing org.springframework.context.support.ClassPathXmlApplicationContext@18f134d6: startup date [Tue Oct 10 17:04:15 EDT 2017]; root of context hierarchy
Oct 10, 2017 5:04:15 PM org.springframework.beans.factory.xml.XmlBeanDefinitionReader loadBeanDefinitions
INFO: Loading XML bean definitions from class path resource [applicationContext.xml]
Oct 10, 2017 5:04:15 PM org.springframework.context.support.ClassPathXmlApplicationContext prepareRefresh
INFO: Refreshing org.springframework.context.support.ClassPathXmlApplicationContext@e1fc98c: startup date [Tue Oct 10 17:04:15 EDT 2017]; root of context hierarchy
Oct 10, 2017 5:04:15 PM org.springframework.beans.factory.xml.XmlBeanDefinitionReader loadBeanDefinitions
INFO: Loading XML bean definitions from class path resource [applicationContext.xml]
Oct 10, 2017 5:04:15 PM org.springframework.context.support.ClassPathXmlApplicationContext prepareRefresh
INFO: Refreshing org.springframework.context.support.ClassPathXmlApplicationContext@64c5ca7b: startup date [Tue Oct 10 17:04:15 EDT 2017]; root of context hierarchy
Oct 10, 2017 5:04:15 PM org.springframework.beans.factory.xml.XmlBeanDefinitionReader loadBeanDefinitions
INFO: Loading XML bean definitions from class path resource [applicationContext.xml]
Oct 10, 2017 5:04:15 PM org.springframework.context.support.ClassPathXmlApplicationContext prepareRefresh
INFO: Refreshing org.springframework.context.support.ClassPathXmlApplicationContext@63990091: startup date [Tue Oct 10 17:04:15 EDT 2017]; root of context hierarchy
Oct 10, 2017 5:04:15 PM org.springframework.beans.factory.xml.XmlBeanDefinitionReader loadBeanDefinitions
INFO: Loading XML bean definitions from class path resource [applicationContext.xml]
Oct 10, 2017 5:04:15 PM org.springframework.context.support.ClassPathXmlApplicationContext prepareRefresh
INFO: Refreshing org.springframework.context.support.ClassPathXmlApplicationContext@556a10c7: startup date [Tue Oct 10 17:04:15 EDT 2017]; root of context hierarchy
Oct 10, 2017 5:04:15 PM org.springframework.beans.factory.xml.XmlBeanDefinitionReader loadBeanDefinitions
INFO: Loading XML bean definitions from class path resource [applicationContext.xml]
Oct 10, 2017 5:04:15 PM org.springframework.context.support.ClassPathXmlApplicationContext prepareRefresh
INFO: Refreshing org.springframework.context.support.ClassPathXmlApplicationContext@1c95108f: startup date [Tue Oct 10 17:04:15 EDT 2017]; root of context hierarchy
Oct 10, 2017 5:04:15 PM org.springframework.beans.factory.xml.XmlBeanDefinitionReader loadBeanDefinitions
INFO: Loading XML bean definitions from class path resource [applicationContext.xml]
Oct 10, 2017 5:04:15 PM org.springframework.context.support.ClassPathXmlApplicationContext prepareRefresh
INFO: Refreshing org.springframework.context.support.ClassPathXmlApplicationContext@743bbb3d: startup date [Tue Oct 10 17:04:15 EDT 2017]; root of context hierarchy
Oct 10, 2017 5:04:15 PM org.springframework.beans.factory.xml.XmlBeanDefinitionReader loadBeanDefinitions
INFO: Loading XML bean definitions from class path resource [applicationContext.xml]
Oct 10, 2017 5:04:15 PM org.springframework.context.support.ClassPathXmlApplicationContext prepareRefresh
INFO: Refreshing org.springframework.context.support.ClassPathXmlApplicationContext@37f62421: startup date [Tue Oct 10 17:04:15 EDT 2017]; root of context hierarchy
Oct 10, 2017 5:04:15 PM org.springframework.beans.factory.xml.XmlBeanDefinitionReader loadBeanDefinitions
INFO: Loading XML bean definitions from class path resource [applicationContext.xml]
Oct 10, 2017 5:04:15 PM org.springframework.context.support.ClassPathXmlApplicationContext prepareRefresh
INFO: Refreshing org.springframework.context.support.ClassPathXmlApplicationContext@fc7bfa4: startup date [Tue Oct 10 17:04:15 EDT 2017]; root of context hierarchy
Oct 10, 2017 5:04:15 PM org.springframework.beans.factory.xml.XmlBeanDefinitionReader loadBeanDefinitions
INFO: Loading XML bean definitions from class path resource [applicationContext.xml]
Oct 10, 2017 5:04:15 PM org.springframework.context.support.ClassPathXmlApplicationContext prepareRefresh
INFO: Refreshing org.springframework.context.support.ClassPathXmlApplicationContext@31a128b: startup date [Tue Oct 10 17:04:15 EDT 2017]; root of context hierarchy
Oct 10, 2017 5:04:15 PM org.springframework.beans.factory.xml.XmlBeanDefinitionReader loadBeanDefinitions
INFO: Loading XML bean definitions from class path resource [applicationContext.xml]
Oct 10, 2017 5:04:15 PM org.springframework.context.support.ClassPathXmlApplicationContext prepareRefresh
INFO: Refreshing org.springframework.context.support.ClassPathXmlApplicationContext@6e6d20a8: startup date [Tue Oct 10 17:04:15 EDT 2017]; root of context hierarchy
Oct 10, 2017 5:04:15 PM org.springframework.beans.factory.xml.XmlBeanDefinitionReader loadBeanDefinitions
INFO: Loading XML bean definitions from class path resource [applicationContext.xml]
Oct 10, 2017 5:04:15 PM org.springframework.context.support.ClassPathXmlApplicationContext prepareRefresh
INFO: Refreshing org.springframework.context.support.ClassPathXmlApplicationContext@4d1b4650: startup date [Tue Oct 10 17:04:15 EDT 2017]; root of context hierarchy
Oct 10, 2017 5:04:15 PM org.springframework.beans.factory.xml.XmlBeanDefinitionReader loadBeanDefinitions
INFO: Loading XML bean definitions from class path resource [applicationContext.xml]
Oct 10, 2017 5:04:15 PM org.springframework.context.support.ClassPathXmlApplicationContext prepareRefresh
INFO: Refreshing org.springframework.context.support.ClassPathXmlApplicationContext@3d11949c: startup date [Tue Oct 10 17:04:15 EDT 2017]; root of context hierarchy
Oct 10, 2017 5:04:15 PM org.springframework.beans.factory.xml.XmlBeanDefinitionReader loadBeanDefinitions
INFO: Loading XML bean definitions from class path resource [applicationContext.xml]
Oct 10, 2017 5:04:15 PM org.springframework.context.support.ClassPathXmlApplicationContext prepareRefresh
INFO: Refreshing org.springframework.context.support.ClassPathXmlApplicationContext@75b1694b: startup date [Tue Oct 10 17:04:15 EDT 2017]; root of context hierarchy
Oct 10, 2017 5:04:15 PM org.springframework.beans.factory.xml.XmlBeanDefinitionReader loadBeanDefinitions
INFO: Loading XML bean definitions from class path resource [applicationContext.xml]
Oct 10, 2017 5:04:15 PM org.springframework.context.support.ClassPathXmlApplicationContext prepareRefresh
INFO: Refreshing org.springframework.context.support.ClassPathXmlApplicationContext@4d6406df: startup date [Tue Oct 10 17:04:15 EDT 2017]; root of context hierarchy
Oct 10, 2017 5:04:15 PM org.springframework.beans.factory.xml.XmlBeanDefinitionReader loadBeanDefinitions
INFO: Loading XML bean definitions from class path resource [applicationContext.xml]
Oct 10, 2017 5:04:15 PM org.springframework.context.support.ClassPathXmlApplicationContext prepareRefresh
INFO: Refreshing org.springframework.context.support.ClassPathXmlApplicationContext@a4ea239: startup date [Tue Oct 10 17:04:15 EDT 2017]; root of context hierarchy
Oct 10, 2017 5:04:15 PM org.springframework.beans.factory.xml.XmlBeanDefinitionReader loadBeanDefinitions
INFO: Loading XML bean definitions from class path resource [applicationContext.xml]
Oct 10, 2017 5:04:15 PM org.springframework.context.support.ClassPathXmlApplicationContext prepareRefresh
INFO: Refreshing org.springframework.context.support.ClassPathXmlApplicationContext@6b6b1537: startup date [Tue Oct 10 17:04:15 EDT 2017]; root of context hierarchy
Oct 10, 2017 5:04:15 PM org.springframework.beans.factory.xml.XmlBeanDefinitionReader loadBeanDefinitions
INFO: Loading XML bean definitions from class path resource [applicationContext.xml]
Oct 10, 2017 5:04:15 PM org.springframework.context.support.ClassPathXmlApplicationContext prepareRefresh
INFO: Refreshing org.springframework.context.support.ClassPathXmlApplicationContext@2782df5e: startup date [Tue Oct 10 17:04:15 EDT 2017]; root of context hierarchy
Oct 10, 2017 5:04:15 PM org.springframework.beans.factory.xml.XmlBeanDefinitionReader loadBeanDefinitions
INFO: Loading XML bean definitions from class path resource [applicationContext.xml]
Oct 10, 2017 5:04:15 PM org.springframework.context.support.ClassPathXmlApplicationContext prepareRefresh
INFO: Refreshing org.springframework.context.support.ClassPathXmlApplicationContext@6a5346b0: startup date [Tue Oct 10 17:04:15 EDT 2017]; root of context hierarchy
Oct 10, 2017 5:04:15 PM org.springframework.beans.factory.xml.XmlBeanDefinitionReader loadBeanDefinitions
INFO: Loading XML bean definitions from class path resource [applicationContext.xml]
Oct 10, 2017 5:04:15 PM org.springframework.context.support.ClassPathXmlApplicationContext prepareRefresh
INFO: Refreshing org.springframework.context.support.ClassPathXmlApplicationContext@24407538: startup date [Tue Oct 10 17:04:15 EDT 2017]; root of context hierarchy
Oct 10, 2017 5:04:15 PM org.springframework.beans.factory.xml.XmlBeanDefinitionReader loadBeanDefinitions
INFO: Loading XML bean definitions from class path resource [applicationContext.xml]
Oct 10, 2017 5:04:15 PM org.springframework.context.support.ClassPathXmlApplicationContext prepareRefresh
INFO: Refreshing org.springframework.context.support.ClassPathXmlApplicationContext@26de8f67: startup date [Tue Oct 10 17:04:15 EDT 2017]; root of context hierarchy
Oct 10, 2017 5:04:15 PM org.springframework.beans.factory.xml.XmlBeanDefinitionReader loadBeanDefinitions
INFO: Loading XML bean definitions from class path resource [applicationContext.xml]
Oct 10, 2017 5:04:15 PM org.springframework.context.support.ClassPathXmlApplicationContext prepareRefresh
INFO: Refreshing org.springframework.context.support.ClassPathXmlApplicationContext@7d24f1ef: startup date [Tue Oct 10 17:04:15 EDT 2017]; root of context hierarchy
Oct 10, 2017 5:04:15 PM org.springframework.beans.factory.xml.XmlBeanDefinitionReader loadBeanDefinitions
INFO: Loading XML bean definitions from class path resource [applicationContext.xml]
Oct 10, 2017 5:04:15 PM org.springframework.context.support.ClassPathXmlApplicationContext prepareRefresh
INFO: Refreshing org.springframework.context.support.ClassPathXmlApplicationContext@76f11cfc: startup date [Tue Oct 10 17:04:15 EDT 2017]; root of context hierarchy
Oct 10, 2017 5:04:15 PM org.springframework.beans.factory.xml.XmlBeanDefinitionReader loadBeanDefinitions
INFO: Loading XML bean definitions from class path resource [applicationContext.xml]
Oct 10, 2017 5:04:15 PM org.springframework.context.support.ClassPathXmlApplicationContext prepareRefresh
INFO: Refreshing org.springframework.context.support.ClassPathXmlApplicationContext@54176794: startup date [Tue Oct 10 17:04:15 EDT 2017]; root of context hierarchy
Oct 10, 2017 5:04:15 PM org.springframework.beans.factory.xml.XmlBeanDefinitionReader loadBeanDefinitions
INFO: Loading XML bean definitions from class path resource [applicationContext.xml]
Oct 10, 2017 5:04:15 PM org.springframework.context.support.ClassPathXmlApplicationContext prepareRefresh
INFO: Refreshing org.springframework.context.support.ClassPathXmlApplicationContext@7cd69959: startup date [Tue Oct 10 17:04:15 EDT 2017]; root of context hierarchy
Oct 10, 2017 5:04:15 PM org.springframework.beans.factory.xml.XmlBeanDefinitionReader loadBeanDefinitions
INFO: Loading XML bean definitions from class path resource [applicationContext.xml]
Oct 10, 2017 5:04:15 PM org.springframework.context.support.ClassPathXmlApplicationContext prepareRefresh
INFO: Refreshing org.springframework.context.support.ClassPathXmlApplicationContext@d7df7d5: startup date [Tue Oct 10 17:04:15 EDT 2017]; root of context hierarchy
Oct 10, 2017 5:04:15 PM org.springframework.beans.factory.xml.XmlBeanDefinitionReader loadBeanDefinitions
INFO: Loading XML bean definitions from class path resource [applicationContext.xml]
Oct 10, 2017 5:04:15 PM org.springframework.context.support.ClassPathXmlApplicationContext prepareRefresh
INFO: Refreshing org.springframework.context.support.ClassPathXmlApplicationContext@76010b48: startup date [Tue Oct 10 17:04:15 EDT 2017]; root of context hierarchy
Oct 10, 2017 5:04:15 PM org.springframework.beans.factory.xml.XmlBeanDefinitionReader loadBeanDefinitions
INFO: Loading XML bean definitions from class path resource [applicationContext.xml]
Oct 10, 2017 5:04:15 PM org.springframework.context.support.ClassPathXmlApplicationContext prepareRefresh
INFO: Refreshing org.springframework.context.support.ClassPathXmlApplicationContext@34323d68: startup date [Tue Oct 10 17:04:15 EDT 2017]; root of context hierarchy
Oct 10, 2017 5:04:15 PM org.springframework.beans.factory.xml.XmlBeanDefinitionReader loadBeanDefinitions
INFO: Loading XML bean definitions from class path resource [applicationContext.xml]
Oct 10, 2017 5:04:15 PM org.springframework.context.support.ClassPathXmlApplicationContext prepareRefresh
INFO: Refreshing org.springframework.context.support.ClassPathXmlApplicationContext@6777662a: startup date [Tue Oct 10 17:04:15 EDT 2017]; root of context hierarchy
Oct 10, 2017 5:04:15 PM org.springframework.beans.factory.xml.XmlBeanDefinitionReader loadBeanDefinitions
INFO: Loading XML bean definitions from class path resource [applicationContext.xml]
Oct 10, 2017 5:04:15 PM org.springframework.context.support.ClassPathXmlApplicationContext prepareRefresh
INFO: Refreshing org.springframework.context.support.ClassPathXmlApplicationContext@2325181e: startup date [Tue Oct 10 17:04:15 EDT 2017]; root of context hierarchy
Oct 10, 2017 5:04:15 PM org.springframework.beans.factory.xml.XmlBeanDefinitionReader loadBeanDefinitions
INFO: Loading XML bean definitions from class path resource [applicationContext.xml]
Oct 10, 2017 5:04:15 PM org.springframework.context.support.ClassPathXmlApplicationContext prepareRefresh
INFO: Refreshing org.springframework.context.support.ClassPathXmlApplicationContext@7e8ea55: startup date [Tue Oct 10 17:04:15 EDT 2017]; root of context hierarchy
Oct 10, 2017 5:04:15 PM org.springframework.beans.factory.xml.XmlBeanDefinitionReader loadBeanDefinitions
INFO: Loading XML bean definitions from class path resource [applicationContext.xml]
Oct 10, 2017 5:04:15 PM org.springframework.context.support.ClassPathXmlApplicationContext prepareRefresh
INFO: Refreshing org.springframework.context.support.ClassPathXmlApplicationContext@559e2a76: startup date [Tue Oct 10 17:04:15 EDT 2017]; root of context hierarchy
Oct 10, 2017 5:04:15 PM org.springframework.beans.factory.xml.XmlBeanDefinitionReader loadBeanDefinitions
INFO: Loading XML bean definitions from class path resource [applicationContext.xml]
Oct 10, 2017 5:04:15 PM org.springframework.context.support.ClassPathXmlApplicationContext prepareRefresh
INFO: Refreshing org.springframework.context.support.ClassPathXmlApplicationContext@6b4f1533: startup date [Tue Oct 10 17:04:15 EDT 2017]; root of context hierarchy
Oct 10, 2017 5:04:15 PM org.springframework.beans.factory.xml.XmlBeanDefinitionReader loadBeanDefinitions
INFO: Loading XML bean definitions from class path resource [applicationContext.xml]
Oct 10, 2017 5:04:15 PM org.springframework.context.support.ClassPathXmlApplicationContext prepareRefresh
INFO: Refreshing org.springframework.context.support.ClassPathXmlApplicationContext@4f1badaa: startup date [Tue Oct 10 17:04:15 EDT 2017]; root of context hierarchy
Oct 10, 2017 5:04:15 PM org.springframework.beans.factory.xml.XmlBeanDefinitionReader loadBeanDefinitions
INFO: Loading XML bean definitions from class path resource [applicationContext.xml]
Oct 10, 2017 5:04:15 PM org.springframework.context.support.ClassPathXmlApplicationContext prepareRefresh
INFO: Refreshing org.springframework.context.support.ClassPathXmlApplicationContext@54a03810: startup date [Tue Oct 10 17:04:15 EDT 2017]; root of context hierarchy
Oct 10, 2017 5:04:15 PM org.springframework.beans.factory.xml.XmlBeanDefinitionReader loadBeanDefinitions
INFO: Loading XML bean definitions from class path resource [applicationContext.xml]
Oct 10, 2017 5:04:15 PM org.springframework.context.support.ClassPathXmlApplicationContext prepareRefresh
INFO: Refreshing org.springframework.context.support.ClassPathXmlApplicationContext@78158e6c: startup date [Tue Oct 10 17:04:15 EDT 2017]; root of context hierarchy
Oct 10, 2017 5:04:15 PM org.springframework.beans.factory.xml.XmlBeanDefinitionReader loadBeanDefinitions
INFO: Loading XML bean definitions from class path resource [applicationContext.xml]
Oct 10, 2017 5:04:15 PM org.springframework.context.support.ClassPathXmlApplicationContext prepareRefresh
INFO: Refreshing org.springframework.context.support.ClassPathXmlApplicationContext@7a65b164: startup date [Tue Oct 10 17:04:15 EDT 2017]; root of context hierarchy
Oct 10, 2017 5:04:15 PM org.springframework.beans.factory.xml.XmlBeanDefinitionReader loadBeanDefinitions
INFO: Loading XML bean definitions from class path resource [applicationContext.xml]
Oct 10, 2017 5:04:15 PM org.springframework.context.support.ClassPathXmlApplicationContext prepareRefresh
INFO: Refreshing org.springframework.context.support.ClassPathXmlApplicationContext@324ea837: startup date [Tue Oct 10 17:04:15 EDT 2017]; root of context hierarchy
Oct 10, 2017 5:04:15 PM org.springframework.beans.factory.xml.XmlBeanDefinitionReader loadBeanDefinitions
INFO: Loading XML bean definitions from class path resource [applicationContext.xml]
Oct 10, 2017 5:04:15 PM org.springframework.context.support.ClassPathXmlApplicationContext prepareRefresh
INFO: Refreshing org.springframework.context.support.ClassPathXmlApplicationContext@4cf58951: startup date [Tue Oct 10 17:04:15 EDT 2017]; root of context hierarchy
Oct 10, 2017 5:04:15 PM org.springframework.beans.factory.xml.XmlBeanDefinitionReader loadBeanDefinitions
INFO: Loading XML bean definitions from class path resource [applicationContext.xml]
Oct 10, 2017 5:04:15 PM org.springframework.context.support.ClassPathXmlApplicationContext prepareRefresh
INFO: Refreshing org.springframework.context.support.ClassPathXmlApplicationContext@6275c91a: startup date [Tue Oct 10 17:04:15 EDT 2017]; root of context hierarchy
Oct 10, 2017 5:04:15 PM org.springframework.beans.factory.xml.XmlBeanDefinitionReader loadBeanDefinitions
INFO: Loading XML bean definitions from class path resource [applicationContext.xml]
Oct 10, 2017 5:04:15 PM org.springframework.context.support.ClassPathXmlApplicationContext prepareRefresh
INFO: Refreshing org.springframework.context.support.ClassPathXmlApplicationContext@567c8cef: startup date [Tue Oct 10 17:04:15 EDT 2017]; root of context hierarchy
Oct 10, 2017 5:04:15 PM org.springframework.beans.factory.xml.XmlBeanDefinitionReader loadBeanDefinitions
INFO: Loading XML bean definitions from class path resource [applicationContext.xml]
Oct 10, 2017 5:04:15 PM org.springframework.context.support.ClassPathXmlApplicationContext prepareRefresh
INFO: Refreshing org.springframework.context.support.ClassPathXmlApplicationContext@51b69f31: startup date [Tue Oct 10 17:04:15 EDT 2017]; root of context hierarchy
Oct 10, 2017 5:04:15 PM org.springframework.beans.factory.xml.XmlBeanDefinitionReader loadBeanDefinitions
INFO: Loading XML bean definitions from class path resource [applicationContext.xml]
Oct 10, 2017 5:04:15 PM org.springframework.context.support.ClassPathXmlApplicationContext prepareRefresh
INFO: Refreshing org.springframework.context.support.ClassPathXmlApplicationContext@7170edae: startup date [Tue Oct 10 17:04:15 EDT 2017]; root of context hierarchy
Oct 10, 2017 5:04:15 PM org.springframework.beans.factory.xml.XmlBeanDefinitionReader loadBeanDefinitions
INFO: Loading XML bean definitions from class path resource [applicationContext.xml]
Oct 10, 2017 5:04:15 PM org.springframework.context.support.ClassPathXmlApplicationContext prepareRefresh
INFO: Refreshing org.springframework.context.support.ClassPathXmlApplicationContext@44bf7506: startup date [Tue Oct 10 17:04:15 EDT 2017]; root of context hierarchy
Oct 10, 2017 5:04:15 PM org.springframework.beans.factory.xml.XmlBeanDefinitionReader loadBeanDefinitions
INFO: Loading XML bean definitions from class path resource [applicationContext.xml]
Oct 10, 2017 5:04:15 PM org.springframework.context.support.ClassPathXmlApplicationContext prepareRefresh
INFO: Refreshing org.springframework.context.support.ClassPathXmlApplicationContext@1baef5a7: startup date [Tue Oct 10 17:04:15 EDT 2017]; root of context hierarchy
Oct 10, 2017 5:04:15 PM org.springframework.beans.factory.xml.XmlBeanDefinitionReader loadBeanDefinitions
INFO: Loading XML bean definitions from class path resource [applicationContext.xml]
Oct 10, 2017 5:04:15 PM org.springframework.context.support.ClassPathXmlApplicationContext prepareRefresh
INFO: Refreshing org.springframework.context.support.ClassPathXmlApplicationContext@284f9317: startup date [Tue Oct 10 17:04:15 EDT 2017]; root of context hierarchy
Oct 10, 2017 5:04:15 PM org.springframework.beans.factory.xml.XmlBeanDefinitionReader loadBeanDefinitions
INFO: Loading XML bean definitions from class path resource [applicationContext.xml]
Oct 10, 2017 5:04:15 PM org.springframework.context.support.ClassPathXmlApplicationContext prepareRefresh
INFO: Refreshing org.springframework.context.support.ClassPathXmlApplicationContext@7bbbd1c2: startup date [Tue Oct 10 17:04:15 EDT 2017]; root of context hierarchy
Oct 10, 2017 5:04:15 PM org.springframework.beans.factory.xml.XmlBeanDefinitionReader loadBeanDefinitions
INFO: Loading XML bean definitions from class path resource [applicationContext.xml]
Oct 10, 2017 5:04:15 PM org.springframework.context.support.ClassPathXmlApplicationContext prepareRefresh
INFO: Refreshing org.springframework.context.support.ClassPathXmlApplicationContext@5df9b4be: startup date [Tue Oct 10 17:04:15 EDT 2017]; root of context hierarchy
Oct 10, 2017 5:04:15 PM org.springframework.beans.factory.xml.XmlBeanDefinitionReader loadBeanDefinitions
INFO: Loading XML bean definitions from class path resource [applicationContext.xml]
Oct 10, 2017 5:04:15 PM org.springframework.context.support.ClassPathXmlApplicationContext prepareRefresh
INFO: Refreshing org.springframework.context.support.ClassPathXmlApplicationContext@6817a1d0: startup date [Tue Oct 10 17:04:15 EDT 2017]; root of context hierarchy
Oct 10, 2017 5:04:15 PM org.springframework.beans.factory.xml.XmlBeanDefinitionReader loadBeanDefinitions
INFO: Loading XML bean definitions from class path resource [applicationContext.xml]
Oct 10, 2017 5:04:15 PM org.springframework.context.support.ClassPathXmlApplicationContext prepareRefresh
INFO: Refreshing org.springframework.context.support.ClassPathXmlApplicationContext@7c97eb79: startup date [Tue Oct 10 17:04:15 EDT 2017]; root of context hierarchy
Oct 10, 2017 5:04:15 PM org.springframework.beans.factory.xml.XmlBeanDefinitionReader loadBeanDefinitions
INFO: Loading XML bean definitions from class path resource [applicationContext.xml]
Oct 10, 2017 5:04:15 PM org.springframework.context.support.ClassPathXmlApplicationContext prepareRefresh
INFO: Refreshing org.springframework.context.support.ClassPathXmlApplicationContext@2366c75e: startup date [Tue Oct 10 17:04:15 EDT 2017]; root of context hierarchy
Oct 10, 2017 5:04:15 PM org.springframework.beans.factory.xml.XmlBeanDefinitionReader loadBeanDefinitions
INFO: Loading XML bean definitions from class path resource [applicationContext.xml]
Oct 10, 2017 5:04:15 PM org.springframework.context.support.ClassPathXmlApplicationContext prepareRefresh
INFO: Refreshing org.springframework.context.support.ClassPathXmlApplicationContext@31e89eb1: startup date [Tue Oct 10 17:04:15 EDT 2017]; root of context hierarchy
Oct 10, 2017 5:04:15 PM org.springframework.beans.factory.xml.XmlBeanDefinitionReader loadBeanDefinitions
INFO: Loading XML bean definitions from class path resource [applicationContext.xml]
Oct 10, 2017 5:04:15 PM org.springframework.context.support.ClassPathXmlApplicationContext prepareRefresh
INFO: Refreshing org.springframework.context.support.ClassPathXmlApplicationContext@8f32ad0: startup date [Tue Oct 10 17:04:15 EDT 2017]; root of context hierarchy
Oct 10, 2017 5:04:15 PM org.springframework.beans.factory.xml.XmlBeanDefinitionReader loadBeanDefinitions
INFO: Loading XML bean definitions from class path resource [applicationContext.xml]
Oct 10, 2017 5:04:15 PM org.springframework.context.support.ClassPathXmlApplicationContext prepareRefresh
INFO: Refreshing org.springframework.context.support.ClassPathXmlApplicationContext@6904c7cb: startup date [Tue Oct 10 17:04:15 EDT 2017]; root of context hierarchy
Oct 10, 2017 5:04:15 PM org.springframework.beans.factory.xml.XmlBeanDefinitionReader loadBeanDefinitions
INFO: Loading XML bean definitions from class path resource [applicationContext.xml]
Oct 10, 2017 5:04:15 PM org.springframework.context.support.ClassPathXmlApplicationContext prepareRefresh
INFO: Refreshing org.springframework.context.support.ClassPathXmlApplicationContext@cb716c8: startup date [Tue Oct 10 17:04:15 EDT 2017]; root of context hierarchy
Oct 10, 2017 5:04:15 PM org.springframework.beans.factory.xml.XmlBeanDefinitionReader loadBeanDefinitions
INFO: Loading XML bean definitions from class path resource [applicationContext.xml]
Oct 10, 2017 5:04:15 PM org.springframework.context.support.ClassPathXmlApplicationContext prepareRefresh
INFO: Refreshing org.springframework.context.support.ClassPathXmlApplicationContext@33a89cc5: startup date [Tue Oct 10 17:04:15 EDT 2017]; root of context hierarchy
Oct 10, 2017 5:04:15 PM org.springframework.beans.factory.xml.XmlBeanDefinitionReader loadBeanDefinitions
INFO: Loading XML bean definitions from class path resource [applicationContext.xml]
Oct 10, 2017 5:04:15 PM org.springframework.context.support.ClassPathXmlApplicationContext prepareRefresh
INFO: Refreshing org.springframework.context.support.ClassPathXmlApplicationContext@ad86bb5: startup date [Tue Oct 10 17:04:15 EDT 2017]; root of context hierarchy
Oct 10, 2017 5:04:15 PM org.springframework.beans.factory.xml.XmlBeanDefinitionReader loadBeanDefinitions
INFO: Loading XML bean definitions from class path resource [applicationContext.xml]
Oct 10, 2017 5:04:15 PM org.springframework.context.support.ClassPathXmlApplicationContext prepareRefresh
INFO: Refreshing org.springframework.context.support.ClassPathXmlApplicationContext@293a37a8: startup date [Tue Oct 10 17:04:15 EDT 2017]; root of context hierarchy
Oct 10, 2017 5:04:15 PM org.springframework.beans.factory.xml.XmlBeanDefinitionReader loadBeanDefinitions
INFO: Loading XML bean definitions from class path resource [applicationContext.xml]
Oct 10, 2017 5:04:15 PM org.springframework.context.support.ClassPathXmlApplicationContext prepareRefresh
INFO: Refreshing org.springframework.context.support.ClassPathXmlApplicationContext@3eed9e60: startup date [Tue Oct 10 17:04:15 EDT 2017]; root of context hierarchy
Oct 10, 2017 5:04:15 PM org.springframework.beans.factory.xml.XmlBeanDefinitionReader loadBeanDefinitions
INFO: Loading XML bean definitions from class path resource [applicationContext.xml]
Oct 10, 2017 5:04:15 PM org.springframework.context.support.ClassPathXmlApplicationContext prepareRefresh
INFO: Refreshing org.springframework.context.support.ClassPathXmlApplicationContext@698d7399: startup date [Tue Oct 10 17:04:15 EDT 2017]; root of context hierarchy
Oct 10, 2017 5:04:15 PM org.springframework.beans.factory.xml.XmlBeanDefinitionReader loadBeanDefinitions
INFO: Loading XML bean definitions from class path resource [applicationContext.xml]
Oct 10, 2017 5:04:15 PM org.springframework.context.support.ClassPathXmlApplicationContext prepareRefresh
INFO: Refreshing org.springframework.context.support.ClassPathXmlApplicationContext@577980aa: startup date [Tue Oct 10 17:04:15 EDT 2017]; root of context hierarchy
Oct 10, 2017 5:04:15 PM org.springframework.beans.factory.xml.XmlBeanDefinitionReader loadBeanDefinitions
INFO: Loading XML bean definitions from class path resource [applicationContext.xml]
Oct 10, 2017 5:04:15 PM org.springframework.context.support.ClassPathXmlApplicationContext prepareRefresh
INFO: Refreshing org.springframework.context.support.ClassPathXmlApplicationContext@6b01f936: startup date [Tue Oct 10 17:04:15 EDT 2017]; root of context hierarchy
Oct 10, 2017 5:04:15 PM org.springframework.beans.factory.xml.XmlBeanDefinitionReader loadBeanDefinitions
INFO: Loading XML bean definitions from class path resource [applicationContext.xml]
Oct 10, 2017 5:04:16 PM org.springframework.context.support.ClassPathXmlApplicationContext prepareRefresh
INFO: Refreshing org.springframework.context.support.ClassPathXmlApplicationContext@2e4432a1: startup date [Tue Oct 10 17:04:16 EDT 2017]; root of context hierarchy
Oct 10, 2017 5:04:16 PM org.springframework.beans.factory.xml.XmlBeanDefinitionReader loadBeanDefinitions
INFO: Loading XML bean definitions from class path resource [applicationContext.xml]
Oct 10, 2017 5:04:16 PM org.springframework.context.support.ClassPathXmlApplicationContext prepareRefresh
INFO: Refreshing org.springframework.context.support.ClassPathXmlApplicationContext@11e75138: startup date [Tue Oct 10 17:04:16 EDT 2017]; root of context hierarchy
Oct 10, 2017 5:04:16 PM org.springframework.beans.factory.xml.XmlBeanDefinitionReader loadBeanDefinitions
INFO: Loading XML bean definitions from class path resource [applicationContext.xml]
Oct 10, 2017 5:04:16 PM org.springframework.context.support.ClassPathXmlApplicationContext prepareRefresh
INFO: Refreshing org.springframework.context.support.ClassPathXmlApplicationContext@5ea9ea62: startup date [Tue Oct 10 17:04:16 EDT 2017]; root of context hierarchy
Oct 10, 2017 5:04:16 PM org.springframework.beans.factory.xml.XmlBeanDefinitionReader loadBeanDefinitions
INFO: Loading XML bean definitions from class path resource [applicationContext.xml]
Oct 10, 2017 5:04:16 PM org.springframework.context.support.ClassPathXmlApplicationContext prepareRefresh
INFO: Refreshing org.springframework.context.support.ClassPathXmlApplicationContext@3b00ac72: startup date [Tue Oct 10 17:04:16 EDT 2017]; root of context hierarchy
Oct 10, 2017 5:04:16 PM org.springframework.beans.factory.xml.XmlBeanDefinitionReader loadBeanDefinitions
INFO: Loading XML bean definitions from class path resource [applicationContext.xml]
Oct 10, 2017 5:04:16 PM org.springframework.context.support.ClassPathXmlApplicationContext prepareRefresh
INFO: Refreshing org.springframework.context.support.ClassPathXmlApplicationContext@35d10731: startup date [Tue Oct 10 17:04:16 EDT 2017]; root of context hierarchy
Oct 10, 2017 5:04:16 PM org.springframework.beans.factory.xml.XmlBeanDefinitionReader loadBeanDefinitions
INFO: Loading XML bean definitions from class path resource [applicationContext.xml]
Oct 10, 2017 5:04:16 PM org.springframework.context.support.ClassPathXmlApplicationContext prepareRefresh
INFO: Refreshing org.springframework.context.support.ClassPathXmlApplicationContext@63d2eb44: startup date [Tue Oct 10 17:04:16 EDT 2017]; root of context hierarchy
Oct 10, 2017 5:04:16 PM org.springframework.beans.factory.xml.XmlBeanDefinitionReader loadBeanDefinitions
INFO: Loading XML bean definitions from class path resource [applicationContext.xml]
Oct 10, 2017 5:04:16 PM org.springframework.context.support.ClassPathXmlApplicationContext prepareRefresh
INFO: Refreshing org.springframework.context.support.ClassPathXmlApplicationContext@27ec39ab: startup date [Tue Oct 10 17:04:16 EDT 2017]; root of context hierarchy
Oct 10, 2017 5:04:16 PM org.springframework.beans.factory.xml.XmlBeanDefinitionReader loadBeanDefinitions
INFO: Loading XML bean definitions from class path resource [applicationContext.xml]
Oct 10, 2017 5:04:16 PM org.springframework.context.support.ClassPathXmlApplicationContext prepareRefresh
INFO: Refreshing org.springframework.context.support.ClassPathXmlApplicationContext@59e1d01a: startup date [Tue Oct 10 17:04:16 EDT 2017]; root of context hierarchy
Oct 10, 2017 5:04:16 PM org.springframework.beans.factory.xml.XmlBeanDefinitionReader loadBeanDefinitions
INFO: Loading XML bean definitions from class path resource [applicationContext.xml]
Oct 10, 2017 5:04:16 PM org.springframework.context.support.ClassPathXmlApplicationContext prepareRefresh
INFO: Refreshing org.springframework.context.support.ClassPathXmlApplicationContext@3ce72610: startup date [Tue Oct 10 17:04:16 EDT 2017]; root of context hierarchy
Oct 10, 2017 5:04:16 PM org.springframework.beans.factory.xml.XmlBeanDefinitionReader loadBeanDefinitions
INFO: Loading XML bean definitions from class path resource [applicationContext.xml]
Oct 10, 2017 5:04:16 PM org.springframework.context.support.ClassPathXmlApplicationContext prepareRefresh
INFO: Refreshing org.springframework.context.support.ClassPathXmlApplicationContext@c9562e3: startup date [Tue Oct 10 17:04:16 EDT 2017]; root of context hierarchy
Oct 10, 2017 5:04:16 PM org.springframework.beans.factory.xml.XmlBeanDefinitionReader loadBeanDefinitions
INFO: Loading XML bean definitions from class path resource [applicationContext.xml]
Oct 10, 2017 5:04:16 PM org.springframework.context.support.ClassPathXmlApplicationContext prepareRefresh
INFO: Refreshing org.springframework.context.support.ClassPathXmlApplicationContext@5b5ec0b: startup date [Tue Oct 10 17:04:16 EDT 2017]; root of context hierarchy
Oct 10, 2017 5:04:16 PM org.springframework.beans.factory.xml.XmlBeanDefinitionReader loadBeanDefinitions
INFO: Loading XML bean definitions from class path resource [applicationContext.xml]
Oct 10, 2017 5:04:16 PM org.springframework.context.support.ClassPathXmlApplicationContext prepareRefresh
INFO: Refreshing org.springframework.context.support.ClassPathXmlApplicationContext@2c380380: startup date [Tue Oct 10 17:04:16 EDT 2017]; root of context hierarchy
Oct 10, 2017 5:04:16 PM org.springframework.beans.factory.xml.XmlBeanDefinitionReader loadBeanDefinitions
INFO: Loading XML bean definitions from class path resource [applicationContext.xml]
Oct 10, 2017 5:04:16 PM org.springframework.context.support.ClassPathXmlApplicationContext prepareRefresh
INFO: Refreshing org.springframework.context.support.ClassPathXmlApplicationContext@69262db6: startup date [Tue Oct 10 17:04:16 EDT 2017]; root of context hierarchy
Oct 10, 2017 5:04:16 PM org.springframework.beans.factory.xml.XmlBeanDefinitionReader loadBeanDefinitions
INFO: Loading XML bean definitions from class path resource [applicationContext.xml]
Oct 10, 2017 5:04:16 PM org.springframework.context.support.ClassPathXmlApplicationContext prepareRefresh
INFO: Refreshing org.springframework.context.support.ClassPathXmlApplicationContext@2726bbd8: startup date [Tue Oct 10 17:04:16 EDT 2017]; root of context hierarchy
Oct 10, 2017 5:04:16 PM org.springframework.beans.factory.xml.XmlBeanDefinitionReader loadBeanDefinitions
INFO: Loading XML bean definitions from class path resource [applicationContext.xml]
Oct 10, 2017 5:04:16 PM org.springframework.context.support.ClassPathXmlApplicationContext prepareRefresh
INFO: Refreshing org.springframework.context.support.ClassPathXmlApplicationContext@41e83f22: startup date [Tue Oct 10 17:04:16 EDT 2017]; root of context hierarchy
Oct 10, 2017 5:04:16 PM org.springframework.beans.factory.xml.XmlBeanDefinitionReader loadBeanDefinitions
INFO: Loading XML bean definitions from class path resource [applicationContext.xml]
Oct 10, 2017 5:04:16 PM org.springframework.context.support.ClassPathXmlApplicationContext prepareRefresh
INFO: Refreshing org.springframework.context.support.ClassPathXmlApplicationContext@52cfd929: startup date [Tue Oct 10 17:04:16 EDT 2017]; root of context hierarchy
Oct 10, 2017 5:04:16 PM org.springframework.beans.factory.xml.XmlBeanDefinitionReader loadBeanDefinitions
INFO: Loading XML bean definitions from class path resource [applicationContext.xml]
Oct 10, 2017 5:04:16 PM org.springframework.context.support.ClassPathXmlApplicationContext prepareRefresh
INFO: Refreshing org.springframework.context.support.ClassPathXmlApplicationContext@3e7770ee: startup date [Tue Oct 10 17:04:16 EDT 2017]; root of context hierarchy
Oct 10, 2017 5:04:16 PM org.springframework.beans.factory.xml.XmlBeanDefinitionReader loadBeanDefinitions
INFO: Loading XML bean definitions from class path resource [applicationContext.xml]
Oct 10, 2017 5:04:16 PM org.springframework.context.support.ClassPathXmlApplicationContext prepareRefresh
INFO: Refreshing org.springframework.context.support.ClassPathXmlApplicationContext@5de80a54: startup date [Tue Oct 10 17:04:16 EDT 2017]; root of context hierarchy
Oct 10, 2017 5:04:16 PM org.springframework.beans.factory.xml.XmlBeanDefinitionReader loadBeanDefinitions
INFO: Loading XML bean definitions from class path resource [applicationContext.xml]
Oct 10, 2017 5:04:16 PM org.springframework.context.support.ClassPathXmlApplicationContext prepareRefresh
INFO: Refreshing org.springframework.context.support.ClassPathXmlApplicationContext@4723888b: startup date [Tue Oct 10 17:04:16 EDT 2017]; root of context hierarchy
Oct 10, 2017 5:04:16 PM org.springframework.beans.factory.xml.XmlBeanDefinitionReader loadBeanDefinitions
INFO: Loading XML bean definitions from class path resource [applicationContext.xml]
Oct 10, 2017 5:04:16 PM org.springframework.context.support.ClassPathXmlApplicationContext prepareRefresh
INFO: Refreshing org.springframework.context.support.ClassPathXmlApplicationContext@4521aa26: startup date [Tue Oct 10 17:04:16 EDT 2017]; root of context hierarchy
Oct 10, 2017 5:04:16 PM org.springframework.beans.factory.xml.XmlBeanDefinitionReader loadBeanDefinitions
INFO: Loading XML bean definitions from class path resource [applicationContext.xml]
Oct 10, 2017 5:04:16 PM org.springframework.context.support.ClassPathXmlApplicationContext prepareRefresh
INFO: Refreshing org.springframework.context.support.ClassPathXmlApplicationContext@1240814: startup date [Tue Oct 10 17:04:16 EDT 2017]; root of context hierarchy
Oct 10, 2017 5:04:16 PM org.springframework.beans.factory.xml.XmlBeanDefinitionReader loadBeanDefinitions
INFO: Loading XML bean definitions from class path resource [applicationContext.xml]
Oct 10, 2017 5:04:16 PM org.springframework.context.support.ClassPathXmlApplicationContext prepareRefresh
INFO: Refreshing org.springframework.context.support.ClassPathXmlApplicationContext@57e18d43: startup date [Tue Oct 10 17:04:16 EDT 2017]; root of context hierarchy
Oct 10, 2017 5:04:16 PM org.springframework.beans.factory.xml.XmlBeanDefinitionReader loadBeanDefinitions
INFO: Loading XML bean definitions from class path resource [applicationContext.xml]
Oct 10, 2017 5:04:16 PM org.springframework.context.support.ClassPathXmlApplicationContext prepareRefresh
INFO: Refreshing org.springframework.context.support.ClassPathXmlApplicationContext@5bf1902c: startup date [Tue Oct 10 17:04:16 EDT 2017]; root of context hierarchy
Oct 10, 2017 5:04:16 PM org.springframework.beans.factory.xml.XmlBeanDefinitionReader loadBeanDefinitions
INFO: Loading XML bean definitions from class path resource [applicationContext.xml]
Oct 10, 2017 5:04:16 PM org.springframework.context.support.ClassPathXmlApplicationContext prepareRefresh
INFO: Refreshing org.springframework.context.support.ClassPathXmlApplicationContext@64c32e3f: startup date [Tue Oct 10 17:04:16 EDT 2017]; root of context hierarchy
Oct 10, 2017 5:04:16 PM org.springframework.beans.factory.xml.XmlBeanDefinitionReader loadBeanDefinitions
INFO: Loading XML bean definitions from class path resource [applicationContext.xml]
Oct 10, 2017 5:04:16 PM org.springframework.context.support.ClassPathXmlApplicationContext prepareRefresh
INFO: Refreshing org.springframework.context.support.ClassPathXmlApplicationContext@2b28a0fb: startup date [Tue Oct 10 17:04:16 EDT 2017]; root of context hierarchy
Oct 10, 2017 5:04:16 PM org.springframework.beans.factory.xml.XmlBeanDefinitionReader loadBeanDefinitions
INFO: Loading XML bean definitions from class path resource [applicationContext.xml]
Oct 10, 2017 5:04:16 PM org.springframework.context.support.ClassPathXmlApplicationContext prepareRefresh
INFO: Refreshing org.springframework.context.support.ClassPathXmlApplicationContext@3013054d: startup date [Tue Oct 10 17:04:16 EDT 2017]; root of context hierarchy
Oct 10, 2017 5:04:16 PM org.springframework.beans.factory.xml.XmlBeanDefinitionReader loadBeanDefinitions
INFO: Loading XML bean definitions from class path resource [applicationContext.xml]
Oct 10, 2017 5:04:16 PM org.springframework.context.support.ClassPathXmlApplicationContext prepareRefresh
INFO: Refreshing org.springframework.context.support.ClassPathXmlApplicationContext@4594a2ff: startup date [Tue Oct 10 17:04:16 EDT 2017]; root of context hierarchy
Oct 10, 2017 5:04:16 PM org.springframework.beans.factory.xml.XmlBeanDefinitionReader loadBeanDefinitions
INFO: Loading XML bean definitions from class path resource [applicationContext.xml]
Oct 10, 2017 5:04:16 PM org.springframework.context.support.ClassPathXmlApplicationContext prepareRefresh
INFO: Refreshing org.springframework.context.support.ClassPathXmlApplicationContext@78da4df3: startup date [Tue Oct 10 17:04:16 EDT 2017]; root of context hierarchy
Oct 10, 2017 5:04:16 PM org.springframework.beans.factory.xml.XmlBeanDefinitionReader loadBeanDefinitions
INFO: Loading XML bean definitions from class path resource [applicationContext.xml]
Oct 10, 2017 5:04:16 PM org.springframework.context.support.ClassPathXmlApplicationContext prepareRefresh
INFO: Refreshing org.springframework.context.support.ClassPathXmlApplicationContext@3275397: startup date [Tue Oct 10 17:04:16 EDT 2017]; root of context hierarchy
Oct 10, 2017 5:04:16 PM org.springframework.beans.factory.xml.XmlBeanDefinitionReader loadBeanDefinitions
INFO: Loading XML bean definitions from class path resource [applicationContext.xml]
Oct 10, 2017 5:04:16 PM org.springframework.context.support.ClassPathXmlApplicationContext prepareRefresh
INFO: Refreshing org.springframework.context.support.ClassPathXmlApplicationContext@432575a4: startup date [Tue Oct 10 17:04:16 EDT 2017]; root of context hierarchy
Oct 10, 2017 5:04:16 PM org.springframework.beans.factory.xml.XmlBeanDefinitionReader loadBeanDefinitions
INFO: Loading XML bean definitions from class path resource [applicationContext.xml]
Oct 10, 2017 5:04:16 PM org.springframework.context.support.ClassPathXmlApplicationContext prepareRefresh
INFO: Refreshing org.springframework.context.support.ClassPathXmlApplicationContext@3d3e8683: startup date [Tue Oct 10 17:04:16 EDT 2017]; root of context hierarchy
Oct 10, 2017 5:04:16 PM org.springframework.beans.factory.xml.XmlBeanDefinitionReader loadBeanDefinitions
INFO: Loading XML bean definitions from class path resource [applicationContext.xml]
Oct 10, 2017 5:04:16 PM org.springframework.context.support.ClassPathXmlApplicationContext prepareRefresh
INFO: Refreshing org.springframework.context.support.ClassPathXmlApplicationContext@3d7dcda7: startup date [Tue Oct 10 17:04:16 EDT 2017]; root of context hierarchy
Oct 10, 2017 5:04:16 PM org.springframework.beans.factory.xml.XmlBeanDefinitionReader loadBeanDefinitions
INFO: Loading XML bean definitions from class path resource [applicationContext.xml]
Oct 10, 2017 5:04:16 PM org.springframework.context.support.ClassPathXmlApplicationContext prepareRefresh
INFO: Refreshing org.springframework.context.support.ClassPathXmlApplicationContext@1dea5be8: startup date [Tue Oct 10 17:04:16 EDT 2017]; root of context hierarchy
Oct 10, 2017 5:04:16 PM org.springframework.beans.factory.xml.XmlBeanDefinitionReader loadBeanDefinitions
INFO: Loading XML bean definitions from class path resource [applicationContext.xml]
Oct 10, 2017 5:04:16 PM org.springframework.context.support.ClassPathXmlApplicationContext prepareRefresh
INFO: Refreshing org.springframework.context.support.ClassPathXmlApplicationContext@4f6436a3: startup date [Tue Oct 10 17:04:16 EDT 2017]; root of context hierarchy
Oct 10, 2017 5:04:16 PM org.springframework.beans.factory.xml.XmlBeanDefinitionReader loadBeanDefinitions
INFO: Loading XML bean definitions from class path resource [applicationContext.xml]
Oct 10, 2017 5:04:16 PM org.springframework.context.support.ClassPathXmlApplicationContext prepareRefresh
INFO: Refreshing org.springframework.context.support.ClassPathXmlApplicationContext@16d8b368: startup date [Tue Oct 10 17:04:16 EDT 2017]; root of context hierarchy
Oct 10, 2017 5:04:16 PM org.springframework.beans.factory.xml.XmlBeanDefinitionReader loadBeanDefinitions
INFO: Loading XML bean definitions from class path resource [applicationContext.xml]
Oct 10, 2017 5:04:16 PM org.springframework.context.support.ClassPathXmlApplicationContext prepareRefresh
INFO: Refreshing org.springframework.context.support.ClassPathXmlApplicationContext@8053ec6: startup date [Tue Oct 10 17:04:16 EDT 2017]; root of context hierarchy
Oct 10, 2017 5:04:16 PM org.springframework.beans.factory.xml.XmlBeanDefinitionReader loadBeanDefinitions
INFO: Loading XML bean definitions from class path resource [applicationContext.xml]
Oct 10, 2017 5:04:16 PM org.springframework.context.support.ClassPathXmlApplicationContext prepareRefresh
INFO: Refreshing org.springframework.context.support.ClassPathXmlApplicationContext@26291233: startup date [Tue Oct 10 17:04:16 EDT 2017]; root of context hierarchy
Oct 10, 2017 5:04:16 PM org.springframework.beans.factory.xml.XmlBeanDefinitionReader loadBeanDefinitions
INFO: Loading XML bean definitions from class path resource [applicationContext.xml]
Oct 10, 2017 5:04:16 PM org.springframework.context.support.ClassPathXmlApplicationContext prepareRefresh
INFO: Refreshing org.springframework.context.support.ClassPathXmlApplicationContext@ba39e5: startup date [Tue Oct 10 17:04:16 EDT 2017]; root of context hierarchy
Oct 10, 2017 5:04:16 PM org.springframework.beans.factory.xml.XmlBeanDefinitionReader loadBeanDefinitions
INFO: Loading XML bean definitions from class path resource [applicationContext.xml]
Oct 10, 2017 5:04:16 PM org.springframework.context.support.ClassPathXmlApplicationContext prepareRefresh
INFO: Refreshing org.springframework.context.support.ClassPathXmlApplicationContext@72c7cedb: startup date [Tue Oct 10 17:04:16 EDT 2017]; root of context hierarchy
Oct 10, 2017 5:04:16 PM org.springframework.beans.factory.xml.XmlBeanDefinitionReader loadBeanDefinitions
INFO: Loading XML bean definitions from class path resource [applicationContext.xml]
Oct 10, 2017 5:04:16 PM org.springframework.context.support.ClassPathXmlApplicationContext prepareRefresh
INFO: Refreshing org.springframework.context.support.ClassPathXmlApplicationContext@58fb0299: startup date [Tue Oct 10 17:04:16 EDT 2017]; root of context hierarchy
Oct 10, 2017 5:04:16 PM org.springframework.beans.factory.xml.XmlBeanDefinitionReader loadBeanDefinitions
INFO: Loading XML bean definitions from class path resource [applicationContext.xml]
Oct 10, 2017 5:04:16 PM org.springframework.context.support.ClassPathXmlApplicationContext prepareRefresh
INFO: Refreshing org.springframework.context.support.ClassPathXmlApplicationContext@33b4ba64: startup date [Tue Oct 10 17:04:16 EDT 2017]; root of context hierarchy
Oct 10, 2017 5:04:16 PM org.springframework.beans.factory.xml.XmlBeanDefinitionReader loadBeanDefinitions
INFO: Loading XML bean definitions from class path resource [applicationContext.xml]
Oct 10, 2017 5:04:16 PM org.springframework.context.support.ClassPathXmlApplicationContext prepareRefresh
INFO: Refreshing org.springframework.context.support.ClassPathXmlApplicationContext@368c73a0: startup date [Tue Oct 10 17:04:16 EDT 2017]; root of context hierarchy
Oct 10, 2017 5:04:16 PM org.springframework.beans.factory.xml.XmlBeanDefinitionReader loadBeanDefinitions
INFO: Loading XML bean definitions from class path resource [applicationContext.xml]
Oct 10, 2017 5:04:16 PM org.springframework.context.support.ClassPathXmlApplicationContext prepareRefresh
INFO: Refreshing org.springframework.context.support.ClassPathXmlApplicationContext@66fc9cbb: startup date [Tue Oct 10 17:04:16 EDT 2017]; root of context hierarchy
Oct 10, 2017 5:04:16 PM org.springframework.beans.factory.xml.XmlBeanDefinitionReader loadBeanDefinitions
INFO: Loading XML bean definitions from class path resource [applicationContext.xml]
Oct 10, 2017 5:04:16 PM org.springframework.context.support.ClassPathXmlApplicationContext prepareRefresh
INFO: Refreshing org.springframework.context.support.ClassPathXmlApplicationContext@46ff56e7: startup date [Tue Oct 10 17:04:16 EDT 2017]; root of context hierarchy
Oct 10, 2017 5:04:16 PM org.springframework.beans.factory.xml.XmlBeanDefinitionReader loadBeanDefinitions
INFO: Loading XML bean definitions from class path resource [applicationContext.xml]
Oct 10, 2017 5:04:16 PM org.springframework.context.support.ClassPathXmlApplicationContext prepareRefresh
INFO: Refreshing org.springframework.context.support.ClassPathXmlApplicationContext@2cdb633d: startup date [Tue Oct 10 17:04:16 EDT 2017]; root of context hierarchy
Oct 10, 2017 5:04:16 PM org.springframework.beans.factory.xml.XmlBeanDefinitionReader loadBeanDefinitions
INFO: Loading XML bean definitions from class path resource [applicationContext.xml]
Oct 10, 2017 5:04:16 PM org.springframework.context.support.ClassPathXmlApplicationContext prepareRefresh
INFO: Refreshing org.springframework.context.support.ClassPathXmlApplicationContext@2551eddb: startup date [Tue Oct 10 17:04:16 EDT 2017]; root of context hierarchy
Oct 10, 2017 5:04:16 PM org.springframework.beans.factory.xml.XmlBeanDefinitionReader loadBeanDefinitions
INFO: Loading XML bean definitions from class path resource [applicationContext.xml]
Oct 10, 2017 5:04:16 PM org.springframework.context.support.ClassPathXmlApplicationContext prepareRefresh
INFO: Refreshing org.springframework.context.support.ClassPathXmlApplicationContext@3724814e: startup date [Tue Oct 10 17:04:16 EDT 2017]; root of context hierarchy
Oct 10, 2017 5:04:16 PM org.springframework.beans.factory.xml.XmlBeanDefinitionReader loadBeanDefinitions
INFO: Loading XML bean definitions from class path resource [applicationContext.xml]
Oct 10, 2017 5:04:16 PM org.springframework.context.support.ClassPathXmlApplicationContext prepareRefresh
INFO: Refreshing org.springframework.context.support.ClassPathXmlApplicationContext@1adc13d5: startup date [Tue Oct 10 17:04:16 EDT 2017]; root of context hierarchy
Oct 10, 2017 5:04:16 PM org.springframework.beans.factory.xml.XmlBeanDefinitionReader loadBeanDefinitions
INFO: Loading XML bean definitions from class path resource [applicationContext.xml]
Oct 10, 2017 5:04:16 PM org.springframework.context.support.ClassPathXmlApplicationContext prepareRefresh
INFO: Refreshing org.springframework.context.support.ClassPathXmlApplicationContext@6ddd61bf: startup date [Tue Oct 10 17:04:16 EDT 2017]; root of context hierarchy
Oct 10, 2017 5:04:16 PM org.springframework.beans.factory.xml.XmlBeanDefinitionReader loadBeanDefinitions
INFO: Loading XML bean definitions from class path resource [applicationContext.xml]
Oct 10, 2017 5:04:16 PM org.springframework.context.support.ClassPathXmlApplicationContext prepareRefresh
INFO: Refreshing org.springframework.context.support.ClassPathXmlApplicationContext@3dfc1c12: startup date [Tue Oct 10 17:04:16 EDT 2017]; root of context hierarchy
Oct 10, 2017 5:04:16 PM org.springframework.beans.factory.xml.XmlBeanDefinitionReader loadBeanDefinitions
INFO: Loading XML bean definitions from class path resource [applicationContext.xml]
Oct 10, 2017 5:04:17 PM org.springframework.context.support.ClassPathXmlApplicationContext prepareRefresh
INFO: Refreshing org.springframework.context.support.ClassPathXmlApplicationContext@7fc55665: startup date [Tue Oct 10 17:04:17 EDT 2017]; root of context hierarchy
Oct 10, 2017 5:04:17 PM org.springframework.beans.factory.xml.XmlBeanDefinitionReader loadBeanDefinitions
INFO: Loading XML bean definitions from class path resource [applicationContext.xml]
Oct 10, 2017 5:04:17 PM org.springframework.context.support.ClassPathXmlApplicationContext prepareRefresh
INFO: Refreshing org.springframework.context.support.ClassPathXmlApplicationContext@5bbe9c87: startup date [Tue Oct 10 17:04:17 EDT 2017]; root of context hierarchy
Oct 10, 2017 5:04:17 PM org.springframework.beans.factory.xml.XmlBeanDefinitionReader loadBeanDefinitions
INFO: Loading XML bean definitions from class path resource [applicationContext.xml]
Oct 10, 2017 5:04:17 PM org.springframework.context.support.ClassPathXmlApplicationContext prepareRefresh
INFO: Refreshing org.springframework.context.support.ClassPathXmlApplicationContext@2eff2b9c: startup date [Tue Oct 10 17:04:17 EDT 2017]; root of context hierarchy
Oct 10, 2017 5:04:17 PM org.springframework.beans.factory.xml.XmlBeanDefinitionReader loadBeanDefinitions
INFO: Loading XML bean definitions from class path resource [applicationContext.xml]
Oct 10, 2017 5:04:17 PM org.springframework.context.support.ClassPathXmlApplicationContext prepareRefresh
INFO: Refreshing org.springframework.context.support.ClassPathXmlApplicationContext@31b5377e: startup date [Tue Oct 10 17:04:17 EDT 2017]; root of context hierarchy
Oct 10, 2017 5:04:17 PM org.springframework.beans.factory.xml.XmlBeanDefinitionReader loadBeanDefinitions
INFO: Loading XML bean definitions from class path resource [applicationContext.xml]
Oct 10, 2017 5:04:17 PM org.springframework.context.support.ClassPathXmlApplicationContext prepareRefresh
INFO: Refreshing org.springframework.context.support.ClassPathXmlApplicationContext@758ab059: startup date [Tue Oct 10 17:04:17 EDT 2017]; root of context hierarchy
Oct 10, 2017 5:04:17 PM org.springframework.beans.factory.xml.XmlBeanDefinitionReader loadBeanDefinitions
INFO: Loading XML bean definitions from class path resource [applicationContext.xml]
Oct 10, 2017 5:04:17 PM org.springframework.context.support.ClassPathXmlApplicationContext prepareRefresh
INFO: Refreshing org.springframework.context.support.ClassPathXmlApplicationContext@4d6750c0: startup date [Tue Oct 10 17:04:17 EDT 2017]; root of context hierarchy
Oct 10, 2017 5:04:17 PM org.springframework.beans.factory.xml.XmlBeanDefinitionReader loadBeanDefinitions
INFO: Loading XML bean definitions from class path resource [applicationContext.xml]
Oct 10, 2017 5:04:17 PM org.springframework.context.support.ClassPathXmlApplicationContext prepareRefresh
INFO: Refreshing org.springframework.context.support.ClassPathXmlApplicationContext@49a74c5e: startup date [Tue Oct 10 17:04:17 EDT 2017]; root of context hierarchy
Oct 10, 2017 5:04:17 PM org.springframework.beans.factory.xml.XmlBeanDefinitionReader loadBeanDefinitions
INFO: Loading XML bean definitions from class path resource [applicationContext.xml]
Oct 10, 2017 5:04:17 PM org.springframework.context.support.ClassPathXmlApplicationContext prepareRefresh
INFO: Refreshing org.springframework.context.support.ClassPathXmlApplicationContext@d0b8c6d: startup date [Tue Oct 10 17:04:17 EDT 2017]; root of context hierarchy
Oct 10, 2017 5:04:17 PM org.springframework.beans.factory.xml.XmlBeanDefinitionReader loadBeanDefinitions
INFO: Loading XML bean definitions from class path resource [applicationContext.xml]
Oct 10, 2017 5:04:17 PM org.springframework.context.support.ClassPathXmlApplicationContext prepareRefresh
INFO: Refreshing org.springframework.context.support.ClassPathXmlApplicationContext@77acdba3: startup date [Tue Oct 10 17:04:17 EDT 2017]; root of context hierarchy
Oct 10, 2017 5:04:17 PM org.springframework.beans.factory.xml.XmlBeanDefinitionReader loadBeanDefinitions
INFO: Loading XML bean definitions from class path resource [applicationContext.xml]
Oct 10, 2017 5:04:17 PM org.springframework.context.support.ClassPathXmlApplicationContext prepareRefresh
INFO: Refreshing org.springframework.context.support.ClassPathXmlApplicationContext@486f47dd: startup date [Tue Oct 10 17:04:17 EDT 2017]; root of context hierarchy
Oct 10, 2017 5:04:17 PM org.springframework.beans.factory.xml.XmlBeanDefinitionReader loadBeanDefinitions
INFO: Loading XML bean definitions from class path resource [applicationContext.xml]
Oct 10, 2017 5:04:17 PM org.springframework.context.support.ClassPathXmlApplicationContext prepareRefresh
INFO: Refreshing org.springframework.context.support.ClassPathXmlApplicationContext@372eb990: startup date [Tue Oct 10 17:04:17 EDT 2017]; root of context hierarchy
Oct 10, 2017 5:04:17 PM org.springframework.beans.factory.xml.XmlBeanDefinitionReader loadBeanDefinitions
INFO: Loading XML bean definitions from class path resource [applicationContext.xml]
Oct 10, 2017 5:04:17 PM org.springframework.context.support.ClassPathXmlApplicationContext prepareRefresh
INFO: Refreshing org.springframework.context.support.ClassPathXmlApplicationContext@197b825b: startup date [Tue Oct 10 17:04:17 EDT 2017]; root of context hierarchy
Oct 10, 2017 5:04:17 PM org.springframework.beans.factory.xml.XmlBeanDefinitionReader loadBeanDefinitions
INFO: Loading XML bean definitions from class path resource [applicationContext.xml]
Oct 10, 2017 5:04:17 PM org.springframework.context.support.ClassPathXmlApplicationContext prepareRefresh
INFO: Refreshing org.springframework.context.support.ClassPathXmlApplicationContext@a298dbe: startup date [Tue Oct 10 17:04:17 EDT 2017]; root of context hierarchy
Oct 10, 2017 5:04:17 PM org.springframework.beans.factory.xml.XmlBeanDefinitionReader loadBeanDefinitions
INFO: Loading XML bean definitions from class path resource [applicationContext.xml]
Oct 10, 2017 5:04:17 PM org.springframework.context.support.ClassPathXmlApplicationContext prepareRefresh
INFO: Refreshing org.springframework.context.support.ClassPathXmlApplicationContext@77b6ee81: startup date [Tue Oct 10 17:04:17 EDT 2017]; root of context hierarchy
Oct 10, 2017 5:04:17 PM org.springframework.beans.factory.xml.XmlBeanDefinitionReader loadBeanDefinitions
INFO: Loading XML bean definitions from class path resource [applicationContext.xml]
Oct 10, 2017 5:04:17 PM org.springframework.context.support.ClassPathXmlApplicationContext prepareRefresh
INFO: Refreshing org.springframework.context.support.ClassPathXmlApplicationContext@15cbea78: startup date [Tue Oct 10 17:04:17 EDT 2017]; root of context hierarchy
Oct 10, 2017 5:04:17 PM org.springframework.beans.factory.xml.XmlBeanDefinitionReader loadBeanDefinitions
INFO: Loading XML bean definitions from class path resource [applicationContext.xml]
Oct 10, 2017 5:04:17 PM org.springframework.context.support.ClassPathXmlApplicationContext prepareRefresh
INFO: Refreshing org.springframework.context.support.ClassPathXmlApplicationContext@3a8fe9d6: startup date [Tue Oct 10 17:04:17 EDT 2017]; root of context hierarchy
Oct 10, 2017 5:04:17 PM org.springframework.beans.factory.xml.XmlBeanDefinitionReader loadBeanDefinitions
INFO: Loading XML bean definitions from class path resource [applicationContext.xml]
Oct 10, 2017 5:04:17 PM org.springframework.context.support.ClassPathXmlApplicationContext prepareRefresh
INFO: Refreshing org.springframework.context.support.ClassPathXmlApplicationContext@7282d8bd: startup date [Tue Oct 10 17:04:17 EDT 2017]; root of context hierarchy
Oct 10, 2017 5:04:17 PM org.springframework.beans.factory.xml.XmlBeanDefinitionReader loadBeanDefinitions
INFO: Loading XML bean definitions from class path resource [applicationContext.xml]
Oct 10, 2017 5:04:17 PM org.springframework.context.support.ClassPathXmlApplicationContext prepareRefresh
INFO: Refreshing org.springframework.context.support.ClassPathXmlApplicationContext@3c6198ad: startup date [Tue Oct 10 17:04:17 EDT 2017]; root of context hierarchy
Oct 10, 2017 5:04:17 PM org.springframework.beans.factory.xml.XmlBeanDefinitionReader loadBeanDefinitions
INFO: Loading XML bean definitions from class path resource [applicationContext.xml]
Oct 10, 2017 5:04:17 PM org.springframework.context.support.ClassPathXmlApplicationContext prepareRefresh
INFO: Refreshing org.springframework.context.support.ClassPathXmlApplicationContext@15339358: startup date [Tue Oct 10 17:04:17 EDT 2017]; root of context hierarchy
Oct 10, 2017 5:04:17 PM org.springframework.beans.factory.xml.XmlBeanDefinitionReader loadBeanDefinitions
INFO: Loading XML bean definitions from class path resource [applicationContext.xml]
Oct 10, 2017 5:04:17 PM org.springframework.context.support.ClassPathXmlApplicationContext prepareRefresh
INFO: Refreshing org.springframework.context.support.ClassPathXmlApplicationContext@71b85eed: startup date [Tue Oct 10 17:04:17 EDT 2017]; root of context hierarchy
Oct 10, 2017 5:04:17 PM org.springframework.beans.factory.xml.XmlBeanDefinitionReader loadBeanDefinitions
INFO: Loading XML bean definitions from class path resource [applicationContext.xml]
Oct 10, 2017 5:04:17 PM org.springframework.context.support.ClassPathXmlApplicationContext prepareRefresh
INFO: Refreshing org.springframework.context.support.ClassPathXmlApplicationContext@7cd36e8c: startup date [Tue Oct 10 17:04:17 EDT 2017]; root of context hierarchy
Oct 10, 2017 5:04:17 PM org.springframework.beans.factory.xml.XmlBeanDefinitionReader loadBeanDefinitions
INFO: Loading XML bean definitions from class path resource [applicationContext.xml]
Oct 10, 2017 5:04:17 PM org.springframework.context.support.ClassPathXmlApplicationContext prepareRefresh
INFO: Refreshing org.springframework.context.support.ClassPathXmlApplicationContext@78a31542: startup date [Tue Oct 10 17:04:17 EDT 2017]; root of context hierarchy
Oct 10, 2017 5:04:17 PM org.springframework.beans.factory.xml.XmlBeanDefinitionReader loadBeanDefinitions
INFO: Loading XML bean definitions from class path resource [applicationContext.xml]
Oct 10, 2017 5:04:17 PM org.springframework.context.support.ClassPathXmlApplicationContext prepareRefresh
INFO: Refreshing org.springframework.context.support.ClassPathXmlApplicationContext@769f8dc8: startup date [Tue Oct 10 17:04:17 EDT 2017]; root of context hierarchy
Oct 10, 2017 5:04:17 PM org.springframework.beans.factory.xml.XmlBeanDefinitionReader loadBeanDefinitions
INFO: Loading XML bean definitions from class path resource [applicationContext.xml]
Oct 10, 2017 5:04:17 PM org.springframework.context.support.ClassPathXmlApplicationContext prepareRefresh
INFO: Refreshing org.springframework.context.support.ClassPathXmlApplicationContext@ab8762: startup date [Tue Oct 10 17:04:17 EDT 2017]; root of context hierarchy
Oct 10, 2017 5:04:17 PM org.springframework.beans.factory.xml.XmlBeanDefinitionReader loadBeanDefinitions
INFO: Loading XML bean definitions from class path resource [applicationContext.xml]
Oct 10, 2017 5:04:17 PM org.springframework.context.support.ClassPathXmlApplicationContext prepareRefresh
INFO: Refreshing org.springframework.context.support.ClassPathXmlApplicationContext@1f158483: startup date [Tue Oct 10 17:04:17 EDT 2017]; root of context hierarchy
Oct 10, 2017 5:04:17 PM org.springframework.beans.factory.xml.XmlBeanDefinitionReader loadBeanDefinitions
INFO: Loading XML bean definitions from class path resource [applicationContext.xml]
Oct 10, 2017 5:04:17 PM org.springframework.context.support.ClassPathXmlApplicationContext prepareRefresh
INFO: Refreshing org.springframework.context.support.ClassPathXmlApplicationContext@1ae3224: startup date [Tue Oct 10 17:04:17 EDT 2017]; root of context hierarchy
Oct 10, 2017 5:04:17 PM org.springframework.beans.factory.xml.XmlBeanDefinitionReader loadBeanDefinitions
INFO: Loading XML bean definitions from class path resource [applicationContext.xml]
Oct 10, 2017 5:04:17 PM org.springframework.context.support.ClassPathXmlApplicationContext prepareRefresh
INFO: Refreshing org.springframework.context.support.ClassPathXmlApplicationContext@6a516f9: startup date [Tue Oct 10 17:04:17 EDT 2017]; root of context hierarchy
Oct 10, 2017 5:04:17 PM org.springframework.beans.factory.xml.XmlBeanDefinitionReader loadBeanDefinitions
INFO: Loading XML bean definitions from class path resource [applicationContext.xml]
Oct 10, 2017 5:04:17 PM org.springframework.context.support.ClassPathXmlApplicationContext prepareRefresh
INFO: Refreshing org.springframework.context.support.ClassPathXmlApplicationContext@76dbb1bd: startup date [Tue Oct 10 17:04:17 EDT 2017]; root of context hierarchy
Oct 10, 2017 5:04:17 PM org.springframework.beans.factory.xml.XmlBeanDefinitionReader loadBeanDefinitions
INFO: Loading XML bean definitions from class path resource [applicationContext.xml]
Oct 10, 2017 5:04:17 PM org.springframework.context.support.ClassPathXmlApplicationContext prepareRefresh
INFO: Refreshing org.springframework.context.support.ClassPathXmlApplicationContext@75925c64: startup date [Tue Oct 10 17:04:17 EDT 2017]; root of context hierarchy
Oct 10, 2017 5:04:17 PM org.springframework.beans.factory.xml.XmlBeanDefinitionReader loadBeanDefinitions
INFO: Loading XML bean definitions from class path resource [applicationContext.xml]
Oct 10, 2017 5:04:17 PM org.springframework.context.support.ClassPathXmlApplicationContext prepareRefresh
INFO: Refreshing org.springframework.context.support.ClassPathXmlApplicationContext@113f08db: startup date [Tue Oct 10 17:04:17 EDT 2017]; root of context hierarchy
Oct 10, 2017 5:04:17 PM org.springframework.beans.factory.xml.XmlBeanDefinitionReader loadBeanDefinitions
INFO: Loading XML bean definitions from class path resource [applicationContext.xml]
Oct 10, 2017 5:04:17 PM org.springframework.context.support.ClassPathXmlApplicationContext prepareRefresh
INFO: Refreshing org.springframework.context.support.ClassPathXmlApplicationContext@58a8859d: startup date [Tue Oct 10 17:04:17 EDT 2017]; root of context hierarchy
Oct 10, 2017 5:04:17 PM org.springframework.beans.factory.xml.XmlBeanDefinitionReader loadBeanDefinitions
INFO: Loading XML bean definitions from class path resource [applicationContext.xml]
Oct 10, 2017 5:04:17 PM org.springframework.context.support.ClassPathXmlApplicationContext prepareRefresh
INFO: Refreshing org.springframework.context.support.ClassPathXmlApplicationContext@4b7015d5: startup date [Tue Oct 10 17:04:17 EDT 2017]; root of context hierarchy
Oct 10, 2017 5:04:17 PM org.springframework.beans.factory.xml.XmlBeanDefinitionReader loadBeanDefinitions
INFO: Loading XML bean definitions from class path resource [applicationContext.xml]
Oct 10, 2017 5:04:17 PM org.springframework.context.support.ClassPathXmlApplicationContext prepareRefresh
INFO: Refreshing org.springframework.context.support.ClassPathXmlApplicationContext@2a3fd72a: startup date [Tue Oct 10 17:04:17 EDT 2017]; root of context hierarchy
Oct 10, 2017 5:04:17 PM org.springframework.beans.factory.xml.XmlBeanDefinitionReader loadBeanDefinitions
INFO: Loading XML bean definitions from class path resource [applicationContext.xml]
Oct 10, 2017 5:04:17 PM org.springframework.context.support.ClassPathXmlApplicationContext prepareRefresh
INFO: Refreshing org.springframework.context.support.ClassPathXmlApplicationContext@1b71bb52: startup date [Tue Oct 10 17:04:17 EDT 2017]; root of context hierarchy
Oct 10, 2017 5:04:17 PM org.springframework.beans.factory.xml.XmlBeanDefinitionReader loadBeanDefinitions
INFO: Loading XML bean definitions from class path resource [applicationContext.xml]
Oct 10, 2017 5:04:17 PM org.springframework.context.support.ClassPathXmlApplicationContext prepareRefresh
INFO: Refreshing org.springframework.context.support.ClassPathXmlApplicationContext@77e9d113: startup date [Tue Oct 10 17:04:17 EDT 2017]; root of context hierarchy
Oct 10, 2017 5:04:17 PM org.springframework.beans.factory.xml.XmlBeanDefinitionReader loadBeanDefinitions
INFO: Loading XML bean definitions from class path resource [applicationContext.xml]
Oct 10, 2017 5:04:17 PM org.springframework.context.support.ClassPathXmlApplicationContext prepareRefresh
INFO: Refreshing org.springframework.context.support.ClassPathXmlApplicationContext@3a05a640: startup date [Tue Oct 10 17:04:17 EDT 2017]; root of context hierarchy
Oct 10, 2017 5:04:17 PM org.springframework.beans.factory.xml.XmlBeanDefinitionReader loadBeanDefinitions
INFO: Loading XML bean definitions from class path resource [applicationContext.xml]
Oct 10, 2017 5:04:17 PM org.springframework.context.support.ClassPathXmlApplicationContext prepareRefresh
INFO: Refreshing org.springframework.context.support.ClassPathXmlApplicationContext@45cc4991: startup date [Tue Oct 10 17:04:17 EDT 2017]; root of context hierarchy
Oct 10, 2017 5:04:17 PM org.springframework.beans.factory.xml.XmlBeanDefinitionReader loadBeanDefinitions
INFO: Loading XML bean definitions from class path resource [applicationContext.xml]
Oct 10, 2017 5:04:17 PM org.springframework.context.support.ClassPathXmlApplicationContext prepareRefresh
INFO: Refreshing org.springframework.context.support.ClassPathXmlApplicationContext@68ee8de8: startup date [Tue Oct 10 17:04:17 EDT 2017]; root of context hierarchy
Oct 10, 2017 5:04:17 PM org.springframework.beans.factory.xml.XmlBeanDefinitionReader loadBeanDefinitions
INFO: Loading XML bean definitions from class path resource [applicationContext.xml]
Oct 10, 2017 5:04:17 PM org.springframework.context.support.ClassPathXmlApplicationContext prepareRefresh
INFO: Refreshing org.springframework.context.support.ClassPathXmlApplicationContext@21f810c9: startup date [Tue Oct 10 17:04:17 EDT 2017]; root of context hierarchy
Oct 10, 2017 5:04:17 PM org.springframework.beans.factory.xml.XmlBeanDefinitionReader loadBeanDefinitions
INFO: Loading XML bean definitions from class path resource [applicationContext.xml]
Oct 10, 2017 5:04:17 PM org.springframework.context.support.ClassPathXmlApplicationContext prepareRefresh
INFO: Refreshing org.springframework.context.support.ClassPathXmlApplicationContext@37bb5adf: startup date [Tue Oct 10 17:04:17 EDT 2017]; root of context hierarchy
Oct 10, 2017 5:04:17 PM org.springframework.beans.factory.xml.XmlBeanDefinitionReader loadBeanDefinitions
INFO: Loading XML bean definitions from class path resource [applicationContext.xml]
Oct 10, 2017 5:04:17 PM org.springframework.context.support.ClassPathXmlApplicationContext prepareRefresh
INFO: Refreshing org.springframework.context.support.ClassPathXmlApplicationContext@6e6aa9e5: startup date [Tue Oct 10 17:04:17 EDT 2017]; root of context hierarchy
Oct 10, 2017 5:04:17 PM org.springframework.beans.factory.xml.XmlBeanDefinitionReader loadBeanDefinitions
INFO: Loading XML bean definitions from class path resource [applicationContext.xml]
Oct 10, 2017 5:04:17 PM org.springframework.context.support.ClassPathXmlApplicationContext prepareRefresh
INFO: Refreshing org.springframework.context.support.ClassPathXmlApplicationContext@1fb6f0ee: startup date [Tue Oct 10 17:04:17 EDT 2017]; root of context hierarchy
Oct 10, 2017 5:04:17 PM org.springframework.beans.factory.xml.XmlBeanDefinitionReader loadBeanDefinitions
INFO: Loading XML bean definitions from class path resource [applicationContext.xml]
Oct 10, 2017 5:04:17 PM org.springframework.context.support.ClassPathXmlApplicationContext prepareRefresh
INFO: Refreshing org.springframework.context.support.ClassPathXmlApplicationContext@6bcc43b2: startup date [Tue Oct 10 17:04:17 EDT 2017]; root of context hierarchy
Oct 10, 2017 5:04:17 PM org.springframework.beans.factory.xml.XmlBeanDefinitionReader loadBeanDefinitions
INFO: Loading XML bean definitions from class path resource [applicationContext.xml]
Oct 10, 2017 5:04:17 PM org.springframework.context.support.ClassPathXmlApplicationContext prepareRefresh
INFO: Refreshing org.springframework.context.support.ClassPathXmlApplicationContext@22ec5c73: startup date [Tue Oct 10 17:04:17 EDT 2017]; root of context hierarchy
Oct 10, 2017 5:04:17 PM org.springframework.beans.factory.xml.XmlBeanDefinitionReader loadBeanDefinitions
INFO: Loading XML bean definitions from class path resource [applicationContext.xml]
Oct 10, 2017 5:04:17 PM org.springframework.context.support.ClassPathXmlApplicationContext prepareRefresh
INFO: Refreshing org.springframework.context.support.ClassPathXmlApplicationContext@6ee883c: startup date [Tue Oct 10 17:04:17 EDT 2017]; root of context hierarchy
Oct 10, 2017 5:04:17 PM org.springframework.beans.factory.xml.XmlBeanDefinitionReader loadBeanDefinitions
INFO: Loading XML bean definitions from class path resource [applicationContext.xml]
Oct 10, 2017 5:04:17 PM org.springframework.context.support.ClassPathXmlApplicationContext prepareRefresh
INFO: Refreshing org.springframework.context.support.ClassPathXmlApplicationContext@50a94a76: startup date [Tue Oct 10 17:04:17 EDT 2017]; root of context hierarchy
Oct 10, 2017 5:04:17 PM org.springframework.beans.factory.xml.XmlBeanDefinitionReader loadBeanDefinitions
INFO: Loading XML bean definitions from class path resource [applicationContext.xml]
Oct 10, 2017 5:04:17 PM org.springframework.context.support.ClassPathXmlApplicationContext prepareRefresh
INFO: Refreshing org.springframework.context.support.ClassPathXmlApplicationContext@7afb3e27: startup date [Tue Oct 10 17:04:17 EDT 2017]; root of context hierarchy
Oct 10, 2017 5:04:17 PM org.springframework.beans.factory.xml.XmlBeanDefinitionReader loadBeanDefinitions
INFO: Loading XML bean definitions from class path resource [applicationContext.xml]
Oct 10, 2017 5:04:17 PM org.springframework.context.support.ClassPathXmlApplicationContext prepareRefresh
INFO: Refreshing org.springframework.context.support.ClassPathXmlApplicationContext@7f8b8631: startup date [Tue Oct 10 17:04:17 EDT 2017]; root of context hierarchy
Oct 10, 2017 5:04:17 PM org.springframework.beans.factory.xml.XmlBeanDefinitionReader loadBeanDefinitions
INFO: Loading XML bean definitions from class path resource [applicationContext.xml]
Oct 10, 2017 5:04:17 PM org.springframework.context.support.ClassPathXmlApplicationContext prepareRefresh
INFO: Refreshing org.springframework.context.support.ClassPathXmlApplicationContext@31c75f57: startup date [Tue Oct 10 17:04:17 EDT 2017]; root of context hierarchy
Oct 10, 2017 5:04:17 PM org.springframework.beans.factory.xml.XmlBeanDefinitionReader loadBeanDefinitions
INFO: Loading XML bean definitions from class path resource [applicationContext.xml]
Oct 10, 2017 5:04:17 PM org.springframework.context.support.ClassPathXmlApplicationContext prepareRefresh
INFO: Refreshing org.springframework.context.support.ClassPathXmlApplicationContext@bc331ef: startup date [Tue Oct 10 17:04:17 EDT 2017]; root of context hierarchy
Oct 10, 2017 5:04:17 PM org.springframework.beans.factory.xml.XmlBeanDefinitionReader loadBeanDefinitions
INFO: Loading XML bean definitions from class path resource [applicationContext.xml]
Oct 10, 2017 5:04:17 PM org.springframework.context.support.ClassPathXmlApplicationContext prepareRefresh
INFO: Refreshing org.springframework.context.support.ClassPathXmlApplicationContext@4cca8ddd: startup date [Tue Oct 10 17:04:17 EDT 2017]; root of context hierarchy
Oct 10, 2017 5:04:17 PM org.springframework.beans.factory.xml.XmlBeanDefinitionReader loadBeanDefinitions
INFO: Loading XML bean definitions from class path resource [applicationContext.xml]
Oct 10, 2017 5:04:17 PM org.springframework.context.support.ClassPathXmlApplicationContext prepareRefresh
INFO: Refreshing org.springframework.context.support.ClassPathXmlApplicationContext@3f202486: startup date [Tue Oct 10 17:04:17 EDT 2017]; root of context hierarchy
Oct 10, 2017 5:04:17 PM org.springframework.beans.factory.xml.XmlBeanDefinitionReader loadBeanDefinitions
INFO: Loading XML bean definitions from class path resource [applicationContext.xml]
Oct 10, 2017 5:04:17 PM org.springframework.context.support.ClassPathXmlApplicationContext prepareRefresh
INFO: Refreshing org.springframework.context.support.ClassPathXmlApplicationContext@78626f84: startup date [Tue Oct 10 17:04:17 EDT 2017]; root of context hierarchy
Oct 10, 2017 5:04:17 PM org.springframework.beans.factory.xml.XmlBeanDefinitionReader loadBeanDefinitions
INFO: Loading XML bean definitions from class path resource [applicationContext.xml]
Oct 10, 2017 5:04:17 PM org.springframework.context.support.ClassPathXmlApplicationContext prepareRefresh
INFO: Refreshing org.springframework.context.support.ClassPathXmlApplicationContext@67163f31: startup date [Tue Oct 10 17:04:17 EDT 2017]; root of context hierarchy
Oct 10, 2017 5:04:17 PM org.springframework.beans.factory.xml.XmlBeanDefinitionReader loadBeanDefinitions
INFO: Loading XML bean definitions from class path resource [applicationContext.xml]
Oct 10, 2017 5:04:17 PM org.springframework.context.support.ClassPathXmlApplicationContext prepareRefresh
INFO: Refreshing org.springframework.context.support.ClassPathXmlApplicationContext@30fab116: startup date [Tue Oct 10 17:04:17 EDT 2017]; root of context hierarchy
Oct 10, 2017 5:04:17 PM org.springframework.beans.factory.xml.XmlBeanDefinitionReader loadBeanDefinitions
INFO: Loading XML bean definitions from class path resource [applicationContext.xml]
Oct 10, 2017 5:04:17 PM org.springframework.context.support.ClassPathXmlApplicationContext prepareRefresh
INFO: Refreshing org.springframework.context.support.ClassPathXmlApplicationContext@45cc62a9: startup date [Tue Oct 10 17:04:17 EDT 2017]; root of context hierarchy
Oct 10, 2017 5:04:17 PM org.springframework.beans.factory.xml.XmlBeanDefinitionReader loadBeanDefinitions
INFO: Loading XML bean definitions from class path resource [applicationContext.xml]
Oct 10, 2017 5:04:17 PM org.springframework.context.support.ClassPathXmlApplicationContext prepareRefresh
INFO: Refreshing org.springframework.context.support.ClassPathXmlApplicationContext@9023ee4: startup date [Tue Oct 10 17:04:17 EDT 2017]; root of context hierarchy
Oct 10, 2017 5:04:17 PM org.springframework.beans.factory.xml.XmlBeanDefinitionReader loadBeanDefinitions
INFO: Loading XML bean definitions from class path resource [applicationContext.xml]
Oct 10, 2017 5:04:17 PM org.springframework.context.support.ClassPathXmlApplicationContext prepareRefresh
INFO: Refreshing org.springframework.context.support.ClassPathXmlApplicationContext@1c7e463b: startup date [Tue Oct 10 17:04:17 EDT 2017]; root of context hierarchy
Oct 10, 2017 5:04:17 PM org.springframework.beans.factory.xml.XmlBeanDefinitionReader loadBeanDefinitions
INFO: Loading XML bean definitions from class path resource [applicationContext.xml]
Oct 10, 2017 5:04:17 PM org.springframework.context.support.ClassPathXmlApplicationContext prepareRefresh
INFO: Refreshing org.springframework.context.support.ClassPathXmlApplicationContext@4cf45d40: startup date [Tue Oct 10 17:04:17 EDT 2017]; root of context hierarchy
Oct 10, 2017 5:04:17 PM org.springframework.beans.factory.xml.XmlBeanDefinitionReader loadBeanDefinitions
INFO: Loading XML bean definitions from class path resource [applicationContext.xml]
Oct 10, 2017 5:04:17 PM org.springframework.context.support.ClassPathXmlApplicationContext prepareRefresh
INFO: Refreshing org.springframework.context.support.ClassPathXmlApplicationContext@5f1cfeb0: startup date [Tue Oct 10 17:04:17 EDT 2017]; root of context hierarchy
Oct 10, 2017 5:04:17 PM org.springframework.beans.factory.xml.XmlBeanDefinitionReader loadBeanDefinitions
INFO: Loading XML bean definitions from class path resource [applicationContext.xml]
Oct 10, 2017 5:04:17 PM org.springframework.context.support.ClassPathXmlApplicationContext prepareRefresh
INFO: Refreshing org.springframework.context.support.ClassPathXmlApplicationContext@1703597c: startup date [Tue Oct 10 17:04:17 EDT 2017]; root of context hierarchy
Oct 10, 2017 5:04:17 PM org.springframework.beans.factory.xml.XmlBeanDefinitionReader loadBeanDefinitions
INFO: Loading XML bean definitions from class path resource [applicationContext.xml]
Oct 10, 2017 5:04:17 PM org.springframework.context.support.ClassPathXmlApplicationContext prepareRefresh
INFO: Refreshing org.springframework.context.support.ClassPathXmlApplicationContext@7cb0b07e: startup date [Tue Oct 10 17:04:17 EDT 2017]; root of context hierarchy
Oct 10, 2017 5:04:17 PM org.springframework.beans.factory.xml.XmlBeanDefinitionReader loadBeanDefinitions
INFO: Loading XML bean definitions from class path resource [applicationContext.xml]
Oct 10, 2017 5:04:17 PM org.springframework.context.support.ClassPathXmlApplicationContext prepareRefresh
INFO: Refreshing org.springframework.context.support.ClassPathXmlApplicationContext@32c021f9: startup date [Tue Oct 10 17:04:17 EDT 2017]; root of context hierarchy
Oct 10, 2017 5:04:17 PM org.springframework.beans.factory.xml.XmlBeanDefinitionReader loadBeanDefinitions
INFO: Loading XML bean definitions from class path resource [applicationContext.xml]
Oct 10, 2017 5:04:17 PM org.springframework.context.support.ClassPathXmlApplicationContext prepareRefresh
INFO: Refreshing org.springframework.context.support.ClassPathXmlApplicationContext@42d1dce4: startup date [Tue Oct 10 17:04:17 EDT 2017]; root of context hierarchy
Oct 10, 2017 5:04:17 PM org.springframework.beans.factory.xml.XmlBeanDefinitionReader loadBeanDefinitions
INFO: Loading XML bean definitions from class path resource [applicationContext.xml]
Oct 10, 2017 5:04:17 PM org.springframework.context.support.ClassPathXmlApplicationContext prepareRefresh
INFO: Refreshing org.springframework.context.support.ClassPathXmlApplicationContext@22baffd: startup date [Tue Oct 10 17:04:17 EDT 2017]; root of context hierarchy
Oct 10, 2017 5:04:17 PM org.springframework.beans.factory.xml.XmlBeanDefinitionReader loadBeanDefinitions
INFO: Loading XML bean definitions from class path resource [applicationContext.xml]
Oct 10, 2017 5:04:17 PM org.springframework.context.support.ClassPathXmlApplicationContext prepareRefresh
INFO: Refreshing org.springframework.context.support.ClassPathXmlApplicationContext@115b1fa1: startup date [Tue Oct 10 17:04:17 EDT 2017]; root of context hierarchy
Oct 10, 2017 5:04:17 PM org.springframework.beans.factory.xml.XmlBeanDefinitionReader loadBeanDefinitions
INFO: Loading XML bean definitions from class path resource [applicationContext.xml]
Oct 10, 2017 5:04:17 PM org.springframework.context.support.ClassPathXmlApplicationContext prepareRefresh
INFO: Refreshing org.springframework.context.support.ClassPathXmlApplicationContext@16e35593: startup date [Tue Oct 10 17:04:17 EDT 2017]; root of context hierarchy
Oct 10, 2017 5:04:17 PM org.springframework.beans.factory.xml.XmlBeanDefinitionReader loadBeanDefinitions
INFO: Loading XML bean definitions from class path resource [applicationContext.xml]
Oct 10, 2017 5:04:17 PM org.springframework.context.support.ClassPathXmlApplicationContext prepareRefresh
INFO: Refreshing org.springframework.context.support.ClassPathXmlApplicationContext@636b0305: startup date [Tue Oct 10 17:04:17 EDT 2017]; root of context hierarchy
Oct 10, 2017 5:04:17 PM org.springframework.beans.factory.xml.XmlBeanDefinitionReader loadBeanDefinitions
INFO: Loading XML bean definitions from class path resource [applicationContext.xml]
Oct 10, 2017 5:04:17 PM org.springframework.context.support.ClassPathXmlApplicationContext prepareRefresh
INFO: Refreshing org.springframework.context.support.ClassPathXmlApplicationContext@cb43a34: startup date [Tue Oct 10 17:04:17 EDT 2017]; root of context hierarchy
Oct 10, 2017 5:04:17 PM org.springframework.beans.factory.xml.XmlBeanDefinitionReader loadBeanDefinitions
INFO: Loading XML bean definitions from class path resource [applicationContext.xml]
Oct 10, 2017 5:04:17 PM org.springframework.context.support.ClassPathXmlApplicationContext prepareRefresh
INFO: Refreshing org.springframework.context.support.ClassPathXmlApplicationContext@51340511: startup date [Tue Oct 10 17:04:17 EDT 2017]; root of context hierarchy
Oct 10, 2017 5:04:17 PM org.springframework.beans.factory.xml.XmlBeanDefinitionReader loadBeanDefinitions
INFO: Loading XML bean definitions from class path resource [applicationContext.xml]
Oct 10, 2017 5:04:17 PM org.springframework.context.support.ClassPathXmlApplicationContext prepareRefresh
INFO: Refreshing org.springframework.context.support.ClassPathXmlApplicationContext@17e99c8a: startup date [Tue Oct 10 17:04:17 EDT 2017]; root of context hierarchy
Oct 10, 2017 5:04:17 PM org.springframework.beans.factory.xml.XmlBeanDefinitionReader loadBeanDefinitions
INFO: Loading XML bean definitions from class path resource [applicationContext.xml]
Oct 10, 2017 5:04:17 PM org.springframework.context.support.ClassPathXmlApplicationContext prepareRefresh
INFO: Refreshing org.springframework.context.support.ClassPathXmlApplicationContext@294c4a1f: startup date [Tue Oct 10 17:04:17 EDT 2017]; root of context hierarchy
Oct 10, 2017 5:04:17 PM org.springframework.beans.factory.xml.XmlBeanDefinitionReader loadBeanDefinitions
INFO: Loading XML bean definitions from class path resource [applicationContext.xml]
Oct 10, 2017 5:04:17 PM org.springframework.context.support.ClassPathXmlApplicationContext prepareRefresh
INFO: Refreshing org.springframework.context.support.ClassPathXmlApplicationContext@2551fad9: startup date [Tue Oct 10 17:04:17 EDT 2017]; root of context hierarchy
Oct 10, 2017 5:04:17 PM org.springframework.beans.factory.xml.XmlBeanDefinitionReader loadBeanDefinitions
INFO: Loading XML bean definitions from class path resource [applicationContext.xml]
Oct 10, 2017 5:04:18 PM org.springframework.context.support.ClassPathXmlApplicationContext prepareRefresh
INFO: Refreshing org.springframework.context.support.ClassPathXmlApplicationContext@13d863a6: startup date [Tue Oct 10 17:04:18 EDT 2017]; root of context hierarchy
Oct 10, 2017 5:04:18 PM org.springframework.beans.factory.xml.XmlBeanDefinitionReader loadBeanDefinitions
INFO: Loading XML bean definitions from class path resource [applicationContext.xml]
Oct 10, 2017 5:04:18 PM org.springframework.context.support.ClassPathXmlApplicationContext prepareRefresh
INFO: Refreshing org.springframework.context.support.ClassPathXmlApplicationContext@2a1c2992: startup date [Tue Oct 10 17:04:18 EDT 2017]; root of context hierarchy
Oct 10, 2017 5:04:18 PM org.springframework.beans.factory.xml.XmlBeanDefinitionReader loadBeanDefinitions
INFO: Loading XML bean definitions from class path resource [applicationContext.xml]
Oct 10, 2017 5:04:18 PM org.springframework.context.support.ClassPathXmlApplicationContext prepareRefresh
INFO: Refreshing org.springframework.context.support.ClassPathXmlApplicationContext@61cb2e43: startup date [Tue Oct 10 17:04:18 EDT 2017]; root of context hierarchy
Oct 10, 2017 5:04:18 PM org.springframework.beans.factory.xml.XmlBeanDefinitionReader loadBeanDefinitions
INFO: Loading XML bean definitions from class path resource [applicationContext.xml]
Oct 10, 2017 5:04:18 PM org.springframework.context.support.ClassPathXmlApplicationContext prepareRefresh
INFO: Refreshing org.springframework.context.support.ClassPathXmlApplicationContext@39e97aae: startup date [Tue Oct 10 17:04:18 EDT 2017]; root of context hierarchy
Oct 10, 2017 5:04:18 PM org.springframework.beans.factory.xml.XmlBeanDefinitionReader loadBeanDefinitions
INFO: Loading XML bean definitions from class path resource [applicationContext.xml]
Oct 10, 2017 5:04:18 PM org.springframework.context.support.ClassPathXmlApplicationContext prepareRefresh
INFO: Refreshing org.springframework.context.support.ClassPathXmlApplicationContext@13b3fc5a: startup date [Tue Oct 10 17:04:18 EDT 2017]; root of context hierarchy
Oct 10, 2017 5:04:18 PM org.springframework.beans.factory.xml.XmlBeanDefinitionReader loadBeanDefinitions
INFO: Loading XML bean definitions from class path resource [applicationContext.xml]
Oct 10, 2017 5:04:18 PM org.springframework.context.support.ClassPathXmlApplicationContext prepareRefresh
INFO: Refreshing org.springframework.context.support.ClassPathXmlApplicationContext@2dd004ae: startup date [Tue Oct 10 17:04:18 EDT 2017]; root of context hierarchy
Oct 10, 2017 5:04:18 PM org.springframework.beans.factory.xml.XmlBeanDefinitionReader loadBeanDefinitions
INFO: Loading XML bean definitions from class path resource [applicationContext.xml]
Oct 10, 2017 5:04:18 PM org.springframework.context.support.ClassPathXmlApplicationContext prepareRefresh
INFO: Refreshing org.springframework.context.support.ClassPathXmlApplicationContext@5803b6f: startup date [Tue Oct 10 17:04:18 EDT 2017]; root of context hierarchy
Oct 10, 2017 5:04:18 PM org.springframework.beans.factory.xml.XmlBeanDefinitionReader loadBeanDefinitions
INFO: Loading XML bean definitions from class path resource [applicationContext.xml]
Oct 10, 2017 5:04:18 PM org.springframework.context.support.ClassPathXmlApplicationContext prepareRefresh
INFO: Refreshing org.springframework.context.support.ClassPathXmlApplicationContext@47d32df1: startup date [Tue Oct 10 17:04:18 EDT 2017]; root of context hierarchy
Oct 10, 2017 5:04:18 PM org.springframework.beans.factory.xml.XmlBeanDefinitionReader loadBeanDefinitions
INFO: Loading XML bean definitions from class path resource [applicationContext.xml]
Oct 10, 2017 5:04:18 PM org.springframework.context.support.ClassPathXmlApplicationContext prepareRefresh
INFO: Refreshing org.springframework.context.support.ClassPathXmlApplicationContext@5330fade: startup date [Tue Oct 10 17:04:18 EDT 2017]; root of context hierarchy
Oct 10, 2017 5:04:18 PM org.springframework.beans.factory.xml.XmlBeanDefinitionReader loadBeanDefinitions
INFO: Loading XML bean definitions from class path resource [applicationContext.xml]
Oct 10, 2017 5:04:18 PM org.springframework.context.support.ClassPathXmlApplicationContext prepareRefresh
INFO: Refreshing org.springframework.context.support.ClassPathXmlApplicationContext@10778178: startup date [Tue Oct 10 17:04:18 EDT 2017]; root of context hierarchy
Oct 10, 2017 5:04:18 PM org.springframework.beans.factory.xml.XmlBeanDefinitionReader loadBeanDefinitions
INFO: Loading XML bean definitions from class path resource [applicationContext.xml]
Oct 10, 2017 5:04:18 PM org.springframework.context.support.ClassPathXmlApplicationContext prepareRefresh
INFO: Refreshing org.springframework.context.support.ClassPathXmlApplicationContext@1dc18a4a: startup date [Tue Oct 10 17:04:18 EDT 2017]; root of context hierarchy
Oct 10, 2017 5:04:18 PM org.springframework.beans.factory.xml.XmlBeanDefinitionReader loadBeanDefinitions
INFO: Loading XML bean definitions from class path resource [applicationContext.xml]
Oct 10, 2017 5:04:18 PM org.springframework.context.support.ClassPathXmlApplicationContext prepareRefresh
INFO: Refreshing org.springframework.context.support.ClassPathXmlApplicationContext@542b6d3e: startup date [Tue Oct 10 17:04:18 EDT 2017]; root of context hierarchy
Oct 10, 2017 5:04:18 PM org.springframework.beans.factory.xml.XmlBeanDefinitionReader loadBeanDefinitions
INFO: Loading XML bean definitions from class path resource [applicationContext.xml]
Oct 10, 2017 5:04:18 PM org.springframework.context.support.ClassPathXmlApplicationContext prepareRefresh
INFO: Refreshing org.springframework.context.support.ClassPathXmlApplicationContext@63f69546: startup date [Tue Oct 10 17:04:18 EDT 2017]; root of context hierarchy
Oct 10, 2017 5:04:18 PM org.springframework.beans.factory.xml.XmlBeanDefinitionReader loadBeanDefinitions
INFO: Loading XML bean definitions from class path resource [applicationContext.xml]
Oct 10, 2017 5:04:18 PM org.springframework.context.support.ClassPathXmlApplicationContext prepareRefresh
INFO: Refreshing org.springframework.context.support.ClassPathXmlApplicationContext@52303a6d: startup date [Tue Oct 10 17:04:18 EDT 2017]; root of context hierarchy
Oct 10, 2017 5:04:18 PM org.springframework.beans.factory.xml.XmlBeanDefinitionReader loadBeanDefinitions
INFO: Loading XML bean definitions from class path resource [applicationContext.xml]
Oct 10, 2017 5:04:18 PM org.springframework.context.support.ClassPathXmlApplicationContext prepareRefresh
INFO: Refreshing org.springframework.context.support.ClassPathXmlApplicationContext@2fba2f34: startup date [Tue Oct 10 17:04:18 EDT 2017]; root of context hierarchy
Oct 10, 2017 5:04:18 PM org.springframework.beans.factory.xml.XmlBeanDefinitionReader loadBeanDefinitions
INFO: Loading XML bean definitions from class path resource [applicationContext.xml]
Oct 10, 2017 5:04:18 PM org.springframework.context.support.ClassPathXmlApplicationContext prepareRefresh
INFO: Refreshing org.springframework.context.support.ClassPathXmlApplicationContext@5bdb0fa: startup date [Tue Oct 10 17:04:18 EDT 2017]; root of context hierarchy
Oct 10, 2017 5:04:18 PM org.springframework.beans.factory.xml.XmlBeanDefinitionReader loadBeanDefinitions
INFO: Loading XML bean definitions from class path resource [applicationContext.xml]
Oct 10, 2017 5:04:18 PM org.springframework.context.support.ClassPathXmlApplicationContext prepareRefresh
INFO: Refreshing org.springframework.context.support.ClassPathXmlApplicationContext@1e6788ea: startup date [Tue Oct 10 17:04:18 EDT 2017]; root of context hierarchy
Oct 10, 2017 5:04:18 PM org.springframework.beans.factory.xml.XmlBeanDefinitionReader loadBeanDefinitions
INFO: Loading XML bean definitions from class path resource [applicationContext.xml]
Oct 10, 2017 5:04:18 PM org.springframework.context.support.ClassPathXmlApplicationContext prepareRefresh
INFO: Refreshing org.springframework.context.support.ClassPathXmlApplicationContext@324d0780: startup date [Tue Oct 10 17:04:18 EDT 2017]; root of context hierarchy
Oct 10, 2017 5:04:18 PM org.springframework.beans.factory.xml.XmlBeanDefinitionReader loadBeanDefinitions
INFO: Loading XML bean definitions from class path resource [applicationContext.xml]
Oct 10, 2017 5:04:18 PM org.springframework.context.support.ClassPathXmlApplicationContext prepareRefresh
INFO: Refreshing org.springframework.context.support.ClassPathXmlApplicationContext@9520a2d: startup date [Tue Oct 10 17:04:18 EDT 2017]; root of context hierarchy
Oct 10, 2017 5:04:18 PM org.springframework.beans.factory.xml.XmlBeanDefinitionReader loadBeanDefinitions
INFO: Loading XML bean definitions from class path resource [applicationContext.xml]
Oct 10, 2017 5:04:18 PM org.springframework.context.support.ClassPathXmlApplicationContext prepareRefresh
INFO: Refreshing org.springframework.context.support.ClassPathXmlApplicationContext@591588a1: startup date [Tue Oct 10 17:04:18 EDT 2017]; root of context hierarchy
Oct 10, 2017 5:04:18 PM org.springframework.beans.factory.xml.XmlBeanDefinitionReader loadBeanDefinitions
INFO: Loading XML bean definitions from class path resource [applicationContext.xml]
Oct 10, 2017 5:04:18 PM org.springframework.context.support.ClassPathXmlApplicationContext prepareRefresh
INFO: Refreshing org.springframework.context.support.ClassPathXmlApplicationContext@75f057e8: startup date [Tue Oct 10 17:04:18 EDT 2017]; root of context hierarchy
Oct 10, 2017 5:04:18 PM org.springframework.beans.factory.xml.XmlBeanDefinitionReader loadBeanDefinitions
INFO: Loading XML bean definitions from class path resource [applicationContext.xml]
Oct 10, 2017 5:04:18 PM org.springframework.context.support.ClassPathXmlApplicationContext prepareRefresh
INFO: Refreshing org.springframework.context.support.ClassPathXmlApplicationContext@46d5967d: startup date [Tue Oct 10 17:04:18 EDT 2017]; root of context hierarchy
Oct 10, 2017 5:04:18 PM org.springframework.beans.factory.xml.XmlBeanDefinitionReader loadBeanDefinitions
INFO: Loading XML bean definitions from class path resource [applicationContext.xml]
Oct 10, 2017 5:04:18 PM org.springframework.context.support.ClassPathXmlApplicationContext prepareRefresh
INFO: Refreshing org.springframework.context.support.ClassPathXmlApplicationContext@250bf204: startup date [Tue Oct 10 17:04:18 EDT 2017]; root of context hierarchy
Oct 10, 2017 5:04:18 PM org.springframework.beans.factory.xml.XmlBeanDefinitionReader loadBeanDefinitions
INFO: Loading XML bean definitions from class path resource [applicationContext.xml]
Oct 10, 2017 5:04:18 PM org.springframework.context.support.ClassPathXmlApplicationContext prepareRefresh
INFO: Refreshing org.springframework.context.support.ClassPathXmlApplicationContext@2c71d4c6: startup date [Tue Oct 10 17:04:18 EDT 2017]; root of context hierarchy
Oct 10, 2017 5:04:18 PM org.springframework.beans.factory.xml.XmlBeanDefinitionReader loadBeanDefinitions
INFO: Loading XML bean definitions from class path resource [applicationContext.xml]
Oct 10, 2017 5:04:18 PM org.springframework.context.support.ClassPathXmlApplicationContext prepareRefresh
INFO: Refreshing org.springframework.context.support.ClassPathXmlApplicationContext@4400b6f3: startup date [Tue Oct 10 17:04:18 EDT 2017]; root of context hierarchy
Oct 10, 2017 5:04:18 PM org.springframework.beans.factory.xml.XmlBeanDefinitionReader loadBeanDefinitions
INFO: Loading XML bean definitions from class path resource [applicationContext.xml]
Oct 10, 2017 5:04:18 PM org.springframework.context.support.ClassPathXmlApplicationContext prepareRefresh
INFO: Refreshing org.springframework.context.support.ClassPathXmlApplicationContext@cd22a47: startup date [Tue Oct 10 17:04:18 EDT 2017]; root of context hierarchy
Oct 10, 2017 5:04:18 PM org.springframework.beans.factory.xml.XmlBeanDefinitionReader loadBeanDefinitions
INFO: Loading XML bean definitions from class path resource [applicationContext.xml]
Oct 10, 2017 5:04:18 PM org.springframework.context.support.ClassPathXmlApplicationContext prepareRefresh
INFO: Refreshing org.springframework.context.support.ClassPathXmlApplicationContext@5f2e4370: startup date [Tue Oct 10 17:04:18 EDT 2017]; root of context hierarchy
Oct 10, 2017 5:04:18 PM org.springframework.beans.factory.xml.XmlBeanDefinitionReader loadBeanDefinitions
INFO: Loading XML bean definitions from class path resource [applicationContext.xml]
Oct 10, 2017 5:04:18 PM org.springframework.context.support.ClassPathXmlApplicationContext prepareRefresh
INFO: Refreshing org.springframework.context.support.ClassPathXmlApplicationContext@2bb9a24f: startup date [Tue Oct 10 17:04:18 EDT 2017]; root of context hierarchy
Oct 10, 2017 5:04:18 PM org.springframework.beans.factory.xml.XmlBeanDefinitionReader loadBeanDefinitions
INFO: Loading XML bean definitions from class path resource [applicationContext.xml]
Oct 10, 2017 5:04:18 PM org.springframework.context.support.ClassPathXmlApplicationContext prepareRefresh
INFO: Refreshing org.springframework.context.support.ClassPathXmlApplicationContext@320b9c62: startup date [Tue Oct 10 17:04:18 EDT 2017]; root of context hierarchy
Oct 10, 2017 5:04:18 PM org.springframework.beans.factory.xml.XmlBeanDefinitionReader loadBeanDefinitions
INFO: Loading XML bean definitions from class path resource [applicationContext.xml]
Oct 10, 2017 5:04:18 PM org.springframework.context.support.ClassPathXmlApplicationContext prepareRefresh
INFO: Refreshing org.springframework.context.support.ClassPathXmlApplicationContext@332d65b4: startup date [Tue Oct 10 17:04:18 EDT 2017]; root of context hierarchy
Oct 10, 2017 5:04:18 PM org.springframework.beans.factory.xml.XmlBeanDefinitionReader loadBeanDefinitions
INFO: Loading XML bean definitions from class path resource [applicationContext.xml]
Oct 10, 2017 5:04:18 PM org.springframework.context.support.ClassPathXmlApplicationContext prepareRefresh
INFO: Refreshing org.springframework.context.support.ClassPathXmlApplicationContext@6780ce9b: startup date [Tue Oct 10 17:04:18 EDT 2017]; root of context hierarchy
Oct 10, 2017 5:04:18 PM org.springframework.beans.factory.xml.XmlBeanDefinitionReader loadBeanDefinitions
INFO: Loading XML bean definitions from class path resource [applicationContext.xml]
Oct 10, 2017 5:04:18 PM org.springframework.context.support.ClassPathXmlApplicationContext prepareRefresh
INFO: Refreshing org.springframework.context.support.ClassPathXmlApplicationContext@792acef2: startup date [Tue Oct 10 17:04:18 EDT 2017]; root of context hierarchy
Oct 10, 2017 5:04:18 PM org.springframework.beans.factory.xml.XmlBeanDefinitionReader loadBeanDefinitions
INFO: Loading XML bean definitions from class path resource [applicationContext.xml]
Oct 10, 2017 5:04:18 PM org.springframework.context.support.ClassPathXmlApplicationContext prepareRefresh
INFO: Refreshing org.springframework.context.support.ClassPathXmlApplicationContext@cf43243: startup date [Tue Oct 10 17:04:18 EDT 2017]; root of context hierarchy
Oct 10, 2017 5:04:18 PM org.springframework.beans.factory.xml.XmlBeanDefinitionReader loadBeanDefinitions
INFO: Loading XML bean definitions from class path resource [applicationContext.xml]
Oct 10, 2017 5:04:18 PM org.springframework.context.support.ClassPathXmlApplicationContext prepareRefresh
INFO: Refreshing org.springframework.context.support.ClassPathXmlApplicationContext@46f21239: startup date [Tue Oct 10 17:04:18 EDT 2017]; root of context hierarchy
Oct 10, 2017 5:04:18 PM org.springframework.beans.factory.xml.XmlBeanDefinitionReader loadBeanDefinitions
INFO: Loading XML bean definitions from class path resource [applicationContext.xml]
Oct 10, 2017 5:04:18 PM org.springframework.context.support.ClassPathXmlApplicationContext prepareRefresh
INFO: Refreshing org.springframework.context.support.ClassPathXmlApplicationContext@70a710e0: startup date [Tue Oct 10 17:04:18 EDT 2017]; root of context hierarchy
Oct 10, 2017 5:04:18 PM org.springframework.beans.factory.xml.XmlBeanDefinitionReader loadBeanDefinitions
INFO: Loading XML bean definitions from class path resource [applicationContext.xml]
Oct 10, 2017 5:04:18 PM org.springframework.context.support.ClassPathXmlApplicationContext prepareRefresh
INFO: Refreshing org.springframework.context.support.ClassPathXmlApplicationContext@35ff148: startup date [Tue Oct 10 17:04:18 EDT 2017]; root of context hierarchy
Oct 10, 2017 5:04:18 PM org.springframework.beans.factory.xml.XmlBeanDefinitionReader loadBeanDefinitions
INFO: Loading XML bean definitions from class path resource [applicationContext.xml]
Oct 10, 2017 5:04:18 PM org.springframework.context.support.ClassPathXmlApplicationContext prepareRefresh
INFO: Refreshing org.springframework.context.support.ClassPathXmlApplicationContext@480bcb80: startup date [Tue Oct 10 17:04:18 EDT 2017]; root of context hierarchy
Oct 10, 2017 5:04:18 PM org.springframework.beans.factory.xml.XmlBeanDefinitionReader loadBeanDefinitions
INFO: Loading XML bean definitions from class path resource [applicationContext.xml]
Oct 10, 2017 5:04:18 PM org.springframework.context.support.ClassPathXmlApplicationContext prepareRefresh
INFO: Refreshing org.springframework.context.support.ClassPathXmlApplicationContext@5eb5bf5d: startup date [Tue Oct 10 17:04:18 EDT 2017]; root of context hierarchy
Oct 10, 2017 5:04:18 PM org.springframework.beans.factory.xml.XmlBeanDefinitionReader loadBeanDefinitions
INFO: Loading XML bean definitions from class path resource [applicationContext.xml]
Oct 10, 2017 5:04:18 PM org.springframework.context.support.ClassPathXmlApplicationContext prepareRefresh
INFO: Refreshing org.springframework.context.support.ClassPathXmlApplicationContext@40166330: startup date [Tue Oct 10 17:04:18 EDT 2017]; root of context hierarchy
Oct 10, 2017 5:04:18 PM org.springframework.beans.factory.xml.XmlBeanDefinitionReader loadBeanDefinitions
INFO: Loading XML bean definitions from class path resource [applicationContext.xml]
Oct 10, 2017 5:04:18 PM org.springframework.context.support.ClassPathXmlApplicationContext prepareRefresh
INFO: Refreshing org.springframework.context.support.ClassPathXmlApplicationContext@8508816: startup date [Tue Oct 10 17:04:18 EDT 2017]; root of context hierarchy
Oct 10, 2017 5:04:18 PM org.springframework.beans.factory.xml.XmlBeanDefinitionReader loadBeanDefinitions
INFO: Loading XML bean definitions from class path resource [applicationContext.xml]
Oct 10, 2017 5:04:18 PM org.springframework.context.support.ClassPathXmlApplicationContext prepareRefresh
INFO: Refreshing org.springframework.context.support.ClassPathXmlApplicationContext@4486f34d: startup date [Tue Oct 10 17:04:18 EDT 2017]; root of context hierarchy
Oct 10, 2017 5:04:18 PM org.springframework.beans.factory.xml.XmlBeanDefinitionReader loadBeanDefinitions
INFO: Loading XML bean definitions from class path resource [applicationContext.xml]
Oct 10, 2017 5:04:18 PM org.springframework.context.support.ClassPathXmlApplicationContext prepareRefresh
INFO: Refreshing org.springframework.context.support.ClassPathXmlApplicationContext@76ca7c42: startup date [Tue Oct 10 17:04:18 EDT 2017]; root of context hierarchy
Oct 10, 2017 5:04:18 PM org.springframework.beans.factory.xml.XmlBeanDefinitionReader loadBeanDefinitions
INFO: Loading XML bean definitions from class path resource [applicationContext.xml]
Oct 10, 2017 5:04:18 PM org.springframework.context.support.ClassPathXmlApplicationContext prepareRefresh
INFO: Refreshing org.springframework.context.support.ClassPathXmlApplicationContext@31ff4eea: startup date [Tue Oct 10 17:04:18 EDT 2017]; root of context hierarchy
Oct 10, 2017 5:04:18 PM org.springframework.beans.factory.xml.XmlBeanDefinitionReader loadBeanDefinitions
INFO: Loading XML bean definitions from class path resource [applicationContext.xml]
Oct 10, 2017 5:04:18 PM org.springframework.context.support.ClassPathXmlApplicationContext prepareRefresh
INFO: Refreshing org.springframework.context.support.ClassPathXmlApplicationContext@57773738: startup date [Tue Oct 10 17:04:18 EDT 2017]; root of context hierarchy
Oct 10, 2017 5:04:18 PM org.springframework.beans.factory.xml.XmlBeanDefinitionReader loadBeanDefinitions
INFO: Loading XML bean definitions from class path resource [applicationContext.xml]
Oct 10, 2017 5:04:18 PM org.springframework.context.support.ClassPathXmlApplicationContext prepareRefresh
INFO: Refreshing org.springframework.context.support.ClassPathXmlApplicationContext@5515ae45: startup date [Tue Oct 10 17:04:18 EDT 2017]; root of context hierarchy
Oct 10, 2017 5:04:18 PM org.springframework.beans.factory.xml.XmlBeanDefinitionReader loadBeanDefinitions
INFO: Loading XML bean definitions from class path resource [applicationContext.xml]
Oct 10, 2017 5:04:18 PM org.springframework.context.support.ClassPathXmlApplicationContext prepareRefresh
INFO: Refreshing org.springframework.context.support.ClassPathXmlApplicationContext@6a219d32: startup date [Tue Oct 10 17:04:18 EDT 2017]; root of context hierarchy
Oct 10, 2017 5:04:18 PM org.springframework.beans.factory.xml.XmlBeanDefinitionReader loadBeanDefinitions
INFO: Loading XML bean definitions from class path resource [applicationContext.xml]
Oct 10, 2017 5:04:18 PM org.springframework.context.support.ClassPathXmlApplicationContext prepareRefresh
INFO: Refreshing org.springframework.context.support.ClassPathXmlApplicationContext@4704151: startup date [Tue Oct 10 17:04:18 EDT 2017]; root of context hierarchy
Oct 10, 2017 5:04:18 PM org.springframework.beans.factory.xml.XmlBeanDefinitionReader loadBeanDefinitions
INFO: Loading XML bean definitions from class path resource [applicationContext.xml]
Oct 10, 2017 5:04:18 PM org.springframework.context.support.ClassPathXmlApplicationContext prepareRefresh
INFO: Refreshing org.springframework.context.support.ClassPathXmlApplicationContext@4a4086fc: startup date [Tue Oct 10 17:04:18 EDT 2017]; root of context hierarchy
Oct 10, 2017 5:04:18 PM org.springframework.beans.factory.xml.XmlBeanDefinitionReader loadBeanDefinitions
INFO: Loading XML bean definitions from class path resource [applicationContext.xml]
Oct 10, 2017 5:04:18 PM org.springframework.context.support.ClassPathXmlApplicationContext prepareRefresh
INFO: Refreshing org.springframework.context.support.ClassPathXmlApplicationContext@3fd6e33a: startup date [Tue Oct 10 17:04:18 EDT 2017]; root of context hierarchy
Oct 10, 2017 5:04:18 PM org.springframework.beans.factory.xml.XmlBeanDefinitionReader loadBeanDefinitions
INFO: Loading XML bean definitions from class path resource [applicationContext.xml]
Oct 10, 2017 5:04:18 PM org.springframework.context.support.ClassPathXmlApplicationContext prepareRefresh
INFO: Refreshing org.springframework.context.support.ClassPathXmlApplicationContext@69430c61: startup date [Tue Oct 10 17:04:18 EDT 2017]; root of context hierarchy
Oct 10, 2017 5:04:18 PM org.springframework.beans.factory.xml.XmlBeanDefinitionReader loadBeanDefinitions
INFO: Loading XML bean definitions from class path resource [applicationContext.xml]
Oct 10, 2017 5:04:18 PM org.springframework.context.support.ClassPathXmlApplicationContext prepareRefresh
INFO: Refreshing org.springframework.context.support.ClassPathXmlApplicationContext@6e91676c: startup date [Tue Oct 10 17:04:18 EDT 2017]; root of context hierarchy
Oct 10, 2017 5:04:18 PM org.springframework.beans.factory.xml.XmlBeanDefinitionReader loadBeanDefinitions
INFO: Loading XML bean definitions from class path resource [applicationContext.xml]
Oct 10, 2017 5:04:18 PM org.springframework.context.support.ClassPathXmlApplicationContext prepareRefresh
INFO: Refreshing org.springframework.context.support.ClassPathXmlApplicationContext@5dcb0a36: startup date [Tue Oct 10 17:04:18 EDT 2017]; root of context hierarchy
Oct 10, 2017 5:04:18 PM org.springframework.beans.factory.xml.XmlBeanDefinitionReader loadBeanDefinitions
INFO: Loading XML bean definitions from class path resource [applicationContext.xml]
Oct 10, 2017 5:04:18 PM org.springframework.context.support.ClassPathXmlApplicationContext prepareRefresh
INFO: Refreshing org.springframework.context.support.ClassPathXmlApplicationContext@498042ba: startup date [Tue Oct 10 17:04:18 EDT 2017]; root of context hierarchy
Oct 10, 2017 5:04:18 PM org.springframework.beans.factory.xml.XmlBeanDefinitionReader loadBeanDefinitions
INFO: Loading XML bean definitions from class path resource [applicationContext.xml]
Oct 10, 2017 5:04:18 PM org.springframework.context.support.ClassPathXmlApplicationContext prepareRefresh
INFO: Refreshing org.springframework.context.support.ClassPathXmlApplicationContext@44eae75a: startup date [Tue Oct 10 17:04:18 EDT 2017]; root of context hierarchy
Oct 10, 2017 5:04:18 PM org.springframework.beans.factory.xml.XmlBeanDefinitionReader loadBeanDefinitions
INFO: Loading XML bean definitions from class path resource [applicationContext.xml]
Oct 10, 2017 5:04:18 PM org.springframework.context.support.ClassPathXmlApplicationContext prepareRefresh
INFO: Refreshing org.springframework.context.support.ClassPathXmlApplicationContext@171c0e89: startup date [Tue Oct 10 17:04:18 EDT 2017]; root of context hierarchy
Oct 10, 2017 5:04:18 PM org.springframework.beans.factory.xml.XmlBeanDefinitionReader loadBeanDefinitions
INFO: Loading XML bean definitions from class path resource [applicationContext.xml]
Oct 10, 2017 5:04:18 PM org.springframework.context.support.ClassPathXmlApplicationContext prepareRefresh
INFO: Refreshing org.springframework.context.support.ClassPathXmlApplicationContext@3dbdde8d: startup date [Tue Oct 10 17:04:18 EDT 2017]; root of context hierarchy
Oct 10, 2017 5:04:18 PM org.springframework.beans.factory.xml.XmlBeanDefinitionReader loadBeanDefinitions
INFO: Loading XML bean definitions from class path resource [applicationContext.xml]
Oct 10, 2017 5:04:18 PM org.springframework.context.support.ClassPathXmlApplicationContext prepareRefresh
INFO: Refreshing org.springframework.context.support.ClassPathXmlApplicationContext@3a91ff7b: startup date [Tue Oct 10 17:04:18 EDT 2017]; root of context hierarchy
Oct 10, 2017 5:04:18 PM org.springframework.beans.factory.xml.XmlBeanDefinitionReader loadBeanDefinitions
INFO: Loading XML bean definitions from class path resource [applicationContext.xml]
Oct 10, 2017 5:04:18 PM org.springframework.context.support.ClassPathXmlApplicationContext prepareRefresh
INFO: Refreshing org.springframework.context.support.ClassPathXmlApplicationContext@53ca7e65: startup date [Tue Oct 10 17:04:18 EDT 2017]; root of context hierarchy
Oct 10, 2017 5:04:18 PM org.springframework.beans.factory.xml.XmlBeanDefinitionReader loadBeanDefinitions
INFO: Loading XML bean definitions from class path resource [applicationContext.xml]
Oct 10, 2017 5:04:18 PM org.springframework.context.support.ClassPathXmlApplicationContext prepareRefresh
INFO: Refreshing org.springframework.context.support.ClassPathXmlApplicationContext@234ff23c: startup date [Tue Oct 10 17:04:18 EDT 2017]; root of context hierarchy
Oct 10, 2017 5:04:18 PM org.springframework.beans.factory.xml.XmlBeanDefinitionReader loadBeanDefinitions
INFO: Loading XML bean definitions from class path resource [applicationContext.xml]
Oct 10, 2017 5:04:18 PM org.springframework.context.support.ClassPathXmlApplicationContext prepareRefresh
INFO: Refreshing org.springframework.context.support.ClassPathXmlApplicationContext@243052f3: startup date [Tue Oct 10 17:04:18 EDT 2017]; root of context hierarchy
Oct 10, 2017 5:04:18 PM org.springframework.beans.factory.xml.XmlBeanDefinitionReader loadBeanDefinitions
INFO: Loading XML bean definitions from class path resource [applicationContext.xml]
Oct 10, 2017 5:04:18 PM org.springframework.context.support.ClassPathXmlApplicationContext prepareRefresh
INFO: Refreshing org.springframework.context.support.ClassPathXmlApplicationContext@ce3f5ee: startup date [Tue Oct 10 17:04:18 EDT 2017]; root of context hierarchy
Oct 10, 2017 5:04:18 PM org.springframework.beans.factory.xml.XmlBeanDefinitionReader loadBeanDefinitions
INFO: Loading XML bean definitions from class path resource [applicationContext.xml]
Oct 10, 2017 5:04:18 PM org.springframework.context.support.ClassPathXmlApplicationContext prepareRefresh
INFO: Refreshing org.springframework.context.support.ClassPathXmlApplicationContext@4a1a5449: startup date [Tue Oct 10 17:04:18 EDT 2017]; root of context hierarchy
Oct 10, 2017 5:04:18 PM org.springframework.beans.factory.xml.XmlBeanDefinitionReader loadBeanDefinitions
INFO: Loading XML bean definitions from class path resource [applicationContext.xml]
Oct 10, 2017 5:04:19 PM org.springframework.context.support.ClassPathXmlApplicationContext prepareRefresh
INFO: Refreshing org.springframework.context.support.ClassPathXmlApplicationContext@519b0310: startup date [Tue Oct 10 17:04:18 EDT 2017]; root of context hierarchy
Oct 10, 2017 5:04:19 PM org.springframework.beans.factory.xml.XmlBeanDefinitionReader loadBeanDefinitions
INFO: Loading XML bean definitions from class path resource [applicationContext.xml]
Oct 10, 2017 5:04:19 PM org.springframework.context.support.ClassPathXmlApplicationContext prepareRefresh
INFO: Refreshing org.springframework.context.support.ClassPathXmlApplicationContext@26a702d7: startup date [Tue Oct 10 17:04:19 EDT 2017]; root of context hierarchy
Oct 10, 2017 5:04:19 PM org.springframework.beans.factory.xml.XmlBeanDefinitionReader loadBeanDefinitions
INFO: Loading XML bean definitions from class path resource [applicationContext.xml]
Oct 10, 2017 5:04:19 PM org.springframework.context.support.ClassPathXmlApplicationContext prepareRefresh
INFO: Refreshing org.springframework.context.support.ClassPathXmlApplicationContext@7634ff8a: startup date [Tue Oct 10 17:04:19 EDT 2017]; root of context hierarchy
Oct 10, 2017 5:04:19 PM org.springframework.beans.factory.xml.XmlBeanDefinitionReader loadBeanDefinitions
INFO: Loading XML bean definitions from class path resource [applicationContext.xml]
Oct 10, 2017 5:04:19 PM org.springframework.context.support.ClassPathXmlApplicationContext prepareRefresh
INFO: Refreshing org.springframework.context.support.ClassPathXmlApplicationContext@a58d7f8: startup date [Tue Oct 10 17:04:19 EDT 2017]; root of context hierarchy
Oct 10, 2017 5:04:19 PM org.springframework.beans.factory.xml.XmlBeanDefinitionReader loadBeanDefinitions
INFO: Loading XML bean definitions from class path resource [applicationContext.xml]
Oct 10, 2017 5:04:19 PM org.springframework.context.support.ClassPathXmlApplicationContext prepareRefresh
INFO: Refreshing org.springframework.context.support.ClassPathXmlApplicationContext@57a6e3c0: startup date [Tue Oct 10 17:04:19 EDT 2017]; root of context hierarchy
Oct 10, 2017 5:04:19 PM org.springframework.beans.factory.xml.XmlBeanDefinitionReader loadBeanDefinitions
INFO: Loading XML bean definitions from class path resource [applicationContext.xml]
Oct 10, 2017 5:04:19 PM org.springframework.context.support.ClassPathXmlApplicationContext prepareRefresh
INFO: Refreshing org.springframework.context.support.ClassPathXmlApplicationContext@10f8c586: startup date [Tue Oct 10 17:04:19 EDT 2017]; root of context hierarchy
Oct 10, 2017 5:04:19 PM org.springframework.beans.factory.xml.XmlBeanDefinitionReader loadBeanDefinitions
INFO: Loading XML bean definitions from class path resource [applicationContext.xml]
Oct 10, 2017 5:04:19 PM org.springframework.context.support.ClassPathXmlApplicationContext prepareRefresh
INFO: Refreshing org.springframework.context.support.ClassPathXmlApplicationContext@1ba7e837: startup date [Tue Oct 10 17:04:19 EDT 2017]; root of context hierarchy
Oct 10, 2017 5:04:19 PM org.springframework.beans.factory.xml.XmlBeanDefinitionReader loadBeanDefinitions
INFO: Loading XML bean definitions from class path resource [applicationContext.xml]
Oct 10, 2017 5:04:19 PM org.springframework.context.support.ClassPathXmlApplicationContext prepareRefresh
INFO: Refreshing org.springframework.context.support.ClassPathXmlApplicationContext@34efd454: startup date [Tue Oct 10 17:04:19 EDT 2017]; root of context hierarchy
Oct 10, 2017 5:04:19 PM org.springframework.beans.factory.xml.XmlBeanDefinitionReader loadBeanDefinitions
INFO: Loading XML bean definitions from class path resource [applicationContext.xml]
Oct 10, 2017 5:04:19 PM org.springframework.context.support.ClassPathXmlApplicationContext prepareRefresh
INFO: Refreshing org.springframework.context.support.ClassPathXmlApplicationContext@765a19fe: startup date [Tue Oct 10 17:04:19 EDT 2017]; root of context hierarchy
Oct 10, 2017 5:04:19 PM org.springframework.beans.factory.xml.XmlBeanDefinitionReader loadBeanDefinitions
INFO: Loading XML bean definitions from class path resource [applicationContext.xml]
Oct 10, 2017 5:04:19 PM org.springframework.context.support.ClassPathXmlApplicationContext prepareRefresh
INFO: Refreshing org.springframework.context.support.ClassPathXmlApplicationContext@12bdd7f3: startup date [Tue Oct 10 17:04:19 EDT 2017]; root of context hierarchy
Oct 10, 2017 5:04:19 PM org.springframework.beans.factory.xml.XmlBeanDefinitionReader loadBeanDefinitions
INFO: Loading XML bean definitions from class path resource [applicationContext.xml]
Oct 10, 2017 5:04:19 PM org.springframework.context.support.ClassPathXmlApplicationContext prepareRefresh
INFO: Refreshing org.springframework.context.support.ClassPathXmlApplicationContext@6a834dc1: startup date [Tue Oct 10 17:04:19 EDT 2017]; root of context hierarchy
Oct 10, 2017 5:04:19 PM org.springframework.beans.factory.xml.XmlBeanDefinitionReader loadBeanDefinitions
INFO: Loading XML bean definitions from class path resource [applicationContext.xml]
Oct 10, 2017 5:04:19 PM org.springframework.context.support.ClassPathXmlApplicationContext prepareRefresh
INFO: Refreshing org.springframework.context.support.ClassPathXmlApplicationContext@757ceefd: startup date [Tue Oct 10 17:04:19 EDT 2017]; root of context hierarchy
Oct 10, 2017 5:04:19 PM org.springframework.beans.factory.xml.XmlBeanDefinitionReader loadBeanDefinitions
INFO: Loading XML bean definitions from class path resource [applicationContext.xml]
Oct 10, 2017 5:04:19 PM org.springframework.context.support.ClassPathXmlApplicationContext prepareRefresh
INFO: Refreshing org.springframework.context.support.ClassPathXmlApplicationContext@b836245: startup date [Tue Oct 10 17:04:19 EDT 2017]; root of context hierarchy
Oct 10, 2017 5:04:19 PM org.springframework.beans.factory.xml.XmlBeanDefinitionReader loadBeanDefinitions
INFO: Loading XML bean definitions from class path resource [applicationContext.xml]
Oct 10, 2017 5:04:19 PM org.springframework.context.support.ClassPathXmlApplicationContext prepareRefresh
INFO: Refreshing org.springframework.context.support.ClassPathXmlApplicationContext@8a707e3: startup date [Tue Oct 10 17:04:19 EDT 2017]; root of context hierarchy
Oct 10, 2017 5:04:19 PM org.springframework.beans.factory.xml.XmlBeanDefinitionReader loadBeanDefinitions
INFO: Loading XML bean definitions from class path resource [applicationContext.xml]
Oct 10, 2017 5:04:19 PM org.springframework.context.support.ClassPathXmlApplicationContext prepareRefresh
INFO: Refreshing org.springframework.context.support.ClassPathXmlApplicationContext@40736dc9: startup date [Tue Oct 10 17:04:19 EDT 2017]; root of context hierarchy
Oct 10, 2017 5:04:19 PM org.springframework.beans.factory.xml.XmlBeanDefinitionReader loadBeanDefinitions
INFO: Loading XML bean definitions from class path resource [applicationContext.xml]
Oct 10, 2017 5:04:19 PM org.springframework.context.support.ClassPathXmlApplicationContext prepareRefresh
INFO: Refreshing org.springframework.context.support.ClassPathXmlApplicationContext@218bac29: startup date [Tue Oct 10 17:04:19 EDT 2017]; root of context hierarchy
Oct 10, 2017 5:04:19 PM org.springframework.beans.factory.xml.XmlBeanDefinitionReader loadBeanDefinitions
INFO: Loading XML bean definitions from class path resource [applicationContext.xml]
Oct 10, 2017 5:04:19 PM org.springframework.context.support.ClassPathXmlApplicationContext prepareRefresh
INFO: Refreshing org.springframework.context.support.ClassPathXmlApplicationContext@ff9e95d: startup date [Tue Oct 10 17:04:19 EDT 2017]; root of context hierarchy
Oct 10, 2017 5:04:19 PM org.springframework.beans.factory.xml.XmlBeanDefinitionReader loadBeanDefinitions
INFO: Loading XML bean definitions from class path resource [applicationContext.xml]
Oct 10, 2017 5:04:19 PM org.springframework.context.support.ClassPathXmlApplicationContext prepareRefresh
INFO: Refreshing org.springframework.context.support.ClassPathXmlApplicationContext@8be0c28: startup date [Tue Oct 10 17:04:19 EDT 2017]; root of context hierarchy
Oct 10, 2017 5:04:19 PM org.springframework.beans.factory.xml.XmlBeanDefinitionReader loadBeanDefinitions
INFO: Loading XML bean definitions from class path resource [applicationContext.xml]
Oct 10, 2017 5:04:19 PM org.springframework.context.support.ClassPathXmlApplicationContext prepareRefresh
INFO: Refreshing org.springframework.context.support.ClassPathXmlApplicationContext@6d0c1ee5: startup date [Tue Oct 10 17:04:19 EDT 2017]; root of context hierarchy
Oct 10, 2017 5:04:19 PM org.springframework.beans.factory.xml.XmlBeanDefinitionReader loadBeanDefinitions
INFO: Loading XML bean definitions from class path resource [applicationContext.xml]
Oct 10, 2017 5:04:19 PM org.springframework.context.support.ClassPathXmlApplicationContext prepareRefresh
INFO: Refreshing org.springframework.context.support.ClassPathXmlApplicationContext@2e8608c2: startup date [Tue Oct 10 17:04:19 EDT 2017]; root of context hierarchy
Oct 10, 2017 5:04:19 PM org.springframework.beans.factory.xml.XmlBeanDefinitionReader loadBeanDefinitions
INFO: Loading XML bean definitions from class path resource [applicationContext.xml]
Oct 10, 2017 5:04:19 PM org.springframework.context.support.ClassPathXmlApplicationContext prepareRefresh
INFO: Refreshing org.springframework.context.support.ClassPathXmlApplicationContext@20ddd34a: startup date [Tue Oct 10 17:04:19 EDT 2017]; root of context hierarchy
Oct 10, 2017 5:04:19 PM org.springframework.beans.factory.xml.XmlBeanDefinitionReader loadBeanDefinitions
INFO: Loading XML bean definitions from class path resource [applicationContext.xml]
Oct 10, 2017 5:04:19 PM org.springframework.context.support.ClassPathXmlApplicationContext prepareRefresh
INFO: Refreshing org.springframework.context.support.ClassPathXmlApplicationContext@4eba5e: startup date [Tue Oct 10 17:04:19 EDT 2017]; root of context hierarchy
Oct 10, 2017 5:04:19 PM org.springframework.beans.factory.xml.XmlBeanDefinitionReader loadBeanDefinitions
INFO: Loading XML bean definitions from class path resource [applicationContext.xml]
Oct 10, 2017 5:04:19 PM org.springframework.context.support.ClassPathXmlApplicationContext prepareRefresh
INFO: Refreshing org.springframework.context.support.ClassPathXmlApplicationContext@553eab9d: startup date [Tue Oct 10 17:04:19 EDT 2017]; root of context hierarchy
Oct 10, 2017 5:04:19 PM org.springframework.beans.factory.xml.XmlBeanDefinitionReader loadBeanDefinitions
INFO: Loading XML bean definitions from class path resource [applicationContext.xml]
Oct 10, 2017 5:04:19 PM org.springframework.context.support.ClassPathXmlApplicationContext prepareRefresh
INFO: Refreshing org.springframework.context.support.ClassPathXmlApplicationContext@7609e1e8: startup date [Tue Oct 10 17:04:19 EDT 2017]; root of context hierarchy
Oct 10, 2017 5:04:19 PM org.springframework.beans.factory.xml.XmlBeanDefinitionReader loadBeanDefinitions
INFO: Loading XML bean definitions from class path resource [applicationContext.xml]
Oct 10, 2017 5:04:19 PM org.springframework.context.support.ClassPathXmlApplicationContext prepareRefresh
INFO: Refreshing org.springframework.context.support.ClassPathXmlApplicationContext@63fb6186: startup date [Tue Oct 10 17:04:19 EDT 2017]; root of context hierarchy
Oct 10, 2017 5:04:19 PM org.springframework.beans.factory.xml.XmlBeanDefinitionReader loadBeanDefinitions
INFO: Loading XML bean definitions from class path resource [applicationContext.xml]
Oct 10, 2017 5:04:19 PM org.springframework.context.support.ClassPathXmlApplicationContext prepareRefresh
INFO: Refreshing org.springframework.context.support.ClassPathXmlApplicationContext@26bfc7e7: startup date [Tue Oct 10 17:04:19 EDT 2017]; root of context hierarchy
Oct 10, 2017 5:04:19 PM org.springframework.beans.factory.xml.XmlBeanDefinitionReader loadBeanDefinitions
INFO: Loading XML bean definitions from class path resource [applicationContext.xml]
Oct 10, 2017 5:04:19 PM org.springframework.context.support.ClassPathXmlApplicationContext prepareRefresh
INFO: Refreshing org.springframework.context.support.ClassPathXmlApplicationContext@76a85bbc: startup date [Tue Oct 10 17:04:19 EDT 2017]; root of context hierarchy
Oct 10, 2017 5:04:19 PM org.springframework.beans.factory.xml.XmlBeanDefinitionReader loadBeanDefinitions
INFO: Loading XML bean definitions from class path resource [applicationContext.xml]
Oct 10, 2017 5:04:19 PM org.springframework.context.support.ClassPathXmlApplicationContext prepareRefresh
INFO: Refreshing org.springframework.context.support.ClassPathXmlApplicationContext@435535ed: startup date [Tue Oct 10 17:04:19 EDT 2017]; root of context hierarchy
Oct 10, 2017 5:04:19 PM org.springframework.beans.factory.xml.XmlBeanDefinitionReader loadBeanDefinitions
INFO: Loading XML bean definitions from class path resource [applicationContext.xml]
Oct 10, 2017 5:04:19 PM org.springframework.context.support.ClassPathXmlApplicationContext prepareRefresh
INFO: Refreshing org.springframework.context.support.ClassPathXmlApplicationContext@1ecf4ce6: startup date [Tue Oct 10 17:04:19 EDT 2017]; root of context hierarchy
Oct 10, 2017 5:04:19 PM org.springframework.beans.factory.xml.XmlBeanDefinitionReader loadBeanDefinitions
INFO: Loading XML bean definitions from class path resource [applicationContext.xml]
Oct 10, 2017 5:04:19 PM org.springframework.context.support.ClassPathXmlApplicationContext prepareRefresh
INFO: Refreshing org.springframework.context.support.ClassPathXmlApplicationContext@662490cf: startup date [Tue Oct 10 17:04:19 EDT 2017]; root of context hierarchy
Oct 10, 2017 5:04:19 PM org.springframework.beans.factory.xml.XmlBeanDefinitionReader loadBeanDefinitions
INFO: Loading XML bean definitions from class path resource [applicationContext.xml]
Oct 10, 2017 5:04:19 PM org.springframework.context.support.ClassPathXmlApplicationContext prepareRefresh
INFO: Refreshing org.springframework.context.support.ClassPathXmlApplicationContext@27673f40: startup date [Tue Oct 10 17:04:19 EDT 2017]; root of context hierarchy
Oct 10, 2017 5:04:19 PM org.springframework.beans.factory.xml.XmlBeanDefinitionReader loadBeanDefinitions
INFO: Loading XML bean definitions from class path resource [applicationContext.xml]
Oct 10, 2017 5:04:19 PM org.springframework.context.support.ClassPathXmlApplicationContext prepareRefresh
INFO: Refreshing org.springframework.context.support.ClassPathXmlApplicationContext@2d6fd73c: startup date [Tue Oct 10 17:04:19 EDT 2017]; root of context hierarchy
Oct 10, 2017 5:04:19 PM org.springframework.beans.factory.xml.XmlBeanDefinitionReader loadBeanDefinitions
INFO: Loading XML bean definitions from class path resource [applicationContext.xml]
Oct 10, 2017 5:04:19 PM org.springframework.context.support.ClassPathXmlApplicationContext prepareRefresh
INFO: Refreshing org.springframework.context.support.ClassPathXmlApplicationContext@7304865: startup date [Tue Oct 10 17:04:19 EDT 2017]; root of context hierarchy
Oct 10, 2017 5:04:19 PM org.springframework.beans.factory.xml.XmlBeanDefinitionReader loadBeanDefinitions
INFO: Loading XML bean definitions from class path resource [applicationContext.xml]
Oct 10, 2017 5:04:19 PM org.springframework.context.support.ClassPathXmlApplicationContext prepareRefresh
INFO: Refreshing org.springframework.context.support.ClassPathXmlApplicationContext@5487b744: startup date [Tue Oct 10 17:04:19 EDT 2017]; root of context hierarchy
Oct 10, 2017 5:04:19 PM org.springframework.beans.factory.xml.XmlBeanDefinitionReader loadBeanDefinitions
INFO: Loading XML bean definitions from class path resource [applicationContext.xml]
Oct 10, 2017 5:04:19 PM org.springframework.context.support.ClassPathXmlApplicationContext prepareRefresh
INFO: Refreshing org.springframework.context.support.ClassPathXmlApplicationContext@3eb2ada4: startup date [Tue Oct 10 17:04:19 EDT 2017]; root of context hierarchy
Oct 10, 2017 5:04:19 PM org.springframework.beans.factory.xml.XmlBeanDefinitionReader loadBeanDefinitions
INFO: Loading XML bean definitions from class path resource [applicationContext.xml]
Oct 10, 2017 5:04:19 PM org.springframework.context.support.ClassPathXmlApplicationContext prepareRefresh
INFO: Refreshing org.springframework.context.support.ClassPathXmlApplicationContext@5ff8b0df: startup date [Tue Oct 10 17:04:19 EDT 2017]; root of context hierarchy
Oct 10, 2017 5:04:19 PM org.springframework.beans.factory.xml.XmlBeanDefinitionReader loadBeanDefinitions
INFO: Loading XML bean definitions from class path resource [applicationContext.xml]
Oct 10, 2017 5:04:19 PM org.springframework.context.support.ClassPathXmlApplicationContext prepareRefresh
INFO: Refreshing org.springframework.context.support.ClassPathXmlApplicationContext@9d0f5fb: startup date [Tue Oct 10 17:04:19 EDT 2017]; root of context hierarchy
Oct 10, 2017 5:04:19 PM org.springframework.beans.factory.xml.XmlBeanDefinitionReader loadBeanDefinitions
INFO: Loading XML bean definitions from class path resource [applicationContext.xml]
Oct 10, 2017 5:04:19 PM org.springframework.context.support.ClassPathXmlApplicationContext prepareRefresh
INFO: Refreshing org.springframework.context.support.ClassPathXmlApplicationContext@1d13236: startup date [Tue Oct 10 17:04:19 EDT 2017]; root of context hierarchy
Oct 10, 2017 5:04:19 PM org.springframework.beans.factory.xml.XmlBeanDefinitionReader loadBeanDefinitions
INFO: Loading XML bean definitions from class path resource [applicationContext.xml]
Oct 10, 2017 5:04:19 PM org.springframework.context.support.ClassPathXmlApplicationContext prepareRefresh
INFO: Refreshing org.springframework.context.support.ClassPathXmlApplicationContext@991c667: startup date [Tue Oct 10 17:04:19 EDT 2017]; root of context hierarchy
Oct 10, 2017 5:04:19 PM org.springframework.beans.factory.xml.XmlBeanDefinitionReader loadBeanDefinitions
INFO: Loading XML bean definitions from class path resource [applicationContext.xml]
Oct 10, 2017 5:04:19 PM org.springframework.context.support.ClassPathXmlApplicationContext prepareRefresh
INFO: Refreshing org.springframework.context.support.ClassPathXmlApplicationContext@4df82812: startup date [Tue Oct 10 17:04:19 EDT 2017]; root of context hierarchy
Oct 10, 2017 5:04:19 PM org.springframework.beans.factory.xml.XmlBeanDefinitionReader loadBeanDefinitions
INFO: Loading XML bean definitions from class path resource [applicationContext.xml]
Oct 10, 2017 5:04:19 PM org.springframework.context.support.ClassPathXmlApplicationContext prepareRefresh
INFO: Refreshing org.springframework.context.support.ClassPathXmlApplicationContext@255d9896: startup date [Tue Oct 10 17:04:19 EDT 2017]; root of context hierarchy
Oct 10, 2017 5:04:19 PM org.springframework.beans.factory.xml.XmlBeanDefinitionReader loadBeanDefinitions
INFO: Loading XML bean definitions from class path resource [applicationContext.xml]
Oct 10, 2017 5:04:19 PM org.springframework.context.support.ClassPathXmlApplicationContext prepareRefresh
INFO: Refreshing org.springframework.context.support.ClassPathXmlApplicationContext@6f09877b: startup date [Tue Oct 10 17:04:19 EDT 2017]; root of context hierarchy
Oct 10, 2017 5:04:19 PM org.springframework.beans.factory.xml.XmlBeanDefinitionReader loadBeanDefinitions
INFO: Loading XML bean definitions from class path resource [applicationContext.xml]
Oct 10, 2017 5:04:19 PM org.springframework.context.support.ClassPathXmlApplicationContext prepareRefresh
INFO: Refreshing org.springframework.context.support.ClassPathXmlApplicationContext@6bdf00fc: startup date [Tue Oct 10 17:04:19 EDT 2017]; root of context hierarchy
Oct 10, 2017 5:04:19 PM org.springframework.beans.factory.xml.XmlBeanDefinitionReader loadBeanDefinitions
INFO: Loading XML bean definitions from class path resource [applicationContext.xml]
Oct 10, 2017 5:04:19 PM org.springframework.context.support.ClassPathXmlApplicationContext prepareRefresh
INFO: Refreshing org.springframework.context.support.ClassPathXmlApplicationContext@5d1bca4d: startup date [Tue Oct 10 17:04:19 EDT 2017]; root of context hierarchy
Oct 10, 2017 5:04:19 PM org.springframework.beans.factory.xml.XmlBeanDefinitionReader loadBeanDefinitions
INFO: Loading XML bean definitions from class path resource [applicationContext.xml]
Oct 10, 2017 5:04:19 PM org.springframework.context.support.ClassPathXmlApplicationContext prepareRefresh
INFO: Refreshing org.springframework.context.support.ClassPathXmlApplicationContext@4be120c7: startup date [Tue Oct 10 17:04:19 EDT 2017]; root of context hierarchy
Oct 10, 2017 5:04:19 PM org.springframework.beans.factory.xml.XmlBeanDefinitionReader loadBeanDefinitions
INFO: Loading XML bean definitions from class path resource [applicationContext.xml]
Oct 10, 2017 5:04:19 PM org.springframework.context.support.ClassPathXmlApplicationContext prepareRefresh
INFO: Refreshing org.springframework.context.support.ClassPathXmlApplicationContext@3373c42e: startup date [Tue Oct 10 17:04:19 EDT 2017]; root of context hierarchy
Oct 10, 2017 5:04:19 PM org.springframework.beans.factory.xml.XmlBeanDefinitionReader loadBeanDefinitions
INFO: Loading XML bean definitions from class path resource [applicationContext.xml]
Oct 10, 2017 5:04:19 PM org.springframework.context.support.ClassPathXmlApplicationContext prepareRefresh
INFO: Refreshing org.springframework.context.support.ClassPathXmlApplicationContext@23d9ab5e: startup date [Tue Oct 10 17:04:19 EDT 2017]; root of context hierarchy
Oct 10, 2017 5:04:19 PM org.springframework.beans.factory.xml.XmlBeanDefinitionReader loadBeanDefinitions
INFO: Loading XML bean definitions from class path resource [applicationContext.xml]
Oct 10, 2017 5:04:19 PM org.springframework.context.support.ClassPathXmlApplicationContext prepareRefresh
INFO: Refreshing org.springframework.context.support.ClassPathXmlApplicationContext@61dcf582: startup date [Tue Oct 10 17:04:19 EDT 2017]; root of context hierarchy
Oct 10, 2017 5:04:19 PM org.springframework.beans.factory.xml.XmlBeanDefinitionReader loadBeanDefinitions
INFO: Loading XML bean definitions from class path resource [applicationContext.xml]
Oct 10, 2017 5:04:19 PM org.springframework.context.support.ClassPathXmlApplicationContext prepareRefresh
INFO: Refreshing org.springframework.context.support.ClassPathXmlApplicationContext@6f550c44: startup date [Tue Oct 10 17:04:19 EDT 2017]; root of context hierarchy
Oct 10, 2017 5:04:19 PM org.springframework.beans.factory.xml.XmlBeanDefinitionReader loadBeanDefinitions
INFO: Loading XML bean definitions from class path resource [applicationContext.xml]
Oct 10, 2017 5:04:19 PM org.springframework.context.support.ClassPathXmlApplicationContext prepareRefresh
INFO: Refreshing org.springframework.context.support.ClassPathXmlApplicationContext@3209d497: startup date [Tue Oct 10 17:04:19 EDT 2017]; root of context hierarchy
Oct 10, 2017 5:04:19 PM org.springframework.beans.factory.xml.XmlBeanDefinitionReader loadBeanDefinitions
INFO: Loading XML bean definitions from class path resource [applicationContext.xml]
Oct 10, 2017 5:04:19 PM org.springframework.context.support.ClassPathXmlApplicationContext prepareRefresh
INFO: Refreshing org.springframework.context.support.ClassPathXmlApplicationContext@4bb31f48: startup date [Tue Oct 10 17:04:19 EDT 2017]; root of context hierarchy
Oct 10, 2017 5:04:19 PM org.springframework.beans.factory.xml.XmlBeanDefinitionReader loadBeanDefinitions
INFO: Loading XML bean definitions from class path resource [applicationContext.xml]
Oct 10, 2017 5:04:19 PM org.springframework.context.support.ClassPathXmlApplicationContext prepareRefresh
INFO: Refreshing org.springframework.context.support.ClassPathXmlApplicationContext@3529dcc: startup date [Tue Oct 10 17:04:19 EDT 2017]; root of context hierarchy
Oct 10, 2017 5:04:19 PM org.springframework.beans.factory.xml.XmlBeanDefinitionReader loadBeanDefinitions
INFO: Loading XML bean definitions from class path resource [applicationContext.xml]
Oct 10, 2017 5:04:19 PM org.springframework.context.support.ClassPathXmlApplicationContext prepareRefresh
INFO: Refreshing org.springframework.context.support.ClassPathXmlApplicationContext@4ee1912d: startup date [Tue Oct 10 17:04:19 EDT 2017]; root of context hierarchy
Oct 10, 2017 5:04:19 PM org.springframework.beans.factory.xml.XmlBeanDefinitionReader loadBeanDefinitions
INFO: Loading XML bean definitions from class path resource [applicationContext.xml]
Oct 10, 2017 5:04:19 PM org.springframework.context.support.ClassPathXmlApplicationContext prepareRefresh
INFO: Refreshing org.springframework.context.support.ClassPathXmlApplicationContext@10990c5b: startup date [Tue Oct 10 17:04:19 EDT 2017]; root of context hierarchy
Oct 10, 2017 5:04:19 PM org.springframework.beans.factory.xml.XmlBeanDefinitionReader loadBeanDefinitions
INFO: Loading XML bean definitions from class path resource [applicationContext.xml]
Oct 10, 2017 5:04:19 PM org.springframework.context.support.ClassPathXmlApplicationContext prepareRefresh
INFO: Refreshing org.springframework.context.support.ClassPathXmlApplicationContext@3b85cd17: startup date [Tue Oct 10 17:04:19 EDT 2017]; root of context hierarchy
Oct 10, 2017 5:04:19 PM org.springframework.beans.factory.xml.XmlBeanDefinitionReader loadBeanDefinitions
INFO: Loading XML bean definitions from class path resource [applicationContext.xml]
Oct 10, 2017 5:04:19 PM org.springframework.context.support.ClassPathXmlApplicationContext prepareRefresh
INFO: Refreshing org.springframework.context.support.ClassPathXmlApplicationContext@461fcdef: startup date [Tue Oct 10 17:04:19 EDT 2017]; root of context hierarchy
Oct 10, 2017 5:04:19 PM org.springframework.beans.factory.xml.XmlBeanDefinitionReader loadBeanDefinitions
INFO: Loading XML bean definitions from class path resource [applicationContext.xml]
Oct 10, 2017 5:04:19 PM org.springframework.context.support.ClassPathXmlApplicationContext prepareRefresh
INFO: Refreshing org.springframework.context.support.ClassPathXmlApplicationContext@6a37e951: startup date [Tue Oct 10 17:04:19 EDT 2017]; root of context hierarchy
Oct 10, 2017 5:04:19 PM org.springframework.beans.factory.xml.XmlBeanDefinitionReader loadBeanDefinitions
INFO: Loading XML bean definitions from class path resource [applicationContext.xml]
Oct 10, 2017 5:04:19 PM org.springframework.context.support.ClassPathXmlApplicationContext prepareRefresh
INFO: Refreshing org.springframework.context.support.ClassPathXmlApplicationContext@289828f2: startup date [Tue Oct 10 17:04:19 EDT 2017]; root of context hierarchy
Oct 10, 2017 5:04:19 PM org.springframework.beans.factory.xml.XmlBeanDefinitionReader loadBeanDefinitions
INFO: Loading XML bean definitions from class path resource [applicationContext.xml]
Oct 10, 2017 5:04:19 PM org.springframework.context.support.ClassPathXmlApplicationContext prepareRefresh
INFO: Refreshing org.springframework.context.support.ClassPathXmlApplicationContext@707b4f18: startup date [Tue Oct 10 17:04:19 EDT 2017]; root of context hierarchy
Oct 10, 2017 5:04:19 PM org.springframework.beans.factory.xml.XmlBeanDefinitionReader loadBeanDefinitions
INFO: Loading XML bean definitions from class path resource [applicationContext.xml]
Oct 10, 2017 5:04:19 PM org.springframework.context.support.ClassPathXmlApplicationContext prepareRefresh
INFO: Refreshing org.springframework.context.support.ClassPathXmlApplicationContext@2e6d943e: startup date [Tue Oct 10 17:04:19 EDT 2017]; root of context hierarchy
Oct 10, 2017 5:04:19 PM org.springframework.beans.factory.xml.XmlBeanDefinitionReader loadBeanDefinitions
INFO: Loading XML bean definitions from class path resource [applicationContext.xml]
Oct 10, 2017 5:04:20 PM org.springframework.context.support.ClassPathXmlApplicationContext prepareRefresh
INFO: Refreshing org.springframework.context.support.ClassPathXmlApplicationContext@1942a96d: startup date [Tue Oct 10 17:04:20 EDT 2017]; root of context hierarchy
Oct 10, 2017 5:04:20 PM org.springframework.beans.factory.xml.XmlBeanDefinitionReader loadBeanDefinitions
INFO: Loading XML bean definitions from class path resource [applicationContext.xml]
Oct 10, 2017 5:04:20 PM org.springframework.context.support.ClassPathXmlApplicationContext prepareRefresh
INFO: Refreshing org.springframework.context.support.ClassPathXmlApplicationContext@7020ab9a: startup date [Tue Oct 10 17:04:20 EDT 2017]; root of context hierarchy
Oct 10, 2017 5:04:20 PM org.springframework.beans.factory.xml.XmlBeanDefinitionReader loadBeanDefinitions
INFO: Loading XML bean definitions from class path resource [applicationContext.xml]
Oct 10, 2017 5:04:20 PM org.springframework.context.support.ClassPathXmlApplicationContext prepareRefresh
INFO: Refreshing org.springframework.context.support.ClassPathXmlApplicationContext@5b690ad8: startup date [Tue Oct 10 17:04:20 EDT 2017]; root of context hierarchy
Oct 10, 2017 5:04:20 PM org.springframework.beans.factory.xml.XmlBeanDefinitionReader loadBeanDefinitions
INFO: Loading XML bean definitions from class path resource [applicationContext.xml]
Oct 10, 2017 5:04:20 PM org.springframework.context.support.ClassPathXmlApplicationContext prepareRefresh
INFO: Refreshing org.springframework.context.support.ClassPathXmlApplicationContext@3b5e4aeb: startup date [Tue Oct 10 17:04:20 EDT 2017]; root of context hierarchy
Oct 10, 2017 5:04:20 PM org.springframework.beans.factory.xml.XmlBeanDefinitionReader loadBeanDefinitions
INFO: Loading XML bean definitions from class path resource [applicationContext.xml]
Oct 10, 2017 5:04:20 PM org.springframework.context.support.ClassPathXmlApplicationContext prepareRefresh
INFO: Refreshing org.springframework.context.support.ClassPathXmlApplicationContext@6f41def4: startup date [Tue Oct 10 17:04:20 EDT 2017]; root of context hierarchy
Oct 10, 2017 5:04:20 PM org.springframework.beans.factory.xml.XmlBeanDefinitionReader loadBeanDefinitions
INFO: Loading XML bean definitions from class path resource [applicationContext.xml]
Oct 10, 2017 5:04:20 PM org.springframework.context.support.ClassPathXmlApplicationContext prepareRefresh
INFO: Refreshing org.springframework.context.support.ClassPathXmlApplicationContext@7bfde417: startup date [Tue Oct 10 17:04:20 EDT 2017]; root of context hierarchy
Oct 10, 2017 5:04:20 PM org.springframework.beans.factory.xml.XmlBeanDefinitionReader loadBeanDefinitions
INFO: Loading XML bean definitions from class path resource [applicationContext.xml]
Oct 10, 2017 5:04:20 PM org.springframework.context.support.ClassPathXmlApplicationContext prepareRefresh
INFO: Refreshing org.springframework.context.support.ClassPathXmlApplicationContext@44ab4459: startup date [Tue Oct 10 17:04:20 EDT 2017]; root of context hierarchy
Oct 10, 2017 5:04:20 PM org.springframework.beans.factory.xml.XmlBeanDefinitionReader loadBeanDefinitions
INFO: Loading XML bean definitions from class path resource [applicationContext.xml]
Oct 10, 2017 5:04:20 PM org.springframework.context.support.ClassPathXmlApplicationContext prepareRefresh
INFO: Refreshing org.springframework.context.support.ClassPathXmlApplicationContext@6abafb0: startup date [Tue Oct 10 17:04:20 EDT 2017]; root of context hierarchy
Oct 10, 2017 5:04:20 PM org.springframework.beans.factory.xml.XmlBeanDefinitionReader loadBeanDefinitions
INFO: Loading XML bean definitions from class path resource [applicationContext.xml]
Oct 10, 2017 5:04:20 PM org.springframework.context.support.ClassPathXmlApplicationContext prepareRefresh
INFO: Refreshing org.springframework.context.support.ClassPathXmlApplicationContext@73f7c6ae: startup date [Tue Oct 10 17:04:20 EDT 2017]; root of context hierarchy
Oct 10, 2017 5:04:20 PM org.springframework.beans.factory.xml.XmlBeanDefinitionReader loadBeanDefinitions
INFO: Loading XML bean definitions from class path resource [applicationContext.xml]
Oct 10, 2017 5:04:20 PM org.springframework.context.support.ClassPathXmlApplicationContext prepareRefresh
INFO: Refreshing org.springframework.context.support.ClassPathXmlApplicationContext@48406c0c: startup date [Tue Oct 10 17:04:20 EDT 2017]; root of context hierarchy
Oct 10, 2017 5:04:20 PM org.springframework.beans.factory.xml.XmlBeanDefinitionReader loadBeanDefinitions
INFO: Loading XML bean definitions from class path resource [applicationContext.xml]
Oct 10, 2017 5:04:20 PM org.springframework.context.support.ClassPathXmlApplicationContext prepareRefresh
INFO: Refreshing org.springframework.context.support.ClassPathXmlApplicationContext@12a50836: startup date [Tue Oct 10 17:04:20 EDT 2017]; root of context hierarchy
Oct 10, 2017 5:04:20 PM org.springframework.beans.factory.xml.XmlBeanDefinitionReader loadBeanDefinitions
INFO: Loading XML bean definitions from class path resource [applicationContext.xml]
Oct 10, 2017 5:04:20 PM org.springframework.context.support.ClassPathXmlApplicationContext prepareRefresh
INFO: Refreshing org.springframework.context.support.ClassPathXmlApplicationContext@dfefa68: startup date [Tue Oct 10 17:04:20 EDT 2017]; root of context hierarchy
Oct 10, 2017 5:04:20 PM org.springframework.beans.factory.xml.XmlBeanDefinitionReader loadBeanDefinitions
INFO: Loading XML bean definitions from class path resource [applicationContext.xml]
Oct 10, 2017 5:04:20 PM org.springframework.context.support.ClassPathXmlApplicationContext prepareRefresh
INFO: Refreshing org.springframework.context.support.ClassPathXmlApplicationContext@45a76646: startup date [Tue Oct 10 17:04:20 EDT 2017]; root of context hierarchy
Oct 10, 2017 5:04:20 PM org.springframework.beans.factory.xml.XmlBeanDefinitionReader loadBeanDefinitions
INFO: Loading XML bean definitions from class path resource [applicationContext.xml]
Oct 10, 2017 5:04:20 PM org.springframework.context.support.ClassPathXmlApplicationContext prepareRefresh
INFO: Refreshing org.springframework.context.support.ClassPathXmlApplicationContext@770e1f39: startup date [Tue Oct 10 17:04:20 EDT 2017]; root of context hierarchy
Oct 10, 2017 5:04:20 PM org.springframework.beans.factory.xml.XmlBeanDefinitionReader loadBeanDefinitions
INFO: Loading XML bean definitions from class path resource [applicationContext.xml]
Oct 10, 2017 5:04:20 PM org.springframework.context.support.ClassPathXmlApplicationContext prepareRefresh
INFO: Refreshing org.springframework.context.support.ClassPathXmlApplicationContext@5ea8f9d5: startup date [Tue Oct 10 17:04:20 EDT 2017]; root of context hierarchy
Oct 10, 2017 5:04:20 PM org.springframework.beans.factory.xml.XmlBeanDefinitionReader loadBeanDefinitions
INFO: Loading XML bean definitions from class path resource [applicationContext.xml]
Oct 10, 2017 5:04:20 PM org.springframework.context.support.ClassPathXmlApplicationContext prepareRefresh
INFO: Refreshing org.springframework.context.support.ClassPathXmlApplicationContext@69bc1e48: startup date [Tue Oct 10 17:04:20 EDT 2017]; root of context hierarchy
Oct 10, 2017 5:04:20 PM org.springframework.beans.factory.xml.XmlBeanDefinitionReader loadBeanDefinitions
INFO: Loading XML bean definitions from class path resource [applicationContext.xml]
Oct 10, 2017 5:04:20 PM org.springframework.context.support.ClassPathXmlApplicationContext prepareRefresh
INFO: Refreshing org.springframework.context.support.ClassPathXmlApplicationContext@b192492: startup date [Tue Oct 10 17:04:20 EDT 2017]; root of context hierarchy
Oct 10, 2017 5:04:20 PM org.springframework.beans.factory.xml.XmlBeanDefinitionReader loadBeanDefinitions
INFO: Loading XML bean definitions from class path resource [applicationContext.xml]
Oct 10, 2017 5:04:20 PM org.springframework.context.support.ClassPathXmlApplicationContext prepareRefresh
INFO: Refreshing org.springframework.context.support.ClassPathXmlApplicationContext@8bb4ff5: startup date [Tue Oct 10 17:04:20 EDT 2017]; root of context hierarchy
Oct 10, 2017 5:04:20 PM org.springframework.beans.factory.xml.XmlBeanDefinitionReader loadBeanDefinitions
INFO: Loading XML bean definitions from class path resource [applicationContext.xml]
Oct 10, 2017 5:04:20 PM org.springframework.context.support.ClassPathXmlApplicationContext prepareRefresh
INFO: Refreshing org.springframework.context.support.ClassPathXmlApplicationContext@c5a83f1: startup date [Tue Oct 10 17:04:20 EDT 2017]; root of context hierarchy
Oct 10, 2017 5:04:20 PM org.springframework.beans.factory.xml.XmlBeanDefinitionReader loadBeanDefinitions
INFO: Loading XML bean definitions from class path resource [applicationContext.xml]
Oct 10, 2017 5:04:20 PM org.springframework.context.support.ClassPathXmlApplicationContext prepareRefresh
INFO: Refreshing org.springframework.context.support.ClassPathXmlApplicationContext@6894420c: startup date [Tue Oct 10 17:04:20 EDT 2017]; root of context hierarchy
Oct 10, 2017 5:04:20 PM org.springframework.beans.factory.xml.XmlBeanDefinitionReader loadBeanDefinitions
INFO: Loading XML bean definitions from class path resource [applicationContext.xml]
Oct 10, 2017 5:04:20 PM org.springframework.context.support.ClassPathXmlApplicationContext prepareRefresh
INFO: Refreshing org.springframework.context.support.ClassPathXmlApplicationContext@50bec946: startup date [Tue Oct 10 17:04:20 EDT 2017]; root of context hierarchy
Oct 10, 2017 5:04:20 PM org.springframework.beans.factory.xml.XmlBeanDefinitionReader loadBeanDefinitions
INFO: Loading XML bean definitions from class path resource [applicationContext.xml]
Oct 10, 2017 5:04:20 PM org.springframework.context.support.ClassPathXmlApplicationContext prepareRefresh
INFO: Refreshing org.springframework.context.support.ClassPathXmlApplicationContext@1cbff426: startup date [Tue Oct 10 17:04:20 EDT 2017]; root of context hierarchy
Oct 10, 2017 5:04:20 PM org.springframework.beans.factory.xml.XmlBeanDefinitionReader loadBeanDefinitions
INFO: Loading XML bean definitions from class path resource [applicationContext.xml]
Oct 10, 2017 5:04:20 PM org.springframework.context.support.ClassPathXmlApplicationContext prepareRefresh
INFO: Refreshing org.springframework.context.support.ClassPathXmlApplicationContext@231f6f03: startup date [Tue Oct 10 17:04:20 EDT 2017]; root of context hierarchy
Oct 10, 2017 5:04:20 PM org.springframework.beans.factory.xml.XmlBeanDefinitionReader loadBeanDefinitions
INFO: Loading XML bean definitions from class path resource [applicationContext.xml]
Oct 10, 2017 5:04:20 PM org.springframework.context.support.ClassPathXmlApplicationContext prepareRefresh
INFO: Refreshing org.springframework.context.support.ClassPathXmlApplicationContext@43cd2263: startup date [Tue Oct 10 17:04:20 EDT 2017]; root of context hierarchy
Oct 10, 2017 5:04:20 PM org.springframework.beans.factory.xml.XmlBeanDefinitionReader loadBeanDefinitions
INFO: Loading XML bean definitions from class path resource [applicationContext.xml]
Oct 10, 2017 5:04:20 PM org.springframework.context.support.ClassPathXmlApplicationContext prepareRefresh
INFO: Refreshing org.springframework.context.support.ClassPathXmlApplicationContext@51d98092: startup date [Tue Oct 10 17:04:20 EDT 2017]; root of context hierarchy
Oct 10, 2017 5:04:20 PM org.springframework.beans.factory.xml.XmlBeanDefinitionReader loadBeanDefinitions
INFO: Loading XML bean definitions from class path resource [applicationContext.xml]
Oct 10, 2017 5:04:20 PM org.springframework.context.support.ClassPathXmlApplicationContext prepareRefresh
INFO: Refreshing org.springframework.context.support.ClassPathXmlApplicationContext@347e1560: startup date [Tue Oct 10 17:04:20 EDT 2017]; root of context hierarchy
Oct 10, 2017 5:04:20 PM org.springframework.beans.factory.xml.XmlBeanDefinitionReader loadBeanDefinitions
INFO: Loading XML bean definitions from class path resource [applicationContext.xml]
Oct 10, 2017 5:04:20 PM org.springframework.context.support.ClassPathXmlApplicationContext prepareRefresh
INFO: Refreshing org.springframework.context.support.ClassPathXmlApplicationContext@2cff35e7: startup date [Tue Oct 10 17:04:20 EDT 2017]; root of context hierarchy
Oct 10, 2017 5:04:20 PM org.springframework.beans.factory.xml.XmlBeanDefinitionReader loadBeanDefinitions
INFO: Loading XML bean definitions from class path resource [applicationContext.xml]
Oct 10, 2017 5:04:20 PM org.springframework.context.support.ClassPathXmlApplicationContext prepareRefresh
INFO: Refreshing org.springframework.context.support.ClassPathXmlApplicationContext@789cfcaa: startup date [Tue Oct 10 17:04:20 EDT 2017]; root of context hierarchy
Oct 10, 2017 5:04:20 PM org.springframework.beans.factory.xml.XmlBeanDefinitionReader loadBeanDefinitions
INFO: Loading XML bean definitions from class path resource [applicationContext.xml]
Oct 10, 2017 5:04:20 PM org.springframework.context.support.ClassPathXmlApplicationContext prepareRefresh
INFO: Refreshing org.springframework.context.support.ClassPathXmlApplicationContext@324bc46a: startup date [Tue Oct 10 17:04:20 EDT 2017]; root of context hierarchy
Oct 10, 2017 5:04:20 PM org.springframework.beans.factory.xml.XmlBeanDefinitionReader loadBeanDefinitions
INFO: Loading XML bean definitions from class path resource [applicationContext.xml]
Oct 10, 2017 5:04:20 PM org.springframework.context.support.ClassPathXmlApplicationContext prepareRefresh
INFO: Refreshing org.springframework.context.support.ClassPathXmlApplicationContext@28bfdae6: startup date [Tue Oct 10 17:04:20 EDT 2017]; root of context hierarchy
Oct 10, 2017 5:04:20 PM org.springframework.beans.factory.xml.XmlBeanDefinitionReader loadBeanDefinitions
INFO: Loading XML bean definitions from class path resource [applicationContext.xml]
Oct 10, 2017 5:04:20 PM org.springframework.context.support.ClassPathXmlApplicationContext prepareRefresh
INFO: Refreshing org.springframework.context.support.ClassPathXmlApplicationContext@74b6c343: startup date [Tue Oct 10 17:04:20 EDT 2017]; root of context hierarchy
Oct 10, 2017 5:04:20 PM org.springframework.beans.factory.xml.XmlBeanDefinitionReader loadBeanDefinitions
INFO: Loading XML bean definitions from class path resource [applicationContext.xml]
Oct 10, 2017 5:04:20 PM org.springframework.context.support.ClassPathXmlApplicationContext prepareRefresh
INFO: Refreshing org.springframework.context.support.ClassPathXmlApplicationContext@eac1805: startup date [Tue Oct 10 17:04:20 EDT 2017]; root of context hierarchy
Oct 10, 2017 5:04:20 PM org.springframework.beans.factory.xml.XmlBeanDefinitionReader loadBeanDefinitions
INFO: Loading XML bean definitions from class path resource [applicationContext.xml]
Oct 10, 2017 5:04:20 PM org.springframework.context.support.ClassPathXmlApplicationContext prepareRefresh
INFO: Refreshing org.springframework.context.support.ClassPathXmlApplicationContext@6f89df93: startup date [Tue Oct 10 17:04:20 EDT 2017]; root of context hierarchy
Oct 10, 2017 5:04:20 PM org.springframework.beans.factory.xml.XmlBeanDefinitionReader loadBeanDefinitions
INFO: Loading XML bean definitions from class path resource [applicationContext.xml]
Oct 10, 2017 5:04:20 PM org.springframework.context.support.ClassPathXmlApplicationContext prepareRefresh
INFO: Refreshing org.springframework.context.support.ClassPathXmlApplicationContext@1e974638: startup date [Tue Oct 10 17:04:20 EDT 2017]; root of context hierarchy
Oct 10, 2017 5:04:20 PM org.springframework.beans.factory.xml.XmlBeanDefinitionReader loadBeanDefinitions
INFO: Loading XML bean definitions from class path resource [applicationContext.xml]
Oct 10, 2017 5:04:20 PM org.springframework.context.support.ClassPathXmlApplicationContext prepareRefresh
INFO: Refreshing org.springframework.context.support.ClassPathXmlApplicationContext@486f274c: startup date [Tue Oct 10 17:04:20 EDT 2017]; root of context hierarchy
Oct 10, 2017 5:04:20 PM org.springframework.beans.factory.xml.XmlBeanDefinitionReader loadBeanDefinitions
INFO: Loading XML bean definitions from class path resource [applicationContext.xml]
Oct 10, 2017 5:04:20 PM org.springframework.context.support.ClassPathXmlApplicationContext prepareRefresh
INFO: Refreshing org.springframework.context.support.ClassPathXmlApplicationContext@2884dbfd: startup date [Tue Oct 10 17:04:20 EDT 2017]; root of context hierarchy
Oct 10, 2017 5:04:20 PM org.springframework.beans.factory.xml.XmlBeanDefinitionReader loadBeanDefinitions
INFO: Loading XML bean definitions from class path resource [applicationContext.xml]
Oct 10, 2017 5:04:20 PM org.springframework.context.support.ClassPathXmlApplicationContext prepareRefresh
INFO: Refreshing org.springframework.context.support.ClassPathXmlApplicationContext@2b498686: startup date [Tue Oct 10 17:04:20 EDT 2017]; root of context hierarchy
Oct 10, 2017 5:04:20 PM org.springframework.beans.factory.xml.XmlBeanDefinitionReader loadBeanDefinitions
INFO: Loading XML bean definitions from class path resource [applicationContext.xml]
Oct 10, 2017 5:04:20 PM org.springframework.context.support.ClassPathXmlApplicationContext prepareRefresh
INFO: Refreshing org.springframework.context.support.ClassPathXmlApplicationContext@59e10a67: startup date [Tue Oct 10 17:04:20 EDT 2017]; root of context hierarchy
Oct 10, 2017 5:04:20 PM org.springframework.beans.factory.xml.XmlBeanDefinitionReader loadBeanDefinitions
INFO: Loading XML bean definitions from class path resource [applicationContext.xml]
Oct 10, 2017 5:04:20 PM org.springframework.context.support.ClassPathXmlApplicationContext prepareRefresh
INFO: Refreshing org.springframework.context.support.ClassPathXmlApplicationContext@6f65f334: startup date [Tue Oct 10 17:04:20 EDT 2017]; root of context hierarchy
Oct 10, 2017 5:04:20 PM org.springframework.beans.factory.xml.XmlBeanDefinitionReader loadBeanDefinitions
INFO: Loading XML bean definitions from class path resource [applicationContext.xml]
Oct 10, 2017 5:04:20 PM org.springframework.context.support.ClassPathXmlApplicationContext prepareRefresh
INFO: Refreshing org.springframework.context.support.ClassPathXmlApplicationContext@50c2b6: startup date [Tue Oct 10 17:04:20 EDT 2017]; root of context hierarchy
Oct 10, 2017 5:04:20 PM org.springframework.beans.factory.xml.XmlBeanDefinitionReader loadBeanDefinitions
INFO: Loading XML bean definitions from class path resource [applicationContext.xml]
Oct 10, 2017 5:04:20 PM org.springframework.context.support.ClassPathXmlApplicationContext prepareRefresh
INFO: Refreshing org.springframework.context.support.ClassPathXmlApplicationContext@35c6b6c3: startup date [Tue Oct 10 17:04:20 EDT 2017]; root of context hierarchy
Oct 10, 2017 5:04:20 PM org.springframework.beans.factory.xml.XmlBeanDefinitionReader loadBeanDefinitions
INFO: Loading XML bean definitions from class path resource [applicationContext.xml]
Oct 10, 2017 5:04:20 PM org.springframework.context.support.ClassPathXmlApplicationContext prepareRefresh
INFO: Refreshing org.springframework.context.support.ClassPathXmlApplicationContext@3ca99c0a: startup date [Tue Oct 10 17:04:20 EDT 2017]; root of context hierarchy
Oct 10, 2017 5:04:20 PM org.springframework.beans.factory.xml.XmlBeanDefinitionReader loadBeanDefinitions
INFO: Loading XML bean definitions from class path resource [applicationContext.xml]
Oct 10, 2017 5:04:20 PM org.springframework.context.support.ClassPathXmlApplicationContext prepareRefresh
INFO: Refreshing org.springframework.context.support.ClassPathXmlApplicationContext@1b690ec7: startup date [Tue Oct 10 17:04:20 EDT 2017]; root of context hierarchy
Oct 10, 2017 5:04:20 PM org.springframework.beans.factory.xml.XmlBeanDefinitionReader loadBeanDefinitions
INFO: Loading XML bean definitions from class path resource [applicationContext.xml]
Oct 10, 2017 5:04:20 PM org.springframework.context.support.ClassPathXmlApplicationContext prepareRefresh
INFO: Refreshing org.springframework.context.support.ClassPathXmlApplicationContext@71aac88: startup date [Tue Oct 10 17:04:20 EDT 2017]; root of context hierarchy
Oct 10, 2017 5:04:20 PM org.springframework.beans.factory.xml.XmlBeanDefinitionReader loadBeanDefinitions
INFO: Loading XML bean definitions from class path resource [applicationContext.xml]
Oct 10, 2017 5:04:20 PM org.springframework.context.support.ClassPathXmlApplicationContext prepareRefresh
INFO: Refreshing org.springframework.context.support.ClassPathXmlApplicationContext@41539fdf: startup date [Tue Oct 10 17:04:20 EDT 2017]; root of context hierarchy
Oct 10, 2017 5:04:20 PM org.springframework.beans.factory.xml.XmlBeanDefinitionReader loadBeanDefinitions
INFO: Loading XML bean definitions from class path resource [applicationContext.xml]
Oct 10, 2017 5:04:20 PM org.springframework.context.support.ClassPathXmlApplicationContext prepareRefresh
INFO: Refreshing org.springframework.context.support.ClassPathXmlApplicationContext@2c277eb8: startup date [Tue Oct 10 17:04:20 EDT 2017]; root of context hierarchy
Oct 10, 2017 5:04:20 PM org.springframework.beans.factory.xml.XmlBeanDefinitionReader loadBeanDefinitions
INFO: Loading XML bean definitions from class path resource [applicationContext.xml]
Oct 10, 2017 5:04:20 PM org.springframework.context.support.ClassPathXmlApplicationContext prepareRefresh
INFO: Refreshing org.springframework.context.support.ClassPathXmlApplicationContext@c334081: startup date [Tue Oct 10 17:04:20 EDT 2017]; root of context hierarchy
Oct 10, 2017 5:04:20 PM org.springframework.beans.factory.xml.XmlBeanDefinitionReader loadBeanDefinitions
INFO: Loading XML bean definitions from class path resource [applicationContext.xml]
Oct 10, 2017 5:04:20 PM org.springframework.context.support.ClassPathXmlApplicationContext prepareRefresh
INFO: Refreshing org.springframework.context.support.ClassPathXmlApplicationContext@a965f1: startup date [Tue Oct 10 17:04:20 EDT 2017]; root of context hierarchy
Oct 10, 2017 5:04:20 PM org.springframework.beans.factory.xml.XmlBeanDefinitionReader loadBeanDefinitions
INFO: Loading XML bean definitions from class path resource [applicationContext.xml]
Oct 10, 2017 5:04:20 PM org.springframework.context.support.ClassPathXmlApplicationContext prepareRefresh
INFO: Refreshing org.springframework.context.support.ClassPathXmlApplicationContext@53421bf1: startup date [Tue Oct 10 17:04:20 EDT 2017]; root of context hierarchy
Oct 10, 2017 5:04:20 PM org.springframework.beans.factory.xml.XmlBeanDefinitionReader loadBeanDefinitions
INFO: Loading XML bean definitions from class path resource [applicationContext.xml]
Oct 10, 2017 5:04:20 PM org.springframework.context.support.ClassPathXmlApplicationContext prepareRefresh
INFO: Refreshing org.springframework.context.support.ClassPathXmlApplicationContext@298bbe64: startup date [Tue Oct 10 17:04:20 EDT 2017]; root of context hierarchy
Oct 10, 2017 5:04:20 PM org.springframework.beans.factory.xml.XmlBeanDefinitionReader loadBeanDefinitions
INFO: Loading XML bean definitions from class path resource [applicationContext.xml]
Oct 10, 2017 5:04:20 PM org.springframework.context.support.ClassPathXmlApplicationContext prepareRefresh
INFO: Refreshing org.springframework.context.support.ClassPathXmlApplicationContext@19f9537: startup date [Tue Oct 10 17:04:20 EDT 2017]; root of context hierarchy
Oct 10, 2017 5:04:20 PM org.springframework.beans.factory.xml.XmlBeanDefinitionReader loadBeanDefinitions
INFO: Loading XML bean definitions from class path resource [applicationContext.xml]
Oct 10, 2017 5:04:20 PM org.springframework.context.support.ClassPathXmlApplicationContext prepareRefresh
INFO: Refreshing org.springframework.context.support.ClassPathXmlApplicationContext@4fb7f5a2: startup date [Tue Oct 10 17:04:20 EDT 2017]; root of context hierarchy
Oct 10, 2017 5:04:20 PM org.springframework.beans.factory.xml.XmlBeanDefinitionReader loadBeanDefinitions
INFO: Loading XML bean definitions from class path resource [applicationContext.xml]
Oct 10, 2017 5:04:20 PM org.springframework.context.support.ClassPathXmlApplicationContext prepareRefresh
INFO: Refreshing org.springframework.context.support.ClassPathXmlApplicationContext@573afc2b: startup date [Tue Oct 10 17:04:20 EDT 2017]; root of context hierarchy
Oct 10, 2017 5:04:20 PM org.springframework.beans.factory.xml.XmlBeanDefinitionReader loadBeanDefinitions
INFO: Loading XML bean definitions from class path resource [applicationContext.xml]
Oct 10, 2017 5:04:20 PM org.springframework.context.support.ClassPathXmlApplicationContext prepareRefresh
INFO: Refreshing org.springframework.context.support.ClassPathXmlApplicationContext@18a566d: startup date [Tue Oct 10 17:04:20 EDT 2017]; root of context hierarchy
Oct 10, 2017 5:04:20 PM org.springframework.beans.factory.xml.XmlBeanDefinitionReader loadBeanDefinitions
INFO: Loading XML bean definitions from class path resource [applicationContext.xml]
Oct 10, 2017 5:04:20 PM org.springframework.context.support.ClassPathXmlApplicationContext prepareRefresh
INFO: Refreshing org.springframework.context.support.ClassPathXmlApplicationContext@4cd49f68: startup date [Tue Oct 10 17:04:20 EDT 2017]; root of context hierarchy
Oct 10, 2017 5:04:20 PM org.springframework.beans.factory.xml.XmlBeanDefinitionReader loadBeanDefinitions
INFO: Loading XML bean definitions from class path resource [applicationContext.xml]
Oct 10, 2017 5:04:20 PM org.springframework.context.support.ClassPathXmlApplicationContext prepareRefresh
INFO: Refreshing org.springframework.context.support.ClassPathXmlApplicationContext@6835475f: startup date [Tue Oct 10 17:04:20 EDT 2017]; root of context hierarchy
Oct 10, 2017 5:04:20 PM org.springframework.beans.factory.xml.XmlBeanDefinitionReader loadBeanDefinitions
INFO: Loading XML bean definitions from class path resource [applicationContext.xml]
Oct 10, 2017 5:04:20 PM org.springframework.context.support.ClassPathXmlApplicationContext prepareRefresh
INFO: Refreshing org.springframework.context.support.ClassPathXmlApplicationContext@b33c8da: startup date [Tue Oct 10 17:04:20 EDT 2017]; root of context hierarchy
Oct 10, 2017 5:04:20 PM org.springframework.beans.factory.xml.XmlBeanDefinitionReader loadBeanDefinitions
INFO: Loading XML bean definitions from class path resource [applicationContext.xml]
Oct 10, 2017 5:04:20 PM org.springframework.context.support.ClassPathXmlApplicationContext prepareRefresh
INFO: Refreshing org.springframework.context.support.ClassPathXmlApplicationContext@7d42d7f1: startup date [Tue Oct 10 17:04:20 EDT 2017]; root of context hierarchy
Oct 10, 2017 5:04:20 PM org.springframework.beans.factory.xml.XmlBeanDefinitionReader loadBeanDefinitions
INFO: Loading XML bean definitions from class path resource [applicationContext.xml]
Oct 10, 2017 5:04:20 PM org.springframework.context.support.ClassPathXmlApplicationContext prepareRefresh
INFO: Refreshing org.springframework.context.support.ClassPathXmlApplicationContext@5a84e231: startup date [Tue Oct 10 17:04:20 EDT 2017]; root of context hierarchy
Oct 10, 2017 5:04:20 PM org.springframework.beans.factory.xml.XmlBeanDefinitionReader loadBeanDefinitions
INFO: Loading XML bean definitions from class path resource [applicationContext.xml]
Oct 10, 2017 5:04:20 PM org.springframework.context.support.ClassPathXmlApplicationContext prepareRefresh
INFO: Refreshing org.springframework.context.support.ClassPathXmlApplicationContext@44ae047e: startup date [Tue Oct 10 17:04:20 EDT 2017]; root of context hierarchy
Oct 10, 2017 5:04:20 PM org.springframework.beans.factory.xml.XmlBeanDefinitionReader loadBeanDefinitions
INFO: Loading XML bean definitions from class path resource [applicationContext.xml]
Oct 10, 2017 5:04:20 PM org.springframework.context.support.ClassPathXmlApplicationContext prepareRefresh
INFO: Refreshing org.springframework.context.support.ClassPathXmlApplicationContext@63c7f420: startup date [Tue Oct 10 17:04:20 EDT 2017]; root of context hierarchy
Oct 10, 2017 5:04:20 PM org.springframework.beans.factory.xml.XmlBeanDefinitionReader loadBeanDefinitions
INFO: Loading XML bean definitions from class path resource [applicationContext.xml]
Oct 10, 2017 5:04:20 PM org.springframework.context.support.ClassPathXmlApplicationContext prepareRefresh
INFO: Refreshing org.springframework.context.support.ClassPathXmlApplicationContext@4e3274e7: startup date [Tue Oct 10 17:04:20 EDT 2017]; root of context hierarchy
Oct 10, 2017 5:04:20 PM org.springframework.beans.factory.xml.XmlBeanDefinitionReader loadBeanDefinitions
INFO: Loading XML bean definitions from class path resource [applicationContext.xml]
Oct 10, 2017 5:04:20 PM org.springframework.context.support.ClassPathXmlApplicationContext prepareRefresh
INFO: Refreshing org.springframework.context.support.ClassPathXmlApplicationContext@1ef5532a: startup date [Tue Oct 10 17:04:20 EDT 2017]; root of context hierarchy
Oct 10, 2017 5:04:20 PM org.springframework.beans.factory.xml.XmlBeanDefinitionReader loadBeanDefinitions
INFO: Loading XML bean definitions from class path resource [applicationContext.xml]
Oct 10, 2017 5:04:20 PM org.springframework.context.support.ClassPathXmlApplicationContext prepareRefresh
INFO: Refreshing org.springframework.context.support.ClassPathXmlApplicationContext@7ac853ab: startup date [Tue Oct 10 17:04:20 EDT 2017]; root of context hierarchy
Oct 10, 2017 5:04:20 PM org.springframework.beans.factory.xml.XmlBeanDefinitionReader loadBeanDefinitions
INFO: Loading XML bean definitions from class path resource [applicationContext.xml]
Oct 10, 2017 5:04:20 PM org.springframework.context.support.ClassPathXmlApplicationContext prepareRefresh
INFO: Refreshing org.springframework.context.support.ClassPathXmlApplicationContext@78ab3086: startup date [Tue Oct 10 17:04:20 EDT 2017]; root of context hierarchy
Oct 10, 2017 5:04:20 PM org.springframework.beans.factory.xml.XmlBeanDefinitionReader loadBeanDefinitions
INFO: Loading XML bean definitions from class path resource [applicationContext.xml]
Oct 10, 2017 5:04:20 PM org.springframework.context.support.ClassPathXmlApplicationContext prepareRefresh
INFO: Refreshing org.springframework.context.support.ClassPathXmlApplicationContext@8584a5d: startup date [Tue Oct 10 17:04:20 EDT 2017]; root of context hierarchy
Oct 10, 2017 5:04:20 PM org.springframework.beans.factory.xml.XmlBeanDefinitionReader loadBeanDefinitions
INFO: Loading XML bean definitions from class path resource [applicationContext.xml]
Oct 10, 2017 5:04:20 PM org.springframework.context.support.ClassPathXmlApplicationContext prepareRefresh
INFO: Refreshing org.springframework.context.support.ClassPathXmlApplicationContext@4186fcf4: startup date [Tue Oct 10 17:04:20 EDT 2017]; root of context hierarchy
Oct 10, 2017 5:04:20 PM org.springframework.beans.factory.xml.XmlBeanDefinitionReader loadBeanDefinitions
INFO: Loading XML bean definitions from class path resource [applicationContext.xml]
Oct 10, 2017 5:04:20 PM org.springframework.context.support.ClassPathXmlApplicationContext prepareRefresh
INFO: Refreshing org.springframework.context.support.ClassPathXmlApplicationContext@752bbeec: startup date [Tue Oct 10 17:04:20 EDT 2017]; root of context hierarchy
Oct 10, 2017 5:04:20 PM org.springframework.beans.factory.xml.XmlBeanDefinitionReader loadBeanDefinitions
INFO: Loading XML bean definitions from class path resource [applicationContext.xml]
Oct 10, 2017 5:04:20 PM org.springframework.context.support.ClassPathXmlApplicationContext prepareRefresh
INFO: Refreshing org.springframework.context.support.ClassPathXmlApplicationContext@2275d336: startup date [Tue Oct 10 17:04:20 EDT 2017]; root of context hierarchy
Oct 10, 2017 5:04:20 PM org.springframework.beans.factory.xml.XmlBeanDefinitionReader loadBeanDefinitions
INFO: Loading XML bean definitions from class path resource [applicationContext.xml]
Oct 10, 2017 5:04:20 PM org.springframework.context.support.ClassPathXmlApplicationContext prepareRefresh
INFO: Refreshing org.springframework.context.support.ClassPathXmlApplicationContext@d4d924d: startup date [Tue Oct 10 17:04:20 EDT 2017]; root of context hierarchy
Oct 10, 2017 5:04:20 PM org.springframework.beans.factory.xml.XmlBeanDefinitionReader loadBeanDefinitions
INFO: Loading XML bean definitions from class path resource [applicationContext.xml]
Oct 10, 2017 5:04:20 PM org.springframework.context.support.ClassPathXmlApplicationContext prepareRefresh
INFO: Refreshing org.springframework.context.support.ClassPathXmlApplicationContext@c258a5e: startup date [Tue Oct 10 17:04:20 EDT 2017]; root of context hierarchy
Oct 10, 2017 5:04:20 PM org.springframework.beans.factory.xml.XmlBeanDefinitionReader loadBeanDefinitions
INFO: Loading XML bean definitions from class path resource [applicationContext.xml]
Oct 10, 2017 5:04:20 PM org.springframework.context.support.ClassPathXmlApplicationContext prepareRefresh
INFO: Refreshing org.springframework.context.support.ClassPathXmlApplicationContext@234b3989: startup date [Tue Oct 10 17:04:20 EDT 2017]; root of context hierarchy
Oct 10, 2017 5:04:20 PM org.springframework.beans.factory.xml.XmlBeanDefinitionReader loadBeanDefinitions
INFO: Loading XML bean definitions from class path resource [applicationContext.xml]
Oct 10, 2017 5:04:21 PM org.springframework.context.support.ClassPathXmlApplicationContext prepareRefresh
INFO: Refreshing org.springframework.context.support.ClassPathXmlApplicationContext@50222fd8: startup date [Tue Oct 10 17:04:21 EDT 2017]; root of context hierarchy
Oct 10, 2017 5:04:21 PM org.springframework.beans.factory.xml.XmlBeanDefinitionReader loadBeanDefinitions
INFO: Loading XML bean definitions from class path resource [applicationContext.xml]
Oct 10, 2017 5:04:21 PM org.springframework.context.support.ClassPathXmlApplicationContext prepareRefresh
INFO: Refreshing org.springframework.context.support.ClassPathXmlApplicationContext@1a2aefb9: startup date [Tue Oct 10 17:04:21 EDT 2017]; root of context hierarchy
Oct 10, 2017 5:04:21 PM org.springframework.beans.factory.xml.XmlBeanDefinitionReader loadBeanDefinitions
INFO: Loading XML bean definitions from class path resource [applicationContext.xml]
Oct 10, 2017 5:04:21 PM org.springframework.context.support.ClassPathXmlApplicationContext prepareRefresh
INFO: Refreshing org.springframework.context.support.ClassPathXmlApplicationContext@48d84f61: startup date [Tue Oct 10 17:04:21 EDT 2017]; root of context hierarchy
Oct 10, 2017 5:04:21 PM org.springframework.beans.factory.xml.XmlBeanDefinitionReader loadBeanDefinitions
INFO: Loading XML bean definitions from class path resource [applicationContext.xml]
Oct 10, 2017 5:04:21 PM org.springframework.context.support.ClassPathXmlApplicationContext prepareRefresh
INFO: Refreshing org.springframework.context.support.ClassPathXmlApplicationContext@7858d3df: startup date [Tue Oct 10 17:04:21 EDT 2017]; root of context hierarchy
Oct 10, 2017 5:04:21 PM org.springframework.beans.factory.xml.XmlBeanDefinitionReader loadBeanDefinitions
INFO: Loading XML bean definitions from class path resource [applicationContext.xml]
Oct 10, 2017 5:04:21 PM org.springframework.context.support.ClassPathXmlApplicationContext prepareRefresh
INFO: Refreshing org.springframework.context.support.ClassPathXmlApplicationContext@61dc9f6f: startup date [Tue Oct 10 17:04:21 EDT 2017]; root of context hierarchy
Oct 10, 2017 5:04:21 PM org.springframework.beans.factory.xml.XmlBeanDefinitionReader loadBeanDefinitions
INFO: Loading XML bean definitions from class path resource [applicationContext.xml]
Oct 10, 2017 5:04:21 PM org.springframework.context.support.ClassPathXmlApplicationContext prepareRefresh
INFO: Refreshing org.springframework.context.support.ClassPathXmlApplicationContext@6582933e: startup date [Tue Oct 10 17:04:21 EDT 2017]; root of context hierarchy
Oct 10, 2017 5:04:21 PM org.springframework.beans.factory.xml.XmlBeanDefinitionReader loadBeanDefinitions
INFO: Loading XML bean definitions from class path resource [applicationContext.xml]
Oct 10, 2017 5:04:21 PM org.springframework.context.support.ClassPathXmlApplicationContext prepareRefresh
INFO: Refreshing org.springframework.context.support.ClassPathXmlApplicationContext@79c9023e: startup date [Tue Oct 10 17:04:21 EDT 2017]; root of context hierarchy
Oct 10, 2017 5:04:21 PM org.springframework.beans.factory.xml.XmlBeanDefinitionReader loadBeanDefinitions
INFO: Loading XML bean definitions from class path resource [applicationContext.xml]
Oct 10, 2017 5:04:21 PM org.springframework.context.support.ClassPathXmlApplicationContext prepareRefresh
INFO: Refreshing org.springframework.context.support.ClassPathXmlApplicationContext@42b9a800: startup date [Tue Oct 10 17:04:21 EDT 2017]; root of context hierarchy
Oct 10, 2017 5:04:21 PM org.springframework.beans.factory.xml.XmlBeanDefinitionReader loadBeanDefinitions
INFO: Loading XML bean definitions from class path resource [applicationContext.xml]
Oct 10, 2017 5:04:21 PM org.springframework.context.support.ClassPathXmlApplicationContext prepareRefresh
INFO: Refreshing org.springframework.context.support.ClassPathXmlApplicationContext@5673ae9e: startup date [Tue Oct 10 17:04:21 EDT 2017]; root of context hierarchy
Oct 10, 2017 5:04:21 PM org.springframework.beans.factory.xml.XmlBeanDefinitionReader loadBeanDefinitions
INFO: Loading XML bean definitions from class path resource [applicationContext.xml]
Oct 10, 2017 5:04:21 PM org.springframework.context.support.ClassPathXmlApplicationContext prepareRefresh
INFO: Refreshing org.springframework.context.support.ClassPathXmlApplicationContext@44155f35: startup date [Tue Oct 10 17:04:21 EDT 2017]; root of context hierarchy
Oct 10, 2017 5:04:21 PM org.springframework.beans.factory.xml.XmlBeanDefinitionReader loadBeanDefinitions
INFO: Loading XML bean definitions from class path resource [applicationContext.xml]
Oct 10, 2017 5:04:21 PM org.springframework.context.support.ClassPathXmlApplicationContext prepareRefresh
INFO: Refreshing org.springframework.context.support.ClassPathXmlApplicationContext@7cac575a: startup date [Tue Oct 10 17:04:21 EDT 2017]; root of context hierarchy
Oct 10, 2017 5:04:21 PM org.springframework.beans.factory.xml.XmlBeanDefinitionReader loadBeanDefinitions
INFO: Loading XML bean definitions from class path resource [applicationContext.xml]
Oct 10, 2017 5:04:21 PM org.springframework.context.support.ClassPathXmlApplicationContext prepareRefresh
INFO: Refreshing org.springframework.context.support.ClassPathXmlApplicationContext@53cd5ab9: startup date [Tue Oct 10 17:04:21 EDT 2017]; root of context hierarchy
Oct 10, 2017 5:04:21 PM org.springframework.beans.factory.xml.XmlBeanDefinitionReader loadBeanDefinitions
INFO: Loading XML bean definitions from class path resource [applicationContext.xml]
Oct 10, 2017 5:04:21 PM org.springframework.context.support.ClassPathXmlApplicationContext prepareRefresh
INFO: Refreshing org.springframework.context.support.ClassPathXmlApplicationContext@7533fbf1: startup date [Tue Oct 10 17:04:21 EDT 2017]; root of context hierarchy
Oct 10, 2017 5:04:21 PM org.springframework.beans.factory.xml.XmlBeanDefinitionReader loadBeanDefinitions
INFO: Loading XML bean definitions from class path resource [applicationContext.xml]
Oct 10, 2017 5:04:21 PM org.springframework.context.support.ClassPathXmlApplicationContext prepareRefresh
INFO: Refreshing org.springframework.context.support.ClassPathXmlApplicationContext@7c8724be: startup date [Tue Oct 10 17:04:21 EDT 2017]; root of context hierarchy
Oct 10, 2017 5:04:21 PM org.springframework.beans.factory.xml.XmlBeanDefinitionReader loadBeanDefinitions
INFO: Loading XML bean definitions from class path resource [applicationContext.xml]
Oct 10, 2017 5:04:21 PM org.springframework.context.support.ClassPathXmlApplicationContext prepareRefresh
INFO: Refreshing org.springframework.context.support.ClassPathXmlApplicationContext@1f9181a: startup date [Tue Oct 10 17:04:21 EDT 2017]; root of context hierarchy
Oct 10, 2017 5:04:21 PM org.springframework.beans.factory.xml.XmlBeanDefinitionReader loadBeanDefinitions
INFO: Loading XML bean definitions from class path resource [applicationContext.xml]
Oct 10, 2017 5:04:21 PM org.springframework.context.support.ClassPathXmlApplicationContext prepareRefresh
INFO: Refreshing org.springframework.context.support.ClassPathXmlApplicationContext@31ab64cf: startup date [Tue Oct 10 17:04:21 EDT 2017]; root of context hierarchy
Oct 10, 2017 5:04:21 PM org.springframework.beans.factory.xml.XmlBeanDefinitionReader loadBeanDefinitions
INFO: Loading XML bean definitions from class path resource [applicationContext.xml]
Oct 10, 2017 5:04:21 PM org.springframework.context.support.ClassPathXmlApplicationContext prepareRefresh
INFO: Refreshing org.springframework.context.support.ClassPathXmlApplicationContext@1bdda479: startup date [Tue Oct 10 17:04:21 EDT 2017]; root of context hierarchy
Oct 10, 2017 5:04:21 PM org.springframework.beans.factory.xml.XmlBeanDefinitionReader loadBeanDefinitions
INFO: Loading XML bean definitions from class path resource [applicationContext.xml]
Oct 10, 2017 5:04:21 PM org.springframework.context.support.ClassPathXmlApplicationContext prepareRefresh
INFO: Refreshing org.springframework.context.support.ClassPathXmlApplicationContext@3d80abe: startup date [Tue Oct 10 17:04:21 EDT 2017]; root of context hierarchy
Oct 10, 2017 5:04:21 PM org.springframework.beans.factory.xml.XmlBeanDefinitionReader loadBeanDefinitions
INFO: Loading XML bean definitions from class path resource [applicationContext.xml]
Oct 10, 2017 5:04:21 PM org.springframework.context.support.ClassPathXmlApplicationContext prepareRefresh
INFO: Refreshing org.springframework.context.support.ClassPathXmlApplicationContext@7f30866e: startup date [Tue Oct 10 17:04:21 EDT 2017]; root of context hierarchy
Oct 10, 2017 5:04:21 PM org.springframework.beans.factory.xml.XmlBeanDefinitionReader loadBeanDefinitions
INFO: Loading XML bean definitions from class path resource [applicationContext.xml]
Oct 10, 2017 5:04:21 PM org.springframework.context.support.ClassPathXmlApplicationContext prepareRefresh
INFO: Refreshing org.springframework.context.support.ClassPathXmlApplicationContext@907919e: startup date [Tue Oct 10 17:04:21 EDT 2017]; root of context hierarchy
Oct 10, 2017 5:04:21 PM org.springframework.beans.factory.xml.XmlBeanDefinitionReader loadBeanDefinitions
INFO: Loading XML bean definitions from class path resource [applicationContext.xml]
Oct 10, 2017 5:04:21 PM org.springframework.context.support.ClassPathXmlApplicationContext prepareRefresh
INFO: Refreshing org.springframework.context.support.ClassPathXmlApplicationContext@2cc6f6dd: startup date [Tue Oct 10 17:04:21 EDT 2017]; root of context hierarchy
Oct 10, 2017 5:04:21 PM org.springframework.beans.factory.xml.XmlBeanDefinitionReader loadBeanDefinitions
INFO: Loading XML bean definitions from class path resource [applicationContext.xml]
Oct 10, 2017 5:04:21 PM org.springframework.context.support.ClassPathXmlApplicationContext prepareRefresh
INFO: Refreshing org.springframework.context.support.ClassPathXmlApplicationContext@2eb46e85: startup date [Tue Oct 10 17:04:21 EDT 2017]; root of context hierarchy
Oct 10, 2017 5:04:21 PM org.springframework.beans.factory.xml.XmlBeanDefinitionReader loadBeanDefinitions
INFO: Loading XML bean definitions from class path resource [applicationContext.xml]
Oct 10, 2017 5:04:21 PM org.springframework.context.support.ClassPathXmlApplicationContext prepareRefresh
INFO: Refreshing org.springframework.context.support.ClassPathXmlApplicationContext@286710f4: startup date [Tue Oct 10 17:04:21 EDT 2017]; root of context hierarchy
Oct 10, 2017 5:04:21 PM org.springframework.beans.factory.xml.XmlBeanDefinitionReader loadBeanDefinitions
INFO: Loading XML bean definitions from class path resource [applicationContext.xml]
Oct 10, 2017 5:04:21 PM org.springframework.context.support.ClassPathXmlApplicationContext prepareRefresh
INFO: Refreshing org.springframework.context.support.ClassPathXmlApplicationContext@49e1ed38: startup date [Tue Oct 10 17:04:21 EDT 2017]; root of context hierarchy
Oct 10, 2017 5:04:21 PM org.springframework.beans.factory.xml.XmlBeanDefinitionReader loadBeanDefinitions
INFO: Loading XML bean definitions from class path resource [applicationContext.xml]
Oct 10, 2017 5:04:21 PM org.springframework.context.support.ClassPathXmlApplicationContext prepareRefresh
INFO: Refreshing org.springframework.context.support.ClassPathXmlApplicationContext@4096da0: startup date [Tue Oct 10 17:04:21 EDT 2017]; root of context hierarchy
Oct 10, 2017 5:04:21 PM org.springframework.beans.factory.xml.XmlBeanDefinitionReader loadBeanDefinitions
INFO: Loading XML bean definitions from class path resource [applicationContext.xml]
Oct 10, 2017 5:04:21 PM org.springframework.context.support.ClassPathXmlApplicationContext prepareRefresh
INFO: Refreshing org.springframework.context.support.ClassPathXmlApplicationContext@38005204: startup date [Tue Oct 10 17:04:21 EDT 2017]; root of context hierarchy
Oct 10, 2017 5:04:21 PM org.springframework.beans.factory.xml.XmlBeanDefinitionReader loadBeanDefinitions
INFO: Loading XML bean definitions from class path resource [applicationContext.xml]
Oct 10, 2017 5:04:21 PM org.springframework.context.support.ClassPathXmlApplicationContext prepareRefresh
INFO: Refreshing org.springframework.context.support.ClassPathXmlApplicationContext@6aad8a66: startup date [Tue Oct 10 17:04:21 EDT 2017]; root of context hierarchy
Oct 10, 2017 5:04:21 PM org.springframework.beans.factory.xml.XmlBeanDefinitionReader loadBeanDefinitions
INFO: Loading XML bean definitions from class path resource [applicationContext.xml]
Oct 10, 2017 5:04:21 PM org.springframework.context.support.ClassPathXmlApplicationContext prepareRefresh
INFO: Refreshing org.springframework.context.support.ClassPathXmlApplicationContext@555f5588: startup date [Tue Oct 10 17:04:21 EDT 2017]; root of context hierarchy
Oct 10, 2017 5:04:21 PM org.springframework.beans.factory.xml.XmlBeanDefinitionReader loadBeanDefinitions
INFO: Loading XML bean definitions from class path resource [applicationContext.xml]
Oct 10, 2017 5:04:21 PM org.springframework.context.support.ClassPathXmlApplicationContext prepareRefresh
INFO: Refreshing org.springframework.context.support.ClassPathXmlApplicationContext@5af12aa0: startup date [Tue Oct 10 17:04:21 EDT 2017]; root of context hierarchy
Oct 10, 2017 5:04:21 PM org.springframework.beans.factory.xml.XmlBeanDefinitionReader loadBeanDefinitions
INFO: Loading XML bean definitions from class path resource [applicationContext.xml]
Oct 10, 2017 5:04:21 PM org.springframework.context.support.ClassPathXmlApplicationContext prepareRefresh
INFO: Refreshing org.springframework.context.support.ClassPathXmlApplicationContext@dfce93b: startup date [Tue Oct 10 17:04:21 EDT 2017]; root of context hierarchy
Oct 10, 2017 5:04:21 PM org.springframework.beans.factory.xml.XmlBeanDefinitionReader loadBeanDefinitions
INFO: Loading XML bean definitions from class path resource [applicationContext.xml]
Oct 10, 2017 5:04:21 PM org.springframework.context.support.ClassPathXmlApplicationContext prepareRefresh
INFO: Refreshing org.springframework.context.support.ClassPathXmlApplicationContext@63fa8f66: startup date [Tue Oct 10 17:04:21 EDT 2017]; root of context hierarchy
Oct 10, 2017 5:04:21 PM org.springframework.beans.factory.xml.XmlBeanDefinitionReader loadBeanDefinitions
INFO: Loading XML bean definitions from class path resource [applicationContext.xml]
Oct 10, 2017 5:04:21 PM org.springframework.context.support.ClassPathXmlApplicationContext prepareRefresh
INFO: Refreshing org.springframework.context.support.ClassPathXmlApplicationContext@26ed5c9f: startup date [Tue Oct 10 17:04:21 EDT 2017]; root of context hierarchy
Oct 10, 2017 5:04:21 PM org.springframework.beans.factory.xml.XmlBeanDefinitionReader loadBeanDefinitions
INFO: Loading XML bean definitions from class path resource [applicationContext.xml]
Oct 10, 2017 5:04:21 PM org.springframework.context.support.ClassPathXmlApplicationContext prepareRefresh
INFO: Refreshing org.springframework.context.support.ClassPathXmlApplicationContext@43130549: startup date [Tue Oct 10 17:04:21 EDT 2017]; root of context hierarchy
Oct 10, 2017 5:04:21 PM org.springframework.beans.factory.xml.XmlBeanDefinitionReader loadBeanDefinitions
INFO: Loading XML bean definitions from class path resource [applicationContext.xml]
Oct 10, 2017 5:04:21 PM org.springframework.context.support.ClassPathXmlApplicationContext prepareRefresh
INFO: Refreshing org.springframework.context.support.ClassPathXmlApplicationContext@3c72d25d: startup date [Tue Oct 10 17:04:21 EDT 2017]; root of context hierarchy
Oct 10, 2017 5:04:21 PM org.springframework.beans.factory.xml.XmlBeanDefinitionReader loadBeanDefinitions
INFO: Loading XML bean definitions from class path resource [applicationContext.xml]
Oct 10, 2017 5:04:21 PM org.springframework.context.support.ClassPathXmlApplicationContext prepareRefresh
INFO: Refreshing org.springframework.context.support.ClassPathXmlApplicationContext@5e202cb5: startup date [Tue Oct 10 17:04:21 EDT 2017]; root of context hierarchy
Oct 10, 2017 5:04:21 PM org.springframework.beans.factory.xml.XmlBeanDefinitionReader loadBeanDefinitions
INFO: Loading XML bean definitions from class path resource [applicationContext.xml]
Oct 10, 2017 5:04:21 PM org.springframework.context.support.ClassPathXmlApplicationContext prepareRefresh
INFO: Refreshing org.springframework.context.support.ClassPathXmlApplicationContext@270b72ac: startup date [Tue Oct 10 17:04:21 EDT 2017]; root of context hierarchy
Oct 10, 2017 5:04:21 PM org.springframework.beans.factory.xml.XmlBeanDefinitionReader loadBeanDefinitions
INFO: Loading XML bean definitions from class path resource [applicationContext.xml]
Oct 10, 2017 5:04:21 PM org.springframework.context.support.ClassPathXmlApplicationContext prepareRefresh
INFO: Refreshing org.springframework.context.support.ClassPathXmlApplicationContext@61593f0e: startup date [Tue Oct 10 17:04:21 EDT 2017]; root of context hierarchy
Oct 10, 2017 5:04:21 PM org.springframework.beans.factory.xml.XmlBeanDefinitionReader loadBeanDefinitions
INFO: Loading XML bean definitions from class path resource [applicationContext.xml]
Oct 10, 2017 5:04:21 PM org.springframework.context.support.ClassPathXmlApplicationContext prepareRefresh
INFO: Refreshing org.springframework.context.support.ClassPathXmlApplicationContext@1f2675c7: startup date [Tue Oct 10 17:04:21 EDT 2017]; root of context hierarchy
Oct 10, 2017 5:04:21 PM org.springframework.beans.factory.xml.XmlBeanDefinitionReader loadBeanDefinitions
INFO: Loading XML bean definitions from class path resource [applicationContext.xml]
Oct 10, 2017 5:04:21 PM org.springframework.context.support.ClassPathXmlApplicationContext prepareRefresh
INFO: Refreshing org.springframework.context.support.ClassPathXmlApplicationContext@6b21598: startup date [Tue Oct 10 17:04:21 EDT 2017]; root of context hierarchy
Oct 10, 2017 5:04:21 PM org.springframework.beans.factory.xml.XmlBeanDefinitionReader loadBeanDefinitions
INFO: Loading XML bean definitions from class path resource [applicationContext.xml]
Oct 10, 2017 5:04:21 PM org.springframework.context.support.ClassPathXmlApplicationContext prepareRefresh
INFO: Refreshing org.springframework.context.support.ClassPathXmlApplicationContext@73a32933: startup date [Tue Oct 10 17:04:21 EDT 2017]; root of context hierarchy
Oct 10, 2017 5:04:21 PM org.springframework.beans.factory.xml.XmlBeanDefinitionReader loadBeanDefinitions
INFO: Loading XML bean definitions from class path resource [applicationContext.xml]
Oct 10, 2017 5:04:21 PM org.springframework.context.support.ClassPathXmlApplicationContext prepareRefresh
INFO: Refreshing org.springframework.context.support.ClassPathXmlApplicationContext@38e8308d: startup date [Tue Oct 10 17:04:21 EDT 2017]; root of context hierarchy
Oct 10, 2017 5:04:21 PM org.springframework.beans.factory.xml.XmlBeanDefinitionReader loadBeanDefinitions
INFO: Loading XML bean definitions from class path resource [applicationContext.xml]
Oct 10, 2017 5:04:21 PM org.springframework.context.support.ClassPathXmlApplicationContext prepareRefresh
INFO: Refreshing org.springframework.context.support.ClassPathXmlApplicationContext@77dc09de: startup date [Tue Oct 10 17:04:21 EDT 2017]; root of context hierarchy
Oct 10, 2017 5:04:21 PM org.springframework.beans.factory.xml.XmlBeanDefinitionReader loadBeanDefinitions
INFO: Loading XML bean definitions from class path resource [applicationContext.xml]
Oct 10, 2017 5:04:21 PM org.springframework.context.support.ClassPathXmlApplicationContext prepareRefresh
INFO: Refreshing org.springframework.context.support.ClassPathXmlApplicationContext@4d74e166: startup date [Tue Oct 10 17:04:21 EDT 2017]; root of context hierarchy
Oct 10, 2017 5:04:21 PM org.springframework.beans.factory.xml.XmlBeanDefinitionReader loadBeanDefinitions
INFO: Loading XML bean definitions from class path resource [applicationContext.xml]
Oct 10, 2017 5:04:21 PM org.springframework.context.support.ClassPathXmlApplicationContext prepareRefresh
INFO: Refreshing org.springframework.context.support.ClassPathXmlApplicationContext@22fd8fec: startup date [Tue Oct 10 17:04:21 EDT 2017]; root of context hierarchy
Oct 10, 2017 5:04:21 PM org.springframework.beans.factory.xml.XmlBeanDefinitionReader loadBeanDefinitions
INFO: Loading XML bean definitions from class path resource [applicationContext.xml]
Oct 10, 2017 5:04:21 PM org.springframework.context.support.ClassPathXmlApplicationContext prepareRefresh
INFO: Refreshing org.springframework.context.support.ClassPathXmlApplicationContext@73cf7360: startup date [Tue Oct 10 17:04:21 EDT 2017]; root of context hierarchy
Oct 10, 2017 5:04:21 PM org.springframework.beans.factory.xml.XmlBeanDefinitionReader loadBeanDefinitions
INFO: Loading XML bean definitions from class path resource [applicationContext.xml]
Oct 10, 2017 5:04:21 PM org.springframework.context.support.ClassPathXmlApplicationContext prepareRefresh
INFO: Refreshing org.springframework.context.support.ClassPathXmlApplicationContext@1d8f299a: startup date [Tue Oct 10 17:04:21 EDT 2017]; root of context hierarchy
Oct 10, 2017 5:04:21 PM org.springframework.beans.factory.xml.XmlBeanDefinitionReader loadBeanDefinitions
INFO: Loading XML bean definitions from class path resource [applicationContext.xml]
Oct 10, 2017 5:04:21 PM org.springframework.context.support.ClassPathXmlApplicationContext prepareRefresh
INFO: Refreshing org.springframework.context.support.ClassPathXmlApplicationContext@16613c48: startup date [Tue Oct 10 17:04:21 EDT 2017]; root of context hierarchy
Oct 10, 2017 5:04:21 PM org.springframework.beans.factory.xml.XmlBeanDefinitionReader loadBeanDefinitions
INFO: Loading XML bean definitions from class path resource [applicationContext.xml]
Oct 10, 2017 5:04:21 PM org.springframework.context.support.ClassPathXmlApplicationContext prepareRefresh
INFO: Refreshing org.springframework.context.support.ClassPathXmlApplicationContext@246bb0d9: startup date [Tue Oct 10 17:04:21 EDT 2017]; root of context hierarchy
Oct 10, 2017 5:04:21 PM org.springframework.beans.factory.xml.XmlBeanDefinitionReader loadBeanDefinitions
INFO: Loading XML bean definitions from class path resource [applicationContext.xml]
Oct 10, 2017 5:04:21 PM org.springframework.context.support.ClassPathXmlApplicationContext prepareRefresh
INFO: Refreshing org.springframework.context.support.ClassPathXmlApplicationContext@41f193a9: startup date [Tue Oct 10 17:04:21 EDT 2017]; root of context hierarchy
Oct 10, 2017 5:04:21 PM org.springframework.beans.factory.xml.XmlBeanDefinitionReader loadBeanDefinitions
INFO: Loading XML bean definitions from class path resource [applicationContext.xml]
Oct 10, 2017 5:04:21 PM org.springframework.context.support.ClassPathXmlApplicationContext prepareRefresh
INFO: Refreshing org.springframework.context.support.ClassPathXmlApplicationContext@1cd0894e: startup date [Tue Oct 10 17:04:21 EDT 2017]; root of context hierarchy
Oct 10, 2017 5:04:21 PM org.springframework.beans.factory.xml.XmlBeanDefinitionReader loadBeanDefinitions
INFO: Loading XML bean definitions from class path resource [applicationContext.xml]
Oct 10, 2017 5:04:21 PM org.springframework.context.support.ClassPathXmlApplicationContext prepareRefresh
INFO: Refreshing org.springframework.context.support.ClassPathXmlApplicationContext@113268a0: startup date [Tue Oct 10 17:04:21 EDT 2017]; root of context hierarchy
Oct 10, 2017 5:04:21 PM org.springframework.beans.factory.xml.XmlBeanDefinitionReader loadBeanDefinitions
INFO: Loading XML bean definitions from class path resource [applicationContext.xml]
Oct 10, 2017 5:04:21 PM org.springframework.context.support.ClassPathXmlApplicationContext prepareRefresh
INFO: Refreshing org.springframework.context.support.ClassPathXmlApplicationContext@2875273b: startup date [Tue Oct 10 17:04:21 EDT 2017]; root of context hierarchy
Oct 10, 2017 5:04:21 PM org.springframework.beans.factory.xml.XmlBeanDefinitionReader loadBeanDefinitions
INFO: Loading XML bean definitions from class path resource [applicationContext.xml]
Oct 10, 2017 5:04:21 PM org.springframework.context.support.ClassPathXmlApplicationContext prepareRefresh
INFO: Refreshing org.springframework.context.support.ClassPathXmlApplicationContext@8fbadc2: startup date [Tue Oct 10 17:04:21 EDT 2017]; root of context hierarchy
Oct 10, 2017 5:04:21 PM org.springframework.beans.factory.xml.XmlBeanDefinitionReader loadBeanDefinitions
INFO: Loading XML bean definitions from class path resource [applicationContext.xml]
Oct 10, 2017 5:04:21 PM org.springframework.context.support.ClassPathXmlApplicationContext prepareRefresh
INFO: Refreshing org.springframework.context.support.ClassPathXmlApplicationContext@18f64c97: startup date [Tue Oct 10 17:04:21 EDT 2017]; root of context hierarchy
Oct 10, 2017 5:04:21 PM org.springframework.beans.factory.xml.XmlBeanDefinitionReader loadBeanDefinitions
INFO: Loading XML bean definitions from class path resource [applicationContext.xml]
Oct 10, 2017 5:04:21 PM org.springframework.context.support.ClassPathXmlApplicationContext prepareRefresh
INFO: Refreshing org.springframework.context.support.ClassPathXmlApplicationContext@54d42ac5: startup date [Tue Oct 10 17:04:21 EDT 2017]; root of context hierarchy
Oct 10, 2017 5:04:21 PM org.springframework.beans.factory.xml.XmlBeanDefinitionReader loadBeanDefinitions
INFO: Loading XML bean definitions from class path resource [applicationContext.xml]
Oct 10, 2017 5:04:21 PM org.springframework.context.support.ClassPathXmlApplicationContext prepareRefresh
INFO: Refreshing org.springframework.context.support.ClassPathXmlApplicationContext@47610926: startup date [Tue Oct 10 17:04:21 EDT 2017]; root of context hierarchy
Oct 10, 2017 5:04:21 PM org.springframework.beans.factory.xml.XmlBeanDefinitionReader loadBeanDefinitions
INFO: Loading XML bean definitions from class path resource [applicationContext.xml]
Oct 10, 2017 5:04:21 PM org.springframework.context.support.ClassPathXmlApplicationContext prepareRefresh
INFO: Refreshing org.springframework.context.support.ClassPathXmlApplicationContext@4222c244: startup date [Tue Oct 10 17:04:21 EDT 2017]; root of context hierarchy
Oct 10, 2017 5:04:21 PM org.springframework.beans.factory.xml.XmlBeanDefinitionReader loadBeanDefinitions
INFO: Loading XML bean definitions from class path resource [applicationContext.xml]
Oct 10, 2017 5:04:21 PM org.springframework.context.support.ClassPathXmlApplicationContext prepareRefresh
INFO: Refreshing org.springframework.context.support.ClassPathXmlApplicationContext@6e7d42e1: startup date [Tue Oct 10 17:04:21 EDT 2017]; root of context hierarchy
Oct 10, 2017 5:04:21 PM org.springframework.beans.factory.xml.XmlBeanDefinitionReader loadBeanDefinitions
INFO: Loading XML bean definitions from class path resource [applicationContext.xml]
Oct 10, 2017 5:04:21 PM org.springframework.context.support.ClassPathXmlApplicationContext prepareRefresh
INFO: Refreshing org.springframework.context.support.ClassPathXmlApplicationContext@36810dee: startup date [Tue Oct 10 17:04:21 EDT 2017]; root of context hierarchy
Oct 10, 2017 5:04:21 PM org.springframework.beans.factory.xml.XmlBeanDefinitionReader loadBeanDefinitions
INFO: Loading XML bean definitions from class path resource [applicationContext.xml]
Oct 10, 2017 5:04:21 PM org.springframework.context.support.ClassPathXmlApplicationContext prepareRefresh
INFO: Refreshing org.springframework.context.support.ClassPathXmlApplicationContext@4bbe5f13: startup date [Tue Oct 10 17:04:21 EDT 2017]; root of context hierarchy
Oct 10, 2017 5:04:21 PM org.springframework.beans.factory.xml.XmlBeanDefinitionReader loadBeanDefinitions
INFO: Loading XML bean definitions from class path resource [applicationContext.xml]
Oct 10, 2017 5:04:21 PM org.springframework.context.support.ClassPathXmlApplicationContext prepareRefresh
INFO: Refreshing org.springframework.context.support.ClassPathXmlApplicationContext@5cb5e497: startup date [Tue Oct 10 17:04:21 EDT 2017]; root of context hierarchy
Oct 10, 2017 5:04:21 PM org.springframework.beans.factory.xml.XmlBeanDefinitionReader loadBeanDefinitions
INFO: Loading XML bean definitions from class path resource [applicationContext.xml]
Oct 10, 2017 5:04:21 PM org.springframework.context.support.ClassPathXmlApplicationContext prepareRefresh
INFO: Refreshing org.springframework.context.support.ClassPathXmlApplicationContext@6735efa0: startup date [Tue Oct 10 17:04:21 EDT 2017]; root of context hierarchy
Oct 10, 2017 5:04:21 PM org.springframework.beans.factory.xml.XmlBeanDefinitionReader loadBeanDefinitions
INFO: Loading XML bean definitions from class path resource [applicationContext.xml]
Oct 10, 2017 5:04:21 PM org.springframework.context.support.ClassPathXmlApplicationContext prepareRefresh
INFO: Refreshing org.springframework.context.support.ClassPathXmlApplicationContext@50b81c2a: startup date [Tue Oct 10 17:04:21 EDT 2017]; root of context hierarchy
Oct 10, 2017 5:04:21 PM org.springframework.beans.factory.xml.XmlBeanDefinitionReader loadBeanDefinitions
INFO: Loading XML bean definitions from class path resource [applicationContext.xml]
Oct 10, 2017 5:04:21 PM org.springframework.context.support.ClassPathXmlApplicationContext prepareRefresh
INFO: Refreshing org.springframework.context.support.ClassPathXmlApplicationContext@750c9ab6: startup date [Tue Oct 10 17:04:21 EDT 2017]; root of context hierarchy
Oct 10, 2017 5:04:21 PM org.springframework.beans.factory.xml.XmlBeanDefinitionReader loadBeanDefinitions
INFO: Loading XML bean definitions from class path resource [applicationContext.xml]
Oct 10, 2017 5:04:21 PM org.springframework.context.support.ClassPathXmlApplicationContext prepareRefresh
INFO: Refreshing org.springframework.context.support.ClassPathXmlApplicationContext@15944f1a: startup date [Tue Oct 10 17:04:21 EDT 2017]; root of context hierarchy
Oct 10, 2017 5:04:21 PM org.springframework.beans.factory.xml.XmlBeanDefinitionReader loadBeanDefinitions
INFO: Loading XML bean definitions from class path resource [applicationContext.xml]
Oct 10, 2017 5:04:21 PM org.springframework.context.support.ClassPathXmlApplicationContext prepareRefresh
INFO: Refreshing org.springframework.context.support.ClassPathXmlApplicationContext@2e7cfb2a: startup date [Tue Oct 10 17:04:21 EDT 2017]; root of context hierarchy
Oct 10, 2017 5:04:21 PM org.springframework.beans.factory.xml.XmlBeanDefinitionReader loadBeanDefinitions
INFO: Loading XML bean definitions from class path resource [applicationContext.xml]
Oct 10, 2017 5:04:21 PM org.springframework.context.support.ClassPathXmlApplicationContext prepareRefresh
INFO: Refreshing org.springframework.context.support.ClassPathXmlApplicationContext@56b9e42b: startup date [Tue Oct 10 17:04:21 EDT 2017]; root of context hierarchy
Oct 10, 2017 5:04:21 PM org.springframework.beans.factory.xml.XmlBeanDefinitionReader loadBeanDefinitions
INFO: Loading XML bean definitions from class path resource [applicationContext.xml]
Oct 10, 2017 5:04:21 PM org.springframework.context.support.ClassPathXmlApplicationContext prepareRefresh
INFO: Refreshing org.springframework.context.support.ClassPathXmlApplicationContext@79ed45eb: startup date [Tue Oct 10 17:04:21 EDT 2017]; root of context hierarchy
Oct 10, 2017 5:04:21 PM org.springframework.beans.factory.xml.XmlBeanDefinitionReader loadBeanDefinitions
INFO: Loading XML bean definitions from class path resource [applicationContext.xml]
Oct 10, 2017 5:04:21 PM org.springframework.context.support.ClassPathXmlApplicationContext prepareRefresh
INFO: Refreshing org.springframework.context.support.ClassPathXmlApplicationContext@6bbda6c6: startup date [Tue Oct 10 17:04:21 EDT 2017]; root of context hierarchy
Oct 10, 2017 5:04:21 PM org.springframework.beans.factory.xml.XmlBeanDefinitionReader loadBeanDefinitions
INFO: Loading XML bean definitions from class path resource [applicationContext.xml]
Oct 10, 2017 5:04:21 PM org.springframework.context.support.ClassPathXmlApplicationContext prepareRefresh
INFO: Refreshing org.springframework.context.support.ClassPathXmlApplicationContext@4e08ab3d: startup date [Tue Oct 10 17:04:21 EDT 2017]; root of context hierarchy
Oct 10, 2017 5:04:21 PM org.springframework.beans.factory.xml.XmlBeanDefinitionReader loadBeanDefinitions
INFO: Loading XML bean definitions from class path resource [applicationContext.xml]
Oct 10, 2017 5:04:21 PM org.springframework.context.support.ClassPathXmlApplicationContext prepareRefresh
INFO: Refreshing org.springframework.context.support.ClassPathXmlApplicationContext@342c581: startup date [Tue Oct 10 17:04:21 EDT 2017]; root of context hierarchy
Oct 10, 2017 5:04:21 PM org.springframework.beans.factory.xml.XmlBeanDefinitionReader loadBeanDefinitions
INFO: Loading XML bean definitions from class path resource [applicationContext.xml]
Oct 10, 2017 5:04:21 PM org.springframework.context.support.ClassPathXmlApplicationContext prepareRefresh
INFO: Refreshing org.springframework.context.support.ClassPathXmlApplicationContext@3a9aacb9: startup date [Tue Oct 10 17:04:21 EDT 2017]; root of context hierarchy
Oct 10, 2017 5:04:21 PM org.springframework.beans.factory.xml.XmlBeanDefinitionReader loadBeanDefinitions
INFO: Loading XML bean definitions from class path resource [applicationContext.xml]
Oct 10, 2017 5:04:21 PM org.springframework.context.support.ClassPathXmlApplicationContext prepareRefresh
INFO: Refreshing org.springframework.context.support.ClassPathXmlApplicationContext@4306b26e: startup date [Tue Oct 10 17:04:21 EDT 2017]; root of context hierarchy
Oct 10, 2017 5:04:21 PM org.springframework.beans.factory.xml.XmlBeanDefinitionReader loadBeanDefinitions
INFO: Loading XML bean definitions from class path resource [applicationContext.xml]
Oct 10, 2017 5:04:21 PM org.springframework.context.support.ClassPathXmlApplicationContext prepareRefresh
INFO: Refreshing org.springframework.context.support.ClassPathXmlApplicationContext@6f236a30: startup date [Tue Oct 10 17:04:21 EDT 2017]; root of context hierarchy
Oct 10, 2017 5:04:21 PM org.springframework.beans.factory.xml.XmlBeanDefinitionReader loadBeanDefinitions
INFO: Loading XML bean definitions from class path resource [applicationContext.xml]
Oct 10, 2017 5:04:21 PM org.springframework.context.support.ClassPathXmlApplicationContext prepareRefresh
INFO: Refreshing org.springframework.context.support.ClassPathXmlApplicationContext@3c36402e: startup date [Tue Oct 10 17:04:21 EDT 2017]; root of context hierarchy
Oct 10, 2017 5:04:21 PM org.springframework.beans.factory.xml.XmlBeanDefinitionReader loadBeanDefinitions
INFO: Loading XML bean definitions from class path resource [applicationContext.xml]
Oct 10, 2017 5:04:22 PM org.springframework.context.support.ClassPathXmlApplicationContext prepareRefresh
INFO: Refreshing org.springframework.context.support.ClassPathXmlApplicationContext@122370: startup date [Tue Oct 10 17:04:22 EDT 2017]; root of context hierarchy
Oct 10, 2017 5:04:22 PM org.springframework.beans.factory.xml.XmlBeanDefinitionReader loadBeanDefinitions
INFO: Loading XML bean definitions from class path resource [applicationContext.xml]
Oct 10, 2017 5:04:22 PM org.springframework.context.support.ClassPathXmlApplicationContext prepareRefresh
INFO: Refreshing org.springframework.context.support.ClassPathXmlApplicationContext@1315304e: startup date [Tue Oct 10 17:04:22 EDT 2017]; root of context hierarchy
Oct 10, 2017 5:04:22 PM org.springframework.beans.factory.xml.XmlBeanDefinitionReader loadBeanDefinitions
INFO: Loading XML bean definitions from class path resource [applicationContext.xml]
Oct 10, 2017 5:04:22 PM org.springframework.context.support.ClassPathXmlApplicationContext prepareRefresh
INFO: Refreshing org.springframework.context.support.ClassPathXmlApplicationContext@19706691: startup date [Tue Oct 10 17:04:22 EDT 2017]; root of context hierarchy
Oct 10, 2017 5:04:22 PM org.springframework.beans.factory.xml.XmlBeanDefinitionReader loadBeanDefinitions
INFO: Loading XML bean definitions from class path resource [applicationContext.xml]
Oct 10, 2017 5:04:22 PM org.springframework.context.support.ClassPathXmlApplicationContext prepareRefresh
INFO: Refreshing org.springframework.context.support.ClassPathXmlApplicationContext@52f7d79d: startup date [Tue Oct 10 17:04:22 EDT 2017]; root of context hierarchy
Oct 10, 2017 5:04:22 PM org.springframework.beans.factory.xml.XmlBeanDefinitionReader loadBeanDefinitions
INFO: Loading XML bean definitions from class path resource [applicationContext.xml]
Oct 10, 2017 5:04:22 PM org.springframework.context.support.ClassPathXmlApplicationContext prepareRefresh
INFO: Refreshing org.springframework.context.support.ClassPathXmlApplicationContext@3828a536: startup date [Tue Oct 10 17:04:22 EDT 2017]; root of context hierarchy
Oct 10, 2017 5:04:22 PM org.springframework.beans.factory.xml.XmlBeanDefinitionReader loadBeanDefinitions
INFO: Loading XML bean definitions from class path resource [applicationContext.xml]
Oct 10, 2017 5:04:22 PM org.springframework.context.support.ClassPathXmlApplicationContext prepareRefresh
INFO: Refreshing org.springframework.context.support.ClassPathXmlApplicationContext@4a2ae6a9: startup date [Tue Oct 10 17:04:22 EDT 2017]; root of context hierarchy
Oct 10, 2017 5:04:22 PM org.springframework.beans.factory.xml.XmlBeanDefinitionReader loadBeanDefinitions
INFO: Loading XML bean definitions from class path resource [applicationContext.xml]
Oct 10, 2017 5:04:22 PM org.springframework.context.support.ClassPathXmlApplicationContext prepareRefresh
INFO: Refreshing org.springframework.context.support.ClassPathXmlApplicationContext@48f503d0: startup date [Tue Oct 10 17:04:22 EDT 2017]; root of context hierarchy
Oct 10, 2017 5:04:22 PM org.springframework.beans.factory.xml.XmlBeanDefinitionReader loadBeanDefinitions
INFO: Loading XML bean definitions from class path resource [applicationContext.xml]
Oct 10, 2017 5:04:22 PM org.springframework.context.support.ClassPathXmlApplicationContext prepareRefresh
INFO: Refreshing org.springframework.context.support.ClassPathXmlApplicationContext@58983edb: startup date [Tue Oct 10 17:04:22 EDT 2017]; root of context hierarchy
Oct 10, 2017 5:04:22 PM org.springframework.beans.factory.xml.XmlBeanDefinitionReader loadBeanDefinitions
INFO: Loading XML bean definitions from class path resource [applicationContext.xml]
Oct 10, 2017 5:04:22 PM org.springframework.context.support.ClassPathXmlApplicationContext prepareRefresh
INFO: Refreshing org.springframework.context.support.ClassPathXmlApplicationContext@27a7d98: startup date [Tue Oct 10 17:04:22 EDT 2017]; root of context hierarchy
Oct 10, 2017 5:04:22 PM org.springframework.beans.factory.xml.XmlBeanDefinitionReader loadBeanDefinitions
INFO: Loading XML bean definitions from class path resource [applicationContext.xml]
Oct 10, 2017 5:04:22 PM org.springframework.context.support.ClassPathXmlApplicationContext prepareRefresh
INFO: Refreshing org.springframework.context.support.ClassPathXmlApplicationContext@1010aea3: startup date [Tue Oct 10 17:04:22 EDT 2017]; root of context hierarchy
Oct 10, 2017 5:04:22 PM org.springframework.beans.factory.xml.XmlBeanDefinitionReader loadBeanDefinitions
INFO: Loading XML bean definitions from class path resource [applicationContext.xml]
Oct 10, 2017 5:04:22 PM org.springframework.context.support.ClassPathXmlApplicationContext prepareRefresh
INFO: Refreshing org.springframework.context.support.ClassPathXmlApplicationContext@1bf788e9: startup date [Tue Oct 10 17:04:22 EDT 2017]; root of context hierarchy
Oct 10, 2017 5:04:22 PM org.springframework.beans.factory.xml.XmlBeanDefinitionReader loadBeanDefinitions
INFO: Loading XML bean definitions from class path resource [applicationContext.xml]
Oct 10, 2017 5:04:22 PM org.springframework.context.support.ClassPathXmlApplicationContext prepareRefresh
INFO: Refreshing org.springframework.context.support.ClassPathXmlApplicationContext@66494548: startup date [Tue Oct 10 17:04:22 EDT 2017]; root of context hierarchy
Oct 10, 2017 5:04:22 PM org.springframework.beans.factory.xml.XmlBeanDefinitionReader loadBeanDefinitions
INFO: Loading XML bean definitions from class path resource [applicationContext.xml]
Oct 10, 2017 5:04:22 PM org.springframework.context.support.ClassPathXmlApplicationContext prepareRefresh
INFO: Refreshing org.springframework.context.support.ClassPathXmlApplicationContext@72ad009d: startup date [Tue Oct 10 17:04:22 EDT 2017]; root of context hierarchy
Oct 10, 2017 5:04:22 PM org.springframework.beans.factory.xml.XmlBeanDefinitionReader loadBeanDefinitions
INFO: Loading XML bean definitions from class path resource [applicationContext.xml]
Oct 10, 2017 5:04:22 PM org.springframework.context.support.ClassPathXmlApplicationContext prepareRefresh
INFO: Refreshing org.springframework.context.support.ClassPathXmlApplicationContext@6dd9ab59: startup date [Tue Oct 10 17:04:22 EDT 2017]; root of context hierarchy
Oct 10, 2017 5:04:22 PM org.springframework.beans.factory.xml.XmlBeanDefinitionReader loadBeanDefinitions
INFO: Loading XML bean definitions from class path resource [applicationContext.xml]
Oct 10, 2017 5:04:22 PM org.springframework.context.support.ClassPathXmlApplicationContext prepareRefresh
INFO: Refreshing org.springframework.context.support.ClassPathXmlApplicationContext@12db03f3: startup date [Tue Oct 10 17:04:22 EDT 2017]; root of context hierarchy
Oct 10, 2017 5:04:22 PM org.springframework.beans.factory.xml.XmlBeanDefinitionReader loadBeanDefinitions
INFO: Loading XML bean definitions from class path resource [applicationContext.xml]
Oct 10, 2017 5:04:22 PM org.springframework.context.support.ClassPathXmlApplicationContext prepareRefresh
INFO: Refreshing org.springframework.context.support.ClassPathXmlApplicationContext@5dbe66f2: startup date [Tue Oct 10 17:04:22 EDT 2017]; root of context hierarchy
Oct 10, 2017 5:04:22 PM org.springframework.beans.factory.xml.XmlBeanDefinitionReader loadBeanDefinitions
INFO: Loading XML bean definitions from class path resource [applicationContext.xml]
Oct 10, 2017 5:04:22 PM org.springframework.context.support.ClassPathXmlApplicationContext prepareRefresh
INFO: Refreshing org.springframework.context.support.ClassPathXmlApplicationContext@39484c3b: startup date [Tue Oct 10 17:04:22 EDT 2017]; root of context hierarchy
Oct 10, 2017 5:04:22 PM org.springframework.beans.factory.xml.XmlBeanDefinitionReader loadBeanDefinitions
INFO: Loading XML bean definitions from class path resource [applicationContext.xml]
Oct 10, 2017 5:04:22 PM org.springframework.context.support.ClassPathXmlApplicationContext prepareRefresh
INFO: Refreshing org.springframework.context.support.ClassPathXmlApplicationContext@5aa00ed7: startup date [Tue Oct 10 17:04:22 EDT 2017]; root of context hierarchy
Oct 10, 2017 5:04:22 PM org.springframework.beans.factory.xml.XmlBeanDefinitionReader loadBeanDefinitions
INFO: Loading XML bean definitions from class path resource [applicationContext.xml]
Oct 10, 2017 5:04:22 PM org.springframework.context.support.ClassPathXmlApplicationContext prepareRefresh
INFO: Refreshing org.springframework.context.support.ClassPathXmlApplicationContext@2aade5cd: startup date [Tue Oct 10 17:04:22 EDT 2017]; root of context hierarchy
Oct 10, 2017 5:04:22 PM org.springframework.beans.factory.xml.XmlBeanDefinitionReader loadBeanDefinitions
INFO: Loading XML bean definitions from class path resource [applicationContext.xml]
Oct 10, 2017 5:04:22 PM org.springframework.context.support.ClassPathXmlApplicationContext prepareRefresh
INFO: Refreshing org.springframework.context.support.ClassPathXmlApplicationContext@7ed4b43f: startup date [Tue Oct 10 17:04:22 EDT 2017]; root of context hierarchy
Oct 10, 2017 5:04:22 PM org.springframework.beans.factory.xml.XmlBeanDefinitionReader loadBeanDefinitions
INFO: Loading XML bean definitions from class path resource [applicationContext.xml]
Oct 10, 2017 5:04:22 PM org.springframework.context.support.ClassPathXmlApplicationContext prepareRefresh
INFO: Refreshing org.springframework.context.support.ClassPathXmlApplicationContext@5f8e253: startup date [Tue Oct 10 17:04:22 EDT 2017]; root of context hierarchy
Oct 10, 2017 5:04:22 PM org.springframework.beans.factory.xml.XmlBeanDefinitionReader loadBeanDefinitions
INFO: Loading XML bean definitions from class path resource [applicationContext.xml]
Oct 10, 2017 5:04:22 PM org.springframework.context.support.ClassPathXmlApplicationContext prepareRefresh
INFO: Refreshing org.springframework.context.support.ClassPathXmlApplicationContext@19646877: startup date [Tue Oct 10 17:04:22 EDT 2017]; root of context hierarchy
Oct 10, 2017 5:04:22 PM org.springframework.beans.factory.xml.XmlBeanDefinitionReader loadBeanDefinitions
INFO: Loading XML bean definitions from class path resource [applicationContext.xml]
Oct 10, 2017 5:04:22 PM org.springframework.context.support.ClassPathXmlApplicationContext prepareRefresh
INFO: Refreshing org.springframework.context.support.ClassPathXmlApplicationContext@3f26e45f: startup date [Tue Oct 10 17:04:22 EDT 2017]; root of context hierarchy
Oct 10, 2017 5:04:22 PM org.springframework.beans.factory.xml.XmlBeanDefinitionReader loadBeanDefinitions
INFO: Loading XML bean definitions from class path resource [applicationContext.xml]
Oct 10, 2017 5:04:22 PM org.springframework.context.support.ClassPathXmlApplicationContext prepareRefresh
INFO: Refreshing org.springframework.context.support.ClassPathXmlApplicationContext@3f3a1f51: startup date [Tue Oct 10 17:04:22 EDT 2017]; root of context hierarchy
Oct 10, 2017 5:04:22 PM org.springframework.beans.factory.xml.XmlBeanDefinitionReader loadBeanDefinitions
INFO: Loading XML bean definitions from class path resource [applicationContext.xml]
Oct 10, 2017 5:04:22 PM org.springframework.context.support.ClassPathXmlApplicationContext prepareRefresh
INFO: Refreshing org.springframework.context.support.ClassPathXmlApplicationContext@207482f8: startup date [Tue Oct 10 17:04:22 EDT 2017]; root of context hierarchy
Oct 10, 2017 5:04:22 PM org.springframework.beans.factory.xml.XmlBeanDefinitionReader loadBeanDefinitions
INFO: Loading XML bean definitions from class path resource [applicationContext.xml]
Oct 10, 2017 5:04:22 PM org.springframework.context.support.ClassPathXmlApplicationContext prepareRefresh
INFO: Refreshing org.springframework.context.support.ClassPathXmlApplicationContext@31ffc218: startup date [Tue Oct 10 17:04:22 EDT 2017]; root of context hierarchy
Oct 10, 2017 5:04:22 PM org.springframework.beans.factory.xml.XmlBeanDefinitionReader loadBeanDefinitions
INFO: Loading XML bean definitions from class path resource [applicationContext.xml]
Oct 10, 2017 5:04:22 PM org.springframework.context.support.ClassPathXmlApplicationContext prepareRefresh
INFO: Refreshing org.springframework.context.support.ClassPathXmlApplicationContext@4180cd88: startup date [Tue Oct 10 17:04:22 EDT 2017]; root of context hierarchy
Oct 10, 2017 5:04:22 PM org.springframework.beans.factory.xml.XmlBeanDefinitionReader loadBeanDefinitions
INFO: Loading XML bean definitions from class path resource [applicationContext.xml]
Oct 10, 2017 5:04:22 PM org.springframework.context.support.ClassPathXmlApplicationContext prepareRefresh
INFO: Refreshing org.springframework.context.support.ClassPathXmlApplicationContext@4a5e3fca: startup date [Tue Oct 10 17:04:22 EDT 2017]; root of context hierarchy
Oct 10, 2017 5:04:22 PM org.springframework.beans.factory.xml.XmlBeanDefinitionReader loadBeanDefinitions
INFO: Loading XML bean definitions from class path resource [applicationContext.xml]
Oct 10, 2017 5:04:22 PM org.springframework.context.support.ClassPathXmlApplicationContext prepareRefresh
INFO: Refreshing org.springframework.context.support.ClassPathXmlApplicationContext@4ac99d03: startup date [Tue Oct 10 17:04:22 EDT 2017]; root of context hierarchy
Oct 10, 2017 5:04:22 PM org.springframework.beans.factory.xml.XmlBeanDefinitionReader loadBeanDefinitions
INFO: Loading XML bean definitions from class path resource [applicationContext.xml]
Oct 10, 2017 5:04:22 PM org.springframework.context.support.ClassPathXmlApplicationContext prepareRefresh
INFO: Refreshing org.springframework.context.support.ClassPathXmlApplicationContext@4df614f3: startup date [Tue Oct 10 17:04:22 EDT 2017]; root of context hierarchy
Oct 10, 2017 5:04:22 PM org.springframework.beans.factory.xml.XmlBeanDefinitionReader loadBeanDefinitions
INFO: Loading XML bean definitions from class path resource [applicationContext.xml]
Oct 10, 2017 5:04:22 PM org.springframework.context.support.ClassPathXmlApplicationContext prepareRefresh
INFO: Refreshing org.springframework.context.support.ClassPathXmlApplicationContext@50a1c2c1: startup date [Tue Oct 10 17:04:22 EDT 2017]; root of context hierarchy
Oct 10, 2017 5:04:22 PM org.springframework.beans.factory.xml.XmlBeanDefinitionReader loadBeanDefinitions
INFO: Loading XML bean definitions from class path resource [applicationContext.xml]
Oct 10, 2017 5:04:22 PM org.springframework.context.support.ClassPathXmlApplicationContext prepareRefresh
INFO: Refreshing org.springframework.context.support.ClassPathXmlApplicationContext@23cd1dfc: startup date [Tue Oct 10 17:04:22 EDT 2017]; root of context hierarchy
Oct 10, 2017 5:04:22 PM org.springframework.beans.factory.xml.XmlBeanDefinitionReader loadBeanDefinitions
INFO: Loading XML bean definitions from class path resource [applicationContext.xml]
Oct 10, 2017 5:04:22 PM org.springframework.context.support.ClassPathXmlApplicationContext prepareRefresh
INFO: Refreshing org.springframework.context.support.ClassPathXmlApplicationContext@2ef1e37d: startup date [Tue Oct 10 17:04:22 EDT 2017]; root of context hierarchy
Oct 10, 2017 5:04:22 PM org.springframework.beans.factory.xml.XmlBeanDefinitionReader loadBeanDefinitions
INFO: Loading XML bean definitions from class path resource [applicationContext.xml]
Oct 10, 2017 5:04:22 PM org.springframework.context.support.ClassPathXmlApplicationContext prepareRefresh
INFO: Refreshing org.springframework.context.support.ClassPathXmlApplicationContext@1ee02723: startup date [Tue Oct 10 17:04:22 EDT 2017]; root of context hierarchy
Oct 10, 2017 5:04:22 PM org.springframework.beans.factory.xml.XmlBeanDefinitionReader loadBeanDefinitions
INFO: Loading XML bean definitions from class path resource [applicationContext.xml]
Oct 10, 2017 5:04:22 PM org.springframework.context.support.ClassPathXmlApplicationContext prepareRefresh
INFO: Refreshing org.springframework.context.support.ClassPathXmlApplicationContext@65550c07: startup date [Tue Oct 10 17:04:22 EDT 2017]; root of context hierarchy
Oct 10, 2017 5:04:22 PM org.springframework.beans.factory.xml.XmlBeanDefinitionReader loadBeanDefinitions
INFO: Loading XML bean definitions from class path resource [applicationContext.xml]
Oct 10, 2017 5:04:22 PM org.springframework.context.support.ClassPathXmlApplicationContext prepareRefresh
INFO: Refreshing org.springframework.context.support.ClassPathXmlApplicationContext@243c9bff: startup date [Tue Oct 10 17:04:22 EDT 2017]; root of context hierarchy
Oct 10, 2017 5:04:22 PM org.springframework.beans.factory.xml.XmlBeanDefinitionReader loadBeanDefinitions
INFO: Loading XML bean definitions from class path resource [applicationContext.xml]
Oct 10, 2017 5:04:22 PM org.springframework.context.support.ClassPathXmlApplicationContext prepareRefresh
INFO: Refreshing org.springframework.context.support.ClassPathXmlApplicationContext@47038632: startup date [Tue Oct 10 17:04:22 EDT 2017]; root of context hierarchy
Oct 10, 2017 5:04:22 PM org.springframework.beans.factory.xml.XmlBeanDefinitionReader loadBeanDefinitions
INFO: Loading XML bean definitions from class path resource [applicationContext.xml]
Oct 10, 2017 5:04:22 PM org.springframework.context.support.ClassPathXmlApplicationContext prepareRefresh
INFO: Refreshing org.springframework.context.support.ClassPathXmlApplicationContext@625b652f: startup date [Tue Oct 10 17:04:22 EDT 2017]; root of context hierarchy
Oct 10, 2017 5:04:22 PM org.springframework.beans.factory.xml.XmlBeanDefinitionReader loadBeanDefinitions
INFO: Loading XML bean definitions from class path resource [applicationContext.xml]
Oct 10, 2017 5:04:22 PM org.springframework.context.support.ClassPathXmlApplicationContext prepareRefresh
INFO: Refreshing org.springframework.context.support.ClassPathXmlApplicationContext@2204f9c7: startup date [Tue Oct 10 17:04:22 EDT 2017]; root of context hierarchy
Oct 10, 2017 5:04:22 PM org.springframework.beans.factory.xml.XmlBeanDefinitionReader loadBeanDefinitions
INFO: Loading XML bean definitions from class path resource [applicationContext.xml]
Oct 10, 2017 5:04:22 PM org.springframework.context.support.ClassPathXmlApplicationContext prepareRefresh
INFO: Refreshing org.springframework.context.support.ClassPathXmlApplicationContext@3ad35c58: startup date [Tue Oct 10 17:04:22 EDT 2017]; root of context hierarchy
Oct 10, 2017 5:04:22 PM org.springframework.beans.factory.xml.XmlBeanDefinitionReader loadBeanDefinitions
INFO: Loading XML bean definitions from class path resource [applicationContext.xml]
Oct 10, 2017 5:04:22 PM org.springframework.context.support.ClassPathXmlApplicationContext prepareRefresh
INFO: Refreshing org.springframework.context.support.ClassPathXmlApplicationContext@19ce1f9a: startup date [Tue Oct 10 17:04:22 EDT 2017]; root of context hierarchy
Oct 10, 2017 5:04:22 PM org.springframework.beans.factory.xml.XmlBeanDefinitionReader loadBeanDefinitions
INFO: Loading XML bean definitions from class path resource [applicationContext.xml]
Oct 10, 2017 5:04:22 PM org.springframework.context.support.ClassPathXmlApplicationContext prepareRefresh
INFO: Refreshing org.springframework.context.support.ClassPathXmlApplicationContext@24cb9078: startup date [Tue Oct 10 17:04:22 EDT 2017]; root of context hierarchy
Oct 10, 2017 5:04:22 PM org.springframework.beans.factory.xml.XmlBeanDefinitionReader loadBeanDefinitions
INFO: Loading XML bean definitions from class path resource [applicationContext.xml]
Oct 10, 2017 5:04:22 PM org.springframework.context.support.ClassPathXmlApplicationContext prepareRefresh
INFO: Refreshing org.springframework.context.support.ClassPathXmlApplicationContext@21317dc2: startup date [Tue Oct 10 17:04:22 EDT 2017]; root of context hierarchy
Oct 10, 2017 5:04:22 PM org.springframework.beans.factory.xml.XmlBeanDefinitionReader loadBeanDefinitions
INFO: Loading XML bean definitions from class path resource [applicationContext.xml]
Oct 10, 2017 5:04:22 PM org.springframework.context.support.ClassPathXmlApplicationContext prepareRefresh
INFO: Refreshing org.springframework.context.support.ClassPathXmlApplicationContext@d36cfd2: startup date [Tue Oct 10 17:04:22 EDT 2017]; root of context hierarchy
Oct 10, 2017 5:04:22 PM org.springframework.beans.factory.xml.XmlBeanDefinitionReader loadBeanDefinitions
INFO: Loading XML bean definitions from class path resource [applicationContext.xml]
Oct 10, 2017 5:04:22 PM org.springframework.context.support.ClassPathXmlApplicationContext prepareRefresh
INFO: Refreshing org.springframework.context.support.ClassPathXmlApplicationContext@7b2b01a6: startup date [Tue Oct 10 17:04:22 EDT 2017]; root of context hierarchy
Oct 10, 2017 5:04:22 PM org.springframework.beans.factory.xml.XmlBeanDefinitionReader loadBeanDefinitions
INFO: Loading XML bean definitions from class path resource [applicationContext.xml]
Oct 10, 2017 5:04:22 PM org.springframework.context.support.ClassPathXmlApplicationContext prepareRefresh
INFO: Refreshing org.springframework.context.support.ClassPathXmlApplicationContext@5500d568: startup date [Tue Oct 10 17:04:22 EDT 2017]; root of context hierarchy
Oct 10, 2017 5:04:22 PM org.springframework.beans.factory.xml.XmlBeanDefinitionReader loadBeanDefinitions
INFO: Loading XML bean definitions from class path resource [applicationContext.xml]
Oct 10, 2017 5:04:22 PM org.springframework.context.support.ClassPathXmlApplicationContext prepareRefresh
INFO: Refreshing org.springframework.context.support.ClassPathXmlApplicationContext@3b9605ac: startup date [Tue Oct 10 17:04:22 EDT 2017]; root of context hierarchy
Oct 10, 2017 5:04:22 PM org.springframework.beans.factory.xml.XmlBeanDefinitionReader loadBeanDefinitions
INFO: Loading XML bean definitions from class path resource [applicationContext.xml]
Oct 10, 2017 5:04:22 PM org.springframework.context.support.ClassPathXmlApplicationContext prepareRefresh
INFO: Refreshing org.springframework.context.support.ClassPathXmlApplicationContext@16ac3fe1: startup date [Tue Oct 10 17:04:22 EDT 2017]; root of context hierarchy
Oct 10, 2017 5:04:22 PM org.springframework.beans.factory.xml.XmlBeanDefinitionReader loadBeanDefinitions
INFO: Loading XML bean definitions from class path resource [applicationContext.xml]
Oct 10, 2017 5:04:22 PM org.springframework.context.support.ClassPathXmlApplicationContext prepareRefresh
INFO: Refreshing org.springframework.context.support.ClassPathXmlApplicationContext@5ed218be: startup date [Tue Oct 10 17:04:22 EDT 2017]; root of context hierarchy
Oct 10, 2017 5:04:22 PM org.springframework.beans.factory.xml.XmlBeanDefinitionReader loadBeanDefinitions
INFO: Loading XML bean definitions from class path resource [applicationContext.xml]
Oct 10, 2017 5:04:22 PM org.springframework.context.support.ClassPathXmlApplicationContext prepareRefresh
INFO: Refreshing org.springframework.context.support.ClassPathXmlApplicationContext@6d19e0f2: startup date [Tue Oct 10 17:04:22 EDT 2017]; root of context hierarchy
Oct 10, 2017 5:04:22 PM org.springframework.beans.factory.xml.XmlBeanDefinitionReader loadBeanDefinitions
INFO: Loading XML bean definitions from class path resource [applicationContext.xml]
Oct 10, 2017 5:04:22 PM org.springframework.context.support.ClassPathXmlApplicationContext prepareRefresh
INFO: Refreshing org.springframework.context.support.ClassPathXmlApplicationContext@4c5218ab: startup date [Tue Oct 10 17:04:22 EDT 2017]; root of context hierarchy
Oct 10, 2017 5:04:22 PM org.springframework.beans.factory.xml.XmlBeanDefinitionReader loadBeanDefinitions
INFO: Loading XML bean definitions from class path resource [applicationContext.xml]
Oct 10, 2017 5:04:22 PM org.springframework.context.support.ClassPathXmlApplicationContext prepareRefresh
INFO: Refreshing org.springframework.context.support.ClassPathXmlApplicationContext@4f6d194d: startup date [Tue Oct 10 17:04:22 EDT 2017]; root of context hierarchy
Oct 10, 2017 5:04:22 PM org.springframework.beans.factory.xml.XmlBeanDefinitionReader loadBeanDefinitions
INFO: Loading XML bean definitions from class path resource [applicationContext.xml]
Oct 10, 2017 5:04:22 PM org.springframework.context.support.ClassPathXmlApplicationContext prepareRefresh
INFO: Refreshing org.springframework.context.support.ClassPathXmlApplicationContext@1fd11f9f: startup date [Tue Oct 10 17:04:22 EDT 2017]; root of context hierarchy
Oct 10, 2017 5:04:22 PM org.springframework.beans.factory.xml.XmlBeanDefinitionReader loadBeanDefinitions
INFO: Loading XML bean definitions from class path resource [applicationContext.xml]
Oct 10, 2017 5:04:22 PM org.springframework.context.support.ClassPathXmlApplicationContext prepareRefresh
INFO: Refreshing org.springframework.context.support.ClassPathXmlApplicationContext@5057e42e: startup date [Tue Oct 10 17:04:22 EDT 2017]; root of context hierarchy
Oct 10, 2017 5:04:22 PM org.springframework.beans.factory.xml.XmlBeanDefinitionReader loadBeanDefinitions
INFO: Loading XML bean definitions from class path resource [applicationContext.xml]
Oct 10, 2017 5:04:22 PM org.springframework.context.support.ClassPathXmlApplicationContext prepareRefresh
INFO: Refreshing org.springframework.context.support.ClassPathXmlApplicationContext@36863ae: startup date [Tue Oct 10 17:04:22 EDT 2017]; root of context hierarchy
Oct 10, 2017 5:04:22 PM org.springframework.beans.factory.xml.XmlBeanDefinitionReader loadBeanDefinitions
INFO: Loading XML bean definitions from class path resource [applicationContext.xml]
Oct 10, 2017 5:04:22 PM org.springframework.context.support.ClassPathXmlApplicationContext prepareRefresh
INFO: Refreshing org.springframework.context.support.ClassPathXmlApplicationContext@1ec481cd: startup date [Tue Oct 10 17:04:22 EDT 2017]; root of context hierarchy
Oct 10, 2017 5:04:22 PM org.springframework.beans.factory.xml.XmlBeanDefinitionReader loadBeanDefinitions
INFO: Loading XML bean definitions from class path resource [applicationContext.xml]
Oct 10, 2017 5:04:22 PM org.springframework.context.support.ClassPathXmlApplicationContext prepareRefresh
INFO: Refreshing org.springframework.context.support.ClassPathXmlApplicationContext@b62ac75: startup date [Tue Oct 10 17:04:22 EDT 2017]; root of context hierarchy
Oct 10, 2017 5:04:22 PM org.springframework.beans.factory.xml.XmlBeanDefinitionReader loadBeanDefinitions
INFO: Loading XML bean definitions from class path resource [applicationContext.xml]
Oct 10, 2017 5:04:22 PM org.springframework.context.support.ClassPathXmlApplicationContext prepareRefresh
INFO: Refreshing org.springframework.context.support.ClassPathXmlApplicationContext@1a9592d6: startup date [Tue Oct 10 17:04:22 EDT 2017]; root of context hierarchy
Oct 10, 2017 5:04:22 PM org.springframework.beans.factory.xml.XmlBeanDefinitionReader loadBeanDefinitions
INFO: Loading XML bean definitions from class path resource [applicationContext.xml]
Oct 10, 2017 5:04:22 PM org.springframework.context.support.ClassPathXmlApplicationContext prepareRefresh
INFO: Refreshing org.springframework.context.support.ClassPathXmlApplicationContext@4fac1229: startup date [Tue Oct 10 17:04:22 EDT 2017]; root of context hierarchy
Oct 10, 2017 5:04:22 PM org.springframework.beans.factory.xml.XmlBeanDefinitionReader loadBeanDefinitions
INFO: Loading XML bean definitions from class path resource [applicationContext.xml]
Oct 10, 2017 5:04:22 PM org.springframework.context.support.ClassPathXmlApplicationContext prepareRefresh
INFO: Refreshing org.springframework.context.support.ClassPathXmlApplicationContext@5fd80ca1: startup date [Tue Oct 10 17:04:22 EDT 2017]; root of context hierarchy
Oct 10, 2017 5:04:22 PM org.springframework.beans.factory.xml.XmlBeanDefinitionReader loadBeanDefinitions
INFO: Loading XML bean definitions from class path resource [applicationContext.xml]
Oct 10, 2017 5:04:22 PM org.springframework.context.support.ClassPathXmlApplicationContext prepareRefresh
INFO: Refreshing org.springframework.context.support.ClassPathXmlApplicationContext@762ef883: startup date [Tue Oct 10 17:04:22 EDT 2017]; root of context hierarchy
Oct 10, 2017 5:04:22 PM org.springframework.beans.factory.xml.XmlBeanDefinitionReader loadBeanDefinitions
INFO: Loading XML bean definitions from class path resource [applicationContext.xml]
Oct 10, 2017 5:04:22 PM org.springframework.context.support.ClassPathXmlApplicationContext prepareRefresh
INFO: Refreshing org.springframework.context.support.ClassPathXmlApplicationContext@7e6ef5c1: startup date [Tue Oct 10 17:04:22 EDT 2017]; root of context hierarchy
Oct 10, 2017 5:04:22 PM org.springframework.beans.factory.xml.XmlBeanDefinitionReader loadBeanDefinitions
INFO: Loading XML bean definitions from class path resource [applicationContext.xml]
Oct 10, 2017 5:04:22 PM org.springframework.context.support.ClassPathXmlApplicationContext prepareRefresh
INFO: Refreshing org.springframework.context.support.ClassPathXmlApplicationContext@1f059835: startup date [Tue Oct 10 17:04:22 EDT 2017]; root of context hierarchy
Oct 10, 2017 5:04:22 PM org.springframework.beans.factory.xml.XmlBeanDefinitionReader loadBeanDefinitions
INFO: Loading XML bean definitions from class path resource [applicationContext.xml]
Oct 10, 2017 5:04:22 PM org.springframework.context.support.ClassPathXmlApplicationContext prepareRefresh
INFO: Refreshing org.springframework.context.support.ClassPathXmlApplicationContext@2da7f9b: startup date [Tue Oct 10 17:04:22 EDT 2017]; root of context hierarchy
Oct 10, 2017 5:04:22 PM org.springframework.beans.factory.xml.XmlBeanDefinitionReader loadBeanDefinitions
INFO: Loading XML bean definitions from class path resource [applicationContext.xml]
Oct 10, 2017 5:04:22 PM org.springframework.context.support.ClassPathXmlApplicationContext prepareRefresh
INFO: Refreshing org.springframework.context.support.ClassPathXmlApplicationContext@3bbb4144: startup date [Tue Oct 10 17:04:22 EDT 2017]; root of context hierarchy
Oct 10, 2017 5:04:22 PM org.springframework.beans.factory.xml.XmlBeanDefinitionReader loadBeanDefinitions
INFO: Loading XML bean definitions from class path resource [applicationContext.xml]
Oct 10, 2017 5:04:22 PM org.springframework.context.support.ClassPathXmlApplicationContext prepareRefresh
INFO: Refreshing org.springframework.context.support.ClassPathXmlApplicationContext@6321ae94: startup date [Tue Oct 10 17:04:22 EDT 2017]; root of context hierarchy
Oct 10, 2017 5:04:22 PM org.springframework.beans.factory.xml.XmlBeanDefinitionReader loadBeanDefinitions
INFO: Loading XML bean definitions from class path resource [applicationContext.xml]
Oct 10, 2017 5:04:22 PM org.springframework.context.support.ClassPathXmlApplicationContext prepareRefresh
INFO: Refreshing org.springframework.context.support.ClassPathXmlApplicationContext@6ff125e3: startup date [Tue Oct 10 17:04:22 EDT 2017]; root of context hierarchy
Oct 10, 2017 5:04:22 PM org.springframework.beans.factory.xml.XmlBeanDefinitionReader loadBeanDefinitions
INFO: Loading XML bean definitions from class path resource [applicationContext.xml]
Oct 10, 2017 5:04:22 PM org.springframework.context.support.ClassPathXmlApplicationContext prepareRefresh
INFO: Refreshing org.springframework.context.support.ClassPathXmlApplicationContext@5ac296b5: startup date [Tue Oct 10 17:04:22 EDT 2017]; root of context hierarchy
Oct 10, 2017 5:04:22 PM org.springframework.beans.factory.xml.XmlBeanDefinitionReader loadBeanDefinitions
INFO: Loading XML bean definitions from class path resource [applicationContext.xml]
Oct 10, 2017 5:04:22 PM org.springframework.context.support.ClassPathXmlApplicationContext prepareRefresh
INFO: Refreshing org.springframework.context.support.ClassPathXmlApplicationContext@1fa6b7e8: startup date [Tue Oct 10 17:04:22 EDT 2017]; root of context hierarchy
Oct 10, 2017 5:04:22 PM org.springframework.beans.factory.xml.XmlBeanDefinitionReader loadBeanDefinitions
INFO: Loading XML bean definitions from class path resource [applicationContext.xml]
Oct 10, 2017 5:04:22 PM org.springframework.context.support.ClassPathXmlApplicationContext prepareRefresh
INFO: Refreshing org.springframework.context.support.ClassPathXmlApplicationContext@4bef30cb: startup date [Tue Oct 10 17:04:22 EDT 2017]; root of context hierarchy
Oct 10, 2017 5:04:22 PM org.springframework.beans.factory.xml.XmlBeanDefinitionReader loadBeanDefinitions
INFO: Loading XML bean definitions from class path resource [applicationContext.xml]
Oct 10, 2017 5:04:22 PM org.springframework.context.support.ClassPathXmlApplicationContext prepareRefresh
INFO: Refreshing org.springframework.context.support.ClassPathXmlApplicationContext@6ac7e5ac: startup date [Tue Oct 10 17:04:22 EDT 2017]; root of context hierarchy
Oct 10, 2017 5:04:22 PM org.springframework.beans.factory.xml.XmlBeanDefinitionReader loadBeanDefinitions
INFO: Loading XML bean definitions from class path resource [applicationContext.xml]
Oct 10, 2017 5:04:22 PM org.springframework.context.support.ClassPathXmlApplicationContext prepareRefresh
INFO: Refreshing org.springframework.context.support.ClassPathXmlApplicationContext@573cb05f: startup date [Tue Oct 10 17:04:22 EDT 2017]; root of context hierarchy
Oct 10, 2017 5:04:22 PM org.springframework.beans.factory.xml.XmlBeanDefinitionReader loadBeanDefinitions
INFO: Loading XML bean definitions from class path resource [applicationContext.xml]
Oct 10, 2017 5:04:22 PM org.springframework.context.support.ClassPathXmlApplicationContext prepareRefresh
INFO: Refreshing org.springframework.context.support.ClassPathXmlApplicationContext@1898888f: startup date [Tue Oct 10 17:04:22 EDT 2017]; root of context hierarchy
Oct 10, 2017 5:04:22 PM org.springframework.beans.factory.xml.XmlBeanDefinitionReader loadBeanDefinitions
INFO: Loading XML bean definitions from class path resource [applicationContext.xml]
Oct 10, 2017 5:04:22 PM org.springframework.context.support.ClassPathXmlApplicationContext prepareRefresh
INFO: Refreshing org.springframework.context.support.ClassPathXmlApplicationContext@7b1f943f: startup date [Tue Oct 10 17:04:22 EDT 2017]; root of context hierarchy
Oct 10, 2017 5:04:22 PM org.springframework.beans.factory.xml.XmlBeanDefinitionReader loadBeanDefinitions
INFO: Loading XML bean definitions from class path resource [applicationContext.xml]
Oct 10, 2017 5:04:22 PM org.springframework.context.support.ClassPathXmlApplicationContext prepareRefresh
INFO: Refreshing org.springframework.context.support.ClassPathXmlApplicationContext@4cd281e9: startup date [Tue Oct 10 17:04:22 EDT 2017]; root of context hierarchy
Oct 10, 2017 5:04:22 PM org.springframework.beans.factory.xml.XmlBeanDefinitionReader loadBeanDefinitions
INFO: Loading XML bean definitions from class path resource [applicationContext.xml]
Oct 10, 2017 5:04:22 PM org.springframework.context.support.ClassPathXmlApplicationContext prepareRefresh
INFO: Refreshing org.springframework.context.support.ClassPathXmlApplicationContext@7dd6f237: startup date [Tue Oct 10 17:04:22 EDT 2017]; root of context hierarchy
Oct 10, 2017 5:04:22 PM org.springframework.beans.factory.xml.XmlBeanDefinitionReader loadBeanDefinitions
INFO: Loading XML bean definitions from class path resource [applicationContext.xml]
Oct 10, 2017 5:04:22 PM org.springframework.context.support.ClassPathXmlApplicationContext prepareRefresh
INFO: Refreshing org.springframework.context.support.ClassPathXmlApplicationContext@4472b572: startup date [Tue Oct 10 17:04:22 EDT 2017]; root of context hierarchy
Oct 10, 2017 5:04:22 PM org.springframework.beans.factory.xml.XmlBeanDefinitionReader loadBeanDefinitions
INFO: Loading XML bean definitions from class path resource [applicationContext.xml]
Oct 10, 2017 5:04:22 PM org.springframework.context.support.ClassPathXmlApplicationContext prepareRefresh
INFO: Refreshing org.springframework.context.support.ClassPathXmlApplicationContext@1587b581: startup date [Tue Oct 10 17:04:22 EDT 2017]; root of context hierarchy
Oct 10, 2017 5:04:22 PM org.springframework.beans.factory.xml.XmlBeanDefinitionReader loadBeanDefinitions
INFO: Loading XML bean definitions from class path resource [applicationContext.xml]
Oct 10, 2017 5:04:22 PM org.springframework.context.support.ClassPathXmlApplicationContext prepareRefresh
INFO: Refreshing org.springframework.context.support.ClassPathXmlApplicationContext@3693b2d4: startup date [Tue Oct 10 17:04:22 EDT 2017]; root of context hierarchy
Oct 10, 2017 5:04:22 PM org.springframework.beans.factory.xml.XmlBeanDefinitionReader loadBeanDefinitions
INFO: Loading XML bean definitions from class path resource [applicationContext.xml]
Oct 10, 2017 5:04:22 PM org.springframework.context.support.ClassPathXmlApplicationContext prepareRefresh
INFO: Refreshing org.springframework.context.support.ClassPathXmlApplicationContext@af11319: startup date [Tue Oct 10 17:04:22 EDT 2017]; root of context hierarchy
Oct 10, 2017 5:04:22 PM org.springframework.beans.factory.xml.XmlBeanDefinitionReader loadBeanDefinitions
INFO: Loading XML bean definitions from class path resource [applicationContext.xml]
Oct 10, 2017 5:04:22 PM org.springframework.context.support.ClassPathXmlApplicationContext prepareRefresh
INFO: Refreshing org.springframework.context.support.ClassPathXmlApplicationContext@150aee76: startup date [Tue Oct 10 17:04:22 EDT 2017]; root of context hierarchy
Oct 10, 2017 5:04:22 PM org.springframework.beans.factory.xml.XmlBeanDefinitionReader loadBeanDefinitions
INFO: Loading XML bean definitions from class path resource [applicationContext.xml]
Oct 10, 2017 5:04:22 PM org.springframework.context.support.ClassPathXmlApplicationContext prepareRefresh
INFO: Refreshing org.springframework.context.support.ClassPathXmlApplicationContext@68ae2681: startup date [Tue Oct 10 17:04:22 EDT 2017]; root of context hierarchy
Oct 10, 2017 5:04:22 PM org.springframework.beans.factory.xml.XmlBeanDefinitionReader loadBeanDefinitions
INFO: Loading XML bean definitions from class path resource [applicationContext.xml]
Oct 10, 2017 5:04:22 PM org.springframework.context.support.ClassPathXmlApplicationContext prepareRefresh
INFO: Refreshing org.springframework.context.support.ClassPathXmlApplicationContext@1ed90d0a: startup date [Tue Oct 10 17:04:22 EDT 2017]; root of context hierarchy
Oct 10, 2017 5:04:22 PM org.springframework.beans.factory.xml.XmlBeanDefinitionReader loadBeanDefinitions
INFO: Loading XML bean definitions from class path resource [applicationContext.xml]
Oct 10, 2017 5:04:22 PM org.springframework.context.support.ClassPathXmlApplicationContext prepareRefresh
INFO: Refreshing org.springframework.context.support.ClassPathXmlApplicationContext@60e96d50: startup date [Tue Oct 10 17:04:22 EDT 2017]; root of context hierarchy
Oct 10, 2017 5:04:22 PM org.springframework.beans.factory.xml.XmlBeanDefinitionReader loadBeanDefinitions
INFO: Loading XML bean definitions from class path resource [applicationContext.xml]
Oct 10, 2017 5:04:23 PM org.springframework.context.support.ClassPathXmlApplicationContext prepareRefresh
INFO: Refreshing org.springframework.context.support.ClassPathXmlApplicationContext@49570c3a: startup date [Tue Oct 10 17:04:23 EDT 2017]; root of context hierarchy
Oct 10, 2017 5:04:23 PM org.springframework.beans.factory.xml.XmlBeanDefinitionReader loadBeanDefinitions
INFO: Loading XML bean definitions from class path resource [applicationContext.xml]
Oct 10, 2017 5:04:23 PM org.springframework.context.support.ClassPathXmlApplicationContext prepareRefresh
INFO: Refreshing org.springframework.context.support.ClassPathXmlApplicationContext@2f630e83: startup date [Tue Oct 10 17:04:23 EDT 2017]; root of context hierarchy
Oct 10, 2017 5:04:23 PM org.springframework.beans.factory.xml.XmlBeanDefinitionReader loadBeanDefinitions
INFO: Loading XML bean definitions from class path resource [applicationContext.xml]
Oct 10, 2017 5:04:23 PM org.springframework.context.support.ClassPathXmlApplicationContext prepareRefresh
INFO: Refreshing org.springframework.context.support.ClassPathXmlApplicationContext@38cb8340: startup date [Tue Oct 10 17:04:23 EDT 2017]; root of context hierarchy
Oct 10, 2017 5:04:23 PM org.springframework.beans.factory.xml.XmlBeanDefinitionReader loadBeanDefinitions
INFO: Loading XML bean definitions from class path resource [applicationContext.xml]
Oct 10, 2017 5:04:23 PM org.springframework.context.support.ClassPathXmlApplicationContext prepareRefresh
INFO: Refreshing org.springframework.context.support.ClassPathXmlApplicationContext@445baa6b: startup date [Tue Oct 10 17:04:23 EDT 2017]; root of context hierarchy
Oct 10, 2017 5:04:23 PM org.springframework.beans.factory.xml.XmlBeanDefinitionReader loadBeanDefinitions
INFO: Loading XML bean definitions from class path resource [applicationContext.xml]
Oct 10, 2017 5:04:23 PM org.springframework.context.support.ClassPathXmlApplicationContext prepareRefresh
INFO: Refreshing org.springframework.context.support.ClassPathXmlApplicationContext@698b9be2: startup date [Tue Oct 10 17:04:23 EDT 2017]; root of context hierarchy
Oct 10, 2017 5:04:23 PM org.springframework.beans.factory.xml.XmlBeanDefinitionReader loadBeanDefinitions
INFO: Loading XML bean definitions from class path resource [applicationContext.xml]
Oct 10, 2017 5:04:23 PM org.springframework.context.support.ClassPathXmlApplicationContext prepareRefresh
INFO: Refreshing org.springframework.context.support.ClassPathXmlApplicationContext@625743cf: startup date [Tue Oct 10 17:04:23 EDT 2017]; root of context hierarchy
Oct 10, 2017 5:04:23 PM org.springframework.beans.factory.xml.XmlBeanDefinitionReader loadBeanDefinitions
INFO: Loading XML bean definitions from class path resource [applicationContext.xml]
Oct 10, 2017 5:04:23 PM org.springframework.context.support.ClassPathXmlApplicationContext prepareRefresh
INFO: Refreshing org.springframework.context.support.ClassPathXmlApplicationContext@30ce23d3: startup date [Tue Oct 10 17:04:23 EDT 2017]; root of context hierarchy
Oct 10, 2017 5:04:23 PM org.springframework.beans.factory.xml.XmlBeanDefinitionReader loadBeanDefinitions
INFO: Loading XML bean definitions from class path resource [applicationContext.xml]
Oct 10, 2017 5:04:23 PM org.springframework.context.support.ClassPathXmlApplicationContext prepareRefresh
INFO: Refreshing org.springframework.context.support.ClassPathXmlApplicationContext@797c3f45: startup date [Tue Oct 10 17:04:23 EDT 2017]; root of context hierarchy
Oct 10, 2017 5:04:23 PM org.springframework.beans.factory.xml.XmlBeanDefinitionReader loadBeanDefinitions
INFO: Loading XML bean definitions from class path resource [applicationContext.xml]
Oct 10, 2017 5:04:23 PM org.springframework.context.support.ClassPathXmlApplicationContext prepareRefresh
INFO: Refreshing org.springframework.context.support.ClassPathXmlApplicationContext@64734413: startup date [Tue Oct 10 17:04:23 EDT 2017]; root of context hierarchy
Oct 10, 2017 5:04:23 PM org.springframework.beans.factory.xml.XmlBeanDefinitionReader loadBeanDefinitions
INFO: Loading XML bean definitions from class path resource [applicationContext.xml]
Oct 10, 2017 5:04:23 PM org.springframework.context.support.ClassPathXmlApplicationContext prepareRefresh
INFO: Refreshing org.springframework.context.support.ClassPathXmlApplicationContext@37493b8b: startup date [Tue Oct 10 17:04:23 EDT 2017]; root of context hierarchy
Oct 10, 2017 5:04:23 PM org.springframework.beans.factory.xml.XmlBeanDefinitionReader loadBeanDefinitions
INFO: Loading XML bean definitions from class path resource [applicationContext.xml]
Oct 10, 2017 5:04:23 PM org.springframework.context.support.ClassPathXmlApplicationContext prepareRefresh
INFO: Refreshing org.springframework.context.support.ClassPathXmlApplicationContext@61a5631e: startup date [Tue Oct 10 17:04:23 EDT 2017]; root of context hierarchy
Oct 10, 2017 5:04:23 PM org.springframework.beans.factory.xml.XmlBeanDefinitionReader loadBeanDefinitions
INFO: Loading XML bean definitions from class path resource [applicationContext.xml]
Oct 10, 2017 5:04:23 PM org.springframework.context.support.ClassPathXmlApplicationContext prepareRefresh
INFO: Refreshing org.springframework.context.support.ClassPathXmlApplicationContext@45c7de64: startup date [Tue Oct 10 17:04:23 EDT 2017]; root of context hierarchy
Oct 10, 2017 5:04:23 PM org.springframework.beans.factory.xml.XmlBeanDefinitionReader loadBeanDefinitions
INFO: Loading XML bean definitions from class path resource [applicationContext.xml]
Oct 10, 2017 5:04:23 PM org.springframework.context.support.ClassPathXmlApplicationContext prepareRefresh
INFO: Refreshing org.springframework.context.support.ClassPathXmlApplicationContext@1b33617: startup date [Tue Oct 10 17:04:23 EDT 2017]; root of context hierarchy
Oct 10, 2017 5:04:23 PM org.springframework.beans.factory.xml.XmlBeanDefinitionReader loadBeanDefinitions
INFO: Loading XML bean definitions from class path resource [applicationContext.xml]
</system-err>
  </testcase>
</testsuite>