<?xml version="1.0" encoding="UTF-8" ?>
<testsuite tests="4" failures="0" name="com.sg.flooringmastery.dao.FMTaxRateDaoTest" time="0.002" errors="4" skipped="0">
  <properties>
    <property name="java.runtime.name" value="Java(TM) SE Runtime Environment"/>
    <property name="sun.boot.library.path" value="C:\Program Files\Java\jdk1.8.0_131\jre\bin"/>
    <property name="java.vm.version" value="25.131-b11"/>
    <property name="java.vm.vendor" value="Oracle Corporation"/>
    <property name="maven.multiModuleProjectDirectory" value="C:\Users\connor\Documents\Programming\Repos\SoftwareGuild\connor-kelly-individual-work\FlooringMastery"/>
    <property name="java.vendor.url" value="http://java.oracle.com/"/>
    <property name="path.separator" value=";"/>
    <property name="guice.disable.misplaced.annotation.check" value="true"/>
    <property name="java.vm.name" value="Java HotSpot(TM) 64-Bit Server VM"/>
    <property name="file.encoding.pkg" value="sun.io"/>
    <property name="user.script" value=""/>
    <property name="user.country" value="US"/>
    <property name="sun.java.launcher" value="SUN_STANDARD"/>
    <property name="sun.os.patch.level" value=""/>
    <property name="java.vm.specification.name" value="Java Virtual Machine Specification"/>
    <property name="user.dir" value="C:\Users\connor\Documents\Programming\Repos\SoftwareGuild\connor-kelly-individual-work\FlooringMastery"/>
    <property name="java.runtime.version" value="1.8.0_131-b11"/>
    <property name="java.awt.graphicsenv" value="sun.awt.Win32GraphicsEnvironment"/>
    <property name="java.endorsed.dirs" value="C:\Program Files\Java\jdk1.8.0_131\jre\lib\endorsed"/>
    <property name="os.arch" value="amd64"/>
    <property name="java.io.tmpdir" value="C:\Users\connor\AppData\Local\Temp\"/>
    <property name="line.separator" value="
"/>
    <property name="java.vm.specification.vendor" value="Oracle Corporation"/>
    <property name="user.variant" value=""/>
    <property name="os.name" value="Windows 10"/>
    <property name="maven.ext.class.path" value="C:\Program Files\NetBeans 8.2\java\maven-nblib\netbeans-eventspy.jar"/>
    <property name="classworlds.conf" value="C:\Program Files\Apache Software Foundation\apache-maven-3.5.0\bin\..\bin\m2.conf"/>
    <property name="sun.jnu.encoding" value="Cp1252"/>
    <property name="java.library.path" value="C:\Program Files\Java\jdk1.8.0_131\bin;C:\WINDOWS\Sun\Java\bin;C:\WINDOWS\system32;C:\WINDOWS;C:\ProgramData\Oracle\Java\javapath;C:\Program Files\Microsoft MPI\Bin\;C:\Program Files (x86)\Intel\iCLS Client\;C:\Program Files\Intel\iCLS Client\;C:\WINDOWS\system32;C:\WINDOWS;C:\WINDOWS\System32\Wbem;C:\WINDOWS\System32\WindowsPowerShell\v1.0\;C:\Program Files\Intel\Intel(R) Management Engine Components\DAL;C:\Program Files\Intel\Intel(R) Management Engine Components\IPT;C:\Program Files (x86)\Intel\Intel(R) Management Engine Components\DAL;C:\Program Files (x86)\Intel\Intel(R) Management Engine Components\IPT;C:\Program Files\Intel\WiFi\bin\;C:\Program Files\Common Files\Intel\WirelessCommon\;C:\Python27;C:\Program Files\Anaconda3;C:\Program Files\Anaconda3\Scripts;C:\Program Files\Anaconda3\Library\bin;C:\Program Files (x86)\GtkSharp\2.12\bin;C:\Program Files\Java\jdk1.8.0_131\bin;C:\Program Files\Apache Software Foundation\apache-maven-3.5.0\bin;C:\Users\connor\AppData\Local\Microsoft\WindowsApps;;C:\Program Files\Microsoft VS Code\bin;."/>
    <property name="maven.conf" value="C:\Program Files\Apache Software Foundation\apache-maven-3.5.0\bin\../conf"/>
    <property name="java.specification.name" value="Java Platform API Specification"/>
    <property name="java.class.version" value="52.0"/>
    <property name="sun.management.compiler" value="HotSpot 64-Bit Tiered Compilers"/>
    <property name="os.version" value="10.0"/>
    <property name="library.jansi.path" value="C:\Program Files\Apache Software Foundation\apache-maven-3.5.0\bin\..\lib\jansi-native\windows64"/>
    <property name="user.home" value="C:\Users\connor"/>
    <property name="user.timezone" value="America/New_York"/>
    <property name="java.awt.printerjob" value="sun.awt.windows.WPrinterJob"/>
    <property name="java.specification.version" value="1.8"/>
    <property name="file.encoding" value="UTF-8"/>
    <property name="user.name" value="connor"/>
    <property name="java.class.path" value="C:\Program Files\Apache Software Foundation\apache-maven-3.5.0\bin\..\boot\plexus-classworlds-2.5.2.jar"/>
    <property name="java.vm.specification.version" value="1.8"/>
    <property name="sun.arch.data.model" value="64"/>
    <property name="java.home" value="C:\Program Files\Java\jdk1.8.0_131\jre"/>
    <property name="sun.java.command" value="org.codehaus.plexus.classworlds.launcher.Launcher -Dmaven.ext.class.path=C:\Program Files\NetBeans 8.2\java\maven-nblib\netbeans-eventspy.jar -Dfile.encoding=UTF-8 clean install"/>
    <property name="java.specification.vendor" value="Oracle Corporation"/>
    <property name="user.language" value="en"/>
    <property name="awt.toolkit" value="sun.awt.windows.WToolkit"/>
    <property name="java.vm.info" value="mixed mode"/>
    <property name="java.version" value="1.8.0_131"/>
    <property name="java.ext.dirs" value="C:\Program Files\Java\jdk1.8.0_131\jre\lib\ext;C:\WINDOWS\Sun\Java\lib\ext"/>
    <property name="sun.boot.class.path" value="C:\Program Files\Java\jdk1.8.0_131\jre\lib\resources.jar;C:\Program Files\Java\jdk1.8.0_131\jre\lib\rt.jar;C:\Program Files\Java\jdk1.8.0_131\jre\lib\sunrsasign.jar;C:\Program Files\Java\jdk1.8.0_131\jre\lib\jsse.jar;C:\Program Files\Java\jdk1.8.0_131\jre\lib\jce.jar;C:\Program Files\Java\jdk1.8.0_131\jre\lib\charsets.jar;C:\Program Files\Java\jdk1.8.0_131\jre\lib\jfr.jar;C:\Program Files\Java\jdk1.8.0_131\jre\classes"/>
    <property name="java.vendor" value="Oracle Corporation"/>
    <property name="maven.home" value="C:\Program Files\Apache Software Foundation\apache-maven-3.5.0\bin\.."/>
    <property name="file.separator" value="\"/>
    <property name="java.vendor.url.bug" value="http://bugreport.sun.com/bugreport/"/>
    <property name="sun.cpu.endian" value="little"/>
    <property name="sun.io.unicode.encoding" value="UnicodeLittle"/>
    <property name="sun.desktop" value="windows"/>
    <property name="sun.cpu.isalist" value="amd64"/>
  </properties>
  <testcase classname="com.sg.flooringmastery.dao.FMTaxRateDaoTest" name="testGetAllTaxRates" time="0">
    <error message="org.springframework.beans.FatalBeanException" type="java.lang.NoClassDefFoundError">java.lang.NoClassDefFoundError: org.springframework.beans.FatalBeanException
	at org.springframework.beans.factory.support.AbstractAutowireCapableBeanFactory.instantiateBean(AbstractAutowireCapableBeanFactory.java:1154)
	at org.springframework.beans.factory.support.AbstractAutowireCapableBeanFactory.createBeanInstance(AbstractAutowireCapableBeanFactory.java:1099)
	at org.springframework.beans.factory.support.AbstractAutowireCapableBeanFactory.doCreateBean(AbstractAutowireCapableBeanFactory.java:513)
	at org.springframework.beans.factory.support.AbstractAutowireCapableBeanFactory.createBean(AbstractAutowireCapableBeanFactory.java:483)
	at org.springframework.beans.factory.support.AbstractBeanFactory$1.getObject(AbstractBeanFactory.java:306)
	at org.springframework.beans.factory.support.DefaultSingletonBeanRegistry.getSingleton(DefaultSingletonBeanRegistry.java:230)
	at org.springframework.beans.factory.support.AbstractBeanFactory.doGetBean(AbstractBeanFactory.java:302)
	at org.springframework.beans.factory.support.AbstractBeanFactory.getBean(AbstractBeanFactory.java:197)
	at org.springframework.beans.factory.support.DefaultListableBeanFactory.preInstantiateSingletons(DefaultListableBeanFactory.java:761)
	at org.springframework.context.support.AbstractApplicationContext.finishBeanFactoryInitialization(AbstractApplicationContext.java:867)
	at org.springframework.context.support.AbstractApplicationContext.refresh(AbstractApplicationContext.java:543)
	at org.springframework.context.support.ClassPathXmlApplicationContext.&lt;init&gt;(ClassPathXmlApplicationContext.java:139)
	at org.springframework.context.support.ClassPathXmlApplicationContext.&lt;init&gt;(ClassPathXmlApplicationContext.java:83)
	at com.sg.flooringmastery.dao.FMTaxRateDaoTest.&lt;init&gt;(FMTaxRateDaoTest.java:28)
	at sun.reflect.NativeConstructorAccessorImpl.newInstance0(Native Method)
	at sun.reflect.NativeConstructorAccessorImpl.newInstance(NativeConstructorAccessorImpl.java:62)
	at sun.reflect.DelegatingConstructorAccessorImpl.newInstance(DelegatingConstructorAccessorImpl.java:45)
	at java.lang.reflect.Constructor.newInstance(Constructor.java:423)
	at org.junit.runners.BlockJUnit4ClassRunner.createTest(BlockJUnit4ClassRunner.java:217)
	at org.junit.runners.BlockJUnit4ClassRunner$1.runReflectiveCall(BlockJUnit4ClassRunner.java:266)
	at org.junit.internal.runners.model.ReflectiveCallable.run(ReflectiveCallable.java:12)
	at org.junit.runners.BlockJUnit4ClassRunner.methodBlock(BlockJUnit4ClassRunner.java:263)
	at org.junit.runners.BlockJUnit4ClassRunner.runChild(BlockJUnit4ClassRunner.java:78)
	at org.junit.runners.BlockJUnit4ClassRunner.runChild(BlockJUnit4ClassRunner.java:57)
	at org.junit.runners.ParentRunner$3.run(ParentRunner.java:290)
	at org.junit.runners.ParentRunner$1.schedule(ParentRunner.java:71)
	at org.junit.runners.ParentRunner.runChildren(ParentRunner.java:288)
	at org.junit.runners.ParentRunner.access$000(ParentRunner.java:58)
	at org.junit.runners.ParentRunner$2.evaluate(ParentRunner.java:268)
	at org.junit.runners.ParentRunner.run(ParentRunner.java:363)
	at org.apache.maven.surefire.junit4.JUnit4Provider.execute(JUnit4Provider.java:252)
	at org.apache.maven.surefire.junit4.JUnit4Provider.executeTestSet(JUnit4Provider.java:141)
	at org.apache.maven.surefire.junit4.JUnit4Provider.invoke(JUnit4Provider.java:112)
	at sun.reflect.NativeMethodAccessorImpl.invoke0(Native Method)
	at sun.reflect.NativeMethodAccessorImpl.invoke(NativeMethodAccessorImpl.java:62)
	at sun.reflect.DelegatingMethodAccessorImpl.invoke(DelegatingMethodAccessorImpl.java:43)
	at java.lang.reflect.Method.invoke(Method.java:498)
	at org.apache.maven.surefire.util.ReflectionUtils.invokeMethodWithArray(ReflectionUtils.java:189)
	at org.apache.maven.surefire.booter.ProviderFactory$ProviderProxy.invoke(ProviderFactory.java:165)
	at org.apache.maven.surefire.booter.ProviderFactory.invokeProvider(ProviderFactory.java:85)
	at org.apache.maven.surefire.booter.ForkedBooter.runSuitesInProcess(ForkedBooter.java:115)
	at org.apache.maven.surefire.booter.ForkedBooter.main(ForkedBooter.java:75)
</error>
    <system-err>Oct 10, 2017 5:03:47 PM org.springframework.context.support.ClassPathXmlApplicationContext prepareRefresh
INFO: Refreshing org.springframework.context.support.ClassPathXmlApplicationContext@7b0d782c: startup date [Tue Oct 10 17:03:47 EDT 2017]; root of context hierarchy
Oct 10, 2017 5:03:47 PM org.springframework.beans.factory.xml.XmlBeanDefinitionReader loadBeanDefinitions
INFO: Loading XML bean definitions from class path resource [applicationContext.xml]
Oct 10, 2017 5:03:47 PM org.springframework.context.support.ClassPathXmlApplicationContext prepareRefresh
INFO: Refreshing org.springframework.context.support.ClassPathXmlApplicationContext@66ab562: startup date [Tue Oct 10 17:03:47 EDT 2017]; root of context hierarchy
Oct 10, 2017 5:03:47 PM org.springframework.beans.factory.xml.XmlBeanDefinitionReader loadBeanDefinitions
INFO: Loading XML bean definitions from class path resource [applicationContext.xml]
Oct 10, 2017 5:03:47 PM org.springframework.context.support.ClassPathXmlApplicationContext prepareRefresh
INFO: Refreshing org.springframework.context.support.ClassPathXmlApplicationContext@24f45cc4: startup date [Tue Oct 10 17:03:47 EDT 2017]; root of context hierarchy
Oct 10, 2017 5:03:47 PM org.springframework.beans.factory.xml.XmlBeanDefinitionReader loadBeanDefinitions
INFO: Loading XML bean definitions from class path resource [applicationContext.xml]
Oct 10, 2017 5:03:47 PM org.springframework.context.support.ClassPathXmlApplicationContext prepareRefresh
INFO: Refreshing org.springframework.context.support.ClassPathXmlApplicationContext@608bdef6: startup date [Tue Oct 10 17:03:47 EDT 2017]; root of context hierarchy
Oct 10, 2017 5:03:47 PM org.springframework.beans.factory.xml.XmlBeanDefinitionReader loadBeanDefinitions
INFO: Loading XML bean definitions from class path resource [applicationContext.xml]
Oct 10, 2017 5:03:47 PM org.springframework.context.support.ClassPathXmlApplicationContext prepareRefresh
INFO: Refreshing org.springframework.context.support.ClassPathXmlApplicationContext@4973c4e2: startup date [Tue Oct 10 17:03:47 EDT 2017]; root of context hierarchy
Oct 10, 2017 5:03:47 PM org.springframework.beans.factory.xml.XmlBeanDefinitionReader loadBeanDefinitions
INFO: Loading XML bean definitions from class path resource [applicationContext.xml]
Oct 10, 2017 5:03:47 PM org.springframework.context.support.ClassPathXmlApplicationContext prepareRefresh
INFO: Refreshing org.springframework.context.support.ClassPathXmlApplicationContext@12c8b717: startup date [Tue Oct 10 17:03:47 EDT 2017]; root of context hierarchy
Oct 10, 2017 5:03:47 PM org.springframework.beans.factory.xml.XmlBeanDefinitionReader loadBeanDefinitions
INFO: Loading XML bean definitions from class path resource [applicationContext.xml]
Oct 10, 2017 5:03:47 PM org.springframework.context.support.ClassPathXmlApplicationContext prepareRefresh
INFO: Refreshing org.springframework.context.support.ClassPathXmlApplicationContext@f2fc89b: startup date [Tue Oct 10 17:03:47 EDT 2017]; root of context hierarchy
Oct 10, 2017 5:03:47 PM org.springframework.beans.factory.xml.XmlBeanDefinitionReader loadBeanDefinitions
INFO: Loading XML bean definitions from class path resource [applicationContext.xml]
Oct 10, 2017 5:03:47 PM org.springframework.context.support.ClassPathXmlApplicationContext prepareRefresh
INFO: Refreshing org.springframework.context.support.ClassPathXmlApplicationContext@1d6b7933: startup date [Tue Oct 10 17:03:47 EDT 2017]; root of context hierarchy
Oct 10, 2017 5:03:47 PM org.springframework.beans.factory.xml.XmlBeanDefinitionReader loadBeanDefinitions
INFO: Loading XML bean definitions from class path resource [applicationContext.xml]
Oct 10, 2017 5:03:47 PM org.springframework.context.support.ClassPathXmlApplicationContext prepareRefresh
INFO: Refreshing org.springframework.context.support.ClassPathXmlApplicationContext@13f82788: startup date [Tue Oct 10 17:03:47 EDT 2017]; root of context hierarchy
Oct 10, 2017 5:03:47 PM org.springframework.beans.factory.xml.XmlBeanDefinitionReader loadBeanDefinitions
INFO: Loading XML bean definitions from class path resource [applicationContext.xml]
Oct 10, 2017 5:03:47 PM org.springframework.context.support.ClassPathXmlApplicationContext prepareRefresh
INFO: Refreshing org.springframework.context.support.ClassPathXmlApplicationContext@7704b137: startup date [Tue Oct 10 17:03:47 EDT 2017]; root of context hierarchy
Oct 10, 2017 5:03:47 PM org.springframework.beans.factory.xml.XmlBeanDefinitionReader loadBeanDefinitions
INFO: Loading XML bean definitions from class path resource [applicationContext.xml]
Oct 10, 2017 5:03:47 PM org.springframework.context.support.ClassPathXmlApplicationContext prepareRefresh
INFO: Refreshing org.springframework.context.support.ClassPathXmlApplicationContext@a2a77bb: startup date [Tue Oct 10 17:03:47 EDT 2017]; root of context hierarchy
Oct 10, 2017 5:03:47 PM org.springframework.beans.factory.xml.XmlBeanDefinitionReader loadBeanDefinitions
INFO: Loading XML bean definitions from class path resource [applicationContext.xml]
Oct 10, 2017 5:03:47 PM org.springframework.context.support.ClassPathXmlApplicationContext prepareRefresh
INFO: Refreshing org.springframework.context.support.ClassPathXmlApplicationContext@2a27b1a9: startup date [Tue Oct 10 17:03:47 EDT 2017]; root of context hierarchy
Oct 10, 2017 5:03:47 PM org.springframework.beans.factory.xml.XmlBeanDefinitionReader loadBeanDefinitions
INFO: Loading XML bean definitions from class path resource [applicationContext.xml]
Oct 10, 2017 5:03:47 PM org.springframework.context.support.ClassPathXmlApplicationContext prepareRefresh
INFO: Refreshing org.springframework.context.support.ClassPathXmlApplicationContext@45ccb50: startup date [Tue Oct 10 17:03:47 EDT 2017]; root of context hierarchy
Oct 10, 2017 5:03:47 PM org.springframework.beans.factory.xml.XmlBeanDefinitionReader loadBeanDefinitions
INFO: Loading XML bean definitions from class path resource [applicationContext.xml]
Oct 10, 2017 5:03:47 PM org.springframework.context.support.ClassPathXmlApplicationContext prepareRefresh
INFO: Refreshing org.springframework.context.support.ClassPathXmlApplicationContext@1496aeab: startup date [Tue Oct 10 17:03:47 EDT 2017]; root of context hierarchy
Oct 10, 2017 5:03:47 PM org.springframework.beans.factory.xml.XmlBeanDefinitionReader loadBeanDefinitions
INFO: Loading XML bean definitions from class path resource [applicationContext.xml]
Oct 10, 2017 5:03:47 PM org.springframework.context.support.ClassPathXmlApplicationContext prepareRefresh
INFO: Refreshing org.springframework.context.support.ClassPathXmlApplicationContext@2de8a655: startup date [Tue Oct 10 17:03:47 EDT 2017]; root of context hierarchy
Oct 10, 2017 5:03:47 PM org.springframework.beans.factory.xml.XmlBeanDefinitionReader loadBeanDefinitions
INFO: Loading XML bean definitions from class path resource [applicationContext.xml]
Oct 10, 2017 5:03:47 PM org.springframework.context.support.ClassPathXmlApplicationContext prepareRefresh
INFO: Refreshing org.springframework.context.support.ClassPathXmlApplicationContext@48fa8574: startup date [Tue Oct 10 17:03:47 EDT 2017]; root of context hierarchy
Oct 10, 2017 5:03:47 PM org.springframework.beans.factory.xml.XmlBeanDefinitionReader loadBeanDefinitions
INFO: Loading XML bean definitions from class path resource [applicationContext.xml]
Oct 10, 2017 5:03:47 PM org.springframework.context.support.ClassPathXmlApplicationContext prepareRefresh
INFO: Refreshing org.springframework.context.support.ClassPathXmlApplicationContext@abf4c80: startup date [Tue Oct 10 17:03:47 EDT 2017]; root of context hierarchy
Oct 10, 2017 5:03:47 PM org.springframework.beans.factory.xml.XmlBeanDefinitionReader loadBeanDefinitions
INFO: Loading XML bean definitions from class path resource [applicationContext.xml]
Oct 10, 2017 5:03:47 PM org.springframework.context.support.ClassPathXmlApplicationContext prepareRefresh
INFO: Refreshing org.springframework.context.support.ClassPathXmlApplicationContext@41296831: startup date [Tue Oct 10 17:03:47 EDT 2017]; root of context hierarchy
Oct 10, 2017 5:03:47 PM org.springframework.beans.factory.xml.XmlBeanDefinitionReader loadBeanDefinitions
INFO: Loading XML bean definitions from class path resource [applicationContext.xml]
Oct 10, 2017 5:03:47 PM org.springframework.context.support.ClassPathXmlApplicationContext prepareRefresh
INFO: Refreshing org.springframework.context.support.ClassPathXmlApplicationContext@2c8e7352: startup date [Tue Oct 10 17:03:47 EDT 2017]; root of context hierarchy
Oct 10, 2017 5:03:47 PM org.springframework.beans.factory.xml.XmlBeanDefinitionReader loadBeanDefinitions
INFO: Loading XML bean definitions from class path resource [applicationContext.xml]
Oct 10, 2017 5:03:47 PM org.springframework.context.support.ClassPathXmlApplicationContext prepareRefresh
INFO: Refreshing org.springframework.context.support.ClassPathXmlApplicationContext@5f19e526: startup date [Tue Oct 10 17:03:47 EDT 2017]; root of context hierarchy
Oct 10, 2017 5:03:47 PM org.springframework.beans.factory.xml.XmlBeanDefinitionReader loadBeanDefinitions
INFO: Loading XML bean definitions from class path resource [applicationContext.xml]
Oct 10, 2017 5:03:47 PM org.springframework.context.support.ClassPathXmlApplicationContext prepareRefresh
INFO: Refreshing org.springframework.context.support.ClassPathXmlApplicationContext@2594101b: startup date [Tue Oct 10 17:03:47 EDT 2017]; root of context hierarchy
Oct 10, 2017 5:03:47 PM org.springframework.beans.factory.xml.XmlBeanDefinitionReader loadBeanDefinitions
INFO: Loading XML bean definitions from class path resource [applicationContext.xml]
Oct 10, 2017 5:03:47 PM org.springframework.context.support.ClassPathXmlApplicationContext prepareRefresh
INFO: Refreshing org.springframework.context.support.ClassPathXmlApplicationContext@d211961: startup date [Tue Oct 10 17:03:47 EDT 2017]; root of context hierarchy
Oct 10, 2017 5:03:47 PM org.springframework.beans.factory.xml.XmlBeanDefinitionReader loadBeanDefinitions
INFO: Loading XML bean definitions from class path resource [applicationContext.xml]
Oct 10, 2017 5:03:47 PM org.springframework.context.support.ClassPathXmlApplicationContext prepareRefresh
INFO: Refreshing org.springframework.context.support.ClassPathXmlApplicationContext@65dd7ddb: startup date [Tue Oct 10 17:03:47 EDT 2017]; root of context hierarchy
Oct 10, 2017 5:03:47 PM org.springframework.beans.factory.xml.XmlBeanDefinitionReader loadBeanDefinitions
INFO: Loading XML bean definitions from class path resource [applicationContext.xml]
Oct 10, 2017 5:03:47 PM org.springframework.context.support.ClassPathXmlApplicationContext prepareRefresh
INFO: Refreshing org.springframework.context.support.ClassPathXmlApplicationContext@35da6ec2: startup date [Tue Oct 10 17:03:47 EDT 2017]; root of context hierarchy
Oct 10, 2017 5:03:47 PM org.springframework.beans.factory.xml.XmlBeanDefinitionReader loadBeanDefinitions
INFO: Loading XML bean definitions from class path resource [applicationContext.xml]
Oct 10, 2017 5:03:47 PM org.springframework.context.support.ClassPathXmlApplicationContext prepareRefresh
INFO: Refreshing org.springframework.context.support.ClassPathXmlApplicationContext@4a3ece99: startup date [Tue Oct 10 17:03:47 EDT 2017]; root of context hierarchy
Oct 10, 2017 5:03:47 PM org.springframework.beans.factory.xml.XmlBeanDefinitionReader loadBeanDefinitions
INFO: Loading XML bean definitions from class path resource [applicationContext.xml]
Oct 10, 2017 5:03:47 PM org.springframework.context.support.ClassPathXmlApplicationContext prepareRefresh
INFO: Refreshing org.springframework.context.support.ClassPathXmlApplicationContext@15c7dc07: startup date [Tue Oct 10 17:03:47 EDT 2017]; root of context hierarchy
Oct 10, 2017 5:03:47 PM org.springframework.beans.factory.xml.XmlBeanDefinitionReader loadBeanDefinitions
INFO: Loading XML bean definitions from class path resource [applicationContext.xml]
Oct 10, 2017 5:03:47 PM org.springframework.context.support.ClassPathXmlApplicationContext prepareRefresh
INFO: Refreshing org.springframework.context.support.ClassPathXmlApplicationContext@ebe0314: startup date [Tue Oct 10 17:03:47 EDT 2017]; root of context hierarchy
Oct 10, 2017 5:03:47 PM org.springframework.beans.factory.xml.XmlBeanDefinitionReader loadBeanDefinitions
INFO: Loading XML bean definitions from class path resource [applicationContext.xml]
Oct 10, 2017 5:03:47 PM org.springframework.context.support.ClassPathXmlApplicationContext prepareRefresh
INFO: Refreshing org.springframework.context.support.ClassPathXmlApplicationContext@183fc3ab: startup date [Tue Oct 10 17:03:47 EDT 2017]; root of context hierarchy
Oct 10, 2017 5:03:47 PM org.springframework.beans.factory.xml.XmlBeanDefinitionReader loadBeanDefinitions
INFO: Loading XML bean definitions from class path resource [applicationContext.xml]
Oct 10, 2017 5:03:47 PM org.springframework.context.support.ClassPathXmlApplicationContext prepareRefresh
INFO: Refreshing org.springframework.context.support.ClassPathXmlApplicationContext@655da6ed: startup date [Tue Oct 10 17:03:47 EDT 2017]; root of context hierarchy
Oct 10, 2017 5:03:47 PM org.springframework.beans.factory.xml.XmlBeanDefinitionReader loadBeanDefinitions
INFO: Loading XML bean definitions from class path resource [applicationContext.xml]
Oct 10, 2017 5:03:47 PM org.springframework.context.support.ClassPathXmlApplicationContext prepareRefresh
INFO: Refreshing org.springframework.context.support.ClassPathXmlApplicationContext@21e2a1e9: startup date [Tue Oct 10 17:03:47 EDT 2017]; root of context hierarchy
Oct 10, 2017 5:03:47 PM org.springframework.beans.factory.xml.XmlBeanDefinitionReader loadBeanDefinitions
INFO: Loading XML bean definitions from class path resource [applicationContext.xml]
Oct 10, 2017 5:03:47 PM org.springframework.context.support.ClassPathXmlApplicationContext prepareRefresh
INFO: Refreshing org.springframework.context.support.ClassPathXmlApplicationContext@67128fd6: startup date [Tue Oct 10 17:03:47 EDT 2017]; root of context hierarchy
Oct 10, 2017 5:03:47 PM org.springframework.beans.factory.xml.XmlBeanDefinitionReader loadBeanDefinitions
INFO: Loading XML bean definitions from class path resource [applicationContext.xml]
Oct 10, 2017 5:03:47 PM org.springframework.context.support.ClassPathXmlApplicationContext prepareRefresh
INFO: Refreshing org.springframework.context.support.ClassPathXmlApplicationContext@53c43a4f: startup date [Tue Oct 10 17:03:47 EDT 2017]; root of context hierarchy
Oct 10, 2017 5:03:47 PM org.springframework.beans.factory.xml.XmlBeanDefinitionReader loadBeanDefinitions
INFO: Loading XML bean definitions from class path resource [applicationContext.xml]
Oct 10, 2017 5:03:47 PM org.springframework.context.support.ClassPathXmlApplicationContext prepareRefresh
INFO: Refreshing org.springframework.context.support.ClassPathXmlApplicationContext@20e3d5c0: startup date [Tue Oct 10 17:03:47 EDT 2017]; root of context hierarchy
Oct 10, 2017 5:03:47 PM org.springframework.beans.factory.xml.XmlBeanDefinitionReader loadBeanDefinitions
INFO: Loading XML bean definitions from class path resource [applicationContext.xml]
Oct 10, 2017 5:03:47 PM org.springframework.context.support.ClassPathXmlApplicationContext prepareRefresh
INFO: Refreshing org.springframework.context.support.ClassPathXmlApplicationContext@50de2d42: startup date [Tue Oct 10 17:03:47 EDT 2017]; root of context hierarchy
Oct 10, 2017 5:03:47 PM org.springframework.beans.factory.xml.XmlBeanDefinitionReader loadBeanDefinitions
INFO: Loading XML bean definitions from class path resource [applicationContext.xml]
Oct 10, 2017 5:03:47 PM org.springframework.context.support.ClassPathXmlApplicationContext prepareRefresh
INFO: Refreshing org.springframework.context.support.ClassPathXmlApplicationContext@44c7aa7f: startup date [Tue Oct 10 17:03:47 EDT 2017]; root of context hierarchy
Oct 10, 2017 5:03:47 PM org.springframework.beans.factory.xml.XmlBeanDefinitionReader loadBeanDefinitions
INFO: Loading XML bean definitions from class path resource [applicationContext.xml]
Oct 10, 2017 5:03:47 PM org.springframework.context.support.ClassPathXmlApplicationContext prepareRefresh
INFO: Refreshing org.springframework.context.support.ClassPathXmlApplicationContext@3ec58e64: startup date [Tue Oct 10 17:03:47 EDT 2017]; root of context hierarchy
Oct 10, 2017 5:03:47 PM org.springframework.beans.factory.xml.XmlBeanDefinitionReader loadBeanDefinitions
INFO: Loading XML bean definitions from class path resource [applicationContext.xml]
Oct 10, 2017 5:03:47 PM org.springframework.context.support.ClassPathXmlApplicationContext prepareRefresh
INFO: Refreshing org.springframework.context.support.ClassPathXmlApplicationContext@61992116: startup date [Tue Oct 10 17:03:47 EDT 2017]; root of context hierarchy
Oct 10, 2017 5:03:47 PM org.springframework.beans.factory.xml.XmlBeanDefinitionReader loadBeanDefinitions
INFO: Loading XML bean definitions from class path resource [applicationContext.xml]
Oct 10, 2017 5:03:47 PM org.springframework.context.support.ClassPathXmlApplicationContext prepareRefresh
INFO: Refreshing org.springframework.context.support.ClassPathXmlApplicationContext@578a18e4: startup date [Tue Oct 10 17:03:47 EDT 2017]; root of context hierarchy
Oct 10, 2017 5:03:47 PM org.springframework.beans.factory.xml.XmlBeanDefinitionReader loadBeanDefinitions
INFO: Loading XML bean definitions from class path resource [applicationContext.xml]
Oct 10, 2017 5:03:47 PM org.springframework.context.support.ClassPathXmlApplicationContext prepareRefresh
INFO: Refreshing org.springframework.context.support.ClassPathXmlApplicationContext@22646751: startup date [Tue Oct 10 17:03:47 EDT 2017]; root of context hierarchy
Oct 10, 2017 5:03:47 PM org.springframework.beans.factory.xml.XmlBeanDefinitionReader loadBeanDefinitions
INFO: Loading XML bean definitions from class path resource [applicationContext.xml]
Oct 10, 2017 5:03:47 PM org.springframework.context.support.ClassPathXmlApplicationContext prepareRefresh
INFO: Refreshing org.springframework.context.support.ClassPathXmlApplicationContext@2e623876: startup date [Tue Oct 10 17:03:47 EDT 2017]; root of context hierarchy
Oct 10, 2017 5:03:47 PM org.springframework.beans.factory.xml.XmlBeanDefinitionReader loadBeanDefinitions
INFO: Loading XML bean definitions from class path resource [applicationContext.xml]
Oct 10, 2017 5:03:47 PM org.springframework.context.support.ClassPathXmlApplicationContext prepareRefresh
INFO: Refreshing org.springframework.context.support.ClassPathXmlApplicationContext@4bf0334e: startup date [Tue Oct 10 17:03:47 EDT 2017]; root of context hierarchy
Oct 10, 2017 5:03:47 PM org.springframework.beans.factory.xml.XmlBeanDefinitionReader loadBeanDefinitions
INFO: Loading XML bean definitions from class path resource [applicationContext.xml]
Oct 10, 2017 5:03:47 PM org.springframework.context.support.ClassPathXmlApplicationContext prepareRefresh
INFO: Refreshing org.springframework.context.support.ClassPathXmlApplicationContext@1511c476: startup date [Tue Oct 10 17:03:47 EDT 2017]; root of context hierarchy
Oct 10, 2017 5:03:47 PM org.springframework.beans.factory.xml.XmlBeanDefinitionReader loadBeanDefinitions
INFO: Loading XML bean definitions from class path resource [applicationContext.xml]
Oct 10, 2017 5:03:47 PM org.springframework.context.support.ClassPathXmlApplicationContext prepareRefresh
INFO: Refreshing org.springframework.context.support.ClassPathXmlApplicationContext@5e310983: startup date [Tue Oct 10 17:03:47 EDT 2017]; root of context hierarchy
Oct 10, 2017 5:03:47 PM org.springframework.beans.factory.xml.XmlBeanDefinitionReader loadBeanDefinitions
INFO: Loading XML bean definitions from class path resource [applicationContext.xml]
Oct 10, 2017 5:03:48 PM org.springframework.context.support.ClassPathXmlApplicationContext prepareRefresh
INFO: Refreshing org.springframework.context.support.ClassPathXmlApplicationContext@6ed31c37: startup date [Tue Oct 10 17:03:47 EDT 2017]; root of context hierarchy
Oct 10, 2017 5:03:48 PM org.springframework.beans.factory.xml.XmlBeanDefinitionReader loadBeanDefinitions
INFO: Loading XML bean definitions from class path resource [applicationContext.xml]
Oct 10, 2017 5:03:48 PM org.springframework.context.support.ClassPathXmlApplicationContext prepareRefresh
INFO: Refreshing org.springframework.context.support.ClassPathXmlApplicationContext@db371a2: startup date [Tue Oct 10 17:03:48 EDT 2017]; root of context hierarchy
Oct 10, 2017 5:03:48 PM org.springframework.beans.factory.xml.XmlBeanDefinitionReader loadBeanDefinitions
INFO: Loading XML bean definitions from class path resource [applicationContext.xml]
Oct 10, 2017 5:03:48 PM org.springframework.context.support.ClassPathXmlApplicationContext prepareRefresh
INFO: Refreshing org.springframework.context.support.ClassPathXmlApplicationContext@7bde7ff4: startup date [Tue Oct 10 17:03:48 EDT 2017]; root of context hierarchy
Oct 10, 2017 5:03:48 PM org.springframework.beans.factory.xml.XmlBeanDefinitionReader loadBeanDefinitions
INFO: Loading XML bean definitions from class path resource [applicationContext.xml]
Oct 10, 2017 5:03:48 PM org.springframework.context.support.ClassPathXmlApplicationContext prepareRefresh
INFO: Refreshing org.springframework.context.support.ClassPathXmlApplicationContext@4f740ff1: startup date [Tue Oct 10 17:03:48 EDT 2017]; root of context hierarchy
Oct 10, 2017 5:03:48 PM org.springframework.beans.factory.xml.XmlBeanDefinitionReader loadBeanDefinitions
INFO: Loading XML bean definitions from class path resource [applicationContext.xml]
Oct 10, 2017 5:03:48 PM org.springframework.context.support.ClassPathXmlApplicationContext prepareRefresh
INFO: Refreshing org.springframework.context.support.ClassPathXmlApplicationContext@5e79bfc7: startup date [Tue Oct 10 17:03:48 EDT 2017]; root of context hierarchy
Oct 10, 2017 5:03:48 PM org.springframework.beans.factory.xml.XmlBeanDefinitionReader loadBeanDefinitions
INFO: Loading XML bean definitions from class path resource [applicationContext.xml]
Oct 10, 2017 5:03:48 PM org.springframework.context.support.ClassPathXmlApplicationContext prepareRefresh
INFO: Refreshing org.springframework.context.support.ClassPathXmlApplicationContext@119da962: startup date [Tue Oct 10 17:03:48 EDT 2017]; root of context hierarchy
Oct 10, 2017 5:03:48 PM org.springframework.beans.factory.xml.XmlBeanDefinitionReader loadBeanDefinitions
INFO: Loading XML bean definitions from class path resource [applicationContext.xml]
Oct 10, 2017 5:03:48 PM org.springframework.context.support.ClassPathXmlApplicationContext prepareRefresh
INFO: Refreshing org.springframework.context.support.ClassPathXmlApplicationContext@10105abe: startup date [Tue Oct 10 17:03:48 EDT 2017]; root of context hierarchy
Oct 10, 2017 5:03:48 PM org.springframework.beans.factory.xml.XmlBeanDefinitionReader loadBeanDefinitions
INFO: Loading XML bean definitions from class path resource [applicationContext.xml]
Oct 10, 2017 5:03:48 PM org.springframework.context.support.ClassPathXmlApplicationContext prepareRefresh
INFO: Refreshing org.springframework.context.support.ClassPathXmlApplicationContext@6d062727: startup date [Tue Oct 10 17:03:48 EDT 2017]; root of context hierarchy
Oct 10, 2017 5:03:48 PM org.springframework.beans.factory.xml.XmlBeanDefinitionReader loadBeanDefinitions
INFO: Loading XML bean definitions from class path resource [applicationContext.xml]
Oct 10, 2017 5:03:48 PM org.springframework.context.support.ClassPathXmlApplicationContext prepareRefresh
INFO: Refreshing org.springframework.context.support.ClassPathXmlApplicationContext@4949c1b7: startup date [Tue Oct 10 17:03:48 EDT 2017]; root of context hierarchy
Oct 10, 2017 5:03:48 PM org.springframework.beans.factory.xml.XmlBeanDefinitionReader loadBeanDefinitions
INFO: Loading XML bean definitions from class path resource [applicationContext.xml]
Oct 10, 2017 5:03:48 PM org.springframework.context.support.ClassPathXmlApplicationContext prepareRefresh
INFO: Refreshing org.springframework.context.support.ClassPathXmlApplicationContext@79cc3db9: startup date [Tue Oct 10 17:03:48 EDT 2017]; root of context hierarchy
Oct 10, 2017 5:03:48 PM org.springframework.beans.factory.xml.XmlBeanDefinitionReader loadBeanDefinitions
INFO: Loading XML bean definitions from class path resource [applicationContext.xml]
Oct 10, 2017 5:03:48 PM org.springframework.context.support.ClassPathXmlApplicationContext prepareRefresh
INFO: Refreshing org.springframework.context.support.ClassPathXmlApplicationContext@2eede21: startup date [Tue Oct 10 17:03:48 EDT 2017]; root of context hierarchy
Oct 10, 2017 5:03:48 PM org.springframework.beans.factory.xml.XmlBeanDefinitionReader loadBeanDefinitions
INFO: Loading XML bean definitions from class path resource [applicationContext.xml]
Oct 10, 2017 5:03:48 PM org.springframework.context.support.ClassPathXmlApplicationContext prepareRefresh
INFO: Refreshing org.springframework.context.support.ClassPathXmlApplicationContext@3cc65e0f: startup date [Tue Oct 10 17:03:48 EDT 2017]; root of context hierarchy
Oct 10, 2017 5:03:48 PM org.springframework.beans.factory.xml.XmlBeanDefinitionReader loadBeanDefinitions
INFO: Loading XML bean definitions from class path resource [applicationContext.xml]
Oct 10, 2017 5:03:48 PM org.springframework.context.support.ClassPathXmlApplicationContext prepareRefresh
INFO: Refreshing org.springframework.context.support.ClassPathXmlApplicationContext@7c630a6e: startup date [Tue Oct 10 17:03:48 EDT 2017]; root of context hierarchy
Oct 10, 2017 5:03:48 PM org.springframework.beans.factory.xml.XmlBeanDefinitionReader loadBeanDefinitions
INFO: Loading XML bean definitions from class path resource [applicationContext.xml]
Oct 10, 2017 5:03:48 PM org.springframework.context.support.ClassPathXmlApplicationContext prepareRefresh
INFO: Refreshing org.springframework.context.support.ClassPathXmlApplicationContext@57d42b6d: startup date [Tue Oct 10 17:03:48 EDT 2017]; root of context hierarchy
Oct 10, 2017 5:03:48 PM org.springframework.beans.factory.xml.XmlBeanDefinitionReader loadBeanDefinitions
INFO: Loading XML bean definitions from class path resource [applicationContext.xml]
Oct 10, 2017 5:03:48 PM org.springframework.context.support.ClassPathXmlApplicationContext prepareRefresh
INFO: Refreshing org.springframework.context.support.ClassPathXmlApplicationContext@6d73569c: startup date [Tue Oct 10 17:03:48 EDT 2017]; root of context hierarchy
Oct 10, 2017 5:03:48 PM org.springframework.beans.factory.xml.XmlBeanDefinitionReader loadBeanDefinitions
INFO: Loading XML bean definitions from class path resource [applicationContext.xml]
Oct 10, 2017 5:03:48 PM org.springframework.context.support.ClassPathXmlApplicationContext prepareRefresh
INFO: Refreshing org.springframework.context.support.ClassPathXmlApplicationContext@65e32701: startup date [Tue Oct 10 17:03:48 EDT 2017]; root of context hierarchy
Oct 10, 2017 5:03:48 PM org.springframework.beans.factory.xml.XmlBeanDefinitionReader loadBeanDefinitions
INFO: Loading XML bean definitions from class path resource [applicationContext.xml]
Oct 10, 2017 5:03:48 PM org.springframework.context.support.ClassPathXmlApplicationContext prepareRefresh
INFO: Refreshing org.springframework.context.support.ClassPathXmlApplicationContext@135d8bbf: startup date [Tue Oct 10 17:03:48 EDT 2017]; root of context hierarchy
Oct 10, 2017 5:03:48 PM org.springframework.beans.factory.xml.XmlBeanDefinitionReader loadBeanDefinitions
INFO: Loading XML bean definitions from class path resource [applicationContext.xml]
Oct 10, 2017 5:03:48 PM org.springframework.context.support.ClassPathXmlApplicationContext prepareRefresh
INFO: Refreshing org.springframework.context.support.ClassPathXmlApplicationContext@4a1c7255: startup date [Tue Oct 10 17:03:48 EDT 2017]; root of context hierarchy
Oct 10, 2017 5:03:48 PM org.springframework.beans.factory.xml.XmlBeanDefinitionReader loadBeanDefinitions
INFO: Loading XML bean definitions from class path resource [applicationContext.xml]
Oct 10, 2017 5:03:48 PM org.springframework.context.support.ClassPathXmlApplicationContext prepareRefresh
INFO: Refreshing org.springframework.context.support.ClassPathXmlApplicationContext@7298a2c1: startup date [Tue Oct 10 17:03:48 EDT 2017]; root of context hierarchy
Oct 10, 2017 5:03:48 PM org.springframework.beans.factory.xml.XmlBeanDefinitionReader loadBeanDefinitions
INFO: Loading XML bean definitions from class path resource [applicationContext.xml]
Oct 10, 2017 5:03:48 PM org.springframework.context.support.ClassPathXmlApplicationContext prepareRefresh
INFO: Refreshing org.springframework.context.support.ClassPathXmlApplicationContext@13449e7b: startup date [Tue Oct 10 17:03:48 EDT 2017]; root of context hierarchy
Oct 10, 2017 5:03:48 PM org.springframework.beans.factory.xml.XmlBeanDefinitionReader loadBeanDefinitions
INFO: Loading XML bean definitions from class path resource [applicationContext.xml]
Oct 10, 2017 5:03:48 PM org.springframework.context.support.ClassPathXmlApplicationContext prepareRefresh
INFO: Refreshing org.springframework.context.support.ClassPathXmlApplicationContext@24b23fbd: startup date [Tue Oct 10 17:03:48 EDT 2017]; root of context hierarchy
Oct 10, 2017 5:03:48 PM org.springframework.beans.factory.xml.XmlBeanDefinitionReader loadBeanDefinitions
INFO: Loading XML bean definitions from class path resource [applicationContext.xml]
Oct 10, 2017 5:03:48 PM org.springframework.context.support.ClassPathXmlApplicationContext prepareRefresh
INFO: Refreshing org.springframework.context.support.ClassPathXmlApplicationContext@471601f8: startup date [Tue Oct 10 17:03:48 EDT 2017]; root of context hierarchy
Oct 10, 2017 5:03:48 PM org.springframework.beans.factory.xml.XmlBeanDefinitionReader loadBeanDefinitions
INFO: Loading XML bean definitions from class path resource [applicationContext.xml]
Oct 10, 2017 5:03:48 PM org.springframework.context.support.ClassPathXmlApplicationContext prepareRefresh
INFO: Refreshing org.springframework.context.support.ClassPathXmlApplicationContext@1b23214d: startup date [Tue Oct 10 17:03:48 EDT 2017]; root of context hierarchy
Oct 10, 2017 5:03:48 PM org.springframework.beans.factory.xml.XmlBeanDefinitionReader loadBeanDefinitions
INFO: Loading XML bean definitions from class path resource [applicationContext.xml]
Oct 10, 2017 5:03:48 PM org.springframework.context.support.ClassPathXmlApplicationContext prepareRefresh
INFO: Refreshing org.springframework.context.support.ClassPathXmlApplicationContext@f7c6e91: startup date [Tue Oct 10 17:03:48 EDT 2017]; root of context hierarchy
Oct 10, 2017 5:03:48 PM org.springframework.beans.factory.xml.XmlBeanDefinitionReader loadBeanDefinitions
INFO: Loading XML bean definitions from class path resource [applicationContext.xml]
Oct 10, 2017 5:03:48 PM org.springframework.context.support.ClassPathXmlApplicationContext prepareRefresh
INFO: Refreshing org.springframework.context.support.ClassPathXmlApplicationContext@3c8303c3: startup date [Tue Oct 10 17:03:48 EDT 2017]; root of context hierarchy
Oct 10, 2017 5:03:48 PM org.springframework.beans.factory.xml.XmlBeanDefinitionReader loadBeanDefinitions
INFO: Loading XML bean definitions from class path resource [applicationContext.xml]
Oct 10, 2017 5:03:48 PM org.springframework.context.support.ClassPathXmlApplicationContext prepareRefresh
INFO: Refreshing org.springframework.context.support.ClassPathXmlApplicationContext@17f77969: startup date [Tue Oct 10 17:03:48 EDT 2017]; root of context hierarchy
Oct 10, 2017 5:03:48 PM org.springframework.beans.factory.xml.XmlBeanDefinitionReader loadBeanDefinitions
INFO: Loading XML bean definitions from class path resource [applicationContext.xml]
Oct 10, 2017 5:03:48 PM org.springframework.context.support.ClassPathXmlApplicationContext prepareRefresh
INFO: Refreshing org.springframework.context.support.ClassPathXmlApplicationContext@236f20da: startup date [Tue Oct 10 17:03:48 EDT 2017]; root of context hierarchy
Oct 10, 2017 5:03:48 PM org.springframework.beans.factory.xml.XmlBeanDefinitionReader loadBeanDefinitions
INFO: Loading XML bean definitions from class path resource [applicationContext.xml]
Oct 10, 2017 5:03:48 PM org.springframework.context.support.ClassPathXmlApplicationContext prepareRefresh
INFO: Refreshing org.springframework.context.support.ClassPathXmlApplicationContext@6c11596e: startup date [Tue Oct 10 17:03:48 EDT 2017]; root of context hierarchy
Oct 10, 2017 5:03:48 PM org.springframework.beans.factory.xml.XmlBeanDefinitionReader loadBeanDefinitions
INFO: Loading XML bean definitions from class path resource [applicationContext.xml]
Oct 10, 2017 5:03:48 PM org.springframework.context.support.ClassPathXmlApplicationContext prepareRefresh
INFO: Refreshing org.springframework.context.support.ClassPathXmlApplicationContext@14a40a4e: startup date [Tue Oct 10 17:03:48 EDT 2017]; root of context hierarchy
Oct 10, 2017 5:03:48 PM org.springframework.beans.factory.xml.XmlBeanDefinitionReader loadBeanDefinitions
INFO: Loading XML bean definitions from class path resource [applicationContext.xml]
Oct 10, 2017 5:03:48 PM org.springframework.context.support.ClassPathXmlApplicationContext prepareRefresh
INFO: Refreshing org.springframework.context.support.ClassPathXmlApplicationContext@1bd2cf55: startup date [Tue Oct 10 17:03:48 EDT 2017]; root of context hierarchy
Oct 10, 2017 5:03:48 PM org.springframework.beans.factory.xml.XmlBeanDefinitionReader loadBeanDefinitions
INFO: Loading XML bean definitions from class path resource [applicationContext.xml]
Oct 10, 2017 5:03:48 PM org.springframework.context.support.ClassPathXmlApplicationContext prepareRefresh
INFO: Refreshing org.springframework.context.support.ClassPathXmlApplicationContext@290200d6: startup date [Tue Oct 10 17:03:48 EDT 2017]; root of context hierarchy
Oct 10, 2017 5:03:48 PM org.springframework.beans.factory.xml.XmlBeanDefinitionReader loadBeanDefinitions
INFO: Loading XML bean definitions from class path resource [applicationContext.xml]
Oct 10, 2017 5:03:48 PM org.springframework.context.support.ClassPathXmlApplicationContext prepareRefresh
INFO: Refreshing org.springframework.context.support.ClassPathXmlApplicationContext@6d0e8e8e: startup date [Tue Oct 10 17:03:48 EDT 2017]; root of context hierarchy
Oct 10, 2017 5:03:48 PM org.springframework.beans.factory.xml.XmlBeanDefinitionReader loadBeanDefinitions
INFO: Loading XML bean definitions from class path resource [applicationContext.xml]
Oct 10, 2017 5:03:48 PM org.springframework.context.support.ClassPathXmlApplicationContext prepareRefresh
INFO: Refreshing org.springframework.context.support.ClassPathXmlApplicationContext@9e5061e: startup date [Tue Oct 10 17:03:48 EDT 2017]; root of context hierarchy
Oct 10, 2017 5:03:48 PM org.springframework.beans.factory.xml.XmlBeanDefinitionReader loadBeanDefinitions
INFO: Loading XML bean definitions from class path resource [applicationContext.xml]
Oct 10, 2017 5:03:48 PM org.springframework.context.support.ClassPathXmlApplicationContext prepareRefresh
INFO: Refreshing org.springframework.context.support.ClassPathXmlApplicationContext@7c67d36f: startup date [Tue Oct 10 17:03:48 EDT 2017]; root of context hierarchy
Oct 10, 2017 5:03:48 PM org.springframework.beans.factory.xml.XmlBeanDefinitionReader loadBeanDefinitions
INFO: Loading XML bean definitions from class path resource [applicationContext.xml]
Oct 10, 2017 5:03:48 PM org.springframework.context.support.ClassPathXmlApplicationContext prepareRefresh
INFO: Refreshing org.springframework.context.support.ClassPathXmlApplicationContext@57839e9d: startup date [Tue Oct 10 17:03:48 EDT 2017]; root of context hierarchy
Oct 10, 2017 5:03:48 PM org.springframework.beans.factory.xml.XmlBeanDefinitionReader loadBeanDefinitions
INFO: Loading XML bean definitions from class path resource [applicationContext.xml]
Oct 10, 2017 5:03:48 PM org.springframework.context.support.ClassPathXmlApplicationContext prepareRefresh
INFO: Refreshing org.springframework.context.support.ClassPathXmlApplicationContext@6fe279cc: startup date [Tue Oct 10 17:03:48 EDT 2017]; root of context hierarchy
Oct 10, 2017 5:03:48 PM org.springframework.beans.factory.xml.XmlBeanDefinitionReader loadBeanDefinitions
INFO: Loading XML bean definitions from class path resource [applicationContext.xml]
Oct 10, 2017 5:03:48 PM org.springframework.context.support.ClassPathXmlApplicationContext prepareRefresh
INFO: Refreshing org.springframework.context.support.ClassPathXmlApplicationContext@40bfabed: startup date [Tue Oct 10 17:03:48 EDT 2017]; root of context hierarchy
Oct 10, 2017 5:03:48 PM org.springframework.beans.factory.xml.XmlBeanDefinitionReader loadBeanDefinitions
INFO: Loading XML bean definitions from class path resource [applicationContext.xml]
Oct 10, 2017 5:03:48 PM org.springframework.context.support.ClassPathXmlApplicationContext prepareRefresh
INFO: Refreshing org.springframework.context.support.ClassPathXmlApplicationContext@5fb7844b: startup date [Tue Oct 10 17:03:48 EDT 2017]; root of context hierarchy
Oct 10, 2017 5:03:48 PM org.springframework.beans.factory.xml.XmlBeanDefinitionReader loadBeanDefinitions
INFO: Loading XML bean definitions from class path resource [applicationContext.xml]
Oct 10, 2017 5:03:48 PM org.springframework.context.support.ClassPathXmlApplicationContext prepareRefresh
INFO: Refreshing org.springframework.context.support.ClassPathXmlApplicationContext@530f6cea: startup date [Tue Oct 10 17:03:48 EDT 2017]; root of context hierarchy
Oct 10, 2017 5:03:48 PM org.springframework.beans.factory.xml.XmlBeanDefinitionReader loadBeanDefinitions
INFO: Loading XML bean definitions from class path resource [applicationContext.xml]
Oct 10, 2017 5:03:48 PM org.springframework.context.support.ClassPathXmlApplicationContext prepareRefresh
INFO: Refreshing org.springframework.context.support.ClassPathXmlApplicationContext@32007f5: startup date [Tue Oct 10 17:03:48 EDT 2017]; root of context hierarchy
Oct 10, 2017 5:03:48 PM org.springframework.beans.factory.xml.XmlBeanDefinitionReader loadBeanDefinitions
INFO: Loading XML bean definitions from class path resource [applicationContext.xml]
Oct 10, 2017 5:03:48 PM org.springframework.context.support.ClassPathXmlApplicationContext prepareRefresh
INFO: Refreshing org.springframework.context.support.ClassPathXmlApplicationContext@14fd70fe: startup date [Tue Oct 10 17:03:48 EDT 2017]; root of context hierarchy
Oct 10, 2017 5:03:48 PM org.springframework.beans.factory.xml.XmlBeanDefinitionReader loadBeanDefinitions
INFO: Loading XML bean definitions from class path resource [applicationContext.xml]
Oct 10, 2017 5:03:48 PM org.springframework.context.support.ClassPathXmlApplicationContext prepareRefresh
INFO: Refreshing org.springframework.context.support.ClassPathXmlApplicationContext@a9df88f: startup date [Tue Oct 10 17:03:48 EDT 2017]; root of context hierarchy
Oct 10, 2017 5:03:48 PM org.springframework.beans.factory.xml.XmlBeanDefinitionReader loadBeanDefinitions
INFO: Loading XML bean definitions from class path resource [applicationContext.xml]
Oct 10, 2017 5:03:48 PM org.springframework.context.support.ClassPathXmlApplicationContext prepareRefresh
INFO: Refreshing org.springframework.context.support.ClassPathXmlApplicationContext@7da7a3ae: startup date [Tue Oct 10 17:03:48 EDT 2017]; root of context hierarchy
Oct 10, 2017 5:03:48 PM org.springframework.beans.factory.xml.XmlBeanDefinitionReader loadBeanDefinitions
INFO: Loading XML bean definitions from class path resource [applicationContext.xml]
Oct 10, 2017 5:03:48 PM org.springframework.context.support.ClassPathXmlApplicationContext prepareRefresh
INFO: Refreshing org.springframework.context.support.ClassPathXmlApplicationContext@31259abb: startup date [Tue Oct 10 17:03:48 EDT 2017]; root of context hierarchy
Oct 10, 2017 5:03:48 PM org.springframework.beans.factory.xml.XmlBeanDefinitionReader loadBeanDefinitions
INFO: Loading XML bean definitions from class path resource [applicationContext.xml]
Oct 10, 2017 5:03:48 PM org.springframework.context.support.ClassPathXmlApplicationContext prepareRefresh
INFO: Refreshing org.springframework.context.support.ClassPathXmlApplicationContext@60f55b91: startup date [Tue Oct 10 17:03:48 EDT 2017]; root of context hierarchy
Oct 10, 2017 5:03:48 PM org.springframework.beans.factory.xml.XmlBeanDefinitionReader loadBeanDefinitions
INFO: Loading XML bean definitions from class path resource [applicationContext.xml]
Oct 10, 2017 5:03:48 PM org.springframework.context.support.ClassPathXmlApplicationContext prepareRefresh
INFO: Refreshing org.springframework.context.support.ClassPathXmlApplicationContext@6d357ce2: startup date [Tue Oct 10 17:03:48 EDT 2017]; root of context hierarchy
Oct 10, 2017 5:03:48 PM org.springframework.beans.factory.xml.XmlBeanDefinitionReader loadBeanDefinitions
INFO: Loading XML bean definitions from class path resource [applicationContext.xml]
Oct 10, 2017 5:03:48 PM org.springframework.context.support.ClassPathXmlApplicationContext prepareRefresh
INFO: Refreshing org.springframework.context.support.ClassPathXmlApplicationContext@75a6846a: startup date [Tue Oct 10 17:03:48 EDT 2017]; root of context hierarchy
Oct 10, 2017 5:03:48 PM org.springframework.beans.factory.xml.XmlBeanDefinitionReader loadBeanDefinitions
INFO: Loading XML bean definitions from class path resource [applicationContext.xml]
Oct 10, 2017 5:03:48 PM org.springframework.context.support.ClassPathXmlApplicationContext prepareRefresh
INFO: Refreshing org.springframework.context.support.ClassPathXmlApplicationContext@2934b6b8: startup date [Tue Oct 10 17:03:48 EDT 2017]; root of context hierarchy
Oct 10, 2017 5:03:48 PM org.springframework.beans.factory.xml.XmlBeanDefinitionReader loadBeanDefinitions
INFO: Loading XML bean definitions from class path resource [applicationContext.xml]
Oct 10, 2017 5:03:48 PM org.springframework.context.support.ClassPathXmlApplicationContext prepareRefresh
INFO: Refreshing org.springframework.context.support.ClassPathXmlApplicationContext@51ac18f4: startup date [Tue Oct 10 17:03:48 EDT 2017]; root of context hierarchy
Oct 10, 2017 5:03:48 PM org.springframework.beans.factory.xml.XmlBeanDefinitionReader loadBeanDefinitions
INFO: Loading XML bean definitions from class path resource [applicationContext.xml]
Oct 10, 2017 5:03:48 PM org.springframework.context.support.ClassPathXmlApplicationContext prepareRefresh
INFO: Refreshing org.springframework.context.support.ClassPathXmlApplicationContext@7acf93be: startup date [Tue Oct 10 17:03:48 EDT 2017]; root of context hierarchy
Oct 10, 2017 5:03:48 PM org.springframework.beans.factory.xml.XmlBeanDefinitionReader loadBeanDefinitions
INFO: Loading XML bean definitions from class path resource [applicationContext.xml]
Oct 10, 2017 5:03:48 PM org.springframework.context.support.ClassPathXmlApplicationContext prepareRefresh
INFO: Refreshing org.springframework.context.support.ClassPathXmlApplicationContext@6547d383: startup date [Tue Oct 10 17:03:48 EDT 2017]; root of context hierarchy
Oct 10, 2017 5:03:48 PM org.springframework.beans.factory.xml.XmlBeanDefinitionReader loadBeanDefinitions
INFO: Loading XML bean definitions from class path resource [applicationContext.xml]
Oct 10, 2017 5:03:48 PM org.springframework.context.support.ClassPathXmlApplicationContext prepareRefresh
INFO: Refreshing org.springframework.context.support.ClassPathXmlApplicationContext@7303e439: startup date [Tue Oct 10 17:03:48 EDT 2017]; root of context hierarchy
Oct 10, 2017 5:03:48 PM org.springframework.beans.factory.xml.XmlBeanDefinitionReader loadBeanDefinitions
INFO: Loading XML bean definitions from class path resource [applicationContext.xml]
Oct 10, 2017 5:03:48 PM org.springframework.context.support.ClassPathXmlApplicationContext prepareRefresh
INFO: Refreshing org.springframework.context.support.ClassPathXmlApplicationContext@2024d410: startup date [Tue Oct 10 17:03:48 EDT 2017]; root of context hierarchy
Oct 10, 2017 5:03:48 PM org.springframework.beans.factory.xml.XmlBeanDefinitionReader loadBeanDefinitions
INFO: Loading XML bean definitions from class path resource [applicationContext.xml]
Oct 10, 2017 5:03:48 PM org.springframework.context.support.ClassPathXmlApplicationContext prepareRefresh
INFO: Refreshing org.springframework.context.support.ClassPathXmlApplicationContext@13fab494: startup date [Tue Oct 10 17:03:48 EDT 2017]; root of context hierarchy
Oct 10, 2017 5:03:48 PM org.springframework.beans.factory.xml.XmlBeanDefinitionReader loadBeanDefinitions
INFO: Loading XML bean definitions from class path resource [applicationContext.xml]
Oct 10, 2017 5:03:48 PM org.springframework.context.support.ClassPathXmlApplicationContext prepareRefresh
INFO: Refreshing org.springframework.context.support.ClassPathXmlApplicationContext@1f93bee0: startup date [Tue Oct 10 17:03:48 EDT 2017]; root of context hierarchy
Oct 10, 2017 5:03:48 PM org.springframework.beans.factory.xml.XmlBeanDefinitionReader loadBeanDefinitions
INFO: Loading XML bean definitions from class path resource [applicationContext.xml]
Oct 10, 2017 5:03:48 PM org.springframework.context.support.ClassPathXmlApplicationContext prepareRefresh
INFO: Refreshing org.springframework.context.support.ClassPathXmlApplicationContext@24abb4e9: startup date [Tue Oct 10 17:03:48 EDT 2017]; root of context hierarchy
Oct 10, 2017 5:03:48 PM org.springframework.beans.factory.xml.XmlBeanDefinitionReader loadBeanDefinitions
INFO: Loading XML bean definitions from class path resource [applicationContext.xml]
Oct 10, 2017 5:03:48 PM org.springframework.context.support.ClassPathXmlApplicationContext prepareRefresh
INFO: Refreshing org.springframework.context.support.ClassPathXmlApplicationContext@66f44116: startup date [Tue Oct 10 17:03:48 EDT 2017]; root of context hierarchy
Oct 10, 2017 5:03:48 PM org.springframework.beans.factory.xml.XmlBeanDefinitionReader loadBeanDefinitions
INFO: Loading XML bean definitions from class path resource [applicationContext.xml]
Oct 10, 2017 5:03:48 PM org.springframework.context.support.ClassPathXmlApplicationContext prepareRefresh
INFO: Refreshing org.springframework.context.support.ClassPathXmlApplicationContext@1ba82: startup date [Tue Oct 10 17:03:48 EDT 2017]; root of context hierarchy
Oct 10, 2017 5:03:48 PM org.springframework.beans.factory.xml.XmlBeanDefinitionReader loadBeanDefinitions
INFO: Loading XML bean definitions from class path resource [applicationContext.xml]
Oct 10, 2017 5:03:48 PM org.springframework.context.support.ClassPathXmlApplicationContext prepareRefresh
INFO: Refreshing org.springframework.context.support.ClassPathXmlApplicationContext@17dda65c: startup date [Tue Oct 10 17:03:48 EDT 2017]; root of context hierarchy
Oct 10, 2017 5:03:48 PM org.springframework.beans.factory.xml.XmlBeanDefinitionReader loadBeanDefinitions
INFO: Loading XML bean definitions from class path resource [applicationContext.xml]
Oct 10, 2017 5:03:48 PM org.springframework.context.support.ClassPathXmlApplicationContext prepareRefresh
INFO: Refreshing org.springframework.context.support.ClassPathXmlApplicationContext@2cfffa12: startup date [Tue Oct 10 17:03:48 EDT 2017]; root of context hierarchy
Oct 10, 2017 5:03:48 PM org.springframework.beans.factory.xml.XmlBeanDefinitionReader loadBeanDefinitions
INFO: Loading XML bean definitions from class path resource [applicationContext.xml]
Oct 10, 2017 5:03:48 PM org.springframework.context.support.ClassPathXmlApplicationContext prepareRefresh
INFO: Refreshing org.springframework.context.support.ClassPathXmlApplicationContext@8b955ad: startup date [Tue Oct 10 17:03:48 EDT 2017]; root of context hierarchy
Oct 10, 2017 5:03:48 PM org.springframework.beans.factory.xml.XmlBeanDefinitionReader loadBeanDefinitions
INFO: Loading XML bean definitions from class path resource [applicationContext.xml]
Oct 10, 2017 5:03:48 PM org.springframework.context.support.ClassPathXmlApplicationContext prepareRefresh
INFO: Refreshing org.springframework.context.support.ClassPathXmlApplicationContext@4834bbdc: startup date [Tue Oct 10 17:03:48 EDT 2017]; root of context hierarchy
Oct 10, 2017 5:03:48 PM org.springframework.beans.factory.xml.XmlBeanDefinitionReader loadBeanDefinitions
INFO: Loading XML bean definitions from class path resource [applicationContext.xml]
Oct 10, 2017 5:03:48 PM org.springframework.context.support.ClassPathXmlApplicationContext prepareRefresh
INFO: Refreshing org.springframework.context.support.ClassPathXmlApplicationContext@538470ed: startup date [Tue Oct 10 17:03:48 EDT 2017]; root of context hierarchy
Oct 10, 2017 5:03:48 PM org.springframework.beans.factory.xml.XmlBeanDefinitionReader loadBeanDefinitions
INFO: Loading XML bean definitions from class path resource [applicationContext.xml]
Oct 10, 2017 5:03:48 PM org.springframework.context.support.ClassPathXmlApplicationContext prepareRefresh
INFO: Refreshing org.springframework.context.support.ClassPathXmlApplicationContext@30a9ec52: startup date [Tue Oct 10 17:03:48 EDT 2017]; root of context hierarchy
Oct 10, 2017 5:03:48 PM org.springframework.beans.factory.xml.XmlBeanDefinitionReader loadBeanDefinitions
INFO: Loading XML bean definitions from class path resource [applicationContext.xml]
Oct 10, 2017 5:03:48 PM org.springframework.context.support.ClassPathXmlApplicationContext prepareRefresh
INFO: Refreshing org.springframework.context.support.ClassPathXmlApplicationContext@6afded2c: startup date [Tue Oct 10 17:03:48 EDT 2017]; root of context hierarchy
Oct 10, 2017 5:03:48 PM org.springframework.beans.factory.xml.XmlBeanDefinitionReader loadBeanDefinitions
INFO: Loading XML bean definitions from class path resource [applicationContext.xml]
Oct 10, 2017 5:03:48 PM org.springframework.context.support.ClassPathXmlApplicationContext prepareRefresh
INFO: Refreshing org.springframework.context.support.ClassPathXmlApplicationContext@6bf33ea8: startup date [Tue Oct 10 17:03:48 EDT 2017]; root of context hierarchy
Oct 10, 2017 5:03:48 PM org.springframework.beans.factory.xml.XmlBeanDefinitionReader loadBeanDefinitions
INFO: Loading XML bean definitions from class path resource [applicationContext.xml]
Oct 10, 2017 5:03:48 PM org.springframework.context.support.ClassPathXmlApplicationContext prepareRefresh
INFO: Refreshing org.springframework.context.support.ClassPathXmlApplicationContext@2c7daa92: startup date [Tue Oct 10 17:03:48 EDT 2017]; root of context hierarchy
Oct 10, 2017 5:03:48 PM org.springframework.beans.factory.xml.XmlBeanDefinitionReader loadBeanDefinitions
INFO: Loading XML bean definitions from class path resource [applicationContext.xml]
Oct 10, 2017 5:03:48 PM org.springframework.context.support.ClassPathXmlApplicationContext prepareRefresh
INFO: Refreshing org.springframework.context.support.ClassPathXmlApplicationContext@2f1e95b5: startup date [Tue Oct 10 17:03:48 EDT 2017]; root of context hierarchy
Oct 10, 2017 5:03:48 PM org.springframework.beans.factory.xml.XmlBeanDefinitionReader loadBeanDefinitions
INFO: Loading XML bean definitions from class path resource [applicationContext.xml]
Oct 10, 2017 5:03:48 PM org.springframework.context.support.ClassPathXmlApplicationContext prepareRefresh
INFO: Refreshing org.springframework.context.support.ClassPathXmlApplicationContext@7d3a1ca5: startup date [Tue Oct 10 17:03:48 EDT 2017]; root of context hierarchy
Oct 10, 2017 5:03:48 PM org.springframework.beans.factory.xml.XmlBeanDefinitionReader loadBeanDefinitions
INFO: Loading XML bean definitions from class path resource [applicationContext.xml]
Oct 10, 2017 5:03:48 PM org.springframework.context.support.ClassPathXmlApplicationContext prepareRefresh
INFO: Refreshing org.springframework.context.support.ClassPathXmlApplicationContext@4cbc5f31: startup date [Tue Oct 10 17:03:48 EDT 2017]; root of context hierarchy
Oct 10, 2017 5:03:48 PM org.springframework.beans.factory.xml.XmlBeanDefinitionReader loadBeanDefinitions
INFO: Loading XML bean definitions from class path resource [applicationContext.xml]
Oct 10, 2017 5:03:48 PM org.springframework.context.support.ClassPathXmlApplicationContext prepareRefresh
INFO: Refreshing org.springframework.context.support.ClassPathXmlApplicationContext@3b027734: startup date [Tue Oct 10 17:03:48 EDT 2017]; root of context hierarchy
Oct 10, 2017 5:03:48 PM org.springframework.beans.factory.xml.XmlBeanDefinitionReader loadBeanDefinitions
INFO: Loading XML bean definitions from class path resource [applicationContext.xml]
Oct 10, 2017 5:03:48 PM org.springframework.context.support.ClassPathXmlApplicationContext prepareRefresh
INFO: Refreshing org.springframework.context.support.ClassPathXmlApplicationContext@611d0df3: startup date [Tue Oct 10 17:03:48 EDT 2017]; root of context hierarchy
Oct 10, 2017 5:03:48 PM org.springframework.beans.factory.xml.XmlBeanDefinitionReader loadBeanDefinitions
INFO: Loading XML bean definitions from class path resource [applicationContext.xml]
Oct 10, 2017 5:03:48 PM org.springframework.context.support.ClassPathXmlApplicationContext prepareRefresh
INFO: Refreshing org.springframework.context.support.ClassPathXmlApplicationContext@72163934: startup date [Tue Oct 10 17:03:48 EDT 2017]; root of context hierarchy
Oct 10, 2017 5:03:48 PM org.springframework.beans.factory.xml.XmlBeanDefinitionReader loadBeanDefinitions
INFO: Loading XML bean definitions from class path resource [applicationContext.xml]
Oct 10, 2017 5:03:49 PM org.springframework.context.support.ClassPathXmlApplicationContext prepareRefresh
INFO: Refreshing org.springframework.context.support.ClassPathXmlApplicationContext@5c7f5450: startup date [Tue Oct 10 17:03:49 EDT 2017]; root of context hierarchy
Oct 10, 2017 5:03:49 PM org.springframework.beans.factory.xml.XmlBeanDefinitionReader loadBeanDefinitions
INFO: Loading XML bean definitions from class path resource [applicationContext.xml]
Oct 10, 2017 5:03:49 PM org.springframework.context.support.ClassPathXmlApplicationContext prepareRefresh
INFO: Refreshing org.springframework.context.support.ClassPathXmlApplicationContext@3dde6dbc: startup date [Tue Oct 10 17:03:49 EDT 2017]; root of context hierarchy
Oct 10, 2017 5:03:49 PM org.springframework.beans.factory.xml.XmlBeanDefinitionReader loadBeanDefinitions
INFO: Loading XML bean definitions from class path resource [applicationContext.xml]
Oct 10, 2017 5:03:49 PM org.springframework.context.support.ClassPathXmlApplicationContext prepareRefresh
INFO: Refreshing org.springframework.context.support.ClassPathXmlApplicationContext@5d3192e5: startup date [Tue Oct 10 17:03:49 EDT 2017]; root of context hierarchy
Oct 10, 2017 5:03:49 PM org.springframework.beans.factory.xml.XmlBeanDefinitionReader loadBeanDefinitions
INFO: Loading XML bean definitions from class path resource [applicationContext.xml]
Oct 10, 2017 5:03:49 PM org.springframework.context.support.ClassPathXmlApplicationContext prepareRefresh
INFO: Refreshing org.springframework.context.support.ClassPathXmlApplicationContext@59e213b4: startup date [Tue Oct 10 17:03:49 EDT 2017]; root of context hierarchy
Oct 10, 2017 5:03:49 PM org.springframework.beans.factory.xml.XmlBeanDefinitionReader loadBeanDefinitions
INFO: Loading XML bean definitions from class path resource [applicationContext.xml]
Oct 10, 2017 5:03:49 PM org.springframework.context.support.ClassPathXmlApplicationContext prepareRefresh
INFO: Refreshing org.springframework.context.support.ClassPathXmlApplicationContext@3b129c74: startup date [Tue Oct 10 17:03:49 EDT 2017]; root of context hierarchy
Oct 10, 2017 5:03:49 PM org.springframework.beans.factory.xml.XmlBeanDefinitionReader loadBeanDefinitions
INFO: Loading XML bean definitions from class path resource [applicationContext.xml]
Oct 10, 2017 5:03:49 PM org.springframework.context.support.ClassPathXmlApplicationContext prepareRefresh
INFO: Refreshing org.springframework.context.support.ClassPathXmlApplicationContext@420bdcac: startup date [Tue Oct 10 17:03:49 EDT 2017]; root of context hierarchy
Oct 10, 2017 5:03:49 PM org.springframework.beans.factory.xml.XmlBeanDefinitionReader loadBeanDefinitions
INFO: Loading XML bean definitions from class path resource [applicationContext.xml]
Oct 10, 2017 5:03:49 PM org.springframework.context.support.ClassPathXmlApplicationContext prepareRefresh
INFO: Refreshing org.springframework.context.support.ClassPathXmlApplicationContext@54804052: startup date [Tue Oct 10 17:03:49 EDT 2017]; root of context hierarchy
Oct 10, 2017 5:03:49 PM org.springframework.beans.factory.xml.XmlBeanDefinitionReader loadBeanDefinitions
INFO: Loading XML bean definitions from class path resource [applicationContext.xml]
Oct 10, 2017 5:03:49 PM org.springframework.context.support.ClassPathXmlApplicationContext prepareRefresh
INFO: Refreshing org.springframework.context.support.ClassPathXmlApplicationContext@46fad5a7: startup date [Tue Oct 10 17:03:49 EDT 2017]; root of context hierarchy
Oct 10, 2017 5:03:49 PM org.springframework.beans.factory.xml.XmlBeanDefinitionReader loadBeanDefinitions
INFO: Loading XML bean definitions from class path resource [applicationContext.xml]
Oct 10, 2017 5:03:49 PM org.springframework.context.support.ClassPathXmlApplicationContext prepareRefresh
INFO: Refreshing org.springframework.context.support.ClassPathXmlApplicationContext@44c223a4: startup date [Tue Oct 10 17:03:49 EDT 2017]; root of context hierarchy
Oct 10, 2017 5:03:49 PM org.springframework.beans.factory.xml.XmlBeanDefinitionReader loadBeanDefinitions
INFO: Loading XML bean definitions from class path resource [applicationContext.xml]
Oct 10, 2017 5:03:49 PM org.springframework.context.support.ClassPathXmlApplicationContext prepareRefresh
INFO: Refreshing org.springframework.context.support.ClassPathXmlApplicationContext@447d77e5: startup date [Tue Oct 10 17:03:49 EDT 2017]; root of context hierarchy
Oct 10, 2017 5:03:49 PM org.springframework.beans.factory.xml.XmlBeanDefinitionReader loadBeanDefinitions
INFO: Loading XML bean definitions from class path resource [applicationContext.xml]
Oct 10, 2017 5:03:49 PM org.springframework.context.support.ClassPathXmlApplicationContext prepareRefresh
INFO: Refreshing org.springframework.context.support.ClassPathXmlApplicationContext@5c97fb00: startup date [Tue Oct 10 17:03:49 EDT 2017]; root of context hierarchy
Oct 10, 2017 5:03:49 PM org.springframework.beans.factory.xml.XmlBeanDefinitionReader loadBeanDefinitions
INFO: Loading XML bean definitions from class path resource [applicationContext.xml]
Oct 10, 2017 5:03:49 PM org.springframework.context.support.ClassPathXmlApplicationContext prepareRefresh
INFO: Refreshing org.springframework.context.support.ClassPathXmlApplicationContext@5ed76c9f: startup date [Tue Oct 10 17:03:49 EDT 2017]; root of context hierarchy
Oct 10, 2017 5:03:49 PM org.springframework.beans.factory.xml.XmlBeanDefinitionReader loadBeanDefinitions
INFO: Loading XML bean definitions from class path resource [applicationContext.xml]
Oct 10, 2017 5:03:49 PM org.springframework.context.support.ClassPathXmlApplicationContext prepareRefresh
INFO: Refreshing org.springframework.context.support.ClassPathXmlApplicationContext@a2bf306: startup date [Tue Oct 10 17:03:49 EDT 2017]; root of context hierarchy
Oct 10, 2017 5:03:49 PM org.springframework.beans.factory.xml.XmlBeanDefinitionReader loadBeanDefinitions
INFO: Loading XML bean definitions from class path resource [applicationContext.xml]
Oct 10, 2017 5:03:49 PM org.springframework.context.support.ClassPathXmlApplicationContext prepareRefresh
INFO: Refreshing org.springframework.context.support.ClassPathXmlApplicationContext@1a9ec6a1: startup date [Tue Oct 10 17:03:49 EDT 2017]; root of context hierarchy
Oct 10, 2017 5:03:49 PM org.springframework.beans.factory.xml.XmlBeanDefinitionReader loadBeanDefinitions
INFO: Loading XML bean definitions from class path resource [applicationContext.xml]
Oct 10, 2017 5:03:49 PM org.springframework.context.support.ClassPathXmlApplicationContext prepareRefresh
INFO: Refreshing org.springframework.context.support.ClassPathXmlApplicationContext@3392d8c7: startup date [Tue Oct 10 17:03:49 EDT 2017]; root of context hierarchy
Oct 10, 2017 5:03:49 PM org.springframework.beans.factory.xml.XmlBeanDefinitionReader loadBeanDefinitions
INFO: Loading XML bean definitions from class path resource [applicationContext.xml]
Oct 10, 2017 5:03:49 PM org.springframework.context.support.ClassPathXmlApplicationContext prepareRefresh
INFO: Refreshing org.springframework.context.support.ClassPathXmlApplicationContext@7da724ad: startup date [Tue Oct 10 17:03:49 EDT 2017]; root of context hierarchy
Oct 10, 2017 5:03:49 PM org.springframework.beans.factory.xml.XmlBeanDefinitionReader loadBeanDefinitions
INFO: Loading XML bean definitions from class path resource [applicationContext.xml]
Oct 10, 2017 5:03:49 PM org.springframework.context.support.ClassPathXmlApplicationContext prepareRefresh
INFO: Refreshing org.springframework.context.support.ClassPathXmlApplicationContext@29cccf98: startup date [Tue Oct 10 17:03:49 EDT 2017]; root of context hierarchy
Oct 10, 2017 5:03:49 PM org.springframework.beans.factory.xml.XmlBeanDefinitionReader loadBeanDefinitions
INFO: Loading XML bean definitions from class path resource [applicationContext.xml]
Oct 10, 2017 5:03:49 PM org.springframework.context.support.ClassPathXmlApplicationContext prepareRefresh
INFO: Refreshing org.springframework.context.support.ClassPathXmlApplicationContext@128656cf: startup date [Tue Oct 10 17:03:49 EDT 2017]; root of context hierarchy
Oct 10, 2017 5:03:49 PM org.springframework.beans.factory.xml.XmlBeanDefinitionReader loadBeanDefinitions
INFO: Loading XML bean definitions from class path resource [applicationContext.xml]
Oct 10, 2017 5:03:49 PM org.springframework.context.support.ClassPathXmlApplicationContext prepareRefresh
INFO: Refreshing org.springframework.context.support.ClassPathXmlApplicationContext@6164b6ba: startup date [Tue Oct 10 17:03:49 EDT 2017]; root of context hierarchy
Oct 10, 2017 5:03:49 PM org.springframework.beans.factory.xml.XmlBeanDefinitionReader loadBeanDefinitions
INFO: Loading XML bean definitions from class path resource [applicationContext.xml]
Oct 10, 2017 5:03:49 PM org.springframework.context.support.ClassPathXmlApplicationContext prepareRefresh
INFO: Refreshing org.springframework.context.support.ClassPathXmlApplicationContext@487396d5: startup date [Tue Oct 10 17:03:49 EDT 2017]; root of context hierarchy
Oct 10, 2017 5:03:49 PM org.springframework.beans.factory.xml.XmlBeanDefinitionReader loadBeanDefinitions
INFO: Loading XML bean definitions from class path resource [applicationContext.xml]
Oct 10, 2017 5:03:49 PM org.springframework.context.support.ClassPathXmlApplicationContext prepareRefresh
INFO: Refreshing org.springframework.context.support.ClassPathXmlApplicationContext@6067b6ca: startup date [Tue Oct 10 17:03:49 EDT 2017]; root of context hierarchy
Oct 10, 2017 5:03:49 PM org.springframework.beans.factory.xml.XmlBeanDefinitionReader loadBeanDefinitions
INFO: Loading XML bean definitions from class path resource [applicationContext.xml]
Oct 10, 2017 5:03:49 PM org.springframework.context.support.ClassPathXmlApplicationContext prepareRefresh
INFO: Refreshing org.springframework.context.support.ClassPathXmlApplicationContext@790be10e: startup date [Tue Oct 10 17:03:49 EDT 2017]; root of context hierarchy
Oct 10, 2017 5:03:49 PM org.springframework.beans.factory.xml.XmlBeanDefinitionReader loadBeanDefinitions
INFO: Loading XML bean definitions from class path resource [applicationContext.xml]
Oct 10, 2017 5:03:49 PM org.springframework.context.support.ClassPathXmlApplicationContext prepareRefresh
INFO: Refreshing org.springframework.context.support.ClassPathXmlApplicationContext@14ca145b: startup date [Tue Oct 10 17:03:49 EDT 2017]; root of context hierarchy
Oct 10, 2017 5:03:49 PM org.springframework.beans.factory.xml.XmlBeanDefinitionReader loadBeanDefinitions
INFO: Loading XML bean definitions from class path resource [applicationContext.xml]
Oct 10, 2017 5:03:49 PM org.springframework.context.support.ClassPathXmlApplicationContext prepareRefresh
INFO: Refreshing org.springframework.context.support.ClassPathXmlApplicationContext@749f1355: startup date [Tue Oct 10 17:03:49 EDT 2017]; root of context hierarchy
Oct 10, 2017 5:03:49 PM org.springframework.beans.factory.xml.XmlBeanDefinitionReader loadBeanDefinitions
INFO: Loading XML bean definitions from class path resource [applicationContext.xml]
Oct 10, 2017 5:03:49 PM org.springframework.context.support.ClassPathXmlApplicationContext prepareRefresh
INFO: Refreshing org.springframework.context.support.ClassPathXmlApplicationContext@3887d347: startup date [Tue Oct 10 17:03:49 EDT 2017]; root of context hierarchy
Oct 10, 2017 5:03:49 PM org.springframework.beans.factory.xml.XmlBeanDefinitionReader loadBeanDefinitions
INFO: Loading XML bean definitions from class path resource [applicationContext.xml]
Oct 10, 2017 5:03:49 PM org.springframework.context.support.ClassPathXmlApplicationContext prepareRefresh
INFO: Refreshing org.springframework.context.support.ClassPathXmlApplicationContext@1c374775: startup date [Tue Oct 10 17:03:49 EDT 2017]; root of context hierarchy
Oct 10, 2017 5:03:49 PM org.springframework.beans.factory.xml.XmlBeanDefinitionReader loadBeanDefinitions
INFO: Loading XML bean definitions from class path resource [applicationContext.xml]
Oct 10, 2017 5:03:49 PM org.springframework.context.support.ClassPathXmlApplicationContext prepareRefresh
INFO: Refreshing org.springframework.context.support.ClassPathXmlApplicationContext@404dd474: startup date [Tue Oct 10 17:03:49 EDT 2017]; root of context hierarchy
Oct 10, 2017 5:03:49 PM org.springframework.beans.factory.xml.XmlBeanDefinitionReader loadBeanDefinitions
INFO: Loading XML bean definitions from class path resource [applicationContext.xml]
Oct 10, 2017 5:03:49 PM org.springframework.context.support.ClassPathXmlApplicationContext prepareRefresh
INFO: Refreshing org.springframework.context.support.ClassPathXmlApplicationContext@7ee3d4a: startup date [Tue Oct 10 17:03:49 EDT 2017]; root of context hierarchy
Oct 10, 2017 5:03:49 PM org.springframework.beans.factory.xml.XmlBeanDefinitionReader loadBeanDefinitions
INFO: Loading XML bean definitions from class path resource [applicationContext.xml]
Oct 10, 2017 5:03:49 PM org.springframework.context.support.ClassPathXmlApplicationContext prepareRefresh
INFO: Refreshing org.springframework.context.support.ClassPathXmlApplicationContext@58ba8ca2: startup date [Tue Oct 10 17:03:49 EDT 2017]; root of context hierarchy
Oct 10, 2017 5:03:49 PM org.springframework.beans.factory.xml.XmlBeanDefinitionReader loadBeanDefinitions
INFO: Loading XML bean definitions from class path resource [applicationContext.xml]
Oct 10, 2017 5:03:49 PM org.springframework.context.support.ClassPathXmlApplicationContext prepareRefresh
INFO: Refreshing org.springframework.context.support.ClassPathXmlApplicationContext@25e65137: startup date [Tue Oct 10 17:03:49 EDT 2017]; root of context hierarchy
Oct 10, 2017 5:03:49 PM org.springframework.beans.factory.xml.XmlBeanDefinitionReader loadBeanDefinitions
INFO: Loading XML bean definitions from class path resource [applicationContext.xml]
Oct 10, 2017 5:03:49 PM org.springframework.context.support.ClassPathXmlApplicationContext prepareRefresh
INFO: Refreshing org.springframework.context.support.ClassPathXmlApplicationContext@ed7507e: startup date [Tue Oct 10 17:03:49 EDT 2017]; root of context hierarchy
Oct 10, 2017 5:03:49 PM org.springframework.beans.factory.xml.XmlBeanDefinitionReader loadBeanDefinitions
INFO: Loading XML bean definitions from class path resource [applicationContext.xml]
Oct 10, 2017 5:03:49 PM org.springframework.context.support.ClassPathXmlApplicationContext prepareRefresh
INFO: Refreshing org.springframework.context.support.ClassPathXmlApplicationContext@2a47073c: startup date [Tue Oct 10 17:03:49 EDT 2017]; root of context hierarchy
Oct 10, 2017 5:03:49 PM org.springframework.beans.factory.xml.XmlBeanDefinitionReader loadBeanDefinitions
INFO: Loading XML bean definitions from class path resource [applicationContext.xml]
Oct 10, 2017 5:03:49 PM org.springframework.context.support.ClassPathXmlApplicationContext prepareRefresh
INFO: Refreshing org.springframework.context.support.ClassPathXmlApplicationContext@649d6592: startup date [Tue Oct 10 17:03:49 EDT 2017]; root of context hierarchy
Oct 10, 2017 5:03:49 PM org.springframework.beans.factory.xml.XmlBeanDefinitionReader loadBeanDefinitions
INFO: Loading XML bean definitions from class path resource [applicationContext.xml]
Oct 10, 2017 5:03:49 PM org.springframework.context.support.ClassPathXmlApplicationContext prepareRefresh
INFO: Refreshing org.springframework.context.support.ClassPathXmlApplicationContext@477b1fca: startup date [Tue Oct 10 17:03:49 EDT 2017]; root of context hierarchy
Oct 10, 2017 5:03:49 PM org.springframework.beans.factory.xml.XmlBeanDefinitionReader loadBeanDefinitions
INFO: Loading XML bean definitions from class path resource [applicationContext.xml]
Oct 10, 2017 5:03:49 PM org.springframework.context.support.ClassPathXmlApplicationContext prepareRefresh
INFO: Refreshing org.springframework.context.support.ClassPathXmlApplicationContext@1e03bcd2: startup date [Tue Oct 10 17:03:49 EDT 2017]; root of context hierarchy
Oct 10, 2017 5:03:49 PM org.springframework.beans.factory.xml.XmlBeanDefinitionReader loadBeanDefinitions
INFO: Loading XML bean definitions from class path resource [applicationContext.xml]
Oct 10, 2017 5:03:49 PM org.springframework.context.support.ClassPathXmlApplicationContext prepareRefresh
INFO: Refreshing org.springframework.context.support.ClassPathXmlApplicationContext@6e17d820: startup date [Tue Oct 10 17:03:49 EDT 2017]; root of context hierarchy
Oct 10, 2017 5:03:49 PM org.springframework.beans.factory.xml.XmlBeanDefinitionReader loadBeanDefinitions
INFO: Loading XML bean definitions from class path resource [applicationContext.xml]
Oct 10, 2017 5:03:49 PM org.springframework.context.support.ClassPathXmlApplicationContext prepareRefresh
INFO: Refreshing org.springframework.context.support.ClassPathXmlApplicationContext@16a441b5: startup date [Tue Oct 10 17:03:49 EDT 2017]; root of context hierarchy
Oct 10, 2017 5:03:49 PM org.springframework.beans.factory.xml.XmlBeanDefinitionReader loadBeanDefinitions
INFO: Loading XML bean definitions from class path resource [applicationContext.xml]
Oct 10, 2017 5:03:49 PM org.springframework.context.support.ClassPathXmlApplicationContext prepareRefresh
INFO: Refreshing org.springframework.context.support.ClassPathXmlApplicationContext@f598955: startup date [Tue Oct 10 17:03:49 EDT 2017]; root of context hierarchy
Oct 10, 2017 5:03:49 PM org.springframework.beans.factory.xml.XmlBeanDefinitionReader loadBeanDefinitions
INFO: Loading XML bean definitions from class path resource [applicationContext.xml]
Oct 10, 2017 5:03:49 PM org.springframework.context.support.ClassPathXmlApplicationContext prepareRefresh
INFO: Refreshing org.springframework.context.support.ClassPathXmlApplicationContext@5bfc7334: startup date [Tue Oct 10 17:03:49 EDT 2017]; root of context hierarchy
Oct 10, 2017 5:03:49 PM org.springframework.beans.factory.xml.XmlBeanDefinitionReader loadBeanDefinitions
INFO: Loading XML bean definitions from class path resource [applicationContext.xml]
Oct 10, 2017 5:03:49 PM org.springframework.context.support.ClassPathXmlApplicationContext prepareRefresh
INFO: Refreshing org.springframework.context.support.ClassPathXmlApplicationContext@3439baf4: startup date [Tue Oct 10 17:03:49 EDT 2017]; root of context hierarchy
Oct 10, 2017 5:03:49 PM org.springframework.beans.factory.xml.XmlBeanDefinitionReader loadBeanDefinitions
INFO: Loading XML bean definitions from class path resource [applicationContext.xml]
Oct 10, 2017 5:03:49 PM org.springframework.context.support.ClassPathXmlApplicationContext prepareRefresh
INFO: Refreshing org.springframework.context.support.ClassPathXmlApplicationContext@328e04b3: startup date [Tue Oct 10 17:03:49 EDT 2017]; root of context hierarchy
Oct 10, 2017 5:03:49 PM org.springframework.beans.factory.xml.XmlBeanDefinitionReader loadBeanDefinitions
INFO: Loading XML bean definitions from class path resource [applicationContext.xml]
Oct 10, 2017 5:03:49 PM org.springframework.context.support.ClassPathXmlApplicationContext prepareRefresh
INFO: Refreshing org.springframework.context.support.ClassPathXmlApplicationContext@1b29f793: startup date [Tue Oct 10 17:03:49 EDT 2017]; root of context hierarchy
Oct 10, 2017 5:03:49 PM org.springframework.beans.factory.xml.XmlBeanDefinitionReader loadBeanDefinitions
INFO: Loading XML bean definitions from class path resource [applicationContext.xml]
Oct 10, 2017 5:03:49 PM org.springframework.context.support.ClassPathXmlApplicationContext prepareRefresh
INFO: Refreshing org.springframework.context.support.ClassPathXmlApplicationContext@a0a1862: startup date [Tue Oct 10 17:03:49 EDT 2017]; root of context hierarchy
Oct 10, 2017 5:03:49 PM org.springframework.beans.factory.xml.XmlBeanDefinitionReader loadBeanDefinitions
INFO: Loading XML bean definitions from class path resource [applicationContext.xml]
Oct 10, 2017 5:03:49 PM org.springframework.context.support.ClassPathXmlApplicationContext prepareRefresh
INFO: Refreshing org.springframework.context.support.ClassPathXmlApplicationContext@46de76bc: startup date [Tue Oct 10 17:03:49 EDT 2017]; root of context hierarchy
Oct 10, 2017 5:03:49 PM org.springframework.beans.factory.xml.XmlBeanDefinitionReader loadBeanDefinitions
INFO: Loading XML bean definitions from class path resource [applicationContext.xml]
Oct 10, 2017 5:03:49 PM org.springframework.context.support.ClassPathXmlApplicationContext prepareRefresh
INFO: Refreshing org.springframework.context.support.ClassPathXmlApplicationContext@1320c677: startup date [Tue Oct 10 17:03:49 EDT 2017]; root of context hierarchy
Oct 10, 2017 5:03:49 PM org.springframework.beans.factory.xml.XmlBeanDefinitionReader loadBeanDefinitions
INFO: Loading XML bean definitions from class path resource [applicationContext.xml]
Oct 10, 2017 5:03:49 PM org.springframework.context.support.ClassPathXmlApplicationContext prepareRefresh
INFO: Refreshing org.springframework.context.support.ClassPathXmlApplicationContext@6d03da64: startup date [Tue Oct 10 17:03:49 EDT 2017]; root of context hierarchy
Oct 10, 2017 5:03:49 PM org.springframework.beans.factory.xml.XmlBeanDefinitionReader loadBeanDefinitions
INFO: Loading XML bean definitions from class path resource [applicationContext.xml]
Oct 10, 2017 5:03:49 PM org.springframework.context.support.ClassPathXmlApplicationContext prepareRefresh
INFO: Refreshing org.springframework.context.support.ClassPathXmlApplicationContext@1762f015: startup date [Tue Oct 10 17:03:49 EDT 2017]; root of context hierarchy
Oct 10, 2017 5:03:49 PM org.springframework.beans.factory.xml.XmlBeanDefinitionReader loadBeanDefinitions
INFO: Loading XML bean definitions from class path resource [applicationContext.xml]
Oct 10, 2017 5:03:49 PM org.springframework.context.support.ClassPathXmlApplicationContext prepareRefresh
INFO: Refreshing org.springframework.context.support.ClassPathXmlApplicationContext@6fb3f217: startup date [Tue Oct 10 17:03:49 EDT 2017]; root of context hierarchy
Oct 10, 2017 5:03:49 PM org.springframework.beans.factory.xml.XmlBeanDefinitionReader loadBeanDefinitions
INFO: Loading XML bean definitions from class path resource [applicationContext.xml]
Oct 10, 2017 5:03:49 PM org.springframework.context.support.ClassPathXmlApplicationContext prepareRefresh
INFO: Refreshing org.springframework.context.support.ClassPathXmlApplicationContext@93c59ce: startup date [Tue Oct 10 17:03:49 EDT 2017]; root of context hierarchy
Oct 10, 2017 5:03:49 PM org.springframework.beans.factory.xml.XmlBeanDefinitionReader loadBeanDefinitions
INFO: Loading XML bean definitions from class path resource [applicationContext.xml]
Oct 10, 2017 5:03:49 PM org.springframework.context.support.ClassPathXmlApplicationContext prepareRefresh
INFO: Refreshing org.springframework.context.support.ClassPathXmlApplicationContext@33e47254: startup date [Tue Oct 10 17:03:49 EDT 2017]; root of context hierarchy
Oct 10, 2017 5:03:49 PM org.springframework.beans.factory.xml.XmlBeanDefinitionReader loadBeanDefinitions
INFO: Loading XML bean definitions from class path resource [applicationContext.xml]
Oct 10, 2017 5:03:49 PM org.springframework.context.support.ClassPathXmlApplicationContext prepareRefresh
INFO: Refreshing org.springframework.context.support.ClassPathXmlApplicationContext@1cc8247b: startup date [Tue Oct 10 17:03:49 EDT 2017]; root of context hierarchy
Oct 10, 2017 5:03:49 PM org.springframework.beans.factory.xml.XmlBeanDefinitionReader loadBeanDefinitions
INFO: Loading XML bean definitions from class path resource [applicationContext.xml]
Oct 10, 2017 5:03:49 PM org.springframework.context.support.ClassPathXmlApplicationContext prepareRefresh
INFO: Refreshing org.springframework.context.support.ClassPathXmlApplicationContext@79cea8d3: startup date [Tue Oct 10 17:03:49 EDT 2017]; root of context hierarchy
Oct 10, 2017 5:03:49 PM org.springframework.beans.factory.xml.XmlBeanDefinitionReader loadBeanDefinitions
INFO: Loading XML bean definitions from class path resource [applicationContext.xml]
Oct 10, 2017 5:03:49 PM org.springframework.context.support.ClassPathXmlApplicationContext prepareRefresh
INFO: Refreshing org.springframework.context.support.ClassPathXmlApplicationContext@115a3d01: startup date [Tue Oct 10 17:03:49 EDT 2017]; root of context hierarchy
Oct 10, 2017 5:03:49 PM org.springframework.beans.factory.xml.XmlBeanDefinitionReader loadBeanDefinitions
INFO: Loading XML bean definitions from class path resource [applicationContext.xml]
Oct 10, 2017 5:03:49 PM org.springframework.context.support.ClassPathXmlApplicationContext prepareRefresh
INFO: Refreshing org.springframework.context.support.ClassPathXmlApplicationContext@43a66540: startup date [Tue Oct 10 17:03:49 EDT 2017]; root of context hierarchy
Oct 10, 2017 5:03:49 PM org.springframework.beans.factory.xml.XmlBeanDefinitionReader loadBeanDefinitions
INFO: Loading XML bean definitions from class path resource [applicationContext.xml]
Oct 10, 2017 5:03:49 PM org.springframework.context.support.ClassPathXmlApplicationContext prepareRefresh
INFO: Refreshing org.springframework.context.support.ClassPathXmlApplicationContext@7966a248: startup date [Tue Oct 10 17:03:49 EDT 2017]; root of context hierarchy
Oct 10, 2017 5:03:49 PM org.springframework.beans.factory.xml.XmlBeanDefinitionReader loadBeanDefinitions
INFO: Loading XML bean definitions from class path resource [applicationContext.xml]
Oct 10, 2017 5:03:49 PM org.springframework.context.support.ClassPathXmlApplicationContext prepareRefresh
INFO: Refreshing org.springframework.context.support.ClassPathXmlApplicationContext@14754d02: startup date [Tue Oct 10 17:03:49 EDT 2017]; root of context hierarchy
Oct 10, 2017 5:03:49 PM org.springframework.beans.factory.xml.XmlBeanDefinitionReader loadBeanDefinitions
INFO: Loading XML bean definitions from class path resource [applicationContext.xml]
Oct 10, 2017 5:03:49 PM org.springframework.context.support.ClassPathXmlApplicationContext prepareRefresh
INFO: Refreshing org.springframework.context.support.ClassPathXmlApplicationContext@2511e651: startup date [Tue Oct 10 17:03:49 EDT 2017]; root of context hierarchy
Oct 10, 2017 5:03:49 PM org.springframework.beans.factory.xml.XmlBeanDefinitionReader loadBeanDefinitions
INFO: Loading XML bean definitions from class path resource [applicationContext.xml]
Oct 10, 2017 5:03:49 PM org.springframework.context.support.ClassPathXmlApplicationContext prepareRefresh
INFO: Refreshing org.springframework.context.support.ClassPathXmlApplicationContext@88e1fee: startup date [Tue Oct 10 17:03:49 EDT 2017]; root of context hierarchy
Oct 10, 2017 5:03:49 PM org.springframework.beans.factory.xml.XmlBeanDefinitionReader loadBeanDefinitions
INFO: Loading XML bean definitions from class path resource [applicationContext.xml]
Oct 10, 2017 5:03:49 PM org.springframework.context.support.ClassPathXmlApplicationContext prepareRefresh
INFO: Refreshing org.springframework.context.support.ClassPathXmlApplicationContext@3d2130fa: startup date [Tue Oct 10 17:03:49 EDT 2017]; root of context hierarchy
Oct 10, 2017 5:03:49 PM org.springframework.beans.factory.xml.XmlBeanDefinitionReader loadBeanDefinitions
INFO: Loading XML bean definitions from class path resource [applicationContext.xml]
Oct 10, 2017 5:03:49 PM org.springframework.context.support.ClassPathXmlApplicationContext prepareRefresh
INFO: Refreshing org.springframework.context.support.ClassPathXmlApplicationContext@1c456773: startup date [Tue Oct 10 17:03:49 EDT 2017]; root of context hierarchy
Oct 10, 2017 5:03:49 PM org.springframework.beans.factory.xml.XmlBeanDefinitionReader loadBeanDefinitions
INFO: Loading XML bean definitions from class path resource [applicationContext.xml]
Oct 10, 2017 5:03:49 PM org.springframework.context.support.ClassPathXmlApplicationContext prepareRefresh
INFO: Refreshing org.springframework.context.support.ClassPathXmlApplicationContext@1e723871: startup date [Tue Oct 10 17:03:49 EDT 2017]; root of context hierarchy
Oct 10, 2017 5:03:49 PM org.springframework.beans.factory.xml.XmlBeanDefinitionReader loadBeanDefinitions
INFO: Loading XML bean definitions from class path resource [applicationContext.xml]
Oct 10, 2017 5:03:49 PM org.springframework.context.support.ClassPathXmlApplicationContext prepareRefresh
INFO: Refreshing org.springframework.context.support.ClassPathXmlApplicationContext@5c827d41: startup date [Tue Oct 10 17:03:49 EDT 2017]; root of context hierarchy
Oct 10, 2017 5:03:49 PM org.springframework.beans.factory.xml.XmlBeanDefinitionReader loadBeanDefinitions
INFO: Loading XML bean definitions from class path resource [applicationContext.xml]
Oct 10, 2017 5:03:49 PM org.springframework.context.support.ClassPathXmlApplicationContext prepareRefresh
INFO: Refreshing org.springframework.context.support.ClassPathXmlApplicationContext@1ad0bf42: startup date [Tue Oct 10 17:03:49 EDT 2017]; root of context hierarchy
Oct 10, 2017 5:03:49 PM org.springframework.beans.factory.xml.XmlBeanDefinitionReader loadBeanDefinitions
INFO: Loading XML bean definitions from class path resource [applicationContext.xml]
Oct 10, 2017 5:03:49 PM org.springframework.context.support.ClassPathXmlApplicationContext prepareRefresh
INFO: Refreshing org.springframework.context.support.ClassPathXmlApplicationContext@372879bf: startup date [Tue Oct 10 17:03:49 EDT 2017]; root of context hierarchy
Oct 10, 2017 5:03:49 PM org.springframework.beans.factory.xml.XmlBeanDefinitionReader loadBeanDefinitions
INFO: Loading XML bean definitions from class path resource [applicationContext.xml]
Oct 10, 2017 5:03:49 PM org.springframework.context.support.ClassPathXmlApplicationContext prepareRefresh
INFO: Refreshing org.springframework.context.support.ClassPathXmlApplicationContext@33ec14a8: startup date [Tue Oct 10 17:03:49 EDT 2017]; root of context hierarchy
Oct 10, 2017 5:03:49 PM org.springframework.beans.factory.xml.XmlBeanDefinitionReader loadBeanDefinitions
INFO: Loading XML bean definitions from class path resource [applicationContext.xml]
Oct 10, 2017 5:03:49 PM org.springframework.context.support.ClassPathXmlApplicationContext prepareRefresh
INFO: Refreshing org.springframework.context.support.ClassPathXmlApplicationContext@276c5f00: startup date [Tue Oct 10 17:03:49 EDT 2017]; root of context hierarchy
Oct 10, 2017 5:03:49 PM org.springframework.beans.factory.xml.XmlBeanDefinitionReader loadBeanDefinitions
INFO: Loading XML bean definitions from class path resource [applicationContext.xml]
Oct 10, 2017 5:03:49 PM org.springframework.context.support.ClassPathXmlApplicationContext prepareRefresh
INFO: Refreshing org.springframework.context.support.ClassPathXmlApplicationContext@4182fc97: startup date [Tue Oct 10 17:03:49 EDT 2017]; root of context hierarchy
Oct 10, 2017 5:03:49 PM org.springframework.beans.factory.xml.XmlBeanDefinitionReader loadBeanDefinitions
INFO: Loading XML bean definitions from class path resource [applicationContext.xml]
Oct 10, 2017 5:03:49 PM org.springframework.context.support.ClassPathXmlApplicationContext prepareRefresh
INFO: Refreshing org.springframework.context.support.ClassPathXmlApplicationContext@35ed6d05: startup date [Tue Oct 10 17:03:49 EDT 2017]; root of context hierarchy
Oct 10, 2017 5:03:49 PM org.springframework.beans.factory.xml.XmlBeanDefinitionReader loadBeanDefinitions
INFO: Loading XML bean definitions from class path resource [applicationContext.xml]
Oct 10, 2017 5:03:49 PM org.springframework.context.support.ClassPathXmlApplicationContext prepareRefresh
INFO: Refreshing org.springframework.context.support.ClassPathXmlApplicationContext@6b577f46: startup date [Tue Oct 10 17:03:49 EDT 2017]; root of context hierarchy
Oct 10, 2017 5:03:49 PM org.springframework.beans.factory.xml.XmlBeanDefinitionReader loadBeanDefinitions
INFO: Loading XML bean definitions from class path resource [applicationContext.xml]
Oct 10, 2017 5:03:49 PM org.springframework.context.support.ClassPathXmlApplicationContext prepareRefresh
INFO: Refreshing org.springframework.context.support.ClassPathXmlApplicationContext@59c600c2: startup date [Tue Oct 10 17:03:49 EDT 2017]; root of context hierarchy
Oct 10, 2017 5:03:49 PM org.springframework.beans.factory.xml.XmlBeanDefinitionReader loadBeanDefinitions
INFO: Loading XML bean definitions from class path resource [applicationContext.xml]
Oct 10, 2017 5:03:49 PM org.springframework.context.support.ClassPathXmlApplicationContext prepareRefresh
INFO: Refreshing org.springframework.context.support.ClassPathXmlApplicationContext@9f0ba48: startup date [Tue Oct 10 17:03:49 EDT 2017]; root of context hierarchy
Oct 10, 2017 5:03:49 PM org.springframework.beans.factory.xml.XmlBeanDefinitionReader loadBeanDefinitions
INFO: Loading XML bean definitions from class path resource [applicationContext.xml]
Oct 10, 2017 5:03:49 PM org.springframework.context.support.ClassPathXmlApplicationContext prepareRefresh
INFO: Refreshing org.springframework.context.support.ClassPathXmlApplicationContext@7fc93cba: startup date [Tue Oct 10 17:03:49 EDT 2017]; root of context hierarchy
Oct 10, 2017 5:03:49 PM org.springframework.beans.factory.xml.XmlBeanDefinitionReader loadBeanDefinitions
INFO: Loading XML bean definitions from class path resource [applicationContext.xml]
Oct 10, 2017 5:03:49 PM org.springframework.context.support.ClassPathXmlApplicationContext prepareRefresh
INFO: Refreshing org.springframework.context.support.ClassPathXmlApplicationContext@7952fee2: startup date [Tue Oct 10 17:03:49 EDT 2017]; root of context hierarchy
Oct 10, 2017 5:03:49 PM org.springframework.beans.factory.xml.XmlBeanDefinitionReader loadBeanDefinitions
INFO: Loading XML bean definitions from class path resource [applicationContext.xml]
Oct 10, 2017 5:03:49 PM org.springframework.context.support.ClassPathXmlApplicationContext prepareRefresh
INFO: Refreshing org.springframework.context.support.ClassPathXmlApplicationContext@5ad7dd21: startup date [Tue Oct 10 17:03:49 EDT 2017]; root of context hierarchy
Oct 10, 2017 5:03:49 PM org.springframework.beans.factory.xml.XmlBeanDefinitionReader loadBeanDefinitions
INFO: Loading XML bean definitions from class path resource [applicationContext.xml]
Oct 10, 2017 5:03:49 PM org.springframework.context.support.ClassPathXmlApplicationContext prepareRefresh
INFO: Refreshing org.springframework.context.support.ClassPathXmlApplicationContext@73fca4ae: startup date [Tue Oct 10 17:03:49 EDT 2017]; root of context hierarchy
Oct 10, 2017 5:03:49 PM org.springframework.beans.factory.xml.XmlBeanDefinitionReader loadBeanDefinitions
INFO: Loading XML bean definitions from class path resource [applicationContext.xml]
Oct 10, 2017 5:03:49 PM org.springframework.context.support.ClassPathXmlApplicationContext prepareRefresh
INFO: Refreshing org.springframework.context.support.ClassPathXmlApplicationContext@7b7641c7: startup date [Tue Oct 10 17:03:49 EDT 2017]; root of context hierarchy
Oct 10, 2017 5:03:49 PM org.springframework.beans.factory.xml.XmlBeanDefinitionReader loadBeanDefinitions
INFO: Loading XML bean definitions from class path resource [applicationContext.xml]
Oct 10, 2017 5:03:49 PM org.springframework.context.support.ClassPathXmlApplicationContext prepareRefresh
INFO: Refreshing org.springframework.context.support.ClassPathXmlApplicationContext@7a078635: startup date [Tue Oct 10 17:03:49 EDT 2017]; root of context hierarchy
Oct 10, 2017 5:03:49 PM org.springframework.beans.factory.xml.XmlBeanDefinitionReader loadBeanDefinitions
INFO: Loading XML bean definitions from class path resource [applicationContext.xml]
Oct 10, 2017 5:03:49 PM org.springframework.context.support.ClassPathXmlApplicationContext prepareRefresh
INFO: Refreshing org.springframework.context.support.ClassPathXmlApplicationContext@1026e5fa: startup date [Tue Oct 10 17:03:49 EDT 2017]; root of context hierarchy
Oct 10, 2017 5:03:49 PM org.springframework.beans.factory.xml.XmlBeanDefinitionReader loadBeanDefinitions
INFO: Loading XML bean definitions from class path resource [applicationContext.xml]
Oct 10, 2017 5:03:49 PM org.springframework.context.support.ClassPathXmlApplicationContext prepareRefresh
INFO: Refreshing org.springframework.context.support.ClassPathXmlApplicationContext@6f986668: startup date [Tue Oct 10 17:03:49 EDT 2017]; root of context hierarchy
Oct 10, 2017 5:03:49 PM org.springframework.beans.factory.xml.XmlBeanDefinitionReader loadBeanDefinitions
INFO: Loading XML bean definitions from class path resource [applicationContext.xml]
Oct 10, 2017 5:03:49 PM org.springframework.context.support.ClassPathXmlApplicationContext prepareRefresh
INFO: Refreshing org.springframework.context.support.ClassPathXmlApplicationContext@5f1c8a02: startup date [Tue Oct 10 17:03:49 EDT 2017]; root of context hierarchy
Oct 10, 2017 5:03:49 PM org.springframework.beans.factory.xml.XmlBeanDefinitionReader loadBeanDefinitions
INFO: Loading XML bean definitions from class path resource [applicationContext.xml]
Oct 10, 2017 5:03:49 PM org.springframework.context.support.ClassPathXmlApplicationContext prepareRefresh
INFO: Refreshing org.springframework.context.support.ClassPathXmlApplicationContext@32ad9d5a: startup date [Tue Oct 10 17:03:49 EDT 2017]; root of context hierarchy
Oct 10, 2017 5:03:49 PM org.springframework.beans.factory.xml.XmlBeanDefinitionReader loadBeanDefinitions
INFO: Loading XML bean definitions from class path resource [applicationContext.xml]
Oct 10, 2017 5:03:49 PM org.springframework.context.support.ClassPathXmlApplicationContext prepareRefresh
INFO: Refreshing org.springframework.context.support.ClassPathXmlApplicationContext@67e41244: startup date [Tue Oct 10 17:03:49 EDT 2017]; root of context hierarchy
Oct 10, 2017 5:03:50 PM org.springframework.beans.factory.xml.XmlBeanDefinitionReader loadBeanDefinitions
INFO: Loading XML bean definitions from class path resource [applicationContext.xml]
Oct 10, 2017 5:03:50 PM org.springframework.context.support.ClassPathXmlApplicationContext prepareRefresh
INFO: Refreshing org.springframework.context.support.ClassPathXmlApplicationContext@375099e7: startup date [Tue Oct 10 17:03:50 EDT 2017]; root of context hierarchy
Oct 10, 2017 5:03:50 PM org.springframework.beans.factory.xml.XmlBeanDefinitionReader loadBeanDefinitions
INFO: Loading XML bean definitions from class path resource [applicationContext.xml]
Oct 10, 2017 5:03:50 PM org.springframework.context.support.ClassPathXmlApplicationContext prepareRefresh
INFO: Refreshing org.springframework.context.support.ClassPathXmlApplicationContext@1759ad41: startup date [Tue Oct 10 17:03:50 EDT 2017]; root of context hierarchy
Oct 10, 2017 5:03:50 PM org.springframework.beans.factory.xml.XmlBeanDefinitionReader loadBeanDefinitions
INFO: Loading XML bean definitions from class path resource [applicationContext.xml]
Oct 10, 2017 5:03:50 PM org.springframework.context.support.ClassPathXmlApplicationContext prepareRefresh
INFO: Refreshing org.springframework.context.support.ClassPathXmlApplicationContext@7bad5c44: startup date [Tue Oct 10 17:03:50 EDT 2017]; root of context hierarchy
Oct 10, 2017 5:03:50 PM org.springframework.beans.factory.xml.XmlBeanDefinitionReader loadBeanDefinitions
INFO: Loading XML bean definitions from class path resource [applicationContext.xml]
Oct 10, 2017 5:03:50 PM org.springframework.context.support.ClassPathXmlApplicationContext prepareRefresh
INFO: Refreshing org.springframework.context.support.ClassPathXmlApplicationContext@2d091823: startup date [Tue Oct 10 17:03:50 EDT 2017]; root of context hierarchy
Oct 10, 2017 5:03:50 PM org.springframework.beans.factory.xml.XmlBeanDefinitionReader loadBeanDefinitions
INFO: Loading XML bean definitions from class path resource [applicationContext.xml]
Oct 10, 2017 5:03:50 PM org.springframework.context.support.ClassPathXmlApplicationContext prepareRefresh
INFO: Refreshing org.springframework.context.support.ClassPathXmlApplicationContext@3d26cf42: startup date [Tue Oct 10 17:03:50 EDT 2017]; root of context hierarchy
Oct 10, 2017 5:03:50 PM org.springframework.beans.factory.xml.XmlBeanDefinitionReader loadBeanDefinitions
INFO: Loading XML bean definitions from class path resource [applicationContext.xml]
Oct 10, 2017 5:03:50 PM org.springframework.context.support.ClassPathXmlApplicationContext prepareRefresh
INFO: Refreshing org.springframework.context.support.ClassPathXmlApplicationContext@43af8bac: startup date [Tue Oct 10 17:03:50 EDT 2017]; root of context hierarchy
Oct 10, 2017 5:03:50 PM org.springframework.beans.factory.xml.XmlBeanDefinitionReader loadBeanDefinitions
INFO: Loading XML bean definitions from class path resource [applicationContext.xml]
Oct 10, 2017 5:03:50 PM org.springframework.context.support.ClassPathXmlApplicationContext prepareRefresh
INFO: Refreshing org.springframework.context.support.ClassPathXmlApplicationContext@1fd72a92: startup date [Tue Oct 10 17:03:50 EDT 2017]; root of context hierarchy
Oct 10, 2017 5:03:50 PM org.springframework.beans.factory.xml.XmlBeanDefinitionReader loadBeanDefinitions
INFO: Loading XML bean definitions from class path resource [applicationContext.xml]
Oct 10, 2017 5:03:50 PM org.springframework.context.support.ClassPathXmlApplicationContext prepareRefresh
INFO: Refreshing org.springframework.context.support.ClassPathXmlApplicationContext@4e2cdbf7: startup date [Tue Oct 10 17:03:50 EDT 2017]; root of context hierarchy
Oct 10, 2017 5:03:50 PM org.springframework.beans.factory.xml.XmlBeanDefinitionReader loadBeanDefinitions
INFO: Loading XML bean definitions from class path resource [applicationContext.xml]
Oct 10, 2017 5:03:50 PM org.springframework.context.support.ClassPathXmlApplicationContext prepareRefresh
INFO: Refreshing org.springframework.context.support.ClassPathXmlApplicationContext@1f3ec020: startup date [Tue Oct 10 17:03:50 EDT 2017]; root of context hierarchy
Oct 10, 2017 5:03:50 PM org.springframework.beans.factory.xml.XmlBeanDefinitionReader loadBeanDefinitions
INFO: Loading XML bean definitions from class path resource [applicationContext.xml]
Oct 10, 2017 5:03:50 PM org.springframework.context.support.ClassPathXmlApplicationContext prepareRefresh
INFO: Refreshing org.springframework.context.support.ClassPathXmlApplicationContext@6ff4e13c: startup date [Tue Oct 10 17:03:50 EDT 2017]; root of context hierarchy
Oct 10, 2017 5:03:50 PM org.springframework.beans.factory.xml.XmlBeanDefinitionReader loadBeanDefinitions
INFO: Loading XML bean definitions from class path resource [applicationContext.xml]
Oct 10, 2017 5:03:50 PM org.springframework.context.support.ClassPathXmlApplicationContext prepareRefresh
INFO: Refreshing org.springframework.context.support.ClassPathXmlApplicationContext@18ee2f72: startup date [Tue Oct 10 17:03:50 EDT 2017]; root of context hierarchy
Oct 10, 2017 5:03:50 PM org.springframework.beans.factory.xml.XmlBeanDefinitionReader loadBeanDefinitions
INFO: Loading XML bean definitions from class path resource [applicationContext.xml]
Oct 10, 2017 5:03:50 PM org.springframework.context.support.ClassPathXmlApplicationContext prepareRefresh
INFO: Refreshing org.springframework.context.support.ClassPathXmlApplicationContext@55e37550: startup date [Tue Oct 10 17:03:50 EDT 2017]; root of context hierarchy
Oct 10, 2017 5:03:50 PM org.springframework.beans.factory.xml.XmlBeanDefinitionReader loadBeanDefinitions
INFO: Loading XML bean definitions from class path resource [applicationContext.xml]
Oct 10, 2017 5:03:50 PM org.springframework.context.support.ClassPathXmlApplicationContext prepareRefresh
INFO: Refreshing org.springframework.context.support.ClassPathXmlApplicationContext@5caf5a85: startup date [Tue Oct 10 17:03:50 EDT 2017]; root of context hierarchy
Oct 10, 2017 5:03:50 PM org.springframework.beans.factory.xml.XmlBeanDefinitionReader loadBeanDefinitions
INFO: Loading XML bean definitions from class path resource [applicationContext.xml]
Oct 10, 2017 5:03:50 PM org.springframework.context.support.ClassPathXmlApplicationContext prepareRefresh
INFO: Refreshing org.springframework.context.support.ClassPathXmlApplicationContext@4f9c597f: startup date [Tue Oct 10 17:03:50 EDT 2017]; root of context hierarchy
Oct 10, 2017 5:03:50 PM org.springframework.beans.factory.xml.XmlBeanDefinitionReader loadBeanDefinitions
INFO: Loading XML bean definitions from class path resource [applicationContext.xml]
Oct 10, 2017 5:03:50 PM org.springframework.context.support.ClassPathXmlApplicationContext prepareRefresh
INFO: Refreshing org.springframework.context.support.ClassPathXmlApplicationContext@1921dbdb: startup date [Tue Oct 10 17:03:50 EDT 2017]; root of context hierarchy
Oct 10, 2017 5:03:50 PM org.springframework.beans.factory.xml.XmlBeanDefinitionReader loadBeanDefinitions
INFO: Loading XML bean definitions from class path resource [applicationContext.xml]
Oct 10, 2017 5:03:50 PM org.springframework.context.support.ClassPathXmlApplicationContext prepareRefresh
INFO: Refreshing org.springframework.context.support.ClassPathXmlApplicationContext@706ba443: startup date [Tue Oct 10 17:03:50 EDT 2017]; root of context hierarchy
Oct 10, 2017 5:03:50 PM org.springframework.beans.factory.xml.XmlBeanDefinitionReader loadBeanDefinitions
INFO: Loading XML bean definitions from class path resource [applicationContext.xml]
Oct 10, 2017 5:03:50 PM org.springframework.context.support.ClassPathXmlApplicationContext prepareRefresh
INFO: Refreshing org.springframework.context.support.ClassPathXmlApplicationContext@4d430c7c: startup date [Tue Oct 10 17:03:50 EDT 2017]; root of context hierarchy
Oct 10, 2017 5:03:50 PM org.springframework.beans.factory.xml.XmlBeanDefinitionReader loadBeanDefinitions
INFO: Loading XML bean definitions from class path resource [applicationContext.xml]
Oct 10, 2017 5:03:50 PM org.springframework.context.support.ClassPathXmlApplicationContext prepareRefresh
INFO: Refreshing org.springframework.context.support.ClassPathXmlApplicationContext@6bb06153: startup date [Tue Oct 10 17:03:50 EDT 2017]; root of context hierarchy
Oct 10, 2017 5:03:50 PM org.springframework.beans.factory.xml.XmlBeanDefinitionReader loadBeanDefinitions
INFO: Loading XML bean definitions from class path resource [applicationContext.xml]
Oct 10, 2017 5:03:50 PM org.springframework.context.support.ClassPathXmlApplicationContext prepareRefresh
INFO: Refreshing org.springframework.context.support.ClassPathXmlApplicationContext@2ad15cb1: startup date [Tue Oct 10 17:03:50 EDT 2017]; root of context hierarchy
Oct 10, 2017 5:03:50 PM org.springframework.beans.factory.xml.XmlBeanDefinitionReader loadBeanDefinitions
INFO: Loading XML bean definitions from class path resource [applicationContext.xml]
Oct 10, 2017 5:03:50 PM org.springframework.context.support.ClassPathXmlApplicationContext prepareRefresh
INFO: Refreshing org.springframework.context.support.ClassPathXmlApplicationContext@73954972: startup date [Tue Oct 10 17:03:50 EDT 2017]; root of context hierarchy
Oct 10, 2017 5:03:50 PM org.springframework.beans.factory.xml.XmlBeanDefinitionReader loadBeanDefinitions
INFO: Loading XML bean definitions from class path resource [applicationContext.xml]
Oct 10, 2017 5:03:50 PM org.springframework.context.support.ClassPathXmlApplicationContext prepareRefresh
INFO: Refreshing org.springframework.context.support.ClassPathXmlApplicationContext@539778d9: startup date [Tue Oct 10 17:03:50 EDT 2017]; root of context hierarchy
Oct 10, 2017 5:03:50 PM org.springframework.beans.factory.xml.XmlBeanDefinitionReader loadBeanDefinitions
INFO: Loading XML bean definitions from class path resource [applicationContext.xml]
Oct 10, 2017 5:03:50 PM org.springframework.context.support.ClassPathXmlApplicationContext prepareRefresh
INFO: Refreshing org.springframework.context.support.ClassPathXmlApplicationContext@53dcbe0e: startup date [Tue Oct 10 17:03:50 EDT 2017]; root of context hierarchy
Oct 10, 2017 5:03:50 PM org.springframework.beans.factory.xml.XmlBeanDefinitionReader loadBeanDefinitions
INFO: Loading XML bean definitions from class path resource [applicationContext.xml]
Oct 10, 2017 5:03:50 PM org.springframework.context.support.ClassPathXmlApplicationContext prepareRefresh
INFO: Refreshing org.springframework.context.support.ClassPathXmlApplicationContext@3c73cd98: startup date [Tue Oct 10 17:03:50 EDT 2017]; root of context hierarchy
Oct 10, 2017 5:03:50 PM org.springframework.beans.factory.xml.XmlBeanDefinitionReader loadBeanDefinitions
INFO: Loading XML bean definitions from class path resource [applicationContext.xml]
Oct 10, 2017 5:03:50 PM org.springframework.context.support.ClassPathXmlApplicationContext prepareRefresh
INFO: Refreshing org.springframework.context.support.ClassPathXmlApplicationContext@1e6cbcfd: startup date [Tue Oct 10 17:03:50 EDT 2017]; root of context hierarchy
Oct 10, 2017 5:03:50 PM org.springframework.beans.factory.xml.XmlBeanDefinitionReader loadBeanDefinitions
INFO: Loading XML bean definitions from class path resource [applicationContext.xml]
Oct 10, 2017 5:03:50 PM org.springframework.context.support.ClassPathXmlApplicationContext prepareRefresh
INFO: Refreshing org.springframework.context.support.ClassPathXmlApplicationContext@43a4a613: startup date [Tue Oct 10 17:03:50 EDT 2017]; root of context hierarchy
Oct 10, 2017 5:03:50 PM org.springframework.beans.factory.xml.XmlBeanDefinitionReader loadBeanDefinitions
INFO: Loading XML bean definitions from class path resource [applicationContext.xml]
Oct 10, 2017 5:03:50 PM org.springframework.context.support.ClassPathXmlApplicationContext prepareRefresh
INFO: Refreshing org.springframework.context.support.ClassPathXmlApplicationContext@19780c12: startup date [Tue Oct 10 17:03:50 EDT 2017]; root of context hierarchy
Oct 10, 2017 5:03:50 PM org.springframework.beans.factory.xml.XmlBeanDefinitionReader loadBeanDefinitions
INFO: Loading XML bean definitions from class path resource [applicationContext.xml]
Oct 10, 2017 5:03:50 PM org.springframework.context.support.ClassPathXmlApplicationContext prepareRefresh
INFO: Refreshing org.springframework.context.support.ClassPathXmlApplicationContext@2cff78fb: startup date [Tue Oct 10 17:03:50 EDT 2017]; root of context hierarchy
Oct 10, 2017 5:03:50 PM org.springframework.beans.factory.xml.XmlBeanDefinitionReader loadBeanDefinitions
INFO: Loading XML bean definitions from class path resource [applicationContext.xml]
Oct 10, 2017 5:03:50 PM org.springframework.context.support.ClassPathXmlApplicationContext prepareRefresh
INFO: Refreshing org.springframework.context.support.ClassPathXmlApplicationContext@502bbc3: startup date [Tue Oct 10 17:03:50 EDT 2017]; root of context hierarchy
Oct 10, 2017 5:03:50 PM org.springframework.beans.factory.xml.XmlBeanDefinitionReader loadBeanDefinitions
INFO: Loading XML bean definitions from class path resource [applicationContext.xml]
Oct 10, 2017 5:03:50 PM org.springframework.context.support.ClassPathXmlApplicationContext prepareRefresh
INFO: Refreshing org.springframework.context.support.ClassPathXmlApplicationContext@2c9ffd1b: startup date [Tue Oct 10 17:03:50 EDT 2017]; root of context hierarchy
Oct 10, 2017 5:03:50 PM org.springframework.beans.factory.xml.XmlBeanDefinitionReader loadBeanDefinitions
INFO: Loading XML bean definitions from class path resource [applicationContext.xml]
Oct 10, 2017 5:03:50 PM org.springframework.context.support.ClassPathXmlApplicationContext prepareRefresh
INFO: Refreshing org.springframework.context.support.ClassPathXmlApplicationContext@5cc3fadb: startup date [Tue Oct 10 17:03:50 EDT 2017]; root of context hierarchy
Oct 10, 2017 5:03:50 PM org.springframework.beans.factory.xml.XmlBeanDefinitionReader loadBeanDefinitions
INFO: Loading XML bean definitions from class path resource [applicationContext.xml]
Oct 10, 2017 5:03:50 PM org.springframework.context.support.ClassPathXmlApplicationContext prepareRefresh
INFO: Refreshing org.springframework.context.support.ClassPathXmlApplicationContext@43e4987c: startup date [Tue Oct 10 17:03:50 EDT 2017]; root of context hierarchy
Oct 10, 2017 5:03:50 PM org.springframework.beans.factory.xml.XmlBeanDefinitionReader loadBeanDefinitions
INFO: Loading XML bean definitions from class path resource [applicationContext.xml]
Oct 10, 2017 5:03:50 PM org.springframework.context.support.ClassPathXmlApplicationContext prepareRefresh
INFO: Refreshing org.springframework.context.support.ClassPathXmlApplicationContext@7e716732: startup date [Tue Oct 10 17:03:50 EDT 2017]; root of context hierarchy
Oct 10, 2017 5:03:50 PM org.springframework.beans.factory.xml.XmlBeanDefinitionReader loadBeanDefinitions
INFO: Loading XML bean definitions from class path resource [applicationContext.xml]
Oct 10, 2017 5:03:50 PM org.springframework.context.support.ClassPathXmlApplicationContext prepareRefresh
INFO: Refreshing org.springframework.context.support.ClassPathXmlApplicationContext@5bd44efb: startup date [Tue Oct 10 17:03:50 EDT 2017]; root of context hierarchy
Oct 10, 2017 5:03:50 PM org.springframework.beans.factory.xml.XmlBeanDefinitionReader loadBeanDefinitions
INFO: Loading XML bean definitions from class path resource [applicationContext.xml]
Oct 10, 2017 5:03:50 PM org.springframework.context.support.ClassPathXmlApplicationContext prepareRefresh
INFO: Refreshing org.springframework.context.support.ClassPathXmlApplicationContext@3ef3cc5d: startup date [Tue Oct 10 17:03:50 EDT 2017]; root of context hierarchy
Oct 10, 2017 5:03:50 PM org.springframework.beans.factory.xml.XmlBeanDefinitionReader loadBeanDefinitions
INFO: Loading XML bean definitions from class path resource [applicationContext.xml]
Oct 10, 2017 5:03:50 PM org.springframework.context.support.ClassPathXmlApplicationContext prepareRefresh
INFO: Refreshing org.springframework.context.support.ClassPathXmlApplicationContext@7a2faf81: startup date [Tue Oct 10 17:03:50 EDT 2017]; root of context hierarchy
Oct 10, 2017 5:03:50 PM org.springframework.beans.factory.xml.XmlBeanDefinitionReader loadBeanDefinitions
INFO: Loading XML bean definitions from class path resource [applicationContext.xml]
Oct 10, 2017 5:03:50 PM org.springframework.context.support.ClassPathXmlApplicationContext prepareRefresh
INFO: Refreshing org.springframework.context.support.ClassPathXmlApplicationContext@7a0e24ef: startup date [Tue Oct 10 17:03:50 EDT 2017]; root of context hierarchy
Oct 10, 2017 5:03:50 PM org.springframework.beans.factory.xml.XmlBeanDefinitionReader loadBeanDefinitions
INFO: Loading XML bean definitions from class path resource [applicationContext.xml]
Oct 10, 2017 5:03:50 PM org.springframework.context.support.ClassPathXmlApplicationContext prepareRefresh
INFO: Refreshing org.springframework.context.support.ClassPathXmlApplicationContext@6421d5fc: startup date [Tue Oct 10 17:03:50 EDT 2017]; root of context hierarchy
Oct 10, 2017 5:03:50 PM org.springframework.beans.factory.xml.XmlBeanDefinitionReader loadBeanDefinitions
INFO: Loading XML bean definitions from class path resource [applicationContext.xml]
Oct 10, 2017 5:03:50 PM org.springframework.context.support.ClassPathXmlApplicationContext prepareRefresh
INFO: Refreshing org.springframework.context.support.ClassPathXmlApplicationContext@562d7aec: startup date [Tue Oct 10 17:03:50 EDT 2017]; root of context hierarchy
Oct 10, 2017 5:03:50 PM org.springframework.beans.factory.xml.XmlBeanDefinitionReader loadBeanDefinitions
INFO: Loading XML bean definitions from class path resource [applicationContext.xml]
Oct 10, 2017 5:03:50 PM org.springframework.context.support.ClassPathXmlApplicationContext prepareRefresh
INFO: Refreshing org.springframework.context.support.ClassPathXmlApplicationContext@26b58c3e: startup date [Tue Oct 10 17:03:50 EDT 2017]; root of context hierarchy
Oct 10, 2017 5:03:50 PM org.springframework.beans.factory.xml.XmlBeanDefinitionReader loadBeanDefinitions
INFO: Loading XML bean definitions from class path resource [applicationContext.xml]
Oct 10, 2017 5:03:50 PM org.springframework.context.support.ClassPathXmlApplicationContext prepareRefresh
INFO: Refreshing org.springframework.context.support.ClassPathXmlApplicationContext@1164d3f2: startup date [Tue Oct 10 17:03:50 EDT 2017]; root of context hierarchy
Oct 10, 2017 5:03:50 PM org.springframework.beans.factory.xml.XmlBeanDefinitionReader loadBeanDefinitions
INFO: Loading XML bean definitions from class path resource [applicationContext.xml]
Oct 10, 2017 5:03:50 PM org.springframework.context.support.ClassPathXmlApplicationContext prepareRefresh
INFO: Refreshing org.springframework.context.support.ClassPathXmlApplicationContext@6d1ac87a: startup date [Tue Oct 10 17:03:50 EDT 2017]; root of context hierarchy
Oct 10, 2017 5:03:50 PM org.springframework.beans.factory.xml.XmlBeanDefinitionReader loadBeanDefinitions
INFO: Loading XML bean definitions from class path resource [applicationContext.xml]
Oct 10, 2017 5:03:50 PM org.springframework.context.support.ClassPathXmlApplicationContext prepareRefresh
INFO: Refreshing org.springframework.context.support.ClassPathXmlApplicationContext@267dc25: startup date [Tue Oct 10 17:03:50 EDT 2017]; root of context hierarchy
Oct 10, 2017 5:03:50 PM org.springframework.beans.factory.xml.XmlBeanDefinitionReader loadBeanDefinitions
INFO: Loading XML bean definitions from class path resource [applicationContext.xml]
Oct 10, 2017 5:03:50 PM org.springframework.context.support.ClassPathXmlApplicationContext prepareRefresh
INFO: Refreshing org.springframework.context.support.ClassPathXmlApplicationContext@722df51d: startup date [Tue Oct 10 17:03:50 EDT 2017]; root of context hierarchy
Oct 10, 2017 5:03:50 PM org.springframework.beans.factory.xml.XmlBeanDefinitionReader loadBeanDefinitions
INFO: Loading XML bean definitions from class path resource [applicationContext.xml]
Oct 10, 2017 5:03:50 PM org.springframework.context.support.ClassPathXmlApplicationContext prepareRefresh
INFO: Refreshing org.springframework.context.support.ClassPathXmlApplicationContext@351847f9: startup date [Tue Oct 10 17:03:50 EDT 2017]; root of context hierarchy
Oct 10, 2017 5:03:50 PM org.springframework.beans.factory.xml.XmlBeanDefinitionReader loadBeanDefinitions
INFO: Loading XML bean definitions from class path resource [applicationContext.xml]
Oct 10, 2017 5:03:50 PM org.springframework.context.support.ClassPathXmlApplicationContext prepareRefresh
INFO: Refreshing org.springframework.context.support.ClassPathXmlApplicationContext@117dbf7a: startup date [Tue Oct 10 17:03:50 EDT 2017]; root of context hierarchy
Oct 10, 2017 5:03:50 PM org.springframework.beans.factory.xml.XmlBeanDefinitionReader loadBeanDefinitions
INFO: Loading XML bean definitions from class path resource [applicationContext.xml]
Oct 10, 2017 5:03:50 PM org.springframework.context.support.ClassPathXmlApplicationContext prepareRefresh
INFO: Refreshing org.springframework.context.support.ClassPathXmlApplicationContext@454bde11: startup date [Tue Oct 10 17:03:50 EDT 2017]; root of context hierarchy
Oct 10, 2017 5:03:50 PM org.springframework.beans.factory.xml.XmlBeanDefinitionReader loadBeanDefinitions
INFO: Loading XML bean definitions from class path resource [applicationContext.xml]
Oct 10, 2017 5:03:50 PM org.springframework.context.support.ClassPathXmlApplicationContext prepareRefresh
INFO: Refreshing org.springframework.context.support.ClassPathXmlApplicationContext@3de75935: startup date [Tue Oct 10 17:03:50 EDT 2017]; root of context hierarchy
Oct 10, 2017 5:03:50 PM org.springframework.beans.factory.xml.XmlBeanDefinitionReader loadBeanDefinitions
INFO: Loading XML bean definitions from class path resource [applicationContext.xml]
Oct 10, 2017 5:03:50 PM org.springframework.context.support.ClassPathXmlApplicationContext prepareRefresh
INFO: Refreshing org.springframework.context.support.ClassPathXmlApplicationContext@63449240: startup date [Tue Oct 10 17:03:50 EDT 2017]; root of context hierarchy
Oct 10, 2017 5:03:50 PM org.springframework.beans.factory.xml.XmlBeanDefinitionReader loadBeanDefinitions
INFO: Loading XML bean definitions from class path resource [applicationContext.xml]
Oct 10, 2017 5:03:50 PM org.springframework.context.support.ClassPathXmlApplicationContext prepareRefresh
INFO: Refreshing org.springframework.context.support.ClassPathXmlApplicationContext@7830cb00: startup date [Tue Oct 10 17:03:50 EDT 2017]; root of context hierarchy
Oct 10, 2017 5:03:50 PM org.springframework.beans.factory.xml.XmlBeanDefinitionReader loadBeanDefinitions
INFO: Loading XML bean definitions from class path resource [applicationContext.xml]
Oct 10, 2017 5:03:50 PM org.springframework.context.support.ClassPathXmlApplicationContext prepareRefresh
INFO: Refreshing org.springframework.context.support.ClassPathXmlApplicationContext@17245ba1: startup date [Tue Oct 10 17:03:50 EDT 2017]; root of context hierarchy
Oct 10, 2017 5:03:50 PM org.springframework.beans.factory.xml.XmlBeanDefinitionReader loadBeanDefinitions
INFO: Loading XML bean definitions from class path resource [applicationContext.xml]
Oct 10, 2017 5:03:50 PM org.springframework.context.support.ClassPathXmlApplicationContext prepareRefresh
INFO: Refreshing org.springframework.context.support.ClassPathXmlApplicationContext@6928b916: startup date [Tue Oct 10 17:03:50 EDT 2017]; root of context hierarchy
Oct 10, 2017 5:03:50 PM org.springframework.beans.factory.xml.XmlBeanDefinitionReader loadBeanDefinitions
INFO: Loading XML bean definitions from class path resource [applicationContext.xml]
Oct 10, 2017 5:03:50 PM org.springframework.context.support.ClassPathXmlApplicationContext prepareRefresh
INFO: Refreshing org.springframework.context.support.ClassPathXmlApplicationContext@1969240: startup date [Tue Oct 10 17:03:50 EDT 2017]; root of context hierarchy
Oct 10, 2017 5:03:50 PM org.springframework.beans.factory.xml.XmlBeanDefinitionReader loadBeanDefinitions
INFO: Loading XML bean definitions from class path resource [applicationContext.xml]
Oct 10, 2017 5:03:50 PM org.springframework.context.support.ClassPathXmlApplicationContext prepareRefresh
INFO: Refreshing org.springframework.context.support.ClassPathXmlApplicationContext@95eebbf: startup date [Tue Oct 10 17:03:50 EDT 2017]; root of context hierarchy
Oct 10, 2017 5:03:50 PM org.springframework.beans.factory.xml.XmlBeanDefinitionReader loadBeanDefinitions
INFO: Loading XML bean definitions from class path resource [applicationContext.xml]
Oct 10, 2017 5:03:50 PM org.springframework.context.support.ClassPathXmlApplicationContext prepareRefresh
INFO: Refreshing org.springframework.context.support.ClassPathXmlApplicationContext@2644facd: startup date [Tue Oct 10 17:03:50 EDT 2017]; root of context hierarchy
Oct 10, 2017 5:03:50 PM org.springframework.beans.factory.xml.XmlBeanDefinitionReader loadBeanDefinitions
INFO: Loading XML bean definitions from class path resource [applicationContext.xml]
Oct 10, 2017 5:03:50 PM org.springframework.context.support.ClassPathXmlApplicationContext prepareRefresh
INFO: Refreshing org.springframework.context.support.ClassPathXmlApplicationContext@4dd60d00: startup date [Tue Oct 10 17:03:50 EDT 2017]; root of context hierarchy
Oct 10, 2017 5:03:50 PM org.springframework.beans.factory.xml.XmlBeanDefinitionReader loadBeanDefinitions
INFO: Loading XML bean definitions from class path resource [applicationContext.xml]
Oct 10, 2017 5:03:50 PM org.springframework.context.support.ClassPathXmlApplicationContext prepareRefresh
INFO: Refreshing org.springframework.context.support.ClassPathXmlApplicationContext@2e86dd15: startup date [Tue Oct 10 17:03:50 EDT 2017]; root of context hierarchy
Oct 10, 2017 5:03:50 PM org.springframework.beans.factory.xml.XmlBeanDefinitionReader loadBeanDefinitions
INFO: Loading XML bean definitions from class path resource [applicationContext.xml]
Oct 10, 2017 5:03:50 PM org.springframework.context.support.ClassPathXmlApplicationContext prepareRefresh
INFO: Refreshing org.springframework.context.support.ClassPathXmlApplicationContext@4600aeb5: startup date [Tue Oct 10 17:03:50 EDT 2017]; root of context hierarchy
Oct 10, 2017 5:03:50 PM org.springframework.beans.factory.xml.XmlBeanDefinitionReader loadBeanDefinitions
INFO: Loading XML bean definitions from class path resource [applicationContext.xml]
Oct 10, 2017 5:03:50 PM org.springframework.context.support.ClassPathXmlApplicationContext prepareRefresh
INFO: Refreshing org.springframework.context.support.ClassPathXmlApplicationContext@1b6f8068: startup date [Tue Oct 10 17:03:50 EDT 2017]; root of context hierarchy
Oct 10, 2017 5:03:50 PM org.springframework.beans.factory.xml.XmlBeanDefinitionReader loadBeanDefinitions
INFO: Loading XML bean definitions from class path resource [applicationContext.xml]
Oct 10, 2017 5:03:50 PM org.springframework.context.support.ClassPathXmlApplicationContext prepareRefresh
INFO: Refreshing org.springframework.context.support.ClassPathXmlApplicationContext@56db7adb: startup date [Tue Oct 10 17:03:50 EDT 2017]; root of context hierarchy
Oct 10, 2017 5:03:50 PM org.springframework.beans.factory.xml.XmlBeanDefinitionReader loadBeanDefinitions
INFO: Loading XML bean definitions from class path resource [applicationContext.xml]
Oct 10, 2017 5:03:50 PM org.springframework.context.support.ClassPathXmlApplicationContext prepareRefresh
INFO: Refreshing org.springframework.context.support.ClassPathXmlApplicationContext@10b6679: startup date [Tue Oct 10 17:03:50 EDT 2017]; root of context hierarchy
Oct 10, 2017 5:03:50 PM org.springframework.beans.factory.xml.XmlBeanDefinitionReader loadBeanDefinitions
INFO: Loading XML bean definitions from class path resource [applicationContext.xml]
Oct 10, 2017 5:03:50 PM org.springframework.context.support.ClassPathXmlApplicationContext prepareRefresh
INFO: Refreshing org.springframework.context.support.ClassPathXmlApplicationContext@4ba58d4e: startup date [Tue Oct 10 17:03:50 EDT 2017]; root of context hierarchy
Oct 10, 2017 5:03:50 PM org.springframework.beans.factory.xml.XmlBeanDefinitionReader loadBeanDefinitions
INFO: Loading XML bean definitions from class path resource [applicationContext.xml]
Oct 10, 2017 5:03:50 PM org.springframework.context.support.ClassPathXmlApplicationContext prepareRefresh
INFO: Refreshing org.springframework.context.support.ClassPathXmlApplicationContext@485402cf: startup date [Tue Oct 10 17:03:50 EDT 2017]; root of context hierarchy
Oct 10, 2017 5:03:50 PM org.springframework.beans.factory.xml.XmlBeanDefinitionReader loadBeanDefinitions
INFO: Loading XML bean definitions from class path resource [applicationContext.xml]
Oct 10, 2017 5:03:50 PM org.springframework.context.support.ClassPathXmlApplicationContext prepareRefresh
INFO: Refreshing org.springframework.context.support.ClassPathXmlApplicationContext@2496a5ae: startup date [Tue Oct 10 17:03:50 EDT 2017]; root of context hierarchy
Oct 10, 2017 5:03:50 PM org.springframework.beans.factory.xml.XmlBeanDefinitionReader loadBeanDefinitions
INFO: Loading XML bean definitions from class path resource [applicationContext.xml]
Oct 10, 2017 5:03:50 PM org.springframework.context.support.ClassPathXmlApplicationContext prepareRefresh
INFO: Refreshing org.springframework.context.support.ClassPathXmlApplicationContext@28e2f626: startup date [Tue Oct 10 17:03:50 EDT 2017]; root of context hierarchy
Oct 10, 2017 5:03:50 PM org.springframework.beans.factory.xml.XmlBeanDefinitionReader loadBeanDefinitions
INFO: Loading XML bean definitions from class path resource [applicationContext.xml]
Oct 10, 2017 5:03:50 PM org.springframework.context.support.ClassPathXmlApplicationContext prepareRefresh
INFO: Refreshing org.springframework.context.support.ClassPathXmlApplicationContext@565fc860: startup date [Tue Oct 10 17:03:50 EDT 2017]; root of context hierarchy
Oct 10, 2017 5:03:50 PM org.springframework.beans.factory.xml.XmlBeanDefinitionReader loadBeanDefinitions
INFO: Loading XML bean definitions from class path resource [applicationContext.xml]
Oct 10, 2017 5:03:50 PM org.springframework.context.support.ClassPathXmlApplicationContext prepareRefresh
INFO: Refreshing org.springframework.context.support.ClassPathXmlApplicationContext@b0d6d5d: startup date [Tue Oct 10 17:03:50 EDT 2017]; root of context hierarchy
Oct 10, 2017 5:03:50 PM org.springframework.beans.factory.xml.XmlBeanDefinitionReader loadBeanDefinitions
INFO: Loading XML bean definitions from class path resource [applicationContext.xml]
Oct 10, 2017 5:03:50 PM org.springframework.context.support.ClassPathXmlApplicationContext prepareRefresh
INFO: Refreshing org.springframework.context.support.ClassPathXmlApplicationContext@3279db3c: startup date [Tue Oct 10 17:03:50 EDT 2017]; root of context hierarchy
Oct 10, 2017 5:03:50 PM org.springframework.beans.factory.xml.XmlBeanDefinitionReader loadBeanDefinitions
INFO: Loading XML bean definitions from class path resource [applicationContext.xml]
Oct 10, 2017 5:03:50 PM org.springframework.context.support.ClassPathXmlApplicationContext prepareRefresh
INFO: Refreshing org.springframework.context.support.ClassPathXmlApplicationContext@68553b3d: startup date [Tue Oct 10 17:03:50 EDT 2017]; root of context hierarchy
Oct 10, 2017 5:03:50 PM org.springframework.beans.factory.xml.XmlBeanDefinitionReader loadBeanDefinitions
INFO: Loading XML bean definitions from class path resource [applicationContext.xml]
Oct 10, 2017 5:03:50 PM org.springframework.context.support.ClassPathXmlApplicationContext prepareRefresh
INFO: Refreshing org.springframework.context.support.ClassPathXmlApplicationContext@20099824: startup date [Tue Oct 10 17:03:50 EDT 2017]; root of context hierarchy
Oct 10, 2017 5:03:50 PM org.springframework.beans.factory.xml.XmlBeanDefinitionReader loadBeanDefinitions
INFO: Loading XML bean definitions from class path resource [applicationContext.xml]
Oct 10, 2017 5:03:50 PM org.springframework.context.support.ClassPathXmlApplicationContext prepareRefresh
INFO: Refreshing org.springframework.context.support.ClassPathXmlApplicationContext@5c249eff: startup date [Tue Oct 10 17:03:50 EDT 2017]; root of context hierarchy
Oct 10, 2017 5:03:50 PM org.springframework.beans.factory.xml.XmlBeanDefinitionReader loadBeanDefinitions
INFO: Loading XML bean definitions from class path resource [applicationContext.xml]
Oct 10, 2017 5:03:50 PM org.springframework.context.support.ClassPathXmlApplicationContext prepareRefresh
INFO: Refreshing org.springframework.context.support.ClassPathXmlApplicationContext@15e494f9: startup date [Tue Oct 10 17:03:50 EDT 2017]; root of context hierarchy
Oct 10, 2017 5:03:50 PM org.springframework.beans.factory.xml.XmlBeanDefinitionReader loadBeanDefinitions
INFO: Loading XML bean definitions from class path resource [applicationContext.xml]
Oct 10, 2017 5:03:50 PM org.springframework.context.support.ClassPathXmlApplicationContext prepareRefresh
INFO: Refreshing org.springframework.context.support.ClassPathXmlApplicationContext@67dff4c9: startup date [Tue Oct 10 17:03:50 EDT 2017]; root of context hierarchy
Oct 10, 2017 5:03:50 PM org.springframework.beans.factory.xml.XmlBeanDefinitionReader loadBeanDefinitions
INFO: Loading XML bean definitions from class path resource [applicationContext.xml]
Oct 10, 2017 5:03:50 PM org.springframework.context.support.ClassPathXmlApplicationContext prepareRefresh
INFO: Refreshing org.springframework.context.support.ClassPathXmlApplicationContext@1ba91e94: startup date [Tue Oct 10 17:03:50 EDT 2017]; root of context hierarchy
Oct 10, 2017 5:03:50 PM org.springframework.beans.factory.xml.XmlBeanDefinitionReader loadBeanDefinitions
INFO: Loading XML bean definitions from class path resource [applicationContext.xml]
Oct 10, 2017 5:03:50 PM org.springframework.context.support.ClassPathXmlApplicationContext prepareRefresh
INFO: Refreshing org.springframework.context.support.ClassPathXmlApplicationContext@7b2f1f69: startup date [Tue Oct 10 17:03:50 EDT 2017]; root of context hierarchy
Oct 10, 2017 5:03:50 PM org.springframework.beans.factory.xml.XmlBeanDefinitionReader loadBeanDefinitions
INFO: Loading XML bean definitions from class path resource [applicationContext.xml]
Oct 10, 2017 5:03:50 PM org.springframework.context.support.ClassPathXmlApplicationContext prepareRefresh
INFO: Refreshing org.springframework.context.support.ClassPathXmlApplicationContext@52b3e604: startup date [Tue Oct 10 17:03:50 EDT 2017]; root of context hierarchy
Oct 10, 2017 5:03:50 PM org.springframework.beans.factory.xml.XmlBeanDefinitionReader loadBeanDefinitions
INFO: Loading XML bean definitions from class path resource [applicationContext.xml]
Oct 10, 2017 5:03:50 PM org.springframework.context.support.ClassPathXmlApplicationContext prepareRefresh
INFO: Refreshing org.springframework.context.support.ClassPathXmlApplicationContext@50ced32a: startup date [Tue Oct 10 17:03:50 EDT 2017]; root of context hierarchy
Oct 10, 2017 5:03:50 PM org.springframework.beans.factory.xml.XmlBeanDefinitionReader loadBeanDefinitions
INFO: Loading XML bean definitions from class path resource [applicationContext.xml]
Oct 10, 2017 5:03:50 PM org.springframework.context.support.ClassPathXmlApplicationContext prepareRefresh
INFO: Refreshing org.springframework.context.support.ClassPathXmlApplicationContext@11dc6050: startup date [Tue Oct 10 17:03:50 EDT 2017]; root of context hierarchy
Oct 10, 2017 5:03:50 PM org.springframework.beans.factory.xml.XmlBeanDefinitionReader loadBeanDefinitions
INFO: Loading XML bean definitions from class path resource [applicationContext.xml]
Oct 10, 2017 5:03:50 PM org.springframework.context.support.ClassPathXmlApplicationContext prepareRefresh
INFO: Refreshing org.springframework.context.support.ClassPathXmlApplicationContext@5f9df1fa: startup date [Tue Oct 10 17:03:50 EDT 2017]; root of context hierarchy
Oct 10, 2017 5:03:50 PM org.springframework.beans.factory.xml.XmlBeanDefinitionReader loadBeanDefinitions
INFO: Loading XML bean definitions from class path resource [applicationContext.xml]
Oct 10, 2017 5:03:50 PM org.springframework.context.support.ClassPathXmlApplicationContext prepareRefresh
INFO: Refreshing org.springframework.context.support.ClassPathXmlApplicationContext@74253c74: startup date [Tue Oct 10 17:03:50 EDT 2017]; root of context hierarchy
Oct 10, 2017 5:03:50 PM org.springframework.beans.factory.xml.XmlBeanDefinitionReader loadBeanDefinitions
INFO: Loading XML bean definitions from class path resource [applicationContext.xml]
Oct 10, 2017 5:03:50 PM org.springframework.context.support.ClassPathXmlApplicationContext prepareRefresh
INFO: Refreshing org.springframework.context.support.ClassPathXmlApplicationContext@79d0a58e: startup date [Tue Oct 10 17:03:50 EDT 2017]; root of context hierarchy
Oct 10, 2017 5:03:51 PM org.springframework.beans.factory.xml.XmlBeanDefinitionReader loadBeanDefinitions
INFO: Loading XML bean definitions from class path resource [applicationContext.xml]
Oct 10, 2017 5:03:51 PM org.springframework.context.support.ClassPathXmlApplicationContext prepareRefresh
INFO: Refreshing org.springframework.context.support.ClassPathXmlApplicationContext@297bb5bf: startup date [Tue Oct 10 17:03:51 EDT 2017]; root of context hierarchy
Oct 10, 2017 5:03:51 PM org.springframework.beans.factory.xml.XmlBeanDefinitionReader loadBeanDefinitions
INFO: Loading XML bean definitions from class path resource [applicationContext.xml]
Oct 10, 2017 5:03:51 PM org.springframework.context.support.ClassPathXmlApplicationContext prepareRefresh
INFO: Refreshing org.springframework.context.support.ClassPathXmlApplicationContext@3be591a4: startup date [Tue Oct 10 17:03:51 EDT 2017]; root of context hierarchy
Oct 10, 2017 5:03:51 PM org.springframework.beans.factory.xml.XmlBeanDefinitionReader loadBeanDefinitions
INFO: Loading XML bean definitions from class path resource [applicationContext.xml]
Oct 10, 2017 5:03:51 PM org.springframework.context.support.ClassPathXmlApplicationContext prepareRefresh
INFO: Refreshing org.springframework.context.support.ClassPathXmlApplicationContext@4f18356b: startup date [Tue Oct 10 17:03:51 EDT 2017]; root of context hierarchy
Oct 10, 2017 5:03:51 PM org.springframework.beans.factory.xml.XmlBeanDefinitionReader loadBeanDefinitions
INFO: Loading XML bean definitions from class path resource [applicationContext.xml]
Oct 10, 2017 5:03:51 PM org.springframework.context.support.ClassPathXmlApplicationContext prepareRefresh
INFO: Refreshing org.springframework.context.support.ClassPathXmlApplicationContext@8f27749: startup date [Tue Oct 10 17:03:51 EDT 2017]; root of context hierarchy
Oct 10, 2017 5:03:51 PM org.springframework.beans.factory.xml.XmlBeanDefinitionReader loadBeanDefinitions
INFO: Loading XML bean definitions from class path resource [applicationContext.xml]
Oct 10, 2017 5:03:51 PM org.springframework.context.support.ClassPathXmlApplicationContext prepareRefresh
INFO: Refreshing org.springframework.context.support.ClassPathXmlApplicationContext@1615add5: startup date [Tue Oct 10 17:03:51 EDT 2017]; root of context hierarchy
Oct 10, 2017 5:03:51 PM org.springframework.beans.factory.xml.XmlBeanDefinitionReader loadBeanDefinitions
INFO: Loading XML bean definitions from class path resource [applicationContext.xml]
Oct 10, 2017 5:03:51 PM org.springframework.context.support.ClassPathXmlApplicationContext prepareRefresh
INFO: Refreshing org.springframework.context.support.ClassPathXmlApplicationContext@23723245: startup date [Tue Oct 10 17:03:51 EDT 2017]; root of context hierarchy
Oct 10, 2017 5:03:51 PM org.springframework.beans.factory.xml.XmlBeanDefinitionReader loadBeanDefinitions
INFO: Loading XML bean definitions from class path resource [applicationContext.xml]
Oct 10, 2017 5:03:51 PM org.springframework.context.support.ClassPathXmlApplicationContext prepareRefresh
INFO: Refreshing org.springframework.context.support.ClassPathXmlApplicationContext@199a6a61: startup date [Tue Oct 10 17:03:51 EDT 2017]; root of context hierarchy
Oct 10, 2017 5:03:51 PM org.springframework.beans.factory.xml.XmlBeanDefinitionReader loadBeanDefinitions
INFO: Loading XML bean definitions from class path resource [applicationContext.xml]
Oct 10, 2017 5:03:51 PM org.springframework.context.support.ClassPathXmlApplicationContext prepareRefresh
INFO: Refreshing org.springframework.context.support.ClassPathXmlApplicationContext@66627c3a: startup date [Tue Oct 10 17:03:51 EDT 2017]; root of context hierarchy
Oct 10, 2017 5:03:51 PM org.springframework.beans.factory.xml.XmlBeanDefinitionReader loadBeanDefinitions
INFO: Loading XML bean definitions from class path resource [applicationContext.xml]
Oct 10, 2017 5:03:51 PM org.springframework.context.support.ClassPathXmlApplicationContext prepareRefresh
INFO: Refreshing org.springframework.context.support.ClassPathXmlApplicationContext@6cbe7d45: startup date [Tue Oct 10 17:03:51 EDT 2017]; root of context hierarchy
Oct 10, 2017 5:03:51 PM org.springframework.beans.factory.xml.XmlBeanDefinitionReader loadBeanDefinitions
INFO: Loading XML bean definitions from class path resource [applicationContext.xml]
Oct 10, 2017 5:03:51 PM org.springframework.context.support.ClassPathXmlApplicationContext prepareRefresh
INFO: Refreshing org.springframework.context.support.ClassPathXmlApplicationContext@397cee22: startup date [Tue Oct 10 17:03:51 EDT 2017]; root of context hierarchy
Oct 10, 2017 5:03:51 PM org.springframework.beans.factory.xml.XmlBeanDefinitionReader loadBeanDefinitions
INFO: Loading XML bean definitions from class path resource [applicationContext.xml]
Oct 10, 2017 5:03:51 PM org.springframework.context.support.ClassPathXmlApplicationContext prepareRefresh
INFO: Refreshing org.springframework.context.support.ClassPathXmlApplicationContext@76db0984: startup date [Tue Oct 10 17:03:51 EDT 2017]; root of context hierarchy
Oct 10, 2017 5:03:51 PM org.springframework.beans.factory.xml.XmlBeanDefinitionReader loadBeanDefinitions
INFO: Loading XML bean definitions from class path resource [applicationContext.xml]
Oct 10, 2017 5:03:51 PM org.springframework.context.support.ClassPathXmlApplicationContext prepareRefresh
INFO: Refreshing org.springframework.context.support.ClassPathXmlApplicationContext@436be744: startup date [Tue Oct 10 17:03:51 EDT 2017]; root of context hierarchy
Oct 10, 2017 5:03:51 PM org.springframework.beans.factory.xml.XmlBeanDefinitionReader loadBeanDefinitions
INFO: Loading XML bean definitions from class path resource [applicationContext.xml]
Oct 10, 2017 5:03:51 PM org.springframework.context.support.ClassPathXmlApplicationContext prepareRefresh
INFO: Refreshing org.springframework.context.support.ClassPathXmlApplicationContext@694fe9cd: startup date [Tue Oct 10 17:03:51 EDT 2017]; root of context hierarchy
Oct 10, 2017 5:03:51 PM org.springframework.beans.factory.xml.XmlBeanDefinitionReader loadBeanDefinitions
INFO: Loading XML bean definitions from class path resource [applicationContext.xml]
Oct 10, 2017 5:03:51 PM org.springframework.context.support.ClassPathXmlApplicationContext prepareRefresh
INFO: Refreshing org.springframework.context.support.ClassPathXmlApplicationContext@d80ffd8: startup date [Tue Oct 10 17:03:51 EDT 2017]; root of context hierarchy
Oct 10, 2017 5:03:51 PM org.springframework.beans.factory.xml.XmlBeanDefinitionReader loadBeanDefinitions
INFO: Loading XML bean definitions from class path resource [applicationContext.xml]
Oct 10, 2017 5:03:51 PM org.springframework.context.support.ClassPathXmlApplicationContext prepareRefresh
INFO: Refreshing org.springframework.context.support.ClassPathXmlApplicationContext@62b60f76: startup date [Tue Oct 10 17:03:51 EDT 2017]; root of context hierarchy
Oct 10, 2017 5:03:51 PM org.springframework.beans.factory.xml.XmlBeanDefinitionReader loadBeanDefinitions
INFO: Loading XML bean definitions from class path resource [applicationContext.xml]
Oct 10, 2017 5:03:51 PM org.springframework.context.support.ClassPathXmlApplicationContext prepareRefresh
INFO: Refreshing org.springframework.context.support.ClassPathXmlApplicationContext@67383ea1: startup date [Tue Oct 10 17:03:51 EDT 2017]; root of context hierarchy
Oct 10, 2017 5:03:51 PM org.springframework.beans.factory.xml.XmlBeanDefinitionReader loadBeanDefinitions
INFO: Loading XML bean definitions from class path resource [applicationContext.xml]
Oct 10, 2017 5:03:51 PM org.springframework.context.support.ClassPathXmlApplicationContext prepareRefresh
INFO: Refreshing org.springframework.context.support.ClassPathXmlApplicationContext@68e7b629: startup date [Tue Oct 10 17:03:51 EDT 2017]; root of context hierarchy
Oct 10, 2017 5:03:51 PM org.springframework.beans.factory.xml.XmlBeanDefinitionReader loadBeanDefinitions
INFO: Loading XML bean definitions from class path resource [applicationContext.xml]
Oct 10, 2017 5:03:51 PM org.springframework.context.support.ClassPathXmlApplicationContext prepareRefresh
INFO: Refreshing org.springframework.context.support.ClassPathXmlApplicationContext@6828f759: startup date [Tue Oct 10 17:03:51 EDT 2017]; root of context hierarchy
Oct 10, 2017 5:03:51 PM org.springframework.beans.factory.xml.XmlBeanDefinitionReader loadBeanDefinitions
INFO: Loading XML bean definitions from class path resource [applicationContext.xml]
Oct 10, 2017 5:03:51 PM org.springframework.context.support.ClassPathXmlApplicationContext prepareRefresh
INFO: Refreshing org.springframework.context.support.ClassPathXmlApplicationContext@2d482abe: startup date [Tue Oct 10 17:03:51 EDT 2017]; root of context hierarchy
Oct 10, 2017 5:03:51 PM org.springframework.beans.factory.xml.XmlBeanDefinitionReader loadBeanDefinitions
INFO: Loading XML bean definitions from class path resource [applicationContext.xml]
Oct 10, 2017 5:03:51 PM org.springframework.context.support.ClassPathXmlApplicationContext prepareRefresh
INFO: Refreshing org.springframework.context.support.ClassPathXmlApplicationContext@2a88a55a: startup date [Tue Oct 10 17:03:51 EDT 2017]; root of context hierarchy
Oct 10, 2017 5:03:51 PM org.springframework.beans.factory.xml.XmlBeanDefinitionReader loadBeanDefinitions
INFO: Loading XML bean definitions from class path resource [applicationContext.xml]
Oct 10, 2017 5:03:51 PM org.springframework.context.support.ClassPathXmlApplicationContext prepareRefresh
INFO: Refreshing org.springframework.context.support.ClassPathXmlApplicationContext@5d636925: startup date [Tue Oct 10 17:03:51 EDT 2017]; root of context hierarchy
Oct 10, 2017 5:03:51 PM org.springframework.beans.factory.xml.XmlBeanDefinitionReader loadBeanDefinitions
INFO: Loading XML bean definitions from class path resource [applicationContext.xml]
Oct 10, 2017 5:03:51 PM org.springframework.context.support.ClassPathXmlApplicationContext prepareRefresh
INFO: Refreshing org.springframework.context.support.ClassPathXmlApplicationContext@425ac7db: startup date [Tue Oct 10 17:03:51 EDT 2017]; root of context hierarchy
Oct 10, 2017 5:03:51 PM org.springframework.beans.factory.xml.XmlBeanDefinitionReader loadBeanDefinitions
INFO: Loading XML bean definitions from class path resource [applicationContext.xml]
Oct 10, 2017 5:03:51 PM org.springframework.context.support.ClassPathXmlApplicationContext prepareRefresh
INFO: Refreshing org.springframework.context.support.ClassPathXmlApplicationContext@3f628b8d: startup date [Tue Oct 10 17:03:51 EDT 2017]; root of context hierarchy
Oct 10, 2017 5:03:51 PM org.springframework.beans.factory.xml.XmlBeanDefinitionReader loadBeanDefinitions
INFO: Loading XML bean definitions from class path resource [applicationContext.xml]
Oct 10, 2017 5:03:51 PM org.springframework.context.support.ClassPathXmlApplicationContext prepareRefresh
INFO: Refreshing org.springframework.context.support.ClassPathXmlApplicationContext@2fc815e5: startup date [Tue Oct 10 17:03:51 EDT 2017]; root of context hierarchy
Oct 10, 2017 5:03:51 PM org.springframework.beans.factory.xml.XmlBeanDefinitionReader loadBeanDefinitions
INFO: Loading XML bean definitions from class path resource [applicationContext.xml]
Oct 10, 2017 5:03:51 PM org.springframework.context.support.ClassPathXmlApplicationContext prepareRefresh
INFO: Refreshing org.springframework.context.support.ClassPathXmlApplicationContext@5a90987b: startup date [Tue Oct 10 17:03:51 EDT 2017]; root of context hierarchy
Oct 10, 2017 5:03:51 PM org.springframework.beans.factory.xml.XmlBeanDefinitionReader loadBeanDefinitions
INFO: Loading XML bean definitions from class path resource [applicationContext.xml]
Oct 10, 2017 5:03:51 PM org.springframework.context.support.ClassPathXmlApplicationContext prepareRefresh
INFO: Refreshing org.springframework.context.support.ClassPathXmlApplicationContext@70ec3922: startup date [Tue Oct 10 17:03:51 EDT 2017]; root of context hierarchy
Oct 10, 2017 5:03:51 PM org.springframework.beans.factory.xml.XmlBeanDefinitionReader loadBeanDefinitions
INFO: Loading XML bean definitions from class path resource [applicationContext.xml]
Oct 10, 2017 5:03:51 PM org.springframework.context.support.ClassPathXmlApplicationContext prepareRefresh
INFO: Refreshing org.springframework.context.support.ClassPathXmlApplicationContext@6f92e434: startup date [Tue Oct 10 17:03:51 EDT 2017]; root of context hierarchy
Oct 10, 2017 5:03:51 PM org.springframework.beans.factory.xml.XmlBeanDefinitionReader loadBeanDefinitions
INFO: Loading XML bean definitions from class path resource [applicationContext.xml]
Oct 10, 2017 5:03:51 PM org.springframework.context.support.ClassPathXmlApplicationContext prepareRefresh
INFO: Refreshing org.springframework.context.support.ClassPathXmlApplicationContext@648f7f2f: startup date [Tue Oct 10 17:03:51 EDT 2017]; root of context hierarchy
Oct 10, 2017 5:03:51 PM org.springframework.beans.factory.xml.XmlBeanDefinitionReader loadBeanDefinitions
INFO: Loading XML bean definitions from class path resource [applicationContext.xml]
Oct 10, 2017 5:03:51 PM org.springframework.context.support.ClassPathXmlApplicationContext prepareRefresh
INFO: Refreshing org.springframework.context.support.ClassPathXmlApplicationContext@23e6e039: startup date [Tue Oct 10 17:03:51 EDT 2017]; root of context hierarchy
Oct 10, 2017 5:03:51 PM org.springframework.beans.factory.xml.XmlBeanDefinitionReader loadBeanDefinitions
INFO: Loading XML bean definitions from class path resource [applicationContext.xml]
Oct 10, 2017 5:03:51 PM org.springframework.context.support.ClassPathXmlApplicationContext prepareRefresh
INFO: Refreshing org.springframework.context.support.ClassPathXmlApplicationContext@131bf676: startup date [Tue Oct 10 17:03:51 EDT 2017]; root of context hierarchy
Oct 10, 2017 5:03:51 PM org.springframework.beans.factory.xml.XmlBeanDefinitionReader loadBeanDefinitions
INFO: Loading XML bean definitions from class path resource [applicationContext.xml]
Oct 10, 2017 5:03:51 PM org.springframework.context.support.ClassPathXmlApplicationContext prepareRefresh
INFO: Refreshing org.springframework.context.support.ClassPathXmlApplicationContext@41838d95: startup date [Tue Oct 10 17:03:51 EDT 2017]; root of context hierarchy
Oct 10, 2017 5:03:51 PM org.springframework.beans.factory.xml.XmlBeanDefinitionReader loadBeanDefinitions
INFO: Loading XML bean definitions from class path resource [applicationContext.xml]
Oct 10, 2017 5:03:51 PM org.springframework.context.support.ClassPathXmlApplicationContext prepareRefresh
INFO: Refreshing org.springframework.context.support.ClassPathXmlApplicationContext@39f2687b: startup date [Tue Oct 10 17:03:51 EDT 2017]; root of context hierarchy
Oct 10, 2017 5:03:51 PM org.springframework.beans.factory.xml.XmlBeanDefinitionReader loadBeanDefinitions
INFO: Loading XML bean definitions from class path resource [applicationContext.xml]
Oct 10, 2017 5:03:51 PM org.springframework.context.support.ClassPathXmlApplicationContext prepareRefresh
INFO: Refreshing org.springframework.context.support.ClassPathXmlApplicationContext@504504fe: startup date [Tue Oct 10 17:03:51 EDT 2017]; root of context hierarchy
Oct 10, 2017 5:03:51 PM org.springframework.beans.factory.xml.XmlBeanDefinitionReader loadBeanDefinitions
INFO: Loading XML bean definitions from class path resource [applicationContext.xml]
Oct 10, 2017 5:03:51 PM org.springframework.context.support.ClassPathXmlApplicationContext prepareRefresh
INFO: Refreshing org.springframework.context.support.ClassPathXmlApplicationContext@7e753551: startup date [Tue Oct 10 17:03:51 EDT 2017]; root of context hierarchy
Oct 10, 2017 5:03:51 PM org.springframework.beans.factory.xml.XmlBeanDefinitionReader loadBeanDefinitions
INFO: Loading XML bean definitions from class path resource [applicationContext.xml]
Oct 10, 2017 5:03:51 PM org.springframework.context.support.ClassPathXmlApplicationContext prepareRefresh
INFO: Refreshing org.springframework.context.support.ClassPathXmlApplicationContext@11815bdd: startup date [Tue Oct 10 17:03:51 EDT 2017]; root of context hierarchy
Oct 10, 2017 5:03:51 PM org.springframework.beans.factory.xml.XmlBeanDefinitionReader loadBeanDefinitions
INFO: Loading XML bean definitions from class path resource [applicationContext.xml]
Oct 10, 2017 5:03:51 PM org.springframework.context.support.ClassPathXmlApplicationContext prepareRefresh
INFO: Refreshing org.springframework.context.support.ClassPathXmlApplicationContext@5b030172: startup date [Tue Oct 10 17:03:51 EDT 2017]; root of context hierarchy
Oct 10, 2017 5:03:51 PM org.springframework.beans.factory.xml.XmlBeanDefinitionReader loadBeanDefinitions
INFO: Loading XML bean definitions from class path resource [applicationContext.xml]
Oct 10, 2017 5:03:51 PM org.springframework.context.support.ClassPathXmlApplicationContext prepareRefresh
INFO: Refreshing org.springframework.context.support.ClassPathXmlApplicationContext@621b5d4f: startup date [Tue Oct 10 17:03:51 EDT 2017]; root of context hierarchy
Oct 10, 2017 5:03:51 PM org.springframework.beans.factory.xml.XmlBeanDefinitionReader loadBeanDefinitions
INFO: Loading XML bean definitions from class path resource [applicationContext.xml]
Oct 10, 2017 5:03:51 PM org.springframework.context.support.ClassPathXmlApplicationContext prepareRefresh
INFO: Refreshing org.springframework.context.support.ClassPathXmlApplicationContext@74b85f8: startup date [Tue Oct 10 17:03:51 EDT 2017]; root of context hierarchy
Oct 10, 2017 5:03:51 PM org.springframework.beans.factory.xml.XmlBeanDefinitionReader loadBeanDefinitions
INFO: Loading XML bean definitions from class path resource [applicationContext.xml]
Oct 10, 2017 5:03:51 PM org.springframework.context.support.ClassPathXmlApplicationContext prepareRefresh
INFO: Refreshing org.springframework.context.support.ClassPathXmlApplicationContext@64c44cd7: startup date [Tue Oct 10 17:03:51 EDT 2017]; root of context hierarchy
Oct 10, 2017 5:03:51 PM org.springframework.beans.factory.xml.XmlBeanDefinitionReader loadBeanDefinitions
INFO: Loading XML bean definitions from class path resource [applicationContext.xml]
Oct 10, 2017 5:03:51 PM org.springframework.context.support.ClassPathXmlApplicationContext prepareRefresh
INFO: Refreshing org.springframework.context.support.ClassPathXmlApplicationContext@445db039: startup date [Tue Oct 10 17:03:51 EDT 2017]; root of context hierarchy
Oct 10, 2017 5:03:51 PM org.springframework.beans.factory.xml.XmlBeanDefinitionReader loadBeanDefinitions
INFO: Loading XML bean definitions from class path resource [applicationContext.xml]
Oct 10, 2017 5:03:51 PM org.springframework.context.support.ClassPathXmlApplicationContext prepareRefresh
INFO: Refreshing org.springframework.context.support.ClassPathXmlApplicationContext@2c2b4af0: startup date [Tue Oct 10 17:03:51 EDT 2017]; root of context hierarchy
Oct 10, 2017 5:03:51 PM org.springframework.beans.factory.xml.XmlBeanDefinitionReader loadBeanDefinitions
INFO: Loading XML bean definitions from class path resource [applicationContext.xml]
Oct 10, 2017 5:03:51 PM org.springframework.context.support.ClassPathXmlApplicationContext prepareRefresh
INFO: Refreshing org.springframework.context.support.ClassPathXmlApplicationContext@44d2037: startup date [Tue Oct 10 17:03:51 EDT 2017]; root of context hierarchy
Oct 10, 2017 5:03:51 PM org.springframework.beans.factory.xml.XmlBeanDefinitionReader loadBeanDefinitions
INFO: Loading XML bean definitions from class path resource [applicationContext.xml]
Oct 10, 2017 5:03:51 PM org.springframework.context.support.ClassPathXmlApplicationContext prepareRefresh
INFO: Refreshing org.springframework.context.support.ClassPathXmlApplicationContext@4396256b: startup date [Tue Oct 10 17:03:51 EDT 2017]; root of context hierarchy
Oct 10, 2017 5:03:51 PM org.springframework.beans.factory.xml.XmlBeanDefinitionReader loadBeanDefinitions
INFO: Loading XML bean definitions from class path resource [applicationContext.xml]
Oct 10, 2017 5:03:51 PM org.springframework.context.support.ClassPathXmlApplicationContext prepareRefresh
INFO: Refreshing org.springframework.context.support.ClassPathXmlApplicationContext@693c6818: startup date [Tue Oct 10 17:03:51 EDT 2017]; root of context hierarchy
Oct 10, 2017 5:03:51 PM org.springframework.beans.factory.xml.XmlBeanDefinitionReader loadBeanDefinitions
INFO: Loading XML bean definitions from class path resource [applicationContext.xml]
Oct 10, 2017 5:03:51 PM org.springframework.context.support.ClassPathXmlApplicationContext prepareRefresh
INFO: Refreshing org.springframework.context.support.ClassPathXmlApplicationContext@6578c001: startup date [Tue Oct 10 17:03:51 EDT 2017]; root of context hierarchy
Oct 10, 2017 5:03:51 PM org.springframework.beans.factory.xml.XmlBeanDefinitionReader loadBeanDefinitions
INFO: Loading XML bean definitions from class path resource [applicationContext.xml]
Oct 10, 2017 5:03:51 PM org.springframework.context.support.ClassPathXmlApplicationContext prepareRefresh
INFO: Refreshing org.springframework.context.support.ClassPathXmlApplicationContext@14f45b8c: startup date [Tue Oct 10 17:03:51 EDT 2017]; root of context hierarchy
Oct 10, 2017 5:03:51 PM org.springframework.beans.factory.xml.XmlBeanDefinitionReader loadBeanDefinitions
INFO: Loading XML bean definitions from class path resource [applicationContext.xml]
Oct 10, 2017 5:03:51 PM org.springframework.context.support.ClassPathXmlApplicationContext prepareRefresh
INFO: Refreshing org.springframework.context.support.ClassPathXmlApplicationContext@33e3028e: startup date [Tue Oct 10 17:03:51 EDT 2017]; root of context hierarchy
Oct 10, 2017 5:03:51 PM org.springframework.beans.factory.xml.XmlBeanDefinitionReader loadBeanDefinitions
INFO: Loading XML bean definitions from class path resource [applicationContext.xml]
Oct 10, 2017 5:03:51 PM org.springframework.context.support.ClassPathXmlApplicationContext prepareRefresh
INFO: Refreshing org.springframework.context.support.ClassPathXmlApplicationContext@37f0a78a: startup date [Tue Oct 10 17:03:51 EDT 2017]; root of context hierarchy
Oct 10, 2017 5:03:51 PM org.springframework.beans.factory.xml.XmlBeanDefinitionReader loadBeanDefinitions
INFO: Loading XML bean definitions from class path resource [applicationContext.xml]
Oct 10, 2017 5:03:51 PM org.springframework.context.support.ClassPathXmlApplicationContext prepareRefresh
INFO: Refreshing org.springframework.context.support.ClassPathXmlApplicationContext@43562538: startup date [Tue Oct 10 17:03:51 EDT 2017]; root of context hierarchy
Oct 10, 2017 5:03:51 PM org.springframework.beans.factory.xml.XmlBeanDefinitionReader loadBeanDefinitions
INFO: Loading XML bean definitions from class path resource [applicationContext.xml]
Oct 10, 2017 5:03:51 PM org.springframework.context.support.ClassPathXmlApplicationContext prepareRefresh
INFO: Refreshing org.springframework.context.support.ClassPathXmlApplicationContext@4cd9a772: startup date [Tue Oct 10 17:03:51 EDT 2017]; root of context hierarchy
Oct 10, 2017 5:03:51 PM org.springframework.beans.factory.xml.XmlBeanDefinitionReader loadBeanDefinitions
INFO: Loading XML bean definitions from class path resource [applicationContext.xml]
Oct 10, 2017 5:03:51 PM org.springframework.context.support.ClassPathXmlApplicationContext prepareRefresh
INFO: Refreshing org.springframework.context.support.ClassPathXmlApplicationContext@653cf75e: startup date [Tue Oct 10 17:03:51 EDT 2017]; root of context hierarchy
Oct 10, 2017 5:03:51 PM org.springframework.beans.factory.xml.XmlBeanDefinitionReader loadBeanDefinitions
INFO: Loading XML bean definitions from class path resource [applicationContext.xml]
Oct 10, 2017 5:03:51 PM org.springframework.context.support.ClassPathXmlApplicationContext prepareRefresh
INFO: Refreshing org.springframework.context.support.ClassPathXmlApplicationContext@615f2f2a: startup date [Tue Oct 10 17:03:51 EDT 2017]; root of context hierarchy
Oct 10, 2017 5:03:51 PM org.springframework.beans.factory.xml.XmlBeanDefinitionReader loadBeanDefinitions
INFO: Loading XML bean definitions from class path resource [applicationContext.xml]
Oct 10, 2017 5:03:51 PM org.springframework.context.support.ClassPathXmlApplicationContext prepareRefresh
INFO: Refreshing org.springframework.context.support.ClassPathXmlApplicationContext@26ba007e: startup date [Tue Oct 10 17:03:51 EDT 2017]; root of context hierarchy
Oct 10, 2017 5:03:51 PM org.springframework.beans.factory.xml.XmlBeanDefinitionReader loadBeanDefinitions
INFO: Loading XML bean definitions from class path resource [applicationContext.xml]
Oct 10, 2017 5:03:51 PM org.springframework.context.support.ClassPathXmlApplicationContext prepareRefresh
INFO: Refreshing org.springframework.context.support.ClassPathXmlApplicationContext@1b9eec6e: startup date [Tue Oct 10 17:03:51 EDT 2017]; root of context hierarchy
Oct 10, 2017 5:03:51 PM org.springframework.beans.factory.xml.XmlBeanDefinitionReader loadBeanDefinitions
INFO: Loading XML bean definitions from class path resource [applicationContext.xml]
Oct 10, 2017 5:03:51 PM org.springframework.context.support.ClassPathXmlApplicationContext prepareRefresh
INFO: Refreshing org.springframework.context.support.ClassPathXmlApplicationContext@295a64f5: startup date [Tue Oct 10 17:03:51 EDT 2017]; root of context hierarchy
Oct 10, 2017 5:03:51 PM org.springframework.beans.factory.xml.XmlBeanDefinitionReader loadBeanDefinitions
INFO: Loading XML bean definitions from class path resource [applicationContext.xml]
Oct 10, 2017 5:03:51 PM org.springframework.context.support.ClassPathXmlApplicationContext prepareRefresh
INFO: Refreshing org.springframework.context.support.ClassPathXmlApplicationContext@5735ce92: startup date [Tue Oct 10 17:03:51 EDT 2017]; root of context hierarchy
Oct 10, 2017 5:03:51 PM org.springframework.beans.factory.xml.XmlBeanDefinitionReader loadBeanDefinitions
INFO: Loading XML bean definitions from class path resource [applicationContext.xml]
Oct 10, 2017 5:03:51 PM org.springframework.context.support.ClassPathXmlApplicationContext prepareRefresh
INFO: Refreshing org.springframework.context.support.ClassPathXmlApplicationContext@61deba78: startup date [Tue Oct 10 17:03:51 EDT 2017]; root of context hierarchy
Oct 10, 2017 5:03:51 PM org.springframework.beans.factory.xml.XmlBeanDefinitionReader loadBeanDefinitions
INFO: Loading XML bean definitions from class path resource [applicationContext.xml]
Oct 10, 2017 5:03:51 PM org.springframework.context.support.ClassPathXmlApplicationContext prepareRefresh
INFO: Refreshing org.springframework.context.support.ClassPathXmlApplicationContext@1bddd143: startup date [Tue Oct 10 17:03:51 EDT 2017]; root of context hierarchy
Oct 10, 2017 5:03:51 PM org.springframework.beans.factory.xml.XmlBeanDefinitionReader loadBeanDefinitions
INFO: Loading XML bean definitions from class path resource [applicationContext.xml]
Oct 10, 2017 5:03:51 PM org.springframework.context.support.ClassPathXmlApplicationContext prepareRefresh
INFO: Refreshing org.springframework.context.support.ClassPathXmlApplicationContext@5ba45228: startup date [Tue Oct 10 17:03:51 EDT 2017]; root of context hierarchy
Oct 10, 2017 5:03:51 PM org.springframework.beans.factory.xml.XmlBeanDefinitionReader loadBeanDefinitions
INFO: Loading XML bean definitions from class path resource [applicationContext.xml]
Oct 10, 2017 5:03:51 PM org.springframework.context.support.ClassPathXmlApplicationContext prepareRefresh
INFO: Refreshing org.springframework.context.support.ClassPathXmlApplicationContext@2df7efc0: startup date [Tue Oct 10 17:03:51 EDT 2017]; root of context hierarchy
Oct 10, 2017 5:03:51 PM org.springframework.beans.factory.xml.XmlBeanDefinitionReader loadBeanDefinitions
INFO: Loading XML bean definitions from class path resource [applicationContext.xml]
Oct 10, 2017 5:03:51 PM org.springframework.context.support.ClassPathXmlApplicationContext prepareRefresh
INFO: Refreshing org.springframework.context.support.ClassPathXmlApplicationContext@322e40bb: startup date [Tue Oct 10 17:03:51 EDT 2017]; root of context hierarchy
Oct 10, 2017 5:03:51 PM org.springframework.beans.factory.xml.XmlBeanDefinitionReader loadBeanDefinitions
INFO: Loading XML bean definitions from class path resource [applicationContext.xml]
Oct 10, 2017 5:03:51 PM org.springframework.context.support.ClassPathXmlApplicationContext prepareRefresh
INFO: Refreshing org.springframework.context.support.ClassPathXmlApplicationContext@c473d0e: startup date [Tue Oct 10 17:03:51 EDT 2017]; root of context hierarchy
Oct 10, 2017 5:03:51 PM org.springframework.beans.factory.xml.XmlBeanDefinitionReader loadBeanDefinitions
INFO: Loading XML bean definitions from class path resource [applicationContext.xml]
Oct 10, 2017 5:03:51 PM org.springframework.context.support.ClassPathXmlApplicationContext prepareRefresh
INFO: Refreshing org.springframework.context.support.ClassPathXmlApplicationContext@749c32ae: startup date [Tue Oct 10 17:03:51 EDT 2017]; root of context hierarchy
Oct 10, 2017 5:03:51 PM org.springframework.beans.factory.xml.XmlBeanDefinitionReader loadBeanDefinitions
INFO: Loading XML bean definitions from class path resource [applicationContext.xml]
Oct 10, 2017 5:03:51 PM org.springframework.context.support.ClassPathXmlApplicationContext prepareRefresh
INFO: Refreshing org.springframework.context.support.ClassPathXmlApplicationContext@4a1b0c1: startup date [Tue Oct 10 17:03:51 EDT 2017]; root of context hierarchy
Oct 10, 2017 5:03:51 PM org.springframework.beans.factory.xml.XmlBeanDefinitionReader loadBeanDefinitions
INFO: Loading XML bean definitions from class path resource [applicationContext.xml]
Oct 10, 2017 5:03:51 PM org.springframework.context.support.ClassPathXmlApplicationContext prepareRefresh
INFO: Refreshing org.springframework.context.support.ClassPathXmlApplicationContext@62585aff: startup date [Tue Oct 10 17:03:51 EDT 2017]; root of context hierarchy
Oct 10, 2017 5:03:51 PM org.springframework.beans.factory.xml.XmlBeanDefinitionReader loadBeanDefinitions
INFO: Loading XML bean definitions from class path resource [applicationContext.xml]
Oct 10, 2017 5:03:51 PM org.springframework.context.support.ClassPathXmlApplicationContext prepareRefresh
INFO: Refreshing org.springframework.context.support.ClassPathXmlApplicationContext@2cdd89bd: startup date [Tue Oct 10 17:03:51 EDT 2017]; root of context hierarchy
Oct 10, 2017 5:03:51 PM org.springframework.beans.factory.xml.XmlBeanDefinitionReader loadBeanDefinitions
INFO: Loading XML bean definitions from class path resource [applicationContext.xml]
Oct 10, 2017 5:03:51 PM org.springframework.context.support.ClassPathXmlApplicationContext prepareRefresh
INFO: Refreshing org.springframework.context.support.ClassPathXmlApplicationContext@5f722039: startup date [Tue Oct 10 17:03:51 EDT 2017]; root of context hierarchy
Oct 10, 2017 5:03:51 PM org.springframework.beans.factory.xml.XmlBeanDefinitionReader loadBeanDefinitions
INFO: Loading XML bean definitions from class path resource [applicationContext.xml]
Oct 10, 2017 5:03:51 PM org.springframework.context.support.ClassPathXmlApplicationContext prepareRefresh
INFO: Refreshing org.springframework.context.support.ClassPathXmlApplicationContext@7c3fa7a0: startup date [Tue Oct 10 17:03:51 EDT 2017]; root of context hierarchy
Oct 10, 2017 5:03:51 PM org.springframework.beans.factory.xml.XmlBeanDefinitionReader loadBeanDefinitions
INFO: Loading XML bean definitions from class path resource [applicationContext.xml]
Oct 10, 2017 5:03:51 PM org.springframework.context.support.ClassPathXmlApplicationContext prepareRefresh
INFO: Refreshing org.springframework.context.support.ClassPathXmlApplicationContext@532b2ab1: startup date [Tue Oct 10 17:03:51 EDT 2017]; root of context hierarchy
Oct 10, 2017 5:03:51 PM org.springframework.beans.factory.xml.XmlBeanDefinitionReader loadBeanDefinitions
INFO: Loading XML bean definitions from class path resource [applicationContext.xml]
Oct 10, 2017 5:03:51 PM org.springframework.context.support.ClassPathXmlApplicationContext prepareRefresh
INFO: Refreshing org.springframework.context.support.ClassPathXmlApplicationContext@547b2a15: startup date [Tue Oct 10 17:03:51 EDT 2017]; root of context hierarchy
Oct 10, 2017 5:03:51 PM org.springframework.beans.factory.xml.XmlBeanDefinitionReader loadBeanDefinitions
INFO: Loading XML bean definitions from class path resource [applicationContext.xml]
Oct 10, 2017 5:03:51 PM org.springframework.context.support.ClassPathXmlApplicationContext prepareRefresh
INFO: Refreshing org.springframework.context.support.ClassPathXmlApplicationContext@21e034b9: startup date [Tue Oct 10 17:03:51 EDT 2017]; root of context hierarchy
Oct 10, 2017 5:03:51 PM org.springframework.beans.factory.xml.XmlBeanDefinitionReader loadBeanDefinitions
INFO: Loading XML bean definitions from class path resource [applicationContext.xml]
Oct 10, 2017 5:03:51 PM org.springframework.context.support.ClassPathXmlApplicationContext prepareRefresh
INFO: Refreshing org.springframework.context.support.ClassPathXmlApplicationContext@7c1f1573: startup date [Tue Oct 10 17:03:51 EDT 2017]; root of context hierarchy
Oct 10, 2017 5:03:51 PM org.springframework.beans.factory.xml.XmlBeanDefinitionReader loadBeanDefinitions
INFO: Loading XML bean definitions from class path resource [applicationContext.xml]
Oct 10, 2017 5:03:51 PM org.springframework.context.support.ClassPathXmlApplicationContext prepareRefresh
INFO: Refreshing org.springframework.context.support.ClassPathXmlApplicationContext@6766e339: startup date [Tue Oct 10 17:03:51 EDT 2017]; root of context hierarchy
Oct 10, 2017 5:03:51 PM org.springframework.beans.factory.xml.XmlBeanDefinitionReader loadBeanDefinitions
INFO: Loading XML bean definitions from class path resource [applicationContext.xml]
Oct 10, 2017 5:03:51 PM org.springframework.context.support.ClassPathXmlApplicationContext prepareRefresh
INFO: Refreshing org.springframework.context.support.ClassPathXmlApplicationContext@6ae4ff9: startup date [Tue Oct 10 17:03:51 EDT 2017]; root of context hierarchy
Oct 10, 2017 5:03:51 PM org.springframework.beans.factory.xml.XmlBeanDefinitionReader loadBeanDefinitions
INFO: Loading XML bean definitions from class path resource [applicationContext.xml]
Oct 10, 2017 5:03:51 PM org.springframework.context.support.ClassPathXmlApplicationContext prepareRefresh
INFO: Refreshing org.springframework.context.support.ClassPathXmlApplicationContext@6273ad13: startup date [Tue Oct 10 17:03:51 EDT 2017]; root of context hierarchy
Oct 10, 2017 5:03:51 PM org.springframework.beans.factory.xml.XmlBeanDefinitionReader loadBeanDefinitions
INFO: Loading XML bean definitions from class path resource [applicationContext.xml]
Oct 10, 2017 5:03:51 PM org.springframework.context.support.ClassPathXmlApplicationContext prepareRefresh
INFO: Refreshing org.springframework.context.support.ClassPathXmlApplicationContext@4bb1e76b: startup date [Tue Oct 10 17:03:51 EDT 2017]; root of context hierarchy
Oct 10, 2017 5:03:51 PM org.springframework.beans.factory.xml.XmlBeanDefinitionReader loadBeanDefinitions
INFO: Loading XML bean definitions from class path resource [applicationContext.xml]
Oct 10, 2017 5:03:51 PM org.springframework.context.support.ClassPathXmlApplicationContext prepareRefresh
INFO: Refreshing org.springframework.context.support.ClassPathXmlApplicationContext@7b1eda16: startup date [Tue Oct 10 17:03:51 EDT 2017]; root of context hierarchy
Oct 10, 2017 5:03:51 PM org.springframework.beans.factory.xml.XmlBeanDefinitionReader loadBeanDefinitions
INFO: Loading XML bean definitions from class path resource [applicationContext.xml]
Oct 10, 2017 5:03:51 PM org.springframework.context.support.ClassPathXmlApplicationContext prepareRefresh
INFO: Refreshing org.springframework.context.support.ClassPathXmlApplicationContext@5a77a18e: startup date [Tue Oct 10 17:03:51 EDT 2017]; root of context hierarchy
Oct 10, 2017 5:03:51 PM org.springframework.beans.factory.xml.XmlBeanDefinitionReader loadBeanDefinitions
INFO: Loading XML bean definitions from class path resource [applicationContext.xml]
Oct 10, 2017 5:03:51 PM org.springframework.context.support.ClassPathXmlApplicationContext prepareRefresh
INFO: Refreshing org.springframework.context.support.ClassPathXmlApplicationContext@60024657: startup date [Tue Oct 10 17:03:51 EDT 2017]; root of context hierarchy
Oct 10, 2017 5:03:51 PM org.springframework.beans.factory.xml.XmlBeanDefinitionReader loadBeanDefinitions
INFO: Loading XML bean definitions from class path resource [applicationContext.xml]
Oct 10, 2017 5:03:51 PM org.springframework.context.support.ClassPathXmlApplicationContext prepareRefresh
INFO: Refreshing org.springframework.context.support.ClassPathXmlApplicationContext@4636c5ca: startup date [Tue Oct 10 17:03:51 EDT 2017]; root of context hierarchy
Oct 10, 2017 5:03:51 PM org.springframework.beans.factory.xml.XmlBeanDefinitionReader loadBeanDefinitions
INFO: Loading XML bean definitions from class path resource [applicationContext.xml]
Oct 10, 2017 5:03:52 PM org.springframework.context.support.ClassPathXmlApplicationContext prepareRefresh
INFO: Refreshing org.springframework.context.support.ClassPathXmlApplicationContext@3797fdc0: startup date [Tue Oct 10 17:03:52 EDT 2017]; root of context hierarchy
Oct 10, 2017 5:03:52 PM org.springframework.beans.factory.xml.XmlBeanDefinitionReader loadBeanDefinitions
INFO: Loading XML bean definitions from class path resource [applicationContext.xml]
Oct 10, 2017 5:03:52 PM org.springframework.context.support.ClassPathXmlApplicationContext prepareRefresh
INFO: Refreshing org.springframework.context.support.ClassPathXmlApplicationContext@4b586627: startup date [Tue Oct 10 17:03:52 EDT 2017]; root of context hierarchy
Oct 10, 2017 5:03:52 PM org.springframework.beans.factory.xml.XmlBeanDefinitionReader loadBeanDefinitions
INFO: Loading XML bean definitions from class path resource [applicationContext.xml]
Oct 10, 2017 5:03:52 PM org.springframework.context.support.ClassPathXmlApplicationContext prepareRefresh
INFO: Refreshing org.springframework.context.support.ClassPathXmlApplicationContext@63a23b69: startup date [Tue Oct 10 17:03:52 EDT 2017]; root of context hierarchy
Oct 10, 2017 5:03:52 PM org.springframework.beans.factory.xml.XmlBeanDefinitionReader loadBeanDefinitions
INFO: Loading XML bean definitions from class path resource [applicationContext.xml]
Oct 10, 2017 5:03:52 PM org.springframework.context.support.ClassPathXmlApplicationContext prepareRefresh
INFO: Refreshing org.springframework.context.support.ClassPathXmlApplicationContext@7c4d880c: startup date [Tue Oct 10 17:03:52 EDT 2017]; root of context hierarchy
Oct 10, 2017 5:03:52 PM org.springframework.beans.factory.xml.XmlBeanDefinitionReader loadBeanDefinitions
INFO: Loading XML bean definitions from class path resource [applicationContext.xml]
Oct 10, 2017 5:03:52 PM org.springframework.context.support.ClassPathXmlApplicationContext prepareRefresh
INFO: Refreshing org.springframework.context.support.ClassPathXmlApplicationContext@120b75f: startup date [Tue Oct 10 17:03:52 EDT 2017]; root of context hierarchy
Oct 10, 2017 5:03:52 PM org.springframework.beans.factory.xml.XmlBeanDefinitionReader loadBeanDefinitions
INFO: Loading XML bean definitions from class path resource [applicationContext.xml]
Oct 10, 2017 5:03:52 PM org.springframework.context.support.ClassPathXmlApplicationContext prepareRefresh
INFO: Refreshing org.springframework.context.support.ClassPathXmlApplicationContext@6f5f2940: startup date [Tue Oct 10 17:03:52 EDT 2017]; root of context hierarchy
Oct 10, 2017 5:03:52 PM org.springframework.beans.factory.xml.XmlBeanDefinitionReader loadBeanDefinitions
INFO: Loading XML bean definitions from class path resource [applicationContext.xml]
Oct 10, 2017 5:03:52 PM org.springframework.context.support.ClassPathXmlApplicationContext prepareRefresh
INFO: Refreshing org.springframework.context.support.ClassPathXmlApplicationContext@78c32159: startup date [Tue Oct 10 17:03:52 EDT 2017]; root of context hierarchy
Oct 10, 2017 5:03:52 PM org.springframework.beans.factory.xml.XmlBeanDefinitionReader loadBeanDefinitions
INFO: Loading XML bean definitions from class path resource [applicationContext.xml]
Oct 10, 2017 5:03:52 PM org.springframework.context.support.ClassPathXmlApplicationContext prepareRefresh
INFO: Refreshing org.springframework.context.support.ClassPathXmlApplicationContext@7d5ee7f3: startup date [Tue Oct 10 17:03:52 EDT 2017]; root of context hierarchy
Oct 10, 2017 5:03:52 PM org.springframework.beans.factory.xml.XmlBeanDefinitionReader loadBeanDefinitions
INFO: Loading XML bean definitions from class path resource [applicationContext.xml]
Oct 10, 2017 5:03:52 PM org.springframework.context.support.ClassPathXmlApplicationContext prepareRefresh
INFO: Refreshing org.springframework.context.support.ClassPathXmlApplicationContext@6b434a89: startup date [Tue Oct 10 17:03:52 EDT 2017]; root of context hierarchy
Oct 10, 2017 5:03:52 PM org.springframework.beans.factory.xml.XmlBeanDefinitionReader loadBeanDefinitions
INFO: Loading XML bean definitions from class path resource [applicationContext.xml]
Oct 10, 2017 5:03:52 PM org.springframework.context.support.ClassPathXmlApplicationContext prepareRefresh
INFO: Refreshing org.springframework.context.support.ClassPathXmlApplicationContext@1703163e: startup date [Tue Oct 10 17:03:52 EDT 2017]; root of context hierarchy
Oct 10, 2017 5:03:52 PM org.springframework.beans.factory.xml.XmlBeanDefinitionReader loadBeanDefinitions
INFO: Loading XML bean definitions from class path resource [applicationContext.xml]
Oct 10, 2017 5:03:52 PM org.springframework.context.support.ClassPathXmlApplicationContext prepareRefresh
INFO: Refreshing org.springframework.context.support.ClassPathXmlApplicationContext@7baf822f: startup date [Tue Oct 10 17:03:52 EDT 2017]; root of context hierarchy
Oct 10, 2017 5:03:52 PM org.springframework.beans.factory.xml.XmlBeanDefinitionReader loadBeanDefinitions
INFO: Loading XML bean definitions from class path resource [applicationContext.xml]
Oct 10, 2017 5:03:52 PM org.springframework.context.support.ClassPathXmlApplicationContext prepareRefresh
INFO: Refreshing org.springframework.context.support.ClassPathXmlApplicationContext@1f847fdd: startup date [Tue Oct 10 17:03:52 EDT 2017]; root of context hierarchy
Oct 10, 2017 5:03:52 PM org.springframework.beans.factory.xml.XmlBeanDefinitionReader loadBeanDefinitions
INFO: Loading XML bean definitions from class path resource [applicationContext.xml]
Oct 10, 2017 5:03:52 PM org.springframework.context.support.ClassPathXmlApplicationContext prepareRefresh
INFO: Refreshing org.springframework.context.support.ClassPathXmlApplicationContext@288720d: startup date [Tue Oct 10 17:03:52 EDT 2017]; root of context hierarchy
Oct 10, 2017 5:03:52 PM org.springframework.beans.factory.xml.XmlBeanDefinitionReader loadBeanDefinitions
INFO: Loading XML bean definitions from class path resource [applicationContext.xml]
Oct 10, 2017 5:03:52 PM org.springframework.context.support.ClassPathXmlApplicationContext prepareRefresh
INFO: Refreshing org.springframework.context.support.ClassPathXmlApplicationContext@200438bc: startup date [Tue Oct 10 17:03:52 EDT 2017]; root of context hierarchy
Oct 10, 2017 5:03:52 PM org.springframework.beans.factory.xml.XmlBeanDefinitionReader loadBeanDefinitions
INFO: Loading XML bean definitions from class path resource [applicationContext.xml]
Oct 10, 2017 5:03:52 PM org.springframework.context.support.ClassPathXmlApplicationContext prepareRefresh
INFO: Refreshing org.springframework.context.support.ClassPathXmlApplicationContext@23b79f0e: startup date [Tue Oct 10 17:03:52 EDT 2017]; root of context hierarchy
Oct 10, 2017 5:03:52 PM org.springframework.beans.factory.xml.XmlBeanDefinitionReader loadBeanDefinitions
INFO: Loading XML bean definitions from class path resource [applicationContext.xml]
Oct 10, 2017 5:03:52 PM org.springframework.context.support.ClassPathXmlApplicationContext prepareRefresh
INFO: Refreshing org.springframework.context.support.ClassPathXmlApplicationContext@4853ca02: startup date [Tue Oct 10 17:03:52 EDT 2017]; root of context hierarchy
Oct 10, 2017 5:03:52 PM org.springframework.beans.factory.xml.XmlBeanDefinitionReader loadBeanDefinitions
INFO: Loading XML bean definitions from class path resource [applicationContext.xml]
Oct 10, 2017 5:03:52 PM org.springframework.context.support.ClassPathXmlApplicationContext prepareRefresh
INFO: Refreshing org.springframework.context.support.ClassPathXmlApplicationContext@4c3fe600: startup date [Tue Oct 10 17:03:52 EDT 2017]; root of context hierarchy
Oct 10, 2017 5:03:52 PM org.springframework.beans.factory.xml.XmlBeanDefinitionReader loadBeanDefinitions
INFO: Loading XML bean definitions from class path resource [applicationContext.xml]
Oct 10, 2017 5:03:52 PM org.springframework.context.support.ClassPathXmlApplicationContext prepareRefresh
INFO: Refreshing org.springframework.context.support.ClassPathXmlApplicationContext@7748647: startup date [Tue Oct 10 17:03:52 EDT 2017]; root of context hierarchy
Oct 10, 2017 5:03:52 PM org.springframework.beans.factory.xml.XmlBeanDefinitionReader loadBeanDefinitions
INFO: Loading XML bean definitions from class path resource [applicationContext.xml]
Oct 10, 2017 5:03:52 PM org.springframework.context.support.ClassPathXmlApplicationContext prepareRefresh
INFO: Refreshing org.springframework.context.support.ClassPathXmlApplicationContext@4231a0ce: startup date [Tue Oct 10 17:03:52 EDT 2017]; root of context hierarchy
Oct 10, 2017 5:03:52 PM org.springframework.beans.factory.xml.XmlBeanDefinitionReader loadBeanDefinitions
INFO: Loading XML bean definitions from class path resource [applicationContext.xml]
Oct 10, 2017 5:03:52 PM org.springframework.context.support.ClassPathXmlApplicationContext prepareRefresh
INFO: Refreshing org.springframework.context.support.ClassPathXmlApplicationContext@a7636b: startup date [Tue Oct 10 17:03:52 EDT 2017]; root of context hierarchy
Oct 10, 2017 5:03:52 PM org.springframework.beans.factory.xml.XmlBeanDefinitionReader loadBeanDefinitions
INFO: Loading XML bean definitions from class path resource [applicationContext.xml]
Oct 10, 2017 5:03:52 PM org.springframework.context.support.ClassPathXmlApplicationContext prepareRefresh
INFO: Refreshing org.springframework.context.support.ClassPathXmlApplicationContext@52ba20db: startup date [Tue Oct 10 17:03:52 EDT 2017]; root of context hierarchy
Oct 10, 2017 5:03:52 PM org.springframework.beans.factory.xml.XmlBeanDefinitionReader loadBeanDefinitions
INFO: Loading XML bean definitions from class path resource [applicationContext.xml]
Oct 10, 2017 5:03:52 PM org.springframework.context.support.ClassPathXmlApplicationContext prepareRefresh
INFO: Refreshing org.springframework.context.support.ClassPathXmlApplicationContext@727f21a2: startup date [Tue Oct 10 17:03:52 EDT 2017]; root of context hierarchy
Oct 10, 2017 5:03:52 PM org.springframework.beans.factory.xml.XmlBeanDefinitionReader loadBeanDefinitions
INFO: Loading XML bean definitions from class path resource [applicationContext.xml]
Oct 10, 2017 5:03:52 PM org.springframework.context.support.ClassPathXmlApplicationContext prepareRefresh
INFO: Refreshing org.springframework.context.support.ClassPathXmlApplicationContext@5480364b: startup date [Tue Oct 10 17:03:52 EDT 2017]; root of context hierarchy
Oct 10, 2017 5:03:52 PM org.springframework.beans.factory.xml.XmlBeanDefinitionReader loadBeanDefinitions
INFO: Loading XML bean definitions from class path resource [applicationContext.xml]
Oct 10, 2017 5:03:52 PM org.springframework.context.support.ClassPathXmlApplicationContext prepareRefresh
INFO: Refreshing org.springframework.context.support.ClassPathXmlApplicationContext@b4ec106: startup date [Tue Oct 10 17:03:52 EDT 2017]; root of context hierarchy
Oct 10, 2017 5:03:52 PM org.springframework.beans.factory.xml.XmlBeanDefinitionReader loadBeanDefinitions
INFO: Loading XML bean definitions from class path resource [applicationContext.xml]
Oct 10, 2017 5:03:52 PM org.springframework.context.support.ClassPathXmlApplicationContext prepareRefresh
INFO: Refreshing org.springframework.context.support.ClassPathXmlApplicationContext@1666bed3: startup date [Tue Oct 10 17:03:52 EDT 2017]; root of context hierarchy
Oct 10, 2017 5:03:52 PM org.springframework.beans.factory.xml.XmlBeanDefinitionReader loadBeanDefinitions
INFO: Loading XML bean definitions from class path resource [applicationContext.xml]
Oct 10, 2017 5:03:52 PM org.springframework.context.support.ClassPathXmlApplicationContext prepareRefresh
INFO: Refreshing org.springframework.context.support.ClassPathXmlApplicationContext@65449c35: startup date [Tue Oct 10 17:03:52 EDT 2017]; root of context hierarchy
Oct 10, 2017 5:03:52 PM org.springframework.beans.factory.xml.XmlBeanDefinitionReader loadBeanDefinitions
INFO: Loading XML bean definitions from class path resource [applicationContext.xml]
Oct 10, 2017 5:03:52 PM org.springframework.context.support.ClassPathXmlApplicationContext prepareRefresh
INFO: Refreshing org.springframework.context.support.ClassPathXmlApplicationContext@f727b66: startup date [Tue Oct 10 17:03:52 EDT 2017]; root of context hierarchy
Oct 10, 2017 5:03:52 PM org.springframework.beans.factory.xml.XmlBeanDefinitionReader loadBeanDefinitions
INFO: Loading XML bean definitions from class path resource [applicationContext.xml]
Oct 10, 2017 5:03:52 PM org.springframework.context.support.ClassPathXmlApplicationContext prepareRefresh
INFO: Refreshing org.springframework.context.support.ClassPathXmlApplicationContext@50ea5c9d: startup date [Tue Oct 10 17:03:52 EDT 2017]; root of context hierarchy
Oct 10, 2017 5:03:52 PM org.springframework.beans.factory.xml.XmlBeanDefinitionReader loadBeanDefinitions
INFO: Loading XML bean definitions from class path resource [applicationContext.xml]
Oct 10, 2017 5:03:52 PM org.springframework.context.support.ClassPathXmlApplicationContext prepareRefresh
INFO: Refreshing org.springframework.context.support.ClassPathXmlApplicationContext@7e3f65f7: startup date [Tue Oct 10 17:03:52 EDT 2017]; root of context hierarchy
Oct 10, 2017 5:03:52 PM org.springframework.beans.factory.xml.XmlBeanDefinitionReader loadBeanDefinitions
INFO: Loading XML bean definitions from class path resource [applicationContext.xml]
Oct 10, 2017 5:03:52 PM org.springframework.context.support.ClassPathXmlApplicationContext prepareRefresh
INFO: Refreshing org.springframework.context.support.ClassPathXmlApplicationContext@2fbbc5ab: startup date [Tue Oct 10 17:03:52 EDT 2017]; root of context hierarchy
Oct 10, 2017 5:03:52 PM org.springframework.beans.factory.xml.XmlBeanDefinitionReader loadBeanDefinitions
INFO: Loading XML bean definitions from class path resource [applicationContext.xml]
Oct 10, 2017 5:03:52 PM org.springframework.context.support.ClassPathXmlApplicationContext prepareRefresh
INFO: Refreshing org.springframework.context.support.ClassPathXmlApplicationContext@5f8a134b: startup date [Tue Oct 10 17:03:52 EDT 2017]; root of context hierarchy
Oct 10, 2017 5:03:52 PM org.springframework.beans.factory.xml.XmlBeanDefinitionReader loadBeanDefinitions
INFO: Loading XML bean definitions from class path resource [applicationContext.xml]
Oct 10, 2017 5:03:52 PM org.springframework.context.support.ClassPathXmlApplicationContext prepareRefresh
INFO: Refreshing org.springframework.context.support.ClassPathXmlApplicationContext@732bcde3: startup date [Tue Oct 10 17:03:52 EDT 2017]; root of context hierarchy
Oct 10, 2017 5:03:52 PM org.springframework.beans.factory.xml.XmlBeanDefinitionReader loadBeanDefinitions
INFO: Loading XML bean definitions from class path resource [applicationContext.xml]
Oct 10, 2017 5:03:52 PM org.springframework.context.support.ClassPathXmlApplicationContext prepareRefresh
INFO: Refreshing org.springframework.context.support.ClassPathXmlApplicationContext@5d629649: startup date [Tue Oct 10 17:03:52 EDT 2017]; root of context hierarchy
Oct 10, 2017 5:03:52 PM org.springframework.beans.factory.xml.XmlBeanDefinitionReader loadBeanDefinitions
INFO: Loading XML bean definitions from class path resource [applicationContext.xml]
Oct 10, 2017 5:03:52 PM org.springframework.context.support.ClassPathXmlApplicationContext prepareRefresh
INFO: Refreshing org.springframework.context.support.ClassPathXmlApplicationContext@7d890af6: startup date [Tue Oct 10 17:03:52 EDT 2017]; root of context hierarchy
Oct 10, 2017 5:03:52 PM org.springframework.beans.factory.xml.XmlBeanDefinitionReader loadBeanDefinitions
INFO: Loading XML bean definitions from class path resource [applicationContext.xml]
Oct 10, 2017 5:03:52 PM org.springframework.context.support.ClassPathXmlApplicationContext prepareRefresh
INFO: Refreshing org.springframework.context.support.ClassPathXmlApplicationContext@1dfd8f40: startup date [Tue Oct 10 17:03:52 EDT 2017]; root of context hierarchy
Oct 10, 2017 5:03:52 PM org.springframework.beans.factory.xml.XmlBeanDefinitionReader loadBeanDefinitions
INFO: Loading XML bean definitions from class path resource [applicationContext.xml]
Oct 10, 2017 5:03:52 PM org.springframework.context.support.ClassPathXmlApplicationContext prepareRefresh
INFO: Refreshing org.springframework.context.support.ClassPathXmlApplicationContext@6b852205: startup date [Tue Oct 10 17:03:52 EDT 2017]; root of context hierarchy
Oct 10, 2017 5:03:52 PM org.springframework.beans.factory.xml.XmlBeanDefinitionReader loadBeanDefinitions
INFO: Loading XML bean definitions from class path resource [applicationContext.xml]
Oct 10, 2017 5:03:52 PM org.springframework.context.support.ClassPathXmlApplicationContext prepareRefresh
INFO: Refreshing org.springframework.context.support.ClassPathXmlApplicationContext@2ce20706: startup date [Tue Oct 10 17:03:52 EDT 2017]; root of context hierarchy
Oct 10, 2017 5:03:52 PM org.springframework.beans.factory.xml.XmlBeanDefinitionReader loadBeanDefinitions
INFO: Loading XML bean definitions from class path resource [applicationContext.xml]
Oct 10, 2017 5:03:52 PM org.springframework.context.support.ClassPathXmlApplicationContext prepareRefresh
INFO: Refreshing org.springframework.context.support.ClassPathXmlApplicationContext@19a0775d: startup date [Tue Oct 10 17:03:52 EDT 2017]; root of context hierarchy
Oct 10, 2017 5:03:52 PM org.springframework.beans.factory.xml.XmlBeanDefinitionReader loadBeanDefinitions
INFO: Loading XML bean definitions from class path resource [applicationContext.xml]
Oct 10, 2017 5:03:52 PM org.springframework.context.support.ClassPathXmlApplicationContext prepareRefresh
INFO: Refreshing org.springframework.context.support.ClassPathXmlApplicationContext@7c4bd69f: startup date [Tue Oct 10 17:03:52 EDT 2017]; root of context hierarchy
Oct 10, 2017 5:03:52 PM org.springframework.beans.factory.xml.XmlBeanDefinitionReader loadBeanDefinitions
INFO: Loading XML bean definitions from class path resource [applicationContext.xml]
Oct 10, 2017 5:03:52 PM org.springframework.context.support.ClassPathXmlApplicationContext prepareRefresh
INFO: Refreshing org.springframework.context.support.ClassPathXmlApplicationContext@19012975: startup date [Tue Oct 10 17:03:52 EDT 2017]; root of context hierarchy
Oct 10, 2017 5:03:52 PM org.springframework.beans.factory.xml.XmlBeanDefinitionReader loadBeanDefinitions
INFO: Loading XML bean definitions from class path resource [applicationContext.xml]
Oct 10, 2017 5:03:52 PM org.springframework.context.support.ClassPathXmlApplicationContext prepareRefresh
INFO: Refreshing org.springframework.context.support.ClassPathXmlApplicationContext@35446552: startup date [Tue Oct 10 17:03:52 EDT 2017]; root of context hierarchy
Oct 10, 2017 5:03:52 PM org.springframework.beans.factory.xml.XmlBeanDefinitionReader loadBeanDefinitions
INFO: Loading XML bean definitions from class path resource [applicationContext.xml]
Oct 10, 2017 5:03:52 PM org.springframework.context.support.ClassPathXmlApplicationContext prepareRefresh
INFO: Refreshing org.springframework.context.support.ClassPathXmlApplicationContext@6592089f: startup date [Tue Oct 10 17:03:52 EDT 2017]; root of context hierarchy
Oct 10, 2017 5:03:52 PM org.springframework.beans.factory.xml.XmlBeanDefinitionReader loadBeanDefinitions
INFO: Loading XML bean definitions from class path resource [applicationContext.xml]
Oct 10, 2017 5:03:52 PM org.springframework.context.support.ClassPathXmlApplicationContext prepareRefresh
INFO: Refreshing org.springframework.context.support.ClassPathXmlApplicationContext@309498cb: startup date [Tue Oct 10 17:03:52 EDT 2017]; root of context hierarchy
Oct 10, 2017 5:03:52 PM org.springframework.beans.factory.xml.XmlBeanDefinitionReader loadBeanDefinitions
INFO: Loading XML bean definitions from class path resource [applicationContext.xml]
Oct 10, 2017 5:03:52 PM org.springframework.context.support.ClassPathXmlApplicationContext prepareRefresh
INFO: Refreshing org.springframework.context.support.ClassPathXmlApplicationContext@6fe29c39: startup date [Tue Oct 10 17:03:52 EDT 2017]; root of context hierarchy
Oct 10, 2017 5:03:52 PM org.springframework.beans.factory.xml.XmlBeanDefinitionReader loadBeanDefinitions
INFO: Loading XML bean definitions from class path resource [applicationContext.xml]
Oct 10, 2017 5:03:52 PM org.springframework.context.support.ClassPathXmlApplicationContext prepareRefresh
INFO: Refreshing org.springframework.context.support.ClassPathXmlApplicationContext@39f88464: startup date [Tue Oct 10 17:03:52 EDT 2017]; root of context hierarchy
Oct 10, 2017 5:03:52 PM org.springframework.beans.factory.xml.XmlBeanDefinitionReader loadBeanDefinitions
INFO: Loading XML bean definitions from class path resource [applicationContext.xml]
Oct 10, 2017 5:03:52 PM org.springframework.context.support.ClassPathXmlApplicationContext prepareRefresh
INFO: Refreshing org.springframework.context.support.ClassPathXmlApplicationContext@6744a208: startup date [Tue Oct 10 17:03:52 EDT 2017]; root of context hierarchy
Oct 10, 2017 5:03:52 PM org.springframework.beans.factory.xml.XmlBeanDefinitionReader loadBeanDefinitions
INFO: Loading XML bean definitions from class path resource [applicationContext.xml]
Oct 10, 2017 5:03:52 PM org.springframework.context.support.ClassPathXmlApplicationContext prepareRefresh
INFO: Refreshing org.springframework.context.support.ClassPathXmlApplicationContext@5efa36bc: startup date [Tue Oct 10 17:03:52 EDT 2017]; root of context hierarchy
Oct 10, 2017 5:03:52 PM org.springframework.beans.factory.xml.XmlBeanDefinitionReader loadBeanDefinitions
INFO: Loading XML bean definitions from class path resource [applicationContext.xml]
Oct 10, 2017 5:03:52 PM org.springframework.context.support.ClassPathXmlApplicationContext prepareRefresh
INFO: Refreshing org.springframework.context.support.ClassPathXmlApplicationContext@d38e88: startup date [Tue Oct 10 17:03:52 EDT 2017]; root of context hierarchy
Oct 10, 2017 5:03:52 PM org.springframework.beans.factory.xml.XmlBeanDefinitionReader loadBeanDefinitions
INFO: Loading XML bean definitions from class path resource [applicationContext.xml]
Oct 10, 2017 5:03:52 PM org.springframework.context.support.ClassPathXmlApplicationContext prepareRefresh
INFO: Refreshing org.springframework.context.support.ClassPathXmlApplicationContext@7789db56: startup date [Tue Oct 10 17:03:52 EDT 2017]; root of context hierarchy
Oct 10, 2017 5:03:52 PM org.springframework.beans.factory.xml.XmlBeanDefinitionReader loadBeanDefinitions
INFO: Loading XML bean definitions from class path resource [applicationContext.xml]
Oct 10, 2017 5:03:52 PM org.springframework.context.support.ClassPathXmlApplicationContext prepareRefresh
INFO: Refreshing org.springframework.context.support.ClassPathXmlApplicationContext@20c4d364: startup date [Tue Oct 10 17:03:52 EDT 2017]; root of context hierarchy
Oct 10, 2017 5:03:52 PM org.springframework.beans.factory.xml.XmlBeanDefinitionReader loadBeanDefinitions
INFO: Loading XML bean definitions from class path resource [applicationContext.xml]
Oct 10, 2017 5:03:52 PM org.springframework.context.support.ClassPathXmlApplicationContext prepareRefresh
INFO: Refreshing org.springframework.context.support.ClassPathXmlApplicationContext@287d8406: startup date [Tue Oct 10 17:03:52 EDT 2017]; root of context hierarchy
Oct 10, 2017 5:03:52 PM org.springframework.beans.factory.xml.XmlBeanDefinitionReader loadBeanDefinitions
INFO: Loading XML bean definitions from class path resource [applicationContext.xml]
Oct 10, 2017 5:03:52 PM org.springframework.context.support.ClassPathXmlApplicationContext prepareRefresh
INFO: Refreshing org.springframework.context.support.ClassPathXmlApplicationContext@562882f1: startup date [Tue Oct 10 17:03:52 EDT 2017]; root of context hierarchy
Oct 10, 2017 5:03:52 PM org.springframework.beans.factory.xml.XmlBeanDefinitionReader loadBeanDefinitions
INFO: Loading XML bean definitions from class path resource [applicationContext.xml]
Oct 10, 2017 5:03:52 PM org.springframework.context.support.ClassPathXmlApplicationContext prepareRefresh
INFO: Refreshing org.springframework.context.support.ClassPathXmlApplicationContext@7d07dc5e: startup date [Tue Oct 10 17:03:52 EDT 2017]; root of context hierarchy
Oct 10, 2017 5:03:52 PM org.springframework.beans.factory.xml.XmlBeanDefinitionReader loadBeanDefinitions
INFO: Loading XML bean definitions from class path resource [applicationContext.xml]
Oct 10, 2017 5:03:52 PM org.springframework.context.support.ClassPathXmlApplicationContext prepareRefresh
INFO: Refreshing org.springframework.context.support.ClassPathXmlApplicationContext@3ebce50e: startup date [Tue Oct 10 17:03:52 EDT 2017]; root of context hierarchy
Oct 10, 2017 5:03:52 PM org.springframework.beans.factory.xml.XmlBeanDefinitionReader loadBeanDefinitions
INFO: Loading XML bean definitions from class path resource [applicationContext.xml]
Oct 10, 2017 5:03:52 PM org.springframework.context.support.ClassPathXmlApplicationContext prepareRefresh
INFO: Refreshing org.springframework.context.support.ClassPathXmlApplicationContext@382b7b62: startup date [Tue Oct 10 17:03:52 EDT 2017]; root of context hierarchy
Oct 10, 2017 5:03:52 PM org.springframework.beans.factory.xml.XmlBeanDefinitionReader loadBeanDefinitions
INFO: Loading XML bean definitions from class path resource [applicationContext.xml]
Oct 10, 2017 5:03:52 PM org.springframework.context.support.ClassPathXmlApplicationContext prepareRefresh
INFO: Refreshing org.springframework.context.support.ClassPathXmlApplicationContext@43271cf: startup date [Tue Oct 10 17:03:52 EDT 2017]; root of context hierarchy
Oct 10, 2017 5:03:52 PM org.springframework.beans.factory.xml.XmlBeanDefinitionReader loadBeanDefinitions
INFO: Loading XML bean definitions from class path resource [applicationContext.xml]
Oct 10, 2017 5:03:52 PM org.springframework.context.support.ClassPathXmlApplicationContext prepareRefresh
INFO: Refreshing org.springframework.context.support.ClassPathXmlApplicationContext@3e6a2833: startup date [Tue Oct 10 17:03:52 EDT 2017]; root of context hierarchy
Oct 10, 2017 5:03:52 PM org.springframework.beans.factory.xml.XmlBeanDefinitionReader loadBeanDefinitions
INFO: Loading XML bean definitions from class path resource [applicationContext.xml]
Oct 10, 2017 5:03:52 PM org.springframework.context.support.ClassPathXmlApplicationContext prepareRefresh
INFO: Refreshing org.springframework.context.support.ClassPathXmlApplicationContext@32f8b3b0: startup date [Tue Oct 10 17:03:52 EDT 2017]; root of context hierarchy
Oct 10, 2017 5:03:52 PM org.springframework.beans.factory.xml.XmlBeanDefinitionReader loadBeanDefinitions
INFO: Loading XML bean definitions from class path resource [applicationContext.xml]
Oct 10, 2017 5:03:52 PM org.springframework.context.support.ClassPathXmlApplicationContext prepareRefresh
INFO: Refreshing org.springframework.context.support.ClassPathXmlApplicationContext@16ac3280: startup date [Tue Oct 10 17:03:52 EDT 2017]; root of context hierarchy
Oct 10, 2017 5:03:52 PM org.springframework.beans.factory.xml.XmlBeanDefinitionReader loadBeanDefinitions
INFO: Loading XML bean definitions from class path resource [applicationContext.xml]
Oct 10, 2017 5:03:52 PM org.springframework.context.support.ClassPathXmlApplicationContext prepareRefresh
INFO: Refreshing org.springframework.context.support.ClassPathXmlApplicationContext@58b0f38: startup date [Tue Oct 10 17:03:52 EDT 2017]; root of context hierarchy
Oct 10, 2017 5:03:52 PM org.springframework.beans.factory.xml.XmlBeanDefinitionReader loadBeanDefinitions
INFO: Loading XML bean definitions from class path resource [applicationContext.xml]
Oct 10, 2017 5:03:52 PM org.springframework.context.support.ClassPathXmlApplicationContext prepareRefresh
INFO: Refreshing org.springframework.context.support.ClassPathXmlApplicationContext@7c714e24: startup date [Tue Oct 10 17:03:52 EDT 2017]; root of context hierarchy
Oct 10, 2017 5:03:52 PM org.springframework.beans.factory.xml.XmlBeanDefinitionReader loadBeanDefinitions
INFO: Loading XML bean definitions from class path resource [applicationContext.xml]
Oct 10, 2017 5:03:52 PM org.springframework.context.support.ClassPathXmlApplicationContext prepareRefresh
INFO: Refreshing org.springframework.context.support.ClassPathXmlApplicationContext@6ab2f5fa: startup date [Tue Oct 10 17:03:52 EDT 2017]; root of context hierarchy
Oct 10, 2017 5:03:52 PM org.springframework.beans.factory.xml.XmlBeanDefinitionReader loadBeanDefinitions
INFO: Loading XML bean definitions from class path resource [applicationContext.xml]
Oct 10, 2017 5:03:52 PM org.springframework.context.support.ClassPathXmlApplicationContext prepareRefresh
INFO: Refreshing org.springframework.context.support.ClassPathXmlApplicationContext@e76547e: startup date [Tue Oct 10 17:03:52 EDT 2017]; root of context hierarchy
Oct 10, 2017 5:03:52 PM org.springframework.beans.factory.xml.XmlBeanDefinitionReader loadBeanDefinitions
INFO: Loading XML bean definitions from class path resource [applicationContext.xml]
Oct 10, 2017 5:03:52 PM org.springframework.context.support.ClassPathXmlApplicationContext prepareRefresh
INFO: Refreshing org.springframework.context.support.ClassPathXmlApplicationContext@670df6e: startup date [Tue Oct 10 17:03:52 EDT 2017]; root of context hierarchy
Oct 10, 2017 5:03:52 PM org.springframework.beans.factory.xml.XmlBeanDefinitionReader loadBeanDefinitions
INFO: Loading XML bean definitions from class path resource [applicationContext.xml]
Oct 10, 2017 5:03:52 PM org.springframework.context.support.ClassPathXmlApplicationContext prepareRefresh
INFO: Refreshing org.springframework.context.support.ClassPathXmlApplicationContext@126f9b3b: startup date [Tue Oct 10 17:03:52 EDT 2017]; root of context hierarchy
Oct 10, 2017 5:03:52 PM org.springframework.beans.factory.xml.XmlBeanDefinitionReader loadBeanDefinitions
INFO: Loading XML bean definitions from class path resource [applicationContext.xml]
Oct 10, 2017 5:03:52 PM org.springframework.context.support.ClassPathXmlApplicationContext prepareRefresh
INFO: Refreshing org.springframework.context.support.ClassPathXmlApplicationContext@744a94a6: startup date [Tue Oct 10 17:03:52 EDT 2017]; root of context hierarchy
Oct 10, 2017 5:03:52 PM org.springframework.beans.factory.xml.XmlBeanDefinitionReader loadBeanDefinitions
INFO: Loading XML bean definitions from class path resource [applicationContext.xml]
Oct 10, 2017 5:03:52 PM org.springframework.context.support.ClassPathXmlApplicationContext prepareRefresh
INFO: Refreshing org.springframework.context.support.ClassPathXmlApplicationContext@63a50f6d: startup date [Tue Oct 10 17:03:52 EDT 2017]; root of context hierarchy
Oct 10, 2017 5:03:52 PM org.springframework.beans.factory.xml.XmlBeanDefinitionReader loadBeanDefinitions
INFO: Loading XML bean definitions from class path resource [applicationContext.xml]
Oct 10, 2017 5:03:52 PM org.springframework.context.support.ClassPathXmlApplicationContext prepareRefresh
INFO: Refreshing org.springframework.context.support.ClassPathXmlApplicationContext@ed0f889: startup date [Tue Oct 10 17:03:52 EDT 2017]; root of context hierarchy
Oct 10, 2017 5:03:52 PM org.springframework.beans.factory.xml.XmlBeanDefinitionReader loadBeanDefinitions
INFO: Loading XML bean definitions from class path resource [applicationContext.xml]
Oct 10, 2017 5:03:52 PM org.springframework.context.support.ClassPathXmlApplicationContext prepareRefresh
INFO: Refreshing org.springframework.context.support.ClassPathXmlApplicationContext@1c1fecbc: startup date [Tue Oct 10 17:03:52 EDT 2017]; root of context hierarchy
Oct 10, 2017 5:03:52 PM org.springframework.beans.factory.xml.XmlBeanDefinitionReader loadBeanDefinitions
INFO: Loading XML bean definitions from class path resource [applicationContext.xml]
Oct 10, 2017 5:03:52 PM org.springframework.context.support.ClassPathXmlApplicationContext prepareRefresh
INFO: Refreshing org.springframework.context.support.ClassPathXmlApplicationContext@27c2adb0: startup date [Tue Oct 10 17:03:52 EDT 2017]; root of context hierarchy
Oct 10, 2017 5:03:52 PM org.springframework.beans.factory.xml.XmlBeanDefinitionReader loadBeanDefinitions
INFO: Loading XML bean definitions from class path resource [applicationContext.xml]
Oct 10, 2017 5:03:52 PM org.springframework.context.support.ClassPathXmlApplicationContext prepareRefresh
INFO: Refreshing org.springframework.context.support.ClassPathXmlApplicationContext@6eafc58e: startup date [Tue Oct 10 17:03:52 EDT 2017]; root of context hierarchy
Oct 10, 2017 5:03:52 PM org.springframework.beans.factory.xml.XmlBeanDefinitionReader loadBeanDefinitions
INFO: Loading XML bean definitions from class path resource [applicationContext.xml]
Oct 10, 2017 5:03:52 PM org.springframework.context.support.ClassPathXmlApplicationContext prepareRefresh
INFO: Refreshing org.springframework.context.support.ClassPathXmlApplicationContext@3e8862e6: startup date [Tue Oct 10 17:03:52 EDT 2017]; root of context hierarchy
Oct 10, 2017 5:03:52 PM org.springframework.beans.factory.xml.XmlBeanDefinitionReader loadBeanDefinitions
INFO: Loading XML bean definitions from class path resource [applicationContext.xml]
Oct 10, 2017 5:03:52 PM org.springframework.context.support.ClassPathXmlApplicationContext prepareRefresh
INFO: Refreshing org.springframework.context.support.ClassPathXmlApplicationContext@634e6e5e: startup date [Tue Oct 10 17:03:52 EDT 2017]; root of context hierarchy
Oct 10, 2017 5:03:52 PM org.springframework.beans.factory.xml.XmlBeanDefinitionReader loadBeanDefinitions
INFO: Loading XML bean definitions from class path resource [applicationContext.xml]
Oct 10, 2017 5:03:52 PM org.springframework.context.support.ClassPathXmlApplicationContext prepareRefresh
INFO: Refreshing org.springframework.context.support.ClassPathXmlApplicationContext@6bbb47ec: startup date [Tue Oct 10 17:03:52 EDT 2017]; root of context hierarchy
Oct 10, 2017 5:03:52 PM org.springframework.beans.factory.xml.XmlBeanDefinitionReader loadBeanDefinitions
INFO: Loading XML bean definitions from class path resource [applicationContext.xml]
Oct 10, 2017 5:03:52 PM org.springframework.context.support.ClassPathXmlApplicationContext prepareRefresh
INFO: Refreshing org.springframework.context.support.ClassPathXmlApplicationContext@10306db0: startup date [Tue Oct 10 17:03:52 EDT 2017]; root of context hierarchy
Oct 10, 2017 5:03:52 PM org.springframework.beans.factory.xml.XmlBeanDefinitionReader loadBeanDefinitions
INFO: Loading XML bean definitions from class path resource [applicationContext.xml]
Oct 10, 2017 5:03:52 PM org.springframework.context.support.ClassPathXmlApplicationContext prepareRefresh
INFO: Refreshing org.springframework.context.support.ClassPathXmlApplicationContext@1e0ef2e: startup date [Tue Oct 10 17:03:52 EDT 2017]; root of context hierarchy
Oct 10, 2017 5:03:52 PM org.springframework.beans.factory.xml.XmlBeanDefinitionReader loadBeanDefinitions
INFO: Loading XML bean definitions from class path resource [applicationContext.xml]
Oct 10, 2017 5:03:52 PM org.springframework.context.support.ClassPathXmlApplicationContext prepareRefresh
INFO: Refreshing org.springframework.context.support.ClassPathXmlApplicationContext@1c1901eb: startup date [Tue Oct 10 17:03:52 EDT 2017]; root of context hierarchy
Oct 10, 2017 5:03:52 PM org.springframework.beans.factory.xml.XmlBeanDefinitionReader loadBeanDefinitions
INFO: Loading XML bean definitions from class path resource [applicationContext.xml]
Oct 10, 2017 5:03:52 PM org.springframework.context.support.ClassPathXmlApplicationContext prepareRefresh
INFO: Refreshing org.springframework.context.support.ClassPathXmlApplicationContext@3b00065d: startup date [Tue Oct 10 17:03:52 EDT 2017]; root of context hierarchy
Oct 10, 2017 5:03:52 PM org.springframework.beans.factory.xml.XmlBeanDefinitionReader loadBeanDefinitions
INFO: Loading XML bean definitions from class path resource [applicationContext.xml]
Oct 10, 2017 5:03:52 PM org.springframework.context.support.ClassPathXmlApplicationContext prepareRefresh
INFO: Refreshing org.springframework.context.support.ClassPathXmlApplicationContext@50b5548f: startup date [Tue Oct 10 17:03:52 EDT 2017]; root of context hierarchy
Oct 10, 2017 5:03:52 PM org.springframework.beans.factory.xml.XmlBeanDefinitionReader loadBeanDefinitions
INFO: Loading XML bean definitions from class path resource [applicationContext.xml]
Oct 10, 2017 5:03:52 PM org.springframework.context.support.ClassPathXmlApplicationContext prepareRefresh
INFO: Refreshing org.springframework.context.support.ClassPathXmlApplicationContext@5b787d26: startup date [Tue Oct 10 17:03:52 EDT 2017]; root of context hierarchy
Oct 10, 2017 5:03:52 PM org.springframework.beans.factory.xml.XmlBeanDefinitionReader loadBeanDefinitions
INFO: Loading XML bean definitions from class path resource [applicationContext.xml]
Oct 10, 2017 5:03:52 PM org.springframework.context.support.ClassPathXmlApplicationContext prepareRefresh
INFO: Refreshing org.springframework.context.support.ClassPathXmlApplicationContext@4db34379: startup date [Tue Oct 10 17:03:52 EDT 2017]; root of context hierarchy
Oct 10, 2017 5:03:52 PM org.springframework.beans.factory.xml.XmlBeanDefinitionReader loadBeanDefinitions
INFO: Loading XML bean definitions from class path resource [applicationContext.xml]
Oct 10, 2017 5:03:52 PM org.springframework.context.support.ClassPathXmlApplicationContext prepareRefresh
INFO: Refreshing org.springframework.context.support.ClassPathXmlApplicationContext@7782c292: startup date [Tue Oct 10 17:03:52 EDT 2017]; root of context hierarchy
Oct 10, 2017 5:03:52 PM org.springframework.beans.factory.xml.XmlBeanDefinitionReader loadBeanDefinitions
INFO: Loading XML bean definitions from class path resource [applicationContext.xml]
Oct 10, 2017 5:03:53 PM org.springframework.context.support.ClassPathXmlApplicationContext prepareRefresh
INFO: Refreshing org.springframework.context.support.ClassPathXmlApplicationContext@299ddcf4: startup date [Tue Oct 10 17:03:53 EDT 2017]; root of context hierarchy
Oct 10, 2017 5:03:53 PM org.springframework.beans.factory.xml.XmlBeanDefinitionReader loadBeanDefinitions
INFO: Loading XML bean definitions from class path resource [applicationContext.xml]
Oct 10, 2017 5:03:53 PM org.springframework.context.support.ClassPathXmlApplicationContext prepareRefresh
INFO: Refreshing org.springframework.context.support.ClassPathXmlApplicationContext@6fbcf16f: startup date [Tue Oct 10 17:03:53 EDT 2017]; root of context hierarchy
Oct 10, 2017 5:03:53 PM org.springframework.beans.factory.xml.XmlBeanDefinitionReader loadBeanDefinitions
INFO: Loading XML bean definitions from class path resource [applicationContext.xml]
Oct 10, 2017 5:03:53 PM org.springframework.context.support.ClassPathXmlApplicationContext prepareRefresh
INFO: Refreshing org.springframework.context.support.ClassPathXmlApplicationContext@82a1e26: startup date [Tue Oct 10 17:03:53 EDT 2017]; root of context hierarchy
Oct 10, 2017 5:03:53 PM org.springframework.beans.factory.xml.XmlBeanDefinitionReader loadBeanDefinitions
INFO: Loading XML bean definitions from class path resource [applicationContext.xml]
Oct 10, 2017 5:03:53 PM org.springframework.context.support.ClassPathXmlApplicationContext prepareRefresh
INFO: Refreshing org.springframework.context.support.ClassPathXmlApplicationContext@1fea72ea: startup date [Tue Oct 10 17:03:53 EDT 2017]; root of context hierarchy
Oct 10, 2017 5:03:53 PM org.springframework.beans.factory.xml.XmlBeanDefinitionReader loadBeanDefinitions
INFO: Loading XML bean definitions from class path resource [applicationContext.xml]
Oct 10, 2017 5:03:53 PM org.springframework.context.support.ClassPathXmlApplicationContext prepareRefresh
INFO: Refreshing org.springframework.context.support.ClassPathXmlApplicationContext@3e81fafb: startup date [Tue Oct 10 17:03:53 EDT 2017]; root of context hierarchy
Oct 10, 2017 5:03:53 PM org.springframework.beans.factory.xml.XmlBeanDefinitionReader loadBeanDefinitions
INFO: Loading XML bean definitions from class path resource [applicationContext.xml]
Oct 10, 2017 5:03:53 PM org.springframework.context.support.ClassPathXmlApplicationContext prepareRefresh
INFO: Refreshing org.springframework.context.support.ClassPathXmlApplicationContext@12068611: startup date [Tue Oct 10 17:03:53 EDT 2017]; root of context hierarchy
Oct 10, 2017 5:03:53 PM org.springframework.beans.factory.xml.XmlBeanDefinitionReader loadBeanDefinitions
INFO: Loading XML bean definitions from class path resource [applicationContext.xml]
Oct 10, 2017 5:03:53 PM org.springframework.context.support.ClassPathXmlApplicationContext prepareRefresh
INFO: Refreshing org.springframework.context.support.ClassPathXmlApplicationContext@205b0c8b: startup date [Tue Oct 10 17:03:53 EDT 2017]; root of context hierarchy
Oct 10, 2017 5:03:53 PM org.springframework.beans.factory.xml.XmlBeanDefinitionReader loadBeanDefinitions
INFO: Loading XML bean definitions from class path resource [applicationContext.xml]
Oct 10, 2017 5:03:53 PM org.springframework.context.support.ClassPathXmlApplicationContext prepareRefresh
INFO: Refreshing org.springframework.context.support.ClassPathXmlApplicationContext@4ba80027: startup date [Tue Oct 10 17:03:53 EDT 2017]; root of context hierarchy
Oct 10, 2017 5:03:53 PM org.springframework.beans.factory.xml.XmlBeanDefinitionReader loadBeanDefinitions
INFO: Loading XML bean definitions from class path resource [applicationContext.xml]
Oct 10, 2017 5:03:53 PM org.springframework.context.support.ClassPathXmlApplicationContext prepareRefresh
INFO: Refreshing org.springframework.context.support.ClassPathXmlApplicationContext@25c696a3: startup date [Tue Oct 10 17:03:53 EDT 2017]; root of context hierarchy
Oct 10, 2017 5:03:53 PM org.springframework.beans.factory.xml.XmlBeanDefinitionReader loadBeanDefinitions
INFO: Loading XML bean definitions from class path resource [applicationContext.xml]
Oct 10, 2017 5:03:53 PM org.springframework.context.support.ClassPathXmlApplicationContext prepareRefresh
INFO: Refreshing org.springframework.context.support.ClassPathXmlApplicationContext@10fbc406: startup date [Tue Oct 10 17:03:53 EDT 2017]; root of context hierarchy
Oct 10, 2017 5:03:53 PM org.springframework.beans.factory.xml.XmlBeanDefinitionReader loadBeanDefinitions
INFO: Loading XML bean definitions from class path resource [applicationContext.xml]
Oct 10, 2017 5:03:53 PM org.springframework.context.support.ClassPathXmlApplicationContext prepareRefresh
INFO: Refreshing org.springframework.context.support.ClassPathXmlApplicationContext@1a584c35: startup date [Tue Oct 10 17:03:53 EDT 2017]; root of context hierarchy
Oct 10, 2017 5:03:53 PM org.springframework.beans.factory.xml.XmlBeanDefinitionReader loadBeanDefinitions
INFO: Loading XML bean definitions from class path resource [applicationContext.xml]
Oct 10, 2017 5:03:53 PM org.springframework.context.support.ClassPathXmlApplicationContext prepareRefresh
INFO: Refreshing org.springframework.context.support.ClassPathXmlApplicationContext@33ac5348: startup date [Tue Oct 10 17:03:53 EDT 2017]; root of context hierarchy
Oct 10, 2017 5:03:53 PM org.springframework.beans.factory.xml.XmlBeanDefinitionReader loadBeanDefinitions
INFO: Loading XML bean definitions from class path resource [applicationContext.xml]
Oct 10, 2017 5:03:53 PM org.springframework.context.support.ClassPathXmlApplicationContext prepareRefresh
INFO: Refreshing org.springframework.context.support.ClassPathXmlApplicationContext@26c51282: startup date [Tue Oct 10 17:03:53 EDT 2017]; root of context hierarchy
Oct 10, 2017 5:03:53 PM org.springframework.beans.factory.xml.XmlBeanDefinitionReader loadBeanDefinitions
INFO: Loading XML bean definitions from class path resource [applicationContext.xml]
Oct 10, 2017 5:03:53 PM org.springframework.context.support.ClassPathXmlApplicationContext prepareRefresh
INFO: Refreshing org.springframework.context.support.ClassPathXmlApplicationContext@423ebd8c: startup date [Tue Oct 10 17:03:53 EDT 2017]; root of context hierarchy
Oct 10, 2017 5:03:53 PM org.springframework.beans.factory.xml.XmlBeanDefinitionReader loadBeanDefinitions
INFO: Loading XML bean definitions from class path resource [applicationContext.xml]
Oct 10, 2017 5:03:53 PM org.springframework.context.support.ClassPathXmlApplicationContext prepareRefresh
INFO: Refreshing org.springframework.context.support.ClassPathXmlApplicationContext@73cace50: startup date [Tue Oct 10 17:03:53 EDT 2017]; root of context hierarchy
Oct 10, 2017 5:03:53 PM org.springframework.beans.factory.xml.XmlBeanDefinitionReader loadBeanDefinitions
INFO: Loading XML bean definitions from class path resource [applicationContext.xml]
Oct 10, 2017 5:03:53 PM org.springframework.context.support.ClassPathXmlApplicationContext prepareRefresh
INFO: Refreshing org.springframework.context.support.ClassPathXmlApplicationContext@16bd1aea: startup date [Tue Oct 10 17:03:53 EDT 2017]; root of context hierarchy
Oct 10, 2017 5:03:53 PM org.springframework.beans.factory.xml.XmlBeanDefinitionReader loadBeanDefinitions
INFO: Loading XML bean definitions from class path resource [applicationContext.xml]
Oct 10, 2017 5:03:53 PM org.springframework.context.support.ClassPathXmlApplicationContext prepareRefresh
INFO: Refreshing org.springframework.context.support.ClassPathXmlApplicationContext@7b5f06a7: startup date [Tue Oct 10 17:03:53 EDT 2017]; root of context hierarchy
Oct 10, 2017 5:03:53 PM org.springframework.beans.factory.xml.XmlBeanDefinitionReader loadBeanDefinitions
INFO: Loading XML bean definitions from class path resource [applicationContext.xml]
Oct 10, 2017 5:03:53 PM org.springframework.context.support.ClassPathXmlApplicationContext prepareRefresh
INFO: Refreshing org.springframework.context.support.ClassPathXmlApplicationContext@1b983f97: startup date [Tue Oct 10 17:03:53 EDT 2017]; root of context hierarchy
Oct 10, 2017 5:03:53 PM org.springframework.beans.factory.xml.XmlBeanDefinitionReader loadBeanDefinitions
INFO: Loading XML bean definitions from class path resource [applicationContext.xml]
Oct 10, 2017 5:03:53 PM org.springframework.context.support.ClassPathXmlApplicationContext prepareRefresh
INFO: Refreshing org.springframework.context.support.ClassPathXmlApplicationContext@1d1a7d46: startup date [Tue Oct 10 17:03:53 EDT 2017]; root of context hierarchy
Oct 10, 2017 5:03:53 PM org.springframework.beans.factory.xml.XmlBeanDefinitionReader loadBeanDefinitions
INFO: Loading XML bean definitions from class path resource [applicationContext.xml]
Oct 10, 2017 5:03:53 PM org.springframework.context.support.ClassPathXmlApplicationContext prepareRefresh
INFO: Refreshing org.springframework.context.support.ClassPathXmlApplicationContext@1a4bfc8d: startup date [Tue Oct 10 17:03:53 EDT 2017]; root of context hierarchy
Oct 10, 2017 5:03:53 PM org.springframework.beans.factory.xml.XmlBeanDefinitionReader loadBeanDefinitions
INFO: Loading XML bean definitions from class path resource [applicationContext.xml]
Oct 10, 2017 5:03:53 PM org.springframework.context.support.ClassPathXmlApplicationContext prepareRefresh
INFO: Refreshing org.springframework.context.support.ClassPathXmlApplicationContext@39966d43: startup date [Tue Oct 10 17:03:53 EDT 2017]; root of context hierarchy
Oct 10, 2017 5:03:53 PM org.springframework.beans.factory.xml.XmlBeanDefinitionReader loadBeanDefinitions
INFO: Loading XML bean definitions from class path resource [applicationContext.xml]
Oct 10, 2017 5:03:53 PM org.springframework.context.support.ClassPathXmlApplicationContext prepareRefresh
INFO: Refreshing org.springframework.context.support.ClassPathXmlApplicationContext@3ef1748f: startup date [Tue Oct 10 17:03:53 EDT 2017]; root of context hierarchy
Oct 10, 2017 5:03:53 PM org.springframework.beans.factory.xml.XmlBeanDefinitionReader loadBeanDefinitions
INFO: Loading XML bean definitions from class path resource [applicationContext.xml]
Oct 10, 2017 5:03:53 PM org.springframework.context.support.ClassPathXmlApplicationContext prepareRefresh
INFO: Refreshing org.springframework.context.support.ClassPathXmlApplicationContext@546b13c0: startup date [Tue Oct 10 17:03:53 EDT 2017]; root of context hierarchy
Oct 10, 2017 5:03:53 PM org.springframework.beans.factory.xml.XmlBeanDefinitionReader loadBeanDefinitions
INFO: Loading XML bean definitions from class path resource [applicationContext.xml]
Oct 10, 2017 5:03:53 PM org.springframework.context.support.ClassPathXmlApplicationContext prepareRefresh
INFO: Refreshing org.springframework.context.support.ClassPathXmlApplicationContext@52049338: startup date [Tue Oct 10 17:03:53 EDT 2017]; root of context hierarchy
Oct 10, 2017 5:03:53 PM org.springframework.beans.factory.xml.XmlBeanDefinitionReader loadBeanDefinitions
INFO: Loading XML bean definitions from class path resource [applicationContext.xml]
Oct 10, 2017 5:03:53 PM org.springframework.context.support.ClassPathXmlApplicationContext prepareRefresh
INFO: Refreshing org.springframework.context.support.ClassPathXmlApplicationContext@7cd47687: startup date [Tue Oct 10 17:03:53 EDT 2017]; root of context hierarchy
Oct 10, 2017 5:03:53 PM org.springframework.beans.factory.xml.XmlBeanDefinitionReader loadBeanDefinitions
INFO: Loading XML bean definitions from class path resource [applicationContext.xml]
Oct 10, 2017 5:03:53 PM org.springframework.context.support.ClassPathXmlApplicationContext prepareRefresh
INFO: Refreshing org.springframework.context.support.ClassPathXmlApplicationContext@2a04af6d: startup date [Tue Oct 10 17:03:53 EDT 2017]; root of context hierarchy
Oct 10, 2017 5:03:53 PM org.springframework.beans.factory.xml.XmlBeanDefinitionReader loadBeanDefinitions
INFO: Loading XML bean definitions from class path resource [applicationContext.xml]
Oct 10, 2017 5:03:53 PM org.springframework.context.support.ClassPathXmlApplicationContext prepareRefresh
INFO: Refreshing org.springframework.context.support.ClassPathXmlApplicationContext@6e2b1d08: startup date [Tue Oct 10 17:03:53 EDT 2017]; root of context hierarchy
Oct 10, 2017 5:03:53 PM org.springframework.beans.factory.xml.XmlBeanDefinitionReader loadBeanDefinitions
INFO: Loading XML bean definitions from class path resource [applicationContext.xml]
Oct 10, 2017 5:03:53 PM org.springframework.context.support.ClassPathXmlApplicationContext prepareRefresh
INFO: Refreshing org.springframework.context.support.ClassPathXmlApplicationContext@de314fe: startup date [Tue Oct 10 17:03:53 EDT 2017]; root of context hierarchy
Oct 10, 2017 5:03:53 PM org.springframework.beans.factory.xml.XmlBeanDefinitionReader loadBeanDefinitions
INFO: Loading XML bean definitions from class path resource [applicationContext.xml]
Oct 10, 2017 5:03:53 PM org.springframework.context.support.ClassPathXmlApplicationContext prepareRefresh
INFO: Refreshing org.springframework.context.support.ClassPathXmlApplicationContext@145ec500: startup date [Tue Oct 10 17:03:53 EDT 2017]; root of context hierarchy
Oct 10, 2017 5:03:53 PM org.springframework.beans.factory.xml.XmlBeanDefinitionReader loadBeanDefinitions
INFO: Loading XML bean definitions from class path resource [applicationContext.xml]
Oct 10, 2017 5:03:53 PM org.springframework.context.support.ClassPathXmlApplicationContext prepareRefresh
INFO: Refreshing org.springframework.context.support.ClassPathXmlApplicationContext@fc0e1cf: startup date [Tue Oct 10 17:03:53 EDT 2017]; root of context hierarchy
Oct 10, 2017 5:03:53 PM org.springframework.beans.factory.xml.XmlBeanDefinitionReader loadBeanDefinitions
INFO: Loading XML bean definitions from class path resource [applicationContext.xml]
Oct 10, 2017 5:03:53 PM org.springframework.context.support.ClassPathXmlApplicationContext prepareRefresh
INFO: Refreshing org.springframework.context.support.ClassPathXmlApplicationContext@6a1aade: startup date [Tue Oct 10 17:03:53 EDT 2017]; root of context hierarchy
Oct 10, 2017 5:03:53 PM org.springframework.beans.factory.xml.XmlBeanDefinitionReader loadBeanDefinitions
INFO: Loading XML bean definitions from class path resource [applicationContext.xml]
Oct 10, 2017 5:03:53 PM org.springframework.context.support.ClassPathXmlApplicationContext prepareRefresh
INFO: Refreshing org.springframework.context.support.ClassPathXmlApplicationContext@3700eaca: startup date [Tue Oct 10 17:03:53 EDT 2017]; root of context hierarchy
Oct 10, 2017 5:03:53 PM org.springframework.beans.factory.xml.XmlBeanDefinitionReader loadBeanDefinitions
INFO: Loading XML bean definitions from class path resource [applicationContext.xml]
Oct 10, 2017 5:03:53 PM org.springframework.context.support.ClassPathXmlApplicationContext prepareRefresh
INFO: Refreshing org.springframework.context.support.ClassPathXmlApplicationContext@2688efc0: startup date [Tue Oct 10 17:03:53 EDT 2017]; root of context hierarchy
Oct 10, 2017 5:03:53 PM org.springframework.beans.factory.xml.XmlBeanDefinitionReader loadBeanDefinitions
INFO: Loading XML bean definitions from class path resource [applicationContext.xml]
Oct 10, 2017 5:03:53 PM org.springframework.context.support.ClassPathXmlApplicationContext prepareRefresh
INFO: Refreshing org.springframework.context.support.ClassPathXmlApplicationContext@12a12b03: startup date [Tue Oct 10 17:03:53 EDT 2017]; root of context hierarchy
Oct 10, 2017 5:03:53 PM org.springframework.beans.factory.xml.XmlBeanDefinitionReader loadBeanDefinitions
INFO: Loading XML bean definitions from class path resource [applicationContext.xml]
Oct 10, 2017 5:03:53 PM org.springframework.context.support.ClassPathXmlApplicationContext prepareRefresh
INFO: Refreshing org.springframework.context.support.ClassPathXmlApplicationContext@3943cf54: startup date [Tue Oct 10 17:03:53 EDT 2017]; root of context hierarchy
Oct 10, 2017 5:03:53 PM org.springframework.beans.factory.xml.XmlBeanDefinitionReader loadBeanDefinitions
INFO: Loading XML bean definitions from class path resource [applicationContext.xml]
Oct 10, 2017 5:03:53 PM org.springframework.context.support.ClassPathXmlApplicationContext prepareRefresh
INFO: Refreshing org.springframework.context.support.ClassPathXmlApplicationContext@65873731: startup date [Tue Oct 10 17:03:53 EDT 2017]; root of context hierarchy
Oct 10, 2017 5:03:53 PM org.springframework.beans.factory.xml.XmlBeanDefinitionReader loadBeanDefinitions
INFO: Loading XML bean definitions from class path resource [applicationContext.xml]
Oct 10, 2017 5:03:53 PM org.springframework.context.support.ClassPathXmlApplicationContext prepareRefresh
INFO: Refreshing org.springframework.context.support.ClassPathXmlApplicationContext@6ac5a8f2: startup date [Tue Oct 10 17:03:53 EDT 2017]; root of context hierarchy
Oct 10, 2017 5:03:53 PM org.springframework.beans.factory.xml.XmlBeanDefinitionReader loadBeanDefinitions
INFO: Loading XML bean definitions from class path resource [applicationContext.xml]
Oct 10, 2017 5:03:53 PM org.springframework.context.support.ClassPathXmlApplicationContext prepareRefresh
INFO: Refreshing org.springframework.context.support.ClassPathXmlApplicationContext@6c183193: startup date [Tue Oct 10 17:03:53 EDT 2017]; root of context hierarchy
Oct 10, 2017 5:03:53 PM org.springframework.beans.factory.xml.XmlBeanDefinitionReader loadBeanDefinitions
INFO: Loading XML bean definitions from class path resource [applicationContext.xml]
Oct 10, 2017 5:03:53 PM org.springframework.context.support.ClassPathXmlApplicationContext prepareRefresh
INFO: Refreshing org.springframework.context.support.ClassPathXmlApplicationContext@1688b249: startup date [Tue Oct 10 17:03:53 EDT 2017]; root of context hierarchy
Oct 10, 2017 5:03:53 PM org.springframework.beans.factory.xml.XmlBeanDefinitionReader loadBeanDefinitions
INFO: Loading XML bean definitions from class path resource [applicationContext.xml]
Oct 10, 2017 5:03:53 PM org.springframework.context.support.ClassPathXmlApplicationContext prepareRefresh
INFO: Refreshing org.springframework.context.support.ClassPathXmlApplicationContext@1ca7d9c5: startup date [Tue Oct 10 17:03:53 EDT 2017]; root of context hierarchy
Oct 10, 2017 5:03:53 PM org.springframework.beans.factory.xml.XmlBeanDefinitionReader loadBeanDefinitions
INFO: Loading XML bean definitions from class path resource [applicationContext.xml]
Oct 10, 2017 5:03:53 PM org.springframework.context.support.ClassPathXmlApplicationContext prepareRefresh
INFO: Refreshing org.springframework.context.support.ClassPathXmlApplicationContext@456740a3: startup date [Tue Oct 10 17:03:53 EDT 2017]; root of context hierarchy
Oct 10, 2017 5:03:53 PM org.springframework.beans.factory.xml.XmlBeanDefinitionReader loadBeanDefinitions
INFO: Loading XML bean definitions from class path resource [applicationContext.xml]
Oct 10, 2017 5:03:53 PM org.springframework.context.support.ClassPathXmlApplicationContext prepareRefresh
INFO: Refreshing org.springframework.context.support.ClassPathXmlApplicationContext@32d24246: startup date [Tue Oct 10 17:03:53 EDT 2017]; root of context hierarchy
Oct 10, 2017 5:03:53 PM org.springframework.beans.factory.xml.XmlBeanDefinitionReader loadBeanDefinitions
INFO: Loading XML bean definitions from class path resource [applicationContext.xml]
Oct 10, 2017 5:03:53 PM org.springframework.context.support.ClassPathXmlApplicationContext prepareRefresh
INFO: Refreshing org.springframework.context.support.ClassPathXmlApplicationContext@28aba82d: startup date [Tue Oct 10 17:03:53 EDT 2017]; root of context hierarchy
Oct 10, 2017 5:03:53 PM org.springframework.beans.factory.xml.XmlBeanDefinitionReader loadBeanDefinitions
INFO: Loading XML bean definitions from class path resource [applicationContext.xml]
Oct 10, 2017 5:03:53 PM org.springframework.context.support.ClassPathXmlApplicationContext prepareRefresh
INFO: Refreshing org.springframework.context.support.ClassPathXmlApplicationContext@1bb962cf: startup date [Tue Oct 10 17:03:53 EDT 2017]; root of context hierarchy
Oct 10, 2017 5:03:53 PM org.springframework.beans.factory.xml.XmlBeanDefinitionReader loadBeanDefinitions
INFO: Loading XML bean definitions from class path resource [applicationContext.xml]
Oct 10, 2017 5:03:53 PM org.springframework.context.support.ClassPathXmlApplicationContext prepareRefresh
INFO: Refreshing org.springframework.context.support.ClassPathXmlApplicationContext@6ebdbad0: startup date [Tue Oct 10 17:03:53 EDT 2017]; root of context hierarchy
Oct 10, 2017 5:03:53 PM org.springframework.beans.factory.xml.XmlBeanDefinitionReader loadBeanDefinitions
INFO: Loading XML bean definitions from class path resource [applicationContext.xml]
Oct 10, 2017 5:03:53 PM org.springframework.context.support.ClassPathXmlApplicationContext prepareRefresh
INFO: Refreshing org.springframework.context.support.ClassPathXmlApplicationContext@7f8fe45e: startup date [Tue Oct 10 17:03:53 EDT 2017]; root of context hierarchy
Oct 10, 2017 5:03:53 PM org.springframework.beans.factory.xml.XmlBeanDefinitionReader loadBeanDefinitions
INFO: Loading XML bean definitions from class path resource [applicationContext.xml]
Oct 10, 2017 5:03:53 PM org.springframework.context.support.ClassPathXmlApplicationContext prepareRefresh
INFO: Refreshing org.springframework.context.support.ClassPathXmlApplicationContext@2fcc0a60: startup date [Tue Oct 10 17:03:53 EDT 2017]; root of context hierarchy
Oct 10, 2017 5:03:53 PM org.springframework.beans.factory.xml.XmlBeanDefinitionReader loadBeanDefinitions
INFO: Loading XML bean definitions from class path resource [applicationContext.xml]
Oct 10, 2017 5:03:53 PM org.springframework.context.support.ClassPathXmlApplicationContext prepareRefresh
INFO: Refreshing org.springframework.context.support.ClassPathXmlApplicationContext@6639ef62: startup date [Tue Oct 10 17:03:53 EDT 2017]; root of context hierarchy
Oct 10, 2017 5:03:53 PM org.springframework.beans.factory.xml.XmlBeanDefinitionReader loadBeanDefinitions
INFO: Loading XML bean definitions from class path resource [applicationContext.xml]
Oct 10, 2017 5:03:53 PM org.springframework.context.support.ClassPathXmlApplicationContext prepareRefresh
INFO: Refreshing org.springframework.context.support.ClassPathXmlApplicationContext@3fdaa0c2: startup date [Tue Oct 10 17:03:53 EDT 2017]; root of context hierarchy
Oct 10, 2017 5:03:53 PM org.springframework.beans.factory.xml.XmlBeanDefinitionReader loadBeanDefinitions
INFO: Loading XML bean definitions from class path resource [applicationContext.xml]
Oct 10, 2017 5:03:53 PM org.springframework.context.support.ClassPathXmlApplicationContext prepareRefresh
INFO: Refreshing org.springframework.context.support.ClassPathXmlApplicationContext@92b8076: startup date [Tue Oct 10 17:03:53 EDT 2017]; root of context hierarchy
Oct 10, 2017 5:03:53 PM org.springframework.beans.factory.xml.XmlBeanDefinitionReader loadBeanDefinitions
INFO: Loading XML bean definitions from class path resource [applicationContext.xml]
Oct 10, 2017 5:03:53 PM org.springframework.context.support.ClassPathXmlApplicationContext prepareRefresh
INFO: Refreshing org.springframework.context.support.ClassPathXmlApplicationContext@4b84c04b: startup date [Tue Oct 10 17:03:53 EDT 2017]; root of context hierarchy
Oct 10, 2017 5:03:53 PM org.springframework.beans.factory.xml.XmlBeanDefinitionReader loadBeanDefinitions
INFO: Loading XML bean definitions from class path resource [applicationContext.xml]
Oct 10, 2017 5:03:53 PM org.springframework.context.support.ClassPathXmlApplicationContext prepareRefresh
INFO: Refreshing org.springframework.context.support.ClassPathXmlApplicationContext@130e4856: startup date [Tue Oct 10 17:03:53 EDT 2017]; root of context hierarchy
Oct 10, 2017 5:03:53 PM org.springframework.beans.factory.xml.XmlBeanDefinitionReader loadBeanDefinitions
INFO: Loading XML bean definitions from class path resource [applicationContext.xml]
Oct 10, 2017 5:03:53 PM org.springframework.context.support.ClassPathXmlApplicationContext prepareRefresh
INFO: Refreshing org.springframework.context.support.ClassPathXmlApplicationContext@2ab3f4c0: startup date [Tue Oct 10 17:03:53 EDT 2017]; root of context hierarchy
Oct 10, 2017 5:03:53 PM org.springframework.beans.factory.xml.XmlBeanDefinitionReader loadBeanDefinitions
INFO: Loading XML bean definitions from class path resource [applicationContext.xml]
Oct 10, 2017 5:03:53 PM org.springframework.context.support.ClassPathXmlApplicationContext prepareRefresh
INFO: Refreshing org.springframework.context.support.ClassPathXmlApplicationContext@2e20ee58: startup date [Tue Oct 10 17:03:53 EDT 2017]; root of context hierarchy
Oct 10, 2017 5:03:53 PM org.springframework.beans.factory.xml.XmlBeanDefinitionReader loadBeanDefinitions
INFO: Loading XML bean definitions from class path resource [applicationContext.xml]
Oct 10, 2017 5:03:53 PM org.springframework.context.support.ClassPathXmlApplicationContext prepareRefresh
INFO: Refreshing org.springframework.context.support.ClassPathXmlApplicationContext@3320d756: startup date [Tue Oct 10 17:03:53 EDT 2017]; root of context hierarchy
Oct 10, 2017 5:03:53 PM org.springframework.beans.factory.xml.XmlBeanDefinitionReader loadBeanDefinitions
INFO: Loading XML bean definitions from class path resource [applicationContext.xml]
Oct 10, 2017 5:03:53 PM org.springframework.context.support.ClassPathXmlApplicationContext prepareRefresh
INFO: Refreshing org.springframework.context.support.ClassPathXmlApplicationContext@3102b88: startup date [Tue Oct 10 17:03:53 EDT 2017]; root of context hierarchy
Oct 10, 2017 5:03:53 PM org.springframework.beans.factory.xml.XmlBeanDefinitionReader loadBeanDefinitions
INFO: Loading XML bean definitions from class path resource [applicationContext.xml]
Oct 10, 2017 5:03:53 PM org.springframework.context.support.ClassPathXmlApplicationContext prepareRefresh
INFO: Refreshing org.springframework.context.support.ClassPathXmlApplicationContext@7952bd1a: startup date [Tue Oct 10 17:03:53 EDT 2017]; root of context hierarchy
Oct 10, 2017 5:03:53 PM org.springframework.beans.factory.xml.XmlBeanDefinitionReader loadBeanDefinitions
INFO: Loading XML bean definitions from class path resource [applicationContext.xml]
Oct 10, 2017 5:03:53 PM org.springframework.context.support.ClassPathXmlApplicationContext prepareRefresh
INFO: Refreshing org.springframework.context.support.ClassPathXmlApplicationContext@29e10458: startup date [Tue Oct 10 17:03:53 EDT 2017]; root of context hierarchy
Oct 10, 2017 5:03:53 PM org.springframework.beans.factory.xml.XmlBeanDefinitionReader loadBeanDefinitions
INFO: Loading XML bean definitions from class path resource [applicationContext.xml]
Oct 10, 2017 5:03:53 PM org.springframework.context.support.ClassPathXmlApplicationContext prepareRefresh
INFO: Refreshing org.springframework.context.support.ClassPathXmlApplicationContext@7aa6952a: startup date [Tue Oct 10 17:03:53 EDT 2017]; root of context hierarchy
Oct 10, 2017 5:03:53 PM org.springframework.beans.factory.xml.XmlBeanDefinitionReader loadBeanDefinitions
INFO: Loading XML bean definitions from class path resource [applicationContext.xml]
Oct 10, 2017 5:03:53 PM org.springframework.context.support.ClassPathXmlApplicationContext prepareRefresh
INFO: Refreshing org.springframework.context.support.ClassPathXmlApplicationContext@1fb95f0b: startup date [Tue Oct 10 17:03:53 EDT 2017]; root of context hierarchy
Oct 10, 2017 5:03:53 PM org.springframework.beans.factory.xml.XmlBeanDefinitionReader loadBeanDefinitions
INFO: Loading XML bean definitions from class path resource [applicationContext.xml]
Oct 10, 2017 5:03:53 PM org.springframework.context.support.ClassPathXmlApplicationContext prepareRefresh
INFO: Refreshing org.springframework.context.support.ClassPathXmlApplicationContext@50d22386: startup date [Tue Oct 10 17:03:53 EDT 2017]; root of context hierarchy
Oct 10, 2017 5:03:53 PM org.springframework.beans.factory.xml.XmlBeanDefinitionReader loadBeanDefinitions
INFO: Loading XML bean definitions from class path resource [applicationContext.xml]
Oct 10, 2017 5:03:53 PM org.springframework.context.support.ClassPathXmlApplicationContext prepareRefresh
INFO: Refreshing org.springframework.context.support.ClassPathXmlApplicationContext@3e4321ec: startup date [Tue Oct 10 17:03:53 EDT 2017]; root of context hierarchy
Oct 10, 2017 5:03:53 PM org.springframework.beans.factory.xml.XmlBeanDefinitionReader loadBeanDefinitions
INFO: Loading XML bean definitions from class path resource [applicationContext.xml]
Oct 10, 2017 5:03:53 PM org.springframework.context.support.ClassPathXmlApplicationContext prepareRefresh
INFO: Refreshing org.springframework.context.support.ClassPathXmlApplicationContext@57e8fe85: startup date [Tue Oct 10 17:03:53 EDT 2017]; root of context hierarchy
Oct 10, 2017 5:03:53 PM org.springframework.beans.factory.xml.XmlBeanDefinitionReader loadBeanDefinitions
INFO: Loading XML bean definitions from class path resource [applicationContext.xml]
Oct 10, 2017 5:03:53 PM org.springframework.context.support.ClassPathXmlApplicationContext prepareRefresh
INFO: Refreshing org.springframework.context.support.ClassPathXmlApplicationContext@38a8165: startup date [Tue Oct 10 17:03:53 EDT 2017]; root of context hierarchy
Oct 10, 2017 5:03:53 PM org.springframework.beans.factory.xml.XmlBeanDefinitionReader loadBeanDefinitions
INFO: Loading XML bean definitions from class path resource [applicationContext.xml]
Oct 10, 2017 5:03:53 PM org.springframework.context.support.ClassPathXmlApplicationContext prepareRefresh
INFO: Refreshing org.springframework.context.support.ClassPathXmlApplicationContext@3ac49b3c: startup date [Tue Oct 10 17:03:53 EDT 2017]; root of context hierarchy
Oct 10, 2017 5:03:53 PM org.springframework.beans.factory.xml.XmlBeanDefinitionReader loadBeanDefinitions
INFO: Loading XML bean definitions from class path resource [applicationContext.xml]
Oct 10, 2017 5:03:53 PM org.springframework.context.support.ClassPathXmlApplicationContext prepareRefresh
INFO: Refreshing org.springframework.context.support.ClassPathXmlApplicationContext@4f635341: startup date [Tue Oct 10 17:03:53 EDT 2017]; root of context hierarchy
Oct 10, 2017 5:03:53 PM org.springframework.beans.factory.xml.XmlBeanDefinitionReader loadBeanDefinitions
INFO: Loading XML bean definitions from class path resource [applicationContext.xml]
Oct 10, 2017 5:03:53 PM org.springframework.context.support.ClassPathXmlApplicationContext prepareRefresh
INFO: Refreshing org.springframework.context.support.ClassPathXmlApplicationContext@16eb36a8: startup date [Tue Oct 10 17:03:53 EDT 2017]; root of context hierarchy
Oct 10, 2017 5:03:53 PM org.springframework.beans.factory.xml.XmlBeanDefinitionReader loadBeanDefinitions
INFO: Loading XML bean definitions from class path resource [applicationContext.xml]
Oct 10, 2017 5:03:53 PM org.springframework.context.support.ClassPathXmlApplicationContext prepareRefresh
INFO: Refreshing org.springframework.context.support.ClassPathXmlApplicationContext@66350dfd: startup date [Tue Oct 10 17:03:53 EDT 2017]; root of context hierarchy
Oct 10, 2017 5:03:53 PM org.springframework.beans.factory.xml.XmlBeanDefinitionReader loadBeanDefinitions
INFO: Loading XML bean definitions from class path resource [applicationContext.xml]
Oct 10, 2017 5:03:53 PM org.springframework.context.support.ClassPathXmlApplicationContext prepareRefresh
INFO: Refreshing org.springframework.context.support.ClassPathXmlApplicationContext@895f2c8: startup date [Tue Oct 10 17:03:53 EDT 2017]; root of context hierarchy
Oct 10, 2017 5:03:53 PM org.springframework.beans.factory.xml.XmlBeanDefinitionReader loadBeanDefinitions
INFO: Loading XML bean definitions from class path resource [applicationContext.xml]
Oct 10, 2017 5:03:53 PM org.springframework.context.support.ClassPathXmlApplicationContext prepareRefresh
INFO: Refreshing org.springframework.context.support.ClassPathXmlApplicationContext@7e7d298c: startup date [Tue Oct 10 17:03:53 EDT 2017]; root of context hierarchy
Oct 10, 2017 5:03:53 PM org.springframework.beans.factory.xml.XmlBeanDefinitionReader loadBeanDefinitions
INFO: Loading XML bean definitions from class path resource [applicationContext.xml]
Oct 10, 2017 5:03:53 PM org.springframework.context.support.ClassPathXmlApplicationContext prepareRefresh
INFO: Refreshing org.springframework.context.support.ClassPathXmlApplicationContext@2132472: startup date [Tue Oct 10 17:03:53 EDT 2017]; root of context hierarchy
Oct 10, 2017 5:03:53 PM org.springframework.beans.factory.xml.XmlBeanDefinitionReader loadBeanDefinitions
INFO: Loading XML bean definitions from class path resource [applicationContext.xml]
Oct 10, 2017 5:03:53 PM org.springframework.context.support.ClassPathXmlApplicationContext prepareRefresh
INFO: Refreshing org.springframework.context.support.ClassPathXmlApplicationContext@2beac73d: startup date [Tue Oct 10 17:03:53 EDT 2017]; root of context hierarchy
Oct 10, 2017 5:03:53 PM org.springframework.beans.factory.xml.XmlBeanDefinitionReader loadBeanDefinitions
INFO: Loading XML bean definitions from class path resource [applicationContext.xml]
Oct 10, 2017 5:03:53 PM org.springframework.context.support.ClassPathXmlApplicationContext prepareRefresh
INFO: Refreshing org.springframework.context.support.ClassPathXmlApplicationContext@706d1dad: startup date [Tue Oct 10 17:03:53 EDT 2017]; root of context hierarchy
Oct 10, 2017 5:03:53 PM org.springframework.beans.factory.xml.XmlBeanDefinitionReader loadBeanDefinitions
INFO: Loading XML bean definitions from class path resource [applicationContext.xml]
Oct 10, 2017 5:03:53 PM org.springframework.context.support.ClassPathXmlApplicationContext prepareRefresh
INFO: Refreshing org.springframework.context.support.ClassPathXmlApplicationContext@b97e0c7: startup date [Tue Oct 10 17:03:53 EDT 2017]; root of context hierarchy
Oct 10, 2017 5:03:53 PM org.springframework.beans.factory.xml.XmlBeanDefinitionReader loadBeanDefinitions
INFO: Loading XML bean definitions from class path resource [applicationContext.xml]
Oct 10, 2017 5:03:53 PM org.springframework.context.support.ClassPathXmlApplicationContext prepareRefresh
INFO: Refreshing org.springframework.context.support.ClassPathXmlApplicationContext@7afaa9: startup date [Tue Oct 10 17:03:53 EDT 2017]; root of context hierarchy
Oct 10, 2017 5:03:53 PM org.springframework.beans.factory.xml.XmlBeanDefinitionReader loadBeanDefinitions
INFO: Loading XML bean definitions from class path resource [applicationContext.xml]
Oct 10, 2017 5:03:53 PM org.springframework.context.support.ClassPathXmlApplicationContext prepareRefresh
INFO: Refreshing org.springframework.context.support.ClassPathXmlApplicationContext@56ceef63: startup date [Tue Oct 10 17:03:53 EDT 2017]; root of context hierarchy
Oct 10, 2017 5:03:53 PM org.springframework.beans.factory.xml.XmlBeanDefinitionReader loadBeanDefinitions
INFO: Loading XML bean definitions from class path resource [applicationContext.xml]
Oct 10, 2017 5:03:53 PM org.springframework.context.support.ClassPathXmlApplicationContext prepareRefresh
INFO: Refreshing org.springframework.context.support.ClassPathXmlApplicationContext@4764f503: startup date [Tue Oct 10 17:03:53 EDT 2017]; root of context hierarchy
Oct 10, 2017 5:03:53 PM org.springframework.beans.factory.xml.XmlBeanDefinitionReader loadBeanDefinitions
INFO: Loading XML bean definitions from class path resource [applicationContext.xml]
Oct 10, 2017 5:03:54 PM org.springframework.context.support.ClassPathXmlApplicationContext prepareRefresh
INFO: Refreshing org.springframework.context.support.ClassPathXmlApplicationContext@33534e8: startup date [Tue Oct 10 17:03:54 EDT 2017]; root of context hierarchy
Oct 10, 2017 5:03:54 PM org.springframework.beans.factory.xml.XmlBeanDefinitionReader loadBeanDefinitions
INFO: Loading XML bean definitions from class path resource [applicationContext.xml]
Oct 10, 2017 5:03:54 PM org.springframework.context.support.ClassPathXmlApplicationContext prepareRefresh
INFO: Refreshing org.springframework.context.support.ClassPathXmlApplicationContext@33511fa6: startup date [Tue Oct 10 17:03:54 EDT 2017]; root of context hierarchy
Oct 10, 2017 5:03:54 PM org.springframework.beans.factory.xml.XmlBeanDefinitionReader loadBeanDefinitions
INFO: Loading XML bean definitions from class path resource [applicationContext.xml]
Oct 10, 2017 5:03:54 PM org.springframework.context.support.ClassPathXmlApplicationContext prepareRefresh
INFO: Refreshing org.springframework.context.support.ClassPathXmlApplicationContext@75f9539a: startup date [Tue Oct 10 17:03:54 EDT 2017]; root of context hierarchy
Oct 10, 2017 5:03:54 PM org.springframework.beans.factory.xml.XmlBeanDefinitionReader loadBeanDefinitions
INFO: Loading XML bean definitions from class path resource [applicationContext.xml]
Oct 10, 2017 5:03:54 PM org.springframework.context.support.ClassPathXmlApplicationContext prepareRefresh
INFO: Refreshing org.springframework.context.support.ClassPathXmlApplicationContext@452f0238: startup date [Tue Oct 10 17:03:54 EDT 2017]; root of context hierarchy
Oct 10, 2017 5:03:54 PM org.springframework.beans.factory.xml.XmlBeanDefinitionReader loadBeanDefinitions
INFO: Loading XML bean definitions from class path resource [applicationContext.xml]
Oct 10, 2017 5:03:54 PM org.springframework.context.support.ClassPathXmlApplicationContext prepareRefresh
INFO: Refreshing org.springframework.context.support.ClassPathXmlApplicationContext@7b5b093: startup date [Tue Oct 10 17:03:54 EDT 2017]; root of context hierarchy
Oct 10, 2017 5:03:54 PM org.springframework.beans.factory.xml.XmlBeanDefinitionReader loadBeanDefinitions
INFO: Loading XML bean definitions from class path resource [applicationContext.xml]
Oct 10, 2017 5:03:54 PM org.springframework.context.support.ClassPathXmlApplicationContext prepareRefresh
INFO: Refreshing org.springframework.context.support.ClassPathXmlApplicationContext@12086cbb: startup date [Tue Oct 10 17:03:54 EDT 2017]; root of context hierarchy
Oct 10, 2017 5:03:54 PM org.springframework.beans.factory.xml.XmlBeanDefinitionReader loadBeanDefinitions
INFO: Loading XML bean definitions from class path resource [applicationContext.xml]
Oct 10, 2017 5:03:54 PM org.springframework.context.support.ClassPathXmlApplicationContext prepareRefresh
INFO: Refreshing org.springframework.context.support.ClassPathXmlApplicationContext@484058e4: startup date [Tue Oct 10 17:03:54 EDT 2017]; root of context hierarchy
Oct 10, 2017 5:03:54 PM org.springframework.beans.factory.xml.XmlBeanDefinitionReader loadBeanDefinitions
INFO: Loading XML bean definitions from class path resource [applicationContext.xml]
Oct 10, 2017 5:03:54 PM org.springframework.context.support.ClassPathXmlApplicationContext prepareRefresh
INFO: Refreshing org.springframework.context.support.ClassPathXmlApplicationContext@7d86b6cf: startup date [Tue Oct 10 17:03:54 EDT 2017]; root of context hierarchy
Oct 10, 2017 5:03:54 PM org.springframework.beans.factory.xml.XmlBeanDefinitionReader loadBeanDefinitions
INFO: Loading XML bean definitions from class path resource [applicationContext.xml]
Oct 10, 2017 5:03:54 PM org.springframework.context.support.ClassPathXmlApplicationContext prepareRefresh
INFO: Refreshing org.springframework.context.support.ClassPathXmlApplicationContext@476eecdc: startup date [Tue Oct 10 17:03:54 EDT 2017]; root of context hierarchy
Oct 10, 2017 5:03:54 PM org.springframework.beans.factory.xml.XmlBeanDefinitionReader loadBeanDefinitions
INFO: Loading XML bean definitions from class path resource [applicationContext.xml]
Oct 10, 2017 5:03:54 PM org.springframework.context.support.ClassPathXmlApplicationContext prepareRefresh
INFO: Refreshing org.springframework.context.support.ClassPathXmlApplicationContext@7d39d411: startup date [Tue Oct 10 17:03:54 EDT 2017]; root of context hierarchy
Oct 10, 2017 5:03:54 PM org.springframework.beans.factory.xml.XmlBeanDefinitionReader loadBeanDefinitions
INFO: Loading XML bean definitions from class path resource [applicationContext.xml]
Oct 10, 2017 5:03:54 PM org.springframework.context.support.ClassPathXmlApplicationContext prepareRefresh
INFO: Refreshing org.springframework.context.support.ClassPathXmlApplicationContext@67f601ca: startup date [Tue Oct 10 17:03:54 EDT 2017]; root of context hierarchy
Oct 10, 2017 5:03:54 PM org.springframework.beans.factory.xml.XmlBeanDefinitionReader loadBeanDefinitions
INFO: Loading XML bean definitions from class path resource [applicationContext.xml]
Oct 10, 2017 5:03:54 PM org.springframework.context.support.ClassPathXmlApplicationContext prepareRefresh
INFO: Refreshing org.springframework.context.support.ClassPathXmlApplicationContext@67cffe9a: startup date [Tue Oct 10 17:03:54 EDT 2017]; root of context hierarchy
Oct 10, 2017 5:03:54 PM org.springframework.beans.factory.xml.XmlBeanDefinitionReader loadBeanDefinitions
INFO: Loading XML bean definitions from class path resource [applicationContext.xml]
Oct 10, 2017 5:03:54 PM org.springframework.context.support.ClassPathXmlApplicationContext prepareRefresh
INFO: Refreshing org.springframework.context.support.ClassPathXmlApplicationContext@59d318b5: startup date [Tue Oct 10 17:03:54 EDT 2017]; root of context hierarchy
Oct 10, 2017 5:03:54 PM org.springframework.beans.factory.xml.XmlBeanDefinitionReader loadBeanDefinitions
INFO: Loading XML bean definitions from class path resource [applicationContext.xml]
Oct 10, 2017 5:03:54 PM org.springframework.context.support.ClassPathXmlApplicationContext prepareRefresh
INFO: Refreshing org.springframework.context.support.ClassPathXmlApplicationContext@150b8dc1: startup date [Tue Oct 10 17:03:54 EDT 2017]; root of context hierarchy
Oct 10, 2017 5:03:54 PM org.springframework.beans.factory.xml.XmlBeanDefinitionReader loadBeanDefinitions
INFO: Loading XML bean definitions from class path resource [applicationContext.xml]
Oct 10, 2017 5:03:54 PM org.springframework.context.support.ClassPathXmlApplicationContext prepareRefresh
INFO: Refreshing org.springframework.context.support.ClassPathXmlApplicationContext@c2b8c21: startup date [Tue Oct 10 17:03:54 EDT 2017]; root of context hierarchy
Oct 10, 2017 5:03:54 PM org.springframework.beans.factory.xml.XmlBeanDefinitionReader loadBeanDefinitions
INFO: Loading XML bean definitions from class path resource [applicationContext.xml]
Oct 10, 2017 5:03:54 PM org.springframework.context.support.ClassPathXmlApplicationContext prepareRefresh
INFO: Refreshing org.springframework.context.support.ClassPathXmlApplicationContext@331d677b: startup date [Tue Oct 10 17:03:54 EDT 2017]; root of context hierarchy
Oct 10, 2017 5:03:54 PM org.springframework.beans.factory.xml.XmlBeanDefinitionReader loadBeanDefinitions
INFO: Loading XML bean definitions from class path resource [applicationContext.xml]
Oct 10, 2017 5:03:54 PM org.springframework.context.support.ClassPathXmlApplicationContext prepareRefresh
INFO: Refreshing org.springframework.context.support.ClassPathXmlApplicationContext@72d9e2b: startup date [Tue Oct 10 17:03:54 EDT 2017]; root of context hierarchy
Oct 10, 2017 5:03:54 PM org.springframework.beans.factory.xml.XmlBeanDefinitionReader loadBeanDefinitions
INFO: Loading XML bean definitions from class path resource [applicationContext.xml]
Oct 10, 2017 5:03:54 PM org.springframework.context.support.ClassPathXmlApplicationContext prepareRefresh
INFO: Refreshing org.springframework.context.support.ClassPathXmlApplicationContext@7d4e76ba: startup date [Tue Oct 10 17:03:54 EDT 2017]; root of context hierarchy
Oct 10, 2017 5:03:54 PM org.springframework.beans.factory.xml.XmlBeanDefinitionReader loadBeanDefinitions
INFO: Loading XML bean definitions from class path resource [applicationContext.xml]
Oct 10, 2017 5:03:54 PM org.springframework.context.support.ClassPathXmlApplicationContext prepareRefresh
INFO: Refreshing org.springframework.context.support.ClassPathXmlApplicationContext@7ae4818c: startup date [Tue Oct 10 17:03:54 EDT 2017]; root of context hierarchy
Oct 10, 2017 5:03:54 PM org.springframework.beans.factory.xml.XmlBeanDefinitionReader loadBeanDefinitions
INFO: Loading XML bean definitions from class path resource [applicationContext.xml]
Oct 10, 2017 5:03:54 PM org.springframework.context.support.ClassPathXmlApplicationContext prepareRefresh
INFO: Refreshing org.springframework.context.support.ClassPathXmlApplicationContext@23ea1204: startup date [Tue Oct 10 17:03:54 EDT 2017]; root of context hierarchy
Oct 10, 2017 5:03:54 PM org.springframework.beans.factory.xml.XmlBeanDefinitionReader loadBeanDefinitions
INFO: Loading XML bean definitions from class path resource [applicationContext.xml]
Oct 10, 2017 5:03:54 PM org.springframework.context.support.ClassPathXmlApplicationContext prepareRefresh
INFO: Refreshing org.springframework.context.support.ClassPathXmlApplicationContext@719aedb4: startup date [Tue Oct 10 17:03:54 EDT 2017]; root of context hierarchy
Oct 10, 2017 5:03:54 PM org.springframework.beans.factory.xml.XmlBeanDefinitionReader loadBeanDefinitions
INFO: Loading XML bean definitions from class path resource [applicationContext.xml]
Oct 10, 2017 5:03:54 PM org.springframework.context.support.ClassPathXmlApplicationContext prepareRefresh
INFO: Refreshing org.springframework.context.support.ClassPathXmlApplicationContext@5dd2638f: startup date [Tue Oct 10 17:03:54 EDT 2017]; root of context hierarchy
Oct 10, 2017 5:03:54 PM org.springframework.beans.factory.xml.XmlBeanDefinitionReader loadBeanDefinitions
INFO: Loading XML bean definitions from class path resource [applicationContext.xml]
Oct 10, 2017 5:03:54 PM org.springframework.context.support.ClassPathXmlApplicationContext prepareRefresh
INFO: Refreshing org.springframework.context.support.ClassPathXmlApplicationContext@9d90d02: startup date [Tue Oct 10 17:03:54 EDT 2017]; root of context hierarchy
Oct 10, 2017 5:03:54 PM org.springframework.beans.factory.xml.XmlBeanDefinitionReader loadBeanDefinitions
INFO: Loading XML bean definitions from class path resource [applicationContext.xml]
Oct 10, 2017 5:03:54 PM org.springframework.context.support.ClassPathXmlApplicationContext prepareRefresh
INFO: Refreshing org.springframework.context.support.ClassPathXmlApplicationContext@74b15ca1: startup date [Tue Oct 10 17:03:54 EDT 2017]; root of context hierarchy
Oct 10, 2017 5:03:54 PM org.springframework.beans.factory.xml.XmlBeanDefinitionReader loadBeanDefinitions
INFO: Loading XML bean definitions from class path resource [applicationContext.xml]
Oct 10, 2017 5:03:54 PM org.springframework.context.support.ClassPathXmlApplicationContext prepareRefresh
INFO: Refreshing org.springframework.context.support.ClassPathXmlApplicationContext@2d4866fa: startup date [Tue Oct 10 17:03:54 EDT 2017]; root of context hierarchy
Oct 10, 2017 5:03:54 PM org.springframework.beans.factory.xml.XmlBeanDefinitionReader loadBeanDefinitions
INFO: Loading XML bean definitions from class path resource [applicationContext.xml]
Oct 10, 2017 5:03:54 PM org.springframework.context.support.ClassPathXmlApplicationContext prepareRefresh
INFO: Refreshing org.springframework.context.support.ClassPathXmlApplicationContext@44df39a6: startup date [Tue Oct 10 17:03:54 EDT 2017]; root of context hierarchy
Oct 10, 2017 5:03:54 PM org.springframework.beans.factory.xml.XmlBeanDefinitionReader loadBeanDefinitions
INFO: Loading XML bean definitions from class path resource [applicationContext.xml]
Oct 10, 2017 5:03:54 PM org.springframework.context.support.ClassPathXmlApplicationContext prepareRefresh
INFO: Refreshing org.springframework.context.support.ClassPathXmlApplicationContext@1e9d42e6: startup date [Tue Oct 10 17:03:54 EDT 2017]; root of context hierarchy
Oct 10, 2017 5:03:54 PM org.springframework.beans.factory.xml.XmlBeanDefinitionReader loadBeanDefinitions
INFO: Loading XML bean definitions from class path resource [applicationContext.xml]
Oct 10, 2017 5:03:54 PM org.springframework.context.support.ClassPathXmlApplicationContext prepareRefresh
INFO: Refreshing org.springframework.context.support.ClassPathXmlApplicationContext@75e470fe: startup date [Tue Oct 10 17:03:54 EDT 2017]; root of context hierarchy
Oct 10, 2017 5:03:54 PM org.springframework.beans.factory.xml.XmlBeanDefinitionReader loadBeanDefinitions
INFO: Loading XML bean definitions from class path resource [applicationContext.xml]
Oct 10, 2017 5:03:54 PM org.springframework.context.support.ClassPathXmlApplicationContext prepareRefresh
INFO: Refreshing org.springframework.context.support.ClassPathXmlApplicationContext@779a1e7e: startup date [Tue Oct 10 17:03:54 EDT 2017]; root of context hierarchy
Oct 10, 2017 5:03:54 PM org.springframework.beans.factory.xml.XmlBeanDefinitionReader loadBeanDefinitions
INFO: Loading XML bean definitions from class path resource [applicationContext.xml]
Oct 10, 2017 5:03:54 PM org.springframework.context.support.ClassPathXmlApplicationContext prepareRefresh
INFO: Refreshing org.springframework.context.support.ClassPathXmlApplicationContext@7c1d990f: startup date [Tue Oct 10 17:03:54 EDT 2017]; root of context hierarchy
Oct 10, 2017 5:03:54 PM org.springframework.beans.factory.xml.XmlBeanDefinitionReader loadBeanDefinitions
INFO: Loading XML bean definitions from class path resource [applicationContext.xml]
Oct 10, 2017 5:03:54 PM org.springframework.context.support.ClassPathXmlApplicationContext prepareRefresh
INFO: Refreshing org.springframework.context.support.ClassPathXmlApplicationContext@590faf6e: startup date [Tue Oct 10 17:03:54 EDT 2017]; root of context hierarchy
Oct 10, 2017 5:03:54 PM org.springframework.beans.factory.xml.XmlBeanDefinitionReader loadBeanDefinitions
INFO: Loading XML bean definitions from class path resource [applicationContext.xml]
Oct 10, 2017 5:03:54 PM org.springframework.context.support.ClassPathXmlApplicationContext prepareRefresh
INFO: Refreshing org.springframework.context.support.ClassPathXmlApplicationContext@37714397: startup date [Tue Oct 10 17:03:54 EDT 2017]; root of context hierarchy
Oct 10, 2017 5:03:54 PM org.springframework.beans.factory.xml.XmlBeanDefinitionReader loadBeanDefinitions
INFO: Loading XML bean definitions from class path resource [applicationContext.xml]
Oct 10, 2017 5:03:54 PM org.springframework.context.support.ClassPathXmlApplicationContext prepareRefresh
INFO: Refreshing org.springframework.context.support.ClassPathXmlApplicationContext@7b32dbe6: startup date [Tue Oct 10 17:03:54 EDT 2017]; root of context hierarchy
Oct 10, 2017 5:03:54 PM org.springframework.beans.factory.xml.XmlBeanDefinitionReader loadBeanDefinitions
INFO: Loading XML bean definitions from class path resource [applicationContext.xml]
Oct 10, 2017 5:03:54 PM org.springframework.context.support.ClassPathXmlApplicationContext prepareRefresh
INFO: Refreshing org.springframework.context.support.ClassPathXmlApplicationContext@3137b10b: startup date [Tue Oct 10 17:03:54 EDT 2017]; root of context hierarchy
Oct 10, 2017 5:03:54 PM org.springframework.beans.factory.xml.XmlBeanDefinitionReader loadBeanDefinitions
INFO: Loading XML bean definitions from class path resource [applicationContext.xml]
Oct 10, 2017 5:03:54 PM org.springframework.context.support.ClassPathXmlApplicationContext prepareRefresh
INFO: Refreshing org.springframework.context.support.ClassPathXmlApplicationContext@69ea13a1: startup date [Tue Oct 10 17:03:54 EDT 2017]; root of context hierarchy
Oct 10, 2017 5:03:54 PM org.springframework.beans.factory.xml.XmlBeanDefinitionReader loadBeanDefinitions
INFO: Loading XML bean definitions from class path resource [applicationContext.xml]
Oct 10, 2017 5:03:54 PM org.springframework.context.support.ClassPathXmlApplicationContext prepareRefresh
INFO: Refreshing org.springframework.context.support.ClassPathXmlApplicationContext@64311278: startup date [Tue Oct 10 17:03:54 EDT 2017]; root of context hierarchy
Oct 10, 2017 5:03:54 PM org.springframework.beans.factory.xml.XmlBeanDefinitionReader loadBeanDefinitions
INFO: Loading XML bean definitions from class path resource [applicationContext.xml]
Oct 10, 2017 5:03:54 PM org.springframework.context.support.ClassPathXmlApplicationContext prepareRefresh
INFO: Refreshing org.springframework.context.support.ClassPathXmlApplicationContext@c0674ff: startup date [Tue Oct 10 17:03:54 EDT 2017]; root of context hierarchy
Oct 10, 2017 5:03:54 PM org.springframework.beans.factory.xml.XmlBeanDefinitionReader loadBeanDefinitions
INFO: Loading XML bean definitions from class path resource [applicationContext.xml]
Oct 10, 2017 5:03:54 PM org.springframework.context.support.ClassPathXmlApplicationContext prepareRefresh
INFO: Refreshing org.springframework.context.support.ClassPathXmlApplicationContext@4e2d31f0: startup date [Tue Oct 10 17:03:54 EDT 2017]; root of context hierarchy
Oct 10, 2017 5:03:54 PM org.springframework.beans.factory.xml.XmlBeanDefinitionReader loadBeanDefinitions
INFO: Loading XML bean definitions from class path resource [applicationContext.xml]
Oct 10, 2017 5:03:54 PM org.springframework.context.support.ClassPathXmlApplicationContext prepareRefresh
INFO: Refreshing org.springframework.context.support.ClassPathXmlApplicationContext@3defaa6c: startup date [Tue Oct 10 17:03:54 EDT 2017]; root of context hierarchy
Oct 10, 2017 5:03:54 PM org.springframework.beans.factory.xml.XmlBeanDefinitionReader loadBeanDefinitions
INFO: Loading XML bean definitions from class path resource [applicationContext.xml]
Oct 10, 2017 5:03:54 PM org.springframework.context.support.ClassPathXmlApplicationContext prepareRefresh
INFO: Refreshing org.springframework.context.support.ClassPathXmlApplicationContext@7b8b415c: startup date [Tue Oct 10 17:03:54 EDT 2017]; root of context hierarchy
Oct 10, 2017 5:03:54 PM org.springframework.beans.factory.xml.XmlBeanDefinitionReader loadBeanDefinitions
INFO: Loading XML bean definitions from class path resource [applicationContext.xml]
Oct 10, 2017 5:03:54 PM org.springframework.context.support.ClassPathXmlApplicationContext prepareRefresh
INFO: Refreshing org.springframework.context.support.ClassPathXmlApplicationContext@646b56b: startup date [Tue Oct 10 17:03:54 EDT 2017]; root of context hierarchy
Oct 10, 2017 5:03:54 PM org.springframework.beans.factory.xml.XmlBeanDefinitionReader loadBeanDefinitions
INFO: Loading XML bean definitions from class path resource [applicationContext.xml]
Oct 10, 2017 5:03:54 PM org.springframework.context.support.ClassPathXmlApplicationContext prepareRefresh
INFO: Refreshing org.springframework.context.support.ClassPathXmlApplicationContext@ae3d6a0: startup date [Tue Oct 10 17:03:54 EDT 2017]; root of context hierarchy
Oct 10, 2017 5:03:54 PM org.springframework.beans.factory.xml.XmlBeanDefinitionReader loadBeanDefinitions
INFO: Loading XML bean definitions from class path resource [applicationContext.xml]
Oct 10, 2017 5:03:54 PM org.springframework.context.support.ClassPathXmlApplicationContext prepareRefresh
INFO: Refreshing org.springframework.context.support.ClassPathXmlApplicationContext@780f97a: startup date [Tue Oct 10 17:03:54 EDT 2017]; root of context hierarchy
Oct 10, 2017 5:03:54 PM org.springframework.beans.factory.xml.XmlBeanDefinitionReader loadBeanDefinitions
INFO: Loading XML bean definitions from class path resource [applicationContext.xml]
Oct 10, 2017 5:03:54 PM org.springframework.context.support.ClassPathXmlApplicationContext prepareRefresh
INFO: Refreshing org.springframework.context.support.ClassPathXmlApplicationContext@4b122953: startup date [Tue Oct 10 17:03:54 EDT 2017]; root of context hierarchy
Oct 10, 2017 5:03:54 PM org.springframework.beans.factory.xml.XmlBeanDefinitionReader loadBeanDefinitions
INFO: Loading XML bean definitions from class path resource [applicationContext.xml]
Oct 10, 2017 5:03:54 PM org.springframework.context.support.ClassPathXmlApplicationContext prepareRefresh
INFO: Refreshing org.springframework.context.support.ClassPathXmlApplicationContext@51267948: startup date [Tue Oct 10 17:03:54 EDT 2017]; root of context hierarchy
Oct 10, 2017 5:03:54 PM org.springframework.beans.factory.xml.XmlBeanDefinitionReader loadBeanDefinitions
INFO: Loading XML bean definitions from class path resource [applicationContext.xml]
Oct 10, 2017 5:03:54 PM org.springframework.context.support.ClassPathXmlApplicationContext prepareRefresh
INFO: Refreshing org.springframework.context.support.ClassPathXmlApplicationContext@633712b3: startup date [Tue Oct 10 17:03:54 EDT 2017]; root of context hierarchy
Oct 10, 2017 5:03:54 PM org.springframework.beans.factory.xml.XmlBeanDefinitionReader loadBeanDefinitions
INFO: Loading XML bean definitions from class path resource [applicationContext.xml]
Oct 10, 2017 5:03:54 PM org.springframework.context.support.ClassPathXmlApplicationContext prepareRefresh
INFO: Refreshing org.springframework.context.support.ClassPathXmlApplicationContext@dfd0762: startup date [Tue Oct 10 17:03:54 EDT 2017]; root of context hierarchy
Oct 10, 2017 5:03:54 PM org.springframework.beans.factory.xml.XmlBeanDefinitionReader loadBeanDefinitions
INFO: Loading XML bean definitions from class path resource [applicationContext.xml]
Oct 10, 2017 5:03:54 PM org.springframework.context.support.ClassPathXmlApplicationContext prepareRefresh
INFO: Refreshing org.springframework.context.support.ClassPathXmlApplicationContext@4ce43796: startup date [Tue Oct 10 17:03:54 EDT 2017]; root of context hierarchy
Oct 10, 2017 5:03:54 PM org.springframework.beans.factory.xml.XmlBeanDefinitionReader loadBeanDefinitions
INFO: Loading XML bean definitions from class path resource [applicationContext.xml]
Oct 10, 2017 5:03:54 PM org.springframework.context.support.ClassPathXmlApplicationContext prepareRefresh
INFO: Refreshing org.springframework.context.support.ClassPathXmlApplicationContext@47a65ab3: startup date [Tue Oct 10 17:03:54 EDT 2017]; root of context hierarchy
Oct 10, 2017 5:03:54 PM org.springframework.beans.factory.xml.XmlBeanDefinitionReader loadBeanDefinitions
INFO: Loading XML bean definitions from class path resource [applicationContext.xml]
Oct 10, 2017 5:03:54 PM org.springframework.context.support.ClassPathXmlApplicationContext prepareRefresh
INFO: Refreshing org.springframework.context.support.ClassPathXmlApplicationContext@3a7aa61c: startup date [Tue Oct 10 17:03:54 EDT 2017]; root of context hierarchy
Oct 10, 2017 5:03:54 PM org.springframework.beans.factory.xml.XmlBeanDefinitionReader loadBeanDefinitions
INFO: Loading XML bean definitions from class path resource [applicationContext.xml]
Oct 10, 2017 5:03:54 PM org.springframework.context.support.ClassPathXmlApplicationContext prepareRefresh
INFO: Refreshing org.springframework.context.support.ClassPathXmlApplicationContext@66ad1367: startup date [Tue Oct 10 17:03:54 EDT 2017]; root of context hierarchy
Oct 10, 2017 5:03:54 PM org.springframework.beans.factory.xml.XmlBeanDefinitionReader loadBeanDefinitions
INFO: Loading XML bean definitions from class path resource [applicationContext.xml]
Oct 10, 2017 5:03:54 PM org.springframework.context.support.ClassPathXmlApplicationContext prepareRefresh
INFO: Refreshing org.springframework.context.support.ClassPathXmlApplicationContext@98915f1: startup date [Tue Oct 10 17:03:54 EDT 2017]; root of context hierarchy
Oct 10, 2017 5:03:54 PM org.springframework.beans.factory.xml.XmlBeanDefinitionReader loadBeanDefinitions
INFO: Loading XML bean definitions from class path resource [applicationContext.xml]
Oct 10, 2017 5:03:54 PM org.springframework.context.support.ClassPathXmlApplicationContext prepareRefresh
INFO: Refreshing org.springframework.context.support.ClassPathXmlApplicationContext@50f2336f: startup date [Tue Oct 10 17:03:54 EDT 2017]; root of context hierarchy
Oct 10, 2017 5:03:54 PM org.springframework.beans.factory.xml.XmlBeanDefinitionReader loadBeanDefinitions
INFO: Loading XML bean definitions from class path resource [applicationContext.xml]
Oct 10, 2017 5:03:54 PM org.springframework.context.support.ClassPathXmlApplicationContext prepareRefresh
INFO: Refreshing org.springframework.context.support.ClassPathXmlApplicationContext@143a9ed1: startup date [Tue Oct 10 17:03:54 EDT 2017]; root of context hierarchy
Oct 10, 2017 5:03:54 PM org.springframework.beans.factory.xml.XmlBeanDefinitionReader loadBeanDefinitions
INFO: Loading XML bean definitions from class path resource [applicationContext.xml]
Oct 10, 2017 5:03:54 PM org.springframework.context.support.ClassPathXmlApplicationContext prepareRefresh
INFO: Refreshing org.springframework.context.support.ClassPathXmlApplicationContext@18a1c2e2: startup date [Tue Oct 10 17:03:54 EDT 2017]; root of context hierarchy
Oct 10, 2017 5:03:54 PM org.springframework.beans.factory.xml.XmlBeanDefinitionReader loadBeanDefinitions
INFO: Loading XML bean definitions from class path resource [applicationContext.xml]
Oct 10, 2017 5:03:54 PM org.springframework.context.support.ClassPathXmlApplicationContext prepareRefresh
INFO: Refreshing org.springframework.context.support.ClassPathXmlApplicationContext@167f800: startup date [Tue Oct 10 17:03:54 EDT 2017]; root of context hierarchy
Oct 10, 2017 5:03:54 PM org.springframework.beans.factory.xml.XmlBeanDefinitionReader loadBeanDefinitions
INFO: Loading XML bean definitions from class path resource [applicationContext.xml]
Oct 10, 2017 5:03:54 PM org.springframework.context.support.ClassPathXmlApplicationContext prepareRefresh
INFO: Refreshing org.springframework.context.support.ClassPathXmlApplicationContext@1ad95ddb: startup date [Tue Oct 10 17:03:54 EDT 2017]; root of context hierarchy
Oct 10, 2017 5:03:54 PM org.springframework.beans.factory.xml.XmlBeanDefinitionReader loadBeanDefinitions
INFO: Loading XML bean definitions from class path resource [applicationContext.xml]
Oct 10, 2017 5:03:54 PM org.springframework.context.support.ClassPathXmlApplicationContext prepareRefresh
INFO: Refreshing org.springframework.context.support.ClassPathXmlApplicationContext@554621fa: startup date [Tue Oct 10 17:03:54 EDT 2017]; root of context hierarchy
Oct 10, 2017 5:03:54 PM org.springframework.beans.factory.xml.XmlBeanDefinitionReader loadBeanDefinitions
INFO: Loading XML bean definitions from class path resource [applicationContext.xml]
Oct 10, 2017 5:03:54 PM org.springframework.context.support.ClassPathXmlApplicationContext prepareRefresh
INFO: Refreshing org.springframework.context.support.ClassPathXmlApplicationContext@766f2378: startup date [Tue Oct 10 17:03:54 EDT 2017]; root of context hierarchy
Oct 10, 2017 5:03:54 PM org.springframework.beans.factory.xml.XmlBeanDefinitionReader loadBeanDefinitions
INFO: Loading XML bean definitions from class path resource [applicationContext.xml]
Oct 10, 2017 5:03:54 PM org.springframework.context.support.ClassPathXmlApplicationContext prepareRefresh
INFO: Refreshing org.springframework.context.support.ClassPathXmlApplicationContext@10b53e70: startup date [Tue Oct 10 17:03:54 EDT 2017]; root of context hierarchy
Oct 10, 2017 5:03:54 PM org.springframework.beans.factory.xml.XmlBeanDefinitionReader loadBeanDefinitions
INFO: Loading XML bean definitions from class path resource [applicationContext.xml]
Oct 10, 2017 5:03:54 PM org.springframework.context.support.ClassPathXmlApplicationContext prepareRefresh
INFO: Refreshing org.springframework.context.support.ClassPathXmlApplicationContext@6402ddfc: startup date [Tue Oct 10 17:03:54 EDT 2017]; root of context hierarchy
Oct 10, 2017 5:03:54 PM org.springframework.beans.factory.xml.XmlBeanDefinitionReader loadBeanDefinitions
INFO: Loading XML bean definitions from class path resource [applicationContext.xml]
Oct 10, 2017 5:03:54 PM org.springframework.context.support.ClassPathXmlApplicationContext prepareRefresh
INFO: Refreshing org.springframework.context.support.ClassPathXmlApplicationContext@5f94b7c8: startup date [Tue Oct 10 17:03:54 EDT 2017]; root of context hierarchy
Oct 10, 2017 5:03:54 PM org.springframework.beans.factory.xml.XmlBeanDefinitionReader loadBeanDefinitions
INFO: Loading XML bean definitions from class path resource [applicationContext.xml]
Oct 10, 2017 5:03:54 PM org.springframework.context.support.ClassPathXmlApplicationContext prepareRefresh
INFO: Refreshing org.springframework.context.support.ClassPathXmlApplicationContext@735770f6: startup date [Tue Oct 10 17:03:54 EDT 2017]; root of context hierarchy
Oct 10, 2017 5:03:54 PM org.springframework.beans.factory.xml.XmlBeanDefinitionReader loadBeanDefinitions
INFO: Loading XML bean definitions from class path resource [applicationContext.xml]
Oct 10, 2017 5:03:54 PM org.springframework.context.support.ClassPathXmlApplicationContext prepareRefresh
INFO: Refreshing org.springframework.context.support.ClassPathXmlApplicationContext@2402b297: startup date [Tue Oct 10 17:03:54 EDT 2017]; root of context hierarchy
Oct 10, 2017 5:03:54 PM org.springframework.beans.factory.xml.XmlBeanDefinitionReader loadBeanDefinitions
INFO: Loading XML bean definitions from class path resource [applicationContext.xml]
Oct 10, 2017 5:03:54 PM org.springframework.context.support.ClassPathXmlApplicationContext prepareRefresh
INFO: Refreshing org.springframework.context.support.ClassPathXmlApplicationContext@7d76ed7f: startup date [Tue Oct 10 17:03:54 EDT 2017]; root of context hierarchy
Oct 10, 2017 5:03:54 PM org.springframework.beans.factory.xml.XmlBeanDefinitionReader loadBeanDefinitions
INFO: Loading XML bean definitions from class path resource [applicationContext.xml]
Oct 10, 2017 5:03:54 PM org.springframework.context.support.ClassPathXmlApplicationContext prepareRefresh
INFO: Refreshing org.springframework.context.support.ClassPathXmlApplicationContext@32befd04: startup date [Tue Oct 10 17:03:54 EDT 2017]; root of context hierarchy
Oct 10, 2017 5:03:54 PM org.springframework.beans.factory.xml.XmlBeanDefinitionReader loadBeanDefinitions
INFO: Loading XML bean definitions from class path resource [applicationContext.xml]
Oct 10, 2017 5:03:54 PM org.springframework.context.support.ClassPathXmlApplicationContext prepareRefresh
INFO: Refreshing org.springframework.context.support.ClassPathXmlApplicationContext@1dd694d0: startup date [Tue Oct 10 17:03:54 EDT 2017]; root of context hierarchy
Oct 10, 2017 5:03:54 PM org.springframework.beans.factory.xml.XmlBeanDefinitionReader loadBeanDefinitions
INFO: Loading XML bean definitions from class path resource [applicationContext.xml]
Oct 10, 2017 5:03:54 PM org.springframework.context.support.ClassPathXmlApplicationContext prepareRefresh
INFO: Refreshing org.springframework.context.support.ClassPathXmlApplicationContext@746fded5: startup date [Tue Oct 10 17:03:54 EDT 2017]; root of context hierarchy
Oct 10, 2017 5:03:54 PM org.springframework.beans.factory.xml.XmlBeanDefinitionReader loadBeanDefinitions
INFO: Loading XML bean definitions from class path resource [applicationContext.xml]
Oct 10, 2017 5:03:54 PM org.springframework.context.support.ClassPathXmlApplicationContext prepareRefresh
INFO: Refreshing org.springframework.context.support.ClassPathXmlApplicationContext@28402259: startup date [Tue Oct 10 17:03:54 EDT 2017]; root of context hierarchy
Oct 10, 2017 5:03:54 PM org.springframework.beans.factory.xml.XmlBeanDefinitionReader loadBeanDefinitions
INFO: Loading XML bean definitions from class path resource [applicationContext.xml]
Oct 10, 2017 5:03:54 PM org.springframework.context.support.ClassPathXmlApplicationContext prepareRefresh
INFO: Refreshing org.springframework.context.support.ClassPathXmlApplicationContext@11f2fbc0: startup date [Tue Oct 10 17:03:54 EDT 2017]; root of context hierarchy
Oct 10, 2017 5:03:54 PM org.springframework.beans.factory.xml.XmlBeanDefinitionReader loadBeanDefinitions
INFO: Loading XML bean definitions from class path resource [applicationContext.xml]
Oct 10, 2017 5:03:54 PM org.springframework.context.support.ClassPathXmlApplicationContext prepareRefresh
INFO: Refreshing org.springframework.context.support.ClassPathXmlApplicationContext@55f54ae1: startup date [Tue Oct 10 17:03:54 EDT 2017]; root of context hierarchy
Oct 10, 2017 5:03:54 PM org.springframework.beans.factory.xml.XmlBeanDefinitionReader loadBeanDefinitions
INFO: Loading XML bean definitions from class path resource [applicationContext.xml]
Oct 10, 2017 5:03:54 PM org.springframework.context.support.ClassPathXmlApplicationContext prepareRefresh
INFO: Refreshing org.springframework.context.support.ClassPathXmlApplicationContext@f826e47: startup date [Tue Oct 10 17:03:54 EDT 2017]; root of context hierarchy
Oct 10, 2017 5:03:54 PM org.springframework.beans.factory.xml.XmlBeanDefinitionReader loadBeanDefinitions
INFO: Loading XML bean definitions from class path resource [applicationContext.xml]
Oct 10, 2017 5:03:54 PM org.springframework.context.support.ClassPathXmlApplicationContext prepareRefresh
INFO: Refreshing org.springframework.context.support.ClassPathXmlApplicationContext@373781f5: startup date [Tue Oct 10 17:03:54 EDT 2017]; root of context hierarchy
Oct 10, 2017 5:03:54 PM org.springframework.beans.factory.xml.XmlBeanDefinitionReader loadBeanDefinitions
INFO: Loading XML bean definitions from class path resource [applicationContext.xml]
Oct 10, 2017 5:03:54 PM org.springframework.context.support.ClassPathXmlApplicationContext prepareRefresh
INFO: Refreshing org.springframework.context.support.ClassPathXmlApplicationContext@2a7f145c: startup date [Tue Oct 10 17:03:54 EDT 2017]; root of context hierarchy
Oct 10, 2017 5:03:54 PM org.springframework.beans.factory.xml.XmlBeanDefinitionReader loadBeanDefinitions
INFO: Loading XML bean definitions from class path resource [applicationContext.xml]
Oct 10, 2017 5:03:54 PM org.springframework.context.support.ClassPathXmlApplicationContext prepareRefresh
INFO: Refreshing org.springframework.context.support.ClassPathXmlApplicationContext@1b046f0f: startup date [Tue Oct 10 17:03:54 EDT 2017]; root of context hierarchy
Oct 10, 2017 5:03:54 PM org.springframework.beans.factory.xml.XmlBeanDefinitionReader loadBeanDefinitions
INFO: Loading XML bean definitions from class path resource [applicationContext.xml]
Oct 10, 2017 5:03:54 PM org.springframework.context.support.ClassPathXmlApplicationContext prepareRefresh
INFO: Refreshing org.springframework.context.support.ClassPathXmlApplicationContext@1b917fbf: startup date [Tue Oct 10 17:03:54 EDT 2017]; root of context hierarchy
Oct 10, 2017 5:03:54 PM org.springframework.beans.factory.xml.XmlBeanDefinitionReader loadBeanDefinitions
INFO: Loading XML bean definitions from class path resource [applicationContext.xml]
Oct 10, 2017 5:03:55 PM org.springframework.context.support.ClassPathXmlApplicationContext prepareRefresh
INFO: Refreshing org.springframework.context.support.ClassPathXmlApplicationContext@71848927: startup date [Tue Oct 10 17:03:55 EDT 2017]; root of context hierarchy
Oct 10, 2017 5:03:55 PM org.springframework.beans.factory.xml.XmlBeanDefinitionReader loadBeanDefinitions
INFO: Loading XML bean definitions from class path resource [applicationContext.xml]
Oct 10, 2017 5:03:55 PM org.springframework.context.support.ClassPathXmlApplicationContext prepareRefresh
INFO: Refreshing org.springframework.context.support.ClassPathXmlApplicationContext@44539920: startup date [Tue Oct 10 17:03:55 EDT 2017]; root of context hierarchy
Oct 10, 2017 5:03:55 PM org.springframework.beans.factory.xml.XmlBeanDefinitionReader loadBeanDefinitions
INFO: Loading XML bean definitions from class path resource [applicationContext.xml]
Oct 10, 2017 5:03:55 PM org.springframework.context.support.ClassPathXmlApplicationContext prepareRefresh
INFO: Refreshing org.springframework.context.support.ClassPathXmlApplicationContext@6412eb96: startup date [Tue Oct 10 17:03:55 EDT 2017]; root of context hierarchy
Oct 10, 2017 5:03:55 PM org.springframework.beans.factory.xml.XmlBeanDefinitionReader loadBeanDefinitions
INFO: Loading XML bean definitions from class path resource [applicationContext.xml]
Oct 10, 2017 5:03:55 PM org.springframework.context.support.ClassPathXmlApplicationContext prepareRefresh
INFO: Refreshing org.springframework.context.support.ClassPathXmlApplicationContext@18c78f33: startup date [Tue Oct 10 17:03:55 EDT 2017]; root of context hierarchy
Oct 10, 2017 5:03:55 PM org.springframework.beans.factory.xml.XmlBeanDefinitionReader loadBeanDefinitions
INFO: Loading XML bean definitions from class path resource [applicationContext.xml]
Oct 10, 2017 5:03:55 PM org.springframework.context.support.ClassPathXmlApplicationContext prepareRefresh
INFO: Refreshing org.springframework.context.support.ClassPathXmlApplicationContext@48bb3d97: startup date [Tue Oct 10 17:03:55 EDT 2017]; root of context hierarchy
Oct 10, 2017 5:03:55 PM org.springframework.beans.factory.xml.XmlBeanDefinitionReader loadBeanDefinitions
INFO: Loading XML bean definitions from class path resource [applicationContext.xml]
Oct 10, 2017 5:03:55 PM org.springframework.context.support.ClassPathXmlApplicationContext prepareRefresh
INFO: Refreshing org.springframework.context.support.ClassPathXmlApplicationContext@46a440e9: startup date [Tue Oct 10 17:03:55 EDT 2017]; root of context hierarchy
Oct 10, 2017 5:03:55 PM org.springframework.beans.factory.xml.XmlBeanDefinitionReader loadBeanDefinitions
INFO: Loading XML bean definitions from class path resource [applicationContext.xml]
Oct 10, 2017 5:03:55 PM org.springframework.context.support.ClassPathXmlApplicationContext prepareRefresh
INFO: Refreshing org.springframework.context.support.ClassPathXmlApplicationContext@4e689e73: startup date [Tue Oct 10 17:03:55 EDT 2017]; root of context hierarchy
Oct 10, 2017 5:03:55 PM org.springframework.beans.factory.xml.XmlBeanDefinitionReader loadBeanDefinitions
INFO: Loading XML bean definitions from class path resource [applicationContext.xml]
Oct 10, 2017 5:03:55 PM org.springframework.context.support.ClassPathXmlApplicationContext prepareRefresh
INFO: Refreshing org.springframework.context.support.ClassPathXmlApplicationContext@4762b7bd: startup date [Tue Oct 10 17:03:55 EDT 2017]; root of context hierarchy
Oct 10, 2017 5:03:55 PM org.springframework.beans.factory.xml.XmlBeanDefinitionReader loadBeanDefinitions
INFO: Loading XML bean definitions from class path resource [applicationContext.xml]
Oct 10, 2017 5:03:55 PM org.springframework.context.support.ClassPathXmlApplicationContext prepareRefresh
INFO: Refreshing org.springframework.context.support.ClassPathXmlApplicationContext@4f3fd01f: startup date [Tue Oct 10 17:03:55 EDT 2017]; root of context hierarchy
Oct 10, 2017 5:03:55 PM org.springframework.beans.factory.xml.XmlBeanDefinitionReader loadBeanDefinitions
INFO: Loading XML bean definitions from class path resource [applicationContext.xml]
Oct 10, 2017 5:03:55 PM org.springframework.context.support.ClassPathXmlApplicationContext prepareRefresh
INFO: Refreshing org.springframework.context.support.ClassPathXmlApplicationContext@5cb1c0d8: startup date [Tue Oct 10 17:03:55 EDT 2017]; root of context hierarchy
Oct 10, 2017 5:03:55 PM org.springframework.beans.factory.xml.XmlBeanDefinitionReader loadBeanDefinitions
INFO: Loading XML bean definitions from class path resource [applicationContext.xml]
Oct 10, 2017 5:03:55 PM org.springframework.context.support.ClassPathXmlApplicationContext prepareRefresh
INFO: Refreshing org.springframework.context.support.ClassPathXmlApplicationContext@32d6500e: startup date [Tue Oct 10 17:03:55 EDT 2017]; root of context hierarchy
Oct 10, 2017 5:03:55 PM org.springframework.beans.factory.xml.XmlBeanDefinitionReader loadBeanDefinitions
INFO: Loading XML bean definitions from class path resource [applicationContext.xml]
Oct 10, 2017 5:03:55 PM org.springframework.context.support.ClassPathXmlApplicationContext prepareRefresh
INFO: Refreshing org.springframework.context.support.ClassPathXmlApplicationContext@fc09801: startup date [Tue Oct 10 17:03:55 EDT 2017]; root of context hierarchy
Oct 10, 2017 5:03:55 PM org.springframework.beans.factory.xml.XmlBeanDefinitionReader loadBeanDefinitions
INFO: Loading XML bean definitions from class path resource [applicationContext.xml]
Oct 10, 2017 5:03:55 PM org.springframework.context.support.ClassPathXmlApplicationContext prepareRefresh
INFO: Refreshing org.springframework.context.support.ClassPathXmlApplicationContext@7835c438: startup date [Tue Oct 10 17:03:55 EDT 2017]; root of context hierarchy
Oct 10, 2017 5:03:55 PM org.springframework.beans.factory.xml.XmlBeanDefinitionReader loadBeanDefinitions
INFO: Loading XML bean definitions from class path resource [applicationContext.xml]
</system-err>
  </testcase>
  <testcase classname="com.sg.flooringmastery.dao.FMTaxRateDaoTest" name="testRemoveProduct" time="0.001">
    <error message="org.springframework.beans.FatalBeanException" type="java.lang.NoClassDefFoundError">java.lang.NoClassDefFoundError: org.springframework.beans.FatalBeanException
	at org.springframework.beans.factory.support.AbstractAutowireCapableBeanFactory.instantiateBean(AbstractAutowireCapableBeanFactory.java:1154)
	at org.springframework.beans.factory.support.AbstractAutowireCapableBeanFactory.createBeanInstance(AbstractAutowireCapableBeanFactory.java:1099)
	at org.springframework.beans.factory.support.AbstractAutowireCapableBeanFactory.doCreateBean(AbstractAutowireCapableBeanFactory.java:513)
	at org.springframework.beans.factory.support.AbstractAutowireCapableBeanFactory.createBean(AbstractAutowireCapableBeanFactory.java:483)
	at org.springframework.beans.factory.support.AbstractBeanFactory$1.getObject(AbstractBeanFactory.java:306)
	at org.springframework.beans.factory.support.DefaultSingletonBeanRegistry.getSingleton(DefaultSingletonBeanRegistry.java:230)
	at org.springframework.beans.factory.support.AbstractBeanFactory.doGetBean(AbstractBeanFactory.java:302)
	at org.springframework.beans.factory.support.AbstractBeanFactory.getBean(AbstractBeanFactory.java:197)
	at org.springframework.beans.factory.support.DefaultListableBeanFactory.preInstantiateSingletons(DefaultListableBeanFactory.java:761)
	at org.springframework.context.support.AbstractApplicationContext.finishBeanFactoryInitialization(AbstractApplicationContext.java:867)
	at org.springframework.context.support.AbstractApplicationContext.refresh(AbstractApplicationContext.java:543)
	at org.springframework.context.support.ClassPathXmlApplicationContext.&lt;init&gt;(ClassPathXmlApplicationContext.java:139)
	at org.springframework.context.support.ClassPathXmlApplicationContext.&lt;init&gt;(ClassPathXmlApplicationContext.java:83)
	at com.sg.flooringmastery.dao.FMTaxRateDaoTest.&lt;init&gt;(FMTaxRateDaoTest.java:28)
	at sun.reflect.NativeConstructorAccessorImpl.newInstance0(Native Method)
	at sun.reflect.NativeConstructorAccessorImpl.newInstance(NativeConstructorAccessorImpl.java:62)
	at sun.reflect.DelegatingConstructorAccessorImpl.newInstance(DelegatingConstructorAccessorImpl.java:45)
	at java.lang.reflect.Constructor.newInstance(Constructor.java:423)
	at org.junit.runners.BlockJUnit4ClassRunner.createTest(BlockJUnit4ClassRunner.java:217)
	at org.junit.runners.BlockJUnit4ClassRunner$1.runReflectiveCall(BlockJUnit4ClassRunner.java:266)
	at org.junit.internal.runners.model.ReflectiveCallable.run(ReflectiveCallable.java:12)
	at org.junit.runners.BlockJUnit4ClassRunner.methodBlock(BlockJUnit4ClassRunner.java:263)
	at org.junit.runners.BlockJUnit4ClassRunner.runChild(BlockJUnit4ClassRunner.java:78)
	at org.junit.runners.BlockJUnit4ClassRunner.runChild(BlockJUnit4ClassRunner.java:57)
	at org.junit.runners.ParentRunner$3.run(ParentRunner.java:290)
	at org.junit.runners.ParentRunner$1.schedule(ParentRunner.java:71)
	at org.junit.runners.ParentRunner.runChildren(ParentRunner.java:288)
	at org.junit.runners.ParentRunner.access$000(ParentRunner.java:58)
	at org.junit.runners.ParentRunner$2.evaluate(ParentRunner.java:268)
	at org.junit.runners.ParentRunner.run(ParentRunner.java:363)
	at org.apache.maven.surefire.junit4.JUnit4Provider.execute(JUnit4Provider.java:252)
	at org.apache.maven.surefire.junit4.JUnit4Provider.executeTestSet(JUnit4Provider.java:141)
	at org.apache.maven.surefire.junit4.JUnit4Provider.invoke(JUnit4Provider.java:112)
	at sun.reflect.NativeMethodAccessorImpl.invoke0(Native Method)
	at sun.reflect.NativeMethodAccessorImpl.invoke(NativeMethodAccessorImpl.java:62)
	at sun.reflect.DelegatingMethodAccessorImpl.invoke(DelegatingMethodAccessorImpl.java:43)
	at java.lang.reflect.Method.invoke(Method.java:498)
	at org.apache.maven.surefire.util.ReflectionUtils.invokeMethodWithArray(ReflectionUtils.java:189)
	at org.apache.maven.surefire.booter.ProviderFactory$ProviderProxy.invoke(ProviderFactory.java:165)
	at org.apache.maven.surefire.booter.ProviderFactory.invokeProvider(ProviderFactory.java:85)
	at org.apache.maven.surefire.booter.ForkedBooter.runSuitesInProcess(ForkedBooter.java:115)
	at org.apache.maven.surefire.booter.ForkedBooter.main(ForkedBooter.java:75)
</error>
    <system-err>Oct 10, 2017 5:03:55 PM org.springframework.context.support.ClassPathXmlApplicationContext prepareRefresh
INFO: Refreshing org.springframework.context.support.ClassPathXmlApplicationContext@552113bd: startup date [Tue Oct 10 17:03:55 EDT 2017]; root of context hierarchy
Oct 10, 2017 5:03:55 PM org.springframework.beans.factory.xml.XmlBeanDefinitionReader loadBeanDefinitions
INFO: Loading XML bean definitions from class path resource [applicationContext.xml]
Oct 10, 2017 5:03:55 PM org.springframework.context.support.ClassPathXmlApplicationContext prepareRefresh
INFO: Refreshing org.springframework.context.support.ClassPathXmlApplicationContext@10bcf7c: startup date [Tue Oct 10 17:03:55 EDT 2017]; root of context hierarchy
Oct 10, 2017 5:03:55 PM org.springframework.beans.factory.xml.XmlBeanDefinitionReader loadBeanDefinitions
INFO: Loading XML bean definitions from class path resource [applicationContext.xml]
Oct 10, 2017 5:03:55 PM org.springframework.context.support.ClassPathXmlApplicationContext prepareRefresh
INFO: Refreshing org.springframework.context.support.ClassPathXmlApplicationContext@43db07ef: startup date [Tue Oct 10 17:03:55 EDT 2017]; root of context hierarchy
Oct 10, 2017 5:03:55 PM org.springframework.beans.factory.xml.XmlBeanDefinitionReader loadBeanDefinitions
INFO: Loading XML bean definitions from class path resource [applicationContext.xml]
Oct 10, 2017 5:03:55 PM org.springframework.context.support.ClassPathXmlApplicationContext prepareRefresh
INFO: Refreshing org.springframework.context.support.ClassPathXmlApplicationContext@6fab539c: startup date [Tue Oct 10 17:03:55 EDT 2017]; root of context hierarchy
Oct 10, 2017 5:03:55 PM org.springframework.beans.factory.xml.XmlBeanDefinitionReader loadBeanDefinitions
INFO: Loading XML bean definitions from class path resource [applicationContext.xml]
Oct 10, 2017 5:03:55 PM org.springframework.context.support.ClassPathXmlApplicationContext prepareRefresh
INFO: Refreshing org.springframework.context.support.ClassPathXmlApplicationContext@4e71c0b0: startup date [Tue Oct 10 17:03:55 EDT 2017]; root of context hierarchy
Oct 10, 2017 5:03:55 PM org.springframework.beans.factory.xml.XmlBeanDefinitionReader loadBeanDefinitions
INFO: Loading XML bean definitions from class path resource [applicationContext.xml]
Oct 10, 2017 5:03:55 PM org.springframework.context.support.ClassPathXmlApplicationContext prepareRefresh
INFO: Refreshing org.springframework.context.support.ClassPathXmlApplicationContext@6dfd92ac: startup date [Tue Oct 10 17:03:55 EDT 2017]; root of context hierarchy
Oct 10, 2017 5:03:55 PM org.springframework.beans.factory.xml.XmlBeanDefinitionReader loadBeanDefinitions
INFO: Loading XML bean definitions from class path resource [applicationContext.xml]
Oct 10, 2017 5:03:55 PM org.springframework.context.support.ClassPathXmlApplicationContext prepareRefresh
INFO: Refreshing org.springframework.context.support.ClassPathXmlApplicationContext@5aecd8f6: startup date [Tue Oct 10 17:03:55 EDT 2017]; root of context hierarchy
Oct 10, 2017 5:03:55 PM org.springframework.beans.factory.xml.XmlBeanDefinitionReader loadBeanDefinitions
INFO: Loading XML bean definitions from class path resource [applicationContext.xml]
Oct 10, 2017 5:03:55 PM org.springframework.context.support.ClassPathXmlApplicationContext prepareRefresh
INFO: Refreshing org.springframework.context.support.ClassPathXmlApplicationContext@4c9bf23e: startup date [Tue Oct 10 17:03:55 EDT 2017]; root of context hierarchy
Oct 10, 2017 5:03:55 PM org.springframework.beans.factory.xml.XmlBeanDefinitionReader loadBeanDefinitions
INFO: Loading XML bean definitions from class path resource [applicationContext.xml]
Oct 10, 2017 5:03:55 PM org.springframework.context.support.ClassPathXmlApplicationContext prepareRefresh
INFO: Refreshing org.springframework.context.support.ClassPathXmlApplicationContext@1f9ff523: startup date [Tue Oct 10 17:03:55 EDT 2017]; root of context hierarchy
Oct 10, 2017 5:03:55 PM org.springframework.beans.factory.xml.XmlBeanDefinitionReader loadBeanDefinitions
INFO: Loading XML bean definitions from class path resource [applicationContext.xml]
Oct 10, 2017 5:03:55 PM org.springframework.context.support.ClassPathXmlApplicationContext prepareRefresh
INFO: Refreshing org.springframework.context.support.ClassPathXmlApplicationContext@ab5229c: startup date [Tue Oct 10 17:03:55 EDT 2017]; root of context hierarchy
Oct 10, 2017 5:03:55 PM org.springframework.beans.factory.xml.XmlBeanDefinitionReader loadBeanDefinitions
INFO: Loading XML bean definitions from class path resource [applicationContext.xml]
Oct 10, 2017 5:03:55 PM org.springframework.context.support.ClassPathXmlApplicationContext prepareRefresh
INFO: Refreshing org.springframework.context.support.ClassPathXmlApplicationContext@3e287cc1: startup date [Tue Oct 10 17:03:55 EDT 2017]; root of context hierarchy
Oct 10, 2017 5:03:55 PM org.springframework.beans.factory.xml.XmlBeanDefinitionReader loadBeanDefinitions
INFO: Loading XML bean definitions from class path resource [applicationContext.xml]
Oct 10, 2017 5:03:55 PM org.springframework.context.support.ClassPathXmlApplicationContext prepareRefresh
INFO: Refreshing org.springframework.context.support.ClassPathXmlApplicationContext@3ab73f01: startup date [Tue Oct 10 17:03:55 EDT 2017]; root of context hierarchy
Oct 10, 2017 5:03:55 PM org.springframework.beans.factory.xml.XmlBeanDefinitionReader loadBeanDefinitions
INFO: Loading XML bean definitions from class path resource [applicationContext.xml]
Oct 10, 2017 5:03:55 PM org.springframework.context.support.ClassPathXmlApplicationContext prepareRefresh
INFO: Refreshing org.springframework.context.support.ClassPathXmlApplicationContext@6e35babe: startup date [Tue Oct 10 17:03:55 EDT 2017]; root of context hierarchy
Oct 10, 2017 5:03:55 PM org.springframework.beans.factory.xml.XmlBeanDefinitionReader loadBeanDefinitions
INFO: Loading XML bean definitions from class path resource [applicationContext.xml]
Oct 10, 2017 5:03:55 PM org.springframework.context.support.ClassPathXmlApplicationContext prepareRefresh
INFO: Refreshing org.springframework.context.support.ClassPathXmlApplicationContext@478a49a1: startup date [Tue Oct 10 17:03:55 EDT 2017]; root of context hierarchy
Oct 10, 2017 5:03:55 PM org.springframework.beans.factory.xml.XmlBeanDefinitionReader loadBeanDefinitions
INFO: Loading XML bean definitions from class path resource [applicationContext.xml]
Oct 10, 2017 5:03:55 PM org.springframework.context.support.ClassPathXmlApplicationContext prepareRefresh
INFO: Refreshing org.springframework.context.support.ClassPathXmlApplicationContext@49abcbf7: startup date [Tue Oct 10 17:03:55 EDT 2017]; root of context hierarchy
Oct 10, 2017 5:03:55 PM org.springframework.beans.factory.xml.XmlBeanDefinitionReader loadBeanDefinitions
INFO: Loading XML bean definitions from class path resource [applicationContext.xml]
Oct 10, 2017 5:03:55 PM org.springframework.context.support.ClassPathXmlApplicationContext prepareRefresh
INFO: Refreshing org.springframework.context.support.ClassPathXmlApplicationContext@1983809b: startup date [Tue Oct 10 17:03:55 EDT 2017]; root of context hierarchy
Oct 10, 2017 5:03:55 PM org.springframework.beans.factory.xml.XmlBeanDefinitionReader loadBeanDefinitions
INFO: Loading XML bean definitions from class path resource [applicationContext.xml]
Oct 10, 2017 5:03:55 PM org.springframework.context.support.ClassPathXmlApplicationContext prepareRefresh
INFO: Refreshing org.springframework.context.support.ClassPathXmlApplicationContext@592772d5: startup date [Tue Oct 10 17:03:55 EDT 2017]; root of context hierarchy
Oct 10, 2017 5:03:55 PM org.springframework.beans.factory.xml.XmlBeanDefinitionReader loadBeanDefinitions
INFO: Loading XML bean definitions from class path resource [applicationContext.xml]
Oct 10, 2017 5:03:55 PM org.springframework.context.support.ClassPathXmlApplicationContext prepareRefresh
INFO: Refreshing org.springframework.context.support.ClassPathXmlApplicationContext@1090051b: startup date [Tue Oct 10 17:03:55 EDT 2017]; root of context hierarchy
Oct 10, 2017 5:03:55 PM org.springframework.beans.factory.xml.XmlBeanDefinitionReader loadBeanDefinitions
INFO: Loading XML bean definitions from class path resource [applicationContext.xml]
Oct 10, 2017 5:03:55 PM org.springframework.context.support.ClassPathXmlApplicationContext prepareRefresh
INFO: Refreshing org.springframework.context.support.ClassPathXmlApplicationContext@130aee88: startup date [Tue Oct 10 17:03:55 EDT 2017]; root of context hierarchy
Oct 10, 2017 5:03:55 PM org.springframework.beans.factory.xml.XmlBeanDefinitionReader loadBeanDefinitions
INFO: Loading XML bean definitions from class path resource [applicationContext.xml]
Oct 10, 2017 5:03:55 PM org.springframework.context.support.ClassPathXmlApplicationContext prepareRefresh
INFO: Refreshing org.springframework.context.support.ClassPathXmlApplicationContext@47e6f3e8: startup date [Tue Oct 10 17:03:55 EDT 2017]; root of context hierarchy
Oct 10, 2017 5:03:55 PM org.springframework.beans.factory.xml.XmlBeanDefinitionReader loadBeanDefinitions
INFO: Loading XML bean definitions from class path resource [applicationContext.xml]
Oct 10, 2017 5:03:55 PM org.springframework.context.support.ClassPathXmlApplicationContext prepareRefresh
INFO: Refreshing org.springframework.context.support.ClassPathXmlApplicationContext@7d27dad6: startup date [Tue Oct 10 17:03:55 EDT 2017]; root of context hierarchy
Oct 10, 2017 5:03:55 PM org.springframework.beans.factory.xml.XmlBeanDefinitionReader loadBeanDefinitions
INFO: Loading XML bean definitions from class path resource [applicationContext.xml]
Oct 10, 2017 5:03:55 PM org.springframework.context.support.ClassPathXmlApplicationContext prepareRefresh
INFO: Refreshing org.springframework.context.support.ClassPathXmlApplicationContext@1688a544: startup date [Tue Oct 10 17:03:55 EDT 2017]; root of context hierarchy
Oct 10, 2017 5:03:55 PM org.springframework.beans.factory.xml.XmlBeanDefinitionReader loadBeanDefinitions
INFO: Loading XML bean definitions from class path resource [applicationContext.xml]
Oct 10, 2017 5:03:55 PM org.springframework.context.support.ClassPathXmlApplicationContext prepareRefresh
INFO: Refreshing org.springframework.context.support.ClassPathXmlApplicationContext@9d7bd35: startup date [Tue Oct 10 17:03:55 EDT 2017]; root of context hierarchy
Oct 10, 2017 5:03:55 PM org.springframework.beans.factory.xml.XmlBeanDefinitionReader loadBeanDefinitions
INFO: Loading XML bean definitions from class path resource [applicationContext.xml]
Oct 10, 2017 5:03:55 PM org.springframework.context.support.ClassPathXmlApplicationContext prepareRefresh
INFO: Refreshing org.springframework.context.support.ClassPathXmlApplicationContext@26e05b2e: startup date [Tue Oct 10 17:03:55 EDT 2017]; root of context hierarchy
Oct 10, 2017 5:03:55 PM org.springframework.beans.factory.xml.XmlBeanDefinitionReader loadBeanDefinitions
INFO: Loading XML bean definitions from class path resource [applicationContext.xml]
Oct 10, 2017 5:03:55 PM org.springframework.context.support.ClassPathXmlApplicationContext prepareRefresh
INFO: Refreshing org.springframework.context.support.ClassPathXmlApplicationContext@1ec746a0: startup date [Tue Oct 10 17:03:55 EDT 2017]; root of context hierarchy
Oct 10, 2017 5:03:55 PM org.springframework.beans.factory.xml.XmlBeanDefinitionReader loadBeanDefinitions
INFO: Loading XML bean definitions from class path resource [applicationContext.xml]
Oct 10, 2017 5:03:55 PM org.springframework.context.support.ClassPathXmlApplicationContext prepareRefresh
INFO: Refreshing org.springframework.context.support.ClassPathXmlApplicationContext@5908465e: startup date [Tue Oct 10 17:03:55 EDT 2017]; root of context hierarchy
Oct 10, 2017 5:03:55 PM org.springframework.beans.factory.xml.XmlBeanDefinitionReader loadBeanDefinitions
INFO: Loading XML bean definitions from class path resource [applicationContext.xml]
Oct 10, 2017 5:03:55 PM org.springframework.context.support.ClassPathXmlApplicationContext prepareRefresh
INFO: Refreshing org.springframework.context.support.ClassPathXmlApplicationContext@528f7380: startup date [Tue Oct 10 17:03:55 EDT 2017]; root of context hierarchy
Oct 10, 2017 5:03:55 PM org.springframework.beans.factory.xml.XmlBeanDefinitionReader loadBeanDefinitions
INFO: Loading XML bean definitions from class path resource [applicationContext.xml]
Oct 10, 2017 5:03:55 PM org.springframework.context.support.ClassPathXmlApplicationContext prepareRefresh
INFO: Refreshing org.springframework.context.support.ClassPathXmlApplicationContext@d3c5720: startup date [Tue Oct 10 17:03:55 EDT 2017]; root of context hierarchy
Oct 10, 2017 5:03:55 PM org.springframework.beans.factory.xml.XmlBeanDefinitionReader loadBeanDefinitions
INFO: Loading XML bean definitions from class path resource [applicationContext.xml]
Oct 10, 2017 5:03:55 PM org.springframework.context.support.ClassPathXmlApplicationContext prepareRefresh
INFO: Refreshing org.springframework.context.support.ClassPathXmlApplicationContext@cc1412c: startup date [Tue Oct 10 17:03:55 EDT 2017]; root of context hierarchy
Oct 10, 2017 5:03:55 PM org.springframework.beans.factory.xml.XmlBeanDefinitionReader loadBeanDefinitions
INFO: Loading XML bean definitions from class path resource [applicationContext.xml]
Oct 10, 2017 5:03:55 PM org.springframework.context.support.ClassPathXmlApplicationContext prepareRefresh
INFO: Refreshing org.springframework.context.support.ClassPathXmlApplicationContext@6e6b762: startup date [Tue Oct 10 17:03:55 EDT 2017]; root of context hierarchy
Oct 10, 2017 5:03:55 PM org.springframework.beans.factory.xml.XmlBeanDefinitionReader loadBeanDefinitions
INFO: Loading XML bean definitions from class path resource [applicationContext.xml]
Oct 10, 2017 5:03:55 PM org.springframework.context.support.ClassPathXmlApplicationContext prepareRefresh
INFO: Refreshing org.springframework.context.support.ClassPathXmlApplicationContext@5b0a4f2: startup date [Tue Oct 10 17:03:55 EDT 2017]; root of context hierarchy
Oct 10, 2017 5:03:55 PM org.springframework.beans.factory.xml.XmlBeanDefinitionReader loadBeanDefinitions
INFO: Loading XML bean definitions from class path resource [applicationContext.xml]
Oct 10, 2017 5:03:55 PM org.springframework.context.support.ClassPathXmlApplicationContext prepareRefresh
INFO: Refreshing org.springframework.context.support.ClassPathXmlApplicationContext@5cb8743: startup date [Tue Oct 10 17:03:55 EDT 2017]; root of context hierarchy
Oct 10, 2017 5:03:55 PM org.springframework.beans.factory.xml.XmlBeanDefinitionReader loadBeanDefinitions
INFO: Loading XML bean definitions from class path resource [applicationContext.xml]
Oct 10, 2017 5:03:55 PM org.springframework.context.support.ClassPathXmlApplicationContext prepareRefresh
INFO: Refreshing org.springframework.context.support.ClassPathXmlApplicationContext@233c8b16: startup date [Tue Oct 10 17:03:55 EDT 2017]; root of context hierarchy
Oct 10, 2017 5:03:55 PM org.springframework.beans.factory.xml.XmlBeanDefinitionReader loadBeanDefinitions
INFO: Loading XML bean definitions from class path resource [applicationContext.xml]
Oct 10, 2017 5:03:55 PM org.springframework.context.support.ClassPathXmlApplicationContext prepareRefresh
INFO: Refreshing org.springframework.context.support.ClassPathXmlApplicationContext@444083fa: startup date [Tue Oct 10 17:03:55 EDT 2017]; root of context hierarchy
Oct 10, 2017 5:03:55 PM org.springframework.beans.factory.xml.XmlBeanDefinitionReader loadBeanDefinitions
INFO: Loading XML bean definitions from class path resource [applicationContext.xml]
Oct 10, 2017 5:03:55 PM org.springframework.context.support.ClassPathXmlApplicationContext prepareRefresh
INFO: Refreshing org.springframework.context.support.ClassPathXmlApplicationContext@30825a6: startup date [Tue Oct 10 17:03:55 EDT 2017]; root of context hierarchy
Oct 10, 2017 5:03:55 PM org.springframework.beans.factory.xml.XmlBeanDefinitionReader loadBeanDefinitions
INFO: Loading XML bean definitions from class path resource [applicationContext.xml]
Oct 10, 2017 5:03:55 PM org.springframework.context.support.ClassPathXmlApplicationContext prepareRefresh
INFO: Refreshing org.springframework.context.support.ClassPathXmlApplicationContext@2f59155e: startup date [Tue Oct 10 17:03:55 EDT 2017]; root of context hierarchy
Oct 10, 2017 5:03:55 PM org.springframework.beans.factory.xml.XmlBeanDefinitionReader loadBeanDefinitions
INFO: Loading XML bean definitions from class path resource [applicationContext.xml]
Oct 10, 2017 5:03:55 PM org.springframework.context.support.ClassPathXmlApplicationContext prepareRefresh
INFO: Refreshing org.springframework.context.support.ClassPathXmlApplicationContext@5768e024: startup date [Tue Oct 10 17:03:55 EDT 2017]; root of context hierarchy
Oct 10, 2017 5:03:55 PM org.springframework.beans.factory.xml.XmlBeanDefinitionReader loadBeanDefinitions
INFO: Loading XML bean definitions from class path resource [applicationContext.xml]
Oct 10, 2017 5:03:55 PM org.springframework.context.support.ClassPathXmlApplicationContext prepareRefresh
INFO: Refreshing org.springframework.context.support.ClassPathXmlApplicationContext@11024125: startup date [Tue Oct 10 17:03:55 EDT 2017]; root of context hierarchy
Oct 10, 2017 5:03:55 PM org.springframework.beans.factory.xml.XmlBeanDefinitionReader loadBeanDefinitions
INFO: Loading XML bean definitions from class path resource [applicationContext.xml]
Oct 10, 2017 5:03:55 PM org.springframework.context.support.ClassPathXmlApplicationContext prepareRefresh
INFO: Refreshing org.springframework.context.support.ClassPathXmlApplicationContext@1bfa3cf8: startup date [Tue Oct 10 17:03:55 EDT 2017]; root of context hierarchy
Oct 10, 2017 5:03:55 PM org.springframework.beans.factory.xml.XmlBeanDefinitionReader loadBeanDefinitions
INFO: Loading XML bean definitions from class path resource [applicationContext.xml]
Oct 10, 2017 5:03:55 PM org.springframework.context.support.ClassPathXmlApplicationContext prepareRefresh
INFO: Refreshing org.springframework.context.support.ClassPathXmlApplicationContext@4bd77d30: startup date [Tue Oct 10 17:03:55 EDT 2017]; root of context hierarchy
Oct 10, 2017 5:03:55 PM org.springframework.beans.factory.xml.XmlBeanDefinitionReader loadBeanDefinitions
INFO: Loading XML bean definitions from class path resource [applicationContext.xml]
Oct 10, 2017 5:03:55 PM org.springframework.context.support.ClassPathXmlApplicationContext prepareRefresh
INFO: Refreshing org.springframework.context.support.ClassPathXmlApplicationContext@2b4bd6d1: startup date [Tue Oct 10 17:03:55 EDT 2017]; root of context hierarchy
Oct 10, 2017 5:03:55 PM org.springframework.beans.factory.xml.XmlBeanDefinitionReader loadBeanDefinitions
INFO: Loading XML bean definitions from class path resource [applicationContext.xml]
Oct 10, 2017 5:03:55 PM org.springframework.context.support.ClassPathXmlApplicationContext prepareRefresh
INFO: Refreshing org.springframework.context.support.ClassPathXmlApplicationContext@7a5699ed: startup date [Tue Oct 10 17:03:55 EDT 2017]; root of context hierarchy
Oct 10, 2017 5:03:55 PM org.springframework.beans.factory.xml.XmlBeanDefinitionReader loadBeanDefinitions
INFO: Loading XML bean definitions from class path resource [applicationContext.xml]
Oct 10, 2017 5:03:55 PM org.springframework.context.support.ClassPathXmlApplicationContext prepareRefresh
INFO: Refreshing org.springframework.context.support.ClassPathXmlApplicationContext@12e346fa: startup date [Tue Oct 10 17:03:55 EDT 2017]; root of context hierarchy
Oct 10, 2017 5:03:55 PM org.springframework.beans.factory.xml.XmlBeanDefinitionReader loadBeanDefinitions
INFO: Loading XML bean definitions from class path resource [applicationContext.xml]
Oct 10, 2017 5:03:55 PM org.springframework.context.support.ClassPathXmlApplicationContext prepareRefresh
INFO: Refreshing org.springframework.context.support.ClassPathXmlApplicationContext@7a407b4e: startup date [Tue Oct 10 17:03:55 EDT 2017]; root of context hierarchy
Oct 10, 2017 5:03:55 PM org.springframework.beans.factory.xml.XmlBeanDefinitionReader loadBeanDefinitions
INFO: Loading XML bean definitions from class path resource [applicationContext.xml]
Oct 10, 2017 5:03:55 PM org.springframework.context.support.ClassPathXmlApplicationContext prepareRefresh
INFO: Refreshing org.springframework.context.support.ClassPathXmlApplicationContext@385d55d3: startup date [Tue Oct 10 17:03:55 EDT 2017]; root of context hierarchy
Oct 10, 2017 5:03:55 PM org.springframework.beans.factory.xml.XmlBeanDefinitionReader loadBeanDefinitions
INFO: Loading XML bean definitions from class path resource [applicationContext.xml]
Oct 10, 2017 5:03:55 PM org.springframework.context.support.ClassPathXmlApplicationContext prepareRefresh
INFO: Refreshing org.springframework.context.support.ClassPathXmlApplicationContext@2f922dc4: startup date [Tue Oct 10 17:03:55 EDT 2017]; root of context hierarchy
Oct 10, 2017 5:03:55 PM org.springframework.beans.factory.xml.XmlBeanDefinitionReader loadBeanDefinitions
INFO: Loading XML bean definitions from class path resource [applicationContext.xml]
Oct 10, 2017 5:03:55 PM org.springframework.context.support.ClassPathXmlApplicationContext prepareRefresh
INFO: Refreshing org.springframework.context.support.ClassPathXmlApplicationContext@5605535f: startup date [Tue Oct 10 17:03:55 EDT 2017]; root of context hierarchy
Oct 10, 2017 5:03:55 PM org.springframework.beans.factory.xml.XmlBeanDefinitionReader loadBeanDefinitions
INFO: Loading XML bean definitions from class path resource [applicationContext.xml]
Oct 10, 2017 5:03:55 PM org.springframework.context.support.ClassPathXmlApplicationContext prepareRefresh
INFO: Refreshing org.springframework.context.support.ClassPathXmlApplicationContext@2d447297: startup date [Tue Oct 10 17:03:55 EDT 2017]; root of context hierarchy
Oct 10, 2017 5:03:55 PM org.springframework.beans.factory.xml.XmlBeanDefinitionReader loadBeanDefinitions
INFO: Loading XML bean definitions from class path resource [applicationContext.xml]
Oct 10, 2017 5:03:55 PM org.springframework.context.support.ClassPathXmlApplicationContext prepareRefresh
INFO: Refreshing org.springframework.context.support.ClassPathXmlApplicationContext@19d71b19: startup date [Tue Oct 10 17:03:55 EDT 2017]; root of context hierarchy
Oct 10, 2017 5:03:55 PM org.springframework.beans.factory.xml.XmlBeanDefinitionReader loadBeanDefinitions
INFO: Loading XML bean definitions from class path resource [applicationContext.xml]
Oct 10, 2017 5:03:55 PM org.springframework.context.support.ClassPathXmlApplicationContext prepareRefresh
INFO: Refreshing org.springframework.context.support.ClassPathXmlApplicationContext@312eaeca: startup date [Tue Oct 10 17:03:55 EDT 2017]; root of context hierarchy
Oct 10, 2017 5:03:55 PM org.springframework.beans.factory.xml.XmlBeanDefinitionReader loadBeanDefinitions
INFO: Loading XML bean definitions from class path resource [applicationContext.xml]
Oct 10, 2017 5:03:55 PM org.springframework.context.support.ClassPathXmlApplicationContext prepareRefresh
INFO: Refreshing org.springframework.context.support.ClassPathXmlApplicationContext@372eff3f: startup date [Tue Oct 10 17:03:55 EDT 2017]; root of context hierarchy
Oct 10, 2017 5:03:55 PM org.springframework.beans.factory.xml.XmlBeanDefinitionReader loadBeanDefinitions
INFO: Loading XML bean definitions from class path resource [applicationContext.xml]
Oct 10, 2017 5:03:55 PM org.springframework.context.support.ClassPathXmlApplicationContext prepareRefresh
INFO: Refreshing org.springframework.context.support.ClassPathXmlApplicationContext@1c261b8d: startup date [Tue Oct 10 17:03:55 EDT 2017]; root of context hierarchy
Oct 10, 2017 5:03:55 PM org.springframework.beans.factory.xml.XmlBeanDefinitionReader loadBeanDefinitions
INFO: Loading XML bean definitions from class path resource [applicationContext.xml]
Oct 10, 2017 5:03:55 PM org.springframework.context.support.ClassPathXmlApplicationContext prepareRefresh
INFO: Refreshing org.springframework.context.support.ClassPathXmlApplicationContext@ef4f7f1: startup date [Tue Oct 10 17:03:55 EDT 2017]; root of context hierarchy
Oct 10, 2017 5:03:55 PM org.springframework.beans.factory.xml.XmlBeanDefinitionReader loadBeanDefinitions
INFO: Loading XML bean definitions from class path resource [applicationContext.xml]
Oct 10, 2017 5:03:55 PM org.springframework.context.support.ClassPathXmlApplicationContext prepareRefresh
INFO: Refreshing org.springframework.context.support.ClassPathXmlApplicationContext@2ef8a8e5: startup date [Tue Oct 10 17:03:55 EDT 2017]; root of context hierarchy
Oct 10, 2017 5:03:55 PM org.springframework.beans.factory.xml.XmlBeanDefinitionReader loadBeanDefinitions
INFO: Loading XML bean definitions from class path resource [applicationContext.xml]
Oct 10, 2017 5:03:55 PM org.springframework.context.support.ClassPathXmlApplicationContext prepareRefresh
INFO: Refreshing org.springframework.context.support.ClassPathXmlApplicationContext@69ff9c81: startup date [Tue Oct 10 17:03:55 EDT 2017]; root of context hierarchy
Oct 10, 2017 5:03:55 PM org.springframework.beans.factory.xml.XmlBeanDefinitionReader loadBeanDefinitions
INFO: Loading XML bean definitions from class path resource [applicationContext.xml]
Oct 10, 2017 5:03:55 PM org.springframework.context.support.ClassPathXmlApplicationContext prepareRefresh
INFO: Refreshing org.springframework.context.support.ClassPathXmlApplicationContext@6420a8b3: startup date [Tue Oct 10 17:03:55 EDT 2017]; root of context hierarchy
Oct 10, 2017 5:03:55 PM org.springframework.beans.factory.xml.XmlBeanDefinitionReader loadBeanDefinitions
INFO: Loading XML bean definitions from class path resource [applicationContext.xml]
Oct 10, 2017 5:03:55 PM org.springframework.context.support.ClassPathXmlApplicationContext prepareRefresh
INFO: Refreshing org.springframework.context.support.ClassPathXmlApplicationContext@1aacdcd7: startup date [Tue Oct 10 17:03:55 EDT 2017]; root of context hierarchy
Oct 10, 2017 5:03:55 PM org.springframework.beans.factory.xml.XmlBeanDefinitionReader loadBeanDefinitions
INFO: Loading XML bean definitions from class path resource [applicationContext.xml]
Oct 10, 2017 5:03:55 PM org.springframework.context.support.ClassPathXmlApplicationContext prepareRefresh
INFO: Refreshing org.springframework.context.support.ClassPathXmlApplicationContext@41b2260b: startup date [Tue Oct 10 17:03:55 EDT 2017]; root of context hierarchy
Oct 10, 2017 5:03:55 PM org.springframework.beans.factory.xml.XmlBeanDefinitionReader loadBeanDefinitions
INFO: Loading XML bean definitions from class path resource [applicationContext.xml]
Oct 10, 2017 5:03:55 PM org.springframework.context.support.ClassPathXmlApplicationContext prepareRefresh
INFO: Refreshing org.springframework.context.support.ClassPathXmlApplicationContext@1a4db946: startup date [Tue Oct 10 17:03:55 EDT 2017]; root of context hierarchy
Oct 10, 2017 5:03:55 PM org.springframework.beans.factory.xml.XmlBeanDefinitionReader loadBeanDefinitions
INFO: Loading XML bean definitions from class path resource [applicationContext.xml]
Oct 10, 2017 5:03:55 PM org.springframework.context.support.ClassPathXmlApplicationContext prepareRefresh
INFO: Refreshing org.springframework.context.support.ClassPathXmlApplicationContext@6be3a5fb: startup date [Tue Oct 10 17:03:55 EDT 2017]; root of context hierarchy
Oct 10, 2017 5:03:55 PM org.springframework.beans.factory.xml.XmlBeanDefinitionReader loadBeanDefinitions
INFO: Loading XML bean definitions from class path resource [applicationContext.xml]
Oct 10, 2017 5:03:56 PM org.springframework.context.support.ClassPathXmlApplicationContext prepareRefresh
INFO: Refreshing org.springframework.context.support.ClassPathXmlApplicationContext@6b6553b6: startup date [Tue Oct 10 17:03:56 EDT 2017]; root of context hierarchy
Oct 10, 2017 5:03:56 PM org.springframework.beans.factory.xml.XmlBeanDefinitionReader loadBeanDefinitions
INFO: Loading XML bean definitions from class path resource [applicationContext.xml]
Oct 10, 2017 5:03:56 PM org.springframework.context.support.ClassPathXmlApplicationContext prepareRefresh
INFO: Refreshing org.springframework.context.support.ClassPathXmlApplicationContext@719c608c: startup date [Tue Oct 10 17:03:56 EDT 2017]; root of context hierarchy
Oct 10, 2017 5:03:56 PM org.springframework.beans.factory.xml.XmlBeanDefinitionReader loadBeanDefinitions
INFO: Loading XML bean definitions from class path resource [applicationContext.xml]
Oct 10, 2017 5:03:56 PM org.springframework.context.support.ClassPathXmlApplicationContext prepareRefresh
INFO: Refreshing org.springframework.context.support.ClassPathXmlApplicationContext@4fe8dd1c: startup date [Tue Oct 10 17:03:56 EDT 2017]; root of context hierarchy
Oct 10, 2017 5:03:56 PM org.springframework.beans.factory.xml.XmlBeanDefinitionReader loadBeanDefinitions
INFO: Loading XML bean definitions from class path resource [applicationContext.xml]
Oct 10, 2017 5:03:56 PM org.springframework.context.support.ClassPathXmlApplicationContext prepareRefresh
INFO: Refreshing org.springframework.context.support.ClassPathXmlApplicationContext@8dacb31: startup date [Tue Oct 10 17:03:56 EDT 2017]; root of context hierarchy
Oct 10, 2017 5:03:56 PM org.springframework.beans.factory.xml.XmlBeanDefinitionReader loadBeanDefinitions
INFO: Loading XML bean definitions from class path resource [applicationContext.xml]
Oct 10, 2017 5:03:56 PM org.springframework.context.support.ClassPathXmlApplicationContext prepareRefresh
INFO: Refreshing org.springframework.context.support.ClassPathXmlApplicationContext@4e38f339: startup date [Tue Oct 10 17:03:56 EDT 2017]; root of context hierarchy
Oct 10, 2017 5:03:56 PM org.springframework.beans.factory.xml.XmlBeanDefinitionReader loadBeanDefinitions
INFO: Loading XML bean definitions from class path resource [applicationContext.xml]
Oct 10, 2017 5:03:56 PM org.springframework.context.support.ClassPathXmlApplicationContext prepareRefresh
INFO: Refreshing org.springframework.context.support.ClassPathXmlApplicationContext@4d0150fb: startup date [Tue Oct 10 17:03:56 EDT 2017]; root of context hierarchy
Oct 10, 2017 5:03:56 PM org.springframework.beans.factory.xml.XmlBeanDefinitionReader loadBeanDefinitions
INFO: Loading XML bean definitions from class path resource [applicationContext.xml]
Oct 10, 2017 5:03:56 PM org.springframework.context.support.ClassPathXmlApplicationContext prepareRefresh
INFO: Refreshing org.springframework.context.support.ClassPathXmlApplicationContext@27c6c7c7: startup date [Tue Oct 10 17:03:56 EDT 2017]; root of context hierarchy
Oct 10, 2017 5:03:56 PM org.springframework.beans.factory.xml.XmlBeanDefinitionReader loadBeanDefinitions
INFO: Loading XML bean definitions from class path resource [applicationContext.xml]
Oct 10, 2017 5:03:56 PM org.springframework.context.support.ClassPathXmlApplicationContext prepareRefresh
INFO: Refreshing org.springframework.context.support.ClassPathXmlApplicationContext@6234644f: startup date [Tue Oct 10 17:03:56 EDT 2017]; root of context hierarchy
Oct 10, 2017 5:03:56 PM org.springframework.beans.factory.xml.XmlBeanDefinitionReader loadBeanDefinitions
INFO: Loading XML bean definitions from class path resource [applicationContext.xml]
Oct 10, 2017 5:03:56 PM org.springframework.context.support.ClassPathXmlApplicationContext prepareRefresh
INFO: Refreshing org.springframework.context.support.ClassPathXmlApplicationContext@5b1910b8: startup date [Tue Oct 10 17:03:56 EDT 2017]; root of context hierarchy
Oct 10, 2017 5:03:56 PM org.springframework.beans.factory.xml.XmlBeanDefinitionReader loadBeanDefinitions
INFO: Loading XML bean definitions from class path resource [applicationContext.xml]
Oct 10, 2017 5:03:56 PM org.springframework.context.support.ClassPathXmlApplicationContext prepareRefresh
INFO: Refreshing org.springframework.context.support.ClassPathXmlApplicationContext@495dc338: startup date [Tue Oct 10 17:03:56 EDT 2017]; root of context hierarchy
Oct 10, 2017 5:03:56 PM org.springframework.beans.factory.xml.XmlBeanDefinitionReader loadBeanDefinitions
INFO: Loading XML bean definitions from class path resource [applicationContext.xml]
Oct 10, 2017 5:03:56 PM org.springframework.context.support.ClassPathXmlApplicationContext prepareRefresh
INFO: Refreshing org.springframework.context.support.ClassPathXmlApplicationContext@625f5dbb: startup date [Tue Oct 10 17:03:56 EDT 2017]; root of context hierarchy
Oct 10, 2017 5:03:56 PM org.springframework.beans.factory.xml.XmlBeanDefinitionReader loadBeanDefinitions
INFO: Loading XML bean definitions from class path resource [applicationContext.xml]
Oct 10, 2017 5:03:56 PM org.springframework.context.support.ClassPathXmlApplicationContext prepareRefresh
INFO: Refreshing org.springframework.context.support.ClassPathXmlApplicationContext@f87e776: startup date [Tue Oct 10 17:03:56 EDT 2017]; root of context hierarchy
Oct 10, 2017 5:03:56 PM org.springframework.beans.factory.xml.XmlBeanDefinitionReader loadBeanDefinitions
INFO: Loading XML bean definitions from class path resource [applicationContext.xml]
Oct 10, 2017 5:03:56 PM org.springframework.context.support.ClassPathXmlApplicationContext prepareRefresh
INFO: Refreshing org.springframework.context.support.ClassPathXmlApplicationContext@515bda81: startup date [Tue Oct 10 17:03:56 EDT 2017]; root of context hierarchy
Oct 10, 2017 5:03:56 PM org.springframework.beans.factory.xml.XmlBeanDefinitionReader loadBeanDefinitions
INFO: Loading XML bean definitions from class path resource [applicationContext.xml]
Oct 10, 2017 5:03:56 PM org.springframework.context.support.ClassPathXmlApplicationContext prepareRefresh
INFO: Refreshing org.springframework.context.support.ClassPathXmlApplicationContext@5bd5404f: startup date [Tue Oct 10 17:03:56 EDT 2017]; root of context hierarchy
Oct 10, 2017 5:03:56 PM org.springframework.beans.factory.xml.XmlBeanDefinitionReader loadBeanDefinitions
INFO: Loading XML bean definitions from class path resource [applicationContext.xml]
Oct 10, 2017 5:03:56 PM org.springframework.context.support.ClassPathXmlApplicationContext prepareRefresh
INFO: Refreshing org.springframework.context.support.ClassPathXmlApplicationContext@b6a02fb: startup date [Tue Oct 10 17:03:56 EDT 2017]; root of context hierarchy
Oct 10, 2017 5:03:56 PM org.springframework.beans.factory.xml.XmlBeanDefinitionReader loadBeanDefinitions
INFO: Loading XML bean definitions from class path resource [applicationContext.xml]
Oct 10, 2017 5:03:56 PM org.springframework.context.support.ClassPathXmlApplicationContext prepareRefresh
INFO: Refreshing org.springframework.context.support.ClassPathXmlApplicationContext@653febd: startup date [Tue Oct 10 17:03:56 EDT 2017]; root of context hierarchy
Oct 10, 2017 5:03:56 PM org.springframework.beans.factory.xml.XmlBeanDefinitionReader loadBeanDefinitions
INFO: Loading XML bean definitions from class path resource [applicationContext.xml]
Oct 10, 2017 5:03:56 PM org.springframework.context.support.ClassPathXmlApplicationContext prepareRefresh
INFO: Refreshing org.springframework.context.support.ClassPathXmlApplicationContext@3e49cce5: startup date [Tue Oct 10 17:03:56 EDT 2017]; root of context hierarchy
Oct 10, 2017 5:03:56 PM org.springframework.beans.factory.xml.XmlBeanDefinitionReader loadBeanDefinitions
INFO: Loading XML bean definitions from class path resource [applicationContext.xml]
Oct 10, 2017 5:03:56 PM org.springframework.context.support.ClassPathXmlApplicationContext prepareRefresh
INFO: Refreshing org.springframework.context.support.ClassPathXmlApplicationContext@76ed39fa: startup date [Tue Oct 10 17:03:56 EDT 2017]; root of context hierarchy
Oct 10, 2017 5:03:56 PM org.springframework.beans.factory.xml.XmlBeanDefinitionReader loadBeanDefinitions
INFO: Loading XML bean definitions from class path resource [applicationContext.xml]
Oct 10, 2017 5:03:56 PM org.springframework.context.support.ClassPathXmlApplicationContext prepareRefresh
INFO: Refreshing org.springframework.context.support.ClassPathXmlApplicationContext@188add28: startup date [Tue Oct 10 17:03:56 EDT 2017]; root of context hierarchy
Oct 10, 2017 5:03:56 PM org.springframework.beans.factory.xml.XmlBeanDefinitionReader loadBeanDefinitions
INFO: Loading XML bean definitions from class path resource [applicationContext.xml]
Oct 10, 2017 5:03:56 PM org.springframework.context.support.ClassPathXmlApplicationContext prepareRefresh
INFO: Refreshing org.springframework.context.support.ClassPathXmlApplicationContext@137328b7: startup date [Tue Oct 10 17:03:56 EDT 2017]; root of context hierarchy
Oct 10, 2017 5:03:56 PM org.springframework.beans.factory.xml.XmlBeanDefinitionReader loadBeanDefinitions
INFO: Loading XML bean definitions from class path resource [applicationContext.xml]
Oct 10, 2017 5:03:56 PM org.springframework.context.support.ClassPathXmlApplicationContext prepareRefresh
INFO: Refreshing org.springframework.context.support.ClassPathXmlApplicationContext@16d316df: startup date [Tue Oct 10 17:03:56 EDT 2017]; root of context hierarchy
Oct 10, 2017 5:03:56 PM org.springframework.beans.factory.xml.XmlBeanDefinitionReader loadBeanDefinitions
INFO: Loading XML bean definitions from class path resource [applicationContext.xml]
Oct 10, 2017 5:03:56 PM org.springframework.context.support.ClassPathXmlApplicationContext prepareRefresh
INFO: Refreshing org.springframework.context.support.ClassPathXmlApplicationContext@632ebfc1: startup date [Tue Oct 10 17:03:56 EDT 2017]; root of context hierarchy
Oct 10, 2017 5:03:56 PM org.springframework.beans.factory.xml.XmlBeanDefinitionReader loadBeanDefinitions
INFO: Loading XML bean definitions from class path resource [applicationContext.xml]
Oct 10, 2017 5:03:56 PM org.springframework.context.support.ClassPathXmlApplicationContext prepareRefresh
INFO: Refreshing org.springframework.context.support.ClassPathXmlApplicationContext@1af04e34: startup date [Tue Oct 10 17:03:56 EDT 2017]; root of context hierarchy
Oct 10, 2017 5:03:56 PM org.springframework.beans.factory.xml.XmlBeanDefinitionReader loadBeanDefinitions
INFO: Loading XML bean definitions from class path resource [applicationContext.xml]
Oct 10, 2017 5:03:56 PM org.springframework.context.support.ClassPathXmlApplicationContext prepareRefresh
INFO: Refreshing org.springframework.context.support.ClassPathXmlApplicationContext@a8ad7b9: startup date [Tue Oct 10 17:03:56 EDT 2017]; root of context hierarchy
Oct 10, 2017 5:03:56 PM org.springframework.beans.factory.xml.XmlBeanDefinitionReader loadBeanDefinitions
INFO: Loading XML bean definitions from class path resource [applicationContext.xml]
Oct 10, 2017 5:03:56 PM org.springframework.context.support.ClassPathXmlApplicationContext prepareRefresh
INFO: Refreshing org.springframework.context.support.ClassPathXmlApplicationContext@24da00af: startup date [Tue Oct 10 17:03:56 EDT 2017]; root of context hierarchy
Oct 10, 2017 5:03:56 PM org.springframework.beans.factory.xml.XmlBeanDefinitionReader loadBeanDefinitions
INFO: Loading XML bean definitions from class path resource [applicationContext.xml]
Oct 10, 2017 5:03:56 PM org.springframework.context.support.ClassPathXmlApplicationContext prepareRefresh
INFO: Refreshing org.springframework.context.support.ClassPathXmlApplicationContext@407cae46: startup date [Tue Oct 10 17:03:56 EDT 2017]; root of context hierarchy
Oct 10, 2017 5:03:56 PM org.springframework.beans.factory.xml.XmlBeanDefinitionReader loadBeanDefinitions
INFO: Loading XML bean definitions from class path resource [applicationContext.xml]
Oct 10, 2017 5:03:56 PM org.springframework.context.support.ClassPathXmlApplicationContext prepareRefresh
INFO: Refreshing org.springframework.context.support.ClassPathXmlApplicationContext@4925e01f: startup date [Tue Oct 10 17:03:56 EDT 2017]; root of context hierarchy
Oct 10, 2017 5:03:56 PM org.springframework.beans.factory.xml.XmlBeanDefinitionReader loadBeanDefinitions
INFO: Loading XML bean definitions from class path resource [applicationContext.xml]
Oct 10, 2017 5:03:56 PM org.springframework.context.support.ClassPathXmlApplicationContext prepareRefresh
INFO: Refreshing org.springframework.context.support.ClassPathXmlApplicationContext@3e38bcef: startup date [Tue Oct 10 17:03:56 EDT 2017]; root of context hierarchy
Oct 10, 2017 5:03:56 PM org.springframework.beans.factory.xml.XmlBeanDefinitionReader loadBeanDefinitions
INFO: Loading XML bean definitions from class path resource [applicationContext.xml]
Oct 10, 2017 5:03:56 PM org.springframework.context.support.ClassPathXmlApplicationContext prepareRefresh
INFO: Refreshing org.springframework.context.support.ClassPathXmlApplicationContext@13f7592c: startup date [Tue Oct 10 17:03:56 EDT 2017]; root of context hierarchy
Oct 10, 2017 5:03:56 PM org.springframework.beans.factory.xml.XmlBeanDefinitionReader loadBeanDefinitions
INFO: Loading XML bean definitions from class path resource [applicationContext.xml]
Oct 10, 2017 5:03:56 PM org.springframework.context.support.ClassPathXmlApplicationContext prepareRefresh
INFO: Refreshing org.springframework.context.support.ClassPathXmlApplicationContext@6d7414d1: startup date [Tue Oct 10 17:03:56 EDT 2017]; root of context hierarchy
Oct 10, 2017 5:03:56 PM org.springframework.beans.factory.xml.XmlBeanDefinitionReader loadBeanDefinitions
INFO: Loading XML bean definitions from class path resource [applicationContext.xml]
Oct 10, 2017 5:03:56 PM org.springframework.context.support.ClassPathXmlApplicationContext prepareRefresh
INFO: Refreshing org.springframework.context.support.ClassPathXmlApplicationContext@d0c6cab: startup date [Tue Oct 10 17:03:56 EDT 2017]; root of context hierarchy
Oct 10, 2017 5:03:56 PM org.springframework.beans.factory.xml.XmlBeanDefinitionReader loadBeanDefinitions
INFO: Loading XML bean definitions from class path resource [applicationContext.xml]
Oct 10, 2017 5:03:56 PM org.springframework.context.support.ClassPathXmlApplicationContext prepareRefresh
INFO: Refreshing org.springframework.context.support.ClassPathXmlApplicationContext@13690306: startup date [Tue Oct 10 17:03:56 EDT 2017]; root of context hierarchy
Oct 10, 2017 5:03:56 PM org.springframework.beans.factory.xml.XmlBeanDefinitionReader loadBeanDefinitions
INFO: Loading XML bean definitions from class path resource [applicationContext.xml]
Oct 10, 2017 5:03:56 PM org.springframework.context.support.ClassPathXmlApplicationContext prepareRefresh
INFO: Refreshing org.springframework.context.support.ClassPathXmlApplicationContext@3cb33e77: startup date [Tue Oct 10 17:03:56 EDT 2017]; root of context hierarchy
Oct 10, 2017 5:03:56 PM org.springframework.beans.factory.xml.XmlBeanDefinitionReader loadBeanDefinitions
INFO: Loading XML bean definitions from class path resource [applicationContext.xml]
Oct 10, 2017 5:03:56 PM org.springframework.context.support.ClassPathXmlApplicationContext prepareRefresh
INFO: Refreshing org.springframework.context.support.ClassPathXmlApplicationContext@6816515c: startup date [Tue Oct 10 17:03:56 EDT 2017]; root of context hierarchy
Oct 10, 2017 5:03:56 PM org.springframework.beans.factory.xml.XmlBeanDefinitionReader loadBeanDefinitions
INFO: Loading XML bean definitions from class path resource [applicationContext.xml]
Oct 10, 2017 5:03:56 PM org.springframework.context.support.ClassPathXmlApplicationContext prepareRefresh
INFO: Refreshing org.springframework.context.support.ClassPathXmlApplicationContext@2179b972: startup date [Tue Oct 10 17:03:56 EDT 2017]; root of context hierarchy
Oct 10, 2017 5:03:56 PM org.springframework.beans.factory.xml.XmlBeanDefinitionReader loadBeanDefinitions
INFO: Loading XML bean definitions from class path resource [applicationContext.xml]
Oct 10, 2017 5:03:56 PM org.springframework.context.support.ClassPathXmlApplicationContext prepareRefresh
INFO: Refreshing org.springframework.context.support.ClassPathXmlApplicationContext@520196bb: startup date [Tue Oct 10 17:03:56 EDT 2017]; root of context hierarchy
Oct 10, 2017 5:03:56 PM org.springframework.beans.factory.xml.XmlBeanDefinitionReader loadBeanDefinitions
INFO: Loading XML bean definitions from class path resource [applicationContext.xml]
Oct 10, 2017 5:03:56 PM org.springframework.context.support.ClassPathXmlApplicationContext prepareRefresh
INFO: Refreshing org.springframework.context.support.ClassPathXmlApplicationContext@52c4a463: startup date [Tue Oct 10 17:03:56 EDT 2017]; root of context hierarchy
Oct 10, 2017 5:03:56 PM org.springframework.beans.factory.xml.XmlBeanDefinitionReader loadBeanDefinitions
INFO: Loading XML bean definitions from class path resource [applicationContext.xml]
Oct 10, 2017 5:03:56 PM org.springframework.context.support.ClassPathXmlApplicationContext prepareRefresh
INFO: Refreshing org.springframework.context.support.ClassPathXmlApplicationContext@2a1007c2: startup date [Tue Oct 10 17:03:56 EDT 2017]; root of context hierarchy
Oct 10, 2017 5:03:56 PM org.springframework.beans.factory.xml.XmlBeanDefinitionReader loadBeanDefinitions
INFO: Loading XML bean definitions from class path resource [applicationContext.xml]
Oct 10, 2017 5:03:56 PM org.springframework.context.support.ClassPathXmlApplicationContext prepareRefresh
INFO: Refreshing org.springframework.context.support.ClassPathXmlApplicationContext@5debc3f7: startup date [Tue Oct 10 17:03:56 EDT 2017]; root of context hierarchy
Oct 10, 2017 5:03:56 PM org.springframework.beans.factory.xml.XmlBeanDefinitionReader loadBeanDefinitions
INFO: Loading XML bean definitions from class path resource [applicationContext.xml]
Oct 10, 2017 5:03:56 PM org.springframework.context.support.ClassPathXmlApplicationContext prepareRefresh
INFO: Refreshing org.springframework.context.support.ClassPathXmlApplicationContext@3d3c9c35: startup date [Tue Oct 10 17:03:56 EDT 2017]; root of context hierarchy
Oct 10, 2017 5:03:56 PM org.springframework.beans.factory.xml.XmlBeanDefinitionReader loadBeanDefinitions
INFO: Loading XML bean definitions from class path resource [applicationContext.xml]
Oct 10, 2017 5:03:56 PM org.springframework.context.support.ClassPathXmlApplicationContext prepareRefresh
INFO: Refreshing org.springframework.context.support.ClassPathXmlApplicationContext@207afe88: startup date [Tue Oct 10 17:03:56 EDT 2017]; root of context hierarchy
Oct 10, 2017 5:03:56 PM org.springframework.beans.factory.xml.XmlBeanDefinitionReader loadBeanDefinitions
INFO: Loading XML bean definitions from class path resource [applicationContext.xml]
Oct 10, 2017 5:03:56 PM org.springframework.context.support.ClassPathXmlApplicationContext prepareRefresh
INFO: Refreshing org.springframework.context.support.ClassPathXmlApplicationContext@694e0a40: startup date [Tue Oct 10 17:03:56 EDT 2017]; root of context hierarchy
Oct 10, 2017 5:03:56 PM org.springframework.beans.factory.xml.XmlBeanDefinitionReader loadBeanDefinitions
INFO: Loading XML bean definitions from class path resource [applicationContext.xml]
Oct 10, 2017 5:03:56 PM org.springframework.context.support.ClassPathXmlApplicationContext prepareRefresh
INFO: Refreshing org.springframework.context.support.ClassPathXmlApplicationContext@950091c: startup date [Tue Oct 10 17:03:56 EDT 2017]; root of context hierarchy
Oct 10, 2017 5:03:56 PM org.springframework.beans.factory.xml.XmlBeanDefinitionReader loadBeanDefinitions
INFO: Loading XML bean definitions from class path resource [applicationContext.xml]
Oct 10, 2017 5:03:56 PM org.springframework.context.support.ClassPathXmlApplicationContext prepareRefresh
INFO: Refreshing org.springframework.context.support.ClassPathXmlApplicationContext@6c936e61: startup date [Tue Oct 10 17:03:56 EDT 2017]; root of context hierarchy
Oct 10, 2017 5:03:56 PM org.springframework.beans.factory.xml.XmlBeanDefinitionReader loadBeanDefinitions
INFO: Loading XML bean definitions from class path resource [applicationContext.xml]
Oct 10, 2017 5:03:56 PM org.springframework.context.support.ClassPathXmlApplicationContext prepareRefresh
INFO: Refreshing org.springframework.context.support.ClassPathXmlApplicationContext@1d2e253c: startup date [Tue Oct 10 17:03:56 EDT 2017]; root of context hierarchy
Oct 10, 2017 5:03:56 PM org.springframework.beans.factory.xml.XmlBeanDefinitionReader loadBeanDefinitions
INFO: Loading XML bean definitions from class path resource [applicationContext.xml]
Oct 10, 2017 5:03:56 PM org.springframework.context.support.ClassPathXmlApplicationContext prepareRefresh
INFO: Refreshing org.springframework.context.support.ClassPathXmlApplicationContext@5aaaafbd: startup date [Tue Oct 10 17:03:56 EDT 2017]; root of context hierarchy
Oct 10, 2017 5:03:56 PM org.springframework.beans.factory.xml.XmlBeanDefinitionReader loadBeanDefinitions
INFO: Loading XML bean definitions from class path resource [applicationContext.xml]
Oct 10, 2017 5:03:56 PM org.springframework.context.support.ClassPathXmlApplicationContext prepareRefresh
INFO: Refreshing org.springframework.context.support.ClassPathXmlApplicationContext@6beae3: startup date [Tue Oct 10 17:03:56 EDT 2017]; root of context hierarchy
Oct 10, 2017 5:03:56 PM org.springframework.beans.factory.xml.XmlBeanDefinitionReader loadBeanDefinitions
INFO: Loading XML bean definitions from class path resource [applicationContext.xml]
Oct 10, 2017 5:03:56 PM org.springframework.context.support.ClassPathXmlApplicationContext prepareRefresh
INFO: Refreshing org.springframework.context.support.ClassPathXmlApplicationContext@7b6b63ef: startup date [Tue Oct 10 17:03:56 EDT 2017]; root of context hierarchy
Oct 10, 2017 5:03:56 PM org.springframework.beans.factory.xml.XmlBeanDefinitionReader loadBeanDefinitions
INFO: Loading XML bean definitions from class path resource [applicationContext.xml]
Oct 10, 2017 5:03:56 PM org.springframework.context.support.ClassPathXmlApplicationContext prepareRefresh
INFO: Refreshing org.springframework.context.support.ClassPathXmlApplicationContext@2d81e997: startup date [Tue Oct 10 17:03:56 EDT 2017]; root of context hierarchy
Oct 10, 2017 5:03:56 PM org.springframework.beans.factory.xml.XmlBeanDefinitionReader loadBeanDefinitions
INFO: Loading XML bean definitions from class path resource [applicationContext.xml]
Oct 10, 2017 5:03:56 PM org.springframework.context.support.ClassPathXmlApplicationContext prepareRefresh
INFO: Refreshing org.springframework.context.support.ClassPathXmlApplicationContext@7b93fe61: startup date [Tue Oct 10 17:03:56 EDT 2017]; root of context hierarchy
Oct 10, 2017 5:03:56 PM org.springframework.beans.factory.xml.XmlBeanDefinitionReader loadBeanDefinitions
INFO: Loading XML bean definitions from class path resource [applicationContext.xml]
Oct 10, 2017 5:03:56 PM org.springframework.context.support.ClassPathXmlApplicationContext prepareRefresh
INFO: Refreshing org.springframework.context.support.ClassPathXmlApplicationContext@249fd630: startup date [Tue Oct 10 17:03:56 EDT 2017]; root of context hierarchy
Oct 10, 2017 5:03:56 PM org.springframework.beans.factory.xml.XmlBeanDefinitionReader loadBeanDefinitions
INFO: Loading XML bean definitions from class path resource [applicationContext.xml]
Oct 10, 2017 5:03:56 PM org.springframework.context.support.ClassPathXmlApplicationContext prepareRefresh
INFO: Refreshing org.springframework.context.support.ClassPathXmlApplicationContext@49552f42: startup date [Tue Oct 10 17:03:56 EDT 2017]; root of context hierarchy
Oct 10, 2017 5:03:56 PM org.springframework.beans.factory.xml.XmlBeanDefinitionReader loadBeanDefinitions
INFO: Loading XML bean definitions from class path resource [applicationContext.xml]
Oct 10, 2017 5:03:56 PM org.springframework.context.support.ClassPathXmlApplicationContext prepareRefresh
INFO: Refreshing org.springframework.context.support.ClassPathXmlApplicationContext@7ae292b7: startup date [Tue Oct 10 17:03:56 EDT 2017]; root of context hierarchy
Oct 10, 2017 5:03:56 PM org.springframework.beans.factory.xml.XmlBeanDefinitionReader loadBeanDefinitions
INFO: Loading XML bean definitions from class path resource [applicationContext.xml]
Oct 10, 2017 5:03:56 PM org.springframework.context.support.ClassPathXmlApplicationContext prepareRefresh
INFO: Refreshing org.springframework.context.support.ClassPathXmlApplicationContext@3c38c820: startup date [Tue Oct 10 17:03:56 EDT 2017]; root of context hierarchy
Oct 10, 2017 5:03:56 PM org.springframework.beans.factory.xml.XmlBeanDefinitionReader loadBeanDefinitions
INFO: Loading XML bean definitions from class path resource [applicationContext.xml]
Oct 10, 2017 5:03:56 PM org.springframework.context.support.ClassPathXmlApplicationContext prepareRefresh
INFO: Refreshing org.springframework.context.support.ClassPathXmlApplicationContext@7db81aa: startup date [Tue Oct 10 17:03:56 EDT 2017]; root of context hierarchy
Oct 10, 2017 5:03:56 PM org.springframework.beans.factory.xml.XmlBeanDefinitionReader loadBeanDefinitions
INFO: Loading XML bean definitions from class path resource [applicationContext.xml]
Oct 10, 2017 5:03:56 PM org.springframework.context.support.ClassPathXmlApplicationContext prepareRefresh
INFO: Refreshing org.springframework.context.support.ClassPathXmlApplicationContext@d59982: startup date [Tue Oct 10 17:03:56 EDT 2017]; root of context hierarchy
Oct 10, 2017 5:03:56 PM org.springframework.beans.factory.xml.XmlBeanDefinitionReader loadBeanDefinitions
INFO: Loading XML bean definitions from class path resource [applicationContext.xml]
Oct 10, 2017 5:03:56 PM org.springframework.context.support.ClassPathXmlApplicationContext prepareRefresh
INFO: Refreshing org.springframework.context.support.ClassPathXmlApplicationContext@23dc6246: startup date [Tue Oct 10 17:03:56 EDT 2017]; root of context hierarchy
Oct 10, 2017 5:03:56 PM org.springframework.beans.factory.xml.XmlBeanDefinitionReader loadBeanDefinitions
INFO: Loading XML bean definitions from class path resource [applicationContext.xml]
Oct 10, 2017 5:03:56 PM org.springframework.context.support.ClassPathXmlApplicationContext prepareRefresh
INFO: Refreshing org.springframework.context.support.ClassPathXmlApplicationContext@1a7ed45e: startup date [Tue Oct 10 17:03:56 EDT 2017]; root of context hierarchy
Oct 10, 2017 5:03:56 PM org.springframework.beans.factory.xml.XmlBeanDefinitionReader loadBeanDefinitions
INFO: Loading XML bean definitions from class path resource [applicationContext.xml]
Oct 10, 2017 5:03:56 PM org.springframework.context.support.ClassPathXmlApplicationContext prepareRefresh
INFO: Refreshing org.springframework.context.support.ClassPathXmlApplicationContext@2540e6bc: startup date [Tue Oct 10 17:03:56 EDT 2017]; root of context hierarchy
Oct 10, 2017 5:03:56 PM org.springframework.beans.factory.xml.XmlBeanDefinitionReader loadBeanDefinitions
INFO: Loading XML bean definitions from class path resource [applicationContext.xml]
Oct 10, 2017 5:03:56 PM org.springframework.context.support.ClassPathXmlApplicationContext prepareRefresh
INFO: Refreshing org.springframework.context.support.ClassPathXmlApplicationContext@5728c422: startup date [Tue Oct 10 17:03:56 EDT 2017]; root of context hierarchy
Oct 10, 2017 5:03:56 PM org.springframework.beans.factory.xml.XmlBeanDefinitionReader loadBeanDefinitions
INFO: Loading XML bean definitions from class path resource [applicationContext.xml]
Oct 10, 2017 5:03:56 PM org.springframework.context.support.ClassPathXmlApplicationContext prepareRefresh
INFO: Refreshing org.springframework.context.support.ClassPathXmlApplicationContext@2131fefd: startup date [Tue Oct 10 17:03:56 EDT 2017]; root of context hierarchy
Oct 10, 2017 5:03:56 PM org.springframework.beans.factory.xml.XmlBeanDefinitionReader loadBeanDefinitions
INFO: Loading XML bean definitions from class path resource [applicationContext.xml]
Oct 10, 2017 5:03:56 PM org.springframework.context.support.ClassPathXmlApplicationContext prepareRefresh
INFO: Refreshing org.springframework.context.support.ClassPathXmlApplicationContext@57178305: startup date [Tue Oct 10 17:03:56 EDT 2017]; root of context hierarchy
Oct 10, 2017 5:03:56 PM org.springframework.beans.factory.xml.XmlBeanDefinitionReader loadBeanDefinitions
INFO: Loading XML bean definitions from class path resource [applicationContext.xml]
Oct 10, 2017 5:03:56 PM org.springframework.context.support.ClassPathXmlApplicationContext prepareRefresh
INFO: Refreshing org.springframework.context.support.ClassPathXmlApplicationContext@6bfccde2: startup date [Tue Oct 10 17:03:56 EDT 2017]; root of context hierarchy
Oct 10, 2017 5:03:56 PM org.springframework.beans.factory.xml.XmlBeanDefinitionReader loadBeanDefinitions
INFO: Loading XML bean definitions from class path resource [applicationContext.xml]
Oct 10, 2017 5:03:56 PM org.springframework.context.support.ClassPathXmlApplicationContext prepareRefresh
INFO: Refreshing org.springframework.context.support.ClassPathXmlApplicationContext@72b0d213: startup date [Tue Oct 10 17:03:56 EDT 2017]; root of context hierarchy
Oct 10, 2017 5:03:56 PM org.springframework.beans.factory.xml.XmlBeanDefinitionReader loadBeanDefinitions
INFO: Loading XML bean definitions from class path resource [applicationContext.xml]
Oct 10, 2017 5:03:56 PM org.springframework.context.support.ClassPathXmlApplicationContext prepareRefresh
INFO: Refreshing org.springframework.context.support.ClassPathXmlApplicationContext@71082ccf: startup date [Tue Oct 10 17:03:56 EDT 2017]; root of context hierarchy
Oct 10, 2017 5:03:56 PM org.springframework.beans.factory.xml.XmlBeanDefinitionReader loadBeanDefinitions
INFO: Loading XML bean definitions from class path resource [applicationContext.xml]
Oct 10, 2017 5:03:56 PM org.springframework.context.support.ClassPathXmlApplicationContext prepareRefresh
INFO: Refreshing org.springframework.context.support.ClassPathXmlApplicationContext@fc2cb79: startup date [Tue Oct 10 17:03:56 EDT 2017]; root of context hierarchy
Oct 10, 2017 5:03:56 PM org.springframework.beans.factory.xml.XmlBeanDefinitionReader loadBeanDefinitions
INFO: Loading XML bean definitions from class path resource [applicationContext.xml]
Oct 10, 2017 5:03:56 PM org.springframework.context.support.ClassPathXmlApplicationContext prepareRefresh
INFO: Refreshing org.springframework.context.support.ClassPathXmlApplicationContext@7cedbbfe: startup date [Tue Oct 10 17:03:56 EDT 2017]; root of context hierarchy
Oct 10, 2017 5:03:56 PM org.springframework.beans.factory.xml.XmlBeanDefinitionReader loadBeanDefinitions
INFO: Loading XML bean definitions from class path resource [applicationContext.xml]
Oct 10, 2017 5:03:56 PM org.springframework.context.support.ClassPathXmlApplicationContext prepareRefresh
INFO: Refreshing org.springframework.context.support.ClassPathXmlApplicationContext@59344041: startup date [Tue Oct 10 17:03:56 EDT 2017]; root of context hierarchy
Oct 10, 2017 5:03:56 PM org.springframework.beans.factory.xml.XmlBeanDefinitionReader loadBeanDefinitions
INFO: Loading XML bean definitions from class path resource [applicationContext.xml]
Oct 10, 2017 5:03:56 PM org.springframework.context.support.ClassPathXmlApplicationContext prepareRefresh
INFO: Refreshing org.springframework.context.support.ClassPathXmlApplicationContext@5ab5d0e9: startup date [Tue Oct 10 17:03:56 EDT 2017]; root of context hierarchy
Oct 10, 2017 5:03:56 PM org.springframework.beans.factory.xml.XmlBeanDefinitionReader loadBeanDefinitions
INFO: Loading XML bean definitions from class path resource [applicationContext.xml]
Oct 10, 2017 5:03:56 PM org.springframework.context.support.ClassPathXmlApplicationContext prepareRefresh
INFO: Refreshing org.springframework.context.support.ClassPathXmlApplicationContext@6a570784: startup date [Tue Oct 10 17:03:56 EDT 2017]; root of context hierarchy
Oct 10, 2017 5:03:56 PM org.springframework.beans.factory.xml.XmlBeanDefinitionReader loadBeanDefinitions
INFO: Loading XML bean definitions from class path resource [applicationContext.xml]
Oct 10, 2017 5:03:56 PM org.springframework.context.support.ClassPathXmlApplicationContext prepareRefresh
INFO: Refreshing org.springframework.context.support.ClassPathXmlApplicationContext@29ae41ee: startup date [Tue Oct 10 17:03:56 EDT 2017]; root of context hierarchy
Oct 10, 2017 5:03:56 PM org.springframework.beans.factory.xml.XmlBeanDefinitionReader loadBeanDefinitions
INFO: Loading XML bean definitions from class path resource [applicationContext.xml]
Oct 10, 2017 5:03:56 PM org.springframework.context.support.ClassPathXmlApplicationContext prepareRefresh
INFO: Refreshing org.springframework.context.support.ClassPathXmlApplicationContext@3cb04cdb: startup date [Tue Oct 10 17:03:56 EDT 2017]; root of context hierarchy
Oct 10, 2017 5:03:56 PM org.springframework.beans.factory.xml.XmlBeanDefinitionReader loadBeanDefinitions
INFO: Loading XML bean definitions from class path resource [applicationContext.xml]
Oct 10, 2017 5:03:56 PM org.springframework.context.support.ClassPathXmlApplicationContext prepareRefresh
INFO: Refreshing org.springframework.context.support.ClassPathXmlApplicationContext@7561114c: startup date [Tue Oct 10 17:03:56 EDT 2017]; root of context hierarchy
Oct 10, 2017 5:03:56 PM org.springframework.beans.factory.xml.XmlBeanDefinitionReader loadBeanDefinitions
INFO: Loading XML bean definitions from class path resource [applicationContext.xml]
Oct 10, 2017 5:03:56 PM org.springframework.context.support.ClassPathXmlApplicationContext prepareRefresh
INFO: Refreshing org.springframework.context.support.ClassPathXmlApplicationContext@5264a965: startup date [Tue Oct 10 17:03:56 EDT 2017]; root of context hierarchy
Oct 10, 2017 5:03:56 PM org.springframework.beans.factory.xml.XmlBeanDefinitionReader loadBeanDefinitions
INFO: Loading XML bean definitions from class path resource [applicationContext.xml]
Oct 10, 2017 5:03:56 PM org.springframework.context.support.ClassPathXmlApplicationContext prepareRefresh
INFO: Refreshing org.springframework.context.support.ClassPathXmlApplicationContext@c08de90: startup date [Tue Oct 10 17:03:56 EDT 2017]; root of context hierarchy
Oct 10, 2017 5:03:56 PM org.springframework.beans.factory.xml.XmlBeanDefinitionReader loadBeanDefinitions
INFO: Loading XML bean definitions from class path resource [applicationContext.xml]
Oct 10, 2017 5:03:56 PM org.springframework.context.support.ClassPathXmlApplicationContext prepareRefresh
INFO: Refreshing org.springframework.context.support.ClassPathXmlApplicationContext@5420c0c8: startup date [Tue Oct 10 17:03:56 EDT 2017]; root of context hierarchy
Oct 10, 2017 5:03:56 PM org.springframework.beans.factory.xml.XmlBeanDefinitionReader loadBeanDefinitions
INFO: Loading XML bean definitions from class path resource [applicationContext.xml]
Oct 10, 2017 5:03:56 PM org.springframework.context.support.ClassPathXmlApplicationContext prepareRefresh
INFO: Refreshing org.springframework.context.support.ClassPathXmlApplicationContext@768eb4fc: startup date [Tue Oct 10 17:03:56 EDT 2017]; root of context hierarchy
Oct 10, 2017 5:03:56 PM org.springframework.beans.factory.xml.XmlBeanDefinitionReader loadBeanDefinitions
INFO: Loading XML bean definitions from class path resource [applicationContext.xml]
Oct 10, 2017 5:03:56 PM org.springframework.context.support.ClassPathXmlApplicationContext prepareRefresh
INFO: Refreshing org.springframework.context.support.ClassPathXmlApplicationContext@18e22b37: startup date [Tue Oct 10 17:03:56 EDT 2017]; root of context hierarchy
Oct 10, 2017 5:03:56 PM org.springframework.beans.factory.xml.XmlBeanDefinitionReader loadBeanDefinitions
INFO: Loading XML bean definitions from class path resource [applicationContext.xml]
Oct 10, 2017 5:03:56 PM org.springframework.context.support.ClassPathXmlApplicationContext prepareRefresh
INFO: Refreshing org.springframework.context.support.ClassPathXmlApplicationContext@4f8e7f46: startup date [Tue Oct 10 17:03:56 EDT 2017]; root of context hierarchy
Oct 10, 2017 5:03:56 PM org.springframework.beans.factory.xml.XmlBeanDefinitionReader loadBeanDefinitions
INFO: Loading XML bean definitions from class path resource [applicationContext.xml]
Oct 10, 2017 5:03:56 PM org.springframework.context.support.ClassPathXmlApplicationContext prepareRefresh
INFO: Refreshing org.springframework.context.support.ClassPathXmlApplicationContext@150bc3c2: startup date [Tue Oct 10 17:03:56 EDT 2017]; root of context hierarchy
Oct 10, 2017 5:03:56 PM org.springframework.beans.factory.xml.XmlBeanDefinitionReader loadBeanDefinitions
INFO: Loading XML bean definitions from class path resource [applicationContext.xml]
Oct 10, 2017 5:03:56 PM org.springframework.context.support.ClassPathXmlApplicationContext prepareRefresh
INFO: Refreshing org.springframework.context.support.ClassPathXmlApplicationContext@46b3d105: startup date [Tue Oct 10 17:03:56 EDT 2017]; root of context hierarchy
Oct 10, 2017 5:03:56 PM org.springframework.beans.factory.xml.XmlBeanDefinitionReader loadBeanDefinitions
INFO: Loading XML bean definitions from class path resource [applicationContext.xml]
Oct 10, 2017 5:03:56 PM org.springframework.context.support.ClassPathXmlApplicationContext prepareRefresh
INFO: Refreshing org.springframework.context.support.ClassPathXmlApplicationContext@f0bbf1: startup date [Tue Oct 10 17:03:56 EDT 2017]; root of context hierarchy
Oct 10, 2017 5:03:56 PM org.springframework.beans.factory.xml.XmlBeanDefinitionReader loadBeanDefinitions
INFO: Loading XML bean definitions from class path resource [applicationContext.xml]
Oct 10, 2017 5:03:57 PM org.springframework.context.support.ClassPathXmlApplicationContext prepareRefresh
INFO: Refreshing org.springframework.context.support.ClassPathXmlApplicationContext@45e12615: startup date [Tue Oct 10 17:03:57 EDT 2017]; root of context hierarchy
Oct 10, 2017 5:03:57 PM org.springframework.beans.factory.xml.XmlBeanDefinitionReader loadBeanDefinitions
INFO: Loading XML bean definitions from class path resource [applicationContext.xml]
Oct 10, 2017 5:03:57 PM org.springframework.context.support.ClassPathXmlApplicationContext prepareRefresh
INFO: Refreshing org.springframework.context.support.ClassPathXmlApplicationContext@3090169b: startup date [Tue Oct 10 17:03:57 EDT 2017]; root of context hierarchy
Oct 10, 2017 5:03:57 PM org.springframework.beans.factory.xml.XmlBeanDefinitionReader loadBeanDefinitions
INFO: Loading XML bean definitions from class path resource [applicationContext.xml]
Oct 10, 2017 5:03:57 PM org.springframework.context.support.ClassPathXmlApplicationContext prepareRefresh
INFO: Refreshing org.springframework.context.support.ClassPathXmlApplicationContext@143bb6ea: startup date [Tue Oct 10 17:03:57 EDT 2017]; root of context hierarchy
Oct 10, 2017 5:03:57 PM org.springframework.beans.factory.xml.XmlBeanDefinitionReader loadBeanDefinitions
INFO: Loading XML bean definitions from class path resource [applicationContext.xml]
Oct 10, 2017 5:03:57 PM org.springframework.context.support.ClassPathXmlApplicationContext prepareRefresh
INFO: Refreshing org.springframework.context.support.ClassPathXmlApplicationContext@397e8974: startup date [Tue Oct 10 17:03:57 EDT 2017]; root of context hierarchy
Oct 10, 2017 5:03:57 PM org.springframework.beans.factory.xml.XmlBeanDefinitionReader loadBeanDefinitions
INFO: Loading XML bean definitions from class path resource [applicationContext.xml]
Oct 10, 2017 5:03:57 PM org.springframework.context.support.ClassPathXmlApplicationContext prepareRefresh
INFO: Refreshing org.springframework.context.support.ClassPathXmlApplicationContext@82b9782: startup date [Tue Oct 10 17:03:57 EDT 2017]; root of context hierarchy
Oct 10, 2017 5:03:57 PM org.springframework.beans.factory.xml.XmlBeanDefinitionReader loadBeanDefinitions
INFO: Loading XML bean definitions from class path resource [applicationContext.xml]
Oct 10, 2017 5:03:57 PM org.springframework.context.support.ClassPathXmlApplicationContext prepareRefresh
INFO: Refreshing org.springframework.context.support.ClassPathXmlApplicationContext@5599d4b4: startup date [Tue Oct 10 17:03:57 EDT 2017]; root of context hierarchy
Oct 10, 2017 5:03:57 PM org.springframework.beans.factory.xml.XmlBeanDefinitionReader loadBeanDefinitions
INFO: Loading XML bean definitions from class path resource [applicationContext.xml]
Oct 10, 2017 5:03:57 PM org.springframework.context.support.ClassPathXmlApplicationContext prepareRefresh
INFO: Refreshing org.springframework.context.support.ClassPathXmlApplicationContext@74482d3: startup date [Tue Oct 10 17:03:57 EDT 2017]; root of context hierarchy
Oct 10, 2017 5:03:57 PM org.springframework.beans.factory.xml.XmlBeanDefinitionReader loadBeanDefinitions
INFO: Loading XML bean definitions from class path resource [applicationContext.xml]
Oct 10, 2017 5:03:57 PM org.springframework.context.support.ClassPathXmlApplicationContext prepareRefresh
INFO: Refreshing org.springframework.context.support.ClassPathXmlApplicationContext@757fdbf0: startup date [Tue Oct 10 17:03:57 EDT 2017]; root of context hierarchy
Oct 10, 2017 5:03:57 PM org.springframework.beans.factory.xml.XmlBeanDefinitionReader loadBeanDefinitions
INFO: Loading XML bean definitions from class path resource [applicationContext.xml]
Oct 10, 2017 5:03:57 PM org.springframework.context.support.ClassPathXmlApplicationContext prepareRefresh
INFO: Refreshing org.springframework.context.support.ClassPathXmlApplicationContext@6d1be95c: startup date [Tue Oct 10 17:03:57 EDT 2017]; root of context hierarchy
Oct 10, 2017 5:03:57 PM org.springframework.beans.factory.xml.XmlBeanDefinitionReader loadBeanDefinitions
INFO: Loading XML bean definitions from class path resource [applicationContext.xml]
Oct 10, 2017 5:03:57 PM org.springframework.context.support.ClassPathXmlApplicationContext prepareRefresh
INFO: Refreshing org.springframework.context.support.ClassPathXmlApplicationContext@43e27839: startup date [Tue Oct 10 17:03:57 EDT 2017]; root of context hierarchy
Oct 10, 2017 5:03:57 PM org.springframework.beans.factory.xml.XmlBeanDefinitionReader loadBeanDefinitions
INFO: Loading XML bean definitions from class path resource [applicationContext.xml]
Oct 10, 2017 5:03:57 PM org.springframework.context.support.ClassPathXmlApplicationContext prepareRefresh
INFO: Refreshing org.springframework.context.support.ClassPathXmlApplicationContext@489386dc: startup date [Tue Oct 10 17:03:57 EDT 2017]; root of context hierarchy
Oct 10, 2017 5:03:57 PM org.springframework.beans.factory.xml.XmlBeanDefinitionReader loadBeanDefinitions
INFO: Loading XML bean definitions from class path resource [applicationContext.xml]
Oct 10, 2017 5:03:57 PM org.springframework.context.support.ClassPathXmlApplicationContext prepareRefresh
INFO: Refreshing org.springframework.context.support.ClassPathXmlApplicationContext@3a5cda4: startup date [Tue Oct 10 17:03:57 EDT 2017]; root of context hierarchy
Oct 10, 2017 5:03:57 PM org.springframework.beans.factory.xml.XmlBeanDefinitionReader loadBeanDefinitions
INFO: Loading XML bean definitions from class path resource [applicationContext.xml]
Oct 10, 2017 5:03:57 PM org.springframework.context.support.ClassPathXmlApplicationContext prepareRefresh
INFO: Refreshing org.springframework.context.support.ClassPathXmlApplicationContext@6c8b271a: startup date [Tue Oct 10 17:03:57 EDT 2017]; root of context hierarchy
Oct 10, 2017 5:03:57 PM org.springframework.beans.factory.xml.XmlBeanDefinitionReader loadBeanDefinitions
INFO: Loading XML bean definitions from class path resource [applicationContext.xml]
Oct 10, 2017 5:03:57 PM org.springframework.context.support.ClassPathXmlApplicationContext prepareRefresh
INFO: Refreshing org.springframework.context.support.ClassPathXmlApplicationContext@33bcb6be: startup date [Tue Oct 10 17:03:57 EDT 2017]; root of context hierarchy
Oct 10, 2017 5:03:57 PM org.springframework.beans.factory.xml.XmlBeanDefinitionReader loadBeanDefinitions
INFO: Loading XML bean definitions from class path resource [applicationContext.xml]
Oct 10, 2017 5:03:57 PM org.springframework.context.support.ClassPathXmlApplicationContext prepareRefresh
INFO: Refreshing org.springframework.context.support.ClassPathXmlApplicationContext@56b3ffba: startup date [Tue Oct 10 17:03:57 EDT 2017]; root of context hierarchy
Oct 10, 2017 5:03:57 PM org.springframework.beans.factory.xml.XmlBeanDefinitionReader loadBeanDefinitions
INFO: Loading XML bean definitions from class path resource [applicationContext.xml]
Oct 10, 2017 5:03:57 PM org.springframework.context.support.ClassPathXmlApplicationContext prepareRefresh
INFO: Refreshing org.springframework.context.support.ClassPathXmlApplicationContext@69e40b8e: startup date [Tue Oct 10 17:03:57 EDT 2017]; root of context hierarchy
Oct 10, 2017 5:03:57 PM org.springframework.beans.factory.xml.XmlBeanDefinitionReader loadBeanDefinitions
INFO: Loading XML bean definitions from class path resource [applicationContext.xml]
Oct 10, 2017 5:03:57 PM org.springframework.context.support.ClassPathXmlApplicationContext prepareRefresh
INFO: Refreshing org.springframework.context.support.ClassPathXmlApplicationContext@358858df: startup date [Tue Oct 10 17:03:57 EDT 2017]; root of context hierarchy
Oct 10, 2017 5:03:57 PM org.springframework.beans.factory.xml.XmlBeanDefinitionReader loadBeanDefinitions
INFO: Loading XML bean definitions from class path resource [applicationContext.xml]
Oct 10, 2017 5:03:57 PM org.springframework.context.support.ClassPathXmlApplicationContext prepareRefresh
INFO: Refreshing org.springframework.context.support.ClassPathXmlApplicationContext@1b6299e1: startup date [Tue Oct 10 17:03:57 EDT 2017]; root of context hierarchy
Oct 10, 2017 5:03:57 PM org.springframework.beans.factory.xml.XmlBeanDefinitionReader loadBeanDefinitions
INFO: Loading XML bean definitions from class path resource [applicationContext.xml]
Oct 10, 2017 5:03:57 PM org.springframework.context.support.ClassPathXmlApplicationContext prepareRefresh
INFO: Refreshing org.springframework.context.support.ClassPathXmlApplicationContext@4cd20407: startup date [Tue Oct 10 17:03:57 EDT 2017]; root of context hierarchy
Oct 10, 2017 5:03:57 PM org.springframework.beans.factory.xml.XmlBeanDefinitionReader loadBeanDefinitions
INFO: Loading XML bean definitions from class path resource [applicationContext.xml]
Oct 10, 2017 5:03:57 PM org.springframework.context.support.ClassPathXmlApplicationContext prepareRefresh
INFO: Refreshing org.springframework.context.support.ClassPathXmlApplicationContext@377b724: startup date [Tue Oct 10 17:03:57 EDT 2017]; root of context hierarchy
Oct 10, 2017 5:03:57 PM org.springframework.beans.factory.xml.XmlBeanDefinitionReader loadBeanDefinitions
INFO: Loading XML bean definitions from class path resource [applicationContext.xml]
Oct 10, 2017 5:03:57 PM org.springframework.context.support.ClassPathXmlApplicationContext prepareRefresh
INFO: Refreshing org.springframework.context.support.ClassPathXmlApplicationContext@36a447ac: startup date [Tue Oct 10 17:03:57 EDT 2017]; root of context hierarchy
Oct 10, 2017 5:03:57 PM org.springframework.beans.factory.xml.XmlBeanDefinitionReader loadBeanDefinitions
INFO: Loading XML bean definitions from class path resource [applicationContext.xml]
Oct 10, 2017 5:03:57 PM org.springframework.context.support.ClassPathXmlApplicationContext prepareRefresh
INFO: Refreshing org.springframework.context.support.ClassPathXmlApplicationContext@606c1018: startup date [Tue Oct 10 17:03:57 EDT 2017]; root of context hierarchy
Oct 10, 2017 5:03:57 PM org.springframework.beans.factory.xml.XmlBeanDefinitionReader loadBeanDefinitions
INFO: Loading XML bean definitions from class path resource [applicationContext.xml]
Oct 10, 2017 5:03:57 PM org.springframework.context.support.ClassPathXmlApplicationContext prepareRefresh
INFO: Refreshing org.springframework.context.support.ClassPathXmlApplicationContext@45771826: startup date [Tue Oct 10 17:03:57 EDT 2017]; root of context hierarchy
Oct 10, 2017 5:03:57 PM org.springframework.beans.factory.xml.XmlBeanDefinitionReader loadBeanDefinitions
INFO: Loading XML bean definitions from class path resource [applicationContext.xml]
Oct 10, 2017 5:03:57 PM org.springframework.context.support.ClassPathXmlApplicationContext prepareRefresh
INFO: Refreshing org.springframework.context.support.ClassPathXmlApplicationContext@9fb8856: startup date [Tue Oct 10 17:03:57 EDT 2017]; root of context hierarchy
Oct 10, 2017 5:03:57 PM org.springframework.beans.factory.xml.XmlBeanDefinitionReader loadBeanDefinitions
INFO: Loading XML bean definitions from class path resource [applicationContext.xml]
Oct 10, 2017 5:03:57 PM org.springframework.context.support.ClassPathXmlApplicationContext prepareRefresh
INFO: Refreshing org.springframework.context.support.ClassPathXmlApplicationContext@18515a90: startup date [Tue Oct 10 17:03:57 EDT 2017]; root of context hierarchy
Oct 10, 2017 5:03:57 PM org.springframework.beans.factory.xml.XmlBeanDefinitionReader loadBeanDefinitions
INFO: Loading XML bean definitions from class path resource [applicationContext.xml]
Oct 10, 2017 5:03:57 PM org.springframework.context.support.ClassPathXmlApplicationContext prepareRefresh
INFO: Refreshing org.springframework.context.support.ClassPathXmlApplicationContext@27c0d06: startup date [Tue Oct 10 17:03:57 EDT 2017]; root of context hierarchy
Oct 10, 2017 5:03:57 PM org.springframework.beans.factory.xml.XmlBeanDefinitionReader loadBeanDefinitions
INFO: Loading XML bean definitions from class path resource [applicationContext.xml]
Oct 10, 2017 5:03:57 PM org.springframework.context.support.ClassPathXmlApplicationContext prepareRefresh
INFO: Refreshing org.springframework.context.support.ClassPathXmlApplicationContext@517b8a39: startup date [Tue Oct 10 17:03:57 EDT 2017]; root of context hierarchy
Oct 10, 2017 5:03:57 PM org.springframework.beans.factory.xml.XmlBeanDefinitionReader loadBeanDefinitions
INFO: Loading XML bean definitions from class path resource [applicationContext.xml]
Oct 10, 2017 5:03:57 PM org.springframework.context.support.ClassPathXmlApplicationContext prepareRefresh
INFO: Refreshing org.springframework.context.support.ClassPathXmlApplicationContext@57513613: startup date [Tue Oct 10 17:03:57 EDT 2017]; root of context hierarchy
Oct 10, 2017 5:03:57 PM org.springframework.beans.factory.xml.XmlBeanDefinitionReader loadBeanDefinitions
INFO: Loading XML bean definitions from class path resource [applicationContext.xml]
Oct 10, 2017 5:03:57 PM org.springframework.context.support.ClassPathXmlApplicationContext prepareRefresh
INFO: Refreshing org.springframework.context.support.ClassPathXmlApplicationContext@beaec53: startup date [Tue Oct 10 17:03:57 EDT 2017]; root of context hierarchy
Oct 10, 2017 5:03:57 PM org.springframework.beans.factory.xml.XmlBeanDefinitionReader loadBeanDefinitions
INFO: Loading XML bean definitions from class path resource [applicationContext.xml]
Oct 10, 2017 5:03:57 PM org.springframework.context.support.ClassPathXmlApplicationContext prepareRefresh
INFO: Refreshing org.springframework.context.support.ClassPathXmlApplicationContext@72384c99: startup date [Tue Oct 10 17:03:57 EDT 2017]; root of context hierarchy
Oct 10, 2017 5:03:57 PM org.springframework.beans.factory.xml.XmlBeanDefinitionReader loadBeanDefinitions
INFO: Loading XML bean definitions from class path resource [applicationContext.xml]
Oct 10, 2017 5:03:57 PM org.springframework.context.support.ClassPathXmlApplicationContext prepareRefresh
INFO: Refreshing org.springframework.context.support.ClassPathXmlApplicationContext@759292ac: startup date [Tue Oct 10 17:03:57 EDT 2017]; root of context hierarchy
Oct 10, 2017 5:03:57 PM org.springframework.beans.factory.xml.XmlBeanDefinitionReader loadBeanDefinitions
INFO: Loading XML bean definitions from class path resource [applicationContext.xml]
Oct 10, 2017 5:03:57 PM org.springframework.context.support.ClassPathXmlApplicationContext prepareRefresh
INFO: Refreshing org.springframework.context.support.ClassPathXmlApplicationContext@1bb51617: startup date [Tue Oct 10 17:03:57 EDT 2017]; root of context hierarchy
Oct 10, 2017 5:03:57 PM org.springframework.beans.factory.xml.XmlBeanDefinitionReader loadBeanDefinitions
INFO: Loading XML bean definitions from class path resource [applicationContext.xml]
Oct 10, 2017 5:03:57 PM org.springframework.context.support.ClassPathXmlApplicationContext prepareRefresh
INFO: Refreshing org.springframework.context.support.ClassPathXmlApplicationContext@19c67669: startup date [Tue Oct 10 17:03:57 EDT 2017]; root of context hierarchy
Oct 10, 2017 5:03:57 PM org.springframework.beans.factory.xml.XmlBeanDefinitionReader loadBeanDefinitions
INFO: Loading XML bean definitions from class path resource [applicationContext.xml]
Oct 10, 2017 5:03:57 PM org.springframework.context.support.ClassPathXmlApplicationContext prepareRefresh
INFO: Refreshing org.springframework.context.support.ClassPathXmlApplicationContext@43c49d4c: startup date [Tue Oct 10 17:03:57 EDT 2017]; root of context hierarchy
Oct 10, 2017 5:03:57 PM org.springframework.beans.factory.xml.XmlBeanDefinitionReader loadBeanDefinitions
INFO: Loading XML bean definitions from class path resource [applicationContext.xml]
Oct 10, 2017 5:03:57 PM org.springframework.context.support.ClassPathXmlApplicationContext prepareRefresh
INFO: Refreshing org.springframework.context.support.ClassPathXmlApplicationContext@573785b6: startup date [Tue Oct 10 17:03:57 EDT 2017]; root of context hierarchy
Oct 10, 2017 5:03:57 PM org.springframework.beans.factory.xml.XmlBeanDefinitionReader loadBeanDefinitions
INFO: Loading XML bean definitions from class path resource [applicationContext.xml]
Oct 10, 2017 5:03:57 PM org.springframework.context.support.ClassPathXmlApplicationContext prepareRefresh
INFO: Refreshing org.springframework.context.support.ClassPathXmlApplicationContext@b218016: startup date [Tue Oct 10 17:03:57 EDT 2017]; root of context hierarchy
Oct 10, 2017 5:03:57 PM org.springframework.beans.factory.xml.XmlBeanDefinitionReader loadBeanDefinitions
INFO: Loading XML bean definitions from class path resource [applicationContext.xml]
Oct 10, 2017 5:03:57 PM org.springframework.context.support.ClassPathXmlApplicationContext prepareRefresh
INFO: Refreshing org.springframework.context.support.ClassPathXmlApplicationContext@25764794: startup date [Tue Oct 10 17:03:57 EDT 2017]; root of context hierarchy
Oct 10, 2017 5:03:57 PM org.springframework.beans.factory.xml.XmlBeanDefinitionReader loadBeanDefinitions
INFO: Loading XML bean definitions from class path resource [applicationContext.xml]
Oct 10, 2017 5:03:57 PM org.springframework.context.support.ClassPathXmlApplicationContext prepareRefresh
INFO: Refreshing org.springframework.context.support.ClassPathXmlApplicationContext@20f37123: startup date [Tue Oct 10 17:03:57 EDT 2017]; root of context hierarchy
Oct 10, 2017 5:03:57 PM org.springframework.beans.factory.xml.XmlBeanDefinitionReader loadBeanDefinitions
INFO: Loading XML bean definitions from class path resource [applicationContext.xml]
Oct 10, 2017 5:03:57 PM org.springframework.context.support.ClassPathXmlApplicationContext prepareRefresh
INFO: Refreshing org.springframework.context.support.ClassPathXmlApplicationContext@707479df: startup date [Tue Oct 10 17:03:57 EDT 2017]; root of context hierarchy
Oct 10, 2017 5:03:57 PM org.springframework.beans.factory.xml.XmlBeanDefinitionReader loadBeanDefinitions
INFO: Loading XML bean definitions from class path resource [applicationContext.xml]
Oct 10, 2017 5:03:57 PM org.springframework.context.support.ClassPathXmlApplicationContext prepareRefresh
INFO: Refreshing org.springframework.context.support.ClassPathXmlApplicationContext@3ea0e5d8: startup date [Tue Oct 10 17:03:57 EDT 2017]; root of context hierarchy
Oct 10, 2017 5:03:57 PM org.springframework.beans.factory.xml.XmlBeanDefinitionReader loadBeanDefinitions
INFO: Loading XML bean definitions from class path resource [applicationContext.xml]
Oct 10, 2017 5:03:57 PM org.springframework.context.support.ClassPathXmlApplicationContext prepareRefresh
INFO: Refreshing org.springframework.context.support.ClassPathXmlApplicationContext@455f4776: startup date [Tue Oct 10 17:03:57 EDT 2017]; root of context hierarchy
Oct 10, 2017 5:03:57 PM org.springframework.beans.factory.xml.XmlBeanDefinitionReader loadBeanDefinitions
INFO: Loading XML bean definitions from class path resource [applicationContext.xml]
Oct 10, 2017 5:03:57 PM org.springframework.context.support.ClassPathXmlApplicationContext prepareRefresh
INFO: Refreshing org.springframework.context.support.ClassPathXmlApplicationContext@39c871f9: startup date [Tue Oct 10 17:03:57 EDT 2017]; root of context hierarchy
Oct 10, 2017 5:03:57 PM org.springframework.beans.factory.xml.XmlBeanDefinitionReader loadBeanDefinitions
INFO: Loading XML bean definitions from class path resource [applicationContext.xml]
Oct 10, 2017 5:03:57 PM org.springframework.context.support.ClassPathXmlApplicationContext prepareRefresh
INFO: Refreshing org.springframework.context.support.ClassPathXmlApplicationContext@3239a0b6: startup date [Tue Oct 10 17:03:57 EDT 2017]; root of context hierarchy
Oct 10, 2017 5:03:57 PM org.springframework.beans.factory.xml.XmlBeanDefinitionReader loadBeanDefinitions
INFO: Loading XML bean definitions from class path resource [applicationContext.xml]
Oct 10, 2017 5:03:57 PM org.springframework.context.support.ClassPathXmlApplicationContext prepareRefresh
INFO: Refreshing org.springframework.context.support.ClassPathXmlApplicationContext@56268632: startup date [Tue Oct 10 17:03:57 EDT 2017]; root of context hierarchy
Oct 10, 2017 5:03:57 PM org.springframework.beans.factory.xml.XmlBeanDefinitionReader loadBeanDefinitions
INFO: Loading XML bean definitions from class path resource [applicationContext.xml]
Oct 10, 2017 5:03:57 PM org.springframework.context.support.ClassPathXmlApplicationContext prepareRefresh
INFO: Refreshing org.springframework.context.support.ClassPathXmlApplicationContext@7e8097d7: startup date [Tue Oct 10 17:03:57 EDT 2017]; root of context hierarchy
Oct 10, 2017 5:03:57 PM org.springframework.beans.factory.xml.XmlBeanDefinitionReader loadBeanDefinitions
INFO: Loading XML bean definitions from class path resource [applicationContext.xml]
Oct 10, 2017 5:03:57 PM org.springframework.context.support.ClassPathXmlApplicationContext prepareRefresh
INFO: Refreshing org.springframework.context.support.ClassPathXmlApplicationContext@3f02f193: startup date [Tue Oct 10 17:03:57 EDT 2017]; root of context hierarchy
Oct 10, 2017 5:03:57 PM org.springframework.beans.factory.xml.XmlBeanDefinitionReader loadBeanDefinitions
INFO: Loading XML bean definitions from class path resource [applicationContext.xml]
Oct 10, 2017 5:03:57 PM org.springframework.context.support.ClassPathXmlApplicationContext prepareRefresh
INFO: Refreshing org.springframework.context.support.ClassPathXmlApplicationContext@4ec8d2c2: startup date [Tue Oct 10 17:03:57 EDT 2017]; root of context hierarchy
Oct 10, 2017 5:03:57 PM org.springframework.beans.factory.xml.XmlBeanDefinitionReader loadBeanDefinitions
INFO: Loading XML bean definitions from class path resource [applicationContext.xml]
Oct 10, 2017 5:03:57 PM org.springframework.context.support.ClassPathXmlApplicationContext prepareRefresh
INFO: Refreshing org.springframework.context.support.ClassPathXmlApplicationContext@7164cbf1: startup date [Tue Oct 10 17:03:57 EDT 2017]; root of context hierarchy
Oct 10, 2017 5:03:57 PM org.springframework.beans.factory.xml.XmlBeanDefinitionReader loadBeanDefinitions
INFO: Loading XML bean definitions from class path resource [applicationContext.xml]
Oct 10, 2017 5:03:57 PM org.springframework.context.support.ClassPathXmlApplicationContext prepareRefresh
INFO: Refreshing org.springframework.context.support.ClassPathXmlApplicationContext@4d85e8c3: startup date [Tue Oct 10 17:03:57 EDT 2017]; root of context hierarchy
Oct 10, 2017 5:03:57 PM org.springframework.beans.factory.xml.XmlBeanDefinitionReader loadBeanDefinitions
INFO: Loading XML bean definitions from class path resource [applicationContext.xml]
Oct 10, 2017 5:03:57 PM org.springframework.context.support.ClassPathXmlApplicationContext prepareRefresh
INFO: Refreshing org.springframework.context.support.ClassPathXmlApplicationContext@7eeb2b9c: startup date [Tue Oct 10 17:03:57 EDT 2017]; root of context hierarchy
Oct 10, 2017 5:03:57 PM org.springframework.beans.factory.xml.XmlBeanDefinitionReader loadBeanDefinitions
INFO: Loading XML bean definitions from class path resource [applicationContext.xml]
Oct 10, 2017 5:03:57 PM org.springframework.context.support.ClassPathXmlApplicationContext prepareRefresh
INFO: Refreshing org.springframework.context.support.ClassPathXmlApplicationContext@4efa6b58: startup date [Tue Oct 10 17:03:57 EDT 2017]; root of context hierarchy
Oct 10, 2017 5:03:57 PM org.springframework.beans.factory.xml.XmlBeanDefinitionReader loadBeanDefinitions
INFO: Loading XML bean definitions from class path resource [applicationContext.xml]
Oct 10, 2017 5:03:57 PM org.springframework.context.support.ClassPathXmlApplicationContext prepareRefresh
INFO: Refreshing org.springframework.context.support.ClassPathXmlApplicationContext@68516c0a: startup date [Tue Oct 10 17:03:57 EDT 2017]; root of context hierarchy
Oct 10, 2017 5:03:57 PM org.springframework.beans.factory.xml.XmlBeanDefinitionReader loadBeanDefinitions
INFO: Loading XML bean definitions from class path resource [applicationContext.xml]
Oct 10, 2017 5:03:57 PM org.springframework.context.support.ClassPathXmlApplicationContext prepareRefresh
INFO: Refreshing org.springframework.context.support.ClassPathXmlApplicationContext@76432673: startup date [Tue Oct 10 17:03:57 EDT 2017]; root of context hierarchy
Oct 10, 2017 5:03:57 PM org.springframework.beans.factory.xml.XmlBeanDefinitionReader loadBeanDefinitions
INFO: Loading XML bean definitions from class path resource [applicationContext.xml]
Oct 10, 2017 5:03:57 PM org.springframework.context.support.ClassPathXmlApplicationContext prepareRefresh
INFO: Refreshing org.springframework.context.support.ClassPathXmlApplicationContext@2b0bd03b: startup date [Tue Oct 10 17:03:57 EDT 2017]; root of context hierarchy
Oct 10, 2017 5:03:57 PM org.springframework.beans.factory.xml.XmlBeanDefinitionReader loadBeanDefinitions
INFO: Loading XML bean definitions from class path resource [applicationContext.xml]
Oct 10, 2017 5:03:57 PM org.springframework.context.support.ClassPathXmlApplicationContext prepareRefresh
INFO: Refreshing org.springframework.context.support.ClassPathXmlApplicationContext@3335e5c0: startup date [Tue Oct 10 17:03:57 EDT 2017]; root of context hierarchy
Oct 10, 2017 5:03:57 PM org.springframework.beans.factory.xml.XmlBeanDefinitionReader loadBeanDefinitions
INFO: Loading XML bean definitions from class path resource [applicationContext.xml]
Oct 10, 2017 5:03:57 PM org.springframework.context.support.ClassPathXmlApplicationContext prepareRefresh
INFO: Refreshing org.springframework.context.support.ClassPathXmlApplicationContext@72f2c680: startup date [Tue Oct 10 17:03:57 EDT 2017]; root of context hierarchy
Oct 10, 2017 5:03:57 PM org.springframework.beans.factory.xml.XmlBeanDefinitionReader loadBeanDefinitions
INFO: Loading XML bean definitions from class path resource [applicationContext.xml]
Oct 10, 2017 5:03:57 PM org.springframework.context.support.ClassPathXmlApplicationContext prepareRefresh
INFO: Refreshing org.springframework.context.support.ClassPathXmlApplicationContext@72323f3c: startup date [Tue Oct 10 17:03:57 EDT 2017]; root of context hierarchy
Oct 10, 2017 5:03:57 PM org.springframework.beans.factory.xml.XmlBeanDefinitionReader loadBeanDefinitions
INFO: Loading XML bean definitions from class path resource [applicationContext.xml]
Oct 10, 2017 5:03:57 PM org.springframework.context.support.ClassPathXmlApplicationContext prepareRefresh
INFO: Refreshing org.springframework.context.support.ClassPathXmlApplicationContext@7e47834d: startup date [Tue Oct 10 17:03:57 EDT 2017]; root of context hierarchy
Oct 10, 2017 5:03:57 PM org.springframework.beans.factory.xml.XmlBeanDefinitionReader loadBeanDefinitions
INFO: Loading XML bean definitions from class path resource [applicationContext.xml]
Oct 10, 2017 5:03:57 PM org.springframework.context.support.ClassPathXmlApplicationContext prepareRefresh
INFO: Refreshing org.springframework.context.support.ClassPathXmlApplicationContext@35058f3b: startup date [Tue Oct 10 17:03:57 EDT 2017]; root of context hierarchy
Oct 10, 2017 5:03:57 PM org.springframework.beans.factory.xml.XmlBeanDefinitionReader loadBeanDefinitions
INFO: Loading XML bean definitions from class path resource [applicationContext.xml]
Oct 10, 2017 5:03:57 PM org.springframework.context.support.ClassPathXmlApplicationContext prepareRefresh
INFO: Refreshing org.springframework.context.support.ClassPathXmlApplicationContext@4090bda6: startup date [Tue Oct 10 17:03:57 EDT 2017]; root of context hierarchy
Oct 10, 2017 5:03:57 PM org.springframework.beans.factory.xml.XmlBeanDefinitionReader loadBeanDefinitions
INFO: Loading XML bean definitions from class path resource [applicationContext.xml]
Oct 10, 2017 5:03:57 PM org.springframework.context.support.ClassPathXmlApplicationContext prepareRefresh
INFO: Refreshing org.springframework.context.support.ClassPathXmlApplicationContext@5a20792e: startup date [Tue Oct 10 17:03:57 EDT 2017]; root of context hierarchy
Oct 10, 2017 5:03:57 PM org.springframework.beans.factory.xml.XmlBeanDefinitionReader loadBeanDefinitions
INFO: Loading XML bean definitions from class path resource [applicationContext.xml]
Oct 10, 2017 5:03:57 PM org.springframework.context.support.ClassPathXmlApplicationContext prepareRefresh
INFO: Refreshing org.springframework.context.support.ClassPathXmlApplicationContext@7f3dfbf4: startup date [Tue Oct 10 17:03:57 EDT 2017]; root of context hierarchy
Oct 10, 2017 5:03:57 PM org.springframework.beans.factory.xml.XmlBeanDefinitionReader loadBeanDefinitions
INFO: Loading XML bean definitions from class path resource [applicationContext.xml]
Oct 10, 2017 5:03:57 PM org.springframework.context.support.ClassPathXmlApplicationContext prepareRefresh
INFO: Refreshing org.springframework.context.support.ClassPathXmlApplicationContext@dc51579: startup date [Tue Oct 10 17:03:57 EDT 2017]; root of context hierarchy
Oct 10, 2017 5:03:57 PM org.springframework.beans.factory.xml.XmlBeanDefinitionReader loadBeanDefinitions
INFO: Loading XML bean definitions from class path resource [applicationContext.xml]
Oct 10, 2017 5:03:57 PM org.springframework.context.support.ClassPathXmlApplicationContext prepareRefresh
INFO: Refreshing org.springframework.context.support.ClassPathXmlApplicationContext@3e0e9a37: startup date [Tue Oct 10 17:03:57 EDT 2017]; root of context hierarchy
Oct 10, 2017 5:03:57 PM org.springframework.beans.factory.xml.XmlBeanDefinitionReader loadBeanDefinitions
INFO: Loading XML bean definitions from class path resource [applicationContext.xml]
Oct 10, 2017 5:03:57 PM org.springframework.context.support.ClassPathXmlApplicationContext prepareRefresh
INFO: Refreshing org.springframework.context.support.ClassPathXmlApplicationContext@2635fec1: startup date [Tue Oct 10 17:03:57 EDT 2017]; root of context hierarchy
Oct 10, 2017 5:03:57 PM org.springframework.beans.factory.xml.XmlBeanDefinitionReader loadBeanDefinitions
INFO: Loading XML bean definitions from class path resource [applicationContext.xml]
Oct 10, 2017 5:03:57 PM org.springframework.context.support.ClassPathXmlApplicationContext prepareRefresh
INFO: Refreshing org.springframework.context.support.ClassPathXmlApplicationContext@2c8d2d3b: startup date [Tue Oct 10 17:03:57 EDT 2017]; root of context hierarchy
Oct 10, 2017 5:03:57 PM org.springframework.beans.factory.xml.XmlBeanDefinitionReader loadBeanDefinitions
INFO: Loading XML bean definitions from class path resource [applicationContext.xml]
Oct 10, 2017 5:03:57 PM org.springframework.context.support.ClassPathXmlApplicationContext prepareRefresh
INFO: Refreshing org.springframework.context.support.ClassPathXmlApplicationContext@43981496: startup date [Tue Oct 10 17:03:57 EDT 2017]; root of context hierarchy
Oct 10, 2017 5:03:57 PM org.springframework.beans.factory.xml.XmlBeanDefinitionReader loadBeanDefinitions
INFO: Loading XML bean definitions from class path resource [applicationContext.xml]
Oct 10, 2017 5:03:57 PM org.springframework.context.support.ClassPathXmlApplicationContext prepareRefresh
INFO: Refreshing org.springframework.context.support.ClassPathXmlApplicationContext@37e7166f: startup date [Tue Oct 10 17:03:57 EDT 2017]; root of context hierarchy
Oct 10, 2017 5:03:57 PM org.springframework.beans.factory.xml.XmlBeanDefinitionReader loadBeanDefinitions
INFO: Loading XML bean definitions from class path resource [applicationContext.xml]
Oct 10, 2017 5:03:57 PM org.springframework.context.support.ClassPathXmlApplicationContext prepareRefresh
INFO: Refreshing org.springframework.context.support.ClassPathXmlApplicationContext@3622e0dd: startup date [Tue Oct 10 17:03:57 EDT 2017]; root of context hierarchy
Oct 10, 2017 5:03:57 PM org.springframework.beans.factory.xml.XmlBeanDefinitionReader loadBeanDefinitions
INFO: Loading XML bean definitions from class path resource [applicationContext.xml]
Oct 10, 2017 5:03:57 PM org.springframework.context.support.ClassPathXmlApplicationContext prepareRefresh
INFO: Refreshing org.springframework.context.support.ClassPathXmlApplicationContext@154a1cc3: startup date [Tue Oct 10 17:03:57 EDT 2017]; root of context hierarchy
Oct 10, 2017 5:03:57 PM org.springframework.beans.factory.xml.XmlBeanDefinitionReader loadBeanDefinitions
INFO: Loading XML bean definitions from class path resource [applicationContext.xml]
Oct 10, 2017 5:03:57 PM org.springframework.context.support.ClassPathXmlApplicationContext prepareRefresh
INFO: Refreshing org.springframework.context.support.ClassPathXmlApplicationContext@74f1478f: startup date [Tue Oct 10 17:03:57 EDT 2017]; root of context hierarchy
Oct 10, 2017 5:03:57 PM org.springframework.beans.factory.xml.XmlBeanDefinitionReader loadBeanDefinitions
INFO: Loading XML bean definitions from class path resource [applicationContext.xml]
Oct 10, 2017 5:03:57 PM org.springframework.context.support.ClassPathXmlApplicationContext prepareRefresh
INFO: Refreshing org.springframework.context.support.ClassPathXmlApplicationContext@5fa4f346: startup date [Tue Oct 10 17:03:57 EDT 2017]; root of context hierarchy
Oct 10, 2017 5:03:57 PM org.springframework.beans.factory.xml.XmlBeanDefinitionReader loadBeanDefinitions
INFO: Loading XML bean definitions from class path resource [applicationContext.xml]
Oct 10, 2017 5:03:57 PM org.springframework.context.support.ClassPathXmlApplicationContext prepareRefresh
INFO: Refreshing org.springframework.context.support.ClassPathXmlApplicationContext@4b8246fb: startup date [Tue Oct 10 17:03:57 EDT 2017]; root of context hierarchy
Oct 10, 2017 5:03:58 PM org.springframework.beans.factory.xml.XmlBeanDefinitionReader loadBeanDefinitions
INFO: Loading XML bean definitions from class path resource [applicationContext.xml]
Oct 10, 2017 5:03:58 PM org.springframework.context.support.ClassPathXmlApplicationContext prepareRefresh
INFO: Refreshing org.springframework.context.support.ClassPathXmlApplicationContext@6c7f0ca5: startup date [Tue Oct 10 17:03:58 EDT 2017]; root of context hierarchy
Oct 10, 2017 5:03:58 PM org.springframework.beans.factory.xml.XmlBeanDefinitionReader loadBeanDefinitions
INFO: Loading XML bean definitions from class path resource [applicationContext.xml]
Oct 10, 2017 5:03:58 PM org.springframework.context.support.ClassPathXmlApplicationContext prepareRefresh
INFO: Refreshing org.springframework.context.support.ClassPathXmlApplicationContext@83674c3: startup date [Tue Oct 10 17:03:58 EDT 2017]; root of context hierarchy
Oct 10, 2017 5:03:58 PM org.springframework.beans.factory.xml.XmlBeanDefinitionReader loadBeanDefinitions
INFO: Loading XML bean definitions from class path resource [applicationContext.xml]
Oct 10, 2017 5:03:58 PM org.springframework.context.support.ClassPathXmlApplicationContext prepareRefresh
INFO: Refreshing org.springframework.context.support.ClassPathXmlApplicationContext@e1d48b7: startup date [Tue Oct 10 17:03:58 EDT 2017]; root of context hierarchy
Oct 10, 2017 5:03:58 PM org.springframework.beans.factory.xml.XmlBeanDefinitionReader loadBeanDefinitions
INFO: Loading XML bean definitions from class path resource [applicationContext.xml]
Oct 10, 2017 5:03:58 PM org.springframework.context.support.ClassPathXmlApplicationContext prepareRefresh
INFO: Refreshing org.springframework.context.support.ClassPathXmlApplicationContext@eeb9f40: startup date [Tue Oct 10 17:03:58 EDT 2017]; root of context hierarchy
Oct 10, 2017 5:03:58 PM org.springframework.beans.factory.xml.XmlBeanDefinitionReader loadBeanDefinitions
INFO: Loading XML bean definitions from class path resource [applicationContext.xml]
Oct 10, 2017 5:03:58 PM org.springframework.context.support.ClassPathXmlApplicationContext prepareRefresh
INFO: Refreshing org.springframework.context.support.ClassPathXmlApplicationContext@5cadfee1: startup date [Tue Oct 10 17:03:58 EDT 2017]; root of context hierarchy
Oct 10, 2017 5:03:58 PM org.springframework.beans.factory.xml.XmlBeanDefinitionReader loadBeanDefinitions
INFO: Loading XML bean definitions from class path resource [applicationContext.xml]
Oct 10, 2017 5:03:58 PM org.springframework.context.support.ClassPathXmlApplicationContext prepareRefresh
INFO: Refreshing org.springframework.context.support.ClassPathXmlApplicationContext@49220d5f: startup date [Tue Oct 10 17:03:58 EDT 2017]; root of context hierarchy
Oct 10, 2017 5:03:58 PM org.springframework.beans.factory.xml.XmlBeanDefinitionReader loadBeanDefinitions
INFO: Loading XML bean definitions from class path resource [applicationContext.xml]
Oct 10, 2017 5:03:58 PM org.springframework.context.support.ClassPathXmlApplicationContext prepareRefresh
INFO: Refreshing org.springframework.context.support.ClassPathXmlApplicationContext@2f432906: startup date [Tue Oct 10 17:03:58 EDT 2017]; root of context hierarchy
Oct 10, 2017 5:03:58 PM org.springframework.beans.factory.xml.XmlBeanDefinitionReader loadBeanDefinitions
INFO: Loading XML bean definitions from class path resource [applicationContext.xml]
Oct 10, 2017 5:03:58 PM org.springframework.context.support.ClassPathXmlApplicationContext prepareRefresh
INFO: Refreshing org.springframework.context.support.ClassPathXmlApplicationContext@33028c0: startup date [Tue Oct 10 17:03:58 EDT 2017]; root of context hierarchy
Oct 10, 2017 5:03:58 PM org.springframework.beans.factory.xml.XmlBeanDefinitionReader loadBeanDefinitions
INFO: Loading XML bean definitions from class path resource [applicationContext.xml]
Oct 10, 2017 5:03:58 PM org.springframework.context.support.ClassPathXmlApplicationContext prepareRefresh
INFO: Refreshing org.springframework.context.support.ClassPathXmlApplicationContext@5eefd7ba: startup date [Tue Oct 10 17:03:58 EDT 2017]; root of context hierarchy
Oct 10, 2017 5:03:58 PM org.springframework.beans.factory.xml.XmlBeanDefinitionReader loadBeanDefinitions
INFO: Loading XML bean definitions from class path resource [applicationContext.xml]
Oct 10, 2017 5:03:58 PM org.springframework.context.support.ClassPathXmlApplicationContext prepareRefresh
INFO: Refreshing org.springframework.context.support.ClassPathXmlApplicationContext@527584ae: startup date [Tue Oct 10 17:03:58 EDT 2017]; root of context hierarchy
Oct 10, 2017 5:03:58 PM org.springframework.beans.factory.xml.XmlBeanDefinitionReader loadBeanDefinitions
INFO: Loading XML bean definitions from class path resource [applicationContext.xml]
Oct 10, 2017 5:03:58 PM org.springframework.context.support.ClassPathXmlApplicationContext prepareRefresh
INFO: Refreshing org.springframework.context.support.ClassPathXmlApplicationContext@1a71d1e4: startup date [Tue Oct 10 17:03:58 EDT 2017]; root of context hierarchy
Oct 10, 2017 5:03:58 PM org.springframework.beans.factory.xml.XmlBeanDefinitionReader loadBeanDefinitions
INFO: Loading XML bean definitions from class path resource [applicationContext.xml]
Oct 10, 2017 5:03:58 PM org.springframework.context.support.ClassPathXmlApplicationContext prepareRefresh
INFO: Refreshing org.springframework.context.support.ClassPathXmlApplicationContext@25b5f93e: startup date [Tue Oct 10 17:03:58 EDT 2017]; root of context hierarchy
Oct 10, 2017 5:03:58 PM org.springframework.beans.factory.xml.XmlBeanDefinitionReader loadBeanDefinitions
INFO: Loading XML bean definitions from class path resource [applicationContext.xml]
Oct 10, 2017 5:03:58 PM org.springframework.context.support.ClassPathXmlApplicationContext prepareRefresh
INFO: Refreshing org.springframework.context.support.ClassPathXmlApplicationContext@3a689a50: startup date [Tue Oct 10 17:03:58 EDT 2017]; root of context hierarchy
Oct 10, 2017 5:03:58 PM org.springframework.beans.factory.xml.XmlBeanDefinitionReader loadBeanDefinitions
INFO: Loading XML bean definitions from class path resource [applicationContext.xml]
Oct 10, 2017 5:03:58 PM org.springframework.context.support.ClassPathXmlApplicationContext prepareRefresh
INFO: Refreshing org.springframework.context.support.ClassPathXmlApplicationContext@1761008d: startup date [Tue Oct 10 17:03:58 EDT 2017]; root of context hierarchy
Oct 10, 2017 5:03:58 PM org.springframework.beans.factory.xml.XmlBeanDefinitionReader loadBeanDefinitions
INFO: Loading XML bean definitions from class path resource [applicationContext.xml]
Oct 10, 2017 5:03:58 PM org.springframework.context.support.ClassPathXmlApplicationContext prepareRefresh
INFO: Refreshing org.springframework.context.support.ClassPathXmlApplicationContext@2c4eebe4: startup date [Tue Oct 10 17:03:58 EDT 2017]; root of context hierarchy
Oct 10, 2017 5:03:58 PM org.springframework.beans.factory.xml.XmlBeanDefinitionReader loadBeanDefinitions
INFO: Loading XML bean definitions from class path resource [applicationContext.xml]
Oct 10, 2017 5:03:58 PM org.springframework.context.support.ClassPathXmlApplicationContext prepareRefresh
INFO: Refreshing org.springframework.context.support.ClassPathXmlApplicationContext@57446851: startup date [Tue Oct 10 17:03:58 EDT 2017]; root of context hierarchy
Oct 10, 2017 5:03:58 PM org.springframework.beans.factory.xml.XmlBeanDefinitionReader loadBeanDefinitions
INFO: Loading XML bean definitions from class path resource [applicationContext.xml]
Oct 10, 2017 5:03:58 PM org.springframework.context.support.ClassPathXmlApplicationContext prepareRefresh
INFO: Refreshing org.springframework.context.support.ClassPathXmlApplicationContext@1feefd28: startup date [Tue Oct 10 17:03:58 EDT 2017]; root of context hierarchy
Oct 10, 2017 5:03:58 PM org.springframework.beans.factory.xml.XmlBeanDefinitionReader loadBeanDefinitions
INFO: Loading XML bean definitions from class path resource [applicationContext.xml]
Oct 10, 2017 5:03:58 PM org.springframework.context.support.ClassPathXmlApplicationContext prepareRefresh
INFO: Refreshing org.springframework.context.support.ClassPathXmlApplicationContext@23cba71: startup date [Tue Oct 10 17:03:58 EDT 2017]; root of context hierarchy
Oct 10, 2017 5:03:58 PM org.springframework.beans.factory.xml.XmlBeanDefinitionReader loadBeanDefinitions
INFO: Loading XML bean definitions from class path resource [applicationContext.xml]
Oct 10, 2017 5:03:58 PM org.springframework.context.support.ClassPathXmlApplicationContext prepareRefresh
INFO: Refreshing org.springframework.context.support.ClassPathXmlApplicationContext@591d3167: startup date [Tue Oct 10 17:03:58 EDT 2017]; root of context hierarchy
Oct 10, 2017 5:03:58 PM org.springframework.beans.factory.xml.XmlBeanDefinitionReader loadBeanDefinitions
INFO: Loading XML bean definitions from class path resource [applicationContext.xml]
Oct 10, 2017 5:03:58 PM org.springframework.context.support.ClassPathXmlApplicationContext prepareRefresh
INFO: Refreshing org.springframework.context.support.ClassPathXmlApplicationContext@550a26af: startup date [Tue Oct 10 17:03:58 EDT 2017]; root of context hierarchy
Oct 10, 2017 5:03:58 PM org.springframework.beans.factory.xml.XmlBeanDefinitionReader loadBeanDefinitions
INFO: Loading XML bean definitions from class path resource [applicationContext.xml]
Oct 10, 2017 5:03:58 PM org.springframework.context.support.ClassPathXmlApplicationContext prepareRefresh
INFO: Refreshing org.springframework.context.support.ClassPathXmlApplicationContext@4fc54fff: startup date [Tue Oct 10 17:03:58 EDT 2017]; root of context hierarchy
Oct 10, 2017 5:03:58 PM org.springframework.beans.factory.xml.XmlBeanDefinitionReader loadBeanDefinitions
INFO: Loading XML bean definitions from class path resource [applicationContext.xml]
Oct 10, 2017 5:03:58 PM org.springframework.context.support.ClassPathXmlApplicationContext prepareRefresh
INFO: Refreshing org.springframework.context.support.ClassPathXmlApplicationContext@6767e3f2: startup date [Tue Oct 10 17:03:58 EDT 2017]; root of context hierarchy
Oct 10, 2017 5:03:58 PM org.springframework.beans.factory.xml.XmlBeanDefinitionReader loadBeanDefinitions
INFO: Loading XML bean definitions from class path resource [applicationContext.xml]
Oct 10, 2017 5:03:58 PM org.springframework.context.support.ClassPathXmlApplicationContext prepareRefresh
INFO: Refreshing org.springframework.context.support.ClassPathXmlApplicationContext@64abda64: startup date [Tue Oct 10 17:03:58 EDT 2017]; root of context hierarchy
Oct 10, 2017 5:03:58 PM org.springframework.beans.factory.xml.XmlBeanDefinitionReader loadBeanDefinitions
INFO: Loading XML bean definitions from class path resource [applicationContext.xml]
Oct 10, 2017 5:03:58 PM org.springframework.context.support.ClassPathXmlApplicationContext prepareRefresh
INFO: Refreshing org.springframework.context.support.ClassPathXmlApplicationContext@2fb79723: startup date [Tue Oct 10 17:03:58 EDT 2017]; root of context hierarchy
Oct 10, 2017 5:03:58 PM org.springframework.beans.factory.xml.XmlBeanDefinitionReader loadBeanDefinitions
INFO: Loading XML bean definitions from class path resource [applicationContext.xml]
Oct 10, 2017 5:03:58 PM org.springframework.context.support.ClassPathXmlApplicationContext prepareRefresh
INFO: Refreshing org.springframework.context.support.ClassPathXmlApplicationContext@19d2abd4: startup date [Tue Oct 10 17:03:58 EDT 2017]; root of context hierarchy
Oct 10, 2017 5:03:58 PM org.springframework.beans.factory.xml.XmlBeanDefinitionReader loadBeanDefinitions
INFO: Loading XML bean definitions from class path resource [applicationContext.xml]
Oct 10, 2017 5:03:58 PM org.springframework.context.support.ClassPathXmlApplicationContext prepareRefresh
INFO: Refreshing org.springframework.context.support.ClassPathXmlApplicationContext@2ba53c61: startup date [Tue Oct 10 17:03:58 EDT 2017]; root of context hierarchy
Oct 10, 2017 5:03:58 PM org.springframework.beans.factory.xml.XmlBeanDefinitionReader loadBeanDefinitions
INFO: Loading XML bean definitions from class path resource [applicationContext.xml]
Oct 10, 2017 5:03:58 PM org.springframework.context.support.ClassPathXmlApplicationContext prepareRefresh
INFO: Refreshing org.springframework.context.support.ClassPathXmlApplicationContext@a161fe6: startup date [Tue Oct 10 17:03:58 EDT 2017]; root of context hierarchy
Oct 10, 2017 5:03:58 PM org.springframework.beans.factory.xml.XmlBeanDefinitionReader loadBeanDefinitions
INFO: Loading XML bean definitions from class path resource [applicationContext.xml]
Oct 10, 2017 5:03:58 PM org.springframework.context.support.ClassPathXmlApplicationContext prepareRefresh
INFO: Refreshing org.springframework.context.support.ClassPathXmlApplicationContext@30cfcb41: startup date [Tue Oct 10 17:03:58 EDT 2017]; root of context hierarchy
Oct 10, 2017 5:03:58 PM org.springframework.beans.factory.xml.XmlBeanDefinitionReader loadBeanDefinitions
INFO: Loading XML bean definitions from class path resource [applicationContext.xml]
Oct 10, 2017 5:03:58 PM org.springframework.context.support.ClassPathXmlApplicationContext prepareRefresh
INFO: Refreshing org.springframework.context.support.ClassPathXmlApplicationContext@6670a059: startup date [Tue Oct 10 17:03:58 EDT 2017]; root of context hierarchy
Oct 10, 2017 5:03:58 PM org.springframework.beans.factory.xml.XmlBeanDefinitionReader loadBeanDefinitions
INFO: Loading XML bean definitions from class path resource [applicationContext.xml]
Oct 10, 2017 5:03:58 PM org.springframework.context.support.ClassPathXmlApplicationContext prepareRefresh
INFO: Refreshing org.springframework.context.support.ClassPathXmlApplicationContext@7603bf4b: startup date [Tue Oct 10 17:03:58 EDT 2017]; root of context hierarchy
Oct 10, 2017 5:03:58 PM org.springframework.beans.factory.xml.XmlBeanDefinitionReader loadBeanDefinitions
INFO: Loading XML bean definitions from class path resource [applicationContext.xml]
Oct 10, 2017 5:03:58 PM org.springframework.context.support.ClassPathXmlApplicationContext prepareRefresh
INFO: Refreshing org.springframework.context.support.ClassPathXmlApplicationContext@1595aa1c: startup date [Tue Oct 10 17:03:58 EDT 2017]; root of context hierarchy
Oct 10, 2017 5:03:58 PM org.springframework.beans.factory.xml.XmlBeanDefinitionReader loadBeanDefinitions
INFO: Loading XML bean definitions from class path resource [applicationContext.xml]
Oct 10, 2017 5:03:58 PM org.springframework.context.support.ClassPathXmlApplicationContext prepareRefresh
INFO: Refreshing org.springframework.context.support.ClassPathXmlApplicationContext@34ad965b: startup date [Tue Oct 10 17:03:58 EDT 2017]; root of context hierarchy
Oct 10, 2017 5:03:58 PM org.springframework.beans.factory.xml.XmlBeanDefinitionReader loadBeanDefinitions
INFO: Loading XML bean definitions from class path resource [applicationContext.xml]
Oct 10, 2017 5:03:58 PM org.springframework.context.support.ClassPathXmlApplicationContext prepareRefresh
INFO: Refreshing org.springframework.context.support.ClassPathXmlApplicationContext@ba8c5df: startup date [Tue Oct 10 17:03:58 EDT 2017]; root of context hierarchy
Oct 10, 2017 5:03:58 PM org.springframework.beans.factory.xml.XmlBeanDefinitionReader loadBeanDefinitions
INFO: Loading XML bean definitions from class path resource [applicationContext.xml]
Oct 10, 2017 5:03:58 PM org.springframework.context.support.ClassPathXmlApplicationContext prepareRefresh
INFO: Refreshing org.springframework.context.support.ClassPathXmlApplicationContext@12c53031: startup date [Tue Oct 10 17:03:58 EDT 2017]; root of context hierarchy
Oct 10, 2017 5:03:58 PM org.springframework.beans.factory.xml.XmlBeanDefinitionReader loadBeanDefinitions
INFO: Loading XML bean definitions from class path resource [applicationContext.xml]
Oct 10, 2017 5:03:58 PM org.springframework.context.support.ClassPathXmlApplicationContext prepareRefresh
INFO: Refreshing org.springframework.context.support.ClassPathXmlApplicationContext@4e088b7f: startup date [Tue Oct 10 17:03:58 EDT 2017]; root of context hierarchy
Oct 10, 2017 5:03:58 PM org.springframework.beans.factory.xml.XmlBeanDefinitionReader loadBeanDefinitions
INFO: Loading XML bean definitions from class path resource [applicationContext.xml]
Oct 10, 2017 5:03:58 PM org.springframework.context.support.ClassPathXmlApplicationContext prepareRefresh
INFO: Refreshing org.springframework.context.support.ClassPathXmlApplicationContext@7b6b812c: startup date [Tue Oct 10 17:03:58 EDT 2017]; root of context hierarchy
Oct 10, 2017 5:03:58 PM org.springframework.beans.factory.xml.XmlBeanDefinitionReader loadBeanDefinitions
INFO: Loading XML bean definitions from class path resource [applicationContext.xml]
Oct 10, 2017 5:03:58 PM org.springframework.context.support.ClassPathXmlApplicationContext prepareRefresh
INFO: Refreshing org.springframework.context.support.ClassPathXmlApplicationContext@2919f08c: startup date [Tue Oct 10 17:03:58 EDT 2017]; root of context hierarchy
Oct 10, 2017 5:03:58 PM org.springframework.beans.factory.xml.XmlBeanDefinitionReader loadBeanDefinitions
INFO: Loading XML bean definitions from class path resource [applicationContext.xml]
Oct 10, 2017 5:03:58 PM org.springframework.context.support.ClassPathXmlApplicationContext prepareRefresh
INFO: Refreshing org.springframework.context.support.ClassPathXmlApplicationContext@5b9ce844: startup date [Tue Oct 10 17:03:58 EDT 2017]; root of context hierarchy
Oct 10, 2017 5:03:58 PM org.springframework.beans.factory.xml.XmlBeanDefinitionReader loadBeanDefinitions
INFO: Loading XML bean definitions from class path resource [applicationContext.xml]
Oct 10, 2017 5:03:58 PM org.springframework.context.support.ClassPathXmlApplicationContext prepareRefresh
INFO: Refreshing org.springframework.context.support.ClassPathXmlApplicationContext@33d9abe7: startup date [Tue Oct 10 17:03:58 EDT 2017]; root of context hierarchy
Oct 10, 2017 5:03:58 PM org.springframework.beans.factory.xml.XmlBeanDefinitionReader loadBeanDefinitions
INFO: Loading XML bean definitions from class path resource [applicationContext.xml]
Oct 10, 2017 5:03:58 PM org.springframework.context.support.ClassPathXmlApplicationContext prepareRefresh
INFO: Refreshing org.springframework.context.support.ClassPathXmlApplicationContext@35e92540: startup date [Tue Oct 10 17:03:58 EDT 2017]; root of context hierarchy
Oct 10, 2017 5:03:58 PM org.springframework.beans.factory.xml.XmlBeanDefinitionReader loadBeanDefinitions
INFO: Loading XML bean definitions from class path resource [applicationContext.xml]
Oct 10, 2017 5:03:58 PM org.springframework.context.support.ClassPathXmlApplicationContext prepareRefresh
INFO: Refreshing org.springframework.context.support.ClassPathXmlApplicationContext@216fdfe: startup date [Tue Oct 10 17:03:58 EDT 2017]; root of context hierarchy
Oct 10, 2017 5:03:58 PM org.springframework.beans.factory.xml.XmlBeanDefinitionReader loadBeanDefinitions
INFO: Loading XML bean definitions from class path resource [applicationContext.xml]
Oct 10, 2017 5:03:58 PM org.springframework.context.support.ClassPathXmlApplicationContext prepareRefresh
INFO: Refreshing org.springframework.context.support.ClassPathXmlApplicationContext@78e7a484: startup date [Tue Oct 10 17:03:58 EDT 2017]; root of context hierarchy
Oct 10, 2017 5:03:58 PM org.springframework.beans.factory.xml.XmlBeanDefinitionReader loadBeanDefinitions
INFO: Loading XML bean definitions from class path resource [applicationContext.xml]
Oct 10, 2017 5:03:58 PM org.springframework.context.support.ClassPathXmlApplicationContext prepareRefresh
INFO: Refreshing org.springframework.context.support.ClassPathXmlApplicationContext@b904390: startup date [Tue Oct 10 17:03:58 EDT 2017]; root of context hierarchy
Oct 10, 2017 5:03:58 PM org.springframework.beans.factory.xml.XmlBeanDefinitionReader loadBeanDefinitions
INFO: Loading XML bean definitions from class path resource [applicationContext.xml]
Oct 10, 2017 5:03:58 PM org.springframework.context.support.ClassPathXmlApplicationContext prepareRefresh
INFO: Refreshing org.springframework.context.support.ClassPathXmlApplicationContext@34a9de87: startup date [Tue Oct 10 17:03:58 EDT 2017]; root of context hierarchy
Oct 10, 2017 5:03:58 PM org.springframework.beans.factory.xml.XmlBeanDefinitionReader loadBeanDefinitions
INFO: Loading XML bean definitions from class path resource [applicationContext.xml]
Oct 10, 2017 5:03:58 PM org.springframework.context.support.ClassPathXmlApplicationContext prepareRefresh
INFO: Refreshing org.springframework.context.support.ClassPathXmlApplicationContext@711c3723: startup date [Tue Oct 10 17:03:58 EDT 2017]; root of context hierarchy
Oct 10, 2017 5:03:58 PM org.springframework.beans.factory.xml.XmlBeanDefinitionReader loadBeanDefinitions
INFO: Loading XML bean definitions from class path resource [applicationContext.xml]
Oct 10, 2017 5:03:58 PM org.springframework.context.support.ClassPathXmlApplicationContext prepareRefresh
INFO: Refreshing org.springframework.context.support.ClassPathXmlApplicationContext@38dec94f: startup date [Tue Oct 10 17:03:58 EDT 2017]; root of context hierarchy
Oct 10, 2017 5:03:58 PM org.springframework.beans.factory.xml.XmlBeanDefinitionReader loadBeanDefinitions
INFO: Loading XML bean definitions from class path resource [applicationContext.xml]
Oct 10, 2017 5:03:58 PM org.springframework.context.support.ClassPathXmlApplicationContext prepareRefresh
INFO: Refreshing org.springframework.context.support.ClassPathXmlApplicationContext@33b887b6: startup date [Tue Oct 10 17:03:58 EDT 2017]; root of context hierarchy
Oct 10, 2017 5:03:58 PM org.springframework.beans.factory.xml.XmlBeanDefinitionReader loadBeanDefinitions
INFO: Loading XML bean definitions from class path resource [applicationContext.xml]
Oct 10, 2017 5:03:58 PM org.springframework.context.support.ClassPathXmlApplicationContext prepareRefresh
INFO: Refreshing org.springframework.context.support.ClassPathXmlApplicationContext@2dffa102: startup date [Tue Oct 10 17:03:58 EDT 2017]; root of context hierarchy
Oct 10, 2017 5:03:58 PM org.springframework.beans.factory.xml.XmlBeanDefinitionReader loadBeanDefinitions
INFO: Loading XML bean definitions from class path resource [applicationContext.xml]
Oct 10, 2017 5:03:58 PM org.springframework.context.support.ClassPathXmlApplicationContext prepareRefresh
INFO: Refreshing org.springframework.context.support.ClassPathXmlApplicationContext@63f47e76: startup date [Tue Oct 10 17:03:58 EDT 2017]; root of context hierarchy
Oct 10, 2017 5:03:58 PM org.springframework.beans.factory.xml.XmlBeanDefinitionReader loadBeanDefinitions
INFO: Loading XML bean definitions from class path resource [applicationContext.xml]
Oct 10, 2017 5:03:58 PM org.springframework.context.support.ClassPathXmlApplicationContext prepareRefresh
INFO: Refreshing org.springframework.context.support.ClassPathXmlApplicationContext@128bc352: startup date [Tue Oct 10 17:03:58 EDT 2017]; root of context hierarchy
Oct 10, 2017 5:03:58 PM org.springframework.beans.factory.xml.XmlBeanDefinitionReader loadBeanDefinitions
INFO: Loading XML bean definitions from class path resource [applicationContext.xml]
Oct 10, 2017 5:03:58 PM org.springframework.context.support.ClassPathXmlApplicationContext prepareRefresh
INFO: Refreshing org.springframework.context.support.ClassPathXmlApplicationContext@cef9c64: startup date [Tue Oct 10 17:03:58 EDT 2017]; root of context hierarchy
Oct 10, 2017 5:03:58 PM org.springframework.beans.factory.xml.XmlBeanDefinitionReader loadBeanDefinitions
INFO: Loading XML bean definitions from class path resource [applicationContext.xml]
Oct 10, 2017 5:03:58 PM org.springframework.context.support.ClassPathXmlApplicationContext prepareRefresh
INFO: Refreshing org.springframework.context.support.ClassPathXmlApplicationContext@7950b3f3: startup date [Tue Oct 10 17:03:58 EDT 2017]; root of context hierarchy
Oct 10, 2017 5:03:58 PM org.springframework.beans.factory.xml.XmlBeanDefinitionReader loadBeanDefinitions
INFO: Loading XML bean definitions from class path resource [applicationContext.xml]
Oct 10, 2017 5:03:58 PM org.springframework.context.support.ClassPathXmlApplicationContext prepareRefresh
INFO: Refreshing org.springframework.context.support.ClassPathXmlApplicationContext@28790b7a: startup date [Tue Oct 10 17:03:58 EDT 2017]; root of context hierarchy
Oct 10, 2017 5:03:58 PM org.springframework.beans.factory.xml.XmlBeanDefinitionReader loadBeanDefinitions
INFO: Loading XML bean definitions from class path resource [applicationContext.xml]
Oct 10, 2017 5:03:58 PM org.springframework.context.support.ClassPathXmlApplicationContext prepareRefresh
INFO: Refreshing org.springframework.context.support.ClassPathXmlApplicationContext@5eccd6c7: startup date [Tue Oct 10 17:03:58 EDT 2017]; root of context hierarchy
Oct 10, 2017 5:03:58 PM org.springframework.beans.factory.xml.XmlBeanDefinitionReader loadBeanDefinitions
INFO: Loading XML bean definitions from class path resource [applicationContext.xml]
Oct 10, 2017 5:03:58 PM org.springframework.context.support.ClassPathXmlApplicationContext prepareRefresh
INFO: Refreshing org.springframework.context.support.ClassPathXmlApplicationContext@fc46e84: startup date [Tue Oct 10 17:03:58 EDT 2017]; root of context hierarchy
Oct 10, 2017 5:03:58 PM org.springframework.beans.factory.xml.XmlBeanDefinitionReader loadBeanDefinitions
INFO: Loading XML bean definitions from class path resource [applicationContext.xml]
Oct 10, 2017 5:03:58 PM org.springframework.context.support.ClassPathXmlApplicationContext prepareRefresh
INFO: Refreshing org.springframework.context.support.ClassPathXmlApplicationContext@3ec2b20c: startup date [Tue Oct 10 17:03:58 EDT 2017]; root of context hierarchy
Oct 10, 2017 5:03:58 PM org.springframework.beans.factory.xml.XmlBeanDefinitionReader loadBeanDefinitions
INFO: Loading XML bean definitions from class path resource [applicationContext.xml]
Oct 10, 2017 5:03:58 PM org.springframework.context.support.ClassPathXmlApplicationContext prepareRefresh
INFO: Refreshing org.springframework.context.support.ClassPathXmlApplicationContext@4afcc209: startup date [Tue Oct 10 17:03:58 EDT 2017]; root of context hierarchy
Oct 10, 2017 5:03:58 PM org.springframework.beans.factory.xml.XmlBeanDefinitionReader loadBeanDefinitions
INFO: Loading XML bean definitions from class path resource [applicationContext.xml]
Oct 10, 2017 5:03:58 PM org.springframework.context.support.ClassPathXmlApplicationContext prepareRefresh
INFO: Refreshing org.springframework.context.support.ClassPathXmlApplicationContext@196b5f2d: startup date [Tue Oct 10 17:03:58 EDT 2017]; root of context hierarchy
Oct 10, 2017 5:03:58 PM org.springframework.beans.factory.xml.XmlBeanDefinitionReader loadBeanDefinitions
INFO: Loading XML bean definitions from class path resource [applicationContext.xml]
Oct 10, 2017 5:03:58 PM org.springframework.context.support.ClassPathXmlApplicationContext prepareRefresh
INFO: Refreshing org.springframework.context.support.ClassPathXmlApplicationContext@305026fc: startup date [Tue Oct 10 17:03:58 EDT 2017]; root of context hierarchy
Oct 10, 2017 5:03:58 PM org.springframework.beans.factory.xml.XmlBeanDefinitionReader loadBeanDefinitions
INFO: Loading XML bean definitions from class path resource [applicationContext.xml]
Oct 10, 2017 5:03:59 PM org.springframework.context.support.ClassPathXmlApplicationContext prepareRefresh
INFO: Refreshing org.springframework.context.support.ClassPathXmlApplicationContext@1e380dfd: startup date [Tue Oct 10 17:03:58 EDT 2017]; root of context hierarchy
Oct 10, 2017 5:03:59 PM org.springframework.beans.factory.xml.XmlBeanDefinitionReader loadBeanDefinitions
INFO: Loading XML bean definitions from class path resource [applicationContext.xml]
Oct 10, 2017 5:03:59 PM org.springframework.context.support.ClassPathXmlApplicationContext prepareRefresh
INFO: Refreshing org.springframework.context.support.ClassPathXmlApplicationContext@a7c2292: startup date [Tue Oct 10 17:03:59 EDT 2017]; root of context hierarchy
Oct 10, 2017 5:03:59 PM org.springframework.beans.factory.xml.XmlBeanDefinitionReader loadBeanDefinitions
INFO: Loading XML bean definitions from class path resource [applicationContext.xml]
Oct 10, 2017 5:03:59 PM org.springframework.context.support.ClassPathXmlApplicationContext prepareRefresh
INFO: Refreshing org.springframework.context.support.ClassPathXmlApplicationContext@2029230e: startup date [Tue Oct 10 17:03:59 EDT 2017]; root of context hierarchy
Oct 10, 2017 5:03:59 PM org.springframework.beans.factory.xml.XmlBeanDefinitionReader loadBeanDefinitions
INFO: Loading XML bean definitions from class path resource [applicationContext.xml]
Oct 10, 2017 5:03:59 PM org.springframework.context.support.ClassPathXmlApplicationContext prepareRefresh
INFO: Refreshing org.springframework.context.support.ClassPathXmlApplicationContext@6a692183: startup date [Tue Oct 10 17:03:59 EDT 2017]; root of context hierarchy
Oct 10, 2017 5:03:59 PM org.springframework.beans.factory.xml.XmlBeanDefinitionReader loadBeanDefinitions
INFO: Loading XML bean definitions from class path resource [applicationContext.xml]
Oct 10, 2017 5:03:59 PM org.springframework.context.support.ClassPathXmlApplicationContext prepareRefresh
INFO: Refreshing org.springframework.context.support.ClassPathXmlApplicationContext@6637842b: startup date [Tue Oct 10 17:03:59 EDT 2017]; root of context hierarchy
Oct 10, 2017 5:03:59 PM org.springframework.beans.factory.xml.XmlBeanDefinitionReader loadBeanDefinitions
INFO: Loading XML bean definitions from class path resource [applicationContext.xml]
Oct 10, 2017 5:03:59 PM org.springframework.context.support.ClassPathXmlApplicationContext prepareRefresh
INFO: Refreshing org.springframework.context.support.ClassPathXmlApplicationContext@19ea4faa: startup date [Tue Oct 10 17:03:59 EDT 2017]; root of context hierarchy
Oct 10, 2017 5:03:59 PM org.springframework.beans.factory.xml.XmlBeanDefinitionReader loadBeanDefinitions
INFO: Loading XML bean definitions from class path resource [applicationContext.xml]
Oct 10, 2017 5:03:59 PM org.springframework.context.support.ClassPathXmlApplicationContext prepareRefresh
INFO: Refreshing org.springframework.context.support.ClassPathXmlApplicationContext@2fb45ad2: startup date [Tue Oct 10 17:03:59 EDT 2017]; root of context hierarchy
Oct 10, 2017 5:03:59 PM org.springframework.beans.factory.xml.XmlBeanDefinitionReader loadBeanDefinitions
INFO: Loading XML bean definitions from class path resource [applicationContext.xml]
Oct 10, 2017 5:03:59 PM org.springframework.context.support.ClassPathXmlApplicationContext prepareRefresh
INFO: Refreshing org.springframework.context.support.ClassPathXmlApplicationContext@3da7f7a1: startup date [Tue Oct 10 17:03:59 EDT 2017]; root of context hierarchy
Oct 10, 2017 5:03:59 PM org.springframework.beans.factory.xml.XmlBeanDefinitionReader loadBeanDefinitions
INFO: Loading XML bean definitions from class path resource [applicationContext.xml]
Oct 10, 2017 5:03:59 PM org.springframework.context.support.ClassPathXmlApplicationContext prepareRefresh
INFO: Refreshing org.springframework.context.support.ClassPathXmlApplicationContext@6e1317c7: startup date [Tue Oct 10 17:03:59 EDT 2017]; root of context hierarchy
Oct 10, 2017 5:03:59 PM org.springframework.beans.factory.xml.XmlBeanDefinitionReader loadBeanDefinitions
INFO: Loading XML bean definitions from class path resource [applicationContext.xml]
Oct 10, 2017 5:03:59 PM org.springframework.context.support.ClassPathXmlApplicationContext prepareRefresh
INFO: Refreshing org.springframework.context.support.ClassPathXmlApplicationContext@20d3a629: startup date [Tue Oct 10 17:03:59 EDT 2017]; root of context hierarchy
Oct 10, 2017 5:03:59 PM org.springframework.beans.factory.xml.XmlBeanDefinitionReader loadBeanDefinitions
INFO: Loading XML bean definitions from class path resource [applicationContext.xml]
Oct 10, 2017 5:03:59 PM org.springframework.context.support.ClassPathXmlApplicationContext prepareRefresh
INFO: Refreshing org.springframework.context.support.ClassPathXmlApplicationContext@22a33bc8: startup date [Tue Oct 10 17:03:59 EDT 2017]; root of context hierarchy
Oct 10, 2017 5:03:59 PM org.springframework.beans.factory.xml.XmlBeanDefinitionReader loadBeanDefinitions
INFO: Loading XML bean definitions from class path resource [applicationContext.xml]
Oct 10, 2017 5:03:59 PM org.springframework.context.support.ClassPathXmlApplicationContext prepareRefresh
INFO: Refreshing org.springframework.context.support.ClassPathXmlApplicationContext@79fbec67: startup date [Tue Oct 10 17:03:59 EDT 2017]; root of context hierarchy
Oct 10, 2017 5:03:59 PM org.springframework.beans.factory.xml.XmlBeanDefinitionReader loadBeanDefinitions
INFO: Loading XML bean definitions from class path resource [applicationContext.xml]
Oct 10, 2017 5:03:59 PM org.springframework.context.support.ClassPathXmlApplicationContext prepareRefresh
INFO: Refreshing org.springframework.context.support.ClassPathXmlApplicationContext@1db34ef3: startup date [Tue Oct 10 17:03:59 EDT 2017]; root of context hierarchy
Oct 10, 2017 5:03:59 PM org.springframework.beans.factory.xml.XmlBeanDefinitionReader loadBeanDefinitions
INFO: Loading XML bean definitions from class path resource [applicationContext.xml]
Oct 10, 2017 5:03:59 PM org.springframework.context.support.ClassPathXmlApplicationContext prepareRefresh
INFO: Refreshing org.springframework.context.support.ClassPathXmlApplicationContext@6c2337d4: startup date [Tue Oct 10 17:03:59 EDT 2017]; root of context hierarchy
Oct 10, 2017 5:03:59 PM org.springframework.beans.factory.xml.XmlBeanDefinitionReader loadBeanDefinitions
INFO: Loading XML bean definitions from class path resource [applicationContext.xml]
Oct 10, 2017 5:03:59 PM org.springframework.context.support.ClassPathXmlApplicationContext prepareRefresh
INFO: Refreshing org.springframework.context.support.ClassPathXmlApplicationContext@7882ee5e: startup date [Tue Oct 10 17:03:59 EDT 2017]; root of context hierarchy
Oct 10, 2017 5:03:59 PM org.springframework.beans.factory.xml.XmlBeanDefinitionReader loadBeanDefinitions
INFO: Loading XML bean definitions from class path resource [applicationContext.xml]
Oct 10, 2017 5:03:59 PM org.springframework.context.support.ClassPathXmlApplicationContext prepareRefresh
INFO: Refreshing org.springframework.context.support.ClassPathXmlApplicationContext@3c6bf9fa: startup date [Tue Oct 10 17:03:59 EDT 2017]; root of context hierarchy
Oct 10, 2017 5:03:59 PM org.springframework.beans.factory.xml.XmlBeanDefinitionReader loadBeanDefinitions
INFO: Loading XML bean definitions from class path resource [applicationContext.xml]
Oct 10, 2017 5:03:59 PM org.springframework.context.support.ClassPathXmlApplicationContext prepareRefresh
INFO: Refreshing org.springframework.context.support.ClassPathXmlApplicationContext@5e69df97: startup date [Tue Oct 10 17:03:59 EDT 2017]; root of context hierarchy
Oct 10, 2017 5:03:59 PM org.springframework.beans.factory.xml.XmlBeanDefinitionReader loadBeanDefinitions
INFO: Loading XML bean definitions from class path resource [applicationContext.xml]
Oct 10, 2017 5:03:59 PM org.springframework.context.support.ClassPathXmlApplicationContext prepareRefresh
INFO: Refreshing org.springframework.context.support.ClassPathXmlApplicationContext@2fcd5b5c: startup date [Tue Oct 10 17:03:59 EDT 2017]; root of context hierarchy
Oct 10, 2017 5:03:59 PM org.springframework.beans.factory.xml.XmlBeanDefinitionReader loadBeanDefinitions
INFO: Loading XML bean definitions from class path resource [applicationContext.xml]
Oct 10, 2017 5:03:59 PM org.springframework.context.support.ClassPathXmlApplicationContext prepareRefresh
INFO: Refreshing org.springframework.context.support.ClassPathXmlApplicationContext@3b035e1: startup date [Tue Oct 10 17:03:59 EDT 2017]; root of context hierarchy
Oct 10, 2017 5:03:59 PM org.springframework.beans.factory.xml.XmlBeanDefinitionReader loadBeanDefinitions
INFO: Loading XML bean definitions from class path resource [applicationContext.xml]
Oct 10, 2017 5:03:59 PM org.springframework.context.support.ClassPathXmlApplicationContext prepareRefresh
INFO: Refreshing org.springframework.context.support.ClassPathXmlApplicationContext@4e4049ea: startup date [Tue Oct 10 17:03:59 EDT 2017]; root of context hierarchy
Oct 10, 2017 5:03:59 PM org.springframework.beans.factory.xml.XmlBeanDefinitionReader loadBeanDefinitions
INFO: Loading XML bean definitions from class path resource [applicationContext.xml]
Oct 10, 2017 5:03:59 PM org.springframework.context.support.ClassPathXmlApplicationContext prepareRefresh
INFO: Refreshing org.springframework.context.support.ClassPathXmlApplicationContext@3bcd7f82: startup date [Tue Oct 10 17:03:59 EDT 2017]; root of context hierarchy
Oct 10, 2017 5:03:59 PM org.springframework.beans.factory.xml.XmlBeanDefinitionReader loadBeanDefinitions
INFO: Loading XML bean definitions from class path resource [applicationContext.xml]
Oct 10, 2017 5:03:59 PM org.springframework.context.support.ClassPathXmlApplicationContext prepareRefresh
INFO: Refreshing org.springframework.context.support.ClassPathXmlApplicationContext@4778a52f: startup date [Tue Oct 10 17:03:59 EDT 2017]; root of context hierarchy
Oct 10, 2017 5:03:59 PM org.springframework.beans.factory.xml.XmlBeanDefinitionReader loadBeanDefinitions
INFO: Loading XML bean definitions from class path resource [applicationContext.xml]
Oct 10, 2017 5:03:59 PM org.springframework.context.support.ClassPathXmlApplicationContext prepareRefresh
INFO: Refreshing org.springframework.context.support.ClassPathXmlApplicationContext@3859badf: startup date [Tue Oct 10 17:03:59 EDT 2017]; root of context hierarchy
Oct 10, 2017 5:03:59 PM org.springframework.beans.factory.xml.XmlBeanDefinitionReader loadBeanDefinitions
INFO: Loading XML bean definitions from class path resource [applicationContext.xml]
Oct 10, 2017 5:03:59 PM org.springframework.context.support.ClassPathXmlApplicationContext prepareRefresh
INFO: Refreshing org.springframework.context.support.ClassPathXmlApplicationContext@2be1697b: startup date [Tue Oct 10 17:03:59 EDT 2017]; root of context hierarchy
Oct 10, 2017 5:03:59 PM org.springframework.beans.factory.xml.XmlBeanDefinitionReader loadBeanDefinitions
INFO: Loading XML bean definitions from class path resource [applicationContext.xml]
Oct 10, 2017 5:03:59 PM org.springframework.context.support.ClassPathXmlApplicationContext prepareRefresh
INFO: Refreshing org.springframework.context.support.ClassPathXmlApplicationContext@74abb433: startup date [Tue Oct 10 17:03:59 EDT 2017]; root of context hierarchy
Oct 10, 2017 5:03:59 PM org.springframework.beans.factory.xml.XmlBeanDefinitionReader loadBeanDefinitions
INFO: Loading XML bean definitions from class path resource [applicationContext.xml]
Oct 10, 2017 5:03:59 PM org.springframework.context.support.ClassPathXmlApplicationContext prepareRefresh
INFO: Refreshing org.springframework.context.support.ClassPathXmlApplicationContext@3691a710: startup date [Tue Oct 10 17:03:59 EDT 2017]; root of context hierarchy
Oct 10, 2017 5:03:59 PM org.springframework.beans.factory.xml.XmlBeanDefinitionReader loadBeanDefinitions
INFO: Loading XML bean definitions from class path resource [applicationContext.xml]
Oct 10, 2017 5:03:59 PM org.springframework.context.support.ClassPathXmlApplicationContext prepareRefresh
INFO: Refreshing org.springframework.context.support.ClassPathXmlApplicationContext@522104cb: startup date [Tue Oct 10 17:03:59 EDT 2017]; root of context hierarchy
Oct 10, 2017 5:03:59 PM org.springframework.beans.factory.xml.XmlBeanDefinitionReader loadBeanDefinitions
INFO: Loading XML bean definitions from class path resource [applicationContext.xml]
Oct 10, 2017 5:03:59 PM org.springframework.context.support.ClassPathXmlApplicationContext prepareRefresh
INFO: Refreshing org.springframework.context.support.ClassPathXmlApplicationContext@d984477: startup date [Tue Oct 10 17:03:59 EDT 2017]; root of context hierarchy
Oct 10, 2017 5:03:59 PM org.springframework.beans.factory.xml.XmlBeanDefinitionReader loadBeanDefinitions
INFO: Loading XML bean definitions from class path resource [applicationContext.xml]
Oct 10, 2017 5:03:59 PM org.springframework.context.support.ClassPathXmlApplicationContext prepareRefresh
INFO: Refreshing org.springframework.context.support.ClassPathXmlApplicationContext@6b4849f8: startup date [Tue Oct 10 17:03:59 EDT 2017]; root of context hierarchy
Oct 10, 2017 5:03:59 PM org.springframework.beans.factory.xml.XmlBeanDefinitionReader loadBeanDefinitions
INFO: Loading XML bean definitions from class path resource [applicationContext.xml]
Oct 10, 2017 5:03:59 PM org.springframework.context.support.ClassPathXmlApplicationContext prepareRefresh
INFO: Refreshing org.springframework.context.support.ClassPathXmlApplicationContext@830b901: startup date [Tue Oct 10 17:03:59 EDT 2017]; root of context hierarchy
Oct 10, 2017 5:03:59 PM org.springframework.beans.factory.xml.XmlBeanDefinitionReader loadBeanDefinitions
INFO: Loading XML bean definitions from class path resource [applicationContext.xml]
Oct 10, 2017 5:03:59 PM org.springframework.context.support.ClassPathXmlApplicationContext prepareRefresh
INFO: Refreshing org.springframework.context.support.ClassPathXmlApplicationContext@7fd41b6f: startup date [Tue Oct 10 17:03:59 EDT 2017]; root of context hierarchy
Oct 10, 2017 5:03:59 PM org.springframework.beans.factory.xml.XmlBeanDefinitionReader loadBeanDefinitions
INFO: Loading XML bean definitions from class path resource [applicationContext.xml]
Oct 10, 2017 5:03:59 PM org.springframework.context.support.ClassPathXmlApplicationContext prepareRefresh
INFO: Refreshing org.springframework.context.support.ClassPathXmlApplicationContext@8838d08: startup date [Tue Oct 10 17:03:59 EDT 2017]; root of context hierarchy
Oct 10, 2017 5:03:59 PM org.springframework.beans.factory.xml.XmlBeanDefinitionReader loadBeanDefinitions
INFO: Loading XML bean definitions from class path resource [applicationContext.xml]
Oct 10, 2017 5:03:59 PM org.springframework.context.support.ClassPathXmlApplicationContext prepareRefresh
INFO: Refreshing org.springframework.context.support.ClassPathXmlApplicationContext@2c877903: startup date [Tue Oct 10 17:03:59 EDT 2017]; root of context hierarchy
Oct 10, 2017 5:03:59 PM org.springframework.beans.factory.xml.XmlBeanDefinitionReader loadBeanDefinitions
INFO: Loading XML bean definitions from class path resource [applicationContext.xml]
Oct 10, 2017 5:03:59 PM org.springframework.context.support.ClassPathXmlApplicationContext prepareRefresh
INFO: Refreshing org.springframework.context.support.ClassPathXmlApplicationContext@465c3cb8: startup date [Tue Oct 10 17:03:59 EDT 2017]; root of context hierarchy
Oct 10, 2017 5:03:59 PM org.springframework.beans.factory.xml.XmlBeanDefinitionReader loadBeanDefinitions
INFO: Loading XML bean definitions from class path resource [applicationContext.xml]
Oct 10, 2017 5:03:59 PM org.springframework.context.support.ClassPathXmlApplicationContext prepareRefresh
INFO: Refreshing org.springframework.context.support.ClassPathXmlApplicationContext@1a257939: startup date [Tue Oct 10 17:03:59 EDT 2017]; root of context hierarchy
Oct 10, 2017 5:03:59 PM org.springframework.beans.factory.xml.XmlBeanDefinitionReader loadBeanDefinitions
INFO: Loading XML bean definitions from class path resource [applicationContext.xml]
Oct 10, 2017 5:03:59 PM org.springframework.context.support.ClassPathXmlApplicationContext prepareRefresh
INFO: Refreshing org.springframework.context.support.ClassPathXmlApplicationContext@435af991: startup date [Tue Oct 10 17:03:59 EDT 2017]; root of context hierarchy
Oct 10, 2017 5:03:59 PM org.springframework.beans.factory.xml.XmlBeanDefinitionReader loadBeanDefinitions
INFO: Loading XML bean definitions from class path resource [applicationContext.xml]
Oct 10, 2017 5:03:59 PM org.springframework.context.support.ClassPathXmlApplicationContext prepareRefresh
INFO: Refreshing org.springframework.context.support.ClassPathXmlApplicationContext@bfcfb80: startup date [Tue Oct 10 17:03:59 EDT 2017]; root of context hierarchy
Oct 10, 2017 5:03:59 PM org.springframework.beans.factory.xml.XmlBeanDefinitionReader loadBeanDefinitions
INFO: Loading XML bean definitions from class path resource [applicationContext.xml]
Oct 10, 2017 5:03:59 PM org.springframework.context.support.ClassPathXmlApplicationContext prepareRefresh
INFO: Refreshing org.springframework.context.support.ClassPathXmlApplicationContext@60f81861: startup date [Tue Oct 10 17:03:59 EDT 2017]; root of context hierarchy
Oct 10, 2017 5:03:59 PM org.springframework.beans.factory.xml.XmlBeanDefinitionReader loadBeanDefinitions
INFO: Loading XML bean definitions from class path resource [applicationContext.xml]
Oct 10, 2017 5:03:59 PM org.springframework.context.support.ClassPathXmlApplicationContext prepareRefresh
INFO: Refreshing org.springframework.context.support.ClassPathXmlApplicationContext@504ef0c1: startup date [Tue Oct 10 17:03:59 EDT 2017]; root of context hierarchy
Oct 10, 2017 5:03:59 PM org.springframework.beans.factory.xml.XmlBeanDefinitionReader loadBeanDefinitions
INFO: Loading XML bean definitions from class path resource [applicationContext.xml]
Oct 10, 2017 5:03:59 PM org.springframework.context.support.ClassPathXmlApplicationContext prepareRefresh
INFO: Refreshing org.springframework.context.support.ClassPathXmlApplicationContext@33430eb0: startup date [Tue Oct 10 17:03:59 EDT 2017]; root of context hierarchy
Oct 10, 2017 5:03:59 PM org.springframework.beans.factory.xml.XmlBeanDefinitionReader loadBeanDefinitions
INFO: Loading XML bean definitions from class path resource [applicationContext.xml]
Oct 10, 2017 5:03:59 PM org.springframework.context.support.ClassPathXmlApplicationContext prepareRefresh
INFO: Refreshing org.springframework.context.support.ClassPathXmlApplicationContext@3a6febd9: startup date [Tue Oct 10 17:03:59 EDT 2017]; root of context hierarchy
Oct 10, 2017 5:03:59 PM org.springframework.beans.factory.xml.XmlBeanDefinitionReader loadBeanDefinitions
INFO: Loading XML bean definitions from class path resource [applicationContext.xml]
Oct 10, 2017 5:03:59 PM org.springframework.context.support.ClassPathXmlApplicationContext prepareRefresh
INFO: Refreshing org.springframework.context.support.ClassPathXmlApplicationContext@10a87453: startup date [Tue Oct 10 17:03:59 EDT 2017]; root of context hierarchy
Oct 10, 2017 5:03:59 PM org.springframework.beans.factory.xml.XmlBeanDefinitionReader loadBeanDefinitions
INFO: Loading XML bean definitions from class path resource [applicationContext.xml]
Oct 10, 2017 5:03:59 PM org.springframework.context.support.ClassPathXmlApplicationContext prepareRefresh
INFO: Refreshing org.springframework.context.support.ClassPathXmlApplicationContext@62bbbd67: startup date [Tue Oct 10 17:03:59 EDT 2017]; root of context hierarchy
Oct 10, 2017 5:03:59 PM org.springframework.beans.factory.xml.XmlBeanDefinitionReader loadBeanDefinitions
INFO: Loading XML bean definitions from class path resource [applicationContext.xml]
Oct 10, 2017 5:03:59 PM org.springframework.context.support.ClassPathXmlApplicationContext prepareRefresh
INFO: Refreshing org.springframework.context.support.ClassPathXmlApplicationContext@45915eb6: startup date [Tue Oct 10 17:03:59 EDT 2017]; root of context hierarchy
Oct 10, 2017 5:03:59 PM org.springframework.beans.factory.xml.XmlBeanDefinitionReader loadBeanDefinitions
INFO: Loading XML bean definitions from class path resource [applicationContext.xml]
Oct 10, 2017 5:03:59 PM org.springframework.context.support.ClassPathXmlApplicationContext prepareRefresh
INFO: Refreshing org.springframework.context.support.ClassPathXmlApplicationContext@4c3a4978: startup date [Tue Oct 10 17:03:59 EDT 2017]; root of context hierarchy
Oct 10, 2017 5:03:59 PM org.springframework.beans.factory.xml.XmlBeanDefinitionReader loadBeanDefinitions
INFO: Loading XML bean definitions from class path resource [applicationContext.xml]
Oct 10, 2017 5:03:59 PM org.springframework.context.support.ClassPathXmlApplicationContext prepareRefresh
INFO: Refreshing org.springframework.context.support.ClassPathXmlApplicationContext@28ada984: startup date [Tue Oct 10 17:03:59 EDT 2017]; root of context hierarchy
Oct 10, 2017 5:03:59 PM org.springframework.beans.factory.xml.XmlBeanDefinitionReader loadBeanDefinitions
INFO: Loading XML bean definitions from class path resource [applicationContext.xml]
Oct 10, 2017 5:03:59 PM org.springframework.context.support.ClassPathXmlApplicationContext prepareRefresh
INFO: Refreshing org.springframework.context.support.ClassPathXmlApplicationContext@41a9920d: startup date [Tue Oct 10 17:03:59 EDT 2017]; root of context hierarchy
Oct 10, 2017 5:03:59 PM org.springframework.beans.factory.xml.XmlBeanDefinitionReader loadBeanDefinitions
INFO: Loading XML bean definitions from class path resource [applicationContext.xml]
Oct 10, 2017 5:03:59 PM org.springframework.context.support.ClassPathXmlApplicationContext prepareRefresh
INFO: Refreshing org.springframework.context.support.ClassPathXmlApplicationContext@6511807b: startup date [Tue Oct 10 17:03:59 EDT 2017]; root of context hierarchy
Oct 10, 2017 5:03:59 PM org.springframework.beans.factory.xml.XmlBeanDefinitionReader loadBeanDefinitions
INFO: Loading XML bean definitions from class path resource [applicationContext.xml]
Oct 10, 2017 5:03:59 PM org.springframework.context.support.ClassPathXmlApplicationContext prepareRefresh
INFO: Refreshing org.springframework.context.support.ClassPathXmlApplicationContext@2f209238: startup date [Tue Oct 10 17:03:59 EDT 2017]; root of context hierarchy
Oct 10, 2017 5:03:59 PM org.springframework.beans.factory.xml.XmlBeanDefinitionReader loadBeanDefinitions
INFO: Loading XML bean definitions from class path resource [applicationContext.xml]
Oct 10, 2017 5:03:59 PM org.springframework.context.support.ClassPathXmlApplicationContext prepareRefresh
INFO: Refreshing org.springframework.context.support.ClassPathXmlApplicationContext@e8e9fb7: startup date [Tue Oct 10 17:03:59 EDT 2017]; root of context hierarchy
Oct 10, 2017 5:03:59 PM org.springframework.beans.factory.xml.XmlBeanDefinitionReader loadBeanDefinitions
INFO: Loading XML bean definitions from class path resource [applicationContext.xml]
Oct 10, 2017 5:03:59 PM org.springframework.context.support.ClassPathXmlApplicationContext prepareRefresh
INFO: Refreshing org.springframework.context.support.ClassPathXmlApplicationContext@227c1be2: startup date [Tue Oct 10 17:03:59 EDT 2017]; root of context hierarchy
Oct 10, 2017 5:03:59 PM org.springframework.beans.factory.xml.XmlBeanDefinitionReader loadBeanDefinitions
INFO: Loading XML bean definitions from class path resource [applicationContext.xml]
Oct 10, 2017 5:03:59 PM org.springframework.context.support.ClassPathXmlApplicationContext prepareRefresh
INFO: Refreshing org.springframework.context.support.ClassPathXmlApplicationContext@28da9008: startup date [Tue Oct 10 17:03:59 EDT 2017]; root of context hierarchy
Oct 10, 2017 5:03:59 PM org.springframework.beans.factory.xml.XmlBeanDefinitionReader loadBeanDefinitions
INFO: Loading XML bean definitions from class path resource [applicationContext.xml]
Oct 10, 2017 5:03:59 PM org.springframework.context.support.ClassPathXmlApplicationContext prepareRefresh
INFO: Refreshing org.springframework.context.support.ClassPathXmlApplicationContext@57839be0: startup date [Tue Oct 10 17:03:59 EDT 2017]; root of context hierarchy
Oct 10, 2017 5:03:59 PM org.springframework.beans.factory.xml.XmlBeanDefinitionReader loadBeanDefinitions
INFO: Loading XML bean definitions from class path resource [applicationContext.xml]
Oct 10, 2017 5:03:59 PM org.springframework.context.support.ClassPathXmlApplicationContext prepareRefresh
INFO: Refreshing org.springframework.context.support.ClassPathXmlApplicationContext@5acd120c: startup date [Tue Oct 10 17:03:59 EDT 2017]; root of context hierarchy
Oct 10, 2017 5:03:59 PM org.springframework.beans.factory.xml.XmlBeanDefinitionReader loadBeanDefinitions
INFO: Loading XML bean definitions from class path resource [applicationContext.xml]
Oct 10, 2017 5:03:59 PM org.springframework.context.support.ClassPathXmlApplicationContext prepareRefresh
INFO: Refreshing org.springframework.context.support.ClassPathXmlApplicationContext@6fa4c0cb: startup date [Tue Oct 10 17:03:59 EDT 2017]; root of context hierarchy
Oct 10, 2017 5:03:59 PM org.springframework.beans.factory.xml.XmlBeanDefinitionReader loadBeanDefinitions
INFO: Loading XML bean definitions from class path resource [applicationContext.xml]
Oct 10, 2017 5:03:59 PM org.springframework.context.support.ClassPathXmlApplicationContext prepareRefresh
INFO: Refreshing org.springframework.context.support.ClassPathXmlApplicationContext@225cc658: startup date [Tue Oct 10 17:03:59 EDT 2017]; root of context hierarchy
Oct 10, 2017 5:03:59 PM org.springframework.beans.factory.xml.XmlBeanDefinitionReader loadBeanDefinitions
INFO: Loading XML bean definitions from class path resource [applicationContext.xml]
Oct 10, 2017 5:03:59 PM org.springframework.context.support.ClassPathXmlApplicationContext prepareRefresh
INFO: Refreshing org.springframework.context.support.ClassPathXmlApplicationContext@11ba3fc4: startup date [Tue Oct 10 17:03:59 EDT 2017]; root of context hierarchy
Oct 10, 2017 5:03:59 PM org.springframework.beans.factory.xml.XmlBeanDefinitionReader loadBeanDefinitions
INFO: Loading XML bean definitions from class path resource [applicationContext.xml]
Oct 10, 2017 5:03:59 PM org.springframework.context.support.ClassPathXmlApplicationContext prepareRefresh
INFO: Refreshing org.springframework.context.support.ClassPathXmlApplicationContext@16c3d9a0: startup date [Tue Oct 10 17:03:59 EDT 2017]; root of context hierarchy
Oct 10, 2017 5:03:59 PM org.springframework.beans.factory.xml.XmlBeanDefinitionReader loadBeanDefinitions
INFO: Loading XML bean definitions from class path resource [applicationContext.xml]
Oct 10, 2017 5:03:59 PM org.springframework.context.support.ClassPathXmlApplicationContext prepareRefresh
INFO: Refreshing org.springframework.context.support.ClassPathXmlApplicationContext@67ca91fa: startup date [Tue Oct 10 17:03:59 EDT 2017]; root of context hierarchy
Oct 10, 2017 5:03:59 PM org.springframework.beans.factory.xml.XmlBeanDefinitionReader loadBeanDefinitions
INFO: Loading XML bean definitions from class path resource [applicationContext.xml]
Oct 10, 2017 5:03:59 PM org.springframework.context.support.ClassPathXmlApplicationContext prepareRefresh
INFO: Refreshing org.springframework.context.support.ClassPathXmlApplicationContext@1e037a2d: startup date [Tue Oct 10 17:03:59 EDT 2017]; root of context hierarchy
Oct 10, 2017 5:03:59 PM org.springframework.beans.factory.xml.XmlBeanDefinitionReader loadBeanDefinitions
INFO: Loading XML bean definitions from class path resource [applicationContext.xml]
Oct 10, 2017 5:03:59 PM org.springframework.context.support.ClassPathXmlApplicationContext prepareRefresh
INFO: Refreshing org.springframework.context.support.ClassPathXmlApplicationContext@211c0e9c: startup date [Tue Oct 10 17:03:59 EDT 2017]; root of context hierarchy
Oct 10, 2017 5:03:59 PM org.springframework.beans.factory.xml.XmlBeanDefinitionReader loadBeanDefinitions
INFO: Loading XML bean definitions from class path resource [applicationContext.xml]
Oct 10, 2017 5:03:59 PM org.springframework.context.support.ClassPathXmlApplicationContext prepareRefresh
INFO: Refreshing org.springframework.context.support.ClassPathXmlApplicationContext@1628dee9: startup date [Tue Oct 10 17:03:59 EDT 2017]; root of context hierarchy
Oct 10, 2017 5:03:59 PM org.springframework.beans.factory.xml.XmlBeanDefinitionReader loadBeanDefinitions
INFO: Loading XML bean definitions from class path resource [applicationContext.xml]
Oct 10, 2017 5:03:59 PM org.springframework.context.support.ClassPathXmlApplicationContext prepareRefresh
INFO: Refreshing org.springframework.context.support.ClassPathXmlApplicationContext@35b0f295: startup date [Tue Oct 10 17:03:59 EDT 2017]; root of context hierarchy
Oct 10, 2017 5:03:59 PM org.springframework.beans.factory.xml.XmlBeanDefinitionReader loadBeanDefinitions
INFO: Loading XML bean definitions from class path resource [applicationContext.xml]
Oct 10, 2017 5:03:59 PM org.springframework.context.support.ClassPathXmlApplicationContext prepareRefresh
INFO: Refreshing org.springframework.context.support.ClassPathXmlApplicationContext@5fe6d078: startup date [Tue Oct 10 17:03:59 EDT 2017]; root of context hierarchy
Oct 10, 2017 5:03:59 PM org.springframework.beans.factory.xml.XmlBeanDefinitionReader loadBeanDefinitions
INFO: Loading XML bean definitions from class path resource [applicationContext.xml]
Oct 10, 2017 5:03:59 PM org.springframework.context.support.ClassPathXmlApplicationContext prepareRefresh
INFO: Refreshing org.springframework.context.support.ClassPathXmlApplicationContext@63d2a86b: startup date [Tue Oct 10 17:03:59 EDT 2017]; root of context hierarchy
Oct 10, 2017 5:03:59 PM org.springframework.beans.factory.xml.XmlBeanDefinitionReader loadBeanDefinitions
INFO: Loading XML bean definitions from class path resource [applicationContext.xml]
Oct 10, 2017 5:03:59 PM org.springframework.context.support.ClassPathXmlApplicationContext prepareRefresh
INFO: Refreshing org.springframework.context.support.ClassPathXmlApplicationContext@6d137291: startup date [Tue Oct 10 17:03:59 EDT 2017]; root of context hierarchy
Oct 10, 2017 5:03:59 PM org.springframework.beans.factory.xml.XmlBeanDefinitionReader loadBeanDefinitions
INFO: Loading XML bean definitions from class path resource [applicationContext.xml]
Oct 10, 2017 5:03:59 PM org.springframework.context.support.ClassPathXmlApplicationContext prepareRefresh
INFO: Refreshing org.springframework.context.support.ClassPathXmlApplicationContext@5aa5730a: startup date [Tue Oct 10 17:03:59 EDT 2017]; root of context hierarchy
Oct 10, 2017 5:03:59 PM org.springframework.beans.factory.xml.XmlBeanDefinitionReader loadBeanDefinitions
INFO: Loading XML bean definitions from class path resource [applicationContext.xml]
Oct 10, 2017 5:03:59 PM org.springframework.context.support.ClassPathXmlApplicationContext prepareRefresh
INFO: Refreshing org.springframework.context.support.ClassPathXmlApplicationContext@1e64d8f5: startup date [Tue Oct 10 17:03:59 EDT 2017]; root of context hierarchy
Oct 10, 2017 5:03:59 PM org.springframework.beans.factory.xml.XmlBeanDefinitionReader loadBeanDefinitions
INFO: Loading XML bean definitions from class path resource [applicationContext.xml]
Oct 10, 2017 5:03:59 PM org.springframework.context.support.ClassPathXmlApplicationContext prepareRefresh
INFO: Refreshing org.springframework.context.support.ClassPathXmlApplicationContext@7079d850: startup date [Tue Oct 10 17:03:59 EDT 2017]; root of context hierarchy
Oct 10, 2017 5:03:59 PM org.springframework.beans.factory.xml.XmlBeanDefinitionReader loadBeanDefinitions
INFO: Loading XML bean definitions from class path resource [applicationContext.xml]
Oct 10, 2017 5:03:59 PM org.springframework.context.support.ClassPathXmlApplicationContext prepareRefresh
INFO: Refreshing org.springframework.context.support.ClassPathXmlApplicationContext@3faaa7a5: startup date [Tue Oct 10 17:03:59 EDT 2017]; root of context hierarchy
Oct 10, 2017 5:03:59 PM org.springframework.beans.factory.xml.XmlBeanDefinitionReader loadBeanDefinitions
INFO: Loading XML bean definitions from class path resource [applicationContext.xml]
Oct 10, 2017 5:03:59 PM org.springframework.context.support.ClassPathXmlApplicationContext prepareRefresh
INFO: Refreshing org.springframework.context.support.ClassPathXmlApplicationContext@56b9f6ed: startup date [Tue Oct 10 17:03:59 EDT 2017]; root of context hierarchy
Oct 10, 2017 5:03:59 PM org.springframework.beans.factory.xml.XmlBeanDefinitionReader loadBeanDefinitions
INFO: Loading XML bean definitions from class path resource [applicationContext.xml]
Oct 10, 2017 5:03:59 PM org.springframework.context.support.ClassPathXmlApplicationContext prepareRefresh
INFO: Refreshing org.springframework.context.support.ClassPathXmlApplicationContext@5ff5d513: startup date [Tue Oct 10 17:03:59 EDT 2017]; root of context hierarchy
Oct 10, 2017 5:03:59 PM org.springframework.beans.factory.xml.XmlBeanDefinitionReader loadBeanDefinitions
INFO: Loading XML bean definitions from class path resource [applicationContext.xml]
Oct 10, 2017 5:03:59 PM org.springframework.context.support.ClassPathXmlApplicationContext prepareRefresh
INFO: Refreshing org.springframework.context.support.ClassPathXmlApplicationContext@27481a3b: startup date [Tue Oct 10 17:03:59 EDT 2017]; root of context hierarchy
Oct 10, 2017 5:03:59 PM org.springframework.beans.factory.xml.XmlBeanDefinitionReader loadBeanDefinitions
INFO: Loading XML bean definitions from class path resource [applicationContext.xml]
Oct 10, 2017 5:04:00 PM org.springframework.context.support.ClassPathXmlApplicationContext prepareRefresh
INFO: Refreshing org.springframework.context.support.ClassPathXmlApplicationContext@7b3ce78e: startup date [Tue Oct 10 17:03:59 EDT 2017]; root of context hierarchy
Oct 10, 2017 5:04:00 PM org.springframework.beans.factory.xml.XmlBeanDefinitionReader loadBeanDefinitions
INFO: Loading XML bean definitions from class path resource [applicationContext.xml]
Oct 10, 2017 5:04:00 PM org.springframework.context.support.ClassPathXmlApplicationContext prepareRefresh
INFO: Refreshing org.springframework.context.support.ClassPathXmlApplicationContext@1bac997f: startup date [Tue Oct 10 17:04:00 EDT 2017]; root of context hierarchy
Oct 10, 2017 5:04:00 PM org.springframework.beans.factory.xml.XmlBeanDefinitionReader loadBeanDefinitions
INFO: Loading XML bean definitions from class path resource [applicationContext.xml]
Oct 10, 2017 5:04:00 PM org.springframework.context.support.ClassPathXmlApplicationContext prepareRefresh
INFO: Refreshing org.springframework.context.support.ClassPathXmlApplicationContext@42c525c: startup date [Tue Oct 10 17:04:00 EDT 2017]; root of context hierarchy
Oct 10, 2017 5:04:00 PM org.springframework.beans.factory.xml.XmlBeanDefinitionReader loadBeanDefinitions
INFO: Loading XML bean definitions from class path resource [applicationContext.xml]
Oct 10, 2017 5:04:00 PM org.springframework.context.support.ClassPathXmlApplicationContext prepareRefresh
INFO: Refreshing org.springframework.context.support.ClassPathXmlApplicationContext@2639e0bf: startup date [Tue Oct 10 17:04:00 EDT 2017]; root of context hierarchy
Oct 10, 2017 5:04:00 PM org.springframework.beans.factory.xml.XmlBeanDefinitionReader loadBeanDefinitions
INFO: Loading XML bean definitions from class path resource [applicationContext.xml]
Oct 10, 2017 5:04:00 PM org.springframework.context.support.ClassPathXmlApplicationContext prepareRefresh
INFO: Refreshing org.springframework.context.support.ClassPathXmlApplicationContext@5d4c2da5: startup date [Tue Oct 10 17:04:00 EDT 2017]; root of context hierarchy
Oct 10, 2017 5:04:00 PM org.springframework.beans.factory.xml.XmlBeanDefinitionReader loadBeanDefinitions
INFO: Loading XML bean definitions from class path resource [applicationContext.xml]
Oct 10, 2017 5:04:00 PM org.springframework.context.support.ClassPathXmlApplicationContext prepareRefresh
INFO: Refreshing org.springframework.context.support.ClassPathXmlApplicationContext@2de0b397: startup date [Tue Oct 10 17:04:00 EDT 2017]; root of context hierarchy
Oct 10, 2017 5:04:00 PM org.springframework.beans.factory.xml.XmlBeanDefinitionReader loadBeanDefinitions
INFO: Loading XML bean definitions from class path resource [applicationContext.xml]
Oct 10, 2017 5:04:00 PM org.springframework.context.support.ClassPathXmlApplicationContext prepareRefresh
INFO: Refreshing org.springframework.context.support.ClassPathXmlApplicationContext@724423e: startup date [Tue Oct 10 17:04:00 EDT 2017]; root of context hierarchy
Oct 10, 2017 5:04:00 PM org.springframework.beans.factory.xml.XmlBeanDefinitionReader loadBeanDefinitions
INFO: Loading XML bean definitions from class path resource [applicationContext.xml]
Oct 10, 2017 5:04:00 PM org.springframework.context.support.ClassPathXmlApplicationContext prepareRefresh
INFO: Refreshing org.springframework.context.support.ClassPathXmlApplicationContext@68914a46: startup date [Tue Oct 10 17:04:00 EDT 2017]; root of context hierarchy
Oct 10, 2017 5:04:00 PM org.springframework.beans.factory.xml.XmlBeanDefinitionReader loadBeanDefinitions
INFO: Loading XML bean definitions from class path resource [applicationContext.xml]
Oct 10, 2017 5:04:00 PM org.springframework.context.support.ClassPathXmlApplicationContext prepareRefresh
INFO: Refreshing org.springframework.context.support.ClassPathXmlApplicationContext@5f214d30: startup date [Tue Oct 10 17:04:00 EDT 2017]; root of context hierarchy
Oct 10, 2017 5:04:00 PM org.springframework.beans.factory.xml.XmlBeanDefinitionReader loadBeanDefinitions
INFO: Loading XML bean definitions from class path resource [applicationContext.xml]
Oct 10, 2017 5:04:00 PM org.springframework.context.support.ClassPathXmlApplicationContext prepareRefresh
INFO: Refreshing org.springframework.context.support.ClassPathXmlApplicationContext@23c576af: startup date [Tue Oct 10 17:04:00 EDT 2017]; root of context hierarchy
Oct 10, 2017 5:04:00 PM org.springframework.beans.factory.xml.XmlBeanDefinitionReader loadBeanDefinitions
INFO: Loading XML bean definitions from class path resource [applicationContext.xml]
Oct 10, 2017 5:04:00 PM org.springframework.context.support.ClassPathXmlApplicationContext prepareRefresh
INFO: Refreshing org.springframework.context.support.ClassPathXmlApplicationContext@7d00ae01: startup date [Tue Oct 10 17:04:00 EDT 2017]; root of context hierarchy
Oct 10, 2017 5:04:00 PM org.springframework.beans.factory.xml.XmlBeanDefinitionReader loadBeanDefinitions
INFO: Loading XML bean definitions from class path resource [applicationContext.xml]
Oct 10, 2017 5:04:00 PM org.springframework.context.support.ClassPathXmlApplicationContext prepareRefresh
INFO: Refreshing org.springframework.context.support.ClassPathXmlApplicationContext@585557e2: startup date [Tue Oct 10 17:04:00 EDT 2017]; root of context hierarchy
Oct 10, 2017 5:04:00 PM org.springframework.beans.factory.xml.XmlBeanDefinitionReader loadBeanDefinitions
INFO: Loading XML bean definitions from class path resource [applicationContext.xml]
Oct 10, 2017 5:04:00 PM org.springframework.context.support.ClassPathXmlApplicationContext prepareRefresh
INFO: Refreshing org.springframework.context.support.ClassPathXmlApplicationContext@4ea49e20: startup date [Tue Oct 10 17:04:00 EDT 2017]; root of context hierarchy
Oct 10, 2017 5:04:00 PM org.springframework.beans.factory.xml.XmlBeanDefinitionReader loadBeanDefinitions
INFO: Loading XML bean definitions from class path resource [applicationContext.xml]
Oct 10, 2017 5:04:00 PM org.springframework.context.support.ClassPathXmlApplicationContext prepareRefresh
INFO: Refreshing org.springframework.context.support.ClassPathXmlApplicationContext@856ee6e: startup date [Tue Oct 10 17:04:00 EDT 2017]; root of context hierarchy
Oct 10, 2017 5:04:00 PM org.springframework.beans.factory.xml.XmlBeanDefinitionReader loadBeanDefinitions
INFO: Loading XML bean definitions from class path resource [applicationContext.xml]
Oct 10, 2017 5:04:00 PM org.springframework.context.support.ClassPathXmlApplicationContext prepareRefresh
INFO: Refreshing org.springframework.context.support.ClassPathXmlApplicationContext@1c35cc4a: startup date [Tue Oct 10 17:04:00 EDT 2017]; root of context hierarchy
Oct 10, 2017 5:04:00 PM org.springframework.beans.factory.xml.XmlBeanDefinitionReader loadBeanDefinitions
INFO: Loading XML bean definitions from class path resource [applicationContext.xml]
Oct 10, 2017 5:04:00 PM org.springframework.context.support.ClassPathXmlApplicationContext prepareRefresh
INFO: Refreshing org.springframework.context.support.ClassPathXmlApplicationContext@13b9dc66: startup date [Tue Oct 10 17:04:00 EDT 2017]; root of context hierarchy
Oct 10, 2017 5:04:00 PM org.springframework.beans.factory.xml.XmlBeanDefinitionReader loadBeanDefinitions
INFO: Loading XML bean definitions from class path resource [applicationContext.xml]
Oct 10, 2017 5:04:00 PM org.springframework.context.support.ClassPathXmlApplicationContext prepareRefresh
INFO: Refreshing org.springframework.context.support.ClassPathXmlApplicationContext@11cd6e2a: startup date [Tue Oct 10 17:04:00 EDT 2017]; root of context hierarchy
Oct 10, 2017 5:04:00 PM org.springframework.beans.factory.xml.XmlBeanDefinitionReader loadBeanDefinitions
INFO: Loading XML bean definitions from class path resource [applicationContext.xml]
Oct 10, 2017 5:04:00 PM org.springframework.context.support.ClassPathXmlApplicationContext prepareRefresh
INFO: Refreshing org.springframework.context.support.ClassPathXmlApplicationContext@1b5c057c: startup date [Tue Oct 10 17:04:00 EDT 2017]; root of context hierarchy
Oct 10, 2017 5:04:00 PM org.springframework.beans.factory.xml.XmlBeanDefinitionReader loadBeanDefinitions
INFO: Loading XML bean definitions from class path resource [applicationContext.xml]
Oct 10, 2017 5:04:00 PM org.springframework.context.support.ClassPathXmlApplicationContext prepareRefresh
INFO: Refreshing org.springframework.context.support.ClassPathXmlApplicationContext@1a670b0b: startup date [Tue Oct 10 17:04:00 EDT 2017]; root of context hierarchy
Oct 10, 2017 5:04:00 PM org.springframework.beans.factory.xml.XmlBeanDefinitionReader loadBeanDefinitions
INFO: Loading XML bean definitions from class path resource [applicationContext.xml]
Oct 10, 2017 5:04:00 PM org.springframework.context.support.ClassPathXmlApplicationContext prepareRefresh
INFO: Refreshing org.springframework.context.support.ClassPathXmlApplicationContext@e945144: startup date [Tue Oct 10 17:04:00 EDT 2017]; root of context hierarchy
Oct 10, 2017 5:04:00 PM org.springframework.beans.factory.xml.XmlBeanDefinitionReader loadBeanDefinitions
INFO: Loading XML bean definitions from class path resource [applicationContext.xml]
Oct 10, 2017 5:04:00 PM org.springframework.context.support.ClassPathXmlApplicationContext prepareRefresh
INFO: Refreshing org.springframework.context.support.ClassPathXmlApplicationContext@54b58f96: startup date [Tue Oct 10 17:04:00 EDT 2017]; root of context hierarchy
Oct 10, 2017 5:04:00 PM org.springframework.beans.factory.xml.XmlBeanDefinitionReader loadBeanDefinitions
INFO: Loading XML bean definitions from class path resource [applicationContext.xml]
Oct 10, 2017 5:04:00 PM org.springframework.context.support.ClassPathXmlApplicationContext prepareRefresh
INFO: Refreshing org.springframework.context.support.ClassPathXmlApplicationContext@39c61be: startup date [Tue Oct 10 17:04:00 EDT 2017]; root of context hierarchy
Oct 10, 2017 5:04:00 PM org.springframework.beans.factory.xml.XmlBeanDefinitionReader loadBeanDefinitions
INFO: Loading XML bean definitions from class path resource [applicationContext.xml]
Oct 10, 2017 5:04:00 PM org.springframework.context.support.ClassPathXmlApplicationContext prepareRefresh
INFO: Refreshing org.springframework.context.support.ClassPathXmlApplicationContext@2141b895: startup date [Tue Oct 10 17:04:00 EDT 2017]; root of context hierarchy
Oct 10, 2017 5:04:00 PM org.springframework.beans.factory.xml.XmlBeanDefinitionReader loadBeanDefinitions
INFO: Loading XML bean definitions from class path resource [applicationContext.xml]
Oct 10, 2017 5:04:00 PM org.springframework.context.support.ClassPathXmlApplicationContext prepareRefresh
INFO: Refreshing org.springframework.context.support.ClassPathXmlApplicationContext@516bad93: startup date [Tue Oct 10 17:04:00 EDT 2017]; root of context hierarchy
Oct 10, 2017 5:04:00 PM org.springframework.beans.factory.xml.XmlBeanDefinitionReader loadBeanDefinitions
INFO: Loading XML bean definitions from class path resource [applicationContext.xml]
Oct 10, 2017 5:04:00 PM org.springframework.context.support.ClassPathXmlApplicationContext prepareRefresh
INFO: Refreshing org.springframework.context.support.ClassPathXmlApplicationContext@10a0781f: startup date [Tue Oct 10 17:04:00 EDT 2017]; root of context hierarchy
Oct 10, 2017 5:04:00 PM org.springframework.beans.factory.xml.XmlBeanDefinitionReader loadBeanDefinitions
INFO: Loading XML bean definitions from class path resource [applicationContext.xml]
Oct 10, 2017 5:04:00 PM org.springframework.context.support.ClassPathXmlApplicationContext prepareRefresh
INFO: Refreshing org.springframework.context.support.ClassPathXmlApplicationContext@beb50fe: startup date [Tue Oct 10 17:04:00 EDT 2017]; root of context hierarchy
Oct 10, 2017 5:04:00 PM org.springframework.beans.factory.xml.XmlBeanDefinitionReader loadBeanDefinitions
INFO: Loading XML bean definitions from class path resource [applicationContext.xml]
Oct 10, 2017 5:04:00 PM org.springframework.context.support.ClassPathXmlApplicationContext prepareRefresh
INFO: Refreshing org.springframework.context.support.ClassPathXmlApplicationContext@4fa979af: startup date [Tue Oct 10 17:04:00 EDT 2017]; root of context hierarchy
Oct 10, 2017 5:04:00 PM org.springframework.beans.factory.xml.XmlBeanDefinitionReader loadBeanDefinitions
INFO: Loading XML bean definitions from class path resource [applicationContext.xml]
Oct 10, 2017 5:04:00 PM org.springframework.context.support.ClassPathXmlApplicationContext prepareRefresh
INFO: Refreshing org.springframework.context.support.ClassPathXmlApplicationContext@653a3bc0: startup date [Tue Oct 10 17:04:00 EDT 2017]; root of context hierarchy
Oct 10, 2017 5:04:00 PM org.springframework.beans.factory.xml.XmlBeanDefinitionReader loadBeanDefinitions
INFO: Loading XML bean definitions from class path resource [applicationContext.xml]
Oct 10, 2017 5:04:00 PM org.springframework.context.support.ClassPathXmlApplicationContext prepareRefresh
INFO: Refreshing org.springframework.context.support.ClassPathXmlApplicationContext@79d89b06: startup date [Tue Oct 10 17:04:00 EDT 2017]; root of context hierarchy
Oct 10, 2017 5:04:00 PM org.springframework.beans.factory.xml.XmlBeanDefinitionReader loadBeanDefinitions
INFO: Loading XML bean definitions from class path resource [applicationContext.xml]
Oct 10, 2017 5:04:00 PM org.springframework.context.support.ClassPathXmlApplicationContext prepareRefresh
INFO: Refreshing org.springframework.context.support.ClassPathXmlApplicationContext@15bf5c9: startup date [Tue Oct 10 17:04:00 EDT 2017]; root of context hierarchy
Oct 10, 2017 5:04:00 PM org.springframework.beans.factory.xml.XmlBeanDefinitionReader loadBeanDefinitions
INFO: Loading XML bean definitions from class path resource [applicationContext.xml]
Oct 10, 2017 5:04:00 PM org.springframework.context.support.ClassPathXmlApplicationContext prepareRefresh
INFO: Refreshing org.springframework.context.support.ClassPathXmlApplicationContext@32b62932: startup date [Tue Oct 10 17:04:00 EDT 2017]; root of context hierarchy
Oct 10, 2017 5:04:00 PM org.springframework.beans.factory.xml.XmlBeanDefinitionReader loadBeanDefinitions
INFO: Loading XML bean definitions from class path resource [applicationContext.xml]
Oct 10, 2017 5:04:00 PM org.springframework.context.support.ClassPathXmlApplicationContext prepareRefresh
INFO: Refreshing org.springframework.context.support.ClassPathXmlApplicationContext@5fb6d5e7: startup date [Tue Oct 10 17:04:00 EDT 2017]; root of context hierarchy
Oct 10, 2017 5:04:00 PM org.springframework.beans.factory.xml.XmlBeanDefinitionReader loadBeanDefinitions
INFO: Loading XML bean definitions from class path resource [applicationContext.xml]
Oct 10, 2017 5:04:00 PM org.springframework.context.support.ClassPathXmlApplicationContext prepareRefresh
INFO: Refreshing org.springframework.context.support.ClassPathXmlApplicationContext@19bf9cbc: startup date [Tue Oct 10 17:04:00 EDT 2017]; root of context hierarchy
Oct 10, 2017 5:04:00 PM org.springframework.beans.factory.xml.XmlBeanDefinitionReader loadBeanDefinitions
INFO: Loading XML bean definitions from class path resource [applicationContext.xml]
Oct 10, 2017 5:04:00 PM org.springframework.context.support.ClassPathXmlApplicationContext prepareRefresh
INFO: Refreshing org.springframework.context.support.ClassPathXmlApplicationContext@3311b87c: startup date [Tue Oct 10 17:04:00 EDT 2017]; root of context hierarchy
Oct 10, 2017 5:04:00 PM org.springframework.beans.factory.xml.XmlBeanDefinitionReader loadBeanDefinitions
INFO: Loading XML bean definitions from class path resource [applicationContext.xml]
Oct 10, 2017 5:04:00 PM org.springframework.context.support.ClassPathXmlApplicationContext prepareRefresh
INFO: Refreshing org.springframework.context.support.ClassPathXmlApplicationContext@446e34cd: startup date [Tue Oct 10 17:04:00 EDT 2017]; root of context hierarchy
Oct 10, 2017 5:04:00 PM org.springframework.beans.factory.xml.XmlBeanDefinitionReader loadBeanDefinitions
INFO: Loading XML bean definitions from class path resource [applicationContext.xml]
Oct 10, 2017 5:04:00 PM org.springframework.context.support.ClassPathXmlApplicationContext prepareRefresh
INFO: Refreshing org.springframework.context.support.ClassPathXmlApplicationContext@70079b13: startup date [Tue Oct 10 17:04:00 EDT 2017]; root of context hierarchy
Oct 10, 2017 5:04:00 PM org.springframework.beans.factory.xml.XmlBeanDefinitionReader loadBeanDefinitions
INFO: Loading XML bean definitions from class path resource [applicationContext.xml]
Oct 10, 2017 5:04:00 PM org.springframework.context.support.ClassPathXmlApplicationContext prepareRefresh
INFO: Refreshing org.springframework.context.support.ClassPathXmlApplicationContext@4227a7e2: startup date [Tue Oct 10 17:04:00 EDT 2017]; root of context hierarchy
Oct 10, 2017 5:04:00 PM org.springframework.beans.factory.xml.XmlBeanDefinitionReader loadBeanDefinitions
INFO: Loading XML bean definitions from class path resource [applicationContext.xml]
Oct 10, 2017 5:04:00 PM org.springframework.context.support.ClassPathXmlApplicationContext prepareRefresh
INFO: Refreshing org.springframework.context.support.ClassPathXmlApplicationContext@52983e91: startup date [Tue Oct 10 17:04:00 EDT 2017]; root of context hierarchy
Oct 10, 2017 5:04:00 PM org.springframework.beans.factory.xml.XmlBeanDefinitionReader loadBeanDefinitions
INFO: Loading XML bean definitions from class path resource [applicationContext.xml]
Oct 10, 2017 5:04:00 PM org.springframework.context.support.ClassPathXmlApplicationContext prepareRefresh
INFO: Refreshing org.springframework.context.support.ClassPathXmlApplicationContext@60f4225e: startup date [Tue Oct 10 17:04:00 EDT 2017]; root of context hierarchy
Oct 10, 2017 5:04:00 PM org.springframework.beans.factory.xml.XmlBeanDefinitionReader loadBeanDefinitions
INFO: Loading XML bean definitions from class path resource [applicationContext.xml]
Oct 10, 2017 5:04:00 PM org.springframework.context.support.ClassPathXmlApplicationContext prepareRefresh
INFO: Refreshing org.springframework.context.support.ClassPathXmlApplicationContext@44ba5e39: startup date [Tue Oct 10 17:04:00 EDT 2017]; root of context hierarchy
Oct 10, 2017 5:04:00 PM org.springframework.beans.factory.xml.XmlBeanDefinitionReader loadBeanDefinitions
INFO: Loading XML bean definitions from class path resource [applicationContext.xml]
Oct 10, 2017 5:04:00 PM org.springframework.context.support.ClassPathXmlApplicationContext prepareRefresh
INFO: Refreshing org.springframework.context.support.ClassPathXmlApplicationContext@6df5ce49: startup date [Tue Oct 10 17:04:00 EDT 2017]; root of context hierarchy
Oct 10, 2017 5:04:00 PM org.springframework.beans.factory.xml.XmlBeanDefinitionReader loadBeanDefinitions
INFO: Loading XML bean definitions from class path resource [applicationContext.xml]
Oct 10, 2017 5:04:00 PM org.springframework.context.support.ClassPathXmlApplicationContext prepareRefresh
INFO: Refreshing org.springframework.context.support.ClassPathXmlApplicationContext@547cf6a3: startup date [Tue Oct 10 17:04:00 EDT 2017]; root of context hierarchy
Oct 10, 2017 5:04:00 PM org.springframework.beans.factory.xml.XmlBeanDefinitionReader loadBeanDefinitions
INFO: Loading XML bean definitions from class path resource [applicationContext.xml]
Oct 10, 2017 5:04:00 PM org.springframework.context.support.ClassPathXmlApplicationContext prepareRefresh
INFO: Refreshing org.springframework.context.support.ClassPathXmlApplicationContext@603e0811: startup date [Tue Oct 10 17:04:00 EDT 2017]; root of context hierarchy
Oct 10, 2017 5:04:00 PM org.springframework.beans.factory.xml.XmlBeanDefinitionReader loadBeanDefinitions
INFO: Loading XML bean definitions from class path resource [applicationContext.xml]
Oct 10, 2017 5:04:00 PM org.springframework.context.support.ClassPathXmlApplicationContext prepareRefresh
INFO: Refreshing org.springframework.context.support.ClassPathXmlApplicationContext@19e4e120: startup date [Tue Oct 10 17:04:00 EDT 2017]; root of context hierarchy
Oct 10, 2017 5:04:00 PM org.springframework.beans.factory.xml.XmlBeanDefinitionReader loadBeanDefinitions
INFO: Loading XML bean definitions from class path resource [applicationContext.xml]
Oct 10, 2017 5:04:00 PM org.springframework.context.support.ClassPathXmlApplicationContext prepareRefresh
INFO: Refreshing org.springframework.context.support.ClassPathXmlApplicationContext@4e62e145: startup date [Tue Oct 10 17:04:00 EDT 2017]; root of context hierarchy
Oct 10, 2017 5:04:00 PM org.springframework.beans.factory.xml.XmlBeanDefinitionReader loadBeanDefinitions
INFO: Loading XML bean definitions from class path resource [applicationContext.xml]
Oct 10, 2017 5:04:00 PM org.springframework.context.support.ClassPathXmlApplicationContext prepareRefresh
INFO: Refreshing org.springframework.context.support.ClassPathXmlApplicationContext@4821d479: startup date [Tue Oct 10 17:04:00 EDT 2017]; root of context hierarchy
Oct 10, 2017 5:04:00 PM org.springframework.beans.factory.xml.XmlBeanDefinitionReader loadBeanDefinitions
INFO: Loading XML bean definitions from class path resource [applicationContext.xml]
Oct 10, 2017 5:04:00 PM org.springframework.context.support.ClassPathXmlApplicationContext prepareRefresh
INFO: Refreshing org.springframework.context.support.ClassPathXmlApplicationContext@1cd5cf30: startup date [Tue Oct 10 17:04:00 EDT 2017]; root of context hierarchy
Oct 10, 2017 5:04:00 PM org.springframework.beans.factory.xml.XmlBeanDefinitionReader loadBeanDefinitions
INFO: Loading XML bean definitions from class path resource [applicationContext.xml]
Oct 10, 2017 5:04:00 PM org.springframework.context.support.ClassPathXmlApplicationContext prepareRefresh
INFO: Refreshing org.springframework.context.support.ClassPathXmlApplicationContext@68ae013d: startup date [Tue Oct 10 17:04:00 EDT 2017]; root of context hierarchy
Oct 10, 2017 5:04:00 PM org.springframework.beans.factory.xml.XmlBeanDefinitionReader loadBeanDefinitions
INFO: Loading XML bean definitions from class path resource [applicationContext.xml]
Oct 10, 2017 5:04:00 PM org.springframework.context.support.ClassPathXmlApplicationContext prepareRefresh
INFO: Refreshing org.springframework.context.support.ClassPathXmlApplicationContext@19b4db96: startup date [Tue Oct 10 17:04:00 EDT 2017]; root of context hierarchy
Oct 10, 2017 5:04:00 PM org.springframework.beans.factory.xml.XmlBeanDefinitionReader loadBeanDefinitions
INFO: Loading XML bean definitions from class path resource [applicationContext.xml]
Oct 10, 2017 5:04:00 PM org.springframework.context.support.ClassPathXmlApplicationContext prepareRefresh
INFO: Refreshing org.springframework.context.support.ClassPathXmlApplicationContext@6f4b4e8c: startup date [Tue Oct 10 17:04:00 EDT 2017]; root of context hierarchy
Oct 10, 2017 5:04:00 PM org.springframework.beans.factory.xml.XmlBeanDefinitionReader loadBeanDefinitions
INFO: Loading XML bean definitions from class path resource [applicationContext.xml]
Oct 10, 2017 5:04:00 PM org.springframework.context.support.ClassPathXmlApplicationContext prepareRefresh
INFO: Refreshing org.springframework.context.support.ClassPathXmlApplicationContext@6b6a44a0: startup date [Tue Oct 10 17:04:00 EDT 2017]; root of context hierarchy
Oct 10, 2017 5:04:00 PM org.springframework.beans.factory.xml.XmlBeanDefinitionReader loadBeanDefinitions
INFO: Loading XML bean definitions from class path resource [applicationContext.xml]
Oct 10, 2017 5:04:00 PM org.springframework.context.support.ClassPathXmlApplicationContext prepareRefresh
INFO: Refreshing org.springframework.context.support.ClassPathXmlApplicationContext@6c4a4e45: startup date [Tue Oct 10 17:04:00 EDT 2017]; root of context hierarchy
Oct 10, 2017 5:04:00 PM org.springframework.beans.factory.xml.XmlBeanDefinitionReader loadBeanDefinitions
INFO: Loading XML bean definitions from class path resource [applicationContext.xml]
Oct 10, 2017 5:04:00 PM org.springframework.context.support.ClassPathXmlApplicationContext prepareRefresh
INFO: Refreshing org.springframework.context.support.ClassPathXmlApplicationContext@65d7c333: startup date [Tue Oct 10 17:04:00 EDT 2017]; root of context hierarchy
Oct 10, 2017 5:04:00 PM org.springframework.beans.factory.xml.XmlBeanDefinitionReader loadBeanDefinitions
INFO: Loading XML bean definitions from class path resource [applicationContext.xml]
Oct 10, 2017 5:04:00 PM org.springframework.context.support.ClassPathXmlApplicationContext prepareRefresh
INFO: Refreshing org.springframework.context.support.ClassPathXmlApplicationContext@61aeddb4: startup date [Tue Oct 10 17:04:00 EDT 2017]; root of context hierarchy
Oct 10, 2017 5:04:00 PM org.springframework.beans.factory.xml.XmlBeanDefinitionReader loadBeanDefinitions
INFO: Loading XML bean definitions from class path resource [applicationContext.xml]
Oct 10, 2017 5:04:00 PM org.springframework.context.support.ClassPathXmlApplicationContext prepareRefresh
INFO: Refreshing org.springframework.context.support.ClassPathXmlApplicationContext@211d8b93: startup date [Tue Oct 10 17:04:00 EDT 2017]; root of context hierarchy
Oct 10, 2017 5:04:00 PM org.springframework.beans.factory.xml.XmlBeanDefinitionReader loadBeanDefinitions
INFO: Loading XML bean definitions from class path resource [applicationContext.xml]
Oct 10, 2017 5:04:00 PM org.springframework.context.support.ClassPathXmlApplicationContext prepareRefresh
INFO: Refreshing org.springframework.context.support.ClassPathXmlApplicationContext@6b416c9e: startup date [Tue Oct 10 17:04:00 EDT 2017]; root of context hierarchy
Oct 10, 2017 5:04:00 PM org.springframework.beans.factory.xml.XmlBeanDefinitionReader loadBeanDefinitions
INFO: Loading XML bean definitions from class path resource [applicationContext.xml]
Oct 10, 2017 5:04:00 PM org.springframework.context.support.ClassPathXmlApplicationContext prepareRefresh
INFO: Refreshing org.springframework.context.support.ClassPathXmlApplicationContext@76d132c2: startup date [Tue Oct 10 17:04:00 EDT 2017]; root of context hierarchy
Oct 10, 2017 5:04:00 PM org.springframework.beans.factory.xml.XmlBeanDefinitionReader loadBeanDefinitions
INFO: Loading XML bean definitions from class path resource [applicationContext.xml]
Oct 10, 2017 5:04:00 PM org.springframework.context.support.ClassPathXmlApplicationContext prepareRefresh
INFO: Refreshing org.springframework.context.support.ClassPathXmlApplicationContext@5ec0d1fb: startup date [Tue Oct 10 17:04:00 EDT 2017]; root of context hierarchy
Oct 10, 2017 5:04:00 PM org.springframework.beans.factory.xml.XmlBeanDefinitionReader loadBeanDefinitions
INFO: Loading XML bean definitions from class path resource [applicationContext.xml]
Oct 10, 2017 5:04:00 PM org.springframework.context.support.ClassPathXmlApplicationContext prepareRefresh
INFO: Refreshing org.springframework.context.support.ClassPathXmlApplicationContext@71b42a42: startup date [Tue Oct 10 17:04:00 EDT 2017]; root of context hierarchy
Oct 10, 2017 5:04:00 PM org.springframework.beans.factory.xml.XmlBeanDefinitionReader loadBeanDefinitions
INFO: Loading XML bean definitions from class path resource [applicationContext.xml]
Oct 10, 2017 5:04:00 PM org.springframework.context.support.ClassPathXmlApplicationContext prepareRefresh
INFO: Refreshing org.springframework.context.support.ClassPathXmlApplicationContext@77f40764: startup date [Tue Oct 10 17:04:00 EDT 2017]; root of context hierarchy
Oct 10, 2017 5:04:00 PM org.springframework.beans.factory.xml.XmlBeanDefinitionReader loadBeanDefinitions
INFO: Loading XML bean definitions from class path resource [applicationContext.xml]
Oct 10, 2017 5:04:00 PM org.springframework.context.support.ClassPathXmlApplicationContext prepareRefresh
INFO: Refreshing org.springframework.context.support.ClassPathXmlApplicationContext@2e38ce6f: startup date [Tue Oct 10 17:04:00 EDT 2017]; root of context hierarchy
Oct 10, 2017 5:04:00 PM org.springframework.beans.factory.xml.XmlBeanDefinitionReader loadBeanDefinitions
INFO: Loading XML bean definitions from class path resource [applicationContext.xml]
Oct 10, 2017 5:04:00 PM org.springframework.context.support.ClassPathXmlApplicationContext prepareRefresh
INFO: Refreshing org.springframework.context.support.ClassPathXmlApplicationContext@1295083e: startup date [Tue Oct 10 17:04:00 EDT 2017]; root of context hierarchy
Oct 10, 2017 5:04:00 PM org.springframework.beans.factory.xml.XmlBeanDefinitionReader loadBeanDefinitions
INFO: Loading XML bean definitions from class path resource [applicationContext.xml]
Oct 10, 2017 5:04:00 PM org.springframework.context.support.ClassPathXmlApplicationContext prepareRefresh
INFO: Refreshing org.springframework.context.support.ClassPathXmlApplicationContext@582d37eb: startup date [Tue Oct 10 17:04:00 EDT 2017]; root of context hierarchy
Oct 10, 2017 5:04:00 PM org.springframework.beans.factory.xml.XmlBeanDefinitionReader loadBeanDefinitions
INFO: Loading XML bean definitions from class path resource [applicationContext.xml]
Oct 10, 2017 5:04:00 PM org.springframework.context.support.ClassPathXmlApplicationContext prepareRefresh
INFO: Refreshing org.springframework.context.support.ClassPathXmlApplicationContext@49533cb4: startup date [Tue Oct 10 17:04:00 EDT 2017]; root of context hierarchy
Oct 10, 2017 5:04:00 PM org.springframework.beans.factory.xml.XmlBeanDefinitionReader loadBeanDefinitions
INFO: Loading XML bean definitions from class path resource [applicationContext.xml]
Oct 10, 2017 5:04:00 PM org.springframework.context.support.ClassPathXmlApplicationContext prepareRefresh
INFO: Refreshing org.springframework.context.support.ClassPathXmlApplicationContext@61624707: startup date [Tue Oct 10 17:04:00 EDT 2017]; root of context hierarchy
Oct 10, 2017 5:04:00 PM org.springframework.beans.factory.xml.XmlBeanDefinitionReader loadBeanDefinitions
INFO: Loading XML bean definitions from class path resource [applicationContext.xml]
Oct 10, 2017 5:04:00 PM org.springframework.context.support.ClassPathXmlApplicationContext prepareRefresh
INFO: Refreshing org.springframework.context.support.ClassPathXmlApplicationContext@3f44c3c8: startup date [Tue Oct 10 17:04:00 EDT 2017]; root of context hierarchy
Oct 10, 2017 5:04:00 PM org.springframework.beans.factory.xml.XmlBeanDefinitionReader loadBeanDefinitions
INFO: Loading XML bean definitions from class path resource [applicationContext.xml]
Oct 10, 2017 5:04:00 PM org.springframework.context.support.ClassPathXmlApplicationContext prepareRefresh
INFO: Refreshing org.springframework.context.support.ClassPathXmlApplicationContext@2e5e45ed: startup date [Tue Oct 10 17:04:00 EDT 2017]; root of context hierarchy
Oct 10, 2017 5:04:00 PM org.springframework.beans.factory.xml.XmlBeanDefinitionReader loadBeanDefinitions
INFO: Loading XML bean definitions from class path resource [applicationContext.xml]
</system-err>
  </testcase>
  <testcase classname="com.sg.flooringmastery.dao.FMTaxRateDaoTest" name="testEditTaxRate" time="0">
    <error message="org.springframework.beans.FatalBeanException" type="java.lang.NoClassDefFoundError">java.lang.NoClassDefFoundError: org.springframework.beans.FatalBeanException
	at org.springframework.beans.factory.support.AbstractAutowireCapableBeanFactory.instantiateBean(AbstractAutowireCapableBeanFactory.java:1154)
	at org.springframework.beans.factory.support.AbstractAutowireCapableBeanFactory.createBeanInstance(AbstractAutowireCapableBeanFactory.java:1099)
	at org.springframework.beans.factory.support.AbstractAutowireCapableBeanFactory.doCreateBean(AbstractAutowireCapableBeanFactory.java:513)
	at org.springframework.beans.factory.support.AbstractAutowireCapableBeanFactory.createBean(AbstractAutowireCapableBeanFactory.java:483)
	at org.springframework.beans.factory.support.AbstractBeanFactory$1.getObject(AbstractBeanFactory.java:306)
	at org.springframework.beans.factory.support.DefaultSingletonBeanRegistry.getSingleton(DefaultSingletonBeanRegistry.java:230)
	at org.springframework.beans.factory.support.AbstractBeanFactory.doGetBean(AbstractBeanFactory.java:302)
	at org.springframework.beans.factory.support.AbstractBeanFactory.getBean(AbstractBeanFactory.java:197)
	at org.springframework.beans.factory.support.DefaultListableBeanFactory.preInstantiateSingletons(DefaultListableBeanFactory.java:761)
	at org.springframework.context.support.AbstractApplicationContext.finishBeanFactoryInitialization(AbstractApplicationContext.java:867)
	at org.springframework.context.support.AbstractApplicationContext.refresh(AbstractApplicationContext.java:543)
	at org.springframework.context.support.ClassPathXmlApplicationContext.&lt;init&gt;(ClassPathXmlApplicationContext.java:139)
	at org.springframework.context.support.ClassPathXmlApplicationContext.&lt;init&gt;(ClassPathXmlApplicationContext.java:83)
	at com.sg.flooringmastery.dao.FMTaxRateDaoTest.&lt;init&gt;(FMTaxRateDaoTest.java:28)
	at sun.reflect.NativeConstructorAccessorImpl.newInstance0(Native Method)
	at sun.reflect.NativeConstructorAccessorImpl.newInstance(NativeConstructorAccessorImpl.java:62)
	at sun.reflect.DelegatingConstructorAccessorImpl.newInstance(DelegatingConstructorAccessorImpl.java:45)
	at java.lang.reflect.Constructor.newInstance(Constructor.java:423)
	at org.junit.runners.BlockJUnit4ClassRunner.createTest(BlockJUnit4ClassRunner.java:217)
	at org.junit.runners.BlockJUnit4ClassRunner$1.runReflectiveCall(BlockJUnit4ClassRunner.java:266)
	at org.junit.internal.runners.model.ReflectiveCallable.run(ReflectiveCallable.java:12)
	at org.junit.runners.BlockJUnit4ClassRunner.methodBlock(BlockJUnit4ClassRunner.java:263)
	at org.junit.runners.BlockJUnit4ClassRunner.runChild(BlockJUnit4ClassRunner.java:78)
	at org.junit.runners.BlockJUnit4ClassRunner.runChild(BlockJUnit4ClassRunner.java:57)
	at org.junit.runners.ParentRunner$3.run(ParentRunner.java:290)
	at org.junit.runners.ParentRunner$1.schedule(ParentRunner.java:71)
	at org.junit.runners.ParentRunner.runChildren(ParentRunner.java:288)
	at org.junit.runners.ParentRunner.access$000(ParentRunner.java:58)
	at org.junit.runners.ParentRunner$2.evaluate(ParentRunner.java:268)
	at org.junit.runners.ParentRunner.run(ParentRunner.java:363)
	at org.apache.maven.surefire.junit4.JUnit4Provider.execute(JUnit4Provider.java:252)
	at org.apache.maven.surefire.junit4.JUnit4Provider.executeTestSet(JUnit4Provider.java:141)
	at org.apache.maven.surefire.junit4.JUnit4Provider.invoke(JUnit4Provider.java:112)
	at sun.reflect.NativeMethodAccessorImpl.invoke0(Native Method)
	at sun.reflect.NativeMethodAccessorImpl.invoke(NativeMethodAccessorImpl.java:62)
	at sun.reflect.DelegatingMethodAccessorImpl.invoke(DelegatingMethodAccessorImpl.java:43)
	at java.lang.reflect.Method.invoke(Method.java:498)
	at org.apache.maven.surefire.util.ReflectionUtils.invokeMethodWithArray(ReflectionUtils.java:189)
	at org.apache.maven.surefire.booter.ProviderFactory$ProviderProxy.invoke(ProviderFactory.java:165)
	at org.apache.maven.surefire.booter.ProviderFactory.invokeProvider(ProviderFactory.java:85)
	at org.apache.maven.surefire.booter.ForkedBooter.runSuitesInProcess(ForkedBooter.java:115)
	at org.apache.maven.surefire.booter.ForkedBooter.main(ForkedBooter.java:75)
</error>
    <system-err>Oct 10, 2017 5:04:01 PM org.springframework.context.support.ClassPathXmlApplicationContext prepareRefresh
INFO: Refreshing org.springframework.context.support.ClassPathXmlApplicationContext@18708e0f: startup date [Tue Oct 10 17:04:01 EDT 2017]; root of context hierarchy
Oct 10, 2017 5:04:01 PM org.springframework.beans.factory.xml.XmlBeanDefinitionReader loadBeanDefinitions
INFO: Loading XML bean definitions from class path resource [applicationContext.xml]
Oct 10, 2017 5:04:01 PM org.springframework.context.support.ClassPathXmlApplicationContext prepareRefresh
INFO: Refreshing org.springframework.context.support.ClassPathXmlApplicationContext@39ee215e: startup date [Tue Oct 10 17:04:01 EDT 2017]; root of context hierarchy
Oct 10, 2017 5:04:01 PM org.springframework.beans.factory.xml.XmlBeanDefinitionReader loadBeanDefinitions
INFO: Loading XML bean definitions from class path resource [applicationContext.xml]
Oct 10, 2017 5:04:01 PM org.springframework.context.support.ClassPathXmlApplicationContext prepareRefresh
INFO: Refreshing org.springframework.context.support.ClassPathXmlApplicationContext@6f585c55: startup date [Tue Oct 10 17:04:01 EDT 2017]; root of context hierarchy
Oct 10, 2017 5:04:01 PM org.springframework.beans.factory.xml.XmlBeanDefinitionReader loadBeanDefinitions
INFO: Loading XML bean definitions from class path resource [applicationContext.xml]
Oct 10, 2017 5:04:01 PM org.springframework.context.support.ClassPathXmlApplicationContext prepareRefresh
INFO: Refreshing org.springframework.context.support.ClassPathXmlApplicationContext@5206127e: startup date [Tue Oct 10 17:04:01 EDT 2017]; root of context hierarchy
Oct 10, 2017 5:04:01 PM org.springframework.beans.factory.xml.XmlBeanDefinitionReader loadBeanDefinitions
INFO: Loading XML bean definitions from class path resource [applicationContext.xml]
Oct 10, 2017 5:04:01 PM org.springframework.context.support.ClassPathXmlApplicationContext prepareRefresh
INFO: Refreshing org.springframework.context.support.ClassPathXmlApplicationContext@5b2afea6: startup date [Tue Oct 10 17:04:01 EDT 2017]; root of context hierarchy
Oct 10, 2017 5:04:01 PM org.springframework.beans.factory.xml.XmlBeanDefinitionReader loadBeanDefinitions
INFO: Loading XML bean definitions from class path resource [applicationContext.xml]
Oct 10, 2017 5:04:01 PM org.springframework.context.support.ClassPathXmlApplicationContext prepareRefresh
INFO: Refreshing org.springframework.context.support.ClassPathXmlApplicationContext@580bd9e4: startup date [Tue Oct 10 17:04:01 EDT 2017]; root of context hierarchy
Oct 10, 2017 5:04:01 PM org.springframework.beans.factory.xml.XmlBeanDefinitionReader loadBeanDefinitions
INFO: Loading XML bean definitions from class path resource [applicationContext.xml]
Oct 10, 2017 5:04:01 PM org.springframework.context.support.ClassPathXmlApplicationContext prepareRefresh
INFO: Refreshing org.springframework.context.support.ClassPathXmlApplicationContext@41be89f3: startup date [Tue Oct 10 17:04:01 EDT 2017]; root of context hierarchy
Oct 10, 2017 5:04:01 PM org.springframework.beans.factory.xml.XmlBeanDefinitionReader loadBeanDefinitions
INFO: Loading XML bean definitions from class path resource [applicationContext.xml]
Oct 10, 2017 5:04:01 PM org.springframework.context.support.ClassPathXmlApplicationContext prepareRefresh
INFO: Refreshing org.springframework.context.support.ClassPathXmlApplicationContext@ce26cb1: startup date [Tue Oct 10 17:04:01 EDT 2017]; root of context hierarchy
Oct 10, 2017 5:04:01 PM org.springframework.beans.factory.xml.XmlBeanDefinitionReader loadBeanDefinitions
INFO: Loading XML bean definitions from class path resource [applicationContext.xml]
Oct 10, 2017 5:04:01 PM org.springframework.context.support.ClassPathXmlApplicationContext prepareRefresh
INFO: Refreshing org.springframework.context.support.ClassPathXmlApplicationContext@38def385: startup date [Tue Oct 10 17:04:01 EDT 2017]; root of context hierarchy
Oct 10, 2017 5:04:01 PM org.springframework.beans.factory.xml.XmlBeanDefinitionReader loadBeanDefinitions
INFO: Loading XML bean definitions from class path resource [applicationContext.xml]
Oct 10, 2017 5:04:01 PM org.springframework.context.support.ClassPathXmlApplicationContext prepareRefresh
INFO: Refreshing org.springframework.context.support.ClassPathXmlApplicationContext@6e813b85: startup date [Tue Oct 10 17:04:01 EDT 2017]; root of context hierarchy
Oct 10, 2017 5:04:01 PM org.springframework.beans.factory.xml.XmlBeanDefinitionReader loadBeanDefinitions
INFO: Loading XML bean definitions from class path resource [applicationContext.xml]
Oct 10, 2017 5:04:01 PM org.springframework.context.support.ClassPathXmlApplicationContext prepareRefresh
INFO: Refreshing org.springframework.context.support.ClassPathXmlApplicationContext@61fbec8a: startup date [Tue Oct 10 17:04:01 EDT 2017]; root of context hierarchy
Oct 10, 2017 5:04:01 PM org.springframework.beans.factory.xml.XmlBeanDefinitionReader loadBeanDefinitions
INFO: Loading XML bean definitions from class path resource [applicationContext.xml]
Oct 10, 2017 5:04:01 PM org.springframework.context.support.ClassPathXmlApplicationContext prepareRefresh
INFO: Refreshing org.springframework.context.support.ClassPathXmlApplicationContext@2378db89: startup date [Tue Oct 10 17:04:01 EDT 2017]; root of context hierarchy
Oct 10, 2017 5:04:01 PM org.springframework.beans.factory.xml.XmlBeanDefinitionReader loadBeanDefinitions
INFO: Loading XML bean definitions from class path resource [applicationContext.xml]
Oct 10, 2017 5:04:01 PM org.springframework.context.support.ClassPathXmlApplicationContext prepareRefresh
INFO: Refreshing org.springframework.context.support.ClassPathXmlApplicationContext@2e6839be: startup date [Tue Oct 10 17:04:01 EDT 2017]; root of context hierarchy
Oct 10, 2017 5:04:01 PM org.springframework.beans.factory.xml.XmlBeanDefinitionReader loadBeanDefinitions
INFO: Loading XML bean definitions from class path resource [applicationContext.xml]
Oct 10, 2017 5:04:01 PM org.springframework.context.support.ClassPathXmlApplicationContext prepareRefresh
INFO: Refreshing org.springframework.context.support.ClassPathXmlApplicationContext@7482286b: startup date [Tue Oct 10 17:04:01 EDT 2017]; root of context hierarchy
Oct 10, 2017 5:04:01 PM org.springframework.beans.factory.xml.XmlBeanDefinitionReader loadBeanDefinitions
INFO: Loading XML bean definitions from class path resource [applicationContext.xml]
Oct 10, 2017 5:04:01 PM org.springframework.context.support.ClassPathXmlApplicationContext prepareRefresh
INFO: Refreshing org.springframework.context.support.ClassPathXmlApplicationContext@43ec11a4: startup date [Tue Oct 10 17:04:01 EDT 2017]; root of context hierarchy
Oct 10, 2017 5:04:01 PM org.springframework.beans.factory.xml.XmlBeanDefinitionReader loadBeanDefinitions
INFO: Loading XML bean definitions from class path resource [applicationContext.xml]
Oct 10, 2017 5:04:01 PM org.springframework.context.support.ClassPathXmlApplicationContext prepareRefresh
INFO: Refreshing org.springframework.context.support.ClassPathXmlApplicationContext@7c876af0: startup date [Tue Oct 10 17:04:01 EDT 2017]; root of context hierarchy
Oct 10, 2017 5:04:01 PM org.springframework.beans.factory.xml.XmlBeanDefinitionReader loadBeanDefinitions
INFO: Loading XML bean definitions from class path resource [applicationContext.xml]
Oct 10, 2017 5:04:01 PM org.springframework.context.support.ClassPathXmlApplicationContext prepareRefresh
INFO: Refreshing org.springframework.context.support.ClassPathXmlApplicationContext@75abb463: startup date [Tue Oct 10 17:04:01 EDT 2017]; root of context hierarchy
Oct 10, 2017 5:04:01 PM org.springframework.beans.factory.xml.XmlBeanDefinitionReader loadBeanDefinitions
INFO: Loading XML bean definitions from class path resource [applicationContext.xml]
Oct 10, 2017 5:04:01 PM org.springframework.context.support.ClassPathXmlApplicationContext prepareRefresh
INFO: Refreshing org.springframework.context.support.ClassPathXmlApplicationContext@4c1cc5cd: startup date [Tue Oct 10 17:04:01 EDT 2017]; root of context hierarchy
Oct 10, 2017 5:04:01 PM org.springframework.beans.factory.xml.XmlBeanDefinitionReader loadBeanDefinitions
INFO: Loading XML bean definitions from class path resource [applicationContext.xml]
Oct 10, 2017 5:04:01 PM org.springframework.context.support.ClassPathXmlApplicationContext prepareRefresh
INFO: Refreshing org.springframework.context.support.ClassPathXmlApplicationContext@3498fe68: startup date [Tue Oct 10 17:04:01 EDT 2017]; root of context hierarchy
Oct 10, 2017 5:04:01 PM org.springframework.beans.factory.xml.XmlBeanDefinitionReader loadBeanDefinitions
INFO: Loading XML bean definitions from class path resource [applicationContext.xml]
Oct 10, 2017 5:04:01 PM org.springframework.context.support.ClassPathXmlApplicationContext prepareRefresh
INFO: Refreshing org.springframework.context.support.ClassPathXmlApplicationContext@48908240: startup date [Tue Oct 10 17:04:01 EDT 2017]; root of context hierarchy
Oct 10, 2017 5:04:01 PM org.springframework.beans.factory.xml.XmlBeanDefinitionReader loadBeanDefinitions
INFO: Loading XML bean definitions from class path resource [applicationContext.xml]
Oct 10, 2017 5:04:01 PM org.springframework.context.support.ClassPathXmlApplicationContext prepareRefresh
INFO: Refreshing org.springframework.context.support.ClassPathXmlApplicationContext@53565771: startup date [Tue Oct 10 17:04:01 EDT 2017]; root of context hierarchy
Oct 10, 2017 5:04:01 PM org.springframework.beans.factory.xml.XmlBeanDefinitionReader loadBeanDefinitions
INFO: Loading XML bean definitions from class path resource [applicationContext.xml]
Oct 10, 2017 5:04:01 PM org.springframework.context.support.ClassPathXmlApplicationContext prepareRefresh
INFO: Refreshing org.springframework.context.support.ClassPathXmlApplicationContext@3c4d6bf8: startup date [Tue Oct 10 17:04:01 EDT 2017]; root of context hierarchy
Oct 10, 2017 5:04:01 PM org.springframework.beans.factory.xml.XmlBeanDefinitionReader loadBeanDefinitions
INFO: Loading XML bean definitions from class path resource [applicationContext.xml]
Oct 10, 2017 5:04:01 PM org.springframework.context.support.ClassPathXmlApplicationContext prepareRefresh
INFO: Refreshing org.springframework.context.support.ClassPathXmlApplicationContext@3a050bcf: startup date [Tue Oct 10 17:04:01 EDT 2017]; root of context hierarchy
Oct 10, 2017 5:04:01 PM org.springframework.beans.factory.xml.XmlBeanDefinitionReader loadBeanDefinitions
INFO: Loading XML bean definitions from class path resource [applicationContext.xml]
Oct 10, 2017 5:04:01 PM org.springframework.context.support.ClassPathXmlApplicationContext prepareRefresh
INFO: Refreshing org.springframework.context.support.ClassPathXmlApplicationContext@483c2fee: startup date [Tue Oct 10 17:04:01 EDT 2017]; root of context hierarchy
Oct 10, 2017 5:04:01 PM org.springframework.beans.factory.xml.XmlBeanDefinitionReader loadBeanDefinitions
INFO: Loading XML bean definitions from class path resource [applicationContext.xml]
Oct 10, 2017 5:04:01 PM org.springframework.context.support.ClassPathXmlApplicationContext prepareRefresh
INFO: Refreshing org.springframework.context.support.ClassPathXmlApplicationContext@3ca05176: startup date [Tue Oct 10 17:04:01 EDT 2017]; root of context hierarchy
Oct 10, 2017 5:04:01 PM org.springframework.beans.factory.xml.XmlBeanDefinitionReader loadBeanDefinitions
INFO: Loading XML bean definitions from class path resource [applicationContext.xml]
Oct 10, 2017 5:04:01 PM org.springframework.context.support.ClassPathXmlApplicationContext prepareRefresh
INFO: Refreshing org.springframework.context.support.ClassPathXmlApplicationContext@6cacc2fc: startup date [Tue Oct 10 17:04:01 EDT 2017]; root of context hierarchy
Oct 10, 2017 5:04:01 PM org.springframework.beans.factory.xml.XmlBeanDefinitionReader loadBeanDefinitions
INFO: Loading XML bean definitions from class path resource [applicationContext.xml]
Oct 10, 2017 5:04:01 PM org.springframework.context.support.ClassPathXmlApplicationContext prepareRefresh
INFO: Refreshing org.springframework.context.support.ClassPathXmlApplicationContext@2bd56f82: startup date [Tue Oct 10 17:04:01 EDT 2017]; root of context hierarchy
Oct 10, 2017 5:04:01 PM org.springframework.beans.factory.xml.XmlBeanDefinitionReader loadBeanDefinitions
INFO: Loading XML bean definitions from class path resource [applicationContext.xml]
Oct 10, 2017 5:04:01 PM org.springframework.context.support.ClassPathXmlApplicationContext prepareRefresh
INFO: Refreshing org.springframework.context.support.ClassPathXmlApplicationContext@79fa88c0: startup date [Tue Oct 10 17:04:01 EDT 2017]; root of context hierarchy
Oct 10, 2017 5:04:01 PM org.springframework.beans.factory.xml.XmlBeanDefinitionReader loadBeanDefinitions
INFO: Loading XML bean definitions from class path resource [applicationContext.xml]
Oct 10, 2017 5:04:01 PM org.springframework.context.support.ClassPathXmlApplicationContext prepareRefresh
INFO: Refreshing org.springframework.context.support.ClassPathXmlApplicationContext@17c27e13: startup date [Tue Oct 10 17:04:01 EDT 2017]; root of context hierarchy
Oct 10, 2017 5:04:01 PM org.springframework.beans.factory.xml.XmlBeanDefinitionReader loadBeanDefinitions
INFO: Loading XML bean definitions from class path resource [applicationContext.xml]
Oct 10, 2017 5:04:01 PM org.springframework.context.support.ClassPathXmlApplicationContext prepareRefresh
INFO: Refreshing org.springframework.context.support.ClassPathXmlApplicationContext@6d5c06e3: startup date [Tue Oct 10 17:04:01 EDT 2017]; root of context hierarchy
Oct 10, 2017 5:04:01 PM org.springframework.beans.factory.xml.XmlBeanDefinitionReader loadBeanDefinitions
INFO: Loading XML bean definitions from class path resource [applicationContext.xml]
Oct 10, 2017 5:04:01 PM org.springframework.context.support.ClassPathXmlApplicationContext prepareRefresh
INFO: Refreshing org.springframework.context.support.ClassPathXmlApplicationContext@69982d47: startup date [Tue Oct 10 17:04:01 EDT 2017]; root of context hierarchy
Oct 10, 2017 5:04:01 PM org.springframework.beans.factory.xml.XmlBeanDefinitionReader loadBeanDefinitions
INFO: Loading XML bean definitions from class path resource [applicationContext.xml]
Oct 10, 2017 5:04:01 PM org.springframework.context.support.ClassPathXmlApplicationContext prepareRefresh
INFO: Refreshing org.springframework.context.support.ClassPathXmlApplicationContext@6c4a84d: startup date [Tue Oct 10 17:04:01 EDT 2017]; root of context hierarchy
Oct 10, 2017 5:04:01 PM org.springframework.beans.factory.xml.XmlBeanDefinitionReader loadBeanDefinitions
INFO: Loading XML bean definitions from class path resource [applicationContext.xml]
Oct 10, 2017 5:04:01 PM org.springframework.context.support.ClassPathXmlApplicationContext prepareRefresh
INFO: Refreshing org.springframework.context.support.ClassPathXmlApplicationContext@1cf34251: startup date [Tue Oct 10 17:04:01 EDT 2017]; root of context hierarchy
Oct 10, 2017 5:04:01 PM org.springframework.beans.factory.xml.XmlBeanDefinitionReader loadBeanDefinitions
INFO: Loading XML bean definitions from class path resource [applicationContext.xml]
Oct 10, 2017 5:04:01 PM org.springframework.context.support.ClassPathXmlApplicationContext prepareRefresh
INFO: Refreshing org.springframework.context.support.ClassPathXmlApplicationContext@7ecbf96e: startup date [Tue Oct 10 17:04:01 EDT 2017]; root of context hierarchy
Oct 10, 2017 5:04:01 PM org.springframework.beans.factory.xml.XmlBeanDefinitionReader loadBeanDefinitions
INFO: Loading XML bean definitions from class path resource [applicationContext.xml]
Oct 10, 2017 5:04:01 PM org.springframework.context.support.ClassPathXmlApplicationContext prepareRefresh
INFO: Refreshing org.springframework.context.support.ClassPathXmlApplicationContext@2e840d00: startup date [Tue Oct 10 17:04:01 EDT 2017]; root of context hierarchy
Oct 10, 2017 5:04:01 PM org.springframework.beans.factory.xml.XmlBeanDefinitionReader loadBeanDefinitions
INFO: Loading XML bean definitions from class path resource [applicationContext.xml]
Oct 10, 2017 5:04:01 PM org.springframework.context.support.ClassPathXmlApplicationContext prepareRefresh
INFO: Refreshing org.springframework.context.support.ClassPathXmlApplicationContext@6fc72bc9: startup date [Tue Oct 10 17:04:01 EDT 2017]; root of context hierarchy
Oct 10, 2017 5:04:01 PM org.springframework.beans.factory.xml.XmlBeanDefinitionReader loadBeanDefinitions
INFO: Loading XML bean definitions from class path resource [applicationContext.xml]
Oct 10, 2017 5:04:01 PM org.springframework.context.support.ClassPathXmlApplicationContext prepareRefresh
INFO: Refreshing org.springframework.context.support.ClassPathXmlApplicationContext@4b8dd7d8: startup date [Tue Oct 10 17:04:01 EDT 2017]; root of context hierarchy
Oct 10, 2017 5:04:01 PM org.springframework.beans.factory.xml.XmlBeanDefinitionReader loadBeanDefinitions
INFO: Loading XML bean definitions from class path resource [applicationContext.xml]
Oct 10, 2017 5:04:01 PM org.springframework.context.support.ClassPathXmlApplicationContext prepareRefresh
INFO: Refreshing org.springframework.context.support.ClassPathXmlApplicationContext@3f9a0423: startup date [Tue Oct 10 17:04:01 EDT 2017]; root of context hierarchy
Oct 10, 2017 5:04:01 PM org.springframework.beans.factory.xml.XmlBeanDefinitionReader loadBeanDefinitions
INFO: Loading XML bean definitions from class path resource [applicationContext.xml]
Oct 10, 2017 5:04:01 PM org.springframework.context.support.ClassPathXmlApplicationContext prepareRefresh
INFO: Refreshing org.springframework.context.support.ClassPathXmlApplicationContext@61c72d72: startup date [Tue Oct 10 17:04:01 EDT 2017]; root of context hierarchy
Oct 10, 2017 5:04:01 PM org.springframework.beans.factory.xml.XmlBeanDefinitionReader loadBeanDefinitions
INFO: Loading XML bean definitions from class path resource [applicationContext.xml]
Oct 10, 2017 5:04:01 PM org.springframework.context.support.ClassPathXmlApplicationContext prepareRefresh
INFO: Refreshing org.springframework.context.support.ClassPathXmlApplicationContext@5cbe05db: startup date [Tue Oct 10 17:04:01 EDT 2017]; root of context hierarchy
Oct 10, 2017 5:04:01 PM org.springframework.beans.factory.xml.XmlBeanDefinitionReader loadBeanDefinitions
INFO: Loading XML bean definitions from class path resource [applicationContext.xml]
Oct 10, 2017 5:04:01 PM org.springframework.context.support.ClassPathXmlApplicationContext prepareRefresh
INFO: Refreshing org.springframework.context.support.ClassPathXmlApplicationContext@1c7b7b65: startup date [Tue Oct 10 17:04:01 EDT 2017]; root of context hierarchy
Oct 10, 2017 5:04:01 PM org.springframework.beans.factory.xml.XmlBeanDefinitionReader loadBeanDefinitions
INFO: Loading XML bean definitions from class path resource [applicationContext.xml]
Oct 10, 2017 5:04:01 PM org.springframework.context.support.ClassPathXmlApplicationContext prepareRefresh
INFO: Refreshing org.springframework.context.support.ClassPathXmlApplicationContext@4598a3ce: startup date [Tue Oct 10 17:04:01 EDT 2017]; root of context hierarchy
Oct 10, 2017 5:04:01 PM org.springframework.beans.factory.xml.XmlBeanDefinitionReader loadBeanDefinitions
INFO: Loading XML bean definitions from class path resource [applicationContext.xml]
Oct 10, 2017 5:04:01 PM org.springframework.context.support.ClassPathXmlApplicationContext prepareRefresh
INFO: Refreshing org.springframework.context.support.ClassPathXmlApplicationContext@5473f5bd: startup date [Tue Oct 10 17:04:01 EDT 2017]; root of context hierarchy
Oct 10, 2017 5:04:01 PM org.springframework.beans.factory.xml.XmlBeanDefinitionReader loadBeanDefinitions
INFO: Loading XML bean definitions from class path resource [applicationContext.xml]
Oct 10, 2017 5:04:01 PM org.springframework.context.support.ClassPathXmlApplicationContext prepareRefresh
INFO: Refreshing org.springframework.context.support.ClassPathXmlApplicationContext@18526f50: startup date [Tue Oct 10 17:04:01 EDT 2017]; root of context hierarchy
Oct 10, 2017 5:04:01 PM org.springframework.beans.factory.xml.XmlBeanDefinitionReader loadBeanDefinitions
INFO: Loading XML bean definitions from class path resource [applicationContext.xml]
Oct 10, 2017 5:04:01 PM org.springframework.context.support.ClassPathXmlApplicationContext prepareRefresh
INFO: Refreshing org.springframework.context.support.ClassPathXmlApplicationContext@2ad47a1d: startup date [Tue Oct 10 17:04:01 EDT 2017]; root of context hierarchy
Oct 10, 2017 5:04:01 PM org.springframework.beans.factory.xml.XmlBeanDefinitionReader loadBeanDefinitions
INFO: Loading XML bean definitions from class path resource [applicationContext.xml]
Oct 10, 2017 5:04:01 PM org.springframework.context.support.ClassPathXmlApplicationContext prepareRefresh
INFO: Refreshing org.springframework.context.support.ClassPathXmlApplicationContext@3d6a483c: startup date [Tue Oct 10 17:04:01 EDT 2017]; root of context hierarchy
Oct 10, 2017 5:04:01 PM org.springframework.beans.factory.xml.XmlBeanDefinitionReader loadBeanDefinitions
INFO: Loading XML bean definitions from class path resource [applicationContext.xml]
Oct 10, 2017 5:04:01 PM org.springframework.context.support.ClassPathXmlApplicationContext prepareRefresh
INFO: Refreshing org.springframework.context.support.ClassPathXmlApplicationContext@ad2148c: startup date [Tue Oct 10 17:04:01 EDT 2017]; root of context hierarchy
Oct 10, 2017 5:04:01 PM org.springframework.beans.factory.xml.XmlBeanDefinitionReader loadBeanDefinitions
INFO: Loading XML bean definitions from class path resource [applicationContext.xml]
Oct 10, 2017 5:04:01 PM org.springframework.context.support.ClassPathXmlApplicationContext prepareRefresh
INFO: Refreshing org.springframework.context.support.ClassPathXmlApplicationContext@38ad3ee8: startup date [Tue Oct 10 17:04:01 EDT 2017]; root of context hierarchy
Oct 10, 2017 5:04:01 PM org.springframework.beans.factory.xml.XmlBeanDefinitionReader loadBeanDefinitions
INFO: Loading XML bean definitions from class path resource [applicationContext.xml]
Oct 10, 2017 5:04:01 PM org.springframework.context.support.ClassPathXmlApplicationContext prepareRefresh
INFO: Refreshing org.springframework.context.support.ClassPathXmlApplicationContext@777e38e3: startup date [Tue Oct 10 17:04:01 EDT 2017]; root of context hierarchy
Oct 10, 2017 5:04:01 PM org.springframework.beans.factory.xml.XmlBeanDefinitionReader loadBeanDefinitions
INFO: Loading XML bean definitions from class path resource [applicationContext.xml]
Oct 10, 2017 5:04:01 PM org.springframework.context.support.ClassPathXmlApplicationContext prepareRefresh
INFO: Refreshing org.springframework.context.support.ClassPathXmlApplicationContext@4f56820f: startup date [Tue Oct 10 17:04:01 EDT 2017]; root of context hierarchy
Oct 10, 2017 5:04:01 PM org.springframework.beans.factory.xml.XmlBeanDefinitionReader loadBeanDefinitions
INFO: Loading XML bean definitions from class path resource [applicationContext.xml]
Oct 10, 2017 5:04:01 PM org.springframework.context.support.ClassPathXmlApplicationContext prepareRefresh
INFO: Refreshing org.springframework.context.support.ClassPathXmlApplicationContext@58870783: startup date [Tue Oct 10 17:04:01 EDT 2017]; root of context hierarchy
Oct 10, 2017 5:04:01 PM org.springframework.beans.factory.xml.XmlBeanDefinitionReader loadBeanDefinitions
INFO: Loading XML bean definitions from class path resource [applicationContext.xml]
Oct 10, 2017 5:04:01 PM org.springframework.context.support.ClassPathXmlApplicationContext prepareRefresh
INFO: Refreshing org.springframework.context.support.ClassPathXmlApplicationContext@5f4fb26d: startup date [Tue Oct 10 17:04:01 EDT 2017]; root of context hierarchy
Oct 10, 2017 5:04:01 PM org.springframework.beans.factory.xml.XmlBeanDefinitionReader loadBeanDefinitions
INFO: Loading XML bean definitions from class path resource [applicationContext.xml]
Oct 10, 2017 5:04:01 PM org.springframework.context.support.ClassPathXmlApplicationContext prepareRefresh
INFO: Refreshing org.springframework.context.support.ClassPathXmlApplicationContext@73867782: startup date [Tue Oct 10 17:04:01 EDT 2017]; root of context hierarchy
Oct 10, 2017 5:04:01 PM org.springframework.beans.factory.xml.XmlBeanDefinitionReader loadBeanDefinitions
INFO: Loading XML bean definitions from class path resource [applicationContext.xml]
Oct 10, 2017 5:04:01 PM org.springframework.context.support.ClassPathXmlApplicationContext prepareRefresh
INFO: Refreshing org.springframework.context.support.ClassPathXmlApplicationContext@5a5cf35c: startup date [Tue Oct 10 17:04:01 EDT 2017]; root of context hierarchy
Oct 10, 2017 5:04:01 PM org.springframework.beans.factory.xml.XmlBeanDefinitionReader loadBeanDefinitions
INFO: Loading XML bean definitions from class path resource [applicationContext.xml]
Oct 10, 2017 5:04:01 PM org.springframework.context.support.ClassPathXmlApplicationContext prepareRefresh
INFO: Refreshing org.springframework.context.support.ClassPathXmlApplicationContext@180ea62c: startup date [Tue Oct 10 17:04:01 EDT 2017]; root of context hierarchy
Oct 10, 2017 5:04:01 PM org.springframework.beans.factory.xml.XmlBeanDefinitionReader loadBeanDefinitions
INFO: Loading XML bean definitions from class path resource [applicationContext.xml]
Oct 10, 2017 5:04:01 PM org.springframework.context.support.ClassPathXmlApplicationContext prepareRefresh
INFO: Refreshing org.springframework.context.support.ClassPathXmlApplicationContext@344465c0: startup date [Tue Oct 10 17:04:01 EDT 2017]; root of context hierarchy
Oct 10, 2017 5:04:01 PM org.springframework.beans.factory.xml.XmlBeanDefinitionReader loadBeanDefinitions
INFO: Loading XML bean definitions from class path resource [applicationContext.xml]
Oct 10, 2017 5:04:01 PM org.springframework.context.support.ClassPathXmlApplicationContext prepareRefresh
INFO: Refreshing org.springframework.context.support.ClassPathXmlApplicationContext@2ad0bc56: startup date [Tue Oct 10 17:04:01 EDT 2017]; root of context hierarchy
Oct 10, 2017 5:04:01 PM org.springframework.beans.factory.xml.XmlBeanDefinitionReader loadBeanDefinitions
INFO: Loading XML bean definitions from class path resource [applicationContext.xml]
Oct 10, 2017 5:04:01 PM org.springframework.context.support.ClassPathXmlApplicationContext prepareRefresh
INFO: Refreshing org.springframework.context.support.ClassPathXmlApplicationContext@172207f9: startup date [Tue Oct 10 17:04:01 EDT 2017]; root of context hierarchy
Oct 10, 2017 5:04:01 PM org.springframework.beans.factory.xml.XmlBeanDefinitionReader loadBeanDefinitions
INFO: Loading XML bean definitions from class path resource [applicationContext.xml]
Oct 10, 2017 5:04:01 PM org.springframework.context.support.ClassPathXmlApplicationContext prepareRefresh
INFO: Refreshing org.springframework.context.support.ClassPathXmlApplicationContext@75fcbca: startup date [Tue Oct 10 17:04:01 EDT 2017]; root of context hierarchy
Oct 10, 2017 5:04:01 PM org.springframework.beans.factory.xml.XmlBeanDefinitionReader loadBeanDefinitions
INFO: Loading XML bean definitions from class path resource [applicationContext.xml]
Oct 10, 2017 5:04:01 PM org.springframework.context.support.ClassPathXmlApplicationContext prepareRefresh
INFO: Refreshing org.springframework.context.support.ClassPathXmlApplicationContext@4a027f2d: startup date [Tue Oct 10 17:04:01 EDT 2017]; root of context hierarchy
Oct 10, 2017 5:04:01 PM org.springframework.beans.factory.xml.XmlBeanDefinitionReader loadBeanDefinitions
INFO: Loading XML bean definitions from class path resource [applicationContext.xml]
Oct 10, 2017 5:04:01 PM org.springframework.context.support.ClassPathXmlApplicationContext prepareRefresh
INFO: Refreshing org.springframework.context.support.ClassPathXmlApplicationContext@2442c136: startup date [Tue Oct 10 17:04:01 EDT 2017]; root of context hierarchy
Oct 10, 2017 5:04:01 PM org.springframework.beans.factory.xml.XmlBeanDefinitionReader loadBeanDefinitions
INFO: Loading XML bean definitions from class path resource [applicationContext.xml]
Oct 10, 2017 5:04:01 PM org.springframework.context.support.ClassPathXmlApplicationContext prepareRefresh
INFO: Refreshing org.springframework.context.support.ClassPathXmlApplicationContext@77eac125: startup date [Tue Oct 10 17:04:01 EDT 2017]; root of context hierarchy
Oct 10, 2017 5:04:01 PM org.springframework.beans.factory.xml.XmlBeanDefinitionReader loadBeanDefinitions
INFO: Loading XML bean definitions from class path resource [applicationContext.xml]
Oct 10, 2017 5:04:01 PM org.springframework.context.support.ClassPathXmlApplicationContext prepareRefresh
INFO: Refreshing org.springframework.context.support.ClassPathXmlApplicationContext@127cfcd2: startup date [Tue Oct 10 17:04:01 EDT 2017]; root of context hierarchy
Oct 10, 2017 5:04:01 PM org.springframework.beans.factory.xml.XmlBeanDefinitionReader loadBeanDefinitions
INFO: Loading XML bean definitions from class path resource [applicationContext.xml]
Oct 10, 2017 5:04:01 PM org.springframework.context.support.ClassPathXmlApplicationContext prepareRefresh
INFO: Refreshing org.springframework.context.support.ClassPathXmlApplicationContext@4f4cba61: startup date [Tue Oct 10 17:04:01 EDT 2017]; root of context hierarchy
Oct 10, 2017 5:04:01 PM org.springframework.beans.factory.xml.XmlBeanDefinitionReader loadBeanDefinitions
INFO: Loading XML bean definitions from class path resource [applicationContext.xml]
Oct 10, 2017 5:04:01 PM org.springframework.context.support.ClassPathXmlApplicationContext prepareRefresh
INFO: Refreshing org.springframework.context.support.ClassPathXmlApplicationContext@9d5c056: startup date [Tue Oct 10 17:04:01 EDT 2017]; root of context hierarchy
Oct 10, 2017 5:04:01 PM org.springframework.beans.factory.xml.XmlBeanDefinitionReader loadBeanDefinitions
INFO: Loading XML bean definitions from class path resource [applicationContext.xml]
Oct 10, 2017 5:04:01 PM org.springframework.context.support.ClassPathXmlApplicationContext prepareRefresh
INFO: Refreshing org.springframework.context.support.ClassPathXmlApplicationContext@1c5de953: startup date [Tue Oct 10 17:04:01 EDT 2017]; root of context hierarchy
Oct 10, 2017 5:04:01 PM org.springframework.beans.factory.xml.XmlBeanDefinitionReader loadBeanDefinitions
INFO: Loading XML bean definitions from class path resource [applicationContext.xml]
Oct 10, 2017 5:04:01 PM org.springframework.context.support.ClassPathXmlApplicationContext prepareRefresh
INFO: Refreshing org.springframework.context.support.ClassPathXmlApplicationContext@145601f3: startup date [Tue Oct 10 17:04:01 EDT 2017]; root of context hierarchy
Oct 10, 2017 5:04:01 PM org.springframework.beans.factory.xml.XmlBeanDefinitionReader loadBeanDefinitions
INFO: Loading XML bean definitions from class path resource [applicationContext.xml]
Oct 10, 2017 5:04:01 PM org.springframework.context.support.ClassPathXmlApplicationContext prepareRefresh
INFO: Refreshing org.springframework.context.support.ClassPathXmlApplicationContext@666380be: startup date [Tue Oct 10 17:04:01 EDT 2017]; root of context hierarchy
Oct 10, 2017 5:04:01 PM org.springframework.beans.factory.xml.XmlBeanDefinitionReader loadBeanDefinitions
INFO: Loading XML bean definitions from class path resource [applicationContext.xml]
Oct 10, 2017 5:04:01 PM org.springframework.context.support.ClassPathXmlApplicationContext prepareRefresh
INFO: Refreshing org.springframework.context.support.ClassPathXmlApplicationContext@706d88b8: startup date [Tue Oct 10 17:04:01 EDT 2017]; root of context hierarchy
Oct 10, 2017 5:04:01 PM org.springframework.beans.factory.xml.XmlBeanDefinitionReader loadBeanDefinitions
INFO: Loading XML bean definitions from class path resource [applicationContext.xml]
Oct 10, 2017 5:04:01 PM org.springframework.context.support.ClassPathXmlApplicationContext prepareRefresh
INFO: Refreshing org.springframework.context.support.ClassPathXmlApplicationContext@1153ffed: startup date [Tue Oct 10 17:04:01 EDT 2017]; root of context hierarchy
Oct 10, 2017 5:04:01 PM org.springframework.beans.factory.xml.XmlBeanDefinitionReader loadBeanDefinitions
INFO: Loading XML bean definitions from class path resource [applicationContext.xml]
Oct 10, 2017 5:04:01 PM org.springframework.context.support.ClassPathXmlApplicationContext prepareRefresh
INFO: Refreshing org.springframework.context.support.ClassPathXmlApplicationContext@36e63b55: startup date [Tue Oct 10 17:04:01 EDT 2017]; root of context hierarchy
Oct 10, 2017 5:04:01 PM org.springframework.beans.factory.xml.XmlBeanDefinitionReader loadBeanDefinitions
INFO: Loading XML bean definitions from class path resource [applicationContext.xml]
Oct 10, 2017 5:04:01 PM org.springframework.context.support.ClassPathXmlApplicationContext prepareRefresh
INFO: Refreshing org.springframework.context.support.ClassPathXmlApplicationContext@44813a4f: startup date [Tue Oct 10 17:04:01 EDT 2017]; root of context hierarchy
Oct 10, 2017 5:04:01 PM org.springframework.beans.factory.xml.XmlBeanDefinitionReader loadBeanDefinitions
INFO: Loading XML bean definitions from class path resource [applicationContext.xml]
Oct 10, 2017 5:04:01 PM org.springframework.context.support.ClassPathXmlApplicationContext prepareRefresh
INFO: Refreshing org.springframework.context.support.ClassPathXmlApplicationContext@16153bce: startup date [Tue Oct 10 17:04:01 EDT 2017]; root of context hierarchy
Oct 10, 2017 5:04:01 PM org.springframework.beans.factory.xml.XmlBeanDefinitionReader loadBeanDefinitions
INFO: Loading XML bean definitions from class path resource [applicationContext.xml]
Oct 10, 2017 5:04:01 PM org.springframework.context.support.ClassPathXmlApplicationContext prepareRefresh
INFO: Refreshing org.springframework.context.support.ClassPathXmlApplicationContext@89ae6d: startup date [Tue Oct 10 17:04:01 EDT 2017]; root of context hierarchy
Oct 10, 2017 5:04:01 PM org.springframework.beans.factory.xml.XmlBeanDefinitionReader loadBeanDefinitions
INFO: Loading XML bean definitions from class path resource [applicationContext.xml]
Oct 10, 2017 5:04:01 PM org.springframework.context.support.ClassPathXmlApplicationContext prepareRefresh
INFO: Refreshing org.springframework.context.support.ClassPathXmlApplicationContext@2e6561b5: startup date [Tue Oct 10 17:04:01 EDT 2017]; root of context hierarchy
Oct 10, 2017 5:04:01 PM org.springframework.beans.factory.xml.XmlBeanDefinitionReader loadBeanDefinitions
INFO: Loading XML bean definitions from class path resource [applicationContext.xml]
Oct 10, 2017 5:04:01 PM org.springframework.context.support.ClassPathXmlApplicationContext prepareRefresh
INFO: Refreshing org.springframework.context.support.ClassPathXmlApplicationContext@6555edb3: startup date [Tue Oct 10 17:04:01 EDT 2017]; root of context hierarchy
Oct 10, 2017 5:04:01 PM org.springframework.beans.factory.xml.XmlBeanDefinitionReader loadBeanDefinitions
INFO: Loading XML bean definitions from class path resource [applicationContext.xml]
Oct 10, 2017 5:04:01 PM org.springframework.context.support.ClassPathXmlApplicationContext prepareRefresh
INFO: Refreshing org.springframework.context.support.ClassPathXmlApplicationContext@7aa4d4dc: startup date [Tue Oct 10 17:04:01 EDT 2017]; root of context hierarchy
Oct 10, 2017 5:04:01 PM org.springframework.beans.factory.xml.XmlBeanDefinitionReader loadBeanDefinitions
INFO: Loading XML bean definitions from class path resource [applicationContext.xml]
Oct 10, 2017 5:04:01 PM org.springframework.context.support.ClassPathXmlApplicationContext prepareRefresh
INFO: Refreshing org.springframework.context.support.ClassPathXmlApplicationContext@656e18a7: startup date [Tue Oct 10 17:04:01 EDT 2017]; root of context hierarchy
Oct 10, 2017 5:04:01 PM org.springframework.beans.factory.xml.XmlBeanDefinitionReader loadBeanDefinitions
INFO: Loading XML bean definitions from class path resource [applicationContext.xml]
Oct 10, 2017 5:04:01 PM org.springframework.context.support.ClassPathXmlApplicationContext prepareRefresh
INFO: Refreshing org.springframework.context.support.ClassPathXmlApplicationContext@50e50a96: startup date [Tue Oct 10 17:04:01 EDT 2017]; root of context hierarchy
Oct 10, 2017 5:04:01 PM org.springframework.beans.factory.xml.XmlBeanDefinitionReader loadBeanDefinitions
INFO: Loading XML bean definitions from class path resource [applicationContext.xml]
Oct 10, 2017 5:04:01 PM org.springframework.context.support.ClassPathXmlApplicationContext prepareRefresh
INFO: Refreshing org.springframework.context.support.ClassPathXmlApplicationContext@7407ab41: startup date [Tue Oct 10 17:04:01 EDT 2017]; root of context hierarchy
Oct 10, 2017 5:04:01 PM org.springframework.beans.factory.xml.XmlBeanDefinitionReader loadBeanDefinitions
INFO: Loading XML bean definitions from class path resource [applicationContext.xml]
Oct 10, 2017 5:04:01 PM org.springframework.context.support.ClassPathXmlApplicationContext prepareRefresh
INFO: Refreshing org.springframework.context.support.ClassPathXmlApplicationContext@18248c62: startup date [Tue Oct 10 17:04:01 EDT 2017]; root of context hierarchy
Oct 10, 2017 5:04:01 PM org.springframework.beans.factory.xml.XmlBeanDefinitionReader loadBeanDefinitions
INFO: Loading XML bean definitions from class path resource [applicationContext.xml]
Oct 10, 2017 5:04:01 PM org.springframework.context.support.ClassPathXmlApplicationContext prepareRefresh
INFO: Refreshing org.springframework.context.support.ClassPathXmlApplicationContext@260f616c: startup date [Tue Oct 10 17:04:01 EDT 2017]; root of context hierarchy
Oct 10, 2017 5:04:01 PM org.springframework.beans.factory.xml.XmlBeanDefinitionReader loadBeanDefinitions
INFO: Loading XML bean definitions from class path resource [applicationContext.xml]
Oct 10, 2017 5:04:01 PM org.springframework.context.support.ClassPathXmlApplicationContext prepareRefresh
INFO: Refreshing org.springframework.context.support.ClassPathXmlApplicationContext@4eb465e8: startup date [Tue Oct 10 17:04:01 EDT 2017]; root of context hierarchy
Oct 10, 2017 5:04:01 PM org.springframework.beans.factory.xml.XmlBeanDefinitionReader loadBeanDefinitions
INFO: Loading XML bean definitions from class path resource [applicationContext.xml]
Oct 10, 2017 5:04:01 PM org.springframework.context.support.ClassPathXmlApplicationContext prepareRefresh
INFO: Refreshing org.springframework.context.support.ClassPathXmlApplicationContext@182c6901: startup date [Tue Oct 10 17:04:01 EDT 2017]; root of context hierarchy
Oct 10, 2017 5:04:01 PM org.springframework.beans.factory.xml.XmlBeanDefinitionReader loadBeanDefinitions
INFO: Loading XML bean definitions from class path resource [applicationContext.xml]
Oct 10, 2017 5:04:01 PM org.springframework.context.support.ClassPathXmlApplicationContext prepareRefresh
INFO: Refreshing org.springframework.context.support.ClassPathXmlApplicationContext@1b112156: startup date [Tue Oct 10 17:04:01 EDT 2017]; root of context hierarchy
Oct 10, 2017 5:04:01 PM org.springframework.beans.factory.xml.XmlBeanDefinitionReader loadBeanDefinitions
INFO: Loading XML bean definitions from class path resource [applicationContext.xml]
Oct 10, 2017 5:04:02 PM org.springframework.context.support.ClassPathXmlApplicationContext prepareRefresh
INFO: Refreshing org.springframework.context.support.ClassPathXmlApplicationContext@35c69003: startup date [Tue Oct 10 17:04:02 EDT 2017]; root of context hierarchy
Oct 10, 2017 5:04:02 PM org.springframework.beans.factory.xml.XmlBeanDefinitionReader loadBeanDefinitions
INFO: Loading XML bean definitions from class path resource [applicationContext.xml]
Oct 10, 2017 5:04:02 PM org.springframework.context.support.ClassPathXmlApplicationContext prepareRefresh
INFO: Refreshing org.springframework.context.support.ClassPathXmlApplicationContext@684b0f9f: startup date [Tue Oct 10 17:04:02 EDT 2017]; root of context hierarchy
Oct 10, 2017 5:04:02 PM org.springframework.beans.factory.xml.XmlBeanDefinitionReader loadBeanDefinitions
INFO: Loading XML bean definitions from class path resource [applicationContext.xml]
Oct 10, 2017 5:04:02 PM org.springframework.context.support.ClassPathXmlApplicationContext prepareRefresh
INFO: Refreshing org.springframework.context.support.ClassPathXmlApplicationContext@6c2ba7c5: startup date [Tue Oct 10 17:04:02 EDT 2017]; root of context hierarchy
Oct 10, 2017 5:04:02 PM org.springframework.beans.factory.xml.XmlBeanDefinitionReader loadBeanDefinitions
INFO: Loading XML bean definitions from class path resource [applicationContext.xml]
Oct 10, 2017 5:04:02 PM org.springframework.context.support.ClassPathXmlApplicationContext prepareRefresh
INFO: Refreshing org.springframework.context.support.ClassPathXmlApplicationContext@b323742: startup date [Tue Oct 10 17:04:02 EDT 2017]; root of context hierarchy
Oct 10, 2017 5:04:02 PM org.springframework.beans.factory.xml.XmlBeanDefinitionReader loadBeanDefinitions
INFO: Loading XML bean definitions from class path resource [applicationContext.xml]
Oct 10, 2017 5:04:02 PM org.springframework.context.support.ClassPathXmlApplicationContext prepareRefresh
INFO: Refreshing org.springframework.context.support.ClassPathXmlApplicationContext@262b299c: startup date [Tue Oct 10 17:04:02 EDT 2017]; root of context hierarchy
Oct 10, 2017 5:04:02 PM org.springframework.beans.factory.xml.XmlBeanDefinitionReader loadBeanDefinitions
INFO: Loading XML bean definitions from class path resource [applicationContext.xml]
Oct 10, 2017 5:04:02 PM org.springframework.context.support.ClassPathXmlApplicationContext prepareRefresh
INFO: Refreshing org.springframework.context.support.ClassPathXmlApplicationContext@6429b19: startup date [Tue Oct 10 17:04:02 EDT 2017]; root of context hierarchy
Oct 10, 2017 5:04:02 PM org.springframework.beans.factory.xml.XmlBeanDefinitionReader loadBeanDefinitions
INFO: Loading XML bean definitions from class path resource [applicationContext.xml]
Oct 10, 2017 5:04:02 PM org.springframework.context.support.ClassPathXmlApplicationContext prepareRefresh
INFO: Refreshing org.springframework.context.support.ClassPathXmlApplicationContext@2dbc2f4f: startup date [Tue Oct 10 17:04:02 EDT 2017]; root of context hierarchy
Oct 10, 2017 5:04:02 PM org.springframework.beans.factory.xml.XmlBeanDefinitionReader loadBeanDefinitions
INFO: Loading XML bean definitions from class path resource [applicationContext.xml]
Oct 10, 2017 5:04:02 PM org.springframework.context.support.ClassPathXmlApplicationContext prepareRefresh
INFO: Refreshing org.springframework.context.support.ClassPathXmlApplicationContext@5d8b8ddf: startup date [Tue Oct 10 17:04:02 EDT 2017]; root of context hierarchy
Oct 10, 2017 5:04:02 PM org.springframework.beans.factory.xml.XmlBeanDefinitionReader loadBeanDefinitions
INFO: Loading XML bean definitions from class path resource [applicationContext.xml]
Oct 10, 2017 5:04:02 PM org.springframework.context.support.ClassPathXmlApplicationContext prepareRefresh
INFO: Refreshing org.springframework.context.support.ClassPathXmlApplicationContext@25661d65: startup date [Tue Oct 10 17:04:02 EDT 2017]; root of context hierarchy
Oct 10, 2017 5:04:02 PM org.springframework.beans.factory.xml.XmlBeanDefinitionReader loadBeanDefinitions
INFO: Loading XML bean definitions from class path resource [applicationContext.xml]
Oct 10, 2017 5:04:02 PM org.springframework.context.support.ClassPathXmlApplicationContext prepareRefresh
INFO: Refreshing org.springframework.context.support.ClassPathXmlApplicationContext@2959f00a: startup date [Tue Oct 10 17:04:02 EDT 2017]; root of context hierarchy
Oct 10, 2017 5:04:02 PM org.springframework.beans.factory.xml.XmlBeanDefinitionReader loadBeanDefinitions
INFO: Loading XML bean definitions from class path resource [applicationContext.xml]
Oct 10, 2017 5:04:02 PM org.springframework.context.support.ClassPathXmlApplicationContext prepareRefresh
INFO: Refreshing org.springframework.context.support.ClassPathXmlApplicationContext@4c58a7bc: startup date [Tue Oct 10 17:04:02 EDT 2017]; root of context hierarchy
Oct 10, 2017 5:04:02 PM org.springframework.beans.factory.xml.XmlBeanDefinitionReader loadBeanDefinitions
INFO: Loading XML bean definitions from class path resource [applicationContext.xml]
Oct 10, 2017 5:04:02 PM org.springframework.context.support.ClassPathXmlApplicationContext prepareRefresh
INFO: Refreshing org.springframework.context.support.ClassPathXmlApplicationContext@2b286ff6: startup date [Tue Oct 10 17:04:02 EDT 2017]; root of context hierarchy
Oct 10, 2017 5:04:02 PM org.springframework.beans.factory.xml.XmlBeanDefinitionReader loadBeanDefinitions
INFO: Loading XML bean definitions from class path resource [applicationContext.xml]
Oct 10, 2017 5:04:02 PM org.springframework.context.support.ClassPathXmlApplicationContext prepareRefresh
INFO: Refreshing org.springframework.context.support.ClassPathXmlApplicationContext@1190b9c0: startup date [Tue Oct 10 17:04:02 EDT 2017]; root of context hierarchy
Oct 10, 2017 5:04:02 PM org.springframework.beans.factory.xml.XmlBeanDefinitionReader loadBeanDefinitions
INFO: Loading XML bean definitions from class path resource [applicationContext.xml]
Oct 10, 2017 5:04:02 PM org.springframework.context.support.ClassPathXmlApplicationContext prepareRefresh
INFO: Refreshing org.springframework.context.support.ClassPathXmlApplicationContext@1e316566: startup date [Tue Oct 10 17:04:02 EDT 2017]; root of context hierarchy
Oct 10, 2017 5:04:02 PM org.springframework.beans.factory.xml.XmlBeanDefinitionReader loadBeanDefinitions
INFO: Loading XML bean definitions from class path resource [applicationContext.xml]
Oct 10, 2017 5:04:02 PM org.springframework.context.support.ClassPathXmlApplicationContext prepareRefresh
INFO: Refreshing org.springframework.context.support.ClassPathXmlApplicationContext@7870b733: startup date [Tue Oct 10 17:04:02 EDT 2017]; root of context hierarchy
Oct 10, 2017 5:04:02 PM org.springframework.beans.factory.xml.XmlBeanDefinitionReader loadBeanDefinitions
INFO: Loading XML bean definitions from class path resource [applicationContext.xml]
Oct 10, 2017 5:04:02 PM org.springframework.context.support.ClassPathXmlApplicationContext prepareRefresh
INFO: Refreshing org.springframework.context.support.ClassPathXmlApplicationContext@672a67a3: startup date [Tue Oct 10 17:04:02 EDT 2017]; root of context hierarchy
Oct 10, 2017 5:04:02 PM org.springframework.beans.factory.xml.XmlBeanDefinitionReader loadBeanDefinitions
INFO: Loading XML bean definitions from class path resource [applicationContext.xml]
Oct 10, 2017 5:04:02 PM org.springframework.context.support.ClassPathXmlApplicationContext prepareRefresh
INFO: Refreshing org.springframework.context.support.ClassPathXmlApplicationContext@5c8cde40: startup date [Tue Oct 10 17:04:02 EDT 2017]; root of context hierarchy
Oct 10, 2017 5:04:02 PM org.springframework.beans.factory.xml.XmlBeanDefinitionReader loadBeanDefinitions
INFO: Loading XML bean definitions from class path resource [applicationContext.xml]
Oct 10, 2017 5:04:02 PM org.springframework.context.support.ClassPathXmlApplicationContext prepareRefresh
INFO: Refreshing org.springframework.context.support.ClassPathXmlApplicationContext@6606a1e7: startup date [Tue Oct 10 17:04:02 EDT 2017]; root of context hierarchy
Oct 10, 2017 5:04:02 PM org.springframework.beans.factory.xml.XmlBeanDefinitionReader loadBeanDefinitions
INFO: Loading XML bean definitions from class path resource [applicationContext.xml]
Oct 10, 2017 5:04:02 PM org.springframework.context.support.ClassPathXmlApplicationContext prepareRefresh
INFO: Refreshing org.springframework.context.support.ClassPathXmlApplicationContext@11901aee: startup date [Tue Oct 10 17:04:02 EDT 2017]; root of context hierarchy
Oct 10, 2017 5:04:02 PM org.springframework.beans.factory.xml.XmlBeanDefinitionReader loadBeanDefinitions
INFO: Loading XML bean definitions from class path resource [applicationContext.xml]
Oct 10, 2017 5:04:02 PM org.springframework.context.support.ClassPathXmlApplicationContext prepareRefresh
INFO: Refreshing org.springframework.context.support.ClassPathXmlApplicationContext@7493b1fa: startup date [Tue Oct 10 17:04:02 EDT 2017]; root of context hierarchy
Oct 10, 2017 5:04:02 PM org.springframework.beans.factory.xml.XmlBeanDefinitionReader loadBeanDefinitions
INFO: Loading XML bean definitions from class path resource [applicationContext.xml]
Oct 10, 2017 5:04:02 PM org.springframework.context.support.ClassPathXmlApplicationContext prepareRefresh
INFO: Refreshing org.springframework.context.support.ClassPathXmlApplicationContext@2bc21d78: startup date [Tue Oct 10 17:04:02 EDT 2017]; root of context hierarchy
Oct 10, 2017 5:04:02 PM org.springframework.beans.factory.xml.XmlBeanDefinitionReader loadBeanDefinitions
INFO: Loading XML bean definitions from class path resource [applicationContext.xml]
Oct 10, 2017 5:04:02 PM org.springframework.context.support.ClassPathXmlApplicationContext prepareRefresh
INFO: Refreshing org.springframework.context.support.ClassPathXmlApplicationContext@8d17fdc: startup date [Tue Oct 10 17:04:02 EDT 2017]; root of context hierarchy
Oct 10, 2017 5:04:02 PM org.springframework.beans.factory.xml.XmlBeanDefinitionReader loadBeanDefinitions
INFO: Loading XML bean definitions from class path resource [applicationContext.xml]
Oct 10, 2017 5:04:02 PM org.springframework.context.support.ClassPathXmlApplicationContext prepareRefresh
INFO: Refreshing org.springframework.context.support.ClassPathXmlApplicationContext@67b94c82: startup date [Tue Oct 10 17:04:02 EDT 2017]; root of context hierarchy
Oct 10, 2017 5:04:02 PM org.springframework.beans.factory.xml.XmlBeanDefinitionReader loadBeanDefinitions
INFO: Loading XML bean definitions from class path resource [applicationContext.xml]
Oct 10, 2017 5:04:02 PM org.springframework.context.support.ClassPathXmlApplicationContext prepareRefresh
INFO: Refreshing org.springframework.context.support.ClassPathXmlApplicationContext@7e745074: startup date [Tue Oct 10 17:04:02 EDT 2017]; root of context hierarchy
Oct 10, 2017 5:04:02 PM org.springframework.beans.factory.xml.XmlBeanDefinitionReader loadBeanDefinitions
INFO: Loading XML bean definitions from class path resource [applicationContext.xml]
Oct 10, 2017 5:04:02 PM org.springframework.context.support.ClassPathXmlApplicationContext prepareRefresh
INFO: Refreshing org.springframework.context.support.ClassPathXmlApplicationContext@72ca2e32: startup date [Tue Oct 10 17:04:02 EDT 2017]; root of context hierarchy
Oct 10, 2017 5:04:02 PM org.springframework.beans.factory.xml.XmlBeanDefinitionReader loadBeanDefinitions
INFO: Loading XML bean definitions from class path resource [applicationContext.xml]
Oct 10, 2017 5:04:02 PM org.springframework.context.support.ClassPathXmlApplicationContext prepareRefresh
INFO: Refreshing org.springframework.context.support.ClassPathXmlApplicationContext@4c73cb25: startup date [Tue Oct 10 17:04:02 EDT 2017]; root of context hierarchy
Oct 10, 2017 5:04:02 PM org.springframework.beans.factory.xml.XmlBeanDefinitionReader loadBeanDefinitions
INFO: Loading XML bean definitions from class path resource [applicationContext.xml]
Oct 10, 2017 5:04:02 PM org.springframework.context.support.ClassPathXmlApplicationContext prepareRefresh
INFO: Refreshing org.springframework.context.support.ClassPathXmlApplicationContext@29d453af: startup date [Tue Oct 10 17:04:02 EDT 2017]; root of context hierarchy
Oct 10, 2017 5:04:02 PM org.springframework.beans.factory.xml.XmlBeanDefinitionReader loadBeanDefinitions
INFO: Loading XML bean definitions from class path resource [applicationContext.xml]
Oct 10, 2017 5:04:02 PM org.springframework.context.support.ClassPathXmlApplicationContext prepareRefresh
INFO: Refreshing org.springframework.context.support.ClassPathXmlApplicationContext@3b76fc1c: startup date [Tue Oct 10 17:04:02 EDT 2017]; root of context hierarchy
Oct 10, 2017 5:04:02 PM org.springframework.beans.factory.xml.XmlBeanDefinitionReader loadBeanDefinitions
INFO: Loading XML bean definitions from class path resource [applicationContext.xml]
Oct 10, 2017 5:04:02 PM org.springframework.context.support.ClassPathXmlApplicationContext prepareRefresh
INFO: Refreshing org.springframework.context.support.ClassPathXmlApplicationContext@54b412d5: startup date [Tue Oct 10 17:04:02 EDT 2017]; root of context hierarchy
Oct 10, 2017 5:04:02 PM org.springframework.beans.factory.xml.XmlBeanDefinitionReader loadBeanDefinitions
INFO: Loading XML bean definitions from class path resource [applicationContext.xml]
Oct 10, 2017 5:04:02 PM org.springframework.context.support.ClassPathXmlApplicationContext prepareRefresh
INFO: Refreshing org.springframework.context.support.ClassPathXmlApplicationContext@58c6c10b: startup date [Tue Oct 10 17:04:02 EDT 2017]; root of context hierarchy
Oct 10, 2017 5:04:02 PM org.springframework.beans.factory.xml.XmlBeanDefinitionReader loadBeanDefinitions
INFO: Loading XML bean definitions from class path resource [applicationContext.xml]
Oct 10, 2017 5:04:02 PM org.springframework.context.support.ClassPathXmlApplicationContext prepareRefresh
INFO: Refreshing org.springframework.context.support.ClassPathXmlApplicationContext@7869f0d: startup date [Tue Oct 10 17:04:02 EDT 2017]; root of context hierarchy
Oct 10, 2017 5:04:02 PM org.springframework.beans.factory.xml.XmlBeanDefinitionReader loadBeanDefinitions
INFO: Loading XML bean definitions from class path resource [applicationContext.xml]
Oct 10, 2017 5:04:02 PM org.springframework.context.support.ClassPathXmlApplicationContext prepareRefresh
INFO: Refreshing org.springframework.context.support.ClassPathXmlApplicationContext@4434fe00: startup date [Tue Oct 10 17:04:02 EDT 2017]; root of context hierarchy
Oct 10, 2017 5:04:02 PM org.springframework.beans.factory.xml.XmlBeanDefinitionReader loadBeanDefinitions
INFO: Loading XML bean definitions from class path resource [applicationContext.xml]
Oct 10, 2017 5:04:02 PM org.springframework.context.support.ClassPathXmlApplicationContext prepareRefresh
INFO: Refreshing org.springframework.context.support.ClassPathXmlApplicationContext@3f0b3f7d: startup date [Tue Oct 10 17:04:02 EDT 2017]; root of context hierarchy
Oct 10, 2017 5:04:02 PM org.springframework.beans.factory.xml.XmlBeanDefinitionReader loadBeanDefinitions
INFO: Loading XML bean definitions from class path resource [applicationContext.xml]
Oct 10, 2017 5:04:02 PM org.springframework.context.support.ClassPathXmlApplicationContext prepareRefresh
INFO: Refreshing org.springframework.context.support.ClassPathXmlApplicationContext@5aef8bc5: startup date [Tue Oct 10 17:04:02 EDT 2017]; root of context hierarchy
Oct 10, 2017 5:04:02 PM org.springframework.beans.factory.xml.XmlBeanDefinitionReader loadBeanDefinitions
INFO: Loading XML bean definitions from class path resource [applicationContext.xml]
Oct 10, 2017 5:04:02 PM org.springframework.context.support.ClassPathXmlApplicationContext prepareRefresh
INFO: Refreshing org.springframework.context.support.ClassPathXmlApplicationContext@25927498: startup date [Tue Oct 10 17:04:02 EDT 2017]; root of context hierarchy
Oct 10, 2017 5:04:02 PM org.springframework.beans.factory.xml.XmlBeanDefinitionReader loadBeanDefinitions
INFO: Loading XML bean definitions from class path resource [applicationContext.xml]
Oct 10, 2017 5:04:02 PM org.springframework.context.support.ClassPathXmlApplicationContext prepareRefresh
INFO: Refreshing org.springframework.context.support.ClassPathXmlApplicationContext@d3a3d3c: startup date [Tue Oct 10 17:04:02 EDT 2017]; root of context hierarchy
Oct 10, 2017 5:04:02 PM org.springframework.beans.factory.xml.XmlBeanDefinitionReader loadBeanDefinitions
INFO: Loading XML bean definitions from class path resource [applicationContext.xml]
Oct 10, 2017 5:04:02 PM org.springframework.context.support.ClassPathXmlApplicationContext prepareRefresh
INFO: Refreshing org.springframework.context.support.ClassPathXmlApplicationContext@52d4fb89: startup date [Tue Oct 10 17:04:02 EDT 2017]; root of context hierarchy
Oct 10, 2017 5:04:02 PM org.springframework.beans.factory.xml.XmlBeanDefinitionReader loadBeanDefinitions
INFO: Loading XML bean definitions from class path resource [applicationContext.xml]
Oct 10, 2017 5:04:02 PM org.springframework.context.support.ClassPathXmlApplicationContext prepareRefresh
INFO: Refreshing org.springframework.context.support.ClassPathXmlApplicationContext@62ea502d: startup date [Tue Oct 10 17:04:02 EDT 2017]; root of context hierarchy
Oct 10, 2017 5:04:02 PM org.springframework.beans.factory.xml.XmlBeanDefinitionReader loadBeanDefinitions
INFO: Loading XML bean definitions from class path resource [applicationContext.xml]
Oct 10, 2017 5:04:02 PM org.springframework.context.support.ClassPathXmlApplicationContext prepareRefresh
INFO: Refreshing org.springframework.context.support.ClassPathXmlApplicationContext@7f936eab: startup date [Tue Oct 10 17:04:02 EDT 2017]; root of context hierarchy
Oct 10, 2017 5:04:02 PM org.springframework.beans.factory.xml.XmlBeanDefinitionReader loadBeanDefinitions
INFO: Loading XML bean definitions from class path resource [applicationContext.xml]
Oct 10, 2017 5:04:02 PM org.springframework.context.support.ClassPathXmlApplicationContext prepareRefresh
INFO: Refreshing org.springframework.context.support.ClassPathXmlApplicationContext@7af4bbf: startup date [Tue Oct 10 17:04:02 EDT 2017]; root of context hierarchy
Oct 10, 2017 5:04:02 PM org.springframework.beans.factory.xml.XmlBeanDefinitionReader loadBeanDefinitions
INFO: Loading XML bean definitions from class path resource [applicationContext.xml]
Oct 10, 2017 5:04:02 PM org.springframework.context.support.ClassPathXmlApplicationContext prepareRefresh
INFO: Refreshing org.springframework.context.support.ClassPathXmlApplicationContext@3e10bae2: startup date [Tue Oct 10 17:04:02 EDT 2017]; root of context hierarchy
Oct 10, 2017 5:04:02 PM org.springframework.beans.factory.xml.XmlBeanDefinitionReader loadBeanDefinitions
INFO: Loading XML bean definitions from class path resource [applicationContext.xml]
Oct 10, 2017 5:04:02 PM org.springframework.context.support.ClassPathXmlApplicationContext prepareRefresh
INFO: Refreshing org.springframework.context.support.ClassPathXmlApplicationContext@62d8ba50: startup date [Tue Oct 10 17:04:02 EDT 2017]; root of context hierarchy
Oct 10, 2017 5:04:02 PM org.springframework.beans.factory.xml.XmlBeanDefinitionReader loadBeanDefinitions
INFO: Loading XML bean definitions from class path resource [applicationContext.xml]
Oct 10, 2017 5:04:02 PM org.springframework.context.support.ClassPathXmlApplicationContext prepareRefresh
INFO: Refreshing org.springframework.context.support.ClassPathXmlApplicationContext@357c4703: startup date [Tue Oct 10 17:04:02 EDT 2017]; root of context hierarchy
Oct 10, 2017 5:04:02 PM org.springframework.beans.factory.xml.XmlBeanDefinitionReader loadBeanDefinitions
INFO: Loading XML bean definitions from class path resource [applicationContext.xml]
Oct 10, 2017 5:04:02 PM org.springframework.context.support.ClassPathXmlApplicationContext prepareRefresh
INFO: Refreshing org.springframework.context.support.ClassPathXmlApplicationContext@13bec786: startup date [Tue Oct 10 17:04:02 EDT 2017]; root of context hierarchy
Oct 10, 2017 5:04:02 PM org.springframework.beans.factory.xml.XmlBeanDefinitionReader loadBeanDefinitions
INFO: Loading XML bean definitions from class path resource [applicationContext.xml]
Oct 10, 2017 5:04:02 PM org.springframework.context.support.ClassPathXmlApplicationContext prepareRefresh
INFO: Refreshing org.springframework.context.support.ClassPathXmlApplicationContext@2042277a: startup date [Tue Oct 10 17:04:02 EDT 2017]; root of context hierarchy
Oct 10, 2017 5:04:02 PM org.springframework.beans.factory.xml.XmlBeanDefinitionReader loadBeanDefinitions
INFO: Loading XML bean definitions from class path resource [applicationContext.xml]
Oct 10, 2017 5:04:02 PM org.springframework.context.support.ClassPathXmlApplicationContext prepareRefresh
INFO: Refreshing org.springframework.context.support.ClassPathXmlApplicationContext@33e4bb63: startup date [Tue Oct 10 17:04:02 EDT 2017]; root of context hierarchy
Oct 10, 2017 5:04:02 PM org.springframework.beans.factory.xml.XmlBeanDefinitionReader loadBeanDefinitions
INFO: Loading XML bean definitions from class path resource [applicationContext.xml]
Oct 10, 2017 5:04:02 PM org.springframework.context.support.ClassPathXmlApplicationContext prepareRefresh
INFO: Refreshing org.springframework.context.support.ClassPathXmlApplicationContext@428a3d99: startup date [Tue Oct 10 17:04:02 EDT 2017]; root of context hierarchy
Oct 10, 2017 5:04:02 PM org.springframework.beans.factory.xml.XmlBeanDefinitionReader loadBeanDefinitions
INFO: Loading XML bean definitions from class path resource [applicationContext.xml]
Oct 10, 2017 5:04:02 PM org.springframework.context.support.ClassPathXmlApplicationContext prepareRefresh
INFO: Refreshing org.springframework.context.support.ClassPathXmlApplicationContext@3f3fe235: startup date [Tue Oct 10 17:04:02 EDT 2017]; root of context hierarchy
Oct 10, 2017 5:04:02 PM org.springframework.beans.factory.xml.XmlBeanDefinitionReader loadBeanDefinitions
INFO: Loading XML bean definitions from class path resource [applicationContext.xml]
Oct 10, 2017 5:04:02 PM org.springframework.context.support.ClassPathXmlApplicationContext prepareRefresh
INFO: Refreshing org.springframework.context.support.ClassPathXmlApplicationContext@36e85d6: startup date [Tue Oct 10 17:04:02 EDT 2017]; root of context hierarchy
Oct 10, 2017 5:04:02 PM org.springframework.beans.factory.xml.XmlBeanDefinitionReader loadBeanDefinitions
INFO: Loading XML bean definitions from class path resource [applicationContext.xml]
Oct 10, 2017 5:04:02 PM org.springframework.context.support.ClassPathXmlApplicationContext prepareRefresh
INFO: Refreshing org.springframework.context.support.ClassPathXmlApplicationContext@2a28d7b1: startup date [Tue Oct 10 17:04:02 EDT 2017]; root of context hierarchy
Oct 10, 2017 5:04:02 PM org.springframework.beans.factory.xml.XmlBeanDefinitionReader loadBeanDefinitions
INFO: Loading XML bean definitions from class path resource [applicationContext.xml]
Oct 10, 2017 5:04:02 PM org.springframework.context.support.ClassPathXmlApplicationContext prepareRefresh
INFO: Refreshing org.springframework.context.support.ClassPathXmlApplicationContext@7b2bee77: startup date [Tue Oct 10 17:04:02 EDT 2017]; root of context hierarchy
Oct 10, 2017 5:04:02 PM org.springframework.beans.factory.xml.XmlBeanDefinitionReader loadBeanDefinitions
INFO: Loading XML bean definitions from class path resource [applicationContext.xml]
Oct 10, 2017 5:04:02 PM org.springframework.context.support.ClassPathXmlApplicationContext prepareRefresh
INFO: Refreshing org.springframework.context.support.ClassPathXmlApplicationContext@55d5291: startup date [Tue Oct 10 17:04:02 EDT 2017]; root of context hierarchy
Oct 10, 2017 5:04:02 PM org.springframework.beans.factory.xml.XmlBeanDefinitionReader loadBeanDefinitions
INFO: Loading XML bean definitions from class path resource [applicationContext.xml]
Oct 10, 2017 5:04:02 PM org.springframework.context.support.ClassPathXmlApplicationContext prepareRefresh
INFO: Refreshing org.springframework.context.support.ClassPathXmlApplicationContext@5ee4901: startup date [Tue Oct 10 17:04:02 EDT 2017]; root of context hierarchy
Oct 10, 2017 5:04:02 PM org.springframework.beans.factory.xml.XmlBeanDefinitionReader loadBeanDefinitions
INFO: Loading XML bean definitions from class path resource [applicationContext.xml]
Oct 10, 2017 5:04:02 PM org.springframework.context.support.ClassPathXmlApplicationContext prepareRefresh
INFO: Refreshing org.springframework.context.support.ClassPathXmlApplicationContext@13ce7c29: startup date [Tue Oct 10 17:04:02 EDT 2017]; root of context hierarchy
Oct 10, 2017 5:04:02 PM org.springframework.beans.factory.xml.XmlBeanDefinitionReader loadBeanDefinitions
INFO: Loading XML bean definitions from class path resource [applicationContext.xml]
Oct 10, 2017 5:04:02 PM org.springframework.context.support.ClassPathXmlApplicationContext prepareRefresh
INFO: Refreshing org.springframework.context.support.ClassPathXmlApplicationContext@381be2c: startup date [Tue Oct 10 17:04:02 EDT 2017]; root of context hierarchy
Oct 10, 2017 5:04:02 PM org.springframework.beans.factory.xml.XmlBeanDefinitionReader loadBeanDefinitions
INFO: Loading XML bean definitions from class path resource [applicationContext.xml]
Oct 10, 2017 5:04:02 PM org.springframework.context.support.ClassPathXmlApplicationContext prepareRefresh
INFO: Refreshing org.springframework.context.support.ClassPathXmlApplicationContext@3b187ebb: startup date [Tue Oct 10 17:04:02 EDT 2017]; root of context hierarchy
Oct 10, 2017 5:04:02 PM org.springframework.beans.factory.xml.XmlBeanDefinitionReader loadBeanDefinitions
INFO: Loading XML bean definitions from class path resource [applicationContext.xml]
Oct 10, 2017 5:04:02 PM org.springframework.context.support.ClassPathXmlApplicationContext prepareRefresh
INFO: Refreshing org.springframework.context.support.ClassPathXmlApplicationContext@46689c8e: startup date [Tue Oct 10 17:04:02 EDT 2017]; root of context hierarchy
Oct 10, 2017 5:04:02 PM org.springframework.beans.factory.xml.XmlBeanDefinitionReader loadBeanDefinitions
INFO: Loading XML bean definitions from class path resource [applicationContext.xml]
Oct 10, 2017 5:04:02 PM org.springframework.context.support.ClassPathXmlApplicationContext prepareRefresh
INFO: Refreshing org.springframework.context.support.ClassPathXmlApplicationContext@7a4fbe13: startup date [Tue Oct 10 17:04:02 EDT 2017]; root of context hierarchy
Oct 10, 2017 5:04:02 PM org.springframework.beans.factory.xml.XmlBeanDefinitionReader loadBeanDefinitions
INFO: Loading XML bean definitions from class path resource [applicationContext.xml]
Oct 10, 2017 5:04:02 PM org.springframework.context.support.ClassPathXmlApplicationContext prepareRefresh
INFO: Refreshing org.springframework.context.support.ClassPathXmlApplicationContext@4b3d721a: startup date [Tue Oct 10 17:04:02 EDT 2017]; root of context hierarchy
Oct 10, 2017 5:04:02 PM org.springframework.beans.factory.xml.XmlBeanDefinitionReader loadBeanDefinitions
INFO: Loading XML bean definitions from class path resource [applicationContext.xml]
Oct 10, 2017 5:04:02 PM org.springframework.context.support.ClassPathXmlApplicationContext prepareRefresh
INFO: Refreshing org.springframework.context.support.ClassPathXmlApplicationContext@51dbcda9: startup date [Tue Oct 10 17:04:02 EDT 2017]; root of context hierarchy
Oct 10, 2017 5:04:02 PM org.springframework.beans.factory.xml.XmlBeanDefinitionReader loadBeanDefinitions
INFO: Loading XML bean definitions from class path resource [applicationContext.xml]
Oct 10, 2017 5:04:02 PM org.springframework.context.support.ClassPathXmlApplicationContext prepareRefresh
INFO: Refreshing org.springframework.context.support.ClassPathXmlApplicationContext@aa1b94f: startup date [Tue Oct 10 17:04:02 EDT 2017]; root of context hierarchy
Oct 10, 2017 5:04:02 PM org.springframework.beans.factory.xml.XmlBeanDefinitionReader loadBeanDefinitions
INFO: Loading XML bean definitions from class path resource [applicationContext.xml]
Oct 10, 2017 5:04:02 PM org.springframework.context.support.ClassPathXmlApplicationContext prepareRefresh
INFO: Refreshing org.springframework.context.support.ClassPathXmlApplicationContext@7326d276: startup date [Tue Oct 10 17:04:02 EDT 2017]; root of context hierarchy
Oct 10, 2017 5:04:02 PM org.springframework.beans.factory.xml.XmlBeanDefinitionReader loadBeanDefinitions
INFO: Loading XML bean definitions from class path resource [applicationContext.xml]
Oct 10, 2017 5:04:02 PM org.springframework.context.support.ClassPathXmlApplicationContext prepareRefresh
INFO: Refreshing org.springframework.context.support.ClassPathXmlApplicationContext@25b5055a: startup date [Tue Oct 10 17:04:02 EDT 2017]; root of context hierarchy
Oct 10, 2017 5:04:02 PM org.springframework.beans.factory.xml.XmlBeanDefinitionReader loadBeanDefinitions
INFO: Loading XML bean definitions from class path resource [applicationContext.xml]
Oct 10, 2017 5:04:02 PM org.springframework.context.support.ClassPathXmlApplicationContext prepareRefresh
INFO: Refreshing org.springframework.context.support.ClassPathXmlApplicationContext@6e24ddce: startup date [Tue Oct 10 17:04:02 EDT 2017]; root of context hierarchy
Oct 10, 2017 5:04:02 PM org.springframework.beans.factory.xml.XmlBeanDefinitionReader loadBeanDefinitions
INFO: Loading XML bean definitions from class path resource [applicationContext.xml]
Oct 10, 2017 5:04:02 PM org.springframework.context.support.ClassPathXmlApplicationContext prepareRefresh
INFO: Refreshing org.springframework.context.support.ClassPathXmlApplicationContext@40fd5219: startup date [Tue Oct 10 17:04:02 EDT 2017]; root of context hierarchy
Oct 10, 2017 5:04:02 PM org.springframework.beans.factory.xml.XmlBeanDefinitionReader loadBeanDefinitions
INFO: Loading XML bean definitions from class path resource [applicationContext.xml]
Oct 10, 2017 5:04:02 PM org.springframework.context.support.ClassPathXmlApplicationContext prepareRefresh
INFO: Refreshing org.springframework.context.support.ClassPathXmlApplicationContext@201c340d: startup date [Tue Oct 10 17:04:02 EDT 2017]; root of context hierarchy
Oct 10, 2017 5:04:02 PM org.springframework.beans.factory.xml.XmlBeanDefinitionReader loadBeanDefinitions
INFO: Loading XML bean definitions from class path resource [applicationContext.xml]
Oct 10, 2017 5:04:02 PM org.springframework.context.support.ClassPathXmlApplicationContext prepareRefresh
INFO: Refreshing org.springframework.context.support.ClassPathXmlApplicationContext@59d6832e: startup date [Tue Oct 10 17:04:02 EDT 2017]; root of context hierarchy
Oct 10, 2017 5:04:02 PM org.springframework.beans.factory.xml.XmlBeanDefinitionReader loadBeanDefinitions
INFO: Loading XML bean definitions from class path resource [applicationContext.xml]
Oct 10, 2017 5:04:02 PM org.springframework.context.support.ClassPathXmlApplicationContext prepareRefresh
INFO: Refreshing org.springframework.context.support.ClassPathXmlApplicationContext@14611af1: startup date [Tue Oct 10 17:04:02 EDT 2017]; root of context hierarchy
Oct 10, 2017 5:04:02 PM org.springframework.beans.factory.xml.XmlBeanDefinitionReader loadBeanDefinitions
INFO: Loading XML bean definitions from class path resource [applicationContext.xml]
Oct 10, 2017 5:04:02 PM org.springframework.context.support.ClassPathXmlApplicationContext prepareRefresh
INFO: Refreshing org.springframework.context.support.ClassPathXmlApplicationContext@5c42f2c4: startup date [Tue Oct 10 17:04:02 EDT 2017]; root of context hierarchy
Oct 10, 2017 5:04:02 PM org.springframework.beans.factory.xml.XmlBeanDefinitionReader loadBeanDefinitions
INFO: Loading XML bean definitions from class path resource [applicationContext.xml]
Oct 10, 2017 5:04:02 PM org.springframework.context.support.ClassPathXmlApplicationContext prepareRefresh
INFO: Refreshing org.springframework.context.support.ClassPathXmlApplicationContext@457ebeb7: startup date [Tue Oct 10 17:04:02 EDT 2017]; root of context hierarchy
Oct 10, 2017 5:04:02 PM org.springframework.beans.factory.xml.XmlBeanDefinitionReader loadBeanDefinitions
INFO: Loading XML bean definitions from class path resource [applicationContext.xml]
Oct 10, 2017 5:04:03 PM org.springframework.context.support.ClassPathXmlApplicationContext prepareRefresh
INFO: Refreshing org.springframework.context.support.ClassPathXmlApplicationContext@bceb893: startup date [Tue Oct 10 17:04:03 EDT 2017]; root of context hierarchy
Oct 10, 2017 5:04:03 PM org.springframework.beans.factory.xml.XmlBeanDefinitionReader loadBeanDefinitions
INFO: Loading XML bean definitions from class path resource [applicationContext.xml]
Oct 10, 2017 5:04:03 PM org.springframework.context.support.ClassPathXmlApplicationContext prepareRefresh
INFO: Refreshing org.springframework.context.support.ClassPathXmlApplicationContext@edafa28: startup date [Tue Oct 10 17:04:03 EDT 2017]; root of context hierarchy
Oct 10, 2017 5:04:03 PM org.springframework.beans.factory.xml.XmlBeanDefinitionReader loadBeanDefinitions
INFO: Loading XML bean definitions from class path resource [applicationContext.xml]
Oct 10, 2017 5:04:03 PM org.springframework.context.support.ClassPathXmlApplicationContext prepareRefresh
INFO: Refreshing org.springframework.context.support.ClassPathXmlApplicationContext@1576909f: startup date [Tue Oct 10 17:04:03 EDT 2017]; root of context hierarchy
Oct 10, 2017 5:04:03 PM org.springframework.beans.factory.xml.XmlBeanDefinitionReader loadBeanDefinitions
INFO: Loading XML bean definitions from class path resource [applicationContext.xml]
Oct 10, 2017 5:04:03 PM org.springframework.context.support.ClassPathXmlApplicationContext prepareRefresh
INFO: Refreshing org.springframework.context.support.ClassPathXmlApplicationContext@7d40accf: startup date [Tue Oct 10 17:04:03 EDT 2017]; root of context hierarchy
Oct 10, 2017 5:04:03 PM org.springframework.beans.factory.xml.XmlBeanDefinitionReader loadBeanDefinitions
INFO: Loading XML bean definitions from class path resource [applicationContext.xml]
Oct 10, 2017 5:04:03 PM org.springframework.context.support.ClassPathXmlApplicationContext prepareRefresh
INFO: Refreshing org.springframework.context.support.ClassPathXmlApplicationContext@2dd5119d: startup date [Tue Oct 10 17:04:03 EDT 2017]; root of context hierarchy
Oct 10, 2017 5:04:03 PM org.springframework.beans.factory.xml.XmlBeanDefinitionReader loadBeanDefinitions
INFO: Loading XML bean definitions from class path resource [applicationContext.xml]
Oct 10, 2017 5:04:03 PM org.springframework.context.support.ClassPathXmlApplicationContext prepareRefresh
INFO: Refreshing org.springframework.context.support.ClassPathXmlApplicationContext@464d7370: startup date [Tue Oct 10 17:04:03 EDT 2017]; root of context hierarchy
Oct 10, 2017 5:04:03 PM org.springframework.beans.factory.xml.XmlBeanDefinitionReader loadBeanDefinitions
INFO: Loading XML bean definitions from class path resource [applicationContext.xml]
Oct 10, 2017 5:04:03 PM org.springframework.context.support.ClassPathXmlApplicationContext prepareRefresh
INFO: Refreshing org.springframework.context.support.ClassPathXmlApplicationContext@3ba9ac2a: startup date [Tue Oct 10 17:04:03 EDT 2017]; root of context hierarchy
Oct 10, 2017 5:04:03 PM org.springframework.beans.factory.xml.XmlBeanDefinitionReader loadBeanDefinitions
INFO: Loading XML bean definitions from class path resource [applicationContext.xml]
Oct 10, 2017 5:04:03 PM org.springframework.context.support.ClassPathXmlApplicationContext prepareRefresh
INFO: Refreshing org.springframework.context.support.ClassPathXmlApplicationContext@1f2585a: startup date [Tue Oct 10 17:04:03 EDT 2017]; root of context hierarchy
Oct 10, 2017 5:04:03 PM org.springframework.beans.factory.xml.XmlBeanDefinitionReader loadBeanDefinitions
INFO: Loading XML bean definitions from class path resource [applicationContext.xml]
Oct 10, 2017 5:04:03 PM org.springframework.context.support.ClassPathXmlApplicationContext prepareRefresh
INFO: Refreshing org.springframework.context.support.ClassPathXmlApplicationContext@39e9f43f: startup date [Tue Oct 10 17:04:03 EDT 2017]; root of context hierarchy
Oct 10, 2017 5:04:03 PM org.springframework.beans.factory.xml.XmlBeanDefinitionReader loadBeanDefinitions
INFO: Loading XML bean definitions from class path resource [applicationContext.xml]
Oct 10, 2017 5:04:03 PM org.springframework.context.support.ClassPathXmlApplicationContext prepareRefresh
INFO: Refreshing org.springframework.context.support.ClassPathXmlApplicationContext@2a9718: startup date [Tue Oct 10 17:04:03 EDT 2017]; root of context hierarchy
Oct 10, 2017 5:04:03 PM org.springframework.beans.factory.xml.XmlBeanDefinitionReader loadBeanDefinitions
INFO: Loading XML bean definitions from class path resource [applicationContext.xml]
Oct 10, 2017 5:04:03 PM org.springframework.context.support.ClassPathXmlApplicationContext prepareRefresh
INFO: Refreshing org.springframework.context.support.ClassPathXmlApplicationContext@25339016: startup date [Tue Oct 10 17:04:03 EDT 2017]; root of context hierarchy
Oct 10, 2017 5:04:03 PM org.springframework.beans.factory.xml.XmlBeanDefinitionReader loadBeanDefinitions
INFO: Loading XML bean definitions from class path resource [applicationContext.xml]
Oct 10, 2017 5:04:03 PM org.springframework.context.support.ClassPathXmlApplicationContext prepareRefresh
INFO: Refreshing org.springframework.context.support.ClassPathXmlApplicationContext@ae39e2c: startup date [Tue Oct 10 17:04:03 EDT 2017]; root of context hierarchy
Oct 10, 2017 5:04:03 PM org.springframework.beans.factory.xml.XmlBeanDefinitionReader loadBeanDefinitions
INFO: Loading XML bean definitions from class path resource [applicationContext.xml]
Oct 10, 2017 5:04:03 PM org.springframework.context.support.ClassPathXmlApplicationContext prepareRefresh
INFO: Refreshing org.springframework.context.support.ClassPathXmlApplicationContext@2c89b48a: startup date [Tue Oct 10 17:04:03 EDT 2017]; root of context hierarchy
Oct 10, 2017 5:04:03 PM org.springframework.beans.factory.xml.XmlBeanDefinitionReader loadBeanDefinitions
INFO: Loading XML bean definitions from class path resource [applicationContext.xml]
Oct 10, 2017 5:04:03 PM org.springframework.context.support.ClassPathXmlApplicationContext prepareRefresh
INFO: Refreshing org.springframework.context.support.ClassPathXmlApplicationContext@5f757e40: startup date [Tue Oct 10 17:04:03 EDT 2017]; root of context hierarchy
Oct 10, 2017 5:04:03 PM org.springframework.beans.factory.xml.XmlBeanDefinitionReader loadBeanDefinitions
INFO: Loading XML bean definitions from class path resource [applicationContext.xml]
Oct 10, 2017 5:04:03 PM org.springframework.context.support.ClassPathXmlApplicationContext prepareRefresh
INFO: Refreshing org.springframework.context.support.ClassPathXmlApplicationContext@69a6ee8d: startup date [Tue Oct 10 17:04:03 EDT 2017]; root of context hierarchy
Oct 10, 2017 5:04:03 PM org.springframework.beans.factory.xml.XmlBeanDefinitionReader loadBeanDefinitions
INFO: Loading XML bean definitions from class path resource [applicationContext.xml]
Oct 10, 2017 5:04:03 PM org.springframework.context.support.ClassPathXmlApplicationContext prepareRefresh
INFO: Refreshing org.springframework.context.support.ClassPathXmlApplicationContext@5bcebaff: startup date [Tue Oct 10 17:04:03 EDT 2017]; root of context hierarchy
Oct 10, 2017 5:04:03 PM org.springframework.beans.factory.xml.XmlBeanDefinitionReader loadBeanDefinitions
INFO: Loading XML bean definitions from class path resource [applicationContext.xml]
Oct 10, 2017 5:04:03 PM org.springframework.context.support.ClassPathXmlApplicationContext prepareRefresh
INFO: Refreshing org.springframework.context.support.ClassPathXmlApplicationContext@48d09ca1: startup date [Tue Oct 10 17:04:03 EDT 2017]; root of context hierarchy
Oct 10, 2017 5:04:03 PM org.springframework.beans.factory.xml.XmlBeanDefinitionReader loadBeanDefinitions
INFO: Loading XML bean definitions from class path resource [applicationContext.xml]
Oct 10, 2017 5:04:03 PM org.springframework.context.support.ClassPathXmlApplicationContext prepareRefresh
INFO: Refreshing org.springframework.context.support.ClassPathXmlApplicationContext@4a7f78d2: startup date [Tue Oct 10 17:04:03 EDT 2017]; root of context hierarchy
Oct 10, 2017 5:04:03 PM org.springframework.beans.factory.xml.XmlBeanDefinitionReader loadBeanDefinitions
INFO: Loading XML bean definitions from class path resource [applicationContext.xml]
Oct 10, 2017 5:04:03 PM org.springframework.context.support.ClassPathXmlApplicationContext prepareRefresh
INFO: Refreshing org.springframework.context.support.ClassPathXmlApplicationContext@793bb352: startup date [Tue Oct 10 17:04:03 EDT 2017]; root of context hierarchy
Oct 10, 2017 5:04:03 PM org.springframework.beans.factory.xml.XmlBeanDefinitionReader loadBeanDefinitions
INFO: Loading XML bean definitions from class path resource [applicationContext.xml]
Oct 10, 2017 5:04:03 PM org.springframework.context.support.ClassPathXmlApplicationContext prepareRefresh
INFO: Refreshing org.springframework.context.support.ClassPathXmlApplicationContext@633a0038: startup date [Tue Oct 10 17:04:03 EDT 2017]; root of context hierarchy
Oct 10, 2017 5:04:03 PM org.springframework.beans.factory.xml.XmlBeanDefinitionReader loadBeanDefinitions
INFO: Loading XML bean definitions from class path resource [applicationContext.xml]
Oct 10, 2017 5:04:03 PM org.springframework.context.support.ClassPathXmlApplicationContext prepareRefresh
INFO: Refreshing org.springframework.context.support.ClassPathXmlApplicationContext@34ba3ecb: startup date [Tue Oct 10 17:04:03 EDT 2017]; root of context hierarchy
Oct 10, 2017 5:04:03 PM org.springframework.beans.factory.xml.XmlBeanDefinitionReader loadBeanDefinitions
INFO: Loading XML bean definitions from class path resource [applicationContext.xml]
Oct 10, 2017 5:04:03 PM org.springframework.context.support.ClassPathXmlApplicationContext prepareRefresh
INFO: Refreshing org.springframework.context.support.ClassPathXmlApplicationContext@1b0681d5: startup date [Tue Oct 10 17:04:03 EDT 2017]; root of context hierarchy
Oct 10, 2017 5:04:03 PM org.springframework.beans.factory.xml.XmlBeanDefinitionReader loadBeanDefinitions
INFO: Loading XML bean definitions from class path resource [applicationContext.xml]
Oct 10, 2017 5:04:03 PM org.springframework.context.support.ClassPathXmlApplicationContext prepareRefresh
INFO: Refreshing org.springframework.context.support.ClassPathXmlApplicationContext@742d6151: startup date [Tue Oct 10 17:04:03 EDT 2017]; root of context hierarchy
Oct 10, 2017 5:04:03 PM org.springframework.beans.factory.xml.XmlBeanDefinitionReader loadBeanDefinitions
INFO: Loading XML bean definitions from class path resource [applicationContext.xml]
Oct 10, 2017 5:04:03 PM org.springframework.context.support.ClassPathXmlApplicationContext prepareRefresh
INFO: Refreshing org.springframework.context.support.ClassPathXmlApplicationContext@4fc396b6: startup date [Tue Oct 10 17:04:03 EDT 2017]; root of context hierarchy
Oct 10, 2017 5:04:03 PM org.springframework.beans.factory.xml.XmlBeanDefinitionReader loadBeanDefinitions
INFO: Loading XML bean definitions from class path resource [applicationContext.xml]
Oct 10, 2017 5:04:03 PM org.springframework.context.support.ClassPathXmlApplicationContext prepareRefresh
INFO: Refreshing org.springframework.context.support.ClassPathXmlApplicationContext@3daf33fa: startup date [Tue Oct 10 17:04:03 EDT 2017]; root of context hierarchy
Oct 10, 2017 5:04:03 PM org.springframework.beans.factory.xml.XmlBeanDefinitionReader loadBeanDefinitions
INFO: Loading XML bean definitions from class path resource [applicationContext.xml]
Oct 10, 2017 5:04:03 PM org.springframework.context.support.ClassPathXmlApplicationContext prepareRefresh
INFO: Refreshing org.springframework.context.support.ClassPathXmlApplicationContext@dc53bde: startup date [Tue Oct 10 17:04:03 EDT 2017]; root of context hierarchy
Oct 10, 2017 5:04:03 PM org.springframework.beans.factory.xml.XmlBeanDefinitionReader loadBeanDefinitions
INFO: Loading XML bean definitions from class path resource [applicationContext.xml]
Oct 10, 2017 5:04:03 PM org.springframework.context.support.ClassPathXmlApplicationContext prepareRefresh
INFO: Refreshing org.springframework.context.support.ClassPathXmlApplicationContext@fbaa74: startup date [Tue Oct 10 17:04:03 EDT 2017]; root of context hierarchy
Oct 10, 2017 5:04:03 PM org.springframework.beans.factory.xml.XmlBeanDefinitionReader loadBeanDefinitions
INFO: Loading XML bean definitions from class path resource [applicationContext.xml]
Oct 10, 2017 5:04:03 PM org.springframework.context.support.ClassPathXmlApplicationContext prepareRefresh
INFO: Refreshing org.springframework.context.support.ClassPathXmlApplicationContext@caa468b: startup date [Tue Oct 10 17:04:03 EDT 2017]; root of context hierarchy
Oct 10, 2017 5:04:03 PM org.springframework.beans.factory.xml.XmlBeanDefinitionReader loadBeanDefinitions
INFO: Loading XML bean definitions from class path resource [applicationContext.xml]
Oct 10, 2017 5:04:03 PM org.springframework.context.support.ClassPathXmlApplicationContext prepareRefresh
INFO: Refreshing org.springframework.context.support.ClassPathXmlApplicationContext@2d7f2993: startup date [Tue Oct 10 17:04:03 EDT 2017]; root of context hierarchy
Oct 10, 2017 5:04:03 PM org.springframework.beans.factory.xml.XmlBeanDefinitionReader loadBeanDefinitions
INFO: Loading XML bean definitions from class path resource [applicationContext.xml]
Oct 10, 2017 5:04:03 PM org.springframework.context.support.ClassPathXmlApplicationContext prepareRefresh
INFO: Refreshing org.springframework.context.support.ClassPathXmlApplicationContext@7dc1c404: startup date [Tue Oct 10 17:04:03 EDT 2017]; root of context hierarchy
Oct 10, 2017 5:04:03 PM org.springframework.beans.factory.xml.XmlBeanDefinitionReader loadBeanDefinitions
INFO: Loading XML bean definitions from class path resource [applicationContext.xml]
Oct 10, 2017 5:04:03 PM org.springframework.context.support.ClassPathXmlApplicationContext prepareRefresh
INFO: Refreshing org.springframework.context.support.ClassPathXmlApplicationContext@4eff7895: startup date [Tue Oct 10 17:04:03 EDT 2017]; root of context hierarchy
Oct 10, 2017 5:04:03 PM org.springframework.beans.factory.xml.XmlBeanDefinitionReader loadBeanDefinitions
INFO: Loading XML bean definitions from class path resource [applicationContext.xml]
Oct 10, 2017 5:04:03 PM org.springframework.context.support.ClassPathXmlApplicationContext prepareRefresh
INFO: Refreshing org.springframework.context.support.ClassPathXmlApplicationContext@5951d347: startup date [Tue Oct 10 17:04:03 EDT 2017]; root of context hierarchy
Oct 10, 2017 5:04:03 PM org.springframework.beans.factory.xml.XmlBeanDefinitionReader loadBeanDefinitions
INFO: Loading XML bean definitions from class path resource [applicationContext.xml]
Oct 10, 2017 5:04:03 PM org.springframework.context.support.ClassPathXmlApplicationContext prepareRefresh
INFO: Refreshing org.springframework.context.support.ClassPathXmlApplicationContext@6c4d1d79: startup date [Tue Oct 10 17:04:03 EDT 2017]; root of context hierarchy
Oct 10, 2017 5:04:03 PM org.springframework.beans.factory.xml.XmlBeanDefinitionReader loadBeanDefinitions
INFO: Loading XML bean definitions from class path resource [applicationContext.xml]
Oct 10, 2017 5:04:03 PM org.springframework.context.support.ClassPathXmlApplicationContext prepareRefresh
INFO: Refreshing org.springframework.context.support.ClassPathXmlApplicationContext@336a765a: startup date [Tue Oct 10 17:04:03 EDT 2017]; root of context hierarchy
Oct 10, 2017 5:04:03 PM org.springframework.beans.factory.xml.XmlBeanDefinitionReader loadBeanDefinitions
INFO: Loading XML bean definitions from class path resource [applicationContext.xml]
Oct 10, 2017 5:04:03 PM org.springframework.context.support.ClassPathXmlApplicationContext prepareRefresh
INFO: Refreshing org.springframework.context.support.ClassPathXmlApplicationContext@6e5350a2: startup date [Tue Oct 10 17:04:03 EDT 2017]; root of context hierarchy
Oct 10, 2017 5:04:03 PM org.springframework.beans.factory.xml.XmlBeanDefinitionReader loadBeanDefinitions
INFO: Loading XML bean definitions from class path resource [applicationContext.xml]
Oct 10, 2017 5:04:03 PM org.springframework.context.support.ClassPathXmlApplicationContext prepareRefresh
INFO: Refreshing org.springframework.context.support.ClassPathXmlApplicationContext@58ac0087: startup date [Tue Oct 10 17:04:03 EDT 2017]; root of context hierarchy
Oct 10, 2017 5:04:03 PM org.springframework.beans.factory.xml.XmlBeanDefinitionReader loadBeanDefinitions
INFO: Loading XML bean definitions from class path resource [applicationContext.xml]
Oct 10, 2017 5:04:03 PM org.springframework.context.support.ClassPathXmlApplicationContext prepareRefresh
INFO: Refreshing org.springframework.context.support.ClassPathXmlApplicationContext@4f1049c6: startup date [Tue Oct 10 17:04:03 EDT 2017]; root of context hierarchy
Oct 10, 2017 5:04:03 PM org.springframework.beans.factory.xml.XmlBeanDefinitionReader loadBeanDefinitions
INFO: Loading XML bean definitions from class path resource [applicationContext.xml]
Oct 10, 2017 5:04:03 PM org.springframework.context.support.ClassPathXmlApplicationContext prepareRefresh
INFO: Refreshing org.springframework.context.support.ClassPathXmlApplicationContext@57d41e02: startup date [Tue Oct 10 17:04:03 EDT 2017]; root of context hierarchy
Oct 10, 2017 5:04:03 PM org.springframework.beans.factory.xml.XmlBeanDefinitionReader loadBeanDefinitions
INFO: Loading XML bean definitions from class path resource [applicationContext.xml]
Oct 10, 2017 5:04:03 PM org.springframework.context.support.ClassPathXmlApplicationContext prepareRefresh
INFO: Refreshing org.springframework.context.support.ClassPathXmlApplicationContext@20aafda1: startup date [Tue Oct 10 17:04:03 EDT 2017]; root of context hierarchy
Oct 10, 2017 5:04:03 PM org.springframework.beans.factory.xml.XmlBeanDefinitionReader loadBeanDefinitions
INFO: Loading XML bean definitions from class path resource [applicationContext.xml]
Oct 10, 2017 5:04:03 PM org.springframework.context.support.ClassPathXmlApplicationContext prepareRefresh
INFO: Refreshing org.springframework.context.support.ClassPathXmlApplicationContext@1196d027: startup date [Tue Oct 10 17:04:03 EDT 2017]; root of context hierarchy
Oct 10, 2017 5:04:03 PM org.springframework.beans.factory.xml.XmlBeanDefinitionReader loadBeanDefinitions
INFO: Loading XML bean definitions from class path resource [applicationContext.xml]
Oct 10, 2017 5:04:03 PM org.springframework.context.support.ClassPathXmlApplicationContext prepareRefresh
INFO: Refreshing org.springframework.context.support.ClassPathXmlApplicationContext@7ecddf4a: startup date [Tue Oct 10 17:04:03 EDT 2017]; root of context hierarchy
Oct 10, 2017 5:04:03 PM org.springframework.beans.factory.xml.XmlBeanDefinitionReader loadBeanDefinitions
INFO: Loading XML bean definitions from class path resource [applicationContext.xml]
Oct 10, 2017 5:04:03 PM org.springframework.context.support.ClassPathXmlApplicationContext prepareRefresh
INFO: Refreshing org.springframework.context.support.ClassPathXmlApplicationContext@270cc519: startup date [Tue Oct 10 17:04:03 EDT 2017]; root of context hierarchy
Oct 10, 2017 5:04:03 PM org.springframework.beans.factory.xml.XmlBeanDefinitionReader loadBeanDefinitions
INFO: Loading XML bean definitions from class path resource [applicationContext.xml]
Oct 10, 2017 5:04:03 PM org.springframework.context.support.ClassPathXmlApplicationContext prepareRefresh
INFO: Refreshing org.springframework.context.support.ClassPathXmlApplicationContext@495ebd4e: startup date [Tue Oct 10 17:04:03 EDT 2017]; root of context hierarchy
Oct 10, 2017 5:04:03 PM org.springframework.beans.factory.xml.XmlBeanDefinitionReader loadBeanDefinitions
INFO: Loading XML bean definitions from class path resource [applicationContext.xml]
Oct 10, 2017 5:04:03 PM org.springframework.context.support.ClassPathXmlApplicationContext prepareRefresh
INFO: Refreshing org.springframework.context.support.ClassPathXmlApplicationContext@14765022: startup date [Tue Oct 10 17:04:03 EDT 2017]; root of context hierarchy
Oct 10, 2017 5:04:03 PM org.springframework.beans.factory.xml.XmlBeanDefinitionReader loadBeanDefinitions
INFO: Loading XML bean definitions from class path resource [applicationContext.xml]
Oct 10, 2017 5:04:03 PM org.springframework.context.support.ClassPathXmlApplicationContext prepareRefresh
INFO: Refreshing org.springframework.context.support.ClassPathXmlApplicationContext@6566ae71: startup date [Tue Oct 10 17:04:03 EDT 2017]; root of context hierarchy
Oct 10, 2017 5:04:03 PM org.springframework.beans.factory.xml.XmlBeanDefinitionReader loadBeanDefinitions
INFO: Loading XML bean definitions from class path resource [applicationContext.xml]
Oct 10, 2017 5:04:03 PM org.springframework.context.support.ClassPathXmlApplicationContext prepareRefresh
INFO: Refreshing org.springframework.context.support.ClassPathXmlApplicationContext@42f5b4b7: startup date [Tue Oct 10 17:04:03 EDT 2017]; root of context hierarchy
Oct 10, 2017 5:04:03 PM org.springframework.beans.factory.xml.XmlBeanDefinitionReader loadBeanDefinitions
INFO: Loading XML bean definitions from class path resource [applicationContext.xml]
Oct 10, 2017 5:04:03 PM org.springframework.context.support.ClassPathXmlApplicationContext prepareRefresh
INFO: Refreshing org.springframework.context.support.ClassPathXmlApplicationContext@5d17920e: startup date [Tue Oct 10 17:04:03 EDT 2017]; root of context hierarchy
Oct 10, 2017 5:04:03 PM org.springframework.beans.factory.xml.XmlBeanDefinitionReader loadBeanDefinitions
INFO: Loading XML bean definitions from class path resource [applicationContext.xml]
Oct 10, 2017 5:04:03 PM org.springframework.context.support.ClassPathXmlApplicationContext prepareRefresh
INFO: Refreshing org.springframework.context.support.ClassPathXmlApplicationContext@56dff1e6: startup date [Tue Oct 10 17:04:03 EDT 2017]; root of context hierarchy
Oct 10, 2017 5:04:03 PM org.springframework.beans.factory.xml.XmlBeanDefinitionReader loadBeanDefinitions
INFO: Loading XML bean definitions from class path resource [applicationContext.xml]
Oct 10, 2017 5:04:03 PM org.springframework.context.support.ClassPathXmlApplicationContext prepareRefresh
INFO: Refreshing org.springframework.context.support.ClassPathXmlApplicationContext@33faf5e0: startup date [Tue Oct 10 17:04:03 EDT 2017]; root of context hierarchy
Oct 10, 2017 5:04:03 PM org.springframework.beans.factory.xml.XmlBeanDefinitionReader loadBeanDefinitions
INFO: Loading XML bean definitions from class path resource [applicationContext.xml]
Oct 10, 2017 5:04:03 PM org.springframework.context.support.ClassPathXmlApplicationContext prepareRefresh
INFO: Refreshing org.springframework.context.support.ClassPathXmlApplicationContext@2087fe7: startup date [Tue Oct 10 17:04:03 EDT 2017]; root of context hierarchy
Oct 10, 2017 5:04:03 PM org.springframework.beans.factory.xml.XmlBeanDefinitionReader loadBeanDefinitions
INFO: Loading XML bean definitions from class path resource [applicationContext.xml]
Oct 10, 2017 5:04:03 PM org.springframework.context.support.ClassPathXmlApplicationContext prepareRefresh
INFO: Refreshing org.springframework.context.support.ClassPathXmlApplicationContext@21649eb: startup date [Tue Oct 10 17:04:03 EDT 2017]; root of context hierarchy
Oct 10, 2017 5:04:03 PM org.springframework.beans.factory.xml.XmlBeanDefinitionReader loadBeanDefinitions
INFO: Loading XML bean definitions from class path resource [applicationContext.xml]
Oct 10, 2017 5:04:03 PM org.springframework.context.support.ClassPathXmlApplicationContext prepareRefresh
INFO: Refreshing org.springframework.context.support.ClassPathXmlApplicationContext@1cce2436: startup date [Tue Oct 10 17:04:03 EDT 2017]; root of context hierarchy
Oct 10, 2017 5:04:03 PM org.springframework.beans.factory.xml.XmlBeanDefinitionReader loadBeanDefinitions
INFO: Loading XML bean definitions from class path resource [applicationContext.xml]
Oct 10, 2017 5:04:03 PM org.springframework.context.support.ClassPathXmlApplicationContext prepareRefresh
INFO: Refreshing org.springframework.context.support.ClassPathXmlApplicationContext@1a6f291b: startup date [Tue Oct 10 17:04:03 EDT 2017]; root of context hierarchy
Oct 10, 2017 5:04:03 PM org.springframework.beans.factory.xml.XmlBeanDefinitionReader loadBeanDefinitions
INFO: Loading XML bean definitions from class path resource [applicationContext.xml]
Oct 10, 2017 5:04:03 PM org.springframework.context.support.ClassPathXmlApplicationContext prepareRefresh
INFO: Refreshing org.springframework.context.support.ClassPathXmlApplicationContext@441c182c: startup date [Tue Oct 10 17:04:03 EDT 2017]; root of context hierarchy
Oct 10, 2017 5:04:03 PM org.springframework.beans.factory.xml.XmlBeanDefinitionReader loadBeanDefinitions
INFO: Loading XML bean definitions from class path resource [applicationContext.xml]
Oct 10, 2017 5:04:03 PM org.springframework.context.support.ClassPathXmlApplicationContext prepareRefresh
INFO: Refreshing org.springframework.context.support.ClassPathXmlApplicationContext@f1447ad: startup date [Tue Oct 10 17:04:03 EDT 2017]; root of context hierarchy
Oct 10, 2017 5:04:03 PM org.springframework.beans.factory.xml.XmlBeanDefinitionReader loadBeanDefinitions
INFO: Loading XML bean definitions from class path resource [applicationContext.xml]
Oct 10, 2017 5:04:03 PM org.springframework.context.support.ClassPathXmlApplicationContext prepareRefresh
INFO: Refreshing org.springframework.context.support.ClassPathXmlApplicationContext@3afe488: startup date [Tue Oct 10 17:04:03 EDT 2017]; root of context hierarchy
Oct 10, 2017 5:04:03 PM org.springframework.beans.factory.xml.XmlBeanDefinitionReader loadBeanDefinitions
INFO: Loading XML bean definitions from class path resource [applicationContext.xml]
Oct 10, 2017 5:04:03 PM org.springframework.context.support.ClassPathXmlApplicationContext prepareRefresh
INFO: Refreshing org.springframework.context.support.ClassPathXmlApplicationContext@38f5988c: startup date [Tue Oct 10 17:04:03 EDT 2017]; root of context hierarchy
Oct 10, 2017 5:04:03 PM org.springframework.beans.factory.xml.XmlBeanDefinitionReader loadBeanDefinitions
INFO: Loading XML bean definitions from class path resource [applicationContext.xml]
Oct 10, 2017 5:04:03 PM org.springframework.context.support.ClassPathXmlApplicationContext prepareRefresh
INFO: Refreshing org.springframework.context.support.ClassPathXmlApplicationContext@34443130: startup date [Tue Oct 10 17:04:03 EDT 2017]; root of context hierarchy
Oct 10, 2017 5:04:03 PM org.springframework.beans.factory.xml.XmlBeanDefinitionReader loadBeanDefinitions
INFO: Loading XML bean definitions from class path resource [applicationContext.xml]
Oct 10, 2017 5:04:03 PM org.springframework.context.support.ClassPathXmlApplicationContext prepareRefresh
INFO: Refreshing org.springframework.context.support.ClassPathXmlApplicationContext@7eb86b64: startup date [Tue Oct 10 17:04:03 EDT 2017]; root of context hierarchy
Oct 10, 2017 5:04:03 PM org.springframework.beans.factory.xml.XmlBeanDefinitionReader loadBeanDefinitions
INFO: Loading XML bean definitions from class path resource [applicationContext.xml]
Oct 10, 2017 5:04:03 PM org.springframework.context.support.ClassPathXmlApplicationContext prepareRefresh
INFO: Refreshing org.springframework.context.support.ClassPathXmlApplicationContext@76766d41: startup date [Tue Oct 10 17:04:03 EDT 2017]; root of context hierarchy
Oct 10, 2017 5:04:03 PM org.springframework.beans.factory.xml.XmlBeanDefinitionReader loadBeanDefinitions
INFO: Loading XML bean definitions from class path resource [applicationContext.xml]
Oct 10, 2017 5:04:03 PM org.springframework.context.support.ClassPathXmlApplicationContext prepareRefresh
INFO: Refreshing org.springframework.context.support.ClassPathXmlApplicationContext@5cc8cf70: startup date [Tue Oct 10 17:04:03 EDT 2017]; root of context hierarchy
Oct 10, 2017 5:04:03 PM org.springframework.beans.factory.xml.XmlBeanDefinitionReader loadBeanDefinitions
INFO: Loading XML bean definitions from class path resource [applicationContext.xml]
Oct 10, 2017 5:04:03 PM org.springframework.context.support.ClassPathXmlApplicationContext prepareRefresh
INFO: Refreshing org.springframework.context.support.ClassPathXmlApplicationContext@610824b: startup date [Tue Oct 10 17:04:03 EDT 2017]; root of context hierarchy
Oct 10, 2017 5:04:03 PM org.springframework.beans.factory.xml.XmlBeanDefinitionReader loadBeanDefinitions
INFO: Loading XML bean definitions from class path resource [applicationContext.xml]
Oct 10, 2017 5:04:03 PM org.springframework.context.support.ClassPathXmlApplicationContext prepareRefresh
INFO: Refreshing org.springframework.context.support.ClassPathXmlApplicationContext@432d6cbe: startup date [Tue Oct 10 17:04:03 EDT 2017]; root of context hierarchy
Oct 10, 2017 5:04:03 PM org.springframework.beans.factory.xml.XmlBeanDefinitionReader loadBeanDefinitions
INFO: Loading XML bean definitions from class path resource [applicationContext.xml]
Oct 10, 2017 5:04:03 PM org.springframework.context.support.ClassPathXmlApplicationContext prepareRefresh
INFO: Refreshing org.springframework.context.support.ClassPathXmlApplicationContext@1bbbf363: startup date [Tue Oct 10 17:04:03 EDT 2017]; root of context hierarchy
Oct 10, 2017 5:04:03 PM org.springframework.beans.factory.xml.XmlBeanDefinitionReader loadBeanDefinitions
INFO: Loading XML bean definitions from class path resource [applicationContext.xml]
Oct 10, 2017 5:04:03 PM org.springframework.context.support.ClassPathXmlApplicationContext prepareRefresh
INFO: Refreshing org.springframework.context.support.ClassPathXmlApplicationContext@5e96e468: startup date [Tue Oct 10 17:04:03 EDT 2017]; root of context hierarchy
Oct 10, 2017 5:04:03 PM org.springframework.beans.factory.xml.XmlBeanDefinitionReader loadBeanDefinitions
INFO: Loading XML bean definitions from class path resource [applicationContext.xml]
Oct 10, 2017 5:04:03 PM org.springframework.context.support.ClassPathXmlApplicationContext prepareRefresh
INFO: Refreshing org.springframework.context.support.ClassPathXmlApplicationContext@3eff8189: startup date [Tue Oct 10 17:04:03 EDT 2017]; root of context hierarchy
Oct 10, 2017 5:04:03 PM org.springframework.beans.factory.xml.XmlBeanDefinitionReader loadBeanDefinitions
INFO: Loading XML bean definitions from class path resource [applicationContext.xml]
Oct 10, 2017 5:04:03 PM org.springframework.context.support.ClassPathXmlApplicationContext prepareRefresh
INFO: Refreshing org.springframework.context.support.ClassPathXmlApplicationContext@5d469942: startup date [Tue Oct 10 17:04:03 EDT 2017]; root of context hierarchy
Oct 10, 2017 5:04:03 PM org.springframework.beans.factory.xml.XmlBeanDefinitionReader loadBeanDefinitions
INFO: Loading XML bean definitions from class path resource [applicationContext.xml]
Oct 10, 2017 5:04:03 PM org.springframework.context.support.ClassPathXmlApplicationContext prepareRefresh
INFO: Refreshing org.springframework.context.support.ClassPathXmlApplicationContext@7860130d: startup date [Tue Oct 10 17:04:03 EDT 2017]; root of context hierarchy
Oct 10, 2017 5:04:03 PM org.springframework.beans.factory.xml.XmlBeanDefinitionReader loadBeanDefinitions
INFO: Loading XML bean definitions from class path resource [applicationContext.xml]
Oct 10, 2017 5:04:03 PM org.springframework.context.support.ClassPathXmlApplicationContext prepareRefresh
INFO: Refreshing org.springframework.context.support.ClassPathXmlApplicationContext@7a5c343b: startup date [Tue Oct 10 17:04:03 EDT 2017]; root of context hierarchy
Oct 10, 2017 5:04:03 PM org.springframework.beans.factory.xml.XmlBeanDefinitionReader loadBeanDefinitions
INFO: Loading XML bean definitions from class path resource [applicationContext.xml]
Oct 10, 2017 5:04:03 PM org.springframework.context.support.ClassPathXmlApplicationContext prepareRefresh
INFO: Refreshing org.springframework.context.support.ClassPathXmlApplicationContext@5f3a48fc: startup date [Tue Oct 10 17:04:03 EDT 2017]; root of context hierarchy
Oct 10, 2017 5:04:03 PM org.springframework.beans.factory.xml.XmlBeanDefinitionReader loadBeanDefinitions
INFO: Loading XML bean definitions from class path resource [applicationContext.xml]
Oct 10, 2017 5:04:03 PM org.springframework.context.support.ClassPathXmlApplicationContext prepareRefresh
INFO: Refreshing org.springframework.context.support.ClassPathXmlApplicationContext@530e4360: startup date [Tue Oct 10 17:04:03 EDT 2017]; root of context hierarchy
Oct 10, 2017 5:04:03 PM org.springframework.beans.factory.xml.XmlBeanDefinitionReader loadBeanDefinitions
INFO: Loading XML bean definitions from class path resource [applicationContext.xml]
Oct 10, 2017 5:04:03 PM org.springframework.context.support.ClassPathXmlApplicationContext prepareRefresh
INFO: Refreshing org.springframework.context.support.ClassPathXmlApplicationContext@4d51b091: startup date [Tue Oct 10 17:04:03 EDT 2017]; root of context hierarchy
Oct 10, 2017 5:04:03 PM org.springframework.beans.factory.xml.XmlBeanDefinitionReader loadBeanDefinitions
INFO: Loading XML bean definitions from class path resource [applicationContext.xml]
Oct 10, 2017 5:04:03 PM org.springframework.context.support.ClassPathXmlApplicationContext prepareRefresh
INFO: Refreshing org.springframework.context.support.ClassPathXmlApplicationContext@77641942: startup date [Tue Oct 10 17:04:03 EDT 2017]; root of context hierarchy
Oct 10, 2017 5:04:03 PM org.springframework.beans.factory.xml.XmlBeanDefinitionReader loadBeanDefinitions
INFO: Loading XML bean definitions from class path resource [applicationContext.xml]
Oct 10, 2017 5:04:03 PM org.springframework.context.support.ClassPathXmlApplicationContext prepareRefresh
INFO: Refreshing org.springframework.context.support.ClassPathXmlApplicationContext@16a6310a: startup date [Tue Oct 10 17:04:03 EDT 2017]; root of context hierarchy
Oct 10, 2017 5:04:03 PM org.springframework.beans.factory.xml.XmlBeanDefinitionReader loadBeanDefinitions
INFO: Loading XML bean definitions from class path resource [applicationContext.xml]
Oct 10, 2017 5:04:03 PM org.springframework.context.support.ClassPathXmlApplicationContext prepareRefresh
INFO: Refreshing org.springframework.context.support.ClassPathXmlApplicationContext@2253eef6: startup date [Tue Oct 10 17:04:03 EDT 2017]; root of context hierarchy
Oct 10, 2017 5:04:03 PM org.springframework.beans.factory.xml.XmlBeanDefinitionReader loadBeanDefinitions
INFO: Loading XML bean definitions from class path resource [applicationContext.xml]
Oct 10, 2017 5:04:03 PM org.springframework.context.support.ClassPathXmlApplicationContext prepareRefresh
INFO: Refreshing org.springframework.context.support.ClassPathXmlApplicationContext@4ea012e5: startup date [Tue Oct 10 17:04:03 EDT 2017]; root of context hierarchy
Oct 10, 2017 5:04:03 PM org.springframework.beans.factory.xml.XmlBeanDefinitionReader loadBeanDefinitions
INFO: Loading XML bean definitions from class path resource [applicationContext.xml]
Oct 10, 2017 5:04:03 PM org.springframework.context.support.ClassPathXmlApplicationContext prepareRefresh
INFO: Refreshing org.springframework.context.support.ClassPathXmlApplicationContext@7ee962c0: startup date [Tue Oct 10 17:04:03 EDT 2017]; root of context hierarchy
Oct 10, 2017 5:04:03 PM org.springframework.beans.factory.xml.XmlBeanDefinitionReader loadBeanDefinitions
INFO: Loading XML bean definitions from class path resource [applicationContext.xml]
Oct 10, 2017 5:04:03 PM org.springframework.context.support.ClassPathXmlApplicationContext prepareRefresh
INFO: Refreshing org.springframework.context.support.ClassPathXmlApplicationContext@1e56d14: startup date [Tue Oct 10 17:04:03 EDT 2017]; root of context hierarchy
Oct 10, 2017 5:04:03 PM org.springframework.beans.factory.xml.XmlBeanDefinitionReader loadBeanDefinitions
INFO: Loading XML bean definitions from class path resource [applicationContext.xml]
Oct 10, 2017 5:04:03 PM org.springframework.context.support.ClassPathXmlApplicationContext prepareRefresh
INFO: Refreshing org.springframework.context.support.ClassPathXmlApplicationContext@4c438a0a: startup date [Tue Oct 10 17:04:03 EDT 2017]; root of context hierarchy
Oct 10, 2017 5:04:03 PM org.springframework.beans.factory.xml.XmlBeanDefinitionReader loadBeanDefinitions
INFO: Loading XML bean definitions from class path resource [applicationContext.xml]
Oct 10, 2017 5:04:03 PM org.springframework.context.support.ClassPathXmlApplicationContext prepareRefresh
INFO: Refreshing org.springframework.context.support.ClassPathXmlApplicationContext@7b0c4b45: startup date [Tue Oct 10 17:04:03 EDT 2017]; root of context hierarchy
Oct 10, 2017 5:04:03 PM org.springframework.beans.factory.xml.XmlBeanDefinitionReader loadBeanDefinitions
INFO: Loading XML bean definitions from class path resource [applicationContext.xml]
Oct 10, 2017 5:04:03 PM org.springframework.context.support.ClassPathXmlApplicationContext prepareRefresh
INFO: Refreshing org.springframework.context.support.ClassPathXmlApplicationContext@1c139f66: startup date [Tue Oct 10 17:04:03 EDT 2017]; root of context hierarchy
Oct 10, 2017 5:04:03 PM org.springframework.beans.factory.xml.XmlBeanDefinitionReader loadBeanDefinitions
INFO: Loading XML bean definitions from class path resource [applicationContext.xml]
Oct 10, 2017 5:04:03 PM org.springframework.context.support.ClassPathXmlApplicationContext prepareRefresh
INFO: Refreshing org.springframework.context.support.ClassPathXmlApplicationContext@3736626d: startup date [Tue Oct 10 17:04:03 EDT 2017]; root of context hierarchy
Oct 10, 2017 5:04:03 PM org.springframework.beans.factory.xml.XmlBeanDefinitionReader loadBeanDefinitions
INFO: Loading XML bean definitions from class path resource [applicationContext.xml]
Oct 10, 2017 5:04:04 PM org.springframework.context.support.ClassPathXmlApplicationContext prepareRefresh
INFO: Refreshing org.springframework.context.support.ClassPathXmlApplicationContext@3792cd80: startup date [Tue Oct 10 17:04:04 EDT 2017]; root of context hierarchy
Oct 10, 2017 5:04:04 PM org.springframework.beans.factory.xml.XmlBeanDefinitionReader loadBeanDefinitions
INFO: Loading XML bean definitions from class path resource [applicationContext.xml]
Oct 10, 2017 5:04:04 PM org.springframework.context.support.ClassPathXmlApplicationContext prepareRefresh
INFO: Refreshing org.springframework.context.support.ClassPathXmlApplicationContext@1ae591ed: startup date [Tue Oct 10 17:04:04 EDT 2017]; root of context hierarchy
Oct 10, 2017 5:04:04 PM org.springframework.beans.factory.xml.XmlBeanDefinitionReader loadBeanDefinitions
INFO: Loading XML bean definitions from class path resource [applicationContext.xml]
Oct 10, 2017 5:04:04 PM org.springframework.context.support.ClassPathXmlApplicationContext prepareRefresh
INFO: Refreshing org.springframework.context.support.ClassPathXmlApplicationContext@61dacea6: startup date [Tue Oct 10 17:04:04 EDT 2017]; root of context hierarchy
Oct 10, 2017 5:04:04 PM org.springframework.beans.factory.xml.XmlBeanDefinitionReader loadBeanDefinitions
INFO: Loading XML bean definitions from class path resource [applicationContext.xml]
Oct 10, 2017 5:04:04 PM org.springframework.context.support.ClassPathXmlApplicationContext prepareRefresh
INFO: Refreshing org.springframework.context.support.ClassPathXmlApplicationContext@4437be97: startup date [Tue Oct 10 17:04:04 EDT 2017]; root of context hierarchy
Oct 10, 2017 5:04:04 PM org.springframework.beans.factory.xml.XmlBeanDefinitionReader loadBeanDefinitions
INFO: Loading XML bean definitions from class path resource [applicationContext.xml]
Oct 10, 2017 5:04:04 PM org.springframework.context.support.ClassPathXmlApplicationContext prepareRefresh
INFO: Refreshing org.springframework.context.support.ClassPathXmlApplicationContext@986f70: startup date [Tue Oct 10 17:04:04 EDT 2017]; root of context hierarchy
Oct 10, 2017 5:04:04 PM org.springframework.beans.factory.xml.XmlBeanDefinitionReader loadBeanDefinitions
INFO: Loading XML bean definitions from class path resource [applicationContext.xml]
Oct 10, 2017 5:04:04 PM org.springframework.context.support.ClassPathXmlApplicationContext prepareRefresh
INFO: Refreshing org.springframework.context.support.ClassPathXmlApplicationContext@240451a8: startup date [Tue Oct 10 17:04:04 EDT 2017]; root of context hierarchy
Oct 10, 2017 5:04:04 PM org.springframework.beans.factory.xml.XmlBeanDefinitionReader loadBeanDefinitions
INFO: Loading XML bean definitions from class path resource [applicationContext.xml]
Oct 10, 2017 5:04:04 PM org.springframework.context.support.ClassPathXmlApplicationContext prepareRefresh
INFO: Refreshing org.springframework.context.support.ClassPathXmlApplicationContext@2ab1a2a: startup date [Tue Oct 10 17:04:04 EDT 2017]; root of context hierarchy
Oct 10, 2017 5:04:04 PM org.springframework.beans.factory.xml.XmlBeanDefinitionReader loadBeanDefinitions
INFO: Loading XML bean definitions from class path resource [applicationContext.xml]
Oct 10, 2017 5:04:04 PM org.springframework.context.support.ClassPathXmlApplicationContext prepareRefresh
INFO: Refreshing org.springframework.context.support.ClassPathXmlApplicationContext@30367296: startup date [Tue Oct 10 17:04:04 EDT 2017]; root of context hierarchy
Oct 10, 2017 5:04:04 PM org.springframework.beans.factory.xml.XmlBeanDefinitionReader loadBeanDefinitions
INFO: Loading XML bean definitions from class path resource [applicationContext.xml]
Oct 10, 2017 5:04:04 PM org.springframework.context.support.ClassPathXmlApplicationContext prepareRefresh
INFO: Refreshing org.springframework.context.support.ClassPathXmlApplicationContext@4115636f: startup date [Tue Oct 10 17:04:04 EDT 2017]; root of context hierarchy
Oct 10, 2017 5:04:04 PM org.springframework.beans.factory.xml.XmlBeanDefinitionReader loadBeanDefinitions
INFO: Loading XML bean definitions from class path resource [applicationContext.xml]
Oct 10, 2017 5:04:04 PM org.springframework.context.support.ClassPathXmlApplicationContext prepareRefresh
INFO: Refreshing org.springframework.context.support.ClassPathXmlApplicationContext@732a09f6: startup date [Tue Oct 10 17:04:04 EDT 2017]; root of context hierarchy
Oct 10, 2017 5:04:04 PM org.springframework.beans.factory.xml.XmlBeanDefinitionReader loadBeanDefinitions
INFO: Loading XML bean definitions from class path resource [applicationContext.xml]
Oct 10, 2017 5:04:04 PM org.springframework.context.support.ClassPathXmlApplicationContext prepareRefresh
INFO: Refreshing org.springframework.context.support.ClassPathXmlApplicationContext@6c3174ad: startup date [Tue Oct 10 17:04:04 EDT 2017]; root of context hierarchy
Oct 10, 2017 5:04:04 PM org.springframework.beans.factory.xml.XmlBeanDefinitionReader loadBeanDefinitions
INFO: Loading XML bean definitions from class path resource [applicationContext.xml]
Oct 10, 2017 5:04:04 PM org.springframework.context.support.ClassPathXmlApplicationContext prepareRefresh
INFO: Refreshing org.springframework.context.support.ClassPathXmlApplicationContext@d0ac640: startup date [Tue Oct 10 17:04:04 EDT 2017]; root of context hierarchy
Oct 10, 2017 5:04:04 PM org.springframework.beans.factory.xml.XmlBeanDefinitionReader loadBeanDefinitions
INFO: Loading XML bean definitions from class path resource [applicationContext.xml]
Oct 10, 2017 5:04:04 PM org.springframework.context.support.ClassPathXmlApplicationContext prepareRefresh
INFO: Refreshing org.springframework.context.support.ClassPathXmlApplicationContext@1722392f: startup date [Tue Oct 10 17:04:04 EDT 2017]; root of context hierarchy
Oct 10, 2017 5:04:04 PM org.springframework.beans.factory.xml.XmlBeanDefinitionReader loadBeanDefinitions
INFO: Loading XML bean definitions from class path resource [applicationContext.xml]
Oct 10, 2017 5:04:04 PM org.springframework.context.support.ClassPathXmlApplicationContext prepareRefresh
INFO: Refreshing org.springframework.context.support.ClassPathXmlApplicationContext@16d1739a: startup date [Tue Oct 10 17:04:04 EDT 2017]; root of context hierarchy
Oct 10, 2017 5:04:04 PM org.springframework.beans.factory.xml.XmlBeanDefinitionReader loadBeanDefinitions
INFO: Loading XML bean definitions from class path resource [applicationContext.xml]
Oct 10, 2017 5:04:04 PM org.springframework.context.support.ClassPathXmlApplicationContext prepareRefresh
INFO: Refreshing org.springframework.context.support.ClassPathXmlApplicationContext@6244daa6: startup date [Tue Oct 10 17:04:04 EDT 2017]; root of context hierarchy
Oct 10, 2017 5:04:04 PM org.springframework.beans.factory.xml.XmlBeanDefinitionReader loadBeanDefinitions
INFO: Loading XML bean definitions from class path resource [applicationContext.xml]
Oct 10, 2017 5:04:04 PM org.springframework.context.support.ClassPathXmlApplicationContext prepareRefresh
INFO: Refreshing org.springframework.context.support.ClassPathXmlApplicationContext@1308b7bd: startup date [Tue Oct 10 17:04:04 EDT 2017]; root of context hierarchy
Oct 10, 2017 5:04:04 PM org.springframework.beans.factory.xml.XmlBeanDefinitionReader loadBeanDefinitions
INFO: Loading XML bean definitions from class path resource [applicationContext.xml]
Oct 10, 2017 5:04:04 PM org.springframework.context.support.ClassPathXmlApplicationContext prepareRefresh
INFO: Refreshing org.springframework.context.support.ClassPathXmlApplicationContext@5c8add0d: startup date [Tue Oct 10 17:04:04 EDT 2017]; root of context hierarchy
Oct 10, 2017 5:04:04 PM org.springframework.beans.factory.xml.XmlBeanDefinitionReader loadBeanDefinitions
INFO: Loading XML bean definitions from class path resource [applicationContext.xml]
Oct 10, 2017 5:04:04 PM org.springframework.context.support.ClassPathXmlApplicationContext prepareRefresh
INFO: Refreshing org.springframework.context.support.ClassPathXmlApplicationContext@74451b16: startup date [Tue Oct 10 17:04:04 EDT 2017]; root of context hierarchy
Oct 10, 2017 5:04:04 PM org.springframework.beans.factory.xml.XmlBeanDefinitionReader loadBeanDefinitions
INFO: Loading XML bean definitions from class path resource [applicationContext.xml]
Oct 10, 2017 5:04:04 PM org.springframework.context.support.ClassPathXmlApplicationContext prepareRefresh
INFO: Refreshing org.springframework.context.support.ClassPathXmlApplicationContext@6ca083d9: startup date [Tue Oct 10 17:04:04 EDT 2017]; root of context hierarchy
Oct 10, 2017 5:04:04 PM org.springframework.beans.factory.xml.XmlBeanDefinitionReader loadBeanDefinitions
INFO: Loading XML bean definitions from class path resource [applicationContext.xml]
Oct 10, 2017 5:04:04 PM org.springframework.context.support.ClassPathXmlApplicationContext prepareRefresh
INFO: Refreshing org.springframework.context.support.ClassPathXmlApplicationContext@3d1ee849: startup date [Tue Oct 10 17:04:04 EDT 2017]; root of context hierarchy
Oct 10, 2017 5:04:04 PM org.springframework.beans.factory.xml.XmlBeanDefinitionReader loadBeanDefinitions
INFO: Loading XML bean definitions from class path resource [applicationContext.xml]
Oct 10, 2017 5:04:04 PM org.springframework.context.support.ClassPathXmlApplicationContext prepareRefresh
INFO: Refreshing org.springframework.context.support.ClassPathXmlApplicationContext@212cce33: startup date [Tue Oct 10 17:04:04 EDT 2017]; root of context hierarchy
Oct 10, 2017 5:04:04 PM org.springframework.beans.factory.xml.XmlBeanDefinitionReader loadBeanDefinitions
INFO: Loading XML bean definitions from class path resource [applicationContext.xml]
Oct 10, 2017 5:04:04 PM org.springframework.context.support.ClassPathXmlApplicationContext prepareRefresh
INFO: Refreshing org.springframework.context.support.ClassPathXmlApplicationContext@563b1ecf: startup date [Tue Oct 10 17:04:04 EDT 2017]; root of context hierarchy
Oct 10, 2017 5:04:04 PM org.springframework.beans.factory.xml.XmlBeanDefinitionReader loadBeanDefinitions
INFO: Loading XML bean definitions from class path resource [applicationContext.xml]
Oct 10, 2017 5:04:04 PM org.springframework.context.support.ClassPathXmlApplicationContext prepareRefresh
INFO: Refreshing org.springframework.context.support.ClassPathXmlApplicationContext@8fdc4: startup date [Tue Oct 10 17:04:04 EDT 2017]; root of context hierarchy
Oct 10, 2017 5:04:04 PM org.springframework.beans.factory.xml.XmlBeanDefinitionReader loadBeanDefinitions
INFO: Loading XML bean definitions from class path resource [applicationContext.xml]
Oct 10, 2017 5:04:04 PM org.springframework.context.support.ClassPathXmlApplicationContext prepareRefresh
INFO: Refreshing org.springframework.context.support.ClassPathXmlApplicationContext@1a4feee9: startup date [Tue Oct 10 17:04:04 EDT 2017]; root of context hierarchy
Oct 10, 2017 5:04:04 PM org.springframework.beans.factory.xml.XmlBeanDefinitionReader loadBeanDefinitions
INFO: Loading XML bean definitions from class path resource [applicationContext.xml]
Oct 10, 2017 5:04:04 PM org.springframework.context.support.ClassPathXmlApplicationContext prepareRefresh
INFO: Refreshing org.springframework.context.support.ClassPathXmlApplicationContext@37d0e7f: startup date [Tue Oct 10 17:04:04 EDT 2017]; root of context hierarchy
Oct 10, 2017 5:04:04 PM org.springframework.beans.factory.xml.XmlBeanDefinitionReader loadBeanDefinitions
INFO: Loading XML bean definitions from class path resource [applicationContext.xml]
Oct 10, 2017 5:04:04 PM org.springframework.context.support.ClassPathXmlApplicationContext prepareRefresh
INFO: Refreshing org.springframework.context.support.ClassPathXmlApplicationContext@381981c6: startup date [Tue Oct 10 17:04:04 EDT 2017]; root of context hierarchy
Oct 10, 2017 5:04:04 PM org.springframework.beans.factory.xml.XmlBeanDefinitionReader loadBeanDefinitions
INFO: Loading XML bean definitions from class path resource [applicationContext.xml]
Oct 10, 2017 5:04:04 PM org.springframework.context.support.ClassPathXmlApplicationContext prepareRefresh
INFO: Refreshing org.springframework.context.support.ClassPathXmlApplicationContext@73c45290: startup date [Tue Oct 10 17:04:04 EDT 2017]; root of context hierarchy
Oct 10, 2017 5:04:04 PM org.springframework.beans.factory.xml.XmlBeanDefinitionReader loadBeanDefinitions
INFO: Loading XML bean definitions from class path resource [applicationContext.xml]
Oct 10, 2017 5:04:04 PM org.springframework.context.support.ClassPathXmlApplicationContext prepareRefresh
INFO: Refreshing org.springframework.context.support.ClassPathXmlApplicationContext@431f9a55: startup date [Tue Oct 10 17:04:04 EDT 2017]; root of context hierarchy
Oct 10, 2017 5:04:04 PM org.springframework.beans.factory.xml.XmlBeanDefinitionReader loadBeanDefinitions
INFO: Loading XML bean definitions from class path resource [applicationContext.xml]
Oct 10, 2017 5:04:04 PM org.springframework.context.support.ClassPathXmlApplicationContext prepareRefresh
INFO: Refreshing org.springframework.context.support.ClassPathXmlApplicationContext@444c59cd: startup date [Tue Oct 10 17:04:04 EDT 2017]; root of context hierarchy
Oct 10, 2017 5:04:04 PM org.springframework.beans.factory.xml.XmlBeanDefinitionReader loadBeanDefinitions
INFO: Loading XML bean definitions from class path resource [applicationContext.xml]
Oct 10, 2017 5:04:04 PM org.springframework.context.support.ClassPathXmlApplicationContext prepareRefresh
INFO: Refreshing org.springframework.context.support.ClassPathXmlApplicationContext@63d20cc3: startup date [Tue Oct 10 17:04:04 EDT 2017]; root of context hierarchy
Oct 10, 2017 5:04:04 PM org.springframework.beans.factory.xml.XmlBeanDefinitionReader loadBeanDefinitions
INFO: Loading XML bean definitions from class path resource [applicationContext.xml]
Oct 10, 2017 5:04:04 PM org.springframework.context.support.ClassPathXmlApplicationContext prepareRefresh
INFO: Refreshing org.springframework.context.support.ClassPathXmlApplicationContext@6749fd11: startup date [Tue Oct 10 17:04:04 EDT 2017]; root of context hierarchy
Oct 10, 2017 5:04:04 PM org.springframework.beans.factory.xml.XmlBeanDefinitionReader loadBeanDefinitions
INFO: Loading XML bean definitions from class path resource [applicationContext.xml]
Oct 10, 2017 5:04:04 PM org.springframework.context.support.ClassPathXmlApplicationContext prepareRefresh
INFO: Refreshing org.springframework.context.support.ClassPathXmlApplicationContext@22876a8: startup date [Tue Oct 10 17:04:04 EDT 2017]; root of context hierarchy
Oct 10, 2017 5:04:04 PM org.springframework.beans.factory.xml.XmlBeanDefinitionReader loadBeanDefinitions
INFO: Loading XML bean definitions from class path resource [applicationContext.xml]
Oct 10, 2017 5:04:04 PM org.springframework.context.support.ClassPathXmlApplicationContext prepareRefresh
INFO: Refreshing org.springframework.context.support.ClassPathXmlApplicationContext@2d92fd6c: startup date [Tue Oct 10 17:04:04 EDT 2017]; root of context hierarchy
Oct 10, 2017 5:04:04 PM org.springframework.beans.factory.xml.XmlBeanDefinitionReader loadBeanDefinitions
INFO: Loading XML bean definitions from class path resource [applicationContext.xml]
Oct 10, 2017 5:04:04 PM org.springframework.context.support.ClassPathXmlApplicationContext prepareRefresh
INFO: Refreshing org.springframework.context.support.ClassPathXmlApplicationContext@546ebad0: startup date [Tue Oct 10 17:04:04 EDT 2017]; root of context hierarchy
Oct 10, 2017 5:04:04 PM org.springframework.beans.factory.xml.XmlBeanDefinitionReader loadBeanDefinitions
INFO: Loading XML bean definitions from class path resource [applicationContext.xml]
Oct 10, 2017 5:04:04 PM org.springframework.context.support.ClassPathXmlApplicationContext prepareRefresh
INFO: Refreshing org.springframework.context.support.ClassPathXmlApplicationContext@13a2ad96: startup date [Tue Oct 10 17:04:04 EDT 2017]; root of context hierarchy
Oct 10, 2017 5:04:04 PM org.springframework.beans.factory.xml.XmlBeanDefinitionReader loadBeanDefinitions
INFO: Loading XML bean definitions from class path resource [applicationContext.xml]
Oct 10, 2017 5:04:04 PM org.springframework.context.support.ClassPathXmlApplicationContext prepareRefresh
INFO: Refreshing org.springframework.context.support.ClassPathXmlApplicationContext@3c7d95a2: startup date [Tue Oct 10 17:04:04 EDT 2017]; root of context hierarchy
Oct 10, 2017 5:04:04 PM org.springframework.beans.factory.xml.XmlBeanDefinitionReader loadBeanDefinitions
INFO: Loading XML bean definitions from class path resource [applicationContext.xml]
Oct 10, 2017 5:04:04 PM org.springframework.context.support.ClassPathXmlApplicationContext prepareRefresh
INFO: Refreshing org.springframework.context.support.ClassPathXmlApplicationContext@11f5cbc8: startup date [Tue Oct 10 17:04:04 EDT 2017]; root of context hierarchy
Oct 10, 2017 5:04:04 PM org.springframework.beans.factory.xml.XmlBeanDefinitionReader loadBeanDefinitions
INFO: Loading XML bean definitions from class path resource [applicationContext.xml]
Oct 10, 2017 5:04:04 PM org.springframework.context.support.ClassPathXmlApplicationContext prepareRefresh
INFO: Refreshing org.springframework.context.support.ClassPathXmlApplicationContext@7d23cb4a: startup date [Tue Oct 10 17:04:04 EDT 2017]; root of context hierarchy
Oct 10, 2017 5:04:04 PM org.springframework.beans.factory.xml.XmlBeanDefinitionReader loadBeanDefinitions
INFO: Loading XML bean definitions from class path resource [applicationContext.xml]
Oct 10, 2017 5:04:04 PM org.springframework.context.support.ClassPathXmlApplicationContext prepareRefresh
INFO: Refreshing org.springframework.context.support.ClassPathXmlApplicationContext@4fb3ef2: startup date [Tue Oct 10 17:04:04 EDT 2017]; root of context hierarchy
Oct 10, 2017 5:04:04 PM org.springframework.beans.factory.xml.XmlBeanDefinitionReader loadBeanDefinitions
INFO: Loading XML bean definitions from class path resource [applicationContext.xml]
Oct 10, 2017 5:04:04 PM org.springframework.context.support.ClassPathXmlApplicationContext prepareRefresh
INFO: Refreshing org.springframework.context.support.ClassPathXmlApplicationContext@436640c3: startup date [Tue Oct 10 17:04:04 EDT 2017]; root of context hierarchy
Oct 10, 2017 5:04:04 PM org.springframework.beans.factory.xml.XmlBeanDefinitionReader loadBeanDefinitions
INFO: Loading XML bean definitions from class path resource [applicationContext.xml]
Oct 10, 2017 5:04:04 PM org.springframework.context.support.ClassPathXmlApplicationContext prepareRefresh
INFO: Refreshing org.springframework.context.support.ClassPathXmlApplicationContext@502b4683: startup date [Tue Oct 10 17:04:04 EDT 2017]; root of context hierarchy
Oct 10, 2017 5:04:04 PM org.springframework.beans.factory.xml.XmlBeanDefinitionReader loadBeanDefinitions
INFO: Loading XML bean definitions from class path resource [applicationContext.xml]
Oct 10, 2017 5:04:04 PM org.springframework.context.support.ClassPathXmlApplicationContext prepareRefresh
INFO: Refreshing org.springframework.context.support.ClassPathXmlApplicationContext@645eb6a6: startup date [Tue Oct 10 17:04:04 EDT 2017]; root of context hierarchy
Oct 10, 2017 5:04:04 PM org.springframework.beans.factory.xml.XmlBeanDefinitionReader loadBeanDefinitions
INFO: Loading XML bean definitions from class path resource [applicationContext.xml]
Oct 10, 2017 5:04:04 PM org.springframework.context.support.ClassPathXmlApplicationContext prepareRefresh
INFO: Refreshing org.springframework.context.support.ClassPathXmlApplicationContext@23b77e99: startup date [Tue Oct 10 17:04:04 EDT 2017]; root of context hierarchy
Oct 10, 2017 5:04:04 PM org.springframework.beans.factory.xml.XmlBeanDefinitionReader loadBeanDefinitions
INFO: Loading XML bean definitions from class path resource [applicationContext.xml]
Oct 10, 2017 5:04:04 PM org.springframework.context.support.ClassPathXmlApplicationContext prepareRefresh
INFO: Refreshing org.springframework.context.support.ClassPathXmlApplicationContext@1d17532c: startup date [Tue Oct 10 17:04:04 EDT 2017]; root of context hierarchy
Oct 10, 2017 5:04:04 PM org.springframework.beans.factory.xml.XmlBeanDefinitionReader loadBeanDefinitions
INFO: Loading XML bean definitions from class path resource [applicationContext.xml]
Oct 10, 2017 5:04:04 PM org.springframework.context.support.ClassPathXmlApplicationContext prepareRefresh
INFO: Refreshing org.springframework.context.support.ClassPathXmlApplicationContext@53b1950e: startup date [Tue Oct 10 17:04:04 EDT 2017]; root of context hierarchy
Oct 10, 2017 5:04:04 PM org.springframework.beans.factory.xml.XmlBeanDefinitionReader loadBeanDefinitions
INFO: Loading XML bean definitions from class path resource [applicationContext.xml]
Oct 10, 2017 5:04:04 PM org.springframework.context.support.ClassPathXmlApplicationContext prepareRefresh
INFO: Refreshing org.springframework.context.support.ClassPathXmlApplicationContext@13ec3ee0: startup date [Tue Oct 10 17:04:04 EDT 2017]; root of context hierarchy
Oct 10, 2017 5:04:04 PM org.springframework.beans.factory.xml.XmlBeanDefinitionReader loadBeanDefinitions
INFO: Loading XML bean definitions from class path resource [applicationContext.xml]
Oct 10, 2017 5:04:04 PM org.springframework.context.support.ClassPathXmlApplicationContext prepareRefresh
INFO: Refreshing org.springframework.context.support.ClassPathXmlApplicationContext@5b9858d6: startup date [Tue Oct 10 17:04:04 EDT 2017]; root of context hierarchy
Oct 10, 2017 5:04:04 PM org.springframework.beans.factory.xml.XmlBeanDefinitionReader loadBeanDefinitions
INFO: Loading XML bean definitions from class path resource [applicationContext.xml]
Oct 10, 2017 5:04:04 PM org.springframework.context.support.ClassPathXmlApplicationContext prepareRefresh
INFO: Refreshing org.springframework.context.support.ClassPathXmlApplicationContext@7ce5d95f: startup date [Tue Oct 10 17:04:04 EDT 2017]; root of context hierarchy
Oct 10, 2017 5:04:04 PM org.springframework.beans.factory.xml.XmlBeanDefinitionReader loadBeanDefinitions
INFO: Loading XML bean definitions from class path resource [applicationContext.xml]
Oct 10, 2017 5:04:04 PM org.springframework.context.support.ClassPathXmlApplicationContext prepareRefresh
INFO: Refreshing org.springframework.context.support.ClassPathXmlApplicationContext@17ad3008: startup date [Tue Oct 10 17:04:04 EDT 2017]; root of context hierarchy
Oct 10, 2017 5:04:04 PM org.springframework.beans.factory.xml.XmlBeanDefinitionReader loadBeanDefinitions
INFO: Loading XML bean definitions from class path resource [applicationContext.xml]
Oct 10, 2017 5:04:04 PM org.springframework.context.support.ClassPathXmlApplicationContext prepareRefresh
INFO: Refreshing org.springframework.context.support.ClassPathXmlApplicationContext@1d1a4237: startup date [Tue Oct 10 17:04:04 EDT 2017]; root of context hierarchy
Oct 10, 2017 5:04:04 PM org.springframework.beans.factory.xml.XmlBeanDefinitionReader loadBeanDefinitions
INFO: Loading XML bean definitions from class path resource [applicationContext.xml]
Oct 10, 2017 5:04:04 PM org.springframework.context.support.ClassPathXmlApplicationContext prepareRefresh
INFO: Refreshing org.springframework.context.support.ClassPathXmlApplicationContext@129a5c2f: startup date [Tue Oct 10 17:04:04 EDT 2017]; root of context hierarchy
Oct 10, 2017 5:04:04 PM org.springframework.beans.factory.xml.XmlBeanDefinitionReader loadBeanDefinitions
INFO: Loading XML bean definitions from class path resource [applicationContext.xml]
Oct 10, 2017 5:04:04 PM org.springframework.context.support.ClassPathXmlApplicationContext prepareRefresh
INFO: Refreshing org.springframework.context.support.ClassPathXmlApplicationContext@19808f29: startup date [Tue Oct 10 17:04:04 EDT 2017]; root of context hierarchy
Oct 10, 2017 5:04:04 PM org.springframework.beans.factory.xml.XmlBeanDefinitionReader loadBeanDefinitions
INFO: Loading XML bean definitions from class path resource [applicationContext.xml]
Oct 10, 2017 5:04:04 PM org.springframework.context.support.ClassPathXmlApplicationContext prepareRefresh
INFO: Refreshing org.springframework.context.support.ClassPathXmlApplicationContext@f8cd5d7: startup date [Tue Oct 10 17:04:04 EDT 2017]; root of context hierarchy
Oct 10, 2017 5:04:04 PM org.springframework.beans.factory.xml.XmlBeanDefinitionReader loadBeanDefinitions
INFO: Loading XML bean definitions from class path resource [applicationContext.xml]
Oct 10, 2017 5:04:04 PM org.springframework.context.support.ClassPathXmlApplicationContext prepareRefresh
INFO: Refreshing org.springframework.context.support.ClassPathXmlApplicationContext@54114db3: startup date [Tue Oct 10 17:04:04 EDT 2017]; root of context hierarchy
Oct 10, 2017 5:04:04 PM org.springframework.beans.factory.xml.XmlBeanDefinitionReader loadBeanDefinitions
INFO: Loading XML bean definitions from class path resource [applicationContext.xml]
Oct 10, 2017 5:04:04 PM org.springframework.context.support.ClassPathXmlApplicationContext prepareRefresh
INFO: Refreshing org.springframework.context.support.ClassPathXmlApplicationContext@7bd51adf: startup date [Tue Oct 10 17:04:04 EDT 2017]; root of context hierarchy
Oct 10, 2017 5:04:04 PM org.springframework.beans.factory.xml.XmlBeanDefinitionReader loadBeanDefinitions
INFO: Loading XML bean definitions from class path resource [applicationContext.xml]
Oct 10, 2017 5:04:04 PM org.springframework.context.support.ClassPathXmlApplicationContext prepareRefresh
INFO: Refreshing org.springframework.context.support.ClassPathXmlApplicationContext@6b7a8865: startup date [Tue Oct 10 17:04:04 EDT 2017]; root of context hierarchy
Oct 10, 2017 5:04:04 PM org.springframework.beans.factory.xml.XmlBeanDefinitionReader loadBeanDefinitions
INFO: Loading XML bean definitions from class path resource [applicationContext.xml]
Oct 10, 2017 5:04:04 PM org.springframework.context.support.ClassPathXmlApplicationContext prepareRefresh
INFO: Refreshing org.springframework.context.support.ClassPathXmlApplicationContext@3ec44e5c: startup date [Tue Oct 10 17:04:04 EDT 2017]; root of context hierarchy
Oct 10, 2017 5:04:04 PM org.springframework.beans.factory.xml.XmlBeanDefinitionReader loadBeanDefinitions
INFO: Loading XML bean definitions from class path resource [applicationContext.xml]
Oct 10, 2017 5:04:04 PM org.springframework.context.support.ClassPathXmlApplicationContext prepareRefresh
INFO: Refreshing org.springframework.context.support.ClassPathXmlApplicationContext@fd98b3a: startup date [Tue Oct 10 17:04:04 EDT 2017]; root of context hierarchy
Oct 10, 2017 5:04:04 PM org.springframework.beans.factory.xml.XmlBeanDefinitionReader loadBeanDefinitions
INFO: Loading XML bean definitions from class path resource [applicationContext.xml]
Oct 10, 2017 5:04:04 PM org.springframework.context.support.ClassPathXmlApplicationContext prepareRefresh
INFO: Refreshing org.springframework.context.support.ClassPathXmlApplicationContext@6655360b: startup date [Tue Oct 10 17:04:04 EDT 2017]; root of context hierarchy
Oct 10, 2017 5:04:04 PM org.springframework.beans.factory.xml.XmlBeanDefinitionReader loadBeanDefinitions
INFO: Loading XML bean definitions from class path resource [applicationContext.xml]
Oct 10, 2017 5:04:04 PM org.springframework.context.support.ClassPathXmlApplicationContext prepareRefresh
INFO: Refreshing org.springframework.context.support.ClassPathXmlApplicationContext@7d20d16e: startup date [Tue Oct 10 17:04:04 EDT 2017]; root of context hierarchy
Oct 10, 2017 5:04:04 PM org.springframework.beans.factory.xml.XmlBeanDefinitionReader loadBeanDefinitions
INFO: Loading XML bean definitions from class path resource [applicationContext.xml]
Oct 10, 2017 5:04:04 PM org.springframework.context.support.ClassPathXmlApplicationContext prepareRefresh
INFO: Refreshing org.springframework.context.support.ClassPathXmlApplicationContext@25e245a4: startup date [Tue Oct 10 17:04:04 EDT 2017]; root of context hierarchy
Oct 10, 2017 5:04:04 PM org.springframework.beans.factory.xml.XmlBeanDefinitionReader loadBeanDefinitions
INFO: Loading XML bean definitions from class path resource [applicationContext.xml]
Oct 10, 2017 5:04:04 PM org.springframework.context.support.ClassPathXmlApplicationContext prepareRefresh
INFO: Refreshing org.springframework.context.support.ClassPathXmlApplicationContext@495b5d17: startup date [Tue Oct 10 17:04:04 EDT 2017]; root of context hierarchy
Oct 10, 2017 5:04:04 PM org.springframework.beans.factory.xml.XmlBeanDefinitionReader loadBeanDefinitions
INFO: Loading XML bean definitions from class path resource [applicationContext.xml]
Oct 10, 2017 5:04:04 PM org.springframework.context.support.ClassPathXmlApplicationContext prepareRefresh
INFO: Refreshing org.springframework.context.support.ClassPathXmlApplicationContext@1abd4710: startup date [Tue Oct 10 17:04:04 EDT 2017]; root of context hierarchy
Oct 10, 2017 5:04:04 PM org.springframework.beans.factory.xml.XmlBeanDefinitionReader loadBeanDefinitions
INFO: Loading XML bean definitions from class path resource [applicationContext.xml]
Oct 10, 2017 5:04:04 PM org.springframework.context.support.ClassPathXmlApplicationContext prepareRefresh
INFO: Refreshing org.springframework.context.support.ClassPathXmlApplicationContext@5b33f96a: startup date [Tue Oct 10 17:04:04 EDT 2017]; root of context hierarchy
Oct 10, 2017 5:04:04 PM org.springframework.beans.factory.xml.XmlBeanDefinitionReader loadBeanDefinitions
INFO: Loading XML bean definitions from class path resource [applicationContext.xml]
Oct 10, 2017 5:04:04 PM org.springframework.context.support.ClassPathXmlApplicationContext prepareRefresh
INFO: Refreshing org.springframework.context.support.ClassPathXmlApplicationContext@5d07b4c7: startup date [Tue Oct 10 17:04:04 EDT 2017]; root of context hierarchy
Oct 10, 2017 5:04:04 PM org.springframework.beans.factory.xml.XmlBeanDefinitionReader loadBeanDefinitions
INFO: Loading XML bean definitions from class path resource [applicationContext.xml]
Oct 10, 2017 5:04:04 PM org.springframework.context.support.ClassPathXmlApplicationContext prepareRefresh
INFO: Refreshing org.springframework.context.support.ClassPathXmlApplicationContext@1b0d0f76: startup date [Tue Oct 10 17:04:04 EDT 2017]; root of context hierarchy
Oct 10, 2017 5:04:04 PM org.springframework.beans.factory.xml.XmlBeanDefinitionReader loadBeanDefinitions
INFO: Loading XML bean definitions from class path resource [applicationContext.xml]
Oct 10, 2017 5:04:04 PM org.springframework.context.support.ClassPathXmlApplicationContext prepareRefresh
INFO: Refreshing org.springframework.context.support.ClassPathXmlApplicationContext@69efab0f: startup date [Tue Oct 10 17:04:04 EDT 2017]; root of context hierarchy
Oct 10, 2017 5:04:04 PM org.springframework.beans.factory.xml.XmlBeanDefinitionReader loadBeanDefinitions
INFO: Loading XML bean definitions from class path resource [applicationContext.xml]
Oct 10, 2017 5:04:04 PM org.springframework.context.support.ClassPathXmlApplicationContext prepareRefresh
INFO: Refreshing org.springframework.context.support.ClassPathXmlApplicationContext@42ff7c9e: startup date [Tue Oct 10 17:04:04 EDT 2017]; root of context hierarchy
Oct 10, 2017 5:04:04 PM org.springframework.beans.factory.xml.XmlBeanDefinitionReader loadBeanDefinitions
INFO: Loading XML bean definitions from class path resource [applicationContext.xml]
Oct 10, 2017 5:04:04 PM org.springframework.context.support.ClassPathXmlApplicationContext prepareRefresh
INFO: Refreshing org.springframework.context.support.ClassPathXmlApplicationContext@6ddd8f19: startup date [Tue Oct 10 17:04:04 EDT 2017]; root of context hierarchy
Oct 10, 2017 5:04:04 PM org.springframework.beans.factory.xml.XmlBeanDefinitionReader loadBeanDefinitions
INFO: Loading XML bean definitions from class path resource [applicationContext.xml]
Oct 10, 2017 5:04:04 PM org.springframework.context.support.ClassPathXmlApplicationContext prepareRefresh
INFO: Refreshing org.springframework.context.support.ClassPathXmlApplicationContext@a98909c: startup date [Tue Oct 10 17:04:04 EDT 2017]; root of context hierarchy
Oct 10, 2017 5:04:04 PM org.springframework.beans.factory.xml.XmlBeanDefinitionReader loadBeanDefinitions
INFO: Loading XML bean definitions from class path resource [applicationContext.xml]
Oct 10, 2017 5:04:04 PM org.springframework.context.support.ClassPathXmlApplicationContext prepareRefresh
INFO: Refreshing org.springframework.context.support.ClassPathXmlApplicationContext@16f49cf5: startup date [Tue Oct 10 17:04:04 EDT 2017]; root of context hierarchy
Oct 10, 2017 5:04:04 PM org.springframework.beans.factory.xml.XmlBeanDefinitionReader loadBeanDefinitions
INFO: Loading XML bean definitions from class path resource [applicationContext.xml]
Oct 10, 2017 5:04:04 PM org.springframework.context.support.ClassPathXmlApplicationContext prepareRefresh
INFO: Refreshing org.springframework.context.support.ClassPathXmlApplicationContext@4b4187e1: startup date [Tue Oct 10 17:04:04 EDT 2017]; root of context hierarchy
Oct 10, 2017 5:04:04 PM org.springframework.beans.factory.xml.XmlBeanDefinitionReader loadBeanDefinitions
INFO: Loading XML bean definitions from class path resource [applicationContext.xml]
Oct 10, 2017 5:04:04 PM org.springframework.context.support.ClassPathXmlApplicationContext prepareRefresh
INFO: Refreshing org.springframework.context.support.ClassPathXmlApplicationContext@777e0d70: startup date [Tue Oct 10 17:04:04 EDT 2017]; root of context hierarchy
Oct 10, 2017 5:04:04 PM org.springframework.beans.factory.xml.XmlBeanDefinitionReader loadBeanDefinitions
INFO: Loading XML bean definitions from class path resource [applicationContext.xml]
Oct 10, 2017 5:04:04 PM org.springframework.context.support.ClassPathXmlApplicationContext prepareRefresh
INFO: Refreshing org.springframework.context.support.ClassPathXmlApplicationContext@13e917fb: startup date [Tue Oct 10 17:04:04 EDT 2017]; root of context hierarchy
Oct 10, 2017 5:04:05 PM org.springframework.beans.factory.xml.XmlBeanDefinitionReader loadBeanDefinitions
INFO: Loading XML bean definitions from class path resource [applicationContext.xml]
Oct 10, 2017 5:04:05 PM org.springframework.context.support.ClassPathXmlApplicationContext prepareRefresh
INFO: Refreshing org.springframework.context.support.ClassPathXmlApplicationContext@61227c83: startup date [Tue Oct 10 17:04:05 EDT 2017]; root of context hierarchy
Oct 10, 2017 5:04:05 PM org.springframework.beans.factory.xml.XmlBeanDefinitionReader loadBeanDefinitions
INFO: Loading XML bean definitions from class path resource [applicationContext.xml]
Oct 10, 2017 5:04:05 PM org.springframework.context.support.ClassPathXmlApplicationContext prepareRefresh
INFO: Refreshing org.springframework.context.support.ClassPathXmlApplicationContext@7f496540: startup date [Tue Oct 10 17:04:05 EDT 2017]; root of context hierarchy
Oct 10, 2017 5:04:05 PM org.springframework.beans.factory.xml.XmlBeanDefinitionReader loadBeanDefinitions
INFO: Loading XML bean definitions from class path resource [applicationContext.xml]
Oct 10, 2017 5:04:05 PM org.springframework.context.support.ClassPathXmlApplicationContext prepareRefresh
INFO: Refreshing org.springframework.context.support.ClassPathXmlApplicationContext@3b4bcc4b: startup date [Tue Oct 10 17:04:05 EDT 2017]; root of context hierarchy
Oct 10, 2017 5:04:05 PM org.springframework.beans.factory.xml.XmlBeanDefinitionReader loadBeanDefinitions
INFO: Loading XML bean definitions from class path resource [applicationContext.xml]
Oct 10, 2017 5:04:05 PM org.springframework.context.support.ClassPathXmlApplicationContext prepareRefresh
INFO: Refreshing org.springframework.context.support.ClassPathXmlApplicationContext@2559077f: startup date [Tue Oct 10 17:04:05 EDT 2017]; root of context hierarchy
Oct 10, 2017 5:04:05 PM org.springframework.beans.factory.xml.XmlBeanDefinitionReader loadBeanDefinitions
INFO: Loading XML bean definitions from class path resource [applicationContext.xml]
Oct 10, 2017 5:04:05 PM org.springframework.context.support.ClassPathXmlApplicationContext prepareRefresh
INFO: Refreshing org.springframework.context.support.ClassPathXmlApplicationContext@52050dbf: startup date [Tue Oct 10 17:04:05 EDT 2017]; root of context hierarchy
Oct 10, 2017 5:04:05 PM org.springframework.beans.factory.xml.XmlBeanDefinitionReader loadBeanDefinitions
INFO: Loading XML bean definitions from class path resource [applicationContext.xml]
Oct 10, 2017 5:04:05 PM org.springframework.context.support.ClassPathXmlApplicationContext prepareRefresh
INFO: Refreshing org.springframework.context.support.ClassPathXmlApplicationContext@2fadf707: startup date [Tue Oct 10 17:04:05 EDT 2017]; root of context hierarchy
Oct 10, 2017 5:04:05 PM org.springframework.beans.factory.xml.XmlBeanDefinitionReader loadBeanDefinitions
INFO: Loading XML bean definitions from class path resource [applicationContext.xml]
Oct 10, 2017 5:04:05 PM org.springframework.context.support.ClassPathXmlApplicationContext prepareRefresh
INFO: Refreshing org.springframework.context.support.ClassPathXmlApplicationContext@63eb6d60: startup date [Tue Oct 10 17:04:05 EDT 2017]; root of context hierarchy
Oct 10, 2017 5:04:05 PM org.springframework.beans.factory.xml.XmlBeanDefinitionReader loadBeanDefinitions
INFO: Loading XML bean definitions from class path resource [applicationContext.xml]
Oct 10, 2017 5:04:05 PM org.springframework.context.support.ClassPathXmlApplicationContext prepareRefresh
INFO: Refreshing org.springframework.context.support.ClassPathXmlApplicationContext@7731a1b4: startup date [Tue Oct 10 17:04:05 EDT 2017]; root of context hierarchy
Oct 10, 2017 5:04:05 PM org.springframework.beans.factory.xml.XmlBeanDefinitionReader loadBeanDefinitions
INFO: Loading XML bean definitions from class path resource [applicationContext.xml]
Oct 10, 2017 5:04:05 PM org.springframework.context.support.ClassPathXmlApplicationContext prepareRefresh
INFO: Refreshing org.springframework.context.support.ClassPathXmlApplicationContext@2a7a867: startup date [Tue Oct 10 17:04:05 EDT 2017]; root of context hierarchy
Oct 10, 2017 5:04:05 PM org.springframework.beans.factory.xml.XmlBeanDefinitionReader loadBeanDefinitions
INFO: Loading XML bean definitions from class path resource [applicationContext.xml]
Oct 10, 2017 5:04:05 PM org.springframework.context.support.ClassPathXmlApplicationContext prepareRefresh
INFO: Refreshing org.springframework.context.support.ClassPathXmlApplicationContext@d66680b: startup date [Tue Oct 10 17:04:05 EDT 2017]; root of context hierarchy
Oct 10, 2017 5:04:05 PM org.springframework.beans.factory.xml.XmlBeanDefinitionReader loadBeanDefinitions
INFO: Loading XML bean definitions from class path resource [applicationContext.xml]
Oct 10, 2017 5:04:05 PM org.springframework.context.support.ClassPathXmlApplicationContext prepareRefresh
INFO: Refreshing org.springframework.context.support.ClassPathXmlApplicationContext@57b02cd5: startup date [Tue Oct 10 17:04:05 EDT 2017]; root of context hierarchy
Oct 10, 2017 5:04:05 PM org.springframework.beans.factory.xml.XmlBeanDefinitionReader loadBeanDefinitions
INFO: Loading XML bean definitions from class path resource [applicationContext.xml]
Oct 10, 2017 5:04:05 PM org.springframework.context.support.ClassPathXmlApplicationContext prepareRefresh
INFO: Refreshing org.springframework.context.support.ClassPathXmlApplicationContext@4c2cce3f: startup date [Tue Oct 10 17:04:05 EDT 2017]; root of context hierarchy
Oct 10, 2017 5:04:05 PM org.springframework.beans.factory.xml.XmlBeanDefinitionReader loadBeanDefinitions
INFO: Loading XML bean definitions from class path resource [applicationContext.xml]
Oct 10, 2017 5:04:05 PM org.springframework.context.support.ClassPathXmlApplicationContext prepareRefresh
INFO: Refreshing org.springframework.context.support.ClassPathXmlApplicationContext@1eb154a8: startup date [Tue Oct 10 17:04:05 EDT 2017]; root of context hierarchy
Oct 10, 2017 5:04:05 PM org.springframework.beans.factory.xml.XmlBeanDefinitionReader loadBeanDefinitions
INFO: Loading XML bean definitions from class path resource [applicationContext.xml]
Oct 10, 2017 5:04:05 PM org.springframework.context.support.ClassPathXmlApplicationContext prepareRefresh
INFO: Refreshing org.springframework.context.support.ClassPathXmlApplicationContext@3b3e2f5e: startup date [Tue Oct 10 17:04:05 EDT 2017]; root of context hierarchy
Oct 10, 2017 5:04:05 PM org.springframework.beans.factory.xml.XmlBeanDefinitionReader loadBeanDefinitions
INFO: Loading XML bean definitions from class path resource [applicationContext.xml]
Oct 10, 2017 5:04:05 PM org.springframework.context.support.ClassPathXmlApplicationContext prepareRefresh
INFO: Refreshing org.springframework.context.support.ClassPathXmlApplicationContext@1f8c1444: startup date [Tue Oct 10 17:04:05 EDT 2017]; root of context hierarchy
Oct 10, 2017 5:04:05 PM org.springframework.beans.factory.xml.XmlBeanDefinitionReader loadBeanDefinitions
INFO: Loading XML bean definitions from class path resource [applicationContext.xml]
Oct 10, 2017 5:04:05 PM org.springframework.context.support.ClassPathXmlApplicationContext prepareRefresh
INFO: Refreshing org.springframework.context.support.ClassPathXmlApplicationContext@35304275: startup date [Tue Oct 10 17:04:05 EDT 2017]; root of context hierarchy
Oct 10, 2017 5:04:05 PM org.springframework.beans.factory.xml.XmlBeanDefinitionReader loadBeanDefinitions
INFO: Loading XML bean definitions from class path resource [applicationContext.xml]
Oct 10, 2017 5:04:05 PM org.springframework.context.support.ClassPathXmlApplicationContext prepareRefresh
INFO: Refreshing org.springframework.context.support.ClassPathXmlApplicationContext@4710fa7b: startup date [Tue Oct 10 17:04:05 EDT 2017]; root of context hierarchy
Oct 10, 2017 5:04:05 PM org.springframework.beans.factory.xml.XmlBeanDefinitionReader loadBeanDefinitions
INFO: Loading XML bean definitions from class path resource [applicationContext.xml]
Oct 10, 2017 5:04:05 PM org.springframework.context.support.ClassPathXmlApplicationContext prepareRefresh
INFO: Refreshing org.springframework.context.support.ClassPathXmlApplicationContext@22f7a2fe: startup date [Tue Oct 10 17:04:05 EDT 2017]; root of context hierarchy
Oct 10, 2017 5:04:05 PM org.springframework.beans.factory.xml.XmlBeanDefinitionReader loadBeanDefinitions
INFO: Loading XML bean definitions from class path resource [applicationContext.xml]
Oct 10, 2017 5:04:05 PM org.springframework.context.support.ClassPathXmlApplicationContext prepareRefresh
INFO: Refreshing org.springframework.context.support.ClassPathXmlApplicationContext@17068631: startup date [Tue Oct 10 17:04:05 EDT 2017]; root of context hierarchy
Oct 10, 2017 5:04:05 PM org.springframework.beans.factory.xml.XmlBeanDefinitionReader loadBeanDefinitions
INFO: Loading XML bean definitions from class path resource [applicationContext.xml]
Oct 10, 2017 5:04:05 PM org.springframework.context.support.ClassPathXmlApplicationContext prepareRefresh
INFO: Refreshing org.springframework.context.support.ClassPathXmlApplicationContext@5f7ce00d: startup date [Tue Oct 10 17:04:05 EDT 2017]; root of context hierarchy
Oct 10, 2017 5:04:05 PM org.springframework.beans.factory.xml.XmlBeanDefinitionReader loadBeanDefinitions
INFO: Loading XML bean definitions from class path resource [applicationContext.xml]
Oct 10, 2017 5:04:05 PM org.springframework.context.support.ClassPathXmlApplicationContext prepareRefresh
INFO: Refreshing org.springframework.context.support.ClassPathXmlApplicationContext@1fbf4428: startup date [Tue Oct 10 17:04:05 EDT 2017]; root of context hierarchy
Oct 10, 2017 5:04:05 PM org.springframework.beans.factory.xml.XmlBeanDefinitionReader loadBeanDefinitions
INFO: Loading XML bean definitions from class path resource [applicationContext.xml]
Oct 10, 2017 5:04:05 PM org.springframework.context.support.ClassPathXmlApplicationContext prepareRefresh
INFO: Refreshing org.springframework.context.support.ClassPathXmlApplicationContext@4deae564: startup date [Tue Oct 10 17:04:05 EDT 2017]; root of context hierarchy
Oct 10, 2017 5:04:05 PM org.springframework.beans.factory.xml.XmlBeanDefinitionReader loadBeanDefinitions
INFO: Loading XML bean definitions from class path resource [applicationContext.xml]
Oct 10, 2017 5:04:05 PM org.springframework.context.support.ClassPathXmlApplicationContext prepareRefresh
INFO: Refreshing org.springframework.context.support.ClassPathXmlApplicationContext@e2b65ca: startup date [Tue Oct 10 17:04:05 EDT 2017]; root of context hierarchy
Oct 10, 2017 5:04:05 PM org.springframework.beans.factory.xml.XmlBeanDefinitionReader loadBeanDefinitions
INFO: Loading XML bean definitions from class path resource [applicationContext.xml]
Oct 10, 2017 5:04:05 PM org.springframework.context.support.ClassPathXmlApplicationContext prepareRefresh
INFO: Refreshing org.springframework.context.support.ClassPathXmlApplicationContext@33ae5d98: startup date [Tue Oct 10 17:04:05 EDT 2017]; root of context hierarchy
Oct 10, 2017 5:04:05 PM org.springframework.beans.factory.xml.XmlBeanDefinitionReader loadBeanDefinitions
INFO: Loading XML bean definitions from class path resource [applicationContext.xml]
Oct 10, 2017 5:04:05 PM org.springframework.context.support.ClassPathXmlApplicationContext prepareRefresh
INFO: Refreshing org.springframework.context.support.ClassPathXmlApplicationContext@24ab9b2c: startup date [Tue Oct 10 17:04:05 EDT 2017]; root of context hierarchy
Oct 10, 2017 5:04:05 PM org.springframework.beans.factory.xml.XmlBeanDefinitionReader loadBeanDefinitions
INFO: Loading XML bean definitions from class path resource [applicationContext.xml]
Oct 10, 2017 5:04:05 PM org.springframework.context.support.ClassPathXmlApplicationContext prepareRefresh
INFO: Refreshing org.springframework.context.support.ClassPathXmlApplicationContext@6f89528b: startup date [Tue Oct 10 17:04:05 EDT 2017]; root of context hierarchy
Oct 10, 2017 5:04:05 PM org.springframework.beans.factory.xml.XmlBeanDefinitionReader loadBeanDefinitions
INFO: Loading XML bean definitions from class path resource [applicationContext.xml]
Oct 10, 2017 5:04:05 PM org.springframework.context.support.ClassPathXmlApplicationContext prepareRefresh
INFO: Refreshing org.springframework.context.support.ClassPathXmlApplicationContext@1ecdaf03: startup date [Tue Oct 10 17:04:05 EDT 2017]; root of context hierarchy
Oct 10, 2017 5:04:05 PM org.springframework.beans.factory.xml.XmlBeanDefinitionReader loadBeanDefinitions
INFO: Loading XML bean definitions from class path resource [applicationContext.xml]
Oct 10, 2017 5:04:05 PM org.springframework.context.support.ClassPathXmlApplicationContext prepareRefresh
INFO: Refreshing org.springframework.context.support.ClassPathXmlApplicationContext@57c02b40: startup date [Tue Oct 10 17:04:05 EDT 2017]; root of context hierarchy
Oct 10, 2017 5:04:05 PM org.springframework.beans.factory.xml.XmlBeanDefinitionReader loadBeanDefinitions
INFO: Loading XML bean definitions from class path resource [applicationContext.xml]
Oct 10, 2017 5:04:05 PM org.springframework.context.support.ClassPathXmlApplicationContext prepareRefresh
INFO: Refreshing org.springframework.context.support.ClassPathXmlApplicationContext@724dc44d: startup date [Tue Oct 10 17:04:05 EDT 2017]; root of context hierarchy
Oct 10, 2017 5:04:05 PM org.springframework.beans.factory.xml.XmlBeanDefinitionReader loadBeanDefinitions
INFO: Loading XML bean definitions from class path resource [applicationContext.xml]
Oct 10, 2017 5:04:05 PM org.springframework.context.support.ClassPathXmlApplicationContext prepareRefresh
INFO: Refreshing org.springframework.context.support.ClassPathXmlApplicationContext@6f8f9a99: startup date [Tue Oct 10 17:04:05 EDT 2017]; root of context hierarchy
Oct 10, 2017 5:04:05 PM org.springframework.beans.factory.xml.XmlBeanDefinitionReader loadBeanDefinitions
INFO: Loading XML bean definitions from class path resource [applicationContext.xml]
Oct 10, 2017 5:04:05 PM org.springframework.context.support.ClassPathXmlApplicationContext prepareRefresh
INFO: Refreshing org.springframework.context.support.ClassPathXmlApplicationContext@48216061: startup date [Tue Oct 10 17:04:05 EDT 2017]; root of context hierarchy
Oct 10, 2017 5:04:05 PM org.springframework.beans.factory.xml.XmlBeanDefinitionReader loadBeanDefinitions
INFO: Loading XML bean definitions from class path resource [applicationContext.xml]
Oct 10, 2017 5:04:05 PM org.springframework.context.support.ClassPathXmlApplicationContext prepareRefresh
INFO: Refreshing org.springframework.context.support.ClassPathXmlApplicationContext@2f372ec4: startup date [Tue Oct 10 17:04:05 EDT 2017]; root of context hierarchy
Oct 10, 2017 5:04:05 PM org.springframework.beans.factory.xml.XmlBeanDefinitionReader loadBeanDefinitions
INFO: Loading XML bean definitions from class path resource [applicationContext.xml]
Oct 10, 2017 5:04:05 PM org.springframework.context.support.ClassPathXmlApplicationContext prepareRefresh
INFO: Refreshing org.springframework.context.support.ClassPathXmlApplicationContext@60bf6986: startup date [Tue Oct 10 17:04:05 EDT 2017]; root of context hierarchy
Oct 10, 2017 5:04:05 PM org.springframework.beans.factory.xml.XmlBeanDefinitionReader loadBeanDefinitions
INFO: Loading XML bean definitions from class path resource [applicationContext.xml]
Oct 10, 2017 5:04:05 PM org.springframework.context.support.ClassPathXmlApplicationContext prepareRefresh
INFO: Refreshing org.springframework.context.support.ClassPathXmlApplicationContext@1cbd7663: startup date [Tue Oct 10 17:04:05 EDT 2017]; root of context hierarchy
Oct 10, 2017 5:04:05 PM org.springframework.beans.factory.xml.XmlBeanDefinitionReader loadBeanDefinitions
INFO: Loading XML bean definitions from class path resource [applicationContext.xml]
Oct 10, 2017 5:04:05 PM org.springframework.context.support.ClassPathXmlApplicationContext prepareRefresh
INFO: Refreshing org.springframework.context.support.ClassPathXmlApplicationContext@770eb6da: startup date [Tue Oct 10 17:04:05 EDT 2017]; root of context hierarchy
Oct 10, 2017 5:04:05 PM org.springframework.beans.factory.xml.XmlBeanDefinitionReader loadBeanDefinitions
INFO: Loading XML bean definitions from class path resource [applicationContext.xml]
Oct 10, 2017 5:04:05 PM org.springframework.context.support.ClassPathXmlApplicationContext prepareRefresh
INFO: Refreshing org.springframework.context.support.ClassPathXmlApplicationContext@23116223: startup date [Tue Oct 10 17:04:05 EDT 2017]; root of context hierarchy
Oct 10, 2017 5:04:05 PM org.springframework.beans.factory.xml.XmlBeanDefinitionReader loadBeanDefinitions
INFO: Loading XML bean definitions from class path resource [applicationContext.xml]
Oct 10, 2017 5:04:05 PM org.springframework.context.support.ClassPathXmlApplicationContext prepareRefresh
INFO: Refreshing org.springframework.context.support.ClassPathXmlApplicationContext@37aae014: startup date [Tue Oct 10 17:04:05 EDT 2017]; root of context hierarchy
Oct 10, 2017 5:04:05 PM org.springframework.beans.factory.xml.XmlBeanDefinitionReader loadBeanDefinitions
INFO: Loading XML bean definitions from class path resource [applicationContext.xml]
Oct 10, 2017 5:04:05 PM org.springframework.context.support.ClassPathXmlApplicationContext prepareRefresh
INFO: Refreshing org.springframework.context.support.ClassPathXmlApplicationContext@26eff634: startup date [Tue Oct 10 17:04:05 EDT 2017]; root of context hierarchy
Oct 10, 2017 5:04:05 PM org.springframework.beans.factory.xml.XmlBeanDefinitionReader loadBeanDefinitions
INFO: Loading XML bean definitions from class path resource [applicationContext.xml]
Oct 10, 2017 5:04:05 PM org.springframework.context.support.ClassPathXmlApplicationContext prepareRefresh
INFO: Refreshing org.springframework.context.support.ClassPathXmlApplicationContext@1992c864: startup date [Tue Oct 10 17:04:05 EDT 2017]; root of context hierarchy
Oct 10, 2017 5:04:05 PM org.springframework.beans.factory.xml.XmlBeanDefinitionReader loadBeanDefinitions
INFO: Loading XML bean definitions from class path resource [applicationContext.xml]
Oct 10, 2017 5:04:05 PM org.springframework.context.support.ClassPathXmlApplicationContext prepareRefresh
INFO: Refreshing org.springframework.context.support.ClassPathXmlApplicationContext@7157bbb3: startup date [Tue Oct 10 17:04:05 EDT 2017]; root of context hierarchy
Oct 10, 2017 5:04:05 PM org.springframework.beans.factory.xml.XmlBeanDefinitionReader loadBeanDefinitions
INFO: Loading XML bean definitions from class path resource [applicationContext.xml]
Oct 10, 2017 5:04:05 PM org.springframework.context.support.ClassPathXmlApplicationContext prepareRefresh
INFO: Refreshing org.springframework.context.support.ClassPathXmlApplicationContext@49ddd7ce: startup date [Tue Oct 10 17:04:05 EDT 2017]; root of context hierarchy
Oct 10, 2017 5:04:05 PM org.springframework.beans.factory.xml.XmlBeanDefinitionReader loadBeanDefinitions
INFO: Loading XML bean definitions from class path resource [applicationContext.xml]
Oct 10, 2017 5:04:05 PM org.springframework.context.support.ClassPathXmlApplicationContext prepareRefresh
INFO: Refreshing org.springframework.context.support.ClassPathXmlApplicationContext@4519dc91: startup date [Tue Oct 10 17:04:05 EDT 2017]; root of context hierarchy
Oct 10, 2017 5:04:05 PM org.springframework.beans.factory.xml.XmlBeanDefinitionReader loadBeanDefinitions
INFO: Loading XML bean definitions from class path resource [applicationContext.xml]
Oct 10, 2017 5:04:05 PM org.springframework.context.support.ClassPathXmlApplicationContext prepareRefresh
INFO: Refreshing org.springframework.context.support.ClassPathXmlApplicationContext@5b3a8a39: startup date [Tue Oct 10 17:04:05 EDT 2017]; root of context hierarchy
Oct 10, 2017 5:04:05 PM org.springframework.beans.factory.xml.XmlBeanDefinitionReader loadBeanDefinitions
INFO: Loading XML bean definitions from class path resource [applicationContext.xml]
Oct 10, 2017 5:04:05 PM org.springframework.context.support.ClassPathXmlApplicationContext prepareRefresh
INFO: Refreshing org.springframework.context.support.ClassPathXmlApplicationContext@ab16c28: startup date [Tue Oct 10 17:04:05 EDT 2017]; root of context hierarchy
Oct 10, 2017 5:04:05 PM org.springframework.beans.factory.xml.XmlBeanDefinitionReader loadBeanDefinitions
INFO: Loading XML bean definitions from class path resource [applicationContext.xml]
Oct 10, 2017 5:04:05 PM org.springframework.context.support.ClassPathXmlApplicationContext prepareRefresh
INFO: Refreshing org.springframework.context.support.ClassPathXmlApplicationContext@125b42b3: startup date [Tue Oct 10 17:04:05 EDT 2017]; root of context hierarchy
Oct 10, 2017 5:04:05 PM org.springframework.beans.factory.xml.XmlBeanDefinitionReader loadBeanDefinitions
INFO: Loading XML bean definitions from class path resource [applicationContext.xml]
Oct 10, 2017 5:04:05 PM org.springframework.context.support.ClassPathXmlApplicationContext prepareRefresh
INFO: Refreshing org.springframework.context.support.ClassPathXmlApplicationContext@786da4da: startup date [Tue Oct 10 17:04:05 EDT 2017]; root of context hierarchy
Oct 10, 2017 5:04:05 PM org.springframework.beans.factory.xml.XmlBeanDefinitionReader loadBeanDefinitions
INFO: Loading XML bean definitions from class path resource [applicationContext.xml]
Oct 10, 2017 5:04:05 PM org.springframework.context.support.ClassPathXmlApplicationContext prepareRefresh
INFO: Refreshing org.springframework.context.support.ClassPathXmlApplicationContext@59385fad: startup date [Tue Oct 10 17:04:05 EDT 2017]; root of context hierarchy
Oct 10, 2017 5:04:05 PM org.springframework.beans.factory.xml.XmlBeanDefinitionReader loadBeanDefinitions
INFO: Loading XML bean definitions from class path resource [applicationContext.xml]
Oct 10, 2017 5:04:05 PM org.springframework.context.support.ClassPathXmlApplicationContext prepareRefresh
INFO: Refreshing org.springframework.context.support.ClassPathXmlApplicationContext@163bae08: startup date [Tue Oct 10 17:04:05 EDT 2017]; root of context hierarchy
Oct 10, 2017 5:04:05 PM org.springframework.beans.factory.xml.XmlBeanDefinitionReader loadBeanDefinitions
INFO: Loading XML bean definitions from class path resource [applicationContext.xml]
Oct 10, 2017 5:04:05 PM org.springframework.context.support.ClassPathXmlApplicationContext prepareRefresh
INFO: Refreshing org.springframework.context.support.ClassPathXmlApplicationContext@13e9c3c6: startup date [Tue Oct 10 17:04:05 EDT 2017]; root of context hierarchy
Oct 10, 2017 5:04:05 PM org.springframework.beans.factory.xml.XmlBeanDefinitionReader loadBeanDefinitions
INFO: Loading XML bean definitions from class path resource [applicationContext.xml]
Oct 10, 2017 5:04:05 PM org.springframework.context.support.ClassPathXmlApplicationContext prepareRefresh
INFO: Refreshing org.springframework.context.support.ClassPathXmlApplicationContext@4165e162: startup date [Tue Oct 10 17:04:05 EDT 2017]; root of context hierarchy
Oct 10, 2017 5:04:05 PM org.springframework.beans.factory.xml.XmlBeanDefinitionReader loadBeanDefinitions
INFO: Loading XML bean definitions from class path resource [applicationContext.xml]
Oct 10, 2017 5:04:05 PM org.springframework.context.support.ClassPathXmlApplicationContext prepareRefresh
INFO: Refreshing org.springframework.context.support.ClassPathXmlApplicationContext@6b51ebdb: startup date [Tue Oct 10 17:04:05 EDT 2017]; root of context hierarchy
Oct 10, 2017 5:04:05 PM org.springframework.beans.factory.xml.XmlBeanDefinitionReader loadBeanDefinitions
INFO: Loading XML bean definitions from class path resource [applicationContext.xml]
Oct 10, 2017 5:04:05 PM org.springframework.context.support.ClassPathXmlApplicationContext prepareRefresh
INFO: Refreshing org.springframework.context.support.ClassPathXmlApplicationContext@3731b2cd: startup date [Tue Oct 10 17:04:05 EDT 2017]; root of context hierarchy
Oct 10, 2017 5:04:05 PM org.springframework.beans.factory.xml.XmlBeanDefinitionReader loadBeanDefinitions
INFO: Loading XML bean definitions from class path resource [applicationContext.xml]
Oct 10, 2017 5:04:05 PM org.springframework.context.support.ClassPathXmlApplicationContext prepareRefresh
INFO: Refreshing org.springframework.context.support.ClassPathXmlApplicationContext@7b6352dc: startup date [Tue Oct 10 17:04:05 EDT 2017]; root of context hierarchy
Oct 10, 2017 5:04:05 PM org.springframework.beans.factory.xml.XmlBeanDefinitionReader loadBeanDefinitions
INFO: Loading XML bean definitions from class path resource [applicationContext.xml]
Oct 10, 2017 5:04:05 PM org.springframework.context.support.ClassPathXmlApplicationContext prepareRefresh
INFO: Refreshing org.springframework.context.support.ClassPathXmlApplicationContext@fc05a26: startup date [Tue Oct 10 17:04:05 EDT 2017]; root of context hierarchy
Oct 10, 2017 5:04:05 PM org.springframework.beans.factory.xml.XmlBeanDefinitionReader loadBeanDefinitions
INFO: Loading XML bean definitions from class path resource [applicationContext.xml]
Oct 10, 2017 5:04:05 PM org.springframework.context.support.ClassPathXmlApplicationContext prepareRefresh
INFO: Refreshing org.springframework.context.support.ClassPathXmlApplicationContext@7bcfd239: startup date [Tue Oct 10 17:04:05 EDT 2017]; root of context hierarchy
Oct 10, 2017 5:04:05 PM org.springframework.beans.factory.xml.XmlBeanDefinitionReader loadBeanDefinitions
INFO: Loading XML bean definitions from class path resource [applicationContext.xml]
Oct 10, 2017 5:04:06 PM org.springframework.context.support.ClassPathXmlApplicationContext prepareRefresh
INFO: Refreshing org.springframework.context.support.ClassPathXmlApplicationContext@3de9bd89: startup date [Tue Oct 10 17:04:06 EDT 2017]; root of context hierarchy
Oct 10, 2017 5:04:06 PM org.springframework.beans.factory.xml.XmlBeanDefinitionReader loadBeanDefinitions
INFO: Loading XML bean definitions from class path resource [applicationContext.xml]
Oct 10, 2017 5:04:06 PM org.springframework.context.support.ClassPathXmlApplicationContext prepareRefresh
INFO: Refreshing org.springframework.context.support.ClassPathXmlApplicationContext@102c782e: startup date [Tue Oct 10 17:04:06 EDT 2017]; root of context hierarchy
Oct 10, 2017 5:04:06 PM org.springframework.beans.factory.xml.XmlBeanDefinitionReader loadBeanDefinitions
INFO: Loading XML bean definitions from class path resource [applicationContext.xml]
Oct 10, 2017 5:04:06 PM org.springframework.context.support.ClassPathXmlApplicationContext prepareRefresh
INFO: Refreshing org.springframework.context.support.ClassPathXmlApplicationContext@1948029: startup date [Tue Oct 10 17:04:06 EDT 2017]; root of context hierarchy
Oct 10, 2017 5:04:06 PM org.springframework.beans.factory.xml.XmlBeanDefinitionReader loadBeanDefinitions
INFO: Loading XML bean definitions from class path resource [applicationContext.xml]
Oct 10, 2017 5:04:06 PM org.springframework.context.support.ClassPathXmlApplicationContext prepareRefresh
INFO: Refreshing org.springframework.context.support.ClassPathXmlApplicationContext@54599f2d: startup date [Tue Oct 10 17:04:06 EDT 2017]; root of context hierarchy
Oct 10, 2017 5:04:06 PM org.springframework.beans.factory.xml.XmlBeanDefinitionReader loadBeanDefinitions
INFO: Loading XML bean definitions from class path resource [applicationContext.xml]
Oct 10, 2017 5:04:06 PM org.springframework.context.support.ClassPathXmlApplicationContext prepareRefresh
INFO: Refreshing org.springframework.context.support.ClassPathXmlApplicationContext@71f81d3d: startup date [Tue Oct 10 17:04:06 EDT 2017]; root of context hierarchy
Oct 10, 2017 5:04:06 PM org.springframework.beans.factory.xml.XmlBeanDefinitionReader loadBeanDefinitions
INFO: Loading XML bean definitions from class path resource [applicationContext.xml]
Oct 10, 2017 5:04:06 PM org.springframework.context.support.ClassPathXmlApplicationContext prepareRefresh
INFO: Refreshing org.springframework.context.support.ClassPathXmlApplicationContext@39a19032: startup date [Tue Oct 10 17:04:06 EDT 2017]; root of context hierarchy
Oct 10, 2017 5:04:06 PM org.springframework.beans.factory.xml.XmlBeanDefinitionReader loadBeanDefinitions
INFO: Loading XML bean definitions from class path resource [applicationContext.xml]
Oct 10, 2017 5:04:06 PM org.springframework.context.support.ClassPathXmlApplicationContext prepareRefresh
INFO: Refreshing org.springframework.context.support.ClassPathXmlApplicationContext@2d78d825: startup date [Tue Oct 10 17:04:06 EDT 2017]; root of context hierarchy
Oct 10, 2017 5:04:06 PM org.springframework.beans.factory.xml.XmlBeanDefinitionReader loadBeanDefinitions
INFO: Loading XML bean definitions from class path resource [applicationContext.xml]
Oct 10, 2017 5:04:06 PM org.springframework.context.support.ClassPathXmlApplicationContext prepareRefresh
INFO: Refreshing org.springframework.context.support.ClassPathXmlApplicationContext@72619940: startup date [Tue Oct 10 17:04:06 EDT 2017]; root of context hierarchy
Oct 10, 2017 5:04:06 PM org.springframework.beans.factory.xml.XmlBeanDefinitionReader loadBeanDefinitions
INFO: Loading XML bean definitions from class path resource [applicationContext.xml]
Oct 10, 2017 5:04:06 PM org.springframework.context.support.ClassPathXmlApplicationContext prepareRefresh
INFO: Refreshing org.springframework.context.support.ClassPathXmlApplicationContext@f5a1cdb: startup date [Tue Oct 10 17:04:06 EDT 2017]; root of context hierarchy
Oct 10, 2017 5:04:06 PM org.springframework.beans.factory.xml.XmlBeanDefinitionReader loadBeanDefinitions
INFO: Loading XML bean definitions from class path resource [applicationContext.xml]
Oct 10, 2017 5:04:06 PM org.springframework.context.support.ClassPathXmlApplicationContext prepareRefresh
INFO: Refreshing org.springframework.context.support.ClassPathXmlApplicationContext@3271ff89: startup date [Tue Oct 10 17:04:06 EDT 2017]; root of context hierarchy
Oct 10, 2017 5:04:06 PM org.springframework.beans.factory.xml.XmlBeanDefinitionReader loadBeanDefinitions
INFO: Loading XML bean definitions from class path resource [applicationContext.xml]
Oct 10, 2017 5:04:06 PM org.springframework.context.support.ClassPathXmlApplicationContext prepareRefresh
INFO: Refreshing org.springframework.context.support.ClassPathXmlApplicationContext@105383fb: startup date [Tue Oct 10 17:04:06 EDT 2017]; root of context hierarchy
Oct 10, 2017 5:04:06 PM org.springframework.beans.factory.xml.XmlBeanDefinitionReader loadBeanDefinitions
INFO: Loading XML bean definitions from class path resource [applicationContext.xml]
Oct 10, 2017 5:04:06 PM org.springframework.context.support.ClassPathXmlApplicationContext prepareRefresh
INFO: Refreshing org.springframework.context.support.ClassPathXmlApplicationContext@28998610: startup date [Tue Oct 10 17:04:06 EDT 2017]; root of context hierarchy
Oct 10, 2017 5:04:06 PM org.springframework.beans.factory.xml.XmlBeanDefinitionReader loadBeanDefinitions
INFO: Loading XML bean definitions from class path resource [applicationContext.xml]
Oct 10, 2017 5:04:06 PM org.springframework.context.support.ClassPathXmlApplicationContext prepareRefresh
INFO: Refreshing org.springframework.context.support.ClassPathXmlApplicationContext@6ce2b221: startup date [Tue Oct 10 17:04:06 EDT 2017]; root of context hierarchy
Oct 10, 2017 5:04:06 PM org.springframework.beans.factory.xml.XmlBeanDefinitionReader loadBeanDefinitions
INFO: Loading XML bean definitions from class path resource [applicationContext.xml]
Oct 10, 2017 5:04:06 PM org.springframework.context.support.ClassPathXmlApplicationContext prepareRefresh
INFO: Refreshing org.springframework.context.support.ClassPathXmlApplicationContext@7cbf9fe0: startup date [Tue Oct 10 17:04:06 EDT 2017]; root of context hierarchy
Oct 10, 2017 5:04:06 PM org.springframework.beans.factory.xml.XmlBeanDefinitionReader loadBeanDefinitions
INFO: Loading XML bean definitions from class path resource [applicationContext.xml]
Oct 10, 2017 5:04:06 PM org.springframework.context.support.ClassPathXmlApplicationContext prepareRefresh
INFO: Refreshing org.springframework.context.support.ClassPathXmlApplicationContext@1c39980a: startup date [Tue Oct 10 17:04:06 EDT 2017]; root of context hierarchy
Oct 10, 2017 5:04:06 PM org.springframework.beans.factory.xml.XmlBeanDefinitionReader loadBeanDefinitions
INFO: Loading XML bean definitions from class path resource [applicationContext.xml]
Oct 10, 2017 5:04:06 PM org.springframework.context.support.ClassPathXmlApplicationContext prepareRefresh
INFO: Refreshing org.springframework.context.support.ClassPathXmlApplicationContext@71d5e227: startup date [Tue Oct 10 17:04:06 EDT 2017]; root of context hierarchy
Oct 10, 2017 5:04:06 PM org.springframework.beans.factory.xml.XmlBeanDefinitionReader loadBeanDefinitions
INFO: Loading XML bean definitions from class path resource [applicationContext.xml]
Oct 10, 2017 5:04:06 PM org.springframework.context.support.ClassPathXmlApplicationContext prepareRefresh
INFO: Refreshing org.springframework.context.support.ClassPathXmlApplicationContext@632f9336: startup date [Tue Oct 10 17:04:06 EDT 2017]; root of context hierarchy
Oct 10, 2017 5:04:06 PM org.springframework.beans.factory.xml.XmlBeanDefinitionReader loadBeanDefinitions
INFO: Loading XML bean definitions from class path resource [applicationContext.xml]
Oct 10, 2017 5:04:06 PM org.springframework.context.support.ClassPathXmlApplicationContext prepareRefresh
INFO: Refreshing org.springframework.context.support.ClassPathXmlApplicationContext@7ba2fa75: startup date [Tue Oct 10 17:04:06 EDT 2017]; root of context hierarchy
Oct 10, 2017 5:04:06 PM org.springframework.beans.factory.xml.XmlBeanDefinitionReader loadBeanDefinitions
INFO: Loading XML bean definitions from class path resource [applicationContext.xml]
Oct 10, 2017 5:04:06 PM org.springframework.context.support.ClassPathXmlApplicationContext prepareRefresh
INFO: Refreshing org.springframework.context.support.ClassPathXmlApplicationContext@a6f3781: startup date [Tue Oct 10 17:04:06 EDT 2017]; root of context hierarchy
Oct 10, 2017 5:04:06 PM org.springframework.beans.factory.xml.XmlBeanDefinitionReader loadBeanDefinitions
INFO: Loading XML bean definitions from class path resource [applicationContext.xml]
Oct 10, 2017 5:04:06 PM org.springframework.context.support.ClassPathXmlApplicationContext prepareRefresh
INFO: Refreshing org.springframework.context.support.ClassPathXmlApplicationContext@70b1773b: startup date [Tue Oct 10 17:04:06 EDT 2017]; root of context hierarchy
Oct 10, 2017 5:04:06 PM org.springframework.beans.factory.xml.XmlBeanDefinitionReader loadBeanDefinitions
INFO: Loading XML bean definitions from class path resource [applicationContext.xml]
Oct 10, 2017 5:04:06 PM org.springframework.context.support.ClassPathXmlApplicationContext prepareRefresh
INFO: Refreshing org.springframework.context.support.ClassPathXmlApplicationContext@6e9e9f78: startup date [Tue Oct 10 17:04:06 EDT 2017]; root of context hierarchy
Oct 10, 2017 5:04:06 PM org.springframework.beans.factory.xml.XmlBeanDefinitionReader loadBeanDefinitions
INFO: Loading XML bean definitions from class path resource [applicationContext.xml]
Oct 10, 2017 5:04:06 PM org.springframework.context.support.ClassPathXmlApplicationContext prepareRefresh
INFO: Refreshing org.springframework.context.support.ClassPathXmlApplicationContext@4568f9df: startup date [Tue Oct 10 17:04:06 EDT 2017]; root of context hierarchy
Oct 10, 2017 5:04:06 PM org.springframework.beans.factory.xml.XmlBeanDefinitionReader loadBeanDefinitions
INFO: Loading XML bean definitions from class path resource [applicationContext.xml]
Oct 10, 2017 5:04:06 PM org.springframework.context.support.ClassPathXmlApplicationContext prepareRefresh
INFO: Refreshing org.springframework.context.support.ClassPathXmlApplicationContext@184f5756: startup date [Tue Oct 10 17:04:06 EDT 2017]; root of context hierarchy
Oct 10, 2017 5:04:06 PM org.springframework.beans.factory.xml.XmlBeanDefinitionReader loadBeanDefinitions
INFO: Loading XML bean definitions from class path resource [applicationContext.xml]
Oct 10, 2017 5:04:06 PM org.springframework.context.support.ClassPathXmlApplicationContext prepareRefresh
INFO: Refreshing org.springframework.context.support.ClassPathXmlApplicationContext@8989d65: startup date [Tue Oct 10 17:04:06 EDT 2017]; root of context hierarchy
Oct 10, 2017 5:04:06 PM org.springframework.beans.factory.xml.XmlBeanDefinitionReader loadBeanDefinitions
INFO: Loading XML bean definitions from class path resource [applicationContext.xml]
Oct 10, 2017 5:04:06 PM org.springframework.context.support.ClassPathXmlApplicationContext prepareRefresh
INFO: Refreshing org.springframework.context.support.ClassPathXmlApplicationContext@2005e088: startup date [Tue Oct 10 17:04:06 EDT 2017]; root of context hierarchy
Oct 10, 2017 5:04:06 PM org.springframework.beans.factory.xml.XmlBeanDefinitionReader loadBeanDefinitions
INFO: Loading XML bean definitions from class path resource [applicationContext.xml]
Oct 10, 2017 5:04:06 PM org.springframework.context.support.ClassPathXmlApplicationContext prepareRefresh
INFO: Refreshing org.springframework.context.support.ClassPathXmlApplicationContext@6e77d412: startup date [Tue Oct 10 17:04:06 EDT 2017]; root of context hierarchy
Oct 10, 2017 5:04:06 PM org.springframework.beans.factory.xml.XmlBeanDefinitionReader loadBeanDefinitions
INFO: Loading XML bean definitions from class path resource [applicationContext.xml]
Oct 10, 2017 5:04:06 PM org.springframework.context.support.ClassPathXmlApplicationContext prepareRefresh
INFO: Refreshing org.springframework.context.support.ClassPathXmlApplicationContext@6d94a2a7: startup date [Tue Oct 10 17:04:06 EDT 2017]; root of context hierarchy
Oct 10, 2017 5:04:06 PM org.springframework.beans.factory.xml.XmlBeanDefinitionReader loadBeanDefinitions
INFO: Loading XML bean definitions from class path resource [applicationContext.xml]
Oct 10, 2017 5:04:06 PM org.springframework.context.support.ClassPathXmlApplicationContext prepareRefresh
INFO: Refreshing org.springframework.context.support.ClassPathXmlApplicationContext@1d4c05f: startup date [Tue Oct 10 17:04:06 EDT 2017]; root of context hierarchy
Oct 10, 2017 5:04:06 PM org.springframework.beans.factory.xml.XmlBeanDefinitionReader loadBeanDefinitions
INFO: Loading XML bean definitions from class path resource [applicationContext.xml]
Oct 10, 2017 5:04:06 PM org.springframework.context.support.ClassPathXmlApplicationContext prepareRefresh
INFO: Refreshing org.springframework.context.support.ClassPathXmlApplicationContext@3a6295d9: startup date [Tue Oct 10 17:04:06 EDT 2017]; root of context hierarchy
Oct 10, 2017 5:04:06 PM org.springframework.beans.factory.xml.XmlBeanDefinitionReader loadBeanDefinitions
INFO: Loading XML bean definitions from class path resource [applicationContext.xml]
Oct 10, 2017 5:04:06 PM org.springframework.context.support.ClassPathXmlApplicationContext prepareRefresh
INFO: Refreshing org.springframework.context.support.ClassPathXmlApplicationContext@7a3aeb9e: startup date [Tue Oct 10 17:04:06 EDT 2017]; root of context hierarchy
Oct 10, 2017 5:04:06 PM org.springframework.beans.factory.xml.XmlBeanDefinitionReader loadBeanDefinitions
INFO: Loading XML bean definitions from class path resource [applicationContext.xml]
Oct 10, 2017 5:04:06 PM org.springframework.context.support.ClassPathXmlApplicationContext prepareRefresh
INFO: Refreshing org.springframework.context.support.ClassPathXmlApplicationContext@5222c7aa: startup date [Tue Oct 10 17:04:06 EDT 2017]; root of context hierarchy
Oct 10, 2017 5:04:06 PM org.springframework.beans.factory.xml.XmlBeanDefinitionReader loadBeanDefinitions
INFO: Loading XML bean definitions from class path resource [applicationContext.xml]
Oct 10, 2017 5:04:06 PM org.springframework.context.support.ClassPathXmlApplicationContext prepareRefresh
INFO: Refreshing org.springframework.context.support.ClassPathXmlApplicationContext@79d0d024: startup date [Tue Oct 10 17:04:06 EDT 2017]; root of context hierarchy
Oct 10, 2017 5:04:06 PM org.springframework.beans.factory.xml.XmlBeanDefinitionReader loadBeanDefinitions
INFO: Loading XML bean definitions from class path resource [applicationContext.xml]
Oct 10, 2017 5:04:06 PM org.springframework.context.support.ClassPathXmlApplicationContext prepareRefresh
INFO: Refreshing org.springframework.context.support.ClassPathXmlApplicationContext@13a919b9: startup date [Tue Oct 10 17:04:06 EDT 2017]; root of context hierarchy
Oct 10, 2017 5:04:06 PM org.springframework.beans.factory.xml.XmlBeanDefinitionReader loadBeanDefinitions
INFO: Loading XML bean definitions from class path resource [applicationContext.xml]
Oct 10, 2017 5:04:06 PM org.springframework.context.support.ClassPathXmlApplicationContext prepareRefresh
INFO: Refreshing org.springframework.context.support.ClassPathXmlApplicationContext@2ae8bc18: startup date [Tue Oct 10 17:04:06 EDT 2017]; root of context hierarchy
Oct 10, 2017 5:04:06 PM org.springframework.beans.factory.xml.XmlBeanDefinitionReader loadBeanDefinitions
INFO: Loading XML bean definitions from class path resource [applicationContext.xml]
Oct 10, 2017 5:04:06 PM org.springframework.context.support.ClassPathXmlApplicationContext prepareRefresh
INFO: Refreshing org.springframework.context.support.ClassPathXmlApplicationContext@74c24025: startup date [Tue Oct 10 17:04:06 EDT 2017]; root of context hierarchy
Oct 10, 2017 5:04:06 PM org.springframework.beans.factory.xml.XmlBeanDefinitionReader loadBeanDefinitions
INFO: Loading XML bean definitions from class path resource [applicationContext.xml]
Oct 10, 2017 5:04:06 PM org.springframework.context.support.ClassPathXmlApplicationContext prepareRefresh
INFO: Refreshing org.springframework.context.support.ClassPathXmlApplicationContext@411b068c: startup date [Tue Oct 10 17:04:06 EDT 2017]; root of context hierarchy
Oct 10, 2017 5:04:06 PM org.springframework.beans.factory.xml.XmlBeanDefinitionReader loadBeanDefinitions
INFO: Loading XML bean definitions from class path resource [applicationContext.xml]
Oct 10, 2017 5:04:06 PM org.springframework.context.support.ClassPathXmlApplicationContext prepareRefresh
INFO: Refreshing org.springframework.context.support.ClassPathXmlApplicationContext@5f2afc77: startup date [Tue Oct 10 17:04:06 EDT 2017]; root of context hierarchy
Oct 10, 2017 5:04:06 PM org.springframework.beans.factory.xml.XmlBeanDefinitionReader loadBeanDefinitions
INFO: Loading XML bean definitions from class path resource [applicationContext.xml]
Oct 10, 2017 5:04:06 PM org.springframework.context.support.ClassPathXmlApplicationContext prepareRefresh
INFO: Refreshing org.springframework.context.support.ClassPathXmlApplicationContext@69fb8b90: startup date [Tue Oct 10 17:04:06 EDT 2017]; root of context hierarchy
Oct 10, 2017 5:04:06 PM org.springframework.beans.factory.xml.XmlBeanDefinitionReader loadBeanDefinitions
INFO: Loading XML bean definitions from class path resource [applicationContext.xml]
Oct 10, 2017 5:04:06 PM org.springframework.context.support.ClassPathXmlApplicationContext prepareRefresh
INFO: Refreshing org.springframework.context.support.ClassPathXmlApplicationContext@17bfeac5: startup date [Tue Oct 10 17:04:06 EDT 2017]; root of context hierarchy
Oct 10, 2017 5:04:06 PM org.springframework.beans.factory.xml.XmlBeanDefinitionReader loadBeanDefinitions
INFO: Loading XML bean definitions from class path resource [applicationContext.xml]
Oct 10, 2017 5:04:06 PM org.springframework.context.support.ClassPathXmlApplicationContext prepareRefresh
INFO: Refreshing org.springframework.context.support.ClassPathXmlApplicationContext@6d5cb5a0: startup date [Tue Oct 10 17:04:06 EDT 2017]; root of context hierarchy
Oct 10, 2017 5:04:06 PM org.springframework.beans.factory.xml.XmlBeanDefinitionReader loadBeanDefinitions
INFO: Loading XML bean definitions from class path resource [applicationContext.xml]
Oct 10, 2017 5:04:06 PM org.springframework.context.support.ClassPathXmlApplicationContext prepareRefresh
INFO: Refreshing org.springframework.context.support.ClassPathXmlApplicationContext@7ddc070b: startup date [Tue Oct 10 17:04:06 EDT 2017]; root of context hierarchy
Oct 10, 2017 5:04:06 PM org.springframework.beans.factory.xml.XmlBeanDefinitionReader loadBeanDefinitions
INFO: Loading XML bean definitions from class path resource [applicationContext.xml]
Oct 10, 2017 5:04:06 PM org.springframework.context.support.ClassPathXmlApplicationContext prepareRefresh
INFO: Refreshing org.springframework.context.support.ClassPathXmlApplicationContext@48d59816: startup date [Tue Oct 10 17:04:06 EDT 2017]; root of context hierarchy
Oct 10, 2017 5:04:06 PM org.springframework.beans.factory.xml.XmlBeanDefinitionReader loadBeanDefinitions
INFO: Loading XML bean definitions from class path resource [applicationContext.xml]
Oct 10, 2017 5:04:06 PM org.springframework.context.support.ClassPathXmlApplicationContext prepareRefresh
INFO: Refreshing org.springframework.context.support.ClassPathXmlApplicationContext@1b7327ed: startup date [Tue Oct 10 17:04:06 EDT 2017]; root of context hierarchy
Oct 10, 2017 5:04:06 PM org.springframework.beans.factory.xml.XmlBeanDefinitionReader loadBeanDefinitions
INFO: Loading XML bean definitions from class path resource [applicationContext.xml]
Oct 10, 2017 5:04:06 PM org.springframework.context.support.ClassPathXmlApplicationContext prepareRefresh
INFO: Refreshing org.springframework.context.support.ClassPathXmlApplicationContext@57b59dae: startup date [Tue Oct 10 17:04:06 EDT 2017]; root of context hierarchy
Oct 10, 2017 5:04:06 PM org.springframework.beans.factory.xml.XmlBeanDefinitionReader loadBeanDefinitions
INFO: Loading XML bean definitions from class path resource [applicationContext.xml]
Oct 10, 2017 5:04:06 PM org.springframework.context.support.ClassPathXmlApplicationContext prepareRefresh
INFO: Refreshing org.springframework.context.support.ClassPathXmlApplicationContext@4327a450: startup date [Tue Oct 10 17:04:06 EDT 2017]; root of context hierarchy
Oct 10, 2017 5:04:06 PM org.springframework.beans.factory.xml.XmlBeanDefinitionReader loadBeanDefinitions
INFO: Loading XML bean definitions from class path resource [applicationContext.xml]
Oct 10, 2017 5:04:06 PM org.springframework.context.support.ClassPathXmlApplicationContext prepareRefresh
INFO: Refreshing org.springframework.context.support.ClassPathXmlApplicationContext@761fbdb1: startup date [Tue Oct 10 17:04:06 EDT 2017]; root of context hierarchy
Oct 10, 2017 5:04:06 PM org.springframework.beans.factory.xml.XmlBeanDefinitionReader loadBeanDefinitions
INFO: Loading XML bean definitions from class path resource [applicationContext.xml]
Oct 10, 2017 5:04:06 PM org.springframework.context.support.ClassPathXmlApplicationContext prepareRefresh
INFO: Refreshing org.springframework.context.support.ClassPathXmlApplicationContext@69a894f1: startup date [Tue Oct 10 17:04:06 EDT 2017]; root of context hierarchy
Oct 10, 2017 5:04:06 PM org.springframework.beans.factory.xml.XmlBeanDefinitionReader loadBeanDefinitions
INFO: Loading XML bean definitions from class path resource [applicationContext.xml]
Oct 10, 2017 5:04:06 PM org.springframework.context.support.ClassPathXmlApplicationContext prepareRefresh
INFO: Refreshing org.springframework.context.support.ClassPathXmlApplicationContext@1c6ebd1f: startup date [Tue Oct 10 17:04:06 EDT 2017]; root of context hierarchy
Oct 10, 2017 5:04:06 PM org.springframework.beans.factory.xml.XmlBeanDefinitionReader loadBeanDefinitions
INFO: Loading XML bean definitions from class path resource [applicationContext.xml]
Oct 10, 2017 5:04:06 PM org.springframework.context.support.ClassPathXmlApplicationContext prepareRefresh
INFO: Refreshing org.springframework.context.support.ClassPathXmlApplicationContext@65f44dcc: startup date [Tue Oct 10 17:04:06 EDT 2017]; root of context hierarchy
Oct 10, 2017 5:04:06 PM org.springframework.beans.factory.xml.XmlBeanDefinitionReader loadBeanDefinitions
INFO: Loading XML bean definitions from class path resource [applicationContext.xml]
Oct 10, 2017 5:04:06 PM org.springframework.context.support.ClassPathXmlApplicationContext prepareRefresh
INFO: Refreshing org.springframework.context.support.ClassPathXmlApplicationContext@53a232a4: startup date [Tue Oct 10 17:04:06 EDT 2017]; root of context hierarchy
Oct 10, 2017 5:04:06 PM org.springframework.beans.factory.xml.XmlBeanDefinitionReader loadBeanDefinitions
INFO: Loading XML bean definitions from class path resource [applicationContext.xml]
Oct 10, 2017 5:04:06 PM org.springframework.context.support.ClassPathXmlApplicationContext prepareRefresh
INFO: Refreshing org.springframework.context.support.ClassPathXmlApplicationContext@1dd41ce3: startup date [Tue Oct 10 17:04:06 EDT 2017]; root of context hierarchy
Oct 10, 2017 5:04:06 PM org.springframework.beans.factory.xml.XmlBeanDefinitionReader loadBeanDefinitions
INFO: Loading XML bean definitions from class path resource [applicationContext.xml]
Oct 10, 2017 5:04:06 PM org.springframework.context.support.ClassPathXmlApplicationContext prepareRefresh
INFO: Refreshing org.springframework.context.support.ClassPathXmlApplicationContext@689bccd: startup date [Tue Oct 10 17:04:06 EDT 2017]; root of context hierarchy
Oct 10, 2017 5:04:06 PM org.springframework.beans.factory.xml.XmlBeanDefinitionReader loadBeanDefinitions
INFO: Loading XML bean definitions from class path resource [applicationContext.xml]
Oct 10, 2017 5:04:06 PM org.springframework.context.support.ClassPathXmlApplicationContext prepareRefresh
INFO: Refreshing org.springframework.context.support.ClassPathXmlApplicationContext@6a5b5d2f: startup date [Tue Oct 10 17:04:06 EDT 2017]; root of context hierarchy
Oct 10, 2017 5:04:06 PM org.springframework.beans.factory.xml.XmlBeanDefinitionReader loadBeanDefinitions
INFO: Loading XML bean definitions from class path resource [applicationContext.xml]
Oct 10, 2017 5:04:06 PM org.springframework.context.support.ClassPathXmlApplicationContext prepareRefresh
INFO: Refreshing org.springframework.context.support.ClassPathXmlApplicationContext@3b8a30c4: startup date [Tue Oct 10 17:04:06 EDT 2017]; root of context hierarchy
Oct 10, 2017 5:04:06 PM org.springframework.beans.factory.xml.XmlBeanDefinitionReader loadBeanDefinitions
INFO: Loading XML bean definitions from class path resource [applicationContext.xml]
Oct 10, 2017 5:04:06 PM org.springframework.context.support.ClassPathXmlApplicationContext prepareRefresh
INFO: Refreshing org.springframework.context.support.ClassPathXmlApplicationContext@36badce6: startup date [Tue Oct 10 17:04:06 EDT 2017]; root of context hierarchy
Oct 10, 2017 5:04:06 PM org.springframework.beans.factory.xml.XmlBeanDefinitionReader loadBeanDefinitions
INFO: Loading XML bean definitions from class path resource [applicationContext.xml]
Oct 10, 2017 5:04:06 PM org.springframework.context.support.ClassPathXmlApplicationContext prepareRefresh
INFO: Refreshing org.springframework.context.support.ClassPathXmlApplicationContext@6a1ac426: startup date [Tue Oct 10 17:04:06 EDT 2017]; root of context hierarchy
Oct 10, 2017 5:04:06 PM org.springframework.beans.factory.xml.XmlBeanDefinitionReader loadBeanDefinitions
INFO: Loading XML bean definitions from class path resource [applicationContext.xml]
Oct 10, 2017 5:04:06 PM org.springframework.context.support.ClassPathXmlApplicationContext prepareRefresh
INFO: Refreshing org.springframework.context.support.ClassPathXmlApplicationContext@6e899592: startup date [Tue Oct 10 17:04:06 EDT 2017]; root of context hierarchy
Oct 10, 2017 5:04:06 PM org.springframework.beans.factory.xml.XmlBeanDefinitionReader loadBeanDefinitions
INFO: Loading XML bean definitions from class path resource [applicationContext.xml]
Oct 10, 2017 5:04:06 PM org.springframework.context.support.ClassPathXmlApplicationContext prepareRefresh
INFO: Refreshing org.springframework.context.support.ClassPathXmlApplicationContext@5cf8cda5: startup date [Tue Oct 10 17:04:06 EDT 2017]; root of context hierarchy
Oct 10, 2017 5:04:06 PM org.springframework.beans.factory.xml.XmlBeanDefinitionReader loadBeanDefinitions
INFO: Loading XML bean definitions from class path resource [applicationContext.xml]
Oct 10, 2017 5:04:06 PM org.springframework.context.support.ClassPathXmlApplicationContext prepareRefresh
INFO: Refreshing org.springframework.context.support.ClassPathXmlApplicationContext@1063cf66: startup date [Tue Oct 10 17:04:06 EDT 2017]; root of context hierarchy
Oct 10, 2017 5:04:06 PM org.springframework.beans.factory.xml.XmlBeanDefinitionReader loadBeanDefinitions
INFO: Loading XML bean definitions from class path resource [applicationContext.xml]
Oct 10, 2017 5:04:06 PM org.springframework.context.support.ClassPathXmlApplicationContext prepareRefresh
INFO: Refreshing org.springframework.context.support.ClassPathXmlApplicationContext@e7fca78: startup date [Tue Oct 10 17:04:06 EDT 2017]; root of context hierarchy
Oct 10, 2017 5:04:06 PM org.springframework.beans.factory.xml.XmlBeanDefinitionReader loadBeanDefinitions
INFO: Loading XML bean definitions from class path resource [applicationContext.xml]
Oct 10, 2017 5:04:06 PM org.springframework.context.support.ClassPathXmlApplicationContext prepareRefresh
INFO: Refreshing org.springframework.context.support.ClassPathXmlApplicationContext@5ae243: startup date [Tue Oct 10 17:04:06 EDT 2017]; root of context hierarchy
Oct 10, 2017 5:04:06 PM org.springframework.beans.factory.xml.XmlBeanDefinitionReader loadBeanDefinitions
INFO: Loading XML bean definitions from class path resource [applicationContext.xml]
Oct 10, 2017 5:04:06 PM org.springframework.context.support.ClassPathXmlApplicationContext prepareRefresh
INFO: Refreshing org.springframework.context.support.ClassPathXmlApplicationContext@743fb242: startup date [Tue Oct 10 17:04:06 EDT 2017]; root of context hierarchy
Oct 10, 2017 5:04:06 PM org.springframework.beans.factory.xml.XmlBeanDefinitionReader loadBeanDefinitions
INFO: Loading XML bean definitions from class path resource [applicationContext.xml]
Oct 10, 2017 5:04:06 PM org.springframework.context.support.ClassPathXmlApplicationContext prepareRefresh
INFO: Refreshing org.springframework.context.support.ClassPathXmlApplicationContext@625aa404: startup date [Tue Oct 10 17:04:06 EDT 2017]; root of context hierarchy
Oct 10, 2017 5:04:06 PM org.springframework.beans.factory.xml.XmlBeanDefinitionReader loadBeanDefinitions
INFO: Loading XML bean definitions from class path resource [applicationContext.xml]
Oct 10, 2017 5:04:06 PM org.springframework.context.support.ClassPathXmlApplicationContext prepareRefresh
INFO: Refreshing org.springframework.context.support.ClassPathXmlApplicationContext@7a2c1d86: startup date [Tue Oct 10 17:04:06 EDT 2017]; root of context hierarchy
Oct 10, 2017 5:04:06 PM org.springframework.beans.factory.xml.XmlBeanDefinitionReader loadBeanDefinitions
INFO: Loading XML bean definitions from class path resource [applicationContext.xml]
Oct 10, 2017 5:04:06 PM org.springframework.context.support.ClassPathXmlApplicationContext prepareRefresh
INFO: Refreshing org.springframework.context.support.ClassPathXmlApplicationContext@56f5ace4: startup date [Tue Oct 10 17:04:06 EDT 2017]; root of context hierarchy
Oct 10, 2017 5:04:06 PM org.springframework.beans.factory.xml.XmlBeanDefinitionReader loadBeanDefinitions
INFO: Loading XML bean definitions from class path resource [applicationContext.xml]
Oct 10, 2017 5:04:06 PM org.springframework.context.support.ClassPathXmlApplicationContext prepareRefresh
INFO: Refreshing org.springframework.context.support.ClassPathXmlApplicationContext@72f98cd5: startup date [Tue Oct 10 17:04:06 EDT 2017]; root of context hierarchy
Oct 10, 2017 5:04:06 PM org.springframework.beans.factory.xml.XmlBeanDefinitionReader loadBeanDefinitions
INFO: Loading XML bean definitions from class path resource [applicationContext.xml]
Oct 10, 2017 5:04:07 PM org.springframework.context.support.ClassPathXmlApplicationContext prepareRefresh
INFO: Refreshing org.springframework.context.support.ClassPathXmlApplicationContext@5a335f4a: startup date [Tue Oct 10 17:04:07 EDT 2017]; root of context hierarchy
Oct 10, 2017 5:04:07 PM org.springframework.beans.factory.xml.XmlBeanDefinitionReader loadBeanDefinitions
INFO: Loading XML bean definitions from class path resource [applicationContext.xml]
Oct 10, 2017 5:04:07 PM org.springframework.context.support.ClassPathXmlApplicationContext prepareRefresh
INFO: Refreshing org.springframework.context.support.ClassPathXmlApplicationContext@48fcaf60: startup date [Tue Oct 10 17:04:07 EDT 2017]; root of context hierarchy
Oct 10, 2017 5:04:07 PM org.springframework.beans.factory.xml.XmlBeanDefinitionReader loadBeanDefinitions
INFO: Loading XML bean definitions from class path resource [applicationContext.xml]
Oct 10, 2017 5:04:07 PM org.springframework.context.support.ClassPathXmlApplicationContext prepareRefresh
INFO: Refreshing org.springframework.context.support.ClassPathXmlApplicationContext@6dcbb7f3: startup date [Tue Oct 10 17:04:07 EDT 2017]; root of context hierarchy
Oct 10, 2017 5:04:07 PM org.springframework.beans.factory.xml.XmlBeanDefinitionReader loadBeanDefinitions
INFO: Loading XML bean definitions from class path resource [applicationContext.xml]
Oct 10, 2017 5:04:07 PM org.springframework.context.support.ClassPathXmlApplicationContext prepareRefresh
INFO: Refreshing org.springframework.context.support.ClassPathXmlApplicationContext@2cb4c5f1: startup date [Tue Oct 10 17:04:07 EDT 2017]; root of context hierarchy
Oct 10, 2017 5:04:07 PM org.springframework.beans.factory.xml.XmlBeanDefinitionReader loadBeanDefinitions
INFO: Loading XML bean definitions from class path resource [applicationContext.xml]
Oct 10, 2017 5:04:07 PM org.springframework.context.support.ClassPathXmlApplicationContext prepareRefresh
INFO: Refreshing org.springframework.context.support.ClassPathXmlApplicationContext@6763ea15: startup date [Tue Oct 10 17:04:07 EDT 2017]; root of context hierarchy
Oct 10, 2017 5:04:07 PM org.springframework.beans.factory.xml.XmlBeanDefinitionReader loadBeanDefinitions
INFO: Loading XML bean definitions from class path resource [applicationContext.xml]
Oct 10, 2017 5:04:07 PM org.springframework.context.support.ClassPathXmlApplicationContext prepareRefresh
INFO: Refreshing org.springframework.context.support.ClassPathXmlApplicationContext@63a9322: startup date [Tue Oct 10 17:04:07 EDT 2017]; root of context hierarchy
Oct 10, 2017 5:04:07 PM org.springframework.beans.factory.xml.XmlBeanDefinitionReader loadBeanDefinitions
INFO: Loading XML bean definitions from class path resource [applicationContext.xml]
Oct 10, 2017 5:04:07 PM org.springframework.context.support.ClassPathXmlApplicationContext prepareRefresh
INFO: Refreshing org.springframework.context.support.ClassPathXmlApplicationContext@69f892f4: startup date [Tue Oct 10 17:04:07 EDT 2017]; root of context hierarchy
Oct 10, 2017 5:04:07 PM org.springframework.beans.factory.xml.XmlBeanDefinitionReader loadBeanDefinitions
INFO: Loading XML bean definitions from class path resource [applicationContext.xml]
Oct 10, 2017 5:04:07 PM org.springframework.context.support.ClassPathXmlApplicationContext prepareRefresh
INFO: Refreshing org.springframework.context.support.ClassPathXmlApplicationContext@74e6b227: startup date [Tue Oct 10 17:04:07 EDT 2017]; root of context hierarchy
Oct 10, 2017 5:04:07 PM org.springframework.beans.factory.xml.XmlBeanDefinitionReader loadBeanDefinitions
INFO: Loading XML bean definitions from class path resource [applicationContext.xml]
Oct 10, 2017 5:04:07 PM org.springframework.context.support.ClassPathXmlApplicationContext prepareRefresh
INFO: Refreshing org.springframework.context.support.ClassPathXmlApplicationContext@4f8a495a: startup date [Tue Oct 10 17:04:07 EDT 2017]; root of context hierarchy
Oct 10, 2017 5:04:07 PM org.springframework.beans.factory.xml.XmlBeanDefinitionReader loadBeanDefinitions
INFO: Loading XML bean definitions from class path resource [applicationContext.xml]
Oct 10, 2017 5:04:07 PM org.springframework.context.support.ClassPathXmlApplicationContext prepareRefresh
INFO: Refreshing org.springframework.context.support.ClassPathXmlApplicationContext@7e24543b: startup date [Tue Oct 10 17:04:07 EDT 2017]; root of context hierarchy
Oct 10, 2017 5:04:07 PM org.springframework.beans.factory.xml.XmlBeanDefinitionReader loadBeanDefinitions
INFO: Loading XML bean definitions from class path resource [applicationContext.xml]
Oct 10, 2017 5:04:07 PM org.springframework.context.support.ClassPathXmlApplicationContext prepareRefresh
INFO: Refreshing org.springframework.context.support.ClassPathXmlApplicationContext@3b4ef4f6: startup date [Tue Oct 10 17:04:07 EDT 2017]; root of context hierarchy
Oct 10, 2017 5:04:07 PM org.springframework.beans.factory.xml.XmlBeanDefinitionReader loadBeanDefinitions
INFO: Loading XML bean definitions from class path resource [applicationContext.xml]
Oct 10, 2017 5:04:07 PM org.springframework.context.support.ClassPathXmlApplicationContext prepareRefresh
INFO: Refreshing org.springframework.context.support.ClassPathXmlApplicationContext@6b590efa: startup date [Tue Oct 10 17:04:07 EDT 2017]; root of context hierarchy
Oct 10, 2017 5:04:07 PM org.springframework.beans.factory.xml.XmlBeanDefinitionReader loadBeanDefinitions
INFO: Loading XML bean definitions from class path resource [applicationContext.xml]
Oct 10, 2017 5:04:07 PM org.springframework.context.support.ClassPathXmlApplicationContext prepareRefresh
INFO: Refreshing org.springframework.context.support.ClassPathXmlApplicationContext@50c24d8b: startup date [Tue Oct 10 17:04:07 EDT 2017]; root of context hierarchy
Oct 10, 2017 5:04:07 PM org.springframework.beans.factory.xml.XmlBeanDefinitionReader loadBeanDefinitions
INFO: Loading XML bean definitions from class path resource [applicationContext.xml]
Oct 10, 2017 5:04:07 PM org.springframework.context.support.ClassPathXmlApplicationContext prepareRefresh
INFO: Refreshing org.springframework.context.support.ClassPathXmlApplicationContext@7c567a2d: startup date [Tue Oct 10 17:04:07 EDT 2017]; root of context hierarchy
Oct 10, 2017 5:04:07 PM org.springframework.beans.factory.xml.XmlBeanDefinitionReader loadBeanDefinitions
INFO: Loading XML bean definitions from class path resource [applicationContext.xml]
Oct 10, 2017 5:04:07 PM org.springframework.context.support.ClassPathXmlApplicationContext prepareRefresh
INFO: Refreshing org.springframework.context.support.ClassPathXmlApplicationContext@6757648e: startup date [Tue Oct 10 17:04:07 EDT 2017]; root of context hierarchy
Oct 10, 2017 5:04:07 PM org.springframework.beans.factory.xml.XmlBeanDefinitionReader loadBeanDefinitions
INFO: Loading XML bean definitions from class path resource [applicationContext.xml]
Oct 10, 2017 5:04:07 PM org.springframework.context.support.ClassPathXmlApplicationContext prepareRefresh
INFO: Refreshing org.springframework.context.support.ClassPathXmlApplicationContext@1debb7ab: startup date [Tue Oct 10 17:04:07 EDT 2017]; root of context hierarchy
Oct 10, 2017 5:04:07 PM org.springframework.beans.factory.xml.XmlBeanDefinitionReader loadBeanDefinitions
INFO: Loading XML bean definitions from class path resource [applicationContext.xml]
Oct 10, 2017 5:04:07 PM org.springframework.context.support.ClassPathXmlApplicationContext prepareRefresh
INFO: Refreshing org.springframework.context.support.ClassPathXmlApplicationContext@4e389dc2: startup date [Tue Oct 10 17:04:07 EDT 2017]; root of context hierarchy
Oct 10, 2017 5:04:07 PM org.springframework.beans.factory.xml.XmlBeanDefinitionReader loadBeanDefinitions
INFO: Loading XML bean definitions from class path resource [applicationContext.xml]
Oct 10, 2017 5:04:07 PM org.springframework.context.support.ClassPathXmlApplicationContext prepareRefresh
INFO: Refreshing org.springframework.context.support.ClassPathXmlApplicationContext@70b54c1e: startup date [Tue Oct 10 17:04:07 EDT 2017]; root of context hierarchy
Oct 10, 2017 5:04:07 PM org.springframework.beans.factory.xml.XmlBeanDefinitionReader loadBeanDefinitions
INFO: Loading XML bean definitions from class path resource [applicationContext.xml]
Oct 10, 2017 5:04:07 PM org.springframework.context.support.ClassPathXmlApplicationContext prepareRefresh
INFO: Refreshing org.springframework.context.support.ClassPathXmlApplicationContext@391fbcbf: startup date [Tue Oct 10 17:04:07 EDT 2017]; root of context hierarchy
Oct 10, 2017 5:04:07 PM org.springframework.beans.factory.xml.XmlBeanDefinitionReader loadBeanDefinitions
INFO: Loading XML bean definitions from class path resource [applicationContext.xml]
Oct 10, 2017 5:04:07 PM org.springframework.context.support.ClassPathXmlApplicationContext prepareRefresh
INFO: Refreshing org.springframework.context.support.ClassPathXmlApplicationContext@23c96634: startup date [Tue Oct 10 17:04:07 EDT 2017]; root of context hierarchy
Oct 10, 2017 5:04:07 PM org.springframework.beans.factory.xml.XmlBeanDefinitionReader loadBeanDefinitions
INFO: Loading XML bean definitions from class path resource [applicationContext.xml]
Oct 10, 2017 5:04:07 PM org.springframework.context.support.ClassPathXmlApplicationContext prepareRefresh
INFO: Refreshing org.springframework.context.support.ClassPathXmlApplicationContext@359ff24c: startup date [Tue Oct 10 17:04:07 EDT 2017]; root of context hierarchy
Oct 10, 2017 5:04:07 PM org.springframework.beans.factory.xml.XmlBeanDefinitionReader loadBeanDefinitions
INFO: Loading XML bean definitions from class path resource [applicationContext.xml]
Oct 10, 2017 5:04:07 PM org.springframework.context.support.ClassPathXmlApplicationContext prepareRefresh
INFO: Refreshing org.springframework.context.support.ClassPathXmlApplicationContext@cba58e7: startup date [Tue Oct 10 17:04:07 EDT 2017]; root of context hierarchy
Oct 10, 2017 5:04:07 PM org.springframework.beans.factory.xml.XmlBeanDefinitionReader loadBeanDefinitions
INFO: Loading XML bean definitions from class path resource [applicationContext.xml]
Oct 10, 2017 5:04:07 PM org.springframework.context.support.ClassPathXmlApplicationContext prepareRefresh
INFO: Refreshing org.springframework.context.support.ClassPathXmlApplicationContext@6e74fc29: startup date [Tue Oct 10 17:04:07 EDT 2017]; root of context hierarchy
Oct 10, 2017 5:04:07 PM org.springframework.beans.factory.xml.XmlBeanDefinitionReader loadBeanDefinitions
INFO: Loading XML bean definitions from class path resource [applicationContext.xml]
Oct 10, 2017 5:04:07 PM org.springframework.context.support.ClassPathXmlApplicationContext prepareRefresh
INFO: Refreshing org.springframework.context.support.ClassPathXmlApplicationContext@cf3bd9a: startup date [Tue Oct 10 17:04:07 EDT 2017]; root of context hierarchy
Oct 10, 2017 5:04:07 PM org.springframework.beans.factory.xml.XmlBeanDefinitionReader loadBeanDefinitions
INFO: Loading XML bean definitions from class path resource [applicationContext.xml]
Oct 10, 2017 5:04:07 PM org.springframework.context.support.ClassPathXmlApplicationContext prepareRefresh
INFO: Refreshing org.springframework.context.support.ClassPathXmlApplicationContext@4b4ffafe: startup date [Tue Oct 10 17:04:07 EDT 2017]; root of context hierarchy
Oct 10, 2017 5:04:07 PM org.springframework.beans.factory.xml.XmlBeanDefinitionReader loadBeanDefinitions
INFO: Loading XML bean definitions from class path resource [applicationContext.xml]
Oct 10, 2017 5:04:07 PM org.springframework.context.support.ClassPathXmlApplicationContext prepareRefresh
INFO: Refreshing org.springframework.context.support.ClassPathXmlApplicationContext@7e19de90: startup date [Tue Oct 10 17:04:07 EDT 2017]; root of context hierarchy
Oct 10, 2017 5:04:07 PM org.springframework.beans.factory.xml.XmlBeanDefinitionReader loadBeanDefinitions
INFO: Loading XML bean definitions from class path resource [applicationContext.xml]
Oct 10, 2017 5:04:07 PM org.springframework.context.support.ClassPathXmlApplicationContext prepareRefresh
INFO: Refreshing org.springframework.context.support.ClassPathXmlApplicationContext@2ed05570: startup date [Tue Oct 10 17:04:07 EDT 2017]; root of context hierarchy
Oct 10, 2017 5:04:07 PM org.springframework.beans.factory.xml.XmlBeanDefinitionReader loadBeanDefinitions
INFO: Loading XML bean definitions from class path resource [applicationContext.xml]
Oct 10, 2017 5:04:07 PM org.springframework.context.support.ClassPathXmlApplicationContext prepareRefresh
INFO: Refreshing org.springframework.context.support.ClassPathXmlApplicationContext@721da20: startup date [Tue Oct 10 17:04:07 EDT 2017]; root of context hierarchy
Oct 10, 2017 5:04:07 PM org.springframework.beans.factory.xml.XmlBeanDefinitionReader loadBeanDefinitions
INFO: Loading XML bean definitions from class path resource [applicationContext.xml]
Oct 10, 2017 5:04:07 PM org.springframework.context.support.ClassPathXmlApplicationContext prepareRefresh
INFO: Refreshing org.springframework.context.support.ClassPathXmlApplicationContext@58f53673: startup date [Tue Oct 10 17:04:07 EDT 2017]; root of context hierarchy
Oct 10, 2017 5:04:07 PM org.springframework.beans.factory.xml.XmlBeanDefinitionReader loadBeanDefinitions
INFO: Loading XML bean definitions from class path resource [applicationContext.xml]
Oct 10, 2017 5:04:07 PM org.springframework.context.support.ClassPathXmlApplicationContext prepareRefresh
INFO: Refreshing org.springframework.context.support.ClassPathXmlApplicationContext@3a8982bf: startup date [Tue Oct 10 17:04:07 EDT 2017]; root of context hierarchy
Oct 10, 2017 5:04:07 PM org.springframework.beans.factory.xml.XmlBeanDefinitionReader loadBeanDefinitions
INFO: Loading XML bean definitions from class path resource [applicationContext.xml]
Oct 10, 2017 5:04:07 PM org.springframework.context.support.ClassPathXmlApplicationContext prepareRefresh
INFO: Refreshing org.springframework.context.support.ClassPathXmlApplicationContext@20d9f7d6: startup date [Tue Oct 10 17:04:07 EDT 2017]; root of context hierarchy
Oct 10, 2017 5:04:07 PM org.springframework.beans.factory.xml.XmlBeanDefinitionReader loadBeanDefinitions
INFO: Loading XML bean definitions from class path resource [applicationContext.xml]
Oct 10, 2017 5:04:07 PM org.springframework.context.support.ClassPathXmlApplicationContext prepareRefresh
INFO: Refreshing org.springframework.context.support.ClassPathXmlApplicationContext@20324e10: startup date [Tue Oct 10 17:04:07 EDT 2017]; root of context hierarchy
Oct 10, 2017 5:04:07 PM org.springframework.beans.factory.xml.XmlBeanDefinitionReader loadBeanDefinitions
INFO: Loading XML bean definitions from class path resource [applicationContext.xml]
Oct 10, 2017 5:04:07 PM org.springframework.context.support.ClassPathXmlApplicationContext prepareRefresh
INFO: Refreshing org.springframework.context.support.ClassPathXmlApplicationContext@1f32ceb6: startup date [Tue Oct 10 17:04:07 EDT 2017]; root of context hierarchy
Oct 10, 2017 5:04:07 PM org.springframework.beans.factory.xml.XmlBeanDefinitionReader loadBeanDefinitions
INFO: Loading XML bean definitions from class path resource [applicationContext.xml]
Oct 10, 2017 5:04:07 PM org.springframework.context.support.ClassPathXmlApplicationContext prepareRefresh
INFO: Refreshing org.springframework.context.support.ClassPathXmlApplicationContext@da5c1de: startup date [Tue Oct 10 17:04:07 EDT 2017]; root of context hierarchy
Oct 10, 2017 5:04:07 PM org.springframework.beans.factory.xml.XmlBeanDefinitionReader loadBeanDefinitions
INFO: Loading XML bean definitions from class path resource [applicationContext.xml]
Oct 10, 2017 5:04:07 PM org.springframework.context.support.ClassPathXmlApplicationContext prepareRefresh
INFO: Refreshing org.springframework.context.support.ClassPathXmlApplicationContext@5f6bf3a9: startup date [Tue Oct 10 17:04:07 EDT 2017]; root of context hierarchy
Oct 10, 2017 5:04:07 PM org.springframework.beans.factory.xml.XmlBeanDefinitionReader loadBeanDefinitions
INFO: Loading XML bean definitions from class path resource [applicationContext.xml]
Oct 10, 2017 5:04:07 PM org.springframework.context.support.ClassPathXmlApplicationContext prepareRefresh
INFO: Refreshing org.springframework.context.support.ClassPathXmlApplicationContext@45b0a8c4: startup date [Tue Oct 10 17:04:07 EDT 2017]; root of context hierarchy
Oct 10, 2017 5:04:07 PM org.springframework.beans.factory.xml.XmlBeanDefinitionReader loadBeanDefinitions
INFO: Loading XML bean definitions from class path resource [applicationContext.xml]
Oct 10, 2017 5:04:07 PM org.springframework.context.support.ClassPathXmlApplicationContext prepareRefresh
INFO: Refreshing org.springframework.context.support.ClassPathXmlApplicationContext@33f168f3: startup date [Tue Oct 10 17:04:07 EDT 2017]; root of context hierarchy
Oct 10, 2017 5:04:07 PM org.springframework.beans.factory.xml.XmlBeanDefinitionReader loadBeanDefinitions
INFO: Loading XML bean definitions from class path resource [applicationContext.xml]
Oct 10, 2017 5:04:07 PM org.springframework.context.support.ClassPathXmlApplicationContext prepareRefresh
INFO: Refreshing org.springframework.context.support.ClassPathXmlApplicationContext@6225f45b: startup date [Tue Oct 10 17:04:07 EDT 2017]; root of context hierarchy
Oct 10, 2017 5:04:07 PM org.springframework.beans.factory.xml.XmlBeanDefinitionReader loadBeanDefinitions
INFO: Loading XML bean definitions from class path resource [applicationContext.xml]
Oct 10, 2017 5:04:07 PM org.springframework.context.support.ClassPathXmlApplicationContext prepareRefresh
INFO: Refreshing org.springframework.context.support.ClassPathXmlApplicationContext@22f55981: startup date [Tue Oct 10 17:04:07 EDT 2017]; root of context hierarchy
Oct 10, 2017 5:04:07 PM org.springframework.beans.factory.xml.XmlBeanDefinitionReader loadBeanDefinitions
INFO: Loading XML bean definitions from class path resource [applicationContext.xml]
Oct 10, 2017 5:04:07 PM org.springframework.context.support.ClassPathXmlApplicationContext prepareRefresh
INFO: Refreshing org.springframework.context.support.ClassPathXmlApplicationContext@13b8fb07: startup date [Tue Oct 10 17:04:07 EDT 2017]; root of context hierarchy
Oct 10, 2017 5:04:07 PM org.springframework.beans.factory.xml.XmlBeanDefinitionReader loadBeanDefinitions
INFO: Loading XML bean definitions from class path resource [applicationContext.xml]
Oct 10, 2017 5:04:07 PM org.springframework.context.support.ClassPathXmlApplicationContext prepareRefresh
INFO: Refreshing org.springframework.context.support.ClassPathXmlApplicationContext@7946f5dd: startup date [Tue Oct 10 17:04:07 EDT 2017]; root of context hierarchy
Oct 10, 2017 5:04:07 PM org.springframework.beans.factory.xml.XmlBeanDefinitionReader loadBeanDefinitions
INFO: Loading XML bean definitions from class path resource [applicationContext.xml]
Oct 10, 2017 5:04:07 PM org.springframework.context.support.ClassPathXmlApplicationContext prepareRefresh
INFO: Refreshing org.springframework.context.support.ClassPathXmlApplicationContext@5a4b2f2a: startup date [Tue Oct 10 17:04:07 EDT 2017]; root of context hierarchy
Oct 10, 2017 5:04:07 PM org.springframework.beans.factory.xml.XmlBeanDefinitionReader loadBeanDefinitions
INFO: Loading XML bean definitions from class path resource [applicationContext.xml]
Oct 10, 2017 5:04:07 PM org.springframework.context.support.ClassPathXmlApplicationContext prepareRefresh
INFO: Refreshing org.springframework.context.support.ClassPathXmlApplicationContext@1a839d0a: startup date [Tue Oct 10 17:04:07 EDT 2017]; root of context hierarchy
Oct 10, 2017 5:04:07 PM org.springframework.beans.factory.xml.XmlBeanDefinitionReader loadBeanDefinitions
INFO: Loading XML bean definitions from class path resource [applicationContext.xml]
Oct 10, 2017 5:04:07 PM org.springframework.context.support.ClassPathXmlApplicationContext prepareRefresh
INFO: Refreshing org.springframework.context.support.ClassPathXmlApplicationContext@2061e20e: startup date [Tue Oct 10 17:04:07 EDT 2017]; root of context hierarchy
Oct 10, 2017 5:04:07 PM org.springframework.beans.factory.xml.XmlBeanDefinitionReader loadBeanDefinitions
INFO: Loading XML bean definitions from class path resource [applicationContext.xml]
Oct 10, 2017 5:04:07 PM org.springframework.context.support.ClassPathXmlApplicationContext prepareRefresh
INFO: Refreshing org.springframework.context.support.ClassPathXmlApplicationContext@3d2961a4: startup date [Tue Oct 10 17:04:07 EDT 2017]; root of context hierarchy
Oct 10, 2017 5:04:07 PM org.springframework.beans.factory.xml.XmlBeanDefinitionReader loadBeanDefinitions
INFO: Loading XML bean definitions from class path resource [applicationContext.xml]
Oct 10, 2017 5:04:07 PM org.springframework.context.support.ClassPathXmlApplicationContext prepareRefresh
INFO: Refreshing org.springframework.context.support.ClassPathXmlApplicationContext@65418c1b: startup date [Tue Oct 10 17:04:07 EDT 2017]; root of context hierarchy
Oct 10, 2017 5:04:07 PM org.springframework.beans.factory.xml.XmlBeanDefinitionReader loadBeanDefinitions
INFO: Loading XML bean definitions from class path resource [applicationContext.xml]
Oct 10, 2017 5:04:07 PM org.springframework.context.support.ClassPathXmlApplicationContext prepareRefresh
INFO: Refreshing org.springframework.context.support.ClassPathXmlApplicationContext@451ba5aa: startup date [Tue Oct 10 17:04:07 EDT 2017]; root of context hierarchy
Oct 10, 2017 5:04:07 PM org.springframework.beans.factory.xml.XmlBeanDefinitionReader loadBeanDefinitions
INFO: Loading XML bean definitions from class path resource [applicationContext.xml]
Oct 10, 2017 5:04:07 PM org.springframework.context.support.ClassPathXmlApplicationContext prepareRefresh
INFO: Refreshing org.springframework.context.support.ClassPathXmlApplicationContext@15e4e894: startup date [Tue Oct 10 17:04:07 EDT 2017]; root of context hierarchy
Oct 10, 2017 5:04:07 PM org.springframework.beans.factory.xml.XmlBeanDefinitionReader loadBeanDefinitions
INFO: Loading XML bean definitions from class path resource [applicationContext.xml]
Oct 10, 2017 5:04:07 PM org.springframework.context.support.ClassPathXmlApplicationContext prepareRefresh
INFO: Refreshing org.springframework.context.support.ClassPathXmlApplicationContext@147eef80: startup date [Tue Oct 10 17:04:07 EDT 2017]; root of context hierarchy
Oct 10, 2017 5:04:07 PM org.springframework.beans.factory.xml.XmlBeanDefinitionReader loadBeanDefinitions
INFO: Loading XML bean definitions from class path resource [applicationContext.xml]
Oct 10, 2017 5:04:07 PM org.springframework.context.support.ClassPathXmlApplicationContext prepareRefresh
INFO: Refreshing org.springframework.context.support.ClassPathXmlApplicationContext@2a6bdf58: startup date [Tue Oct 10 17:04:07 EDT 2017]; root of context hierarchy
Oct 10, 2017 5:04:07 PM org.springframework.beans.factory.xml.XmlBeanDefinitionReader loadBeanDefinitions
INFO: Loading XML bean definitions from class path resource [applicationContext.xml]
Oct 10, 2017 5:04:07 PM org.springframework.context.support.ClassPathXmlApplicationContext prepareRefresh
INFO: Refreshing org.springframework.context.support.ClassPathXmlApplicationContext@616fc902: startup date [Tue Oct 10 17:04:07 EDT 2017]; root of context hierarchy
Oct 10, 2017 5:04:07 PM org.springframework.beans.factory.xml.XmlBeanDefinitionReader loadBeanDefinitions
INFO: Loading XML bean definitions from class path resource [applicationContext.xml]
Oct 10, 2017 5:04:07 PM org.springframework.context.support.ClassPathXmlApplicationContext prepareRefresh
INFO: Refreshing org.springframework.context.support.ClassPathXmlApplicationContext@73b71d4: startup date [Tue Oct 10 17:04:07 EDT 2017]; root of context hierarchy
Oct 10, 2017 5:04:07 PM org.springframework.beans.factory.xml.XmlBeanDefinitionReader loadBeanDefinitions
INFO: Loading XML bean definitions from class path resource [applicationContext.xml]
Oct 10, 2017 5:04:07 PM org.springframework.context.support.ClassPathXmlApplicationContext prepareRefresh
INFO: Refreshing org.springframework.context.support.ClassPathXmlApplicationContext@677ff3fb: startup date [Tue Oct 10 17:04:07 EDT 2017]; root of context hierarchy
Oct 10, 2017 5:04:07 PM org.springframework.beans.factory.xml.XmlBeanDefinitionReader loadBeanDefinitions
INFO: Loading XML bean definitions from class path resource [applicationContext.xml]
Oct 10, 2017 5:04:07 PM org.springframework.context.support.ClassPathXmlApplicationContext prepareRefresh
INFO: Refreshing org.springframework.context.support.ClassPathXmlApplicationContext@45e519d9: startup date [Tue Oct 10 17:04:07 EDT 2017]; root of context hierarchy
Oct 10, 2017 5:04:07 PM org.springframework.beans.factory.xml.XmlBeanDefinitionReader loadBeanDefinitions
INFO: Loading XML bean definitions from class path resource [applicationContext.xml]
Oct 10, 2017 5:04:07 PM org.springframework.context.support.ClassPathXmlApplicationContext prepareRefresh
INFO: Refreshing org.springframework.context.support.ClassPathXmlApplicationContext@7bc84722: startup date [Tue Oct 10 17:04:07 EDT 2017]; root of context hierarchy
Oct 10, 2017 5:04:07 PM org.springframework.beans.factory.xml.XmlBeanDefinitionReader loadBeanDefinitions
INFO: Loading XML bean definitions from class path resource [applicationContext.xml]
Oct 10, 2017 5:04:07 PM org.springframework.context.support.ClassPathXmlApplicationContext prepareRefresh
INFO: Refreshing org.springframework.context.support.ClassPathXmlApplicationContext@71910b1a: startup date [Tue Oct 10 17:04:07 EDT 2017]; root of context hierarchy
Oct 10, 2017 5:04:07 PM org.springframework.beans.factory.xml.XmlBeanDefinitionReader loadBeanDefinitions
INFO: Loading XML bean definitions from class path resource [applicationContext.xml]
Oct 10, 2017 5:04:07 PM org.springframework.context.support.ClassPathXmlApplicationContext prepareRefresh
INFO: Refreshing org.springframework.context.support.ClassPathXmlApplicationContext@ff9c93d: startup date [Tue Oct 10 17:04:07 EDT 2017]; root of context hierarchy
Oct 10, 2017 5:04:07 PM org.springframework.beans.factory.xml.XmlBeanDefinitionReader loadBeanDefinitions
INFO: Loading XML bean definitions from class path resource [applicationContext.xml]
Oct 10, 2017 5:04:07 PM org.springframework.context.support.ClassPathXmlApplicationContext prepareRefresh
INFO: Refreshing org.springframework.context.support.ClassPathXmlApplicationContext@693a124a: startup date [Tue Oct 10 17:04:07 EDT 2017]; root of context hierarchy
Oct 10, 2017 5:04:07 PM org.springframework.beans.factory.xml.XmlBeanDefinitionReader loadBeanDefinitions
INFO: Loading XML bean definitions from class path resource [applicationContext.xml]
Oct 10, 2017 5:04:07 PM org.springframework.context.support.ClassPathXmlApplicationContext prepareRefresh
INFO: Refreshing org.springframework.context.support.ClassPathXmlApplicationContext@2be0404: startup date [Tue Oct 10 17:04:07 EDT 2017]; root of context hierarchy
Oct 10, 2017 5:04:07 PM org.springframework.beans.factory.xml.XmlBeanDefinitionReader loadBeanDefinitions
INFO: Loading XML bean definitions from class path resource [applicationContext.xml]
Oct 10, 2017 5:04:07 PM org.springframework.context.support.ClassPathXmlApplicationContext prepareRefresh
INFO: Refreshing org.springframework.context.support.ClassPathXmlApplicationContext@237c8887: startup date [Tue Oct 10 17:04:07 EDT 2017]; root of context hierarchy
Oct 10, 2017 5:04:07 PM org.springframework.beans.factory.xml.XmlBeanDefinitionReader loadBeanDefinitions
INFO: Loading XML bean definitions from class path resource [applicationContext.xml]
Oct 10, 2017 5:04:07 PM org.springframework.context.support.ClassPathXmlApplicationContext prepareRefresh
INFO: Refreshing org.springframework.context.support.ClassPathXmlApplicationContext@22509dee: startup date [Tue Oct 10 17:04:07 EDT 2017]; root of context hierarchy
Oct 10, 2017 5:04:07 PM org.springframework.beans.factory.xml.XmlBeanDefinitionReader loadBeanDefinitions
INFO: Loading XML bean definitions from class path resource [applicationContext.xml]
Oct 10, 2017 5:04:07 PM org.springframework.context.support.ClassPathXmlApplicationContext prepareRefresh
INFO: Refreshing org.springframework.context.support.ClassPathXmlApplicationContext@51aa0344: startup date [Tue Oct 10 17:04:07 EDT 2017]; root of context hierarchy
Oct 10, 2017 5:04:07 PM org.springframework.beans.factory.xml.XmlBeanDefinitionReader loadBeanDefinitions
INFO: Loading XML bean definitions from class path resource [applicationContext.xml]
Oct 10, 2017 5:04:07 PM org.springframework.context.support.ClassPathXmlApplicationContext prepareRefresh
INFO: Refreshing org.springframework.context.support.ClassPathXmlApplicationContext@14436d04: startup date [Tue Oct 10 17:04:07 EDT 2017]; root of context hierarchy
Oct 10, 2017 5:04:07 PM org.springframework.beans.factory.xml.XmlBeanDefinitionReader loadBeanDefinitions
INFO: Loading XML bean definitions from class path resource [applicationContext.xml]
Oct 10, 2017 5:04:07 PM org.springframework.context.support.ClassPathXmlApplicationContext prepareRefresh
INFO: Refreshing org.springframework.context.support.ClassPathXmlApplicationContext@6de46a69: startup date [Tue Oct 10 17:04:07 EDT 2017]; root of context hierarchy
Oct 10, 2017 5:04:07 PM org.springframework.beans.factory.xml.XmlBeanDefinitionReader loadBeanDefinitions
INFO: Loading XML bean definitions from class path resource [applicationContext.xml]
Oct 10, 2017 5:04:07 PM org.springframework.context.support.ClassPathXmlApplicationContext prepareRefresh
INFO: Refreshing org.springframework.context.support.ClassPathXmlApplicationContext@6e22204f: startup date [Tue Oct 10 17:04:07 EDT 2017]; root of context hierarchy
Oct 10, 2017 5:04:07 PM org.springframework.beans.factory.xml.XmlBeanDefinitionReader loadBeanDefinitions
INFO: Loading XML bean definitions from class path resource [applicationContext.xml]
Oct 10, 2017 5:04:07 PM org.springframework.context.support.ClassPathXmlApplicationContext prepareRefresh
INFO: Refreshing org.springframework.context.support.ClassPathXmlApplicationContext@56427e11: startup date [Tue Oct 10 17:04:07 EDT 2017]; root of context hierarchy
Oct 10, 2017 5:04:07 PM org.springframework.beans.factory.xml.XmlBeanDefinitionReader loadBeanDefinitions
INFO: Loading XML bean definitions from class path resource [applicationContext.xml]
Oct 10, 2017 5:04:07 PM org.springframework.context.support.ClassPathXmlApplicationContext prepareRefresh
INFO: Refreshing org.springframework.context.support.ClassPathXmlApplicationContext@702c9028: startup date [Tue Oct 10 17:04:07 EDT 2017]; root of context hierarchy
Oct 10, 2017 5:04:07 PM org.springframework.beans.factory.xml.XmlBeanDefinitionReader loadBeanDefinitions
INFO: Loading XML bean definitions from class path resource [applicationContext.xml]
Oct 10, 2017 5:04:07 PM org.springframework.context.support.ClassPathXmlApplicationContext prepareRefresh
INFO: Refreshing org.springframework.context.support.ClassPathXmlApplicationContext@2f96803c: startup date [Tue Oct 10 17:04:07 EDT 2017]; root of context hierarchy
Oct 10, 2017 5:04:07 PM org.springframework.beans.factory.xml.XmlBeanDefinitionReader loadBeanDefinitions
INFO: Loading XML bean definitions from class path resource [applicationContext.xml]
Oct 10, 2017 5:04:07 PM org.springframework.context.support.ClassPathXmlApplicationContext prepareRefresh
INFO: Refreshing org.springframework.context.support.ClassPathXmlApplicationContext@24ed2509: startup date [Tue Oct 10 17:04:07 EDT 2017]; root of context hierarchy
Oct 10, 2017 5:04:07 PM org.springframework.beans.factory.xml.XmlBeanDefinitionReader loadBeanDefinitions
INFO: Loading XML bean definitions from class path resource [applicationContext.xml]
Oct 10, 2017 5:04:07 PM org.springframework.context.support.ClassPathXmlApplicationContext prepareRefresh
INFO: Refreshing org.springframework.context.support.ClassPathXmlApplicationContext@873a1f2: startup date [Tue Oct 10 17:04:07 EDT 2017]; root of context hierarchy
Oct 10, 2017 5:04:07 PM org.springframework.beans.factory.xml.XmlBeanDefinitionReader loadBeanDefinitions
INFO: Loading XML bean definitions from class path resource [applicationContext.xml]
Oct 10, 2017 5:04:07 PM org.springframework.context.support.ClassPathXmlApplicationContext prepareRefresh
INFO: Refreshing org.springframework.context.support.ClassPathXmlApplicationContext@6351652b: startup date [Tue Oct 10 17:04:07 EDT 2017]; root of context hierarchy
Oct 10, 2017 5:04:07 PM org.springframework.beans.factory.xml.XmlBeanDefinitionReader loadBeanDefinitions
INFO: Loading XML bean definitions from class path resource [applicationContext.xml]
Oct 10, 2017 5:04:07 PM org.springframework.context.support.ClassPathXmlApplicationContext prepareRefresh
INFO: Refreshing org.springframework.context.support.ClassPathXmlApplicationContext@2cd40098: startup date [Tue Oct 10 17:04:07 EDT 2017]; root of context hierarchy
Oct 10, 2017 5:04:07 PM org.springframework.beans.factory.xml.XmlBeanDefinitionReader loadBeanDefinitions
INFO: Loading XML bean definitions from class path resource [applicationContext.xml]
Oct 10, 2017 5:04:07 PM org.springframework.context.support.ClassPathXmlApplicationContext prepareRefresh
INFO: Refreshing org.springframework.context.support.ClassPathXmlApplicationContext@30f9580c: startup date [Tue Oct 10 17:04:07 EDT 2017]; root of context hierarchy
Oct 10, 2017 5:04:07 PM org.springframework.beans.factory.xml.XmlBeanDefinitionReader loadBeanDefinitions
INFO: Loading XML bean definitions from class path resource [applicationContext.xml]
Oct 10, 2017 5:04:07 PM org.springframework.context.support.ClassPathXmlApplicationContext prepareRefresh
INFO: Refreshing org.springframework.context.support.ClassPathXmlApplicationContext@3779347a: startup date [Tue Oct 10 17:04:07 EDT 2017]; root of context hierarchy
Oct 10, 2017 5:04:07 PM org.springframework.beans.factory.xml.XmlBeanDefinitionReader loadBeanDefinitions
INFO: Loading XML bean definitions from class path resource [applicationContext.xml]
Oct 10, 2017 5:04:07 PM org.springframework.context.support.ClassPathXmlApplicationContext prepareRefresh
INFO: Refreshing org.springframework.context.support.ClassPathXmlApplicationContext@75ba6e45: startup date [Tue Oct 10 17:04:07 EDT 2017]; root of context hierarchy
Oct 10, 2017 5:04:07 PM org.springframework.beans.factory.xml.XmlBeanDefinitionReader loadBeanDefinitions
INFO: Loading XML bean definitions from class path resource [applicationContext.xml]
Oct 10, 2017 5:04:07 PM org.springframework.context.support.ClassPathXmlApplicationContext prepareRefresh
INFO: Refreshing org.springframework.context.support.ClassPathXmlApplicationContext@6e4bd367: startup date [Tue Oct 10 17:04:07 EDT 2017]; root of context hierarchy
Oct 10, 2017 5:04:07 PM org.springframework.beans.factory.xml.XmlBeanDefinitionReader loadBeanDefinitions
INFO: Loading XML bean definitions from class path resource [applicationContext.xml]
Oct 10, 2017 5:04:07 PM org.springframework.context.support.ClassPathXmlApplicationContext prepareRefresh
INFO: Refreshing org.springframework.context.support.ClassPathXmlApplicationContext@404c8b90: startup date [Tue Oct 10 17:04:07 EDT 2017]; root of context hierarchy
Oct 10, 2017 5:04:07 PM org.springframework.beans.factory.xml.XmlBeanDefinitionReader loadBeanDefinitions
INFO: Loading XML bean definitions from class path resource [applicationContext.xml]
Oct 10, 2017 5:04:08 PM org.springframework.context.support.ClassPathXmlApplicationContext prepareRefresh
INFO: Refreshing org.springframework.context.support.ClassPathXmlApplicationContext@60842a78: startup date [Tue Oct 10 17:04:08 EDT 2017]; root of context hierarchy
Oct 10, 2017 5:04:08 PM org.springframework.beans.factory.xml.XmlBeanDefinitionReader loadBeanDefinitions
INFO: Loading XML bean definitions from class path resource [applicationContext.xml]
Oct 10, 2017 5:04:08 PM org.springframework.context.support.ClassPathXmlApplicationContext prepareRefresh
INFO: Refreshing org.springframework.context.support.ClassPathXmlApplicationContext@68428b1f: startup date [Tue Oct 10 17:04:08 EDT 2017]; root of context hierarchy
Oct 10, 2017 5:04:08 PM org.springframework.beans.factory.xml.XmlBeanDefinitionReader loadBeanDefinitions
INFO: Loading XML bean definitions from class path resource [applicationContext.xml]
Oct 10, 2017 5:04:08 PM org.springframework.context.support.ClassPathXmlApplicationContext prepareRefresh
INFO: Refreshing org.springframework.context.support.ClassPathXmlApplicationContext@1eeb4666: startup date [Tue Oct 10 17:04:08 EDT 2017]; root of context hierarchy
Oct 10, 2017 5:04:08 PM org.springframework.beans.factory.xml.XmlBeanDefinitionReader loadBeanDefinitions
INFO: Loading XML bean definitions from class path resource [applicationContext.xml]
Oct 10, 2017 5:04:08 PM org.springframework.context.support.ClassPathXmlApplicationContext prepareRefresh
INFO: Refreshing org.springframework.context.support.ClassPathXmlApplicationContext@e81699b: startup date [Tue Oct 10 17:04:08 EDT 2017]; root of context hierarchy
Oct 10, 2017 5:04:08 PM org.springframework.beans.factory.xml.XmlBeanDefinitionReader loadBeanDefinitions
INFO: Loading XML bean definitions from class path resource [applicationContext.xml]
Oct 10, 2017 5:04:08 PM org.springframework.context.support.ClassPathXmlApplicationContext prepareRefresh
INFO: Refreshing org.springframework.context.support.ClassPathXmlApplicationContext@4e023d4f: startup date [Tue Oct 10 17:04:08 EDT 2017]; root of context hierarchy
Oct 10, 2017 5:04:08 PM org.springframework.beans.factory.xml.XmlBeanDefinitionReader loadBeanDefinitions
INFO: Loading XML bean definitions from class path resource [applicationContext.xml]
Oct 10, 2017 5:04:08 PM org.springframework.context.support.ClassPathXmlApplicationContext prepareRefresh
INFO: Refreshing org.springframework.context.support.ClassPathXmlApplicationContext@7b82ab1f: startup date [Tue Oct 10 17:04:08 EDT 2017]; root of context hierarchy
Oct 10, 2017 5:04:08 PM org.springframework.beans.factory.xml.XmlBeanDefinitionReader loadBeanDefinitions
INFO: Loading XML bean definitions from class path resource [applicationContext.xml]
Oct 10, 2017 5:04:08 PM org.springframework.context.support.ClassPathXmlApplicationContext prepareRefresh
INFO: Refreshing org.springframework.context.support.ClassPathXmlApplicationContext@65ad377: startup date [Tue Oct 10 17:04:08 EDT 2017]; root of context hierarchy
Oct 10, 2017 5:04:08 PM org.springframework.beans.factory.xml.XmlBeanDefinitionReader loadBeanDefinitions
INFO: Loading XML bean definitions from class path resource [applicationContext.xml]
Oct 10, 2017 5:04:08 PM org.springframework.context.support.ClassPathXmlApplicationContext prepareRefresh
INFO: Refreshing org.springframework.context.support.ClassPathXmlApplicationContext@4b4c7ed8: startup date [Tue Oct 10 17:04:08 EDT 2017]; root of context hierarchy
Oct 10, 2017 5:04:08 PM org.springframework.beans.factory.xml.XmlBeanDefinitionReader loadBeanDefinitions
INFO: Loading XML bean definitions from class path resource [applicationContext.xml]
Oct 10, 2017 5:04:08 PM org.springframework.context.support.ClassPathXmlApplicationContext prepareRefresh
INFO: Refreshing org.springframework.context.support.ClassPathXmlApplicationContext@2b2fbfc3: startup date [Tue Oct 10 17:04:08 EDT 2017]; root of context hierarchy
Oct 10, 2017 5:04:08 PM org.springframework.beans.factory.xml.XmlBeanDefinitionReader loadBeanDefinitions
INFO: Loading XML bean definitions from class path resource [applicationContext.xml]
Oct 10, 2017 5:04:08 PM org.springframework.context.support.ClassPathXmlApplicationContext prepareRefresh
INFO: Refreshing org.springframework.context.support.ClassPathXmlApplicationContext@308b427: startup date [Tue Oct 10 17:04:08 EDT 2017]; root of context hierarchy
Oct 10, 2017 5:04:08 PM org.springframework.beans.factory.xml.XmlBeanDefinitionReader loadBeanDefinitions
INFO: Loading XML bean definitions from class path resource [applicationContext.xml]
Oct 10, 2017 5:04:08 PM org.springframework.context.support.ClassPathXmlApplicationContext prepareRefresh
INFO: Refreshing org.springframework.context.support.ClassPathXmlApplicationContext@632df32c: startup date [Tue Oct 10 17:04:08 EDT 2017]; root of context hierarchy
Oct 10, 2017 5:04:08 PM org.springframework.beans.factory.xml.XmlBeanDefinitionReader loadBeanDefinitions
INFO: Loading XML bean definitions from class path resource [applicationContext.xml]
Oct 10, 2017 5:04:08 PM org.springframework.context.support.ClassPathXmlApplicationContext prepareRefresh
INFO: Refreshing org.springframework.context.support.ClassPathXmlApplicationContext@2aaf62ee: startup date [Tue Oct 10 17:04:08 EDT 2017]; root of context hierarchy
Oct 10, 2017 5:04:08 PM org.springframework.beans.factory.xml.XmlBeanDefinitionReader loadBeanDefinitions
INFO: Loading XML bean definitions from class path resource [applicationContext.xml]
Oct 10, 2017 5:04:08 PM org.springframework.context.support.ClassPathXmlApplicationContext prepareRefresh
INFO: Refreshing org.springframework.context.support.ClassPathXmlApplicationContext@575679db: startup date [Tue Oct 10 17:04:08 EDT 2017]; root of context hierarchy
Oct 10, 2017 5:04:08 PM org.springframework.beans.factory.xml.XmlBeanDefinitionReader loadBeanDefinitions
INFO: Loading XML bean definitions from class path resource [applicationContext.xml]
Oct 10, 2017 5:04:08 PM org.springframework.context.support.ClassPathXmlApplicationContext prepareRefresh
INFO: Refreshing org.springframework.context.support.ClassPathXmlApplicationContext@3ea605b6: startup date [Tue Oct 10 17:04:08 EDT 2017]; root of context hierarchy
Oct 10, 2017 5:04:08 PM org.springframework.beans.factory.xml.XmlBeanDefinitionReader loadBeanDefinitions
INFO: Loading XML bean definitions from class path resource [applicationContext.xml]
Oct 10, 2017 5:04:08 PM org.springframework.context.support.ClassPathXmlApplicationContext prepareRefresh
INFO: Refreshing org.springframework.context.support.ClassPathXmlApplicationContext@56839c2d: startup date [Tue Oct 10 17:04:08 EDT 2017]; root of context hierarchy
Oct 10, 2017 5:04:08 PM org.springframework.beans.factory.xml.XmlBeanDefinitionReader loadBeanDefinitions
INFO: Loading XML bean definitions from class path resource [applicationContext.xml]
Oct 10, 2017 5:04:08 PM org.springframework.context.support.ClassPathXmlApplicationContext prepareRefresh
INFO: Refreshing org.springframework.context.support.ClassPathXmlApplicationContext@6d5c2e67: startup date [Tue Oct 10 17:04:08 EDT 2017]; root of context hierarchy
Oct 10, 2017 5:04:08 PM org.springframework.beans.factory.xml.XmlBeanDefinitionReader loadBeanDefinitions
INFO: Loading XML bean definitions from class path resource [applicationContext.xml]
Oct 10, 2017 5:04:08 PM org.springframework.context.support.ClassPathXmlApplicationContext prepareRefresh
INFO: Refreshing org.springframework.context.support.ClassPathXmlApplicationContext@7ee1cf66: startup date [Tue Oct 10 17:04:08 EDT 2017]; root of context hierarchy
Oct 10, 2017 5:04:08 PM org.springframework.beans.factory.xml.XmlBeanDefinitionReader loadBeanDefinitions
INFO: Loading XML bean definitions from class path resource [applicationContext.xml]
Oct 10, 2017 5:04:08 PM org.springframework.context.support.ClassPathXmlApplicationContext prepareRefresh
INFO: Refreshing org.springframework.context.support.ClassPathXmlApplicationContext@1069d5ed: startup date [Tue Oct 10 17:04:08 EDT 2017]; root of context hierarchy
Oct 10, 2017 5:04:08 PM org.springframework.beans.factory.xml.XmlBeanDefinitionReader loadBeanDefinitions
INFO: Loading XML bean definitions from class path resource [applicationContext.xml]
Oct 10, 2017 5:04:08 PM org.springframework.context.support.ClassPathXmlApplicationContext prepareRefresh
INFO: Refreshing org.springframework.context.support.ClassPathXmlApplicationContext@5d50ec80: startup date [Tue Oct 10 17:04:08 EDT 2017]; root of context hierarchy
Oct 10, 2017 5:04:08 PM org.springframework.beans.factory.xml.XmlBeanDefinitionReader loadBeanDefinitions
INFO: Loading XML bean definitions from class path resource [applicationContext.xml]
Oct 10, 2017 5:04:08 PM org.springframework.context.support.ClassPathXmlApplicationContext prepareRefresh
INFO: Refreshing org.springframework.context.support.ClassPathXmlApplicationContext@4628787c: startup date [Tue Oct 10 17:04:08 EDT 2017]; root of context hierarchy
Oct 10, 2017 5:04:08 PM org.springframework.beans.factory.xml.XmlBeanDefinitionReader loadBeanDefinitions
INFO: Loading XML bean definitions from class path resource [applicationContext.xml]
Oct 10, 2017 5:04:08 PM org.springframework.context.support.ClassPathXmlApplicationContext prepareRefresh
INFO: Refreshing org.springframework.context.support.ClassPathXmlApplicationContext@9ade45e: startup date [Tue Oct 10 17:04:08 EDT 2017]; root of context hierarchy
Oct 10, 2017 5:04:08 PM org.springframework.beans.factory.xml.XmlBeanDefinitionReader loadBeanDefinitions
INFO: Loading XML bean definitions from class path resource [applicationContext.xml]
Oct 10, 2017 5:04:08 PM org.springframework.context.support.ClassPathXmlApplicationContext prepareRefresh
INFO: Refreshing org.springframework.context.support.ClassPathXmlApplicationContext@723a28c2: startup date [Tue Oct 10 17:04:08 EDT 2017]; root of context hierarchy
Oct 10, 2017 5:04:08 PM org.springframework.beans.factory.xml.XmlBeanDefinitionReader loadBeanDefinitions
INFO: Loading XML bean definitions from class path resource [applicationContext.xml]
Oct 10, 2017 5:04:08 PM org.springframework.context.support.ClassPathXmlApplicationContext prepareRefresh
INFO: Refreshing org.springframework.context.support.ClassPathXmlApplicationContext@1d43ea3d: startup date [Tue Oct 10 17:04:08 EDT 2017]; root of context hierarchy
Oct 10, 2017 5:04:08 PM org.springframework.beans.factory.xml.XmlBeanDefinitionReader loadBeanDefinitions
INFO: Loading XML bean definitions from class path resource [applicationContext.xml]
Oct 10, 2017 5:04:08 PM org.springframework.context.support.ClassPathXmlApplicationContext prepareRefresh
INFO: Refreshing org.springframework.context.support.ClassPathXmlApplicationContext@708c8c92: startup date [Tue Oct 10 17:04:08 EDT 2017]; root of context hierarchy
Oct 10, 2017 5:04:08 PM org.springframework.beans.factory.xml.XmlBeanDefinitionReader loadBeanDefinitions
INFO: Loading XML bean definitions from class path resource [applicationContext.xml]
Oct 10, 2017 5:04:08 PM org.springframework.context.support.ClassPathXmlApplicationContext prepareRefresh
INFO: Refreshing org.springframework.context.support.ClassPathXmlApplicationContext@1e2fecf5: startup date [Tue Oct 10 17:04:08 EDT 2017]; root of context hierarchy
Oct 10, 2017 5:04:08 PM org.springframework.beans.factory.xml.XmlBeanDefinitionReader loadBeanDefinitions
INFO: Loading XML bean definitions from class path resource [applicationContext.xml]
Oct 10, 2017 5:04:08 PM org.springframework.context.support.ClassPathXmlApplicationContext prepareRefresh
INFO: Refreshing org.springframework.context.support.ClassPathXmlApplicationContext@310988df: startup date [Tue Oct 10 17:04:08 EDT 2017]; root of context hierarchy
Oct 10, 2017 5:04:08 PM org.springframework.beans.factory.xml.XmlBeanDefinitionReader loadBeanDefinitions
INFO: Loading XML bean definitions from class path resource [applicationContext.xml]
Oct 10, 2017 5:04:08 PM org.springframework.context.support.ClassPathXmlApplicationContext prepareRefresh
INFO: Refreshing org.springframework.context.support.ClassPathXmlApplicationContext@6a21873a: startup date [Tue Oct 10 17:04:08 EDT 2017]; root of context hierarchy
Oct 10, 2017 5:04:08 PM org.springframework.beans.factory.xml.XmlBeanDefinitionReader loadBeanDefinitions
INFO: Loading XML bean definitions from class path resource [applicationContext.xml]
Oct 10, 2017 5:04:08 PM org.springframework.context.support.ClassPathXmlApplicationContext prepareRefresh
INFO: Refreshing org.springframework.context.support.ClassPathXmlApplicationContext@3759fdee: startup date [Tue Oct 10 17:04:08 EDT 2017]; root of context hierarchy
Oct 10, 2017 5:04:08 PM org.springframework.beans.factory.xml.XmlBeanDefinitionReader loadBeanDefinitions
INFO: Loading XML bean definitions from class path resource [applicationContext.xml]
Oct 10, 2017 5:04:08 PM org.springframework.context.support.ClassPathXmlApplicationContext prepareRefresh
INFO: Refreshing org.springframework.context.support.ClassPathXmlApplicationContext@72b45892: startup date [Tue Oct 10 17:04:08 EDT 2017]; root of context hierarchy
Oct 10, 2017 5:04:08 PM org.springframework.beans.factory.xml.XmlBeanDefinitionReader loadBeanDefinitions
INFO: Loading XML bean definitions from class path resource [applicationContext.xml]
Oct 10, 2017 5:04:08 PM org.springframework.context.support.ClassPathXmlApplicationContext prepareRefresh
INFO: Refreshing org.springframework.context.support.ClassPathXmlApplicationContext@2db6bfe6: startup date [Tue Oct 10 17:04:08 EDT 2017]; root of context hierarchy
Oct 10, 2017 5:04:08 PM org.springframework.beans.factory.xml.XmlBeanDefinitionReader loadBeanDefinitions
INFO: Loading XML bean definitions from class path resource [applicationContext.xml]
Oct 10, 2017 5:04:08 PM org.springframework.context.support.ClassPathXmlApplicationContext prepareRefresh
INFO: Refreshing org.springframework.context.support.ClassPathXmlApplicationContext@542851cb: startup date [Tue Oct 10 17:04:08 EDT 2017]; root of context hierarchy
Oct 10, 2017 5:04:08 PM org.springframework.beans.factory.xml.XmlBeanDefinitionReader loadBeanDefinitions
INFO: Loading XML bean definitions from class path resource [applicationContext.xml]
Oct 10, 2017 5:04:08 PM org.springframework.context.support.ClassPathXmlApplicationContext prepareRefresh
INFO: Refreshing org.springframework.context.support.ClassPathXmlApplicationContext@18737ce1: startup date [Tue Oct 10 17:04:08 EDT 2017]; root of context hierarchy
Oct 10, 2017 5:04:08 PM org.springframework.beans.factory.xml.XmlBeanDefinitionReader loadBeanDefinitions
INFO: Loading XML bean definitions from class path resource [applicationContext.xml]
Oct 10, 2017 5:04:08 PM org.springframework.context.support.ClassPathXmlApplicationContext prepareRefresh
INFO: Refreshing org.springframework.context.support.ClassPathXmlApplicationContext@cd5235: startup date [Tue Oct 10 17:04:08 EDT 2017]; root of context hierarchy
Oct 10, 2017 5:04:08 PM org.springframework.beans.factory.xml.XmlBeanDefinitionReader loadBeanDefinitions
INFO: Loading XML bean definitions from class path resource [applicationContext.xml]
Oct 10, 2017 5:04:08 PM org.springframework.context.support.ClassPathXmlApplicationContext prepareRefresh
INFO: Refreshing org.springframework.context.support.ClassPathXmlApplicationContext@58d5482e: startup date [Tue Oct 10 17:04:08 EDT 2017]; root of context hierarchy
Oct 10, 2017 5:04:08 PM org.springframework.beans.factory.xml.XmlBeanDefinitionReader loadBeanDefinitions
INFO: Loading XML bean definitions from class path resource [applicationContext.xml]
Oct 10, 2017 5:04:08 PM org.springframework.context.support.ClassPathXmlApplicationContext prepareRefresh
INFO: Refreshing org.springframework.context.support.ClassPathXmlApplicationContext@4824afb3: startup date [Tue Oct 10 17:04:08 EDT 2017]; root of context hierarchy
Oct 10, 2017 5:04:08 PM org.springframework.beans.factory.xml.XmlBeanDefinitionReader loadBeanDefinitions
INFO: Loading XML bean definitions from class path resource [applicationContext.xml]
Oct 10, 2017 5:04:08 PM org.springframework.context.support.ClassPathXmlApplicationContext prepareRefresh
INFO: Refreshing org.springframework.context.support.ClassPathXmlApplicationContext@72f8844a: startup date [Tue Oct 10 17:04:08 EDT 2017]; root of context hierarchy
Oct 10, 2017 5:04:08 PM org.springframework.beans.factory.xml.XmlBeanDefinitionReader loadBeanDefinitions
INFO: Loading XML bean definitions from class path resource [applicationContext.xml]
Oct 10, 2017 5:04:08 PM org.springframework.context.support.ClassPathXmlApplicationContext prepareRefresh
INFO: Refreshing org.springframework.context.support.ClassPathXmlApplicationContext@66ec0f6d: startup date [Tue Oct 10 17:04:08 EDT 2017]; root of context hierarchy
Oct 10, 2017 5:04:08 PM org.springframework.beans.factory.xml.XmlBeanDefinitionReader loadBeanDefinitions
INFO: Loading XML bean definitions from class path resource [applicationContext.xml]
Oct 10, 2017 5:04:08 PM org.springframework.context.support.ClassPathXmlApplicationContext prepareRefresh
INFO: Refreshing org.springframework.context.support.ClassPathXmlApplicationContext@796e7c3f: startup date [Tue Oct 10 17:04:08 EDT 2017]; root of context hierarchy
Oct 10, 2017 5:04:08 PM org.springframework.beans.factory.xml.XmlBeanDefinitionReader loadBeanDefinitions
INFO: Loading XML bean definitions from class path resource [applicationContext.xml]
Oct 10, 2017 5:04:08 PM org.springframework.context.support.ClassPathXmlApplicationContext prepareRefresh
INFO: Refreshing org.springframework.context.support.ClassPathXmlApplicationContext@31ed639d: startup date [Tue Oct 10 17:04:08 EDT 2017]; root of context hierarchy
Oct 10, 2017 5:04:08 PM org.springframework.beans.factory.xml.XmlBeanDefinitionReader loadBeanDefinitions
INFO: Loading XML bean definitions from class path resource [applicationContext.xml]
Oct 10, 2017 5:04:08 PM org.springframework.context.support.ClassPathXmlApplicationContext prepareRefresh
INFO: Refreshing org.springframework.context.support.ClassPathXmlApplicationContext@72abb265: startup date [Tue Oct 10 17:04:08 EDT 2017]; root of context hierarchy
Oct 10, 2017 5:04:08 PM org.springframework.beans.factory.xml.XmlBeanDefinitionReader loadBeanDefinitions
INFO: Loading XML bean definitions from class path resource [applicationContext.xml]
Oct 10, 2017 5:04:08 PM org.springframework.context.support.ClassPathXmlApplicationContext prepareRefresh
INFO: Refreshing org.springframework.context.support.ClassPathXmlApplicationContext@5b3e68b7: startup date [Tue Oct 10 17:04:08 EDT 2017]; root of context hierarchy
Oct 10, 2017 5:04:08 PM org.springframework.beans.factory.xml.XmlBeanDefinitionReader loadBeanDefinitions
INFO: Loading XML bean definitions from class path resource [applicationContext.xml]
Oct 10, 2017 5:04:08 PM org.springframework.context.support.ClassPathXmlApplicationContext prepareRefresh
INFO: Refreshing org.springframework.context.support.ClassPathXmlApplicationContext@5f83b5fd: startup date [Tue Oct 10 17:04:08 EDT 2017]; root of context hierarchy
Oct 10, 2017 5:04:08 PM org.springframework.beans.factory.xml.XmlBeanDefinitionReader loadBeanDefinitions
INFO: Loading XML bean definitions from class path resource [applicationContext.xml]
Oct 10, 2017 5:04:08 PM org.springframework.context.support.ClassPathXmlApplicationContext prepareRefresh
INFO: Refreshing org.springframework.context.support.ClassPathXmlApplicationContext@77fd86b1: startup date [Tue Oct 10 17:04:08 EDT 2017]; root of context hierarchy
Oct 10, 2017 5:04:08 PM org.springframework.beans.factory.xml.XmlBeanDefinitionReader loadBeanDefinitions
INFO: Loading XML bean definitions from class path resource [applicationContext.xml]
Oct 10, 2017 5:04:08 PM org.springframework.context.support.ClassPathXmlApplicationContext prepareRefresh
INFO: Refreshing org.springframework.context.support.ClassPathXmlApplicationContext@3864d9c2: startup date [Tue Oct 10 17:04:08 EDT 2017]; root of context hierarchy
Oct 10, 2017 5:04:08 PM org.springframework.beans.factory.xml.XmlBeanDefinitionReader loadBeanDefinitions
INFO: Loading XML bean definitions from class path resource [applicationContext.xml]
Oct 10, 2017 5:04:08 PM org.springframework.context.support.ClassPathXmlApplicationContext prepareRefresh
INFO: Refreshing org.springframework.context.support.ClassPathXmlApplicationContext@375c7e44: startup date [Tue Oct 10 17:04:08 EDT 2017]; root of context hierarchy
Oct 10, 2017 5:04:08 PM org.springframework.beans.factory.xml.XmlBeanDefinitionReader loadBeanDefinitions
INFO: Loading XML bean definitions from class path resource [applicationContext.xml]
Oct 10, 2017 5:04:08 PM org.springframework.context.support.ClassPathXmlApplicationContext prepareRefresh
INFO: Refreshing org.springframework.context.support.ClassPathXmlApplicationContext@131d4e73: startup date [Tue Oct 10 17:04:08 EDT 2017]; root of context hierarchy
Oct 10, 2017 5:04:08 PM org.springframework.beans.factory.xml.XmlBeanDefinitionReader loadBeanDefinitions
INFO: Loading XML bean definitions from class path resource [applicationContext.xml]
Oct 10, 2017 5:04:08 PM org.springframework.context.support.ClassPathXmlApplicationContext prepareRefresh
INFO: Refreshing org.springframework.context.support.ClassPathXmlApplicationContext@21c6217: startup date [Tue Oct 10 17:04:08 EDT 2017]; root of context hierarchy
Oct 10, 2017 5:04:08 PM org.springframework.beans.factory.xml.XmlBeanDefinitionReader loadBeanDefinitions
INFO: Loading XML bean definitions from class path resource [applicationContext.xml]
Oct 10, 2017 5:04:08 PM org.springframework.context.support.ClassPathXmlApplicationContext prepareRefresh
INFO: Refreshing org.springframework.context.support.ClassPathXmlApplicationContext@5777dc00: startup date [Tue Oct 10 17:04:08 EDT 2017]; root of context hierarchy
Oct 10, 2017 5:04:08 PM org.springframework.beans.factory.xml.XmlBeanDefinitionReader loadBeanDefinitions
INFO: Loading XML bean definitions from class path resource [applicationContext.xml]
Oct 10, 2017 5:04:08 PM org.springframework.context.support.ClassPathXmlApplicationContext prepareRefresh
INFO: Refreshing org.springframework.context.support.ClassPathXmlApplicationContext@2b6f9c2b: startup date [Tue Oct 10 17:04:08 EDT 2017]; root of context hierarchy
Oct 10, 2017 5:04:08 PM org.springframework.beans.factory.xml.XmlBeanDefinitionReader loadBeanDefinitions
INFO: Loading XML bean definitions from class path resource [applicationContext.xml]
Oct 10, 2017 5:04:08 PM org.springframework.context.support.ClassPathXmlApplicationContext prepareRefresh
INFO: Refreshing org.springframework.context.support.ClassPathXmlApplicationContext@34ac054a: startup date [Tue Oct 10 17:04:08 EDT 2017]; root of context hierarchy
Oct 10, 2017 5:04:08 PM org.springframework.beans.factory.xml.XmlBeanDefinitionReader loadBeanDefinitions
INFO: Loading XML bean definitions from class path resource [applicationContext.xml]
Oct 10, 2017 5:04:08 PM org.springframework.context.support.ClassPathXmlApplicationContext prepareRefresh
INFO: Refreshing org.springframework.context.support.ClassPathXmlApplicationContext@4941eff6: startup date [Tue Oct 10 17:04:08 EDT 2017]; root of context hierarchy
Oct 10, 2017 5:04:08 PM org.springframework.beans.factory.xml.XmlBeanDefinitionReader loadBeanDefinitions
INFO: Loading XML bean definitions from class path resource [applicationContext.xml]
Oct 10, 2017 5:04:08 PM org.springframework.context.support.ClassPathXmlApplicationContext prepareRefresh
INFO: Refreshing org.springframework.context.support.ClassPathXmlApplicationContext@43dccbe3: startup date [Tue Oct 10 17:04:08 EDT 2017]; root of context hierarchy
Oct 10, 2017 5:04:08 PM org.springframework.beans.factory.xml.XmlBeanDefinitionReader loadBeanDefinitions
INFO: Loading XML bean definitions from class path resource [applicationContext.xml]
Oct 10, 2017 5:04:08 PM org.springframework.context.support.ClassPathXmlApplicationContext prepareRefresh
INFO: Refreshing org.springframework.context.support.ClassPathXmlApplicationContext@538021e1: startup date [Tue Oct 10 17:04:08 EDT 2017]; root of context hierarchy
Oct 10, 2017 5:04:08 PM org.springframework.beans.factory.xml.XmlBeanDefinitionReader loadBeanDefinitions
INFO: Loading XML bean definitions from class path resource [applicationContext.xml]
Oct 10, 2017 5:04:08 PM org.springframework.context.support.ClassPathXmlApplicationContext prepareRefresh
INFO: Refreshing org.springframework.context.support.ClassPathXmlApplicationContext@50810b86: startup date [Tue Oct 10 17:04:08 EDT 2017]; root of context hierarchy
Oct 10, 2017 5:04:08 PM org.springframework.beans.factory.xml.XmlBeanDefinitionReader loadBeanDefinitions
INFO: Loading XML bean definitions from class path resource [applicationContext.xml]
Oct 10, 2017 5:04:08 PM org.springframework.context.support.ClassPathXmlApplicationContext prepareRefresh
INFO: Refreshing org.springframework.context.support.ClassPathXmlApplicationContext@1bc3591d: startup date [Tue Oct 10 17:04:08 EDT 2017]; root of context hierarchy
Oct 10, 2017 5:04:08 PM org.springframework.beans.factory.xml.XmlBeanDefinitionReader loadBeanDefinitions
INFO: Loading XML bean definitions from class path resource [applicationContext.xml]
Oct 10, 2017 5:04:08 PM org.springframework.context.support.ClassPathXmlApplicationContext prepareRefresh
INFO: Refreshing org.springframework.context.support.ClassPathXmlApplicationContext@14c85579: startup date [Tue Oct 10 17:04:08 EDT 2017]; root of context hierarchy
Oct 10, 2017 5:04:08 PM org.springframework.beans.factory.xml.XmlBeanDefinitionReader loadBeanDefinitions
INFO: Loading XML bean definitions from class path resource [applicationContext.xml]
Oct 10, 2017 5:04:08 PM org.springframework.context.support.ClassPathXmlApplicationContext prepareRefresh
INFO: Refreshing org.springframework.context.support.ClassPathXmlApplicationContext@147e9298: startup date [Tue Oct 10 17:04:08 EDT 2017]; root of context hierarchy
Oct 10, 2017 5:04:08 PM org.springframework.beans.factory.xml.XmlBeanDefinitionReader loadBeanDefinitions
INFO: Loading XML bean definitions from class path resource [applicationContext.xml]
Oct 10, 2017 5:04:08 PM org.springframework.context.support.ClassPathXmlApplicationContext prepareRefresh
INFO: Refreshing org.springframework.context.support.ClassPathXmlApplicationContext@179dca8e: startup date [Tue Oct 10 17:04:08 EDT 2017]; root of context hierarchy
Oct 10, 2017 5:04:08 PM org.springframework.beans.factory.xml.XmlBeanDefinitionReader loadBeanDefinitions
INFO: Loading XML bean definitions from class path resource [applicationContext.xml]
Oct 10, 2017 5:04:08 PM org.springframework.context.support.ClassPathXmlApplicationContext prepareRefresh
INFO: Refreshing org.springframework.context.support.ClassPathXmlApplicationContext@512fd7bb: startup date [Tue Oct 10 17:04:08 EDT 2017]; root of context hierarchy
Oct 10, 2017 5:04:08 PM org.springframework.beans.factory.xml.XmlBeanDefinitionReader loadBeanDefinitions
INFO: Loading XML bean definitions from class path resource [applicationContext.xml]
Oct 10, 2017 5:04:08 PM org.springframework.context.support.ClassPathXmlApplicationContext prepareRefresh
INFO: Refreshing org.springframework.context.support.ClassPathXmlApplicationContext@2d560be3: startup date [Tue Oct 10 17:04:08 EDT 2017]; root of context hierarchy
Oct 10, 2017 5:04:08 PM org.springframework.beans.factory.xml.XmlBeanDefinitionReader loadBeanDefinitions
INFO: Loading XML bean definitions from class path resource [applicationContext.xml]
Oct 10, 2017 5:04:08 PM org.springframework.context.support.ClassPathXmlApplicationContext prepareRefresh
INFO: Refreshing org.springframework.context.support.ClassPathXmlApplicationContext@7c5f8a7c: startup date [Tue Oct 10 17:04:08 EDT 2017]; root of context hierarchy
Oct 10, 2017 5:04:08 PM org.springframework.beans.factory.xml.XmlBeanDefinitionReader loadBeanDefinitions
INFO: Loading XML bean definitions from class path resource [applicationContext.xml]
Oct 10, 2017 5:04:08 PM org.springframework.context.support.ClassPathXmlApplicationContext prepareRefresh
INFO: Refreshing org.springframework.context.support.ClassPathXmlApplicationContext@5ed5b27c: startup date [Tue Oct 10 17:04:08 EDT 2017]; root of context hierarchy
Oct 10, 2017 5:04:08 PM org.springframework.beans.factory.xml.XmlBeanDefinitionReader loadBeanDefinitions
INFO: Loading XML bean definitions from class path resource [applicationContext.xml]
</system-err>
  </testcase>
  <testcase classname="com.sg.flooringmastery.dao.FMTaxRateDaoTest" name="testAddGetMethod" time="0.001">
    <error message="org.springframework.beans.FatalBeanException" type="java.lang.NoClassDefFoundError">java.lang.NoClassDefFoundError: org.springframework.beans.FatalBeanException
	at org.springframework.beans.factory.support.AbstractAutowireCapableBeanFactory.instantiateBean(AbstractAutowireCapableBeanFactory.java:1154)
	at org.springframework.beans.factory.support.AbstractAutowireCapableBeanFactory.createBeanInstance(AbstractAutowireCapableBeanFactory.java:1099)
	at org.springframework.beans.factory.support.AbstractAutowireCapableBeanFactory.doCreateBean(AbstractAutowireCapableBeanFactory.java:513)
	at org.springframework.beans.factory.support.AbstractAutowireCapableBeanFactory.createBean(AbstractAutowireCapableBeanFactory.java:483)
	at org.springframework.beans.factory.support.AbstractBeanFactory$1.getObject(AbstractBeanFactory.java:306)
	at org.springframework.beans.factory.support.DefaultSingletonBeanRegistry.getSingleton(DefaultSingletonBeanRegistry.java:230)
	at org.springframework.beans.factory.support.AbstractBeanFactory.doGetBean(AbstractBeanFactory.java:302)
	at org.springframework.beans.factory.support.AbstractBeanFactory.getBean(AbstractBeanFactory.java:197)
	at org.springframework.beans.factory.support.DefaultListableBeanFactory.preInstantiateSingletons(DefaultListableBeanFactory.java:761)
	at org.springframework.context.support.AbstractApplicationContext.finishBeanFactoryInitialization(AbstractApplicationContext.java:867)
	at org.springframework.context.support.AbstractApplicationContext.refresh(AbstractApplicationContext.java:543)
	at org.springframework.context.support.ClassPathXmlApplicationContext.&lt;init&gt;(ClassPathXmlApplicationContext.java:139)
	at org.springframework.context.support.ClassPathXmlApplicationContext.&lt;init&gt;(ClassPathXmlApplicationContext.java:83)
	at com.sg.flooringmastery.dao.FMTaxRateDaoTest.&lt;init&gt;(FMTaxRateDaoTest.java:28)
	at sun.reflect.NativeConstructorAccessorImpl.newInstance0(Native Method)
	at sun.reflect.NativeConstructorAccessorImpl.newInstance(NativeConstructorAccessorImpl.java:62)
	at sun.reflect.DelegatingConstructorAccessorImpl.newInstance(DelegatingConstructorAccessorImpl.java:45)
	at java.lang.reflect.Constructor.newInstance(Constructor.java:423)
	at org.junit.runners.BlockJUnit4ClassRunner.createTest(BlockJUnit4ClassRunner.java:217)
	at org.junit.runners.BlockJUnit4ClassRunner$1.runReflectiveCall(BlockJUnit4ClassRunner.java:266)
	at org.junit.internal.runners.model.ReflectiveCallable.run(ReflectiveCallable.java:12)
	at org.junit.runners.BlockJUnit4ClassRunner.methodBlock(BlockJUnit4ClassRunner.java:263)
	at org.junit.runners.BlockJUnit4ClassRunner.runChild(BlockJUnit4ClassRunner.java:78)
	at org.junit.runners.BlockJUnit4ClassRunner.runChild(BlockJUnit4ClassRunner.java:57)
	at org.junit.runners.ParentRunner$3.run(ParentRunner.java:290)
	at org.junit.runners.ParentRunner$1.schedule(ParentRunner.java:71)
	at org.junit.runners.ParentRunner.runChildren(ParentRunner.java:288)
	at org.junit.runners.ParentRunner.access$000(ParentRunner.java:58)
	at org.junit.runners.ParentRunner$2.evaluate(ParentRunner.java:268)
	at org.junit.runners.ParentRunner.run(ParentRunner.java:363)
	at org.apache.maven.surefire.junit4.JUnit4Provider.execute(JUnit4Provider.java:252)
	at org.apache.maven.surefire.junit4.JUnit4Provider.executeTestSet(JUnit4Provider.java:141)
	at org.apache.maven.surefire.junit4.JUnit4Provider.invoke(JUnit4Provider.java:112)
	at sun.reflect.NativeMethodAccessorImpl.invoke0(Native Method)
	at sun.reflect.NativeMethodAccessorImpl.invoke(NativeMethodAccessorImpl.java:62)
	at sun.reflect.DelegatingMethodAccessorImpl.invoke(DelegatingMethodAccessorImpl.java:43)
	at java.lang.reflect.Method.invoke(Method.java:498)
	at org.apache.maven.surefire.util.ReflectionUtils.invokeMethodWithArray(ReflectionUtils.java:189)
	at org.apache.maven.surefire.booter.ProviderFactory$ProviderProxy.invoke(ProviderFactory.java:165)
	at org.apache.maven.surefire.booter.ProviderFactory.invokeProvider(ProviderFactory.java:85)
	at org.apache.maven.surefire.booter.ForkedBooter.runSuitesInProcess(ForkedBooter.java:115)
	at org.apache.maven.surefire.booter.ForkedBooter.main(ForkedBooter.java:75)
</error>
    <system-err>Oct 10, 2017 5:04:08 PM org.springframework.context.support.ClassPathXmlApplicationContext prepareRefresh
INFO: Refreshing org.springframework.context.support.ClassPathXmlApplicationContext@665bac95: startup date [Tue Oct 10 17:04:08 EDT 2017]; root of context hierarchy
Oct 10, 2017 5:04:08 PM org.springframework.beans.factory.xml.XmlBeanDefinitionReader loadBeanDefinitions
INFO: Loading XML bean definitions from class path resource [applicationContext.xml]
Oct 10, 2017 5:04:08 PM org.springframework.context.support.ClassPathXmlApplicationContext prepareRefresh
INFO: Refreshing org.springframework.context.support.ClassPathXmlApplicationContext@7d0d6740: startup date [Tue Oct 10 17:04:08 EDT 2017]; root of context hierarchy
Oct 10, 2017 5:04:08 PM org.springframework.beans.factory.xml.XmlBeanDefinitionReader loadBeanDefinitions
INFO: Loading XML bean definitions from class path resource [applicationContext.xml]
Oct 10, 2017 5:04:08 PM org.springframework.context.support.ClassPathXmlApplicationContext prepareRefresh
INFO: Refreshing org.springframework.context.support.ClassPathXmlApplicationContext@1dbf8787: startup date [Tue Oct 10 17:04:08 EDT 2017]; root of context hierarchy
Oct 10, 2017 5:04:08 PM org.springframework.beans.factory.xml.XmlBeanDefinitionReader loadBeanDefinitions
INFO: Loading XML bean definitions from class path resource [applicationContext.xml]
Oct 10, 2017 5:04:08 PM org.springframework.context.support.ClassPathXmlApplicationContext prepareRefresh
INFO: Refreshing org.springframework.context.support.ClassPathXmlApplicationContext@726eff6d: startup date [Tue Oct 10 17:04:08 EDT 2017]; root of context hierarchy
Oct 10, 2017 5:04:08 PM org.springframework.beans.factory.xml.XmlBeanDefinitionReader loadBeanDefinitions
INFO: Loading XML bean definitions from class path resource [applicationContext.xml]
Oct 10, 2017 5:04:08 PM org.springframework.context.support.ClassPathXmlApplicationContext prepareRefresh
INFO: Refreshing org.springframework.context.support.ClassPathXmlApplicationContext@5a605f09: startup date [Tue Oct 10 17:04:08 EDT 2017]; root of context hierarchy
Oct 10, 2017 5:04:08 PM org.springframework.beans.factory.xml.XmlBeanDefinitionReader loadBeanDefinitions
INFO: Loading XML bean definitions from class path resource [applicationContext.xml]
Oct 10, 2017 5:04:08 PM org.springframework.context.support.ClassPathXmlApplicationContext prepareRefresh
INFO: Refreshing org.springframework.context.support.ClassPathXmlApplicationContext@4ddcf06a: startup date [Tue Oct 10 17:04:08 EDT 2017]; root of context hierarchy
Oct 10, 2017 5:04:08 PM org.springframework.beans.factory.xml.XmlBeanDefinitionReader loadBeanDefinitions
INFO: Loading XML bean definitions from class path resource [applicationContext.xml]
Oct 10, 2017 5:04:08 PM org.springframework.context.support.ClassPathXmlApplicationContext prepareRefresh
INFO: Refreshing org.springframework.context.support.ClassPathXmlApplicationContext@2a4d0549: startup date [Tue Oct 10 17:04:08 EDT 2017]; root of context hierarchy
Oct 10, 2017 5:04:08 PM org.springframework.beans.factory.xml.XmlBeanDefinitionReader loadBeanDefinitions
INFO: Loading XML bean definitions from class path resource [applicationContext.xml]
Oct 10, 2017 5:04:08 PM org.springframework.context.support.ClassPathXmlApplicationContext prepareRefresh
INFO: Refreshing org.springframework.context.support.ClassPathXmlApplicationContext@7fe46b5c: startup date [Tue Oct 10 17:04:08 EDT 2017]; root of context hierarchy
Oct 10, 2017 5:04:08 PM org.springframework.beans.factory.xml.XmlBeanDefinitionReader loadBeanDefinitions
INFO: Loading XML bean definitions from class path resource [applicationContext.xml]
Oct 10, 2017 5:04:08 PM org.springframework.context.support.ClassPathXmlApplicationContext prepareRefresh
INFO: Refreshing org.springframework.context.support.ClassPathXmlApplicationContext@77043caf: startup date [Tue Oct 10 17:04:08 EDT 2017]; root of context hierarchy
Oct 10, 2017 5:04:08 PM org.springframework.beans.factory.xml.XmlBeanDefinitionReader loadBeanDefinitions
INFO: Loading XML bean definitions from class path resource [applicationContext.xml]
Oct 10, 2017 5:04:08 PM org.springframework.context.support.ClassPathXmlApplicationContext prepareRefresh
INFO: Refreshing org.springframework.context.support.ClassPathXmlApplicationContext@4dcfab9a: startup date [Tue Oct 10 17:04:08 EDT 2017]; root of context hierarchy
Oct 10, 2017 5:04:08 PM org.springframework.beans.factory.xml.XmlBeanDefinitionReader loadBeanDefinitions
INFO: Loading XML bean definitions from class path resource [applicationContext.xml]
Oct 10, 2017 5:04:09 PM org.springframework.context.support.ClassPathXmlApplicationContext prepareRefresh
INFO: Refreshing org.springframework.context.support.ClassPathXmlApplicationContext@3eda6cb4: startup date [Tue Oct 10 17:04:09 EDT 2017]; root of context hierarchy
Oct 10, 2017 5:04:09 PM org.springframework.beans.factory.xml.XmlBeanDefinitionReader loadBeanDefinitions
INFO: Loading XML bean definitions from class path resource [applicationContext.xml]
Oct 10, 2017 5:04:09 PM org.springframework.context.support.ClassPathXmlApplicationContext prepareRefresh
INFO: Refreshing org.springframework.context.support.ClassPathXmlApplicationContext@53019aa4: startup date [Tue Oct 10 17:04:09 EDT 2017]; root of context hierarchy
Oct 10, 2017 5:04:09 PM org.springframework.beans.factory.xml.XmlBeanDefinitionReader loadBeanDefinitions
INFO: Loading XML bean definitions from class path resource [applicationContext.xml]
Oct 10, 2017 5:04:09 PM org.springframework.context.support.ClassPathXmlApplicationContext prepareRefresh
INFO: Refreshing org.springframework.context.support.ClassPathXmlApplicationContext@1127546: startup date [Tue Oct 10 17:04:09 EDT 2017]; root of context hierarchy
Oct 10, 2017 5:04:09 PM org.springframework.beans.factory.xml.XmlBeanDefinitionReader loadBeanDefinitions
INFO: Loading XML bean definitions from class path resource [applicationContext.xml]
Oct 10, 2017 5:04:09 PM org.springframework.context.support.ClassPathXmlApplicationContext prepareRefresh
INFO: Refreshing org.springframework.context.support.ClassPathXmlApplicationContext@5cfc428c: startup date [Tue Oct 10 17:04:09 EDT 2017]; root of context hierarchy
Oct 10, 2017 5:04:09 PM org.springframework.beans.factory.xml.XmlBeanDefinitionReader loadBeanDefinitions
INFO: Loading XML bean definitions from class path resource [applicationContext.xml]
Oct 10, 2017 5:04:09 PM org.springframework.context.support.ClassPathXmlApplicationContext prepareRefresh
INFO: Refreshing org.springframework.context.support.ClassPathXmlApplicationContext@2fcb36c3: startup date [Tue Oct 10 17:04:09 EDT 2017]; root of context hierarchy
Oct 10, 2017 5:04:09 PM org.springframework.beans.factory.xml.XmlBeanDefinitionReader loadBeanDefinitions
INFO: Loading XML bean definitions from class path resource [applicationContext.xml]
Oct 10, 2017 5:04:09 PM org.springframework.context.support.ClassPathXmlApplicationContext prepareRefresh
INFO: Refreshing org.springframework.context.support.ClassPathXmlApplicationContext@2819f81c: startup date [Tue Oct 10 17:04:09 EDT 2017]; root of context hierarchy
Oct 10, 2017 5:04:09 PM org.springframework.beans.factory.xml.XmlBeanDefinitionReader loadBeanDefinitions
INFO: Loading XML bean definitions from class path resource [applicationContext.xml]
Oct 10, 2017 5:04:09 PM org.springframework.context.support.ClassPathXmlApplicationContext prepareRefresh
INFO: Refreshing org.springframework.context.support.ClassPathXmlApplicationContext@66e7b7d7: startup date [Tue Oct 10 17:04:09 EDT 2017]; root of context hierarchy
Oct 10, 2017 5:04:09 PM org.springframework.beans.factory.xml.XmlBeanDefinitionReader loadBeanDefinitions
INFO: Loading XML bean definitions from class path resource [applicationContext.xml]
Oct 10, 2017 5:04:09 PM org.springframework.context.support.ClassPathXmlApplicationContext prepareRefresh
INFO: Refreshing org.springframework.context.support.ClassPathXmlApplicationContext@1bbdb0df: startup date [Tue Oct 10 17:04:09 EDT 2017]; root of context hierarchy
Oct 10, 2017 5:04:09 PM org.springframework.beans.factory.xml.XmlBeanDefinitionReader loadBeanDefinitions
INFO: Loading XML bean definitions from class path resource [applicationContext.xml]
Oct 10, 2017 5:04:09 PM org.springframework.context.support.ClassPathXmlApplicationContext prepareRefresh
INFO: Refreshing org.springframework.context.support.ClassPathXmlApplicationContext@21d7bd40: startup date [Tue Oct 10 17:04:09 EDT 2017]; root of context hierarchy
Oct 10, 2017 5:04:09 PM org.springframework.beans.factory.xml.XmlBeanDefinitionReader loadBeanDefinitions
INFO: Loading XML bean definitions from class path resource [applicationContext.xml]
Oct 10, 2017 5:04:09 PM org.springframework.context.support.ClassPathXmlApplicationContext prepareRefresh
INFO: Refreshing org.springframework.context.support.ClassPathXmlApplicationContext@4225c336: startup date [Tue Oct 10 17:04:09 EDT 2017]; root of context hierarchy
Oct 10, 2017 5:04:09 PM org.springframework.beans.factory.xml.XmlBeanDefinitionReader loadBeanDefinitions
INFO: Loading XML bean definitions from class path resource [applicationContext.xml]
Oct 10, 2017 5:04:09 PM org.springframework.context.support.ClassPathXmlApplicationContext prepareRefresh
INFO: Refreshing org.springframework.context.support.ClassPathXmlApplicationContext@72249fe6: startup date [Tue Oct 10 17:04:09 EDT 2017]; root of context hierarchy
Oct 10, 2017 5:04:09 PM org.springframework.beans.factory.xml.XmlBeanDefinitionReader loadBeanDefinitions
INFO: Loading XML bean definitions from class path resource [applicationContext.xml]
Oct 10, 2017 5:04:09 PM org.springframework.context.support.ClassPathXmlApplicationContext prepareRefresh
INFO: Refreshing org.springframework.context.support.ClassPathXmlApplicationContext@78b67745: startup date [Tue Oct 10 17:04:09 EDT 2017]; root of context hierarchy
Oct 10, 2017 5:04:09 PM org.springframework.beans.factory.xml.XmlBeanDefinitionReader loadBeanDefinitions
INFO: Loading XML bean definitions from class path resource [applicationContext.xml]
Oct 10, 2017 5:04:09 PM org.springframework.context.support.ClassPathXmlApplicationContext prepareRefresh
INFO: Refreshing org.springframework.context.support.ClassPathXmlApplicationContext@367484c9: startup date [Tue Oct 10 17:04:09 EDT 2017]; root of context hierarchy
Oct 10, 2017 5:04:09 PM org.springframework.beans.factory.xml.XmlBeanDefinitionReader loadBeanDefinitions
INFO: Loading XML bean definitions from class path resource [applicationContext.xml]
Oct 10, 2017 5:04:09 PM org.springframework.context.support.ClassPathXmlApplicationContext prepareRefresh
INFO: Refreshing org.springframework.context.support.ClassPathXmlApplicationContext@dd49ba3: startup date [Tue Oct 10 17:04:09 EDT 2017]; root of context hierarchy
Oct 10, 2017 5:04:09 PM org.springframework.beans.factory.xml.XmlBeanDefinitionReader loadBeanDefinitions
INFO: Loading XML bean definitions from class path resource [applicationContext.xml]
Oct 10, 2017 5:04:09 PM org.springframework.context.support.ClassPathXmlApplicationContext prepareRefresh
INFO: Refreshing org.springframework.context.support.ClassPathXmlApplicationContext@ff521fe: startup date [Tue Oct 10 17:04:09 EDT 2017]; root of context hierarchy
Oct 10, 2017 5:04:09 PM org.springframework.beans.factory.xml.XmlBeanDefinitionReader loadBeanDefinitions
INFO: Loading XML bean definitions from class path resource [applicationContext.xml]
Oct 10, 2017 5:04:09 PM org.springframework.context.support.ClassPathXmlApplicationContext prepareRefresh
INFO: Refreshing org.springframework.context.support.ClassPathXmlApplicationContext@a9ee79b: startup date [Tue Oct 10 17:04:09 EDT 2017]; root of context hierarchy
Oct 10, 2017 5:04:09 PM org.springframework.beans.factory.xml.XmlBeanDefinitionReader loadBeanDefinitions
INFO: Loading XML bean definitions from class path resource [applicationContext.xml]
Oct 10, 2017 5:04:09 PM org.springframework.context.support.ClassPathXmlApplicationContext prepareRefresh
INFO: Refreshing org.springframework.context.support.ClassPathXmlApplicationContext@614dfb44: startup date [Tue Oct 10 17:04:09 EDT 2017]; root of context hierarchy
Oct 10, 2017 5:04:09 PM org.springframework.beans.factory.xml.XmlBeanDefinitionReader loadBeanDefinitions
INFO: Loading XML bean definitions from class path resource [applicationContext.xml]
Oct 10, 2017 5:04:09 PM org.springframework.context.support.ClassPathXmlApplicationContext prepareRefresh
INFO: Refreshing org.springframework.context.support.ClassPathXmlApplicationContext@35fd53b6: startup date [Tue Oct 10 17:04:09 EDT 2017]; root of context hierarchy
Oct 10, 2017 5:04:09 PM org.springframework.beans.factory.xml.XmlBeanDefinitionReader loadBeanDefinitions
INFO: Loading XML bean definitions from class path resource [applicationContext.xml]
Oct 10, 2017 5:04:09 PM org.springframework.context.support.ClassPathXmlApplicationContext prepareRefresh
INFO: Refreshing org.springframework.context.support.ClassPathXmlApplicationContext@56a23fff: startup date [Tue Oct 10 17:04:09 EDT 2017]; root of context hierarchy
Oct 10, 2017 5:04:09 PM org.springframework.beans.factory.xml.XmlBeanDefinitionReader loadBeanDefinitions
INFO: Loading XML bean definitions from class path resource [applicationContext.xml]
Oct 10, 2017 5:04:09 PM org.springframework.context.support.ClassPathXmlApplicationContext prepareRefresh
INFO: Refreshing org.springframework.context.support.ClassPathXmlApplicationContext@39ce4b84: startup date [Tue Oct 10 17:04:09 EDT 2017]; root of context hierarchy
Oct 10, 2017 5:04:09 PM org.springframework.beans.factory.xml.XmlBeanDefinitionReader loadBeanDefinitions
INFO: Loading XML bean definitions from class path resource [applicationContext.xml]
Oct 10, 2017 5:04:09 PM org.springframework.context.support.ClassPathXmlApplicationContext prepareRefresh
INFO: Refreshing org.springframework.context.support.ClassPathXmlApplicationContext@7f2494bb: startup date [Tue Oct 10 17:04:09 EDT 2017]; root of context hierarchy
Oct 10, 2017 5:04:09 PM org.springframework.beans.factory.xml.XmlBeanDefinitionReader loadBeanDefinitions
INFO: Loading XML bean definitions from class path resource [applicationContext.xml]
Oct 10, 2017 5:04:09 PM org.springframework.context.support.ClassPathXmlApplicationContext prepareRefresh
INFO: Refreshing org.springframework.context.support.ClassPathXmlApplicationContext@68f7874d: startup date [Tue Oct 10 17:04:09 EDT 2017]; root of context hierarchy
Oct 10, 2017 5:04:09 PM org.springframework.beans.factory.xml.XmlBeanDefinitionReader loadBeanDefinitions
INFO: Loading XML bean definitions from class path resource [applicationContext.xml]
Oct 10, 2017 5:04:09 PM org.springframework.context.support.ClassPathXmlApplicationContext prepareRefresh
INFO: Refreshing org.springframework.context.support.ClassPathXmlApplicationContext@4589c201: startup date [Tue Oct 10 17:04:09 EDT 2017]; root of context hierarchy
Oct 10, 2017 5:04:09 PM org.springframework.beans.factory.xml.XmlBeanDefinitionReader loadBeanDefinitions
INFO: Loading XML bean definitions from class path resource [applicationContext.xml]
Oct 10, 2017 5:04:09 PM org.springframework.context.support.ClassPathXmlApplicationContext prepareRefresh
INFO: Refreshing org.springframework.context.support.ClassPathXmlApplicationContext@19976130: startup date [Tue Oct 10 17:04:09 EDT 2017]; root of context hierarchy
Oct 10, 2017 5:04:09 PM org.springframework.beans.factory.xml.XmlBeanDefinitionReader loadBeanDefinitions
INFO: Loading XML bean definitions from class path resource [applicationContext.xml]
Oct 10, 2017 5:04:09 PM org.springframework.context.support.ClassPathXmlApplicationContext prepareRefresh
INFO: Refreshing org.springframework.context.support.ClassPathXmlApplicationContext@1259ebc: startup date [Tue Oct 10 17:04:09 EDT 2017]; root of context hierarchy
Oct 10, 2017 5:04:09 PM org.springframework.beans.factory.xml.XmlBeanDefinitionReader loadBeanDefinitions
INFO: Loading XML bean definitions from class path resource [applicationContext.xml]
Oct 10, 2017 5:04:09 PM org.springframework.context.support.ClassPathXmlApplicationContext prepareRefresh
INFO: Refreshing org.springframework.context.support.ClassPathXmlApplicationContext@1e9ad24a: startup date [Tue Oct 10 17:04:09 EDT 2017]; root of context hierarchy
Oct 10, 2017 5:04:09 PM org.springframework.beans.factory.xml.XmlBeanDefinitionReader loadBeanDefinitions
INFO: Loading XML bean definitions from class path resource [applicationContext.xml]
Oct 10, 2017 5:04:09 PM org.springframework.context.support.ClassPathXmlApplicationContext prepareRefresh
INFO: Refreshing org.springframework.context.support.ClassPathXmlApplicationContext@56bee53: startup date [Tue Oct 10 17:04:09 EDT 2017]; root of context hierarchy
Oct 10, 2017 5:04:09 PM org.springframework.beans.factory.xml.XmlBeanDefinitionReader loadBeanDefinitions
INFO: Loading XML bean definitions from class path resource [applicationContext.xml]
Oct 10, 2017 5:04:09 PM org.springframework.context.support.ClassPathXmlApplicationContext prepareRefresh
INFO: Refreshing org.springframework.context.support.ClassPathXmlApplicationContext@6d615c95: startup date [Tue Oct 10 17:04:09 EDT 2017]; root of context hierarchy
Oct 10, 2017 5:04:09 PM org.springframework.beans.factory.xml.XmlBeanDefinitionReader loadBeanDefinitions
INFO: Loading XML bean definitions from class path resource [applicationContext.xml]
Oct 10, 2017 5:04:09 PM org.springframework.context.support.ClassPathXmlApplicationContext prepareRefresh
INFO: Refreshing org.springframework.context.support.ClassPathXmlApplicationContext@6c3e6ddf: startup date [Tue Oct 10 17:04:09 EDT 2017]; root of context hierarchy
Oct 10, 2017 5:04:09 PM org.springframework.beans.factory.xml.XmlBeanDefinitionReader loadBeanDefinitions
INFO: Loading XML bean definitions from class path resource [applicationContext.xml]
Oct 10, 2017 5:04:09 PM org.springframework.context.support.ClassPathXmlApplicationContext prepareRefresh
INFO: Refreshing org.springframework.context.support.ClassPathXmlApplicationContext@c44191: startup date [Tue Oct 10 17:04:09 EDT 2017]; root of context hierarchy
Oct 10, 2017 5:04:09 PM org.springframework.beans.factory.xml.XmlBeanDefinitionReader loadBeanDefinitions
INFO: Loading XML bean definitions from class path resource [applicationContext.xml]
Oct 10, 2017 5:04:09 PM org.springframework.context.support.ClassPathXmlApplicationContext prepareRefresh
INFO: Refreshing org.springframework.context.support.ClassPathXmlApplicationContext@58e130bc: startup date [Tue Oct 10 17:04:09 EDT 2017]; root of context hierarchy
Oct 10, 2017 5:04:09 PM org.springframework.beans.factory.xml.XmlBeanDefinitionReader loadBeanDefinitions
INFO: Loading XML bean definitions from class path resource [applicationContext.xml]
Oct 10, 2017 5:04:09 PM org.springframework.context.support.ClassPathXmlApplicationContext prepareRefresh
INFO: Refreshing org.springframework.context.support.ClassPathXmlApplicationContext@3a5e6480: startup date [Tue Oct 10 17:04:09 EDT 2017]; root of context hierarchy
Oct 10, 2017 5:04:09 PM org.springframework.beans.factory.xml.XmlBeanDefinitionReader loadBeanDefinitions
INFO: Loading XML bean definitions from class path resource [applicationContext.xml]
Oct 10, 2017 5:04:09 PM org.springframework.context.support.ClassPathXmlApplicationContext prepareRefresh
INFO: Refreshing org.springframework.context.support.ClassPathXmlApplicationContext@6e8a8a4: startup date [Tue Oct 10 17:04:09 EDT 2017]; root of context hierarchy
Oct 10, 2017 5:04:09 PM org.springframework.beans.factory.xml.XmlBeanDefinitionReader loadBeanDefinitions
INFO: Loading XML bean definitions from class path resource [applicationContext.xml]
Oct 10, 2017 5:04:09 PM org.springframework.context.support.ClassPathXmlApplicationContext prepareRefresh
INFO: Refreshing org.springframework.context.support.ClassPathXmlApplicationContext@2b35c540: startup date [Tue Oct 10 17:04:09 EDT 2017]; root of context hierarchy
Oct 10, 2017 5:04:09 PM org.springframework.beans.factory.xml.XmlBeanDefinitionReader loadBeanDefinitions
INFO: Loading XML bean definitions from class path resource [applicationContext.xml]
Oct 10, 2017 5:04:09 PM org.springframework.context.support.ClassPathXmlApplicationContext prepareRefresh
INFO: Refreshing org.springframework.context.support.ClassPathXmlApplicationContext@3db293ff: startup date [Tue Oct 10 17:04:09 EDT 2017]; root of context hierarchy
Oct 10, 2017 5:04:09 PM org.springframework.beans.factory.xml.XmlBeanDefinitionReader loadBeanDefinitions
INFO: Loading XML bean definitions from class path resource [applicationContext.xml]
Oct 10, 2017 5:04:09 PM org.springframework.context.support.ClassPathXmlApplicationContext prepareRefresh
INFO: Refreshing org.springframework.context.support.ClassPathXmlApplicationContext@4e0d37ee: startup date [Tue Oct 10 17:04:09 EDT 2017]; root of context hierarchy
Oct 10, 2017 5:04:09 PM org.springframework.beans.factory.xml.XmlBeanDefinitionReader loadBeanDefinitions
INFO: Loading XML bean definitions from class path resource [applicationContext.xml]
Oct 10, 2017 5:04:09 PM org.springframework.context.support.ClassPathXmlApplicationContext prepareRefresh
INFO: Refreshing org.springframework.context.support.ClassPathXmlApplicationContext@8f9d26e: startup date [Tue Oct 10 17:04:09 EDT 2017]; root of context hierarchy
Oct 10, 2017 5:04:09 PM org.springframework.beans.factory.xml.XmlBeanDefinitionReader loadBeanDefinitions
INFO: Loading XML bean definitions from class path resource [applicationContext.xml]
Oct 10, 2017 5:04:09 PM org.springframework.context.support.ClassPathXmlApplicationContext prepareRefresh
INFO: Refreshing org.springframework.context.support.ClassPathXmlApplicationContext@7c545f6f: startup date [Tue Oct 10 17:04:09 EDT 2017]; root of context hierarchy
Oct 10, 2017 5:04:09 PM org.springframework.beans.factory.xml.XmlBeanDefinitionReader loadBeanDefinitions
INFO: Loading XML bean definitions from class path resource [applicationContext.xml]
Oct 10, 2017 5:04:09 PM org.springframework.context.support.ClassPathXmlApplicationContext prepareRefresh
INFO: Refreshing org.springframework.context.support.ClassPathXmlApplicationContext@20131229: startup date [Tue Oct 10 17:04:09 EDT 2017]; root of context hierarchy
Oct 10, 2017 5:04:09 PM org.springframework.beans.factory.xml.XmlBeanDefinitionReader loadBeanDefinitions
INFO: Loading XML bean definitions from class path resource [applicationContext.xml]
Oct 10, 2017 5:04:09 PM org.springframework.context.support.ClassPathXmlApplicationContext prepareRefresh
INFO: Refreshing org.springframework.context.support.ClassPathXmlApplicationContext@735c3fa2: startup date [Tue Oct 10 17:04:09 EDT 2017]; root of context hierarchy
Oct 10, 2017 5:04:09 PM org.springframework.beans.factory.xml.XmlBeanDefinitionReader loadBeanDefinitions
INFO: Loading XML bean definitions from class path resource [applicationContext.xml]
Oct 10, 2017 5:04:09 PM org.springframework.context.support.ClassPathXmlApplicationContext prepareRefresh
INFO: Refreshing org.springframework.context.support.ClassPathXmlApplicationContext@7d545402: startup date [Tue Oct 10 17:04:09 EDT 2017]; root of context hierarchy
Oct 10, 2017 5:04:09 PM org.springframework.beans.factory.xml.XmlBeanDefinitionReader loadBeanDefinitions
INFO: Loading XML bean definitions from class path resource [applicationContext.xml]
Oct 10, 2017 5:04:09 PM org.springframework.context.support.ClassPathXmlApplicationContext prepareRefresh
INFO: Refreshing org.springframework.context.support.ClassPathXmlApplicationContext@dae7e72: startup date [Tue Oct 10 17:04:09 EDT 2017]; root of context hierarchy
Oct 10, 2017 5:04:09 PM org.springframework.beans.factory.xml.XmlBeanDefinitionReader loadBeanDefinitions
INFO: Loading XML bean definitions from class path resource [applicationContext.xml]
Oct 10, 2017 5:04:09 PM org.springframework.context.support.ClassPathXmlApplicationContext prepareRefresh
INFO: Refreshing org.springframework.context.support.ClassPathXmlApplicationContext@6f9a44c8: startup date [Tue Oct 10 17:04:09 EDT 2017]; root of context hierarchy
Oct 10, 2017 5:04:09 PM org.springframework.beans.factory.xml.XmlBeanDefinitionReader loadBeanDefinitions
INFO: Loading XML bean definitions from class path resource [applicationContext.xml]
Oct 10, 2017 5:04:09 PM org.springframework.context.support.ClassPathXmlApplicationContext prepareRefresh
INFO: Refreshing org.springframework.context.support.ClassPathXmlApplicationContext@4cb2a5f5: startup date [Tue Oct 10 17:04:09 EDT 2017]; root of context hierarchy
Oct 10, 2017 5:04:09 PM org.springframework.beans.factory.xml.XmlBeanDefinitionReader loadBeanDefinitions
INFO: Loading XML bean definitions from class path resource [applicationContext.xml]
Oct 10, 2017 5:04:09 PM org.springframework.context.support.ClassPathXmlApplicationContext prepareRefresh
INFO: Refreshing org.springframework.context.support.ClassPathXmlApplicationContext@744998ac: startup date [Tue Oct 10 17:04:09 EDT 2017]; root of context hierarchy
Oct 10, 2017 5:04:09 PM org.springframework.beans.factory.xml.XmlBeanDefinitionReader loadBeanDefinitions
INFO: Loading XML bean definitions from class path resource [applicationContext.xml]
Oct 10, 2017 5:04:09 PM org.springframework.context.support.ClassPathXmlApplicationContext prepareRefresh
INFO: Refreshing org.springframework.context.support.ClassPathXmlApplicationContext@4b75c336: startup date [Tue Oct 10 17:04:09 EDT 2017]; root of context hierarchy
Oct 10, 2017 5:04:09 PM org.springframework.beans.factory.xml.XmlBeanDefinitionReader loadBeanDefinitions
INFO: Loading XML bean definitions from class path resource [applicationContext.xml]
Oct 10, 2017 5:04:09 PM org.springframework.context.support.ClassPathXmlApplicationContext prepareRefresh
INFO: Refreshing org.springframework.context.support.ClassPathXmlApplicationContext@4696750c: startup date [Tue Oct 10 17:04:09 EDT 2017]; root of context hierarchy
Oct 10, 2017 5:04:09 PM org.springframework.beans.factory.xml.XmlBeanDefinitionReader loadBeanDefinitions
INFO: Loading XML bean definitions from class path resource [applicationContext.xml]
Oct 10, 2017 5:04:09 PM org.springframework.context.support.ClassPathXmlApplicationContext prepareRefresh
INFO: Refreshing org.springframework.context.support.ClassPathXmlApplicationContext@59ba7b1a: startup date [Tue Oct 10 17:04:09 EDT 2017]; root of context hierarchy
Oct 10, 2017 5:04:09 PM org.springframework.beans.factory.xml.XmlBeanDefinitionReader loadBeanDefinitions
INFO: Loading XML bean definitions from class path resource [applicationContext.xml]
Oct 10, 2017 5:04:09 PM org.springframework.context.support.ClassPathXmlApplicationContext prepareRefresh
INFO: Refreshing org.springframework.context.support.ClassPathXmlApplicationContext@9f64e61: startup date [Tue Oct 10 17:04:09 EDT 2017]; root of context hierarchy
Oct 10, 2017 5:04:09 PM org.springframework.beans.factory.xml.XmlBeanDefinitionReader loadBeanDefinitions
INFO: Loading XML bean definitions from class path resource [applicationContext.xml]
Oct 10, 2017 5:04:09 PM org.springframework.context.support.ClassPathXmlApplicationContext prepareRefresh
INFO: Refreshing org.springframework.context.support.ClassPathXmlApplicationContext@6f568166: startup date [Tue Oct 10 17:04:09 EDT 2017]; root of context hierarchy
Oct 10, 2017 5:04:09 PM org.springframework.beans.factory.xml.XmlBeanDefinitionReader loadBeanDefinitions
INFO: Loading XML bean definitions from class path resource [applicationContext.xml]
Oct 10, 2017 5:04:09 PM org.springframework.context.support.ClassPathXmlApplicationContext prepareRefresh
INFO: Refreshing org.springframework.context.support.ClassPathXmlApplicationContext@73511901: startup date [Tue Oct 10 17:04:09 EDT 2017]; root of context hierarchy
Oct 10, 2017 5:04:09 PM org.springframework.beans.factory.xml.XmlBeanDefinitionReader loadBeanDefinitions
INFO: Loading XML bean definitions from class path resource [applicationContext.xml]
Oct 10, 2017 5:04:09 PM org.springframework.context.support.ClassPathXmlApplicationContext prepareRefresh
INFO: Refreshing org.springframework.context.support.ClassPathXmlApplicationContext@4f35be01: startup date [Tue Oct 10 17:04:09 EDT 2017]; root of context hierarchy
Oct 10, 2017 5:04:09 PM org.springframework.beans.factory.xml.XmlBeanDefinitionReader loadBeanDefinitions
INFO: Loading XML bean definitions from class path resource [applicationContext.xml]
Oct 10, 2017 5:04:09 PM org.springframework.context.support.ClassPathXmlApplicationContext prepareRefresh
INFO: Refreshing org.springframework.context.support.ClassPathXmlApplicationContext@6e56ed6d: startup date [Tue Oct 10 17:04:09 EDT 2017]; root of context hierarchy
Oct 10, 2017 5:04:09 PM org.springframework.beans.factory.xml.XmlBeanDefinitionReader loadBeanDefinitions
INFO: Loading XML bean definitions from class path resource [applicationContext.xml]
Oct 10, 2017 5:04:09 PM org.springframework.context.support.ClassPathXmlApplicationContext prepareRefresh
INFO: Refreshing org.springframework.context.support.ClassPathXmlApplicationContext@5bd4fecd: startup date [Tue Oct 10 17:04:09 EDT 2017]; root of context hierarchy
Oct 10, 2017 5:04:09 PM org.springframework.beans.factory.xml.XmlBeanDefinitionReader loadBeanDefinitions
INFO: Loading XML bean definitions from class path resource [applicationContext.xml]
Oct 10, 2017 5:04:09 PM org.springframework.context.support.ClassPathXmlApplicationContext prepareRefresh
INFO: Refreshing org.springframework.context.support.ClassPathXmlApplicationContext@627a2c25: startup date [Tue Oct 10 17:04:09 EDT 2017]; root of context hierarchy
Oct 10, 2017 5:04:09 PM org.springframework.beans.factory.xml.XmlBeanDefinitionReader loadBeanDefinitions
INFO: Loading XML bean definitions from class path resource [applicationContext.xml]
Oct 10, 2017 5:04:09 PM org.springframework.context.support.ClassPathXmlApplicationContext prepareRefresh
INFO: Refreshing org.springframework.context.support.ClassPathXmlApplicationContext@2d180f18: startup date [Tue Oct 10 17:04:09 EDT 2017]; root of context hierarchy
Oct 10, 2017 5:04:09 PM org.springframework.beans.factory.xml.XmlBeanDefinitionReader loadBeanDefinitions
INFO: Loading XML bean definitions from class path resource [applicationContext.xml]
Oct 10, 2017 5:04:09 PM org.springframework.context.support.ClassPathXmlApplicationContext prepareRefresh
INFO: Refreshing org.springframework.context.support.ClassPathXmlApplicationContext@707a0e38: startup date [Tue Oct 10 17:04:09 EDT 2017]; root of context hierarchy
Oct 10, 2017 5:04:09 PM org.springframework.beans.factory.xml.XmlBeanDefinitionReader loadBeanDefinitions
INFO: Loading XML bean definitions from class path resource [applicationContext.xml]
Oct 10, 2017 5:04:09 PM org.springframework.context.support.ClassPathXmlApplicationContext prepareRefresh
INFO: Refreshing org.springframework.context.support.ClassPathXmlApplicationContext@2fff8de7: startup date [Tue Oct 10 17:04:09 EDT 2017]; root of context hierarchy
Oct 10, 2017 5:04:09 PM org.springframework.beans.factory.xml.XmlBeanDefinitionReader loadBeanDefinitions
INFO: Loading XML bean definitions from class path resource [applicationContext.xml]
Oct 10, 2017 5:04:09 PM org.springframework.context.support.ClassPathXmlApplicationContext prepareRefresh
INFO: Refreshing org.springframework.context.support.ClassPathXmlApplicationContext@5e9bc71: startup date [Tue Oct 10 17:04:09 EDT 2017]; root of context hierarchy
Oct 10, 2017 5:04:09 PM org.springframework.beans.factory.xml.XmlBeanDefinitionReader loadBeanDefinitions
INFO: Loading XML bean definitions from class path resource [applicationContext.xml]
Oct 10, 2017 5:04:09 PM org.springframework.context.support.ClassPathXmlApplicationContext prepareRefresh
INFO: Refreshing org.springframework.context.support.ClassPathXmlApplicationContext@71e1fc8: startup date [Tue Oct 10 17:04:09 EDT 2017]; root of context hierarchy
Oct 10, 2017 5:04:09 PM org.springframework.beans.factory.xml.XmlBeanDefinitionReader loadBeanDefinitions
INFO: Loading XML bean definitions from class path resource [applicationContext.xml]
Oct 10, 2017 5:04:09 PM org.springframework.context.support.ClassPathXmlApplicationContext prepareRefresh
INFO: Refreshing org.springframework.context.support.ClassPathXmlApplicationContext@3b29ce80: startup date [Tue Oct 10 17:04:09 EDT 2017]; root of context hierarchy
Oct 10, 2017 5:04:09 PM org.springframework.beans.factory.xml.XmlBeanDefinitionReader loadBeanDefinitions
INFO: Loading XML bean definitions from class path resource [applicationContext.xml]
Oct 10, 2017 5:04:09 PM org.springframework.context.support.ClassPathXmlApplicationContext prepareRefresh
INFO: Refreshing org.springframework.context.support.ClassPathXmlApplicationContext@63e1243e: startup date [Tue Oct 10 17:04:09 EDT 2017]; root of context hierarchy
Oct 10, 2017 5:04:09 PM org.springframework.beans.factory.xml.XmlBeanDefinitionReader loadBeanDefinitions
INFO: Loading XML bean definitions from class path resource [applicationContext.xml]
Oct 10, 2017 5:04:09 PM org.springframework.context.support.ClassPathXmlApplicationContext prepareRefresh
INFO: Refreshing org.springframework.context.support.ClassPathXmlApplicationContext@3346bb27: startup date [Tue Oct 10 17:04:09 EDT 2017]; root of context hierarchy
Oct 10, 2017 5:04:09 PM org.springframework.beans.factory.xml.XmlBeanDefinitionReader loadBeanDefinitions
INFO: Loading XML bean definitions from class path resource [applicationContext.xml]
Oct 10, 2017 5:04:09 PM org.springframework.context.support.ClassPathXmlApplicationContext prepareRefresh
INFO: Refreshing org.springframework.context.support.ClassPathXmlApplicationContext@59475f2a: startup date [Tue Oct 10 17:04:09 EDT 2017]; root of context hierarchy
Oct 10, 2017 5:04:09 PM org.springframework.beans.factory.xml.XmlBeanDefinitionReader loadBeanDefinitions
INFO: Loading XML bean definitions from class path resource [applicationContext.xml]
Oct 10, 2017 5:04:09 PM org.springframework.context.support.ClassPathXmlApplicationContext prepareRefresh
INFO: Refreshing org.springframework.context.support.ClassPathXmlApplicationContext@2b24fc27: startup date [Tue Oct 10 17:04:09 EDT 2017]; root of context hierarchy
Oct 10, 2017 5:04:09 PM org.springframework.beans.factory.xml.XmlBeanDefinitionReader loadBeanDefinitions
INFO: Loading XML bean definitions from class path resource [applicationContext.xml]
Oct 10, 2017 5:04:09 PM org.springframework.context.support.ClassPathXmlApplicationContext prepareRefresh
INFO: Refreshing org.springframework.context.support.ClassPathXmlApplicationContext@4c56633a: startup date [Tue Oct 10 17:04:09 EDT 2017]; root of context hierarchy
Oct 10, 2017 5:04:09 PM org.springframework.beans.factory.xml.XmlBeanDefinitionReader loadBeanDefinitions
INFO: Loading XML bean definitions from class path resource [applicationContext.xml]
Oct 10, 2017 5:04:09 PM org.springframework.context.support.ClassPathXmlApplicationContext prepareRefresh
INFO: Refreshing org.springframework.context.support.ClassPathXmlApplicationContext@753912b7: startup date [Tue Oct 10 17:04:09 EDT 2017]; root of context hierarchy
Oct 10, 2017 5:04:09 PM org.springframework.beans.factory.xml.XmlBeanDefinitionReader loadBeanDefinitions
INFO: Loading XML bean definitions from class path resource [applicationContext.xml]
Oct 10, 2017 5:04:09 PM org.springframework.context.support.ClassPathXmlApplicationContext prepareRefresh
INFO: Refreshing org.springframework.context.support.ClassPathXmlApplicationContext@8be7045: startup date [Tue Oct 10 17:04:09 EDT 2017]; root of context hierarchy
Oct 10, 2017 5:04:09 PM org.springframework.beans.factory.xml.XmlBeanDefinitionReader loadBeanDefinitions
INFO: Loading XML bean definitions from class path resource [applicationContext.xml]
Oct 10, 2017 5:04:09 PM org.springframework.context.support.ClassPathXmlApplicationContext prepareRefresh
INFO: Refreshing org.springframework.context.support.ClassPathXmlApplicationContext@2cf7f3ae: startup date [Tue Oct 10 17:04:09 EDT 2017]; root of context hierarchy
Oct 10, 2017 5:04:09 PM org.springframework.beans.factory.xml.XmlBeanDefinitionReader loadBeanDefinitions
INFO: Loading XML bean definitions from class path resource [applicationContext.xml]
Oct 10, 2017 5:04:09 PM org.springframework.context.support.ClassPathXmlApplicationContext prepareRefresh
INFO: Refreshing org.springframework.context.support.ClassPathXmlApplicationContext@be40ce6: startup date [Tue Oct 10 17:04:09 EDT 2017]; root of context hierarchy
Oct 10, 2017 5:04:09 PM org.springframework.beans.factory.xml.XmlBeanDefinitionReader loadBeanDefinitions
INFO: Loading XML bean definitions from class path resource [applicationContext.xml]
Oct 10, 2017 5:04:09 PM org.springframework.context.support.ClassPathXmlApplicationContext prepareRefresh
INFO: Refreshing org.springframework.context.support.ClassPathXmlApplicationContext@1be89f2e: startup date [Tue Oct 10 17:04:09 EDT 2017]; root of context hierarchy
Oct 10, 2017 5:04:09 PM org.springframework.beans.factory.xml.XmlBeanDefinitionReader loadBeanDefinitions
INFO: Loading XML bean definitions from class path resource [applicationContext.xml]
Oct 10, 2017 5:04:09 PM org.springframework.context.support.ClassPathXmlApplicationContext prepareRefresh
INFO: Refreshing org.springframework.context.support.ClassPathXmlApplicationContext@7509e05d: startup date [Tue Oct 10 17:04:09 EDT 2017]; root of context hierarchy
Oct 10, 2017 5:04:09 PM org.springframework.beans.factory.xml.XmlBeanDefinitionReader loadBeanDefinitions
INFO: Loading XML bean definitions from class path resource [applicationContext.xml]
Oct 10, 2017 5:04:09 PM org.springframework.context.support.ClassPathXmlApplicationContext prepareRefresh
INFO: Refreshing org.springframework.context.support.ClassPathXmlApplicationContext@616119f3: startup date [Tue Oct 10 17:04:09 EDT 2017]; root of context hierarchy
Oct 10, 2017 5:04:09 PM org.springframework.beans.factory.xml.XmlBeanDefinitionReader loadBeanDefinitions
INFO: Loading XML bean definitions from class path resource [applicationContext.xml]
Oct 10, 2017 5:04:09 PM org.springframework.context.support.ClassPathXmlApplicationContext prepareRefresh
INFO: Refreshing org.springframework.context.support.ClassPathXmlApplicationContext@7b4ff007: startup date [Tue Oct 10 17:04:09 EDT 2017]; root of context hierarchy
Oct 10, 2017 5:04:09 PM org.springframework.beans.factory.xml.XmlBeanDefinitionReader loadBeanDefinitions
INFO: Loading XML bean definitions from class path resource [applicationContext.xml]
Oct 10, 2017 5:04:09 PM org.springframework.context.support.ClassPathXmlApplicationContext prepareRefresh
INFO: Refreshing org.springframework.context.support.ClassPathXmlApplicationContext@12872cf3: startup date [Tue Oct 10 17:04:09 EDT 2017]; root of context hierarchy
Oct 10, 2017 5:04:09 PM org.springframework.beans.factory.xml.XmlBeanDefinitionReader loadBeanDefinitions
INFO: Loading XML bean definitions from class path resource [applicationContext.xml]
Oct 10, 2017 5:04:09 PM org.springframework.context.support.ClassPathXmlApplicationContext prepareRefresh
INFO: Refreshing org.springframework.context.support.ClassPathXmlApplicationContext@743b45dc: startup date [Tue Oct 10 17:04:09 EDT 2017]; root of context hierarchy
Oct 10, 2017 5:04:09 PM org.springframework.beans.factory.xml.XmlBeanDefinitionReader loadBeanDefinitions
INFO: Loading XML bean definitions from class path resource [applicationContext.xml]
Oct 10, 2017 5:04:09 PM org.springframework.context.support.ClassPathXmlApplicationContext prepareRefresh
INFO: Refreshing org.springframework.context.support.ClassPathXmlApplicationContext@56ae1713: startup date [Tue Oct 10 17:04:09 EDT 2017]; root of context hierarchy
Oct 10, 2017 5:04:09 PM org.springframework.beans.factory.xml.XmlBeanDefinitionReader loadBeanDefinitions
INFO: Loading XML bean definitions from class path resource [applicationContext.xml]
Oct 10, 2017 5:04:09 PM org.springframework.context.support.ClassPathXmlApplicationContext prepareRefresh
INFO: Refreshing org.springframework.context.support.ClassPathXmlApplicationContext@7bdf15db: startup date [Tue Oct 10 17:04:09 EDT 2017]; root of context hierarchy
Oct 10, 2017 5:04:09 PM org.springframework.beans.factory.xml.XmlBeanDefinitionReader loadBeanDefinitions
INFO: Loading XML bean definitions from class path resource [applicationContext.xml]
Oct 10, 2017 5:04:09 PM org.springframework.context.support.ClassPathXmlApplicationContext prepareRefresh
INFO: Refreshing org.springframework.context.support.ClassPathXmlApplicationContext@1cabb402: startup date [Tue Oct 10 17:04:09 EDT 2017]; root of context hierarchy
Oct 10, 2017 5:04:09 PM org.springframework.beans.factory.xml.XmlBeanDefinitionReader loadBeanDefinitions
INFO: Loading XML bean definitions from class path resource [applicationContext.xml]
Oct 10, 2017 5:04:09 PM org.springframework.context.support.ClassPathXmlApplicationContext prepareRefresh
INFO: Refreshing org.springframework.context.support.ClassPathXmlApplicationContext@24419b80: startup date [Tue Oct 10 17:04:09 EDT 2017]; root of context hierarchy
Oct 10, 2017 5:04:09 PM org.springframework.beans.factory.xml.XmlBeanDefinitionReader loadBeanDefinitions
INFO: Loading XML bean definitions from class path resource [applicationContext.xml]
Oct 10, 2017 5:04:09 PM org.springframework.context.support.ClassPathXmlApplicationContext prepareRefresh
INFO: Refreshing org.springframework.context.support.ClassPathXmlApplicationContext@5711f1a: startup date [Tue Oct 10 17:04:09 EDT 2017]; root of context hierarchy
Oct 10, 2017 5:04:09 PM org.springframework.beans.factory.xml.XmlBeanDefinitionReader loadBeanDefinitions
INFO: Loading XML bean definitions from class path resource [applicationContext.xml]
Oct 10, 2017 5:04:09 PM org.springframework.context.support.ClassPathXmlApplicationContext prepareRefresh
INFO: Refreshing org.springframework.context.support.ClassPathXmlApplicationContext@f81814a: startup date [Tue Oct 10 17:04:09 EDT 2017]; root of context hierarchy
Oct 10, 2017 5:04:09 PM org.springframework.beans.factory.xml.XmlBeanDefinitionReader loadBeanDefinitions
INFO: Loading XML bean definitions from class path resource [applicationContext.xml]
Oct 10, 2017 5:04:09 PM org.springframework.context.support.ClassPathXmlApplicationContext prepareRefresh
INFO: Refreshing org.springframework.context.support.ClassPathXmlApplicationContext@359b8b15: startup date [Tue Oct 10 17:04:09 EDT 2017]; root of context hierarchy
Oct 10, 2017 5:04:09 PM org.springframework.beans.factory.xml.XmlBeanDefinitionReader loadBeanDefinitions
INFO: Loading XML bean definitions from class path resource [applicationContext.xml]
Oct 10, 2017 5:04:09 PM org.springframework.context.support.ClassPathXmlApplicationContext prepareRefresh
INFO: Refreshing org.springframework.context.support.ClassPathXmlApplicationContext@6879b206: startup date [Tue Oct 10 17:04:09 EDT 2017]; root of context hierarchy
Oct 10, 2017 5:04:09 PM org.springframework.beans.factory.xml.XmlBeanDefinitionReader loadBeanDefinitions
INFO: Loading XML bean definitions from class path resource [applicationContext.xml]
Oct 10, 2017 5:04:09 PM org.springframework.context.support.ClassPathXmlApplicationContext prepareRefresh
INFO: Refreshing org.springframework.context.support.ClassPathXmlApplicationContext@305b0f42: startup date [Tue Oct 10 17:04:09 EDT 2017]; root of context hierarchy
Oct 10, 2017 5:04:09 PM org.springframework.beans.factory.xml.XmlBeanDefinitionReader loadBeanDefinitions
INFO: Loading XML bean definitions from class path resource [applicationContext.xml]
Oct 10, 2017 5:04:10 PM org.springframework.context.support.ClassPathXmlApplicationContext prepareRefresh
INFO: Refreshing org.springframework.context.support.ClassPathXmlApplicationContext@693fc743: startup date [Tue Oct 10 17:04:09 EDT 2017]; root of context hierarchy
Oct 10, 2017 5:04:10 PM org.springframework.beans.factory.xml.XmlBeanDefinitionReader loadBeanDefinitions
INFO: Loading XML bean definitions from class path resource [applicationContext.xml]
Oct 10, 2017 5:04:10 PM org.springframework.context.support.ClassPathXmlApplicationContext prepareRefresh
INFO: Refreshing org.springframework.context.support.ClassPathXmlApplicationContext@3b0f6ef7: startup date [Tue Oct 10 17:04:10 EDT 2017]; root of context hierarchy
Oct 10, 2017 5:04:10 PM org.springframework.beans.factory.xml.XmlBeanDefinitionReader loadBeanDefinitions
INFO: Loading XML bean definitions from class path resource [applicationContext.xml]
Oct 10, 2017 5:04:10 PM org.springframework.context.support.ClassPathXmlApplicationContext prepareRefresh
INFO: Refreshing org.springframework.context.support.ClassPathXmlApplicationContext@20ba2690: startup date [Tue Oct 10 17:04:10 EDT 2017]; root of context hierarchy
Oct 10, 2017 5:04:10 PM org.springframework.beans.factory.xml.XmlBeanDefinitionReader loadBeanDefinitions
INFO: Loading XML bean definitions from class path resource [applicationContext.xml]
Oct 10, 2017 5:04:10 PM org.springframework.context.support.ClassPathXmlApplicationContext prepareRefresh
INFO: Refreshing org.springframework.context.support.ClassPathXmlApplicationContext@40c6b37f: startup date [Tue Oct 10 17:04:10 EDT 2017]; root of context hierarchy
Oct 10, 2017 5:04:10 PM org.springframework.beans.factory.xml.XmlBeanDefinitionReader loadBeanDefinitions
INFO: Loading XML bean definitions from class path resource [applicationContext.xml]
Oct 10, 2017 5:04:10 PM org.springframework.context.support.ClassPathXmlApplicationContext prepareRefresh
INFO: Refreshing org.springframework.context.support.ClassPathXmlApplicationContext@7ff89555: startup date [Tue Oct 10 17:04:10 EDT 2017]; root of context hierarchy
Oct 10, 2017 5:04:10 PM org.springframework.beans.factory.xml.XmlBeanDefinitionReader loadBeanDefinitions
INFO: Loading XML bean definitions from class path resource [applicationContext.xml]
Oct 10, 2017 5:04:10 PM org.springframework.context.support.ClassPathXmlApplicationContext prepareRefresh
INFO: Refreshing org.springframework.context.support.ClassPathXmlApplicationContext@190ceff6: startup date [Tue Oct 10 17:04:10 EDT 2017]; root of context hierarchy
Oct 10, 2017 5:04:10 PM org.springframework.beans.factory.xml.XmlBeanDefinitionReader loadBeanDefinitions
INFO: Loading XML bean definitions from class path resource [applicationContext.xml]
Oct 10, 2017 5:04:10 PM org.springframework.context.support.ClassPathXmlApplicationContext prepareRefresh
INFO: Refreshing org.springframework.context.support.ClassPathXmlApplicationContext@3b73eaa9: startup date [Tue Oct 10 17:04:10 EDT 2017]; root of context hierarchy
Oct 10, 2017 5:04:10 PM org.springframework.beans.factory.xml.XmlBeanDefinitionReader loadBeanDefinitions
INFO: Loading XML bean definitions from class path resource [applicationContext.xml]
Oct 10, 2017 5:04:10 PM org.springframework.context.support.ClassPathXmlApplicationContext prepareRefresh
INFO: Refreshing org.springframework.context.support.ClassPathXmlApplicationContext@559cbe98: startup date [Tue Oct 10 17:04:10 EDT 2017]; root of context hierarchy
Oct 10, 2017 5:04:10 PM org.springframework.beans.factory.xml.XmlBeanDefinitionReader loadBeanDefinitions
INFO: Loading XML bean definitions from class path resource [applicationContext.xml]
Oct 10, 2017 5:04:10 PM org.springframework.context.support.ClassPathXmlApplicationContext prepareRefresh
INFO: Refreshing org.springframework.context.support.ClassPathXmlApplicationContext@5f9370f9: startup date [Tue Oct 10 17:04:10 EDT 2017]; root of context hierarchy
Oct 10, 2017 5:04:10 PM org.springframework.beans.factory.xml.XmlBeanDefinitionReader loadBeanDefinitions
INFO: Loading XML bean definitions from class path resource [applicationContext.xml]
Oct 10, 2017 5:04:10 PM org.springframework.context.support.ClassPathXmlApplicationContext prepareRefresh
INFO: Refreshing org.springframework.context.support.ClassPathXmlApplicationContext@22667764: startup date [Tue Oct 10 17:04:10 EDT 2017]; root of context hierarchy
Oct 10, 2017 5:04:10 PM org.springframework.beans.factory.xml.XmlBeanDefinitionReader loadBeanDefinitions
INFO: Loading XML bean definitions from class path resource [applicationContext.xml]
Oct 10, 2017 5:04:10 PM org.springframework.context.support.ClassPathXmlApplicationContext prepareRefresh
INFO: Refreshing org.springframework.context.support.ClassPathXmlApplicationContext@354a46cd: startup date [Tue Oct 10 17:04:10 EDT 2017]; root of context hierarchy
Oct 10, 2017 5:04:10 PM org.springframework.beans.factory.xml.XmlBeanDefinitionReader loadBeanDefinitions
INFO: Loading XML bean definitions from class path resource [applicationContext.xml]
Oct 10, 2017 5:04:10 PM org.springframework.context.support.ClassPathXmlApplicationContext prepareRefresh
INFO: Refreshing org.springframework.context.support.ClassPathXmlApplicationContext@39afb2c4: startup date [Tue Oct 10 17:04:10 EDT 2017]; root of context hierarchy
Oct 10, 2017 5:04:10 PM org.springframework.beans.factory.xml.XmlBeanDefinitionReader loadBeanDefinitions
INFO: Loading XML bean definitions from class path resource [applicationContext.xml]
Oct 10, 2017 5:04:10 PM org.springframework.context.support.ClassPathXmlApplicationContext prepareRefresh
INFO: Refreshing org.springframework.context.support.ClassPathXmlApplicationContext@1b9b6926: startup date [Tue Oct 10 17:04:10 EDT 2017]; root of context hierarchy
Oct 10, 2017 5:04:10 PM org.springframework.beans.factory.xml.XmlBeanDefinitionReader loadBeanDefinitions
INFO: Loading XML bean definitions from class path resource [applicationContext.xml]
Oct 10, 2017 5:04:10 PM org.springframework.context.support.ClassPathXmlApplicationContext prepareRefresh
INFO: Refreshing org.springframework.context.support.ClassPathXmlApplicationContext@cbd9fd3: startup date [Tue Oct 10 17:04:10 EDT 2017]; root of context hierarchy
Oct 10, 2017 5:04:10 PM org.springframework.beans.factory.xml.XmlBeanDefinitionReader loadBeanDefinitions
INFO: Loading XML bean definitions from class path resource [applicationContext.xml]
Oct 10, 2017 5:04:10 PM org.springframework.context.support.ClassPathXmlApplicationContext prepareRefresh
INFO: Refreshing org.springframework.context.support.ClassPathXmlApplicationContext@4acb2048: startup date [Tue Oct 10 17:04:10 EDT 2017]; root of context hierarchy
Oct 10, 2017 5:04:10 PM org.springframework.beans.factory.xml.XmlBeanDefinitionReader loadBeanDefinitions
INFO: Loading XML bean definitions from class path resource [applicationContext.xml]
Oct 10, 2017 5:04:10 PM org.springframework.context.support.ClassPathXmlApplicationContext prepareRefresh
INFO: Refreshing org.springframework.context.support.ClassPathXmlApplicationContext@3068f389: startup date [Tue Oct 10 17:04:10 EDT 2017]; root of context hierarchy
Oct 10, 2017 5:04:10 PM org.springframework.beans.factory.xml.XmlBeanDefinitionReader loadBeanDefinitions
INFO: Loading XML bean definitions from class path resource [applicationContext.xml]
Oct 10, 2017 5:04:10 PM org.springframework.context.support.ClassPathXmlApplicationContext prepareRefresh
INFO: Refreshing org.springframework.context.support.ClassPathXmlApplicationContext@b15a0d9: startup date [Tue Oct 10 17:04:10 EDT 2017]; root of context hierarchy
Oct 10, 2017 5:04:10 PM org.springframework.beans.factory.xml.XmlBeanDefinitionReader loadBeanDefinitions
INFO: Loading XML bean definitions from class path resource [applicationContext.xml]
Oct 10, 2017 5:04:10 PM org.springframework.context.support.ClassPathXmlApplicationContext prepareRefresh
INFO: Refreshing org.springframework.context.support.ClassPathXmlApplicationContext@13b350bf: startup date [Tue Oct 10 17:04:10 EDT 2017]; root of context hierarchy
Oct 10, 2017 5:04:10 PM org.springframework.beans.factory.xml.XmlBeanDefinitionReader loadBeanDefinitions
INFO: Loading XML bean definitions from class path resource [applicationContext.xml]
Oct 10, 2017 5:04:10 PM org.springframework.context.support.ClassPathXmlApplicationContext prepareRefresh
INFO: Refreshing org.springframework.context.support.ClassPathXmlApplicationContext@37ecaa98: startup date [Tue Oct 10 17:04:10 EDT 2017]; root of context hierarchy
Oct 10, 2017 5:04:10 PM org.springframework.beans.factory.xml.XmlBeanDefinitionReader loadBeanDefinitions
INFO: Loading XML bean definitions from class path resource [applicationContext.xml]
Oct 10, 2017 5:04:10 PM org.springframework.context.support.ClassPathXmlApplicationContext prepareRefresh
INFO: Refreshing org.springframework.context.support.ClassPathXmlApplicationContext@63f7c90e: startup date [Tue Oct 10 17:04:10 EDT 2017]; root of context hierarchy
Oct 10, 2017 5:04:10 PM org.springframework.beans.factory.xml.XmlBeanDefinitionReader loadBeanDefinitions
INFO: Loading XML bean definitions from class path resource [applicationContext.xml]
Oct 10, 2017 5:04:10 PM org.springframework.context.support.ClassPathXmlApplicationContext prepareRefresh
INFO: Refreshing org.springframework.context.support.ClassPathXmlApplicationContext@336fea16: startup date [Tue Oct 10 17:04:10 EDT 2017]; root of context hierarchy
Oct 10, 2017 5:04:10 PM org.springframework.beans.factory.xml.XmlBeanDefinitionReader loadBeanDefinitions
INFO: Loading XML bean definitions from class path resource [applicationContext.xml]
Oct 10, 2017 5:04:10 PM org.springframework.context.support.ClassPathXmlApplicationContext prepareRefresh
INFO: Refreshing org.springframework.context.support.ClassPathXmlApplicationContext@7c4096df: startup date [Tue Oct 10 17:04:10 EDT 2017]; root of context hierarchy
Oct 10, 2017 5:04:10 PM org.springframework.beans.factory.xml.XmlBeanDefinitionReader loadBeanDefinitions
INFO: Loading XML bean definitions from class path resource [applicationContext.xml]
Oct 10, 2017 5:04:10 PM org.springframework.context.support.ClassPathXmlApplicationContext prepareRefresh
INFO: Refreshing org.springframework.context.support.ClassPathXmlApplicationContext@1059d4e0: startup date [Tue Oct 10 17:04:10 EDT 2017]; root of context hierarchy
Oct 10, 2017 5:04:10 PM org.springframework.beans.factory.xml.XmlBeanDefinitionReader loadBeanDefinitions
INFO: Loading XML bean definitions from class path resource [applicationContext.xml]
Oct 10, 2017 5:04:10 PM org.springframework.context.support.ClassPathXmlApplicationContext prepareRefresh
INFO: Refreshing org.springframework.context.support.ClassPathXmlApplicationContext@2f5ebff3: startup date [Tue Oct 10 17:04:10 EDT 2017]; root of context hierarchy
Oct 10, 2017 5:04:10 PM org.springframework.beans.factory.xml.XmlBeanDefinitionReader loadBeanDefinitions
INFO: Loading XML bean definitions from class path resource [applicationContext.xml]
Oct 10, 2017 5:04:10 PM org.springframework.context.support.ClassPathXmlApplicationContext prepareRefresh
INFO: Refreshing org.springframework.context.support.ClassPathXmlApplicationContext@5d57d3ff: startup date [Tue Oct 10 17:04:10 EDT 2017]; root of context hierarchy
Oct 10, 2017 5:04:10 PM org.springframework.beans.factory.xml.XmlBeanDefinitionReader loadBeanDefinitions
INFO: Loading XML bean definitions from class path resource [applicationContext.xml]
Oct 10, 2017 5:04:10 PM org.springframework.context.support.ClassPathXmlApplicationContext prepareRefresh
INFO: Refreshing org.springframework.context.support.ClassPathXmlApplicationContext@2a654ee0: startup date [Tue Oct 10 17:04:10 EDT 2017]; root of context hierarchy
Oct 10, 2017 5:04:10 PM org.springframework.beans.factory.xml.XmlBeanDefinitionReader loadBeanDefinitions
INFO: Loading XML bean definitions from class path resource [applicationContext.xml]
Oct 10, 2017 5:04:10 PM org.springframework.context.support.ClassPathXmlApplicationContext prepareRefresh
INFO: Refreshing org.springframework.context.support.ClassPathXmlApplicationContext@7856548a: startup date [Tue Oct 10 17:04:10 EDT 2017]; root of context hierarchy
Oct 10, 2017 5:04:10 PM org.springframework.beans.factory.xml.XmlBeanDefinitionReader loadBeanDefinitions
INFO: Loading XML bean definitions from class path resource [applicationContext.xml]
Oct 10, 2017 5:04:10 PM org.springframework.context.support.ClassPathXmlApplicationContext prepareRefresh
INFO: Refreshing org.springframework.context.support.ClassPathXmlApplicationContext@5518cf76: startup date [Tue Oct 10 17:04:10 EDT 2017]; root of context hierarchy
Oct 10, 2017 5:04:10 PM org.springframework.beans.factory.xml.XmlBeanDefinitionReader loadBeanDefinitions
INFO: Loading XML bean definitions from class path resource [applicationContext.xml]
Oct 10, 2017 5:04:10 PM org.springframework.context.support.ClassPathXmlApplicationContext prepareRefresh
INFO: Refreshing org.springframework.context.support.ClassPathXmlApplicationContext@6bb9de96: startup date [Tue Oct 10 17:04:10 EDT 2017]; root of context hierarchy
Oct 10, 2017 5:04:10 PM org.springframework.beans.factory.xml.XmlBeanDefinitionReader loadBeanDefinitions
INFO: Loading XML bean definitions from class path resource [applicationContext.xml]
Oct 10, 2017 5:04:10 PM org.springframework.context.support.ClassPathXmlApplicationContext prepareRefresh
INFO: Refreshing org.springframework.context.support.ClassPathXmlApplicationContext@25a31645: startup date [Tue Oct 10 17:04:10 EDT 2017]; root of context hierarchy
Oct 10, 2017 5:04:10 PM org.springframework.beans.factory.xml.XmlBeanDefinitionReader loadBeanDefinitions
INFO: Loading XML bean definitions from class path resource [applicationContext.xml]
Oct 10, 2017 5:04:10 PM org.springframework.context.support.ClassPathXmlApplicationContext prepareRefresh
INFO: Refreshing org.springframework.context.support.ClassPathXmlApplicationContext@6e109582: startup date [Tue Oct 10 17:04:10 EDT 2017]; root of context hierarchy
Oct 10, 2017 5:04:10 PM org.springframework.beans.factory.xml.XmlBeanDefinitionReader loadBeanDefinitions
INFO: Loading XML bean definitions from class path resource [applicationContext.xml]
Oct 10, 2017 5:04:10 PM org.springframework.context.support.ClassPathXmlApplicationContext prepareRefresh
INFO: Refreshing org.springframework.context.support.ClassPathXmlApplicationContext@bad3ef8: startup date [Tue Oct 10 17:04:10 EDT 2017]; root of context hierarchy
Oct 10, 2017 5:04:10 PM org.springframework.beans.factory.xml.XmlBeanDefinitionReader loadBeanDefinitions
INFO: Loading XML bean definitions from class path resource [applicationContext.xml]
Oct 10, 2017 5:04:10 PM org.springframework.context.support.ClassPathXmlApplicationContext prepareRefresh
INFO: Refreshing org.springframework.context.support.ClassPathXmlApplicationContext@708d2ee3: startup date [Tue Oct 10 17:04:10 EDT 2017]; root of context hierarchy
Oct 10, 2017 5:04:10 PM org.springframework.beans.factory.xml.XmlBeanDefinitionReader loadBeanDefinitions
INFO: Loading XML bean definitions from class path resource [applicationContext.xml]
Oct 10, 2017 5:04:10 PM org.springframework.context.support.ClassPathXmlApplicationContext prepareRefresh
INFO: Refreshing org.springframework.context.support.ClassPathXmlApplicationContext@209d73fe: startup date [Tue Oct 10 17:04:10 EDT 2017]; root of context hierarchy
Oct 10, 2017 5:04:10 PM org.springframework.beans.factory.xml.XmlBeanDefinitionReader loadBeanDefinitions
INFO: Loading XML bean definitions from class path resource [applicationContext.xml]
Oct 10, 2017 5:04:10 PM org.springframework.context.support.ClassPathXmlApplicationContext prepareRefresh
INFO: Refreshing org.springframework.context.support.ClassPathXmlApplicationContext@6ff69c2b: startup date [Tue Oct 10 17:04:10 EDT 2017]; root of context hierarchy
Oct 10, 2017 5:04:10 PM org.springframework.beans.factory.xml.XmlBeanDefinitionReader loadBeanDefinitions
INFO: Loading XML bean definitions from class path resource [applicationContext.xml]
Oct 10, 2017 5:04:10 PM org.springframework.context.support.ClassPathXmlApplicationContext prepareRefresh
INFO: Refreshing org.springframework.context.support.ClassPathXmlApplicationContext@10c53f3f: startup date [Tue Oct 10 17:04:10 EDT 2017]; root of context hierarchy
Oct 10, 2017 5:04:10 PM org.springframework.beans.factory.xml.XmlBeanDefinitionReader loadBeanDefinitions
INFO: Loading XML bean definitions from class path resource [applicationContext.xml]
Oct 10, 2017 5:04:10 PM org.springframework.context.support.ClassPathXmlApplicationContext prepareRefresh
INFO: Refreshing org.springframework.context.support.ClassPathXmlApplicationContext@50bc203: startup date [Tue Oct 10 17:04:10 EDT 2017]; root of context hierarchy
Oct 10, 2017 5:04:10 PM org.springframework.beans.factory.xml.XmlBeanDefinitionReader loadBeanDefinitions
INFO: Loading XML bean definitions from class path resource [applicationContext.xml]
Oct 10, 2017 5:04:10 PM org.springframework.context.support.ClassPathXmlApplicationContext prepareRefresh
INFO: Refreshing org.springframework.context.support.ClassPathXmlApplicationContext@4033fb00: startup date [Tue Oct 10 17:04:10 EDT 2017]; root of context hierarchy
Oct 10, 2017 5:04:10 PM org.springframework.beans.factory.xml.XmlBeanDefinitionReader loadBeanDefinitions
INFO: Loading XML bean definitions from class path resource [applicationContext.xml]
Oct 10, 2017 5:04:10 PM org.springframework.context.support.ClassPathXmlApplicationContext prepareRefresh
INFO: Refreshing org.springframework.context.support.ClassPathXmlApplicationContext@39869eab: startup date [Tue Oct 10 17:04:10 EDT 2017]; root of context hierarchy
Oct 10, 2017 5:04:10 PM org.springframework.beans.factory.xml.XmlBeanDefinitionReader loadBeanDefinitions
INFO: Loading XML bean definitions from class path resource [applicationContext.xml]
Oct 10, 2017 5:04:10 PM org.springframework.context.support.ClassPathXmlApplicationContext prepareRefresh
INFO: Refreshing org.springframework.context.support.ClassPathXmlApplicationContext@32aa3f40: startup date [Tue Oct 10 17:04:10 EDT 2017]; root of context hierarchy
Oct 10, 2017 5:04:10 PM org.springframework.beans.factory.xml.XmlBeanDefinitionReader loadBeanDefinitions
INFO: Loading XML bean definitions from class path resource [applicationContext.xml]
Oct 10, 2017 5:04:10 PM org.springframework.context.support.ClassPathXmlApplicationContext prepareRefresh
INFO: Refreshing org.springframework.context.support.ClassPathXmlApplicationContext@1411c881: startup date [Tue Oct 10 17:04:10 EDT 2017]; root of context hierarchy
Oct 10, 2017 5:04:10 PM org.springframework.beans.factory.xml.XmlBeanDefinitionReader loadBeanDefinitions
INFO: Loading XML bean definitions from class path resource [applicationContext.xml]
Oct 10, 2017 5:04:10 PM org.springframework.context.support.ClassPathXmlApplicationContext prepareRefresh
INFO: Refreshing org.springframework.context.support.ClassPathXmlApplicationContext@41c5fae4: startup date [Tue Oct 10 17:04:10 EDT 2017]; root of context hierarchy
Oct 10, 2017 5:04:10 PM org.springframework.beans.factory.xml.XmlBeanDefinitionReader loadBeanDefinitions
INFO: Loading XML bean definitions from class path resource [applicationContext.xml]
Oct 10, 2017 5:04:10 PM org.springframework.context.support.ClassPathXmlApplicationContext prepareRefresh
INFO: Refreshing org.springframework.context.support.ClassPathXmlApplicationContext@25a3ffb7: startup date [Tue Oct 10 17:04:10 EDT 2017]; root of context hierarchy
Oct 10, 2017 5:04:10 PM org.springframework.beans.factory.xml.XmlBeanDefinitionReader loadBeanDefinitions
INFO: Loading XML bean definitions from class path resource [applicationContext.xml]
Oct 10, 2017 5:04:10 PM org.springframework.context.support.ClassPathXmlApplicationContext prepareRefresh
INFO: Refreshing org.springframework.context.support.ClassPathXmlApplicationContext@7db5beb2: startup date [Tue Oct 10 17:04:10 EDT 2017]; root of context hierarchy
Oct 10, 2017 5:04:10 PM org.springframework.beans.factory.xml.XmlBeanDefinitionReader loadBeanDefinitions
INFO: Loading XML bean definitions from class path resource [applicationContext.xml]
Oct 10, 2017 5:04:10 PM org.springframework.context.support.ClassPathXmlApplicationContext prepareRefresh
INFO: Refreshing org.springframework.context.support.ClassPathXmlApplicationContext@3bc72c82: startup date [Tue Oct 10 17:04:10 EDT 2017]; root of context hierarchy
Oct 10, 2017 5:04:10 PM org.springframework.beans.factory.xml.XmlBeanDefinitionReader loadBeanDefinitions
INFO: Loading XML bean definitions from class path resource [applicationContext.xml]
Oct 10, 2017 5:04:10 PM org.springframework.context.support.ClassPathXmlApplicationContext prepareRefresh
INFO: Refreshing org.springframework.context.support.ClassPathXmlApplicationContext@47c59662: startup date [Tue Oct 10 17:04:10 EDT 2017]; root of context hierarchy
Oct 10, 2017 5:04:10 PM org.springframework.beans.factory.xml.XmlBeanDefinitionReader loadBeanDefinitions
INFO: Loading XML bean definitions from class path resource [applicationContext.xml]
Oct 10, 2017 5:04:10 PM org.springframework.context.support.ClassPathXmlApplicationContext prepareRefresh
INFO: Refreshing org.springframework.context.support.ClassPathXmlApplicationContext@4100858a: startup date [Tue Oct 10 17:04:10 EDT 2017]; root of context hierarchy
Oct 10, 2017 5:04:10 PM org.springframework.beans.factory.xml.XmlBeanDefinitionReader loadBeanDefinitions
INFO: Loading XML bean definitions from class path resource [applicationContext.xml]
Oct 10, 2017 5:04:10 PM org.springframework.context.support.ClassPathXmlApplicationContext prepareRefresh
INFO: Refreshing org.springframework.context.support.ClassPathXmlApplicationContext@3f781d03: startup date [Tue Oct 10 17:04:10 EDT 2017]; root of context hierarchy
Oct 10, 2017 5:04:10 PM org.springframework.beans.factory.xml.XmlBeanDefinitionReader loadBeanDefinitions
INFO: Loading XML bean definitions from class path resource [applicationContext.xml]
Oct 10, 2017 5:04:10 PM org.springframework.context.support.ClassPathXmlApplicationContext prepareRefresh
INFO: Refreshing org.springframework.context.support.ClassPathXmlApplicationContext@736deb1c: startup date [Tue Oct 10 17:04:10 EDT 2017]; root of context hierarchy
Oct 10, 2017 5:04:10 PM org.springframework.beans.factory.xml.XmlBeanDefinitionReader loadBeanDefinitions
INFO: Loading XML bean definitions from class path resource [applicationContext.xml]
Oct 10, 2017 5:04:10 PM org.springframework.context.support.ClassPathXmlApplicationContext prepareRefresh
INFO: Refreshing org.springframework.context.support.ClassPathXmlApplicationContext@4e1d91b2: startup date [Tue Oct 10 17:04:10 EDT 2017]; root of context hierarchy
Oct 10, 2017 5:04:10 PM org.springframework.beans.factory.xml.XmlBeanDefinitionReader loadBeanDefinitions
INFO: Loading XML bean definitions from class path resource [applicationContext.xml]
Oct 10, 2017 5:04:10 PM org.springframework.context.support.ClassPathXmlApplicationContext prepareRefresh
INFO: Refreshing org.springframework.context.support.ClassPathXmlApplicationContext@1ee9b128: startup date [Tue Oct 10 17:04:10 EDT 2017]; root of context hierarchy
Oct 10, 2017 5:04:10 PM org.springframework.beans.factory.xml.XmlBeanDefinitionReader loadBeanDefinitions
INFO: Loading XML bean definitions from class path resource [applicationContext.xml]
Oct 10, 2017 5:04:10 PM org.springframework.context.support.ClassPathXmlApplicationContext prepareRefresh
INFO: Refreshing org.springframework.context.support.ClassPathXmlApplicationContext@402337df: startup date [Tue Oct 10 17:04:10 EDT 2017]; root of context hierarchy
Oct 10, 2017 5:04:10 PM org.springframework.beans.factory.xml.XmlBeanDefinitionReader loadBeanDefinitions
INFO: Loading XML bean definitions from class path resource [applicationContext.xml]
Oct 10, 2017 5:04:10 PM org.springframework.context.support.ClassPathXmlApplicationContext prepareRefresh
INFO: Refreshing org.springframework.context.support.ClassPathXmlApplicationContext@7080ba: startup date [Tue Oct 10 17:04:10 EDT 2017]; root of context hierarchy
Oct 10, 2017 5:04:10 PM org.springframework.beans.factory.xml.XmlBeanDefinitionReader loadBeanDefinitions
INFO: Loading XML bean definitions from class path resource [applicationContext.xml]
Oct 10, 2017 5:04:10 PM org.springframework.context.support.ClassPathXmlApplicationContext prepareRefresh
INFO: Refreshing org.springframework.context.support.ClassPathXmlApplicationContext@590536e8: startup date [Tue Oct 10 17:04:10 EDT 2017]; root of context hierarchy
Oct 10, 2017 5:04:10 PM org.springframework.beans.factory.xml.XmlBeanDefinitionReader loadBeanDefinitions
INFO: Loading XML bean definitions from class path resource [applicationContext.xml]
Oct 10, 2017 5:04:10 PM org.springframework.context.support.ClassPathXmlApplicationContext prepareRefresh
INFO: Refreshing org.springframework.context.support.ClassPathXmlApplicationContext@3041e22b: startup date [Tue Oct 10 17:04:10 EDT 2017]; root of context hierarchy
Oct 10, 2017 5:04:10 PM org.springframework.beans.factory.xml.XmlBeanDefinitionReader loadBeanDefinitions
INFO: Loading XML bean definitions from class path resource [applicationContext.xml]
Oct 10, 2017 5:04:10 PM org.springframework.context.support.ClassPathXmlApplicationContext prepareRefresh
INFO: Refreshing org.springframework.context.support.ClassPathXmlApplicationContext@7aff49fd: startup date [Tue Oct 10 17:04:10 EDT 2017]; root of context hierarchy
Oct 10, 2017 5:04:10 PM org.springframework.beans.factory.xml.XmlBeanDefinitionReader loadBeanDefinitions
INFO: Loading XML bean definitions from class path resource [applicationContext.xml]
Oct 10, 2017 5:04:10 PM org.springframework.context.support.ClassPathXmlApplicationContext prepareRefresh
INFO: Refreshing org.springframework.context.support.ClassPathXmlApplicationContext@25f14542: startup date [Tue Oct 10 17:04:10 EDT 2017]; root of context hierarchy
Oct 10, 2017 5:04:10 PM org.springframework.beans.factory.xml.XmlBeanDefinitionReader loadBeanDefinitions
INFO: Loading XML bean definitions from class path resource [applicationContext.xml]
Oct 10, 2017 5:04:10 PM org.springframework.context.support.ClassPathXmlApplicationContext prepareRefresh
INFO: Refreshing org.springframework.context.support.ClassPathXmlApplicationContext@3be66171: startup date [Tue Oct 10 17:04:10 EDT 2017]; root of context hierarchy
Oct 10, 2017 5:04:10 PM org.springframework.beans.factory.xml.XmlBeanDefinitionReader loadBeanDefinitions
INFO: Loading XML bean definitions from class path resource [applicationContext.xml]
Oct 10, 2017 5:04:10 PM org.springframework.context.support.ClassPathXmlApplicationContext prepareRefresh
INFO: Refreshing org.springframework.context.support.ClassPathXmlApplicationContext@5b427a7d: startup date [Tue Oct 10 17:04:10 EDT 2017]; root of context hierarchy
Oct 10, 2017 5:04:10 PM org.springframework.beans.factory.xml.XmlBeanDefinitionReader loadBeanDefinitions
INFO: Loading XML bean definitions from class path resource [applicationContext.xml]
Oct 10, 2017 5:04:10 PM org.springframework.context.support.ClassPathXmlApplicationContext prepareRefresh
INFO: Refreshing org.springframework.context.support.ClassPathXmlApplicationContext@33b045f2: startup date [Tue Oct 10 17:04:10 EDT 2017]; root of context hierarchy
Oct 10, 2017 5:04:10 PM org.springframework.beans.factory.xml.XmlBeanDefinitionReader loadBeanDefinitions
INFO: Loading XML bean definitions from class path resource [applicationContext.xml]
Oct 10, 2017 5:04:10 PM org.springframework.context.support.ClassPathXmlApplicationContext prepareRefresh
INFO: Refreshing org.springframework.context.support.ClassPathXmlApplicationContext@2083f5a0: startup date [Tue Oct 10 17:04:10 EDT 2017]; root of context hierarchy
Oct 10, 2017 5:04:10 PM org.springframework.beans.factory.xml.XmlBeanDefinitionReader loadBeanDefinitions
INFO: Loading XML bean definitions from class path resource [applicationContext.xml]
Oct 10, 2017 5:04:10 PM org.springframework.context.support.ClassPathXmlApplicationContext prepareRefresh
INFO: Refreshing org.springframework.context.support.ClassPathXmlApplicationContext@2f5ad5df: startup date [Tue Oct 10 17:04:10 EDT 2017]; root of context hierarchy
Oct 10, 2017 5:04:10 PM org.springframework.beans.factory.xml.XmlBeanDefinitionReader loadBeanDefinitions
INFO: Loading XML bean definitions from class path resource [applicationContext.xml]
Oct 10, 2017 5:04:10 PM org.springframework.context.support.ClassPathXmlApplicationContext prepareRefresh
INFO: Refreshing org.springframework.context.support.ClassPathXmlApplicationContext@7b15de86: startup date [Tue Oct 10 17:04:10 EDT 2017]; root of context hierarchy
Oct 10, 2017 5:04:10 PM org.springframework.beans.factory.xml.XmlBeanDefinitionReader loadBeanDefinitions
INFO: Loading XML bean definitions from class path resource [applicationContext.xml]
Oct 10, 2017 5:04:10 PM org.springframework.context.support.ClassPathXmlApplicationContext prepareRefresh
INFO: Refreshing org.springframework.context.support.ClassPathXmlApplicationContext@61833e21: startup date [Tue Oct 10 17:04:10 EDT 2017]; root of context hierarchy
Oct 10, 2017 5:04:10 PM org.springframework.beans.factory.xml.XmlBeanDefinitionReader loadBeanDefinitions
INFO: Loading XML bean definitions from class path resource [applicationContext.xml]
Oct 10, 2017 5:04:10 PM org.springframework.context.support.ClassPathXmlApplicationContext prepareRefresh
INFO: Refreshing org.springframework.context.support.ClassPathXmlApplicationContext@7e853527: startup date [Tue Oct 10 17:04:10 EDT 2017]; root of context hierarchy
Oct 10, 2017 5:04:10 PM org.springframework.beans.factory.xml.XmlBeanDefinitionReader loadBeanDefinitions
INFO: Loading XML bean definitions from class path resource [applicationContext.xml]
Oct 10, 2017 5:04:10 PM org.springframework.context.support.ClassPathXmlApplicationContext prepareRefresh
INFO: Refreshing org.springframework.context.support.ClassPathXmlApplicationContext@20459b9e: startup date [Tue Oct 10 17:04:10 EDT 2017]; root of context hierarchy
Oct 10, 2017 5:04:10 PM org.springframework.beans.factory.xml.XmlBeanDefinitionReader loadBeanDefinitions
INFO: Loading XML bean definitions from class path resource [applicationContext.xml]
Oct 10, 2017 5:04:10 PM org.springframework.context.support.ClassPathXmlApplicationContext prepareRefresh
INFO: Refreshing org.springframework.context.support.ClassPathXmlApplicationContext@667d4246: startup date [Tue Oct 10 17:04:10 EDT 2017]; root of context hierarchy
Oct 10, 2017 5:04:10 PM org.springframework.beans.factory.xml.XmlBeanDefinitionReader loadBeanDefinitions
INFO: Loading XML bean definitions from class path resource [applicationContext.xml]
Oct 10, 2017 5:04:10 PM org.springframework.context.support.ClassPathXmlApplicationContext prepareRefresh
INFO: Refreshing org.springframework.context.support.ClassPathXmlApplicationContext@2ca7f6ae: startup date [Tue Oct 10 17:04:10 EDT 2017]; root of context hierarchy
Oct 10, 2017 5:04:10 PM org.springframework.beans.factory.xml.XmlBeanDefinitionReader loadBeanDefinitions
INFO: Loading XML bean definitions from class path resource [applicationContext.xml]
Oct 10, 2017 5:04:10 PM org.springframework.context.support.ClassPathXmlApplicationContext prepareRefresh
INFO: Refreshing org.springframework.context.support.ClassPathXmlApplicationContext@7116c886: startup date [Tue Oct 10 17:04:10 EDT 2017]; root of context hierarchy
Oct 10, 2017 5:04:10 PM org.springframework.beans.factory.xml.XmlBeanDefinitionReader loadBeanDefinitions
INFO: Loading XML bean definitions from class path resource [applicationContext.xml]
Oct 10, 2017 5:04:10 PM org.springframework.context.support.ClassPathXmlApplicationContext prepareRefresh
INFO: Refreshing org.springframework.context.support.ClassPathXmlApplicationContext@44ad8c6e: startup date [Tue Oct 10 17:04:10 EDT 2017]; root of context hierarchy
Oct 10, 2017 5:04:10 PM org.springframework.beans.factory.xml.XmlBeanDefinitionReader loadBeanDefinitions
INFO: Loading XML bean definitions from class path resource [applicationContext.xml]
Oct 10, 2017 5:04:10 PM org.springframework.context.support.ClassPathXmlApplicationContext prepareRefresh
INFO: Refreshing org.springframework.context.support.ClassPathXmlApplicationContext@18ae51d3: startup date [Tue Oct 10 17:04:10 EDT 2017]; root of context hierarchy
Oct 10, 2017 5:04:10 PM org.springframework.beans.factory.xml.XmlBeanDefinitionReader loadBeanDefinitions
INFO: Loading XML bean definitions from class path resource [applicationContext.xml]
Oct 10, 2017 5:04:11 PM org.springframework.context.support.ClassPathXmlApplicationContext prepareRefresh
INFO: Refreshing org.springframework.context.support.ClassPathXmlApplicationContext@ada0156: startup date [Tue Oct 10 17:04:11 EDT 2017]; root of context hierarchy
Oct 10, 2017 5:04:11 PM org.springframework.beans.factory.xml.XmlBeanDefinitionReader loadBeanDefinitions
INFO: Loading XML bean definitions from class path resource [applicationContext.xml]
Oct 10, 2017 5:04:11 PM org.springframework.context.support.ClassPathXmlApplicationContext prepareRefresh
INFO: Refreshing org.springframework.context.support.ClassPathXmlApplicationContext@38159f2: startup date [Tue Oct 10 17:04:11 EDT 2017]; root of context hierarchy
Oct 10, 2017 5:04:11 PM org.springframework.beans.factory.xml.XmlBeanDefinitionReader loadBeanDefinitions
INFO: Loading XML bean definitions from class path resource [applicationContext.xml]
Oct 10, 2017 5:04:11 PM org.springframework.context.support.ClassPathXmlApplicationContext prepareRefresh
INFO: Refreshing org.springframework.context.support.ClassPathXmlApplicationContext@773c88f6: startup date [Tue Oct 10 17:04:11 EDT 2017]; root of context hierarchy
Oct 10, 2017 5:04:11 PM org.springframework.beans.factory.xml.XmlBeanDefinitionReader loadBeanDefinitions
INFO: Loading XML bean definitions from class path resource [applicationContext.xml]
Oct 10, 2017 5:04:11 PM org.springframework.context.support.ClassPathXmlApplicationContext prepareRefresh
INFO: Refreshing org.springframework.context.support.ClassPathXmlApplicationContext@37a415c3: startup date [Tue Oct 10 17:04:11 EDT 2017]; root of context hierarchy
Oct 10, 2017 5:04:11 PM org.springframework.beans.factory.xml.XmlBeanDefinitionReader loadBeanDefinitions
INFO: Loading XML bean definitions from class path resource [applicationContext.xml]
Oct 10, 2017 5:04:11 PM org.springframework.context.support.ClassPathXmlApplicationContext prepareRefresh
INFO: Refreshing org.springframework.context.support.ClassPathXmlApplicationContext@4f949c17: startup date [Tue Oct 10 17:04:11 EDT 2017]; root of context hierarchy
Oct 10, 2017 5:04:11 PM org.springframework.beans.factory.xml.XmlBeanDefinitionReader loadBeanDefinitions
INFO: Loading XML bean definitions from class path resource [applicationContext.xml]
Oct 10, 2017 5:04:11 PM org.springframework.context.support.ClassPathXmlApplicationContext prepareRefresh
INFO: Refreshing org.springframework.context.support.ClassPathXmlApplicationContext@4b174242: startup date [Tue Oct 10 17:04:11 EDT 2017]; root of context hierarchy
Oct 10, 2017 5:04:11 PM org.springframework.beans.factory.xml.XmlBeanDefinitionReader loadBeanDefinitions
INFO: Loading XML bean definitions from class path resource [applicationContext.xml]
Oct 10, 2017 5:04:11 PM org.springframework.context.support.ClassPathXmlApplicationContext prepareRefresh
INFO: Refreshing org.springframework.context.support.ClassPathXmlApplicationContext@3c4e6c95: startup date [Tue Oct 10 17:04:11 EDT 2017]; root of context hierarchy
Oct 10, 2017 5:04:11 PM org.springframework.beans.factory.xml.XmlBeanDefinitionReader loadBeanDefinitions
INFO: Loading XML bean definitions from class path resource [applicationContext.xml]
Oct 10, 2017 5:04:11 PM org.springframework.context.support.ClassPathXmlApplicationContext prepareRefresh
INFO: Refreshing org.springframework.context.support.ClassPathXmlApplicationContext@5b77c38b: startup date [Tue Oct 10 17:04:11 EDT 2017]; root of context hierarchy
Oct 10, 2017 5:04:11 PM org.springframework.beans.factory.xml.XmlBeanDefinitionReader loadBeanDefinitions
INFO: Loading XML bean definitions from class path resource [applicationContext.xml]
Oct 10, 2017 5:04:11 PM org.springframework.context.support.ClassPathXmlApplicationContext prepareRefresh
INFO: Refreshing org.springframework.context.support.ClassPathXmlApplicationContext@4ebc5581: startup date [Tue Oct 10 17:04:11 EDT 2017]; root of context hierarchy
Oct 10, 2017 5:04:11 PM org.springframework.beans.factory.xml.XmlBeanDefinitionReader loadBeanDefinitions
INFO: Loading XML bean definitions from class path resource [applicationContext.xml]
Oct 10, 2017 5:04:11 PM org.springframework.context.support.ClassPathXmlApplicationContext prepareRefresh
INFO: Refreshing org.springframework.context.support.ClassPathXmlApplicationContext@529bf304: startup date [Tue Oct 10 17:04:11 EDT 2017]; root of context hierarchy
Oct 10, 2017 5:04:11 PM org.springframework.beans.factory.xml.XmlBeanDefinitionReader loadBeanDefinitions
INFO: Loading XML bean definitions from class path resource [applicationContext.xml]
Oct 10, 2017 5:04:11 PM org.springframework.context.support.ClassPathXmlApplicationContext prepareRefresh
INFO: Refreshing org.springframework.context.support.ClassPathXmlApplicationContext@57b16c13: startup date [Tue Oct 10 17:04:11 EDT 2017]; root of context hierarchy
Oct 10, 2017 5:04:11 PM org.springframework.beans.factory.xml.XmlBeanDefinitionReader loadBeanDefinitions
INFO: Loading XML bean definitions from class path resource [applicationContext.xml]
Oct 10, 2017 5:04:11 PM org.springframework.context.support.ClassPathXmlApplicationContext prepareRefresh
INFO: Refreshing org.springframework.context.support.ClassPathXmlApplicationContext@2489d1ce: startup date [Tue Oct 10 17:04:11 EDT 2017]; root of context hierarchy
Oct 10, 2017 5:04:11 PM org.springframework.beans.factory.xml.XmlBeanDefinitionReader loadBeanDefinitions
INFO: Loading XML bean definitions from class path resource [applicationContext.xml]
Oct 10, 2017 5:04:11 PM org.springframework.context.support.ClassPathXmlApplicationContext prepareRefresh
INFO: Refreshing org.springframework.context.support.ClassPathXmlApplicationContext@7189f09b: startup date [Tue Oct 10 17:04:11 EDT 2017]; root of context hierarchy
Oct 10, 2017 5:04:11 PM org.springframework.beans.factory.xml.XmlBeanDefinitionReader loadBeanDefinitions
INFO: Loading XML bean definitions from class path resource [applicationContext.xml]
Oct 10, 2017 5:04:11 PM org.springframework.context.support.ClassPathXmlApplicationContext prepareRefresh
INFO: Refreshing org.springframework.context.support.ClassPathXmlApplicationContext@5d4ac370: startup date [Tue Oct 10 17:04:11 EDT 2017]; root of context hierarchy
Oct 10, 2017 5:04:11 PM org.springframework.beans.factory.xml.XmlBeanDefinitionReader loadBeanDefinitions
INFO: Loading XML bean definitions from class path resource [applicationContext.xml]
Oct 10, 2017 5:04:11 PM org.springframework.context.support.ClassPathXmlApplicationContext prepareRefresh
INFO: Refreshing org.springframework.context.support.ClassPathXmlApplicationContext@1d643ef4: startup date [Tue Oct 10 17:04:11 EDT 2017]; root of context hierarchy
Oct 10, 2017 5:04:11 PM org.springframework.beans.factory.xml.XmlBeanDefinitionReader loadBeanDefinitions
INFO: Loading XML bean definitions from class path resource [applicationContext.xml]
Oct 10, 2017 5:04:11 PM org.springframework.context.support.ClassPathXmlApplicationContext prepareRefresh
INFO: Refreshing org.springframework.context.support.ClassPathXmlApplicationContext@614805a5: startup date [Tue Oct 10 17:04:11 EDT 2017]; root of context hierarchy
Oct 10, 2017 5:04:11 PM org.springframework.beans.factory.xml.XmlBeanDefinitionReader loadBeanDefinitions
INFO: Loading XML bean definitions from class path resource [applicationContext.xml]
Oct 10, 2017 5:04:11 PM org.springframework.context.support.ClassPathXmlApplicationContext prepareRefresh
INFO: Refreshing org.springframework.context.support.ClassPathXmlApplicationContext@75950c90: startup date [Tue Oct 10 17:04:11 EDT 2017]; root of context hierarchy
Oct 10, 2017 5:04:11 PM org.springframework.beans.factory.xml.XmlBeanDefinitionReader loadBeanDefinitions
INFO: Loading XML bean definitions from class path resource [applicationContext.xml]
Oct 10, 2017 5:04:11 PM org.springframework.context.support.ClassPathXmlApplicationContext prepareRefresh
INFO: Refreshing org.springframework.context.support.ClassPathXmlApplicationContext@1576714d: startup date [Tue Oct 10 17:04:11 EDT 2017]; root of context hierarchy
Oct 10, 2017 5:04:11 PM org.springframework.beans.factory.xml.XmlBeanDefinitionReader loadBeanDefinitions
INFO: Loading XML bean definitions from class path resource [applicationContext.xml]
Oct 10, 2017 5:04:11 PM org.springframework.context.support.ClassPathXmlApplicationContext prepareRefresh
INFO: Refreshing org.springframework.context.support.ClassPathXmlApplicationContext@47469aa1: startup date [Tue Oct 10 17:04:11 EDT 2017]; root of context hierarchy
Oct 10, 2017 5:04:11 PM org.springframework.beans.factory.xml.XmlBeanDefinitionReader loadBeanDefinitions
INFO: Loading XML bean definitions from class path resource [applicationContext.xml]
Oct 10, 2017 5:04:11 PM org.springframework.context.support.ClassPathXmlApplicationContext prepareRefresh
INFO: Refreshing org.springframework.context.support.ClassPathXmlApplicationContext@619c29ac: startup date [Tue Oct 10 17:04:11 EDT 2017]; root of context hierarchy
Oct 10, 2017 5:04:11 PM org.springframework.beans.factory.xml.XmlBeanDefinitionReader loadBeanDefinitions
INFO: Loading XML bean definitions from class path resource [applicationContext.xml]
Oct 10, 2017 5:04:11 PM org.springframework.context.support.ClassPathXmlApplicationContext prepareRefresh
INFO: Refreshing org.springframework.context.support.ClassPathXmlApplicationContext@21a9fce3: startup date [Tue Oct 10 17:04:11 EDT 2017]; root of context hierarchy
Oct 10, 2017 5:04:11 PM org.springframework.beans.factory.xml.XmlBeanDefinitionReader loadBeanDefinitions
INFO: Loading XML bean definitions from class path resource [applicationContext.xml]
Oct 10, 2017 5:04:11 PM org.springframework.context.support.ClassPathXmlApplicationContext prepareRefresh
INFO: Refreshing org.springframework.context.support.ClassPathXmlApplicationContext@45aec762: startup date [Tue Oct 10 17:04:11 EDT 2017]; root of context hierarchy
Oct 10, 2017 5:04:11 PM org.springframework.beans.factory.xml.XmlBeanDefinitionReader loadBeanDefinitions
INFO: Loading XML bean definitions from class path resource [applicationContext.xml]
Oct 10, 2017 5:04:11 PM org.springframework.context.support.ClassPathXmlApplicationContext prepareRefresh
INFO: Refreshing org.springframework.context.support.ClassPathXmlApplicationContext@1b89b308: startup date [Tue Oct 10 17:04:11 EDT 2017]; root of context hierarchy
Oct 10, 2017 5:04:11 PM org.springframework.beans.factory.xml.XmlBeanDefinitionReader loadBeanDefinitions
INFO: Loading XML bean definitions from class path resource [applicationContext.xml]
Oct 10, 2017 5:04:11 PM org.springframework.context.support.ClassPathXmlApplicationContext prepareRefresh
INFO: Refreshing org.springframework.context.support.ClassPathXmlApplicationContext@4b965814: startup date [Tue Oct 10 17:04:11 EDT 2017]; root of context hierarchy
Oct 10, 2017 5:04:11 PM org.springframework.beans.factory.xml.XmlBeanDefinitionReader loadBeanDefinitions
INFO: Loading XML bean definitions from class path resource [applicationContext.xml]
Oct 10, 2017 5:04:11 PM org.springframework.context.support.ClassPathXmlApplicationContext prepareRefresh
INFO: Refreshing org.springframework.context.support.ClassPathXmlApplicationContext@205e6e8a: startup date [Tue Oct 10 17:04:11 EDT 2017]; root of context hierarchy
Oct 10, 2017 5:04:11 PM org.springframework.beans.factory.xml.XmlBeanDefinitionReader loadBeanDefinitions
INFO: Loading XML bean definitions from class path resource [applicationContext.xml]
Oct 10, 2017 5:04:11 PM org.springframework.context.support.ClassPathXmlApplicationContext prepareRefresh
INFO: Refreshing org.springframework.context.support.ClassPathXmlApplicationContext@2e78d671: startup date [Tue Oct 10 17:04:11 EDT 2017]; root of context hierarchy
Oct 10, 2017 5:04:11 PM org.springframework.beans.factory.xml.XmlBeanDefinitionReader loadBeanDefinitions
INFO: Loading XML bean definitions from class path resource [applicationContext.xml]
Oct 10, 2017 5:04:11 PM org.springframework.context.support.ClassPathXmlApplicationContext prepareRefresh
INFO: Refreshing org.springframework.context.support.ClassPathXmlApplicationContext@76acbfdd: startup date [Tue Oct 10 17:04:11 EDT 2017]; root of context hierarchy
Oct 10, 2017 5:04:11 PM org.springframework.beans.factory.xml.XmlBeanDefinitionReader loadBeanDefinitions
INFO: Loading XML bean definitions from class path resource [applicationContext.xml]
Oct 10, 2017 5:04:11 PM org.springframework.context.support.ClassPathXmlApplicationContext prepareRefresh
INFO: Refreshing org.springframework.context.support.ClassPathXmlApplicationContext@106b482c: startup date [Tue Oct 10 17:04:11 EDT 2017]; root of context hierarchy
Oct 10, 2017 5:04:11 PM org.springframework.beans.factory.xml.XmlBeanDefinitionReader loadBeanDefinitions
INFO: Loading XML bean definitions from class path resource [applicationContext.xml]
Oct 10, 2017 5:04:11 PM org.springframework.context.support.ClassPathXmlApplicationContext prepareRefresh
INFO: Refreshing org.springframework.context.support.ClassPathXmlApplicationContext@5e1ebfd2: startup date [Tue Oct 10 17:04:11 EDT 2017]; root of context hierarchy
Oct 10, 2017 5:04:11 PM org.springframework.beans.factory.xml.XmlBeanDefinitionReader loadBeanDefinitions
INFO: Loading XML bean definitions from class path resource [applicationContext.xml]
Oct 10, 2017 5:04:11 PM org.springframework.context.support.ClassPathXmlApplicationContext prepareRefresh
INFO: Refreshing org.springframework.context.support.ClassPathXmlApplicationContext@20b5f4b2: startup date [Tue Oct 10 17:04:11 EDT 2017]; root of context hierarchy
Oct 10, 2017 5:04:11 PM org.springframework.beans.factory.xml.XmlBeanDefinitionReader loadBeanDefinitions
INFO: Loading XML bean definitions from class path resource [applicationContext.xml]
Oct 10, 2017 5:04:11 PM org.springframework.context.support.ClassPathXmlApplicationContext prepareRefresh
INFO: Refreshing org.springframework.context.support.ClassPathXmlApplicationContext@38d1113f: startup date [Tue Oct 10 17:04:11 EDT 2017]; root of context hierarchy
Oct 10, 2017 5:04:11 PM org.springframework.beans.factory.xml.XmlBeanDefinitionReader loadBeanDefinitions
INFO: Loading XML bean definitions from class path resource [applicationContext.xml]
Oct 10, 2017 5:04:11 PM org.springframework.context.support.ClassPathXmlApplicationContext prepareRefresh
INFO: Refreshing org.springframework.context.support.ClassPathXmlApplicationContext@26a99976: startup date [Tue Oct 10 17:04:11 EDT 2017]; root of context hierarchy
Oct 10, 2017 5:04:11 PM org.springframework.beans.factory.xml.XmlBeanDefinitionReader loadBeanDefinitions
INFO: Loading XML bean definitions from class path resource [applicationContext.xml]
Oct 10, 2017 5:04:11 PM org.springframework.context.support.ClassPathXmlApplicationContext prepareRefresh
INFO: Refreshing org.springframework.context.support.ClassPathXmlApplicationContext@57edcf6b: startup date [Tue Oct 10 17:04:11 EDT 2017]; root of context hierarchy
Oct 10, 2017 5:04:11 PM org.springframework.beans.factory.xml.XmlBeanDefinitionReader loadBeanDefinitions
INFO: Loading XML bean definitions from class path resource [applicationContext.xml]
Oct 10, 2017 5:04:11 PM org.springframework.context.support.ClassPathXmlApplicationContext prepareRefresh
INFO: Refreshing org.springframework.context.support.ClassPathXmlApplicationContext@50499b42: startup date [Tue Oct 10 17:04:11 EDT 2017]; root of context hierarchy
Oct 10, 2017 5:04:11 PM org.springframework.beans.factory.xml.XmlBeanDefinitionReader loadBeanDefinitions
INFO: Loading XML bean definitions from class path resource [applicationContext.xml]
Oct 10, 2017 5:04:11 PM org.springframework.context.support.ClassPathXmlApplicationContext prepareRefresh
INFO: Refreshing org.springframework.context.support.ClassPathXmlApplicationContext@79052a5d: startup date [Tue Oct 10 17:04:11 EDT 2017]; root of context hierarchy
Oct 10, 2017 5:04:11 PM org.springframework.beans.factory.xml.XmlBeanDefinitionReader loadBeanDefinitions
INFO: Loading XML bean definitions from class path resource [applicationContext.xml]
Oct 10, 2017 5:04:11 PM org.springframework.context.support.ClassPathXmlApplicationContext prepareRefresh
INFO: Refreshing org.springframework.context.support.ClassPathXmlApplicationContext@27e4bd06: startup date [Tue Oct 10 17:04:11 EDT 2017]; root of context hierarchy
Oct 10, 2017 5:04:11 PM org.springframework.beans.factory.xml.XmlBeanDefinitionReader loadBeanDefinitions
INFO: Loading XML bean definitions from class path resource [applicationContext.xml]
Oct 10, 2017 5:04:11 PM org.springframework.context.support.ClassPathXmlApplicationContext prepareRefresh
INFO: Refreshing org.springframework.context.support.ClassPathXmlApplicationContext@6f4f2399: startup date [Tue Oct 10 17:04:11 EDT 2017]; root of context hierarchy
Oct 10, 2017 5:04:11 PM org.springframework.beans.factory.xml.XmlBeanDefinitionReader loadBeanDefinitions
INFO: Loading XML bean definitions from class path resource [applicationContext.xml]
Oct 10, 2017 5:04:11 PM org.springframework.context.support.ClassPathXmlApplicationContext prepareRefresh
INFO: Refreshing org.springframework.context.support.ClassPathXmlApplicationContext@cf689ac: startup date [Tue Oct 10 17:04:11 EDT 2017]; root of context hierarchy
Oct 10, 2017 5:04:11 PM org.springframework.beans.factory.xml.XmlBeanDefinitionReader loadBeanDefinitions
INFO: Loading XML bean definitions from class path resource [applicationContext.xml]
Oct 10, 2017 5:04:11 PM org.springframework.context.support.ClassPathXmlApplicationContext prepareRefresh
INFO: Refreshing org.springframework.context.support.ClassPathXmlApplicationContext@689afe9e: startup date [Tue Oct 10 17:04:11 EDT 2017]; root of context hierarchy
Oct 10, 2017 5:04:11 PM org.springframework.beans.factory.xml.XmlBeanDefinitionReader loadBeanDefinitions
INFO: Loading XML bean definitions from class path resource [applicationContext.xml]
Oct 10, 2017 5:04:11 PM org.springframework.context.support.ClassPathXmlApplicationContext prepareRefresh
INFO: Refreshing org.springframework.context.support.ClassPathXmlApplicationContext@4b5a3a27: startup date [Tue Oct 10 17:04:11 EDT 2017]; root of context hierarchy
Oct 10, 2017 5:04:11 PM org.springframework.beans.factory.xml.XmlBeanDefinitionReader loadBeanDefinitions
INFO: Loading XML bean definitions from class path resource [applicationContext.xml]
Oct 10, 2017 5:04:11 PM org.springframework.context.support.ClassPathXmlApplicationContext prepareRefresh
INFO: Refreshing org.springframework.context.support.ClassPathXmlApplicationContext@301b9fa: startup date [Tue Oct 10 17:04:11 EDT 2017]; root of context hierarchy
Oct 10, 2017 5:04:11 PM org.springframework.beans.factory.xml.XmlBeanDefinitionReader loadBeanDefinitions
INFO: Loading XML bean definitions from class path resource [applicationContext.xml]
Oct 10, 2017 5:04:11 PM org.springframework.context.support.ClassPathXmlApplicationContext prepareRefresh
INFO: Refreshing org.springframework.context.support.ClassPathXmlApplicationContext@4aa878f0: startup date [Tue Oct 10 17:04:11 EDT 2017]; root of context hierarchy
Oct 10, 2017 5:04:11 PM org.springframework.beans.factory.xml.XmlBeanDefinitionReader loadBeanDefinitions
INFO: Loading XML bean definitions from class path resource [applicationContext.xml]
Oct 10, 2017 5:04:11 PM org.springframework.context.support.ClassPathXmlApplicationContext prepareRefresh
INFO: Refreshing org.springframework.context.support.ClassPathXmlApplicationContext@490f1a02: startup date [Tue Oct 10 17:04:11 EDT 2017]; root of context hierarchy
Oct 10, 2017 5:04:11 PM org.springframework.beans.factory.xml.XmlBeanDefinitionReader loadBeanDefinitions
INFO: Loading XML bean definitions from class path resource [applicationContext.xml]
Oct 10, 2017 5:04:11 PM org.springframework.context.support.ClassPathXmlApplicationContext prepareRefresh
INFO: Refreshing org.springframework.context.support.ClassPathXmlApplicationContext@4655e6b8: startup date [Tue Oct 10 17:04:11 EDT 2017]; root of context hierarchy
Oct 10, 2017 5:04:11 PM org.springframework.beans.factory.xml.XmlBeanDefinitionReader loadBeanDefinitions
INFO: Loading XML bean definitions from class path resource [applicationContext.xml]
Oct 10, 2017 5:04:11 PM org.springframework.context.support.ClassPathXmlApplicationContext prepareRefresh
INFO: Refreshing org.springframework.context.support.ClassPathXmlApplicationContext@6b2a8dc3: startup date [Tue Oct 10 17:04:11 EDT 2017]; root of context hierarchy
Oct 10, 2017 5:04:11 PM org.springframework.beans.factory.xml.XmlBeanDefinitionReader loadBeanDefinitions
INFO: Loading XML bean definitions from class path resource [applicationContext.xml]
Oct 10, 2017 5:04:11 PM org.springframework.context.support.ClassPathXmlApplicationContext prepareRefresh
INFO: Refreshing org.springframework.context.support.ClassPathXmlApplicationContext@7a6f5919: startup date [Tue Oct 10 17:04:11 EDT 2017]; root of context hierarchy
Oct 10, 2017 5:04:11 PM org.springframework.beans.factory.xml.XmlBeanDefinitionReader loadBeanDefinitions
INFO: Loading XML bean definitions from class path resource [applicationContext.xml]
Oct 10, 2017 5:04:11 PM org.springframework.context.support.ClassPathXmlApplicationContext prepareRefresh
INFO: Refreshing org.springframework.context.support.ClassPathXmlApplicationContext@1be92690: startup date [Tue Oct 10 17:04:11 EDT 2017]; root of context hierarchy
Oct 10, 2017 5:04:11 PM org.springframework.beans.factory.xml.XmlBeanDefinitionReader loadBeanDefinitions
INFO: Loading XML bean definitions from class path resource [applicationContext.xml]
Oct 10, 2017 5:04:11 PM org.springframework.context.support.ClassPathXmlApplicationContext prepareRefresh
INFO: Refreshing org.springframework.context.support.ClassPathXmlApplicationContext@490036ee: startup date [Tue Oct 10 17:04:11 EDT 2017]; root of context hierarchy
Oct 10, 2017 5:04:11 PM org.springframework.beans.factory.xml.XmlBeanDefinitionReader loadBeanDefinitions
INFO: Loading XML bean definitions from class path resource [applicationContext.xml]
Oct 10, 2017 5:04:11 PM org.springframework.context.support.ClassPathXmlApplicationContext prepareRefresh
INFO: Refreshing org.springframework.context.support.ClassPathXmlApplicationContext@540791f7: startup date [Tue Oct 10 17:04:11 EDT 2017]; root of context hierarchy
Oct 10, 2017 5:04:11 PM org.springframework.beans.factory.xml.XmlBeanDefinitionReader loadBeanDefinitions
INFO: Loading XML bean definitions from class path resource [applicationContext.xml]
Oct 10, 2017 5:04:11 PM org.springframework.context.support.ClassPathXmlApplicationContext prepareRefresh
INFO: Refreshing org.springframework.context.support.ClassPathXmlApplicationContext@52ad997f: startup date [Tue Oct 10 17:04:11 EDT 2017]; root of context hierarchy
Oct 10, 2017 5:04:11 PM org.springframework.beans.factory.xml.XmlBeanDefinitionReader loadBeanDefinitions
INFO: Loading XML bean definitions from class path resource [applicationContext.xml]
Oct 10, 2017 5:04:11 PM org.springframework.context.support.ClassPathXmlApplicationContext prepareRefresh
INFO: Refreshing org.springframework.context.support.ClassPathXmlApplicationContext@7e03835e: startup date [Tue Oct 10 17:04:11 EDT 2017]; root of context hierarchy
Oct 10, 2017 5:04:11 PM org.springframework.beans.factory.xml.XmlBeanDefinitionReader loadBeanDefinitions
INFO: Loading XML bean definitions from class path resource [applicationContext.xml]
Oct 10, 2017 5:04:11 PM org.springframework.context.support.ClassPathXmlApplicationContext prepareRefresh
INFO: Refreshing org.springframework.context.support.ClassPathXmlApplicationContext@670af871: startup date [Tue Oct 10 17:04:11 EDT 2017]; root of context hierarchy
Oct 10, 2017 5:04:11 PM org.springframework.beans.factory.xml.XmlBeanDefinitionReader loadBeanDefinitions
INFO: Loading XML bean definitions from class path resource [applicationContext.xml]
Oct 10, 2017 5:04:11 PM org.springframework.context.support.ClassPathXmlApplicationContext prepareRefresh
INFO: Refreshing org.springframework.context.support.ClassPathXmlApplicationContext@2f80f5ce: startup date [Tue Oct 10 17:04:11 EDT 2017]; root of context hierarchy
Oct 10, 2017 5:04:11 PM org.springframework.beans.factory.xml.XmlBeanDefinitionReader loadBeanDefinitions
INFO: Loading XML bean definitions from class path resource [applicationContext.xml]
Oct 10, 2017 5:04:11 PM org.springframework.context.support.ClassPathXmlApplicationContext prepareRefresh
INFO: Refreshing org.springframework.context.support.ClassPathXmlApplicationContext@5ecc5090: startup date [Tue Oct 10 17:04:11 EDT 2017]; root of context hierarchy
Oct 10, 2017 5:04:11 PM org.springframework.beans.factory.xml.XmlBeanDefinitionReader loadBeanDefinitions
INFO: Loading XML bean definitions from class path resource [applicationContext.xml]
Oct 10, 2017 5:04:11 PM org.springframework.context.support.ClassPathXmlApplicationContext prepareRefresh
INFO: Refreshing org.springframework.context.support.ClassPathXmlApplicationContext@734ae134: startup date [Tue Oct 10 17:04:11 EDT 2017]; root of context hierarchy
Oct 10, 2017 5:04:11 PM org.springframework.beans.factory.xml.XmlBeanDefinitionReader loadBeanDefinitions
INFO: Loading XML bean definitions from class path resource [applicationContext.xml]
Oct 10, 2017 5:04:11 PM org.springframework.context.support.ClassPathXmlApplicationContext prepareRefresh
INFO: Refreshing org.springframework.context.support.ClassPathXmlApplicationContext@6e87d2da: startup date [Tue Oct 10 17:04:11 EDT 2017]; root of context hierarchy
Oct 10, 2017 5:04:11 PM org.springframework.beans.factory.xml.XmlBeanDefinitionReader loadBeanDefinitions
INFO: Loading XML bean definitions from class path resource [applicationContext.xml]
Oct 10, 2017 5:04:11 PM org.springframework.context.support.ClassPathXmlApplicationContext prepareRefresh
INFO: Refreshing org.springframework.context.support.ClassPathXmlApplicationContext@4adca898: startup date [Tue Oct 10 17:04:11 EDT 2017]; root of context hierarchy
Oct 10, 2017 5:04:11 PM org.springframework.beans.factory.xml.XmlBeanDefinitionReader loadBeanDefinitions
INFO: Loading XML bean definitions from class path resource [applicationContext.xml]
Oct 10, 2017 5:04:11 PM org.springframework.context.support.ClassPathXmlApplicationContext prepareRefresh
INFO: Refreshing org.springframework.context.support.ClassPathXmlApplicationContext@33817ba4: startup date [Tue Oct 10 17:04:11 EDT 2017]; root of context hierarchy
Oct 10, 2017 5:04:11 PM org.springframework.beans.factory.xml.XmlBeanDefinitionReader loadBeanDefinitions
INFO: Loading XML bean definitions from class path resource [applicationContext.xml]
Oct 10, 2017 5:04:11 PM org.springframework.context.support.ClassPathXmlApplicationContext prepareRefresh
INFO: Refreshing org.springframework.context.support.ClassPathXmlApplicationContext@5ed0ff64: startup date [Tue Oct 10 17:04:11 EDT 2017]; root of context hierarchy
Oct 10, 2017 5:04:11 PM org.springframework.beans.factory.xml.XmlBeanDefinitionReader loadBeanDefinitions
INFO: Loading XML bean definitions from class path resource [applicationContext.xml]
Oct 10, 2017 5:04:11 PM org.springframework.context.support.ClassPathXmlApplicationContext prepareRefresh
INFO: Refreshing org.springframework.context.support.ClassPathXmlApplicationContext@21199bf: startup date [Tue Oct 10 17:04:11 EDT 2017]; root of context hierarchy
Oct 10, 2017 5:04:11 PM org.springframework.beans.factory.xml.XmlBeanDefinitionReader loadBeanDefinitions
INFO: Loading XML bean definitions from class path resource [applicationContext.xml]
Oct 10, 2017 5:04:11 PM org.springframework.context.support.ClassPathXmlApplicationContext prepareRefresh
INFO: Refreshing org.springframework.context.support.ClassPathXmlApplicationContext@786cefa: startup date [Tue Oct 10 17:04:11 EDT 2017]; root of context hierarchy
Oct 10, 2017 5:04:11 PM org.springframework.beans.factory.xml.XmlBeanDefinitionReader loadBeanDefinitions
INFO: Loading XML bean definitions from class path resource [applicationContext.xml]
Oct 10, 2017 5:04:11 PM org.springframework.context.support.ClassPathXmlApplicationContext prepareRefresh
INFO: Refreshing org.springframework.context.support.ClassPathXmlApplicationContext@2ce401fa: startup date [Tue Oct 10 17:04:11 EDT 2017]; root of context hierarchy
Oct 10, 2017 5:04:11 PM org.springframework.beans.factory.xml.XmlBeanDefinitionReader loadBeanDefinitions
INFO: Loading XML bean definitions from class path resource [applicationContext.xml]
Oct 10, 2017 5:04:11 PM org.springframework.context.support.ClassPathXmlApplicationContext prepareRefresh
INFO: Refreshing org.springframework.context.support.ClassPathXmlApplicationContext@62bcd579: startup date [Tue Oct 10 17:04:11 EDT 2017]; root of context hierarchy
Oct 10, 2017 5:04:11 PM org.springframework.beans.factory.xml.XmlBeanDefinitionReader loadBeanDefinitions
INFO: Loading XML bean definitions from class path resource [applicationContext.xml]
Oct 10, 2017 5:04:12 PM org.springframework.context.support.ClassPathXmlApplicationContext prepareRefresh
INFO: Refreshing org.springframework.context.support.ClassPathXmlApplicationContext@13fb5ee8: startup date [Tue Oct 10 17:04:12 EDT 2017]; root of context hierarchy
Oct 10, 2017 5:04:12 PM org.springframework.beans.factory.xml.XmlBeanDefinitionReader loadBeanDefinitions
INFO: Loading XML bean definitions from class path resource [applicationContext.xml]
Oct 10, 2017 5:04:12 PM org.springframework.context.support.ClassPathXmlApplicationContext prepareRefresh
INFO: Refreshing org.springframework.context.support.ClassPathXmlApplicationContext@1fe68197: startup date [Tue Oct 10 17:04:12 EDT 2017]; root of context hierarchy
Oct 10, 2017 5:04:12 PM org.springframework.beans.factory.xml.XmlBeanDefinitionReader loadBeanDefinitions
INFO: Loading XML bean definitions from class path resource [applicationContext.xml]
Oct 10, 2017 5:04:12 PM org.springframework.context.support.ClassPathXmlApplicationContext prepareRefresh
INFO: Refreshing org.springframework.context.support.ClassPathXmlApplicationContext@fe68983: startup date [Tue Oct 10 17:04:12 EDT 2017]; root of context hierarchy
Oct 10, 2017 5:04:12 PM org.springframework.beans.factory.xml.XmlBeanDefinitionReader loadBeanDefinitions
INFO: Loading XML bean definitions from class path resource [applicationContext.xml]
Oct 10, 2017 5:04:12 PM org.springframework.context.support.ClassPathXmlApplicationContext prepareRefresh
INFO: Refreshing org.springframework.context.support.ClassPathXmlApplicationContext@8f90dd: startup date [Tue Oct 10 17:04:12 EDT 2017]; root of context hierarchy
Oct 10, 2017 5:04:12 PM org.springframework.beans.factory.xml.XmlBeanDefinitionReader loadBeanDefinitions
INFO: Loading XML bean definitions from class path resource [applicationContext.xml]
Oct 10, 2017 5:04:12 PM org.springframework.context.support.ClassPathXmlApplicationContext prepareRefresh
INFO: Refreshing org.springframework.context.support.ClassPathXmlApplicationContext@4acb4ee7: startup date [Tue Oct 10 17:04:12 EDT 2017]; root of context hierarchy
Oct 10, 2017 5:04:12 PM org.springframework.beans.factory.xml.XmlBeanDefinitionReader loadBeanDefinitions
INFO: Loading XML bean definitions from class path resource [applicationContext.xml]
Oct 10, 2017 5:04:12 PM org.springframework.context.support.ClassPathXmlApplicationContext prepareRefresh
INFO: Refreshing org.springframework.context.support.ClassPathXmlApplicationContext@53c4fe80: startup date [Tue Oct 10 17:04:12 EDT 2017]; root of context hierarchy
Oct 10, 2017 5:04:12 PM org.springframework.beans.factory.xml.XmlBeanDefinitionReader loadBeanDefinitions
INFO: Loading XML bean definitions from class path resource [applicationContext.xml]
Oct 10, 2017 5:04:12 PM org.springframework.context.support.ClassPathXmlApplicationContext prepareRefresh
INFO: Refreshing org.springframework.context.support.ClassPathXmlApplicationContext@1d253eee: startup date [Tue Oct 10 17:04:12 EDT 2017]; root of context hierarchy
Oct 10, 2017 5:04:12 PM org.springframework.beans.factory.xml.XmlBeanDefinitionReader loadBeanDefinitions
INFO: Loading XML bean definitions from class path resource [applicationContext.xml]
Oct 10, 2017 5:04:12 PM org.springframework.context.support.ClassPathXmlApplicationContext prepareRefresh
INFO: Refreshing org.springframework.context.support.ClassPathXmlApplicationContext@20e05240: startup date [Tue Oct 10 17:04:12 EDT 2017]; root of context hierarchy
Oct 10, 2017 5:04:12 PM org.springframework.beans.factory.xml.XmlBeanDefinitionReader loadBeanDefinitions
INFO: Loading XML bean definitions from class path resource [applicationContext.xml]
Oct 10, 2017 5:04:12 PM org.springframework.context.support.ClassPathXmlApplicationContext prepareRefresh
INFO: Refreshing org.springframework.context.support.ClassPathXmlApplicationContext@3eaadecd: startup date [Tue Oct 10 17:04:12 EDT 2017]; root of context hierarchy
Oct 10, 2017 5:04:12 PM org.springframework.beans.factory.xml.XmlBeanDefinitionReader loadBeanDefinitions
INFO: Loading XML bean definitions from class path resource [applicationContext.xml]
Oct 10, 2017 5:04:12 PM org.springframework.context.support.ClassPathXmlApplicationContext prepareRefresh
INFO: Refreshing org.springframework.context.support.ClassPathXmlApplicationContext@b01a7d: startup date [Tue Oct 10 17:04:12 EDT 2017]; root of context hierarchy
Oct 10, 2017 5:04:12 PM org.springframework.beans.factory.xml.XmlBeanDefinitionReader loadBeanDefinitions
INFO: Loading XML bean definitions from class path resource [applicationContext.xml]
Oct 10, 2017 5:04:12 PM org.springframework.context.support.ClassPathXmlApplicationContext prepareRefresh
INFO: Refreshing org.springframework.context.support.ClassPathXmlApplicationContext@353d09e5: startup date [Tue Oct 10 17:04:12 EDT 2017]; root of context hierarchy
Oct 10, 2017 5:04:12 PM org.springframework.beans.factory.xml.XmlBeanDefinitionReader loadBeanDefinitions
INFO: Loading XML bean definitions from class path resource [applicationContext.xml]
Oct 10, 2017 5:04:12 PM org.springframework.context.support.ClassPathXmlApplicationContext prepareRefresh
INFO: Refreshing org.springframework.context.support.ClassPathXmlApplicationContext@575ff20b: startup date [Tue Oct 10 17:04:12 EDT 2017]; root of context hierarchy
Oct 10, 2017 5:04:12 PM org.springframework.beans.factory.xml.XmlBeanDefinitionReader loadBeanDefinitions
INFO: Loading XML bean definitions from class path resource [applicationContext.xml]
Oct 10, 2017 5:04:12 PM org.springframework.context.support.ClassPathXmlApplicationContext prepareRefresh
INFO: Refreshing org.springframework.context.support.ClassPathXmlApplicationContext@6b89e0c5: startup date [Tue Oct 10 17:04:12 EDT 2017]; root of context hierarchy
Oct 10, 2017 5:04:12 PM org.springframework.beans.factory.xml.XmlBeanDefinitionReader loadBeanDefinitions
INFO: Loading XML bean definitions from class path resource [applicationContext.xml]
Oct 10, 2017 5:04:12 PM org.springframework.context.support.ClassPathXmlApplicationContext prepareRefresh
INFO: Refreshing org.springframework.context.support.ClassPathXmlApplicationContext@71b2217f: startup date [Tue Oct 10 17:04:12 EDT 2017]; root of context hierarchy
Oct 10, 2017 5:04:12 PM org.springframework.beans.factory.xml.XmlBeanDefinitionReader loadBeanDefinitions
INFO: Loading XML bean definitions from class path resource [applicationContext.xml]
Oct 10, 2017 5:04:12 PM org.springframework.context.support.ClassPathXmlApplicationContext prepareRefresh
INFO: Refreshing org.springframework.context.support.ClassPathXmlApplicationContext@43eb8840: startup date [Tue Oct 10 17:04:12 EDT 2017]; root of context hierarchy
Oct 10, 2017 5:04:12 PM org.springframework.beans.factory.xml.XmlBeanDefinitionReader loadBeanDefinitions
INFO: Loading XML bean definitions from class path resource [applicationContext.xml]
Oct 10, 2017 5:04:12 PM org.springframework.context.support.ClassPathXmlApplicationContext prepareRefresh
INFO: Refreshing org.springframework.context.support.ClassPathXmlApplicationContext@5b4365fc: startup date [Tue Oct 10 17:04:12 EDT 2017]; root of context hierarchy
Oct 10, 2017 5:04:12 PM org.springframework.beans.factory.xml.XmlBeanDefinitionReader loadBeanDefinitions
INFO: Loading XML bean definitions from class path resource [applicationContext.xml]
Oct 10, 2017 5:04:12 PM org.springframework.context.support.ClassPathXmlApplicationContext prepareRefresh
INFO: Refreshing org.springframework.context.support.ClassPathXmlApplicationContext@7072f2d: startup date [Tue Oct 10 17:04:12 EDT 2017]; root of context hierarchy
Oct 10, 2017 5:04:12 PM org.springframework.beans.factory.xml.XmlBeanDefinitionReader loadBeanDefinitions
INFO: Loading XML bean definitions from class path resource [applicationContext.xml]
Oct 10, 2017 5:04:12 PM org.springframework.context.support.ClassPathXmlApplicationContext prepareRefresh
INFO: Refreshing org.springframework.context.support.ClassPathXmlApplicationContext@126f5e4c: startup date [Tue Oct 10 17:04:12 EDT 2017]; root of context hierarchy
Oct 10, 2017 5:04:12 PM org.springframework.beans.factory.xml.XmlBeanDefinitionReader loadBeanDefinitions
INFO: Loading XML bean definitions from class path resource [applicationContext.xml]
Oct 10, 2017 5:04:12 PM org.springframework.context.support.ClassPathXmlApplicationContext prepareRefresh
INFO: Refreshing org.springframework.context.support.ClassPathXmlApplicationContext@4468fb0b: startup date [Tue Oct 10 17:04:12 EDT 2017]; root of context hierarchy
Oct 10, 2017 5:04:12 PM org.springframework.beans.factory.xml.XmlBeanDefinitionReader loadBeanDefinitions
INFO: Loading XML bean definitions from class path resource [applicationContext.xml]
Oct 10, 2017 5:04:12 PM org.springframework.context.support.ClassPathXmlApplicationContext prepareRefresh
INFO: Refreshing org.springframework.context.support.ClassPathXmlApplicationContext@27181d4d: startup date [Tue Oct 10 17:04:12 EDT 2017]; root of context hierarchy
Oct 10, 2017 5:04:12 PM org.springframework.beans.factory.xml.XmlBeanDefinitionReader loadBeanDefinitions
INFO: Loading XML bean definitions from class path resource [applicationContext.xml]
Oct 10, 2017 5:04:12 PM org.springframework.context.support.ClassPathXmlApplicationContext prepareRefresh
INFO: Refreshing org.springframework.context.support.ClassPathXmlApplicationContext@15fcfb30: startup date [Tue Oct 10 17:04:12 EDT 2017]; root of context hierarchy
Oct 10, 2017 5:04:12 PM org.springframework.beans.factory.xml.XmlBeanDefinitionReader loadBeanDefinitions
INFO: Loading XML bean definitions from class path resource [applicationContext.xml]
Oct 10, 2017 5:04:12 PM org.springframework.context.support.ClassPathXmlApplicationContext prepareRefresh
INFO: Refreshing org.springframework.context.support.ClassPathXmlApplicationContext@56e5085e: startup date [Tue Oct 10 17:04:12 EDT 2017]; root of context hierarchy
Oct 10, 2017 5:04:12 PM org.springframework.beans.factory.xml.XmlBeanDefinitionReader loadBeanDefinitions
INFO: Loading XML bean definitions from class path resource [applicationContext.xml]
Oct 10, 2017 5:04:12 PM org.springframework.context.support.ClassPathXmlApplicationContext prepareRefresh
INFO: Refreshing org.springframework.context.support.ClassPathXmlApplicationContext@2325944f: startup date [Tue Oct 10 17:04:12 EDT 2017]; root of context hierarchy
Oct 10, 2017 5:04:12 PM org.springframework.beans.factory.xml.XmlBeanDefinitionReader loadBeanDefinitions
INFO: Loading XML bean definitions from class path resource [applicationContext.xml]
Oct 10, 2017 5:04:12 PM org.springframework.context.support.ClassPathXmlApplicationContext prepareRefresh
INFO: Refreshing org.springframework.context.support.ClassPathXmlApplicationContext@5032d230: startup date [Tue Oct 10 17:04:12 EDT 2017]; root of context hierarchy
Oct 10, 2017 5:04:12 PM org.springframework.beans.factory.xml.XmlBeanDefinitionReader loadBeanDefinitions
INFO: Loading XML bean definitions from class path resource [applicationContext.xml]
Oct 10, 2017 5:04:12 PM org.springframework.context.support.ClassPathXmlApplicationContext prepareRefresh
INFO: Refreshing org.springframework.context.support.ClassPathXmlApplicationContext@5fa19750: startup date [Tue Oct 10 17:04:12 EDT 2017]; root of context hierarchy
Oct 10, 2017 5:04:12 PM org.springframework.beans.factory.xml.XmlBeanDefinitionReader loadBeanDefinitions
INFO: Loading XML bean definitions from class path resource [applicationContext.xml]
Oct 10, 2017 5:04:12 PM org.springframework.context.support.ClassPathXmlApplicationContext prepareRefresh
INFO: Refreshing org.springframework.context.support.ClassPathXmlApplicationContext@4881a93e: startup date [Tue Oct 10 17:04:12 EDT 2017]; root of context hierarchy
Oct 10, 2017 5:04:12 PM org.springframework.beans.factory.xml.XmlBeanDefinitionReader loadBeanDefinitions
INFO: Loading XML bean definitions from class path resource [applicationContext.xml]
Oct 10, 2017 5:04:12 PM org.springframework.context.support.ClassPathXmlApplicationContext prepareRefresh
INFO: Refreshing org.springframework.context.support.ClassPathXmlApplicationContext@2fc39f48: startup date [Tue Oct 10 17:04:12 EDT 2017]; root of context hierarchy
Oct 10, 2017 5:04:12 PM org.springframework.beans.factory.xml.XmlBeanDefinitionReader loadBeanDefinitions
INFO: Loading XML bean definitions from class path resource [applicationContext.xml]
Oct 10, 2017 5:04:12 PM org.springframework.context.support.ClassPathXmlApplicationContext prepareRefresh
INFO: Refreshing org.springframework.context.support.ClassPathXmlApplicationContext@6cc8accc: startup date [Tue Oct 10 17:04:12 EDT 2017]; root of context hierarchy
Oct 10, 2017 5:04:12 PM org.springframework.beans.factory.xml.XmlBeanDefinitionReader loadBeanDefinitions
INFO: Loading XML bean definitions from class path resource [applicationContext.xml]
Oct 10, 2017 5:04:12 PM org.springframework.context.support.ClassPathXmlApplicationContext prepareRefresh
INFO: Refreshing org.springframework.context.support.ClassPathXmlApplicationContext@b77d625: startup date [Tue Oct 10 17:04:12 EDT 2017]; root of context hierarchy
Oct 10, 2017 5:04:12 PM org.springframework.beans.factory.xml.XmlBeanDefinitionReader loadBeanDefinitions
INFO: Loading XML bean definitions from class path resource [applicationContext.xml]
Oct 10, 2017 5:04:12 PM org.springframework.context.support.ClassPathXmlApplicationContext prepareRefresh
INFO: Refreshing org.springframework.context.support.ClassPathXmlApplicationContext@6387f671: startup date [Tue Oct 10 17:04:12 EDT 2017]; root of context hierarchy
Oct 10, 2017 5:04:12 PM org.springframework.beans.factory.xml.XmlBeanDefinitionReader loadBeanDefinitions
INFO: Loading XML bean definitions from class path resource [applicationContext.xml]
Oct 10, 2017 5:04:12 PM org.springframework.context.support.ClassPathXmlApplicationContext prepareRefresh
INFO: Refreshing org.springframework.context.support.ClassPathXmlApplicationContext@bece1f: startup date [Tue Oct 10 17:04:12 EDT 2017]; root of context hierarchy
Oct 10, 2017 5:04:12 PM org.springframework.beans.factory.xml.XmlBeanDefinitionReader loadBeanDefinitions
INFO: Loading XML bean definitions from class path resource [applicationContext.xml]
Oct 10, 2017 5:04:12 PM org.springframework.context.support.ClassPathXmlApplicationContext prepareRefresh
INFO: Refreshing org.springframework.context.support.ClassPathXmlApplicationContext@5a23773a: startup date [Tue Oct 10 17:04:12 EDT 2017]; root of context hierarchy
Oct 10, 2017 5:04:12 PM org.springframework.beans.factory.xml.XmlBeanDefinitionReader loadBeanDefinitions
INFO: Loading XML bean definitions from class path resource [applicationContext.xml]
Oct 10, 2017 5:04:12 PM org.springframework.context.support.ClassPathXmlApplicationContext prepareRefresh
INFO: Refreshing org.springframework.context.support.ClassPathXmlApplicationContext@20055197: startup date [Tue Oct 10 17:04:12 EDT 2017]; root of context hierarchy
Oct 10, 2017 5:04:12 PM org.springframework.beans.factory.xml.XmlBeanDefinitionReader loadBeanDefinitions
INFO: Loading XML bean definitions from class path resource [applicationContext.xml]
Oct 10, 2017 5:04:12 PM org.springframework.context.support.ClassPathXmlApplicationContext prepareRefresh
INFO: Refreshing org.springframework.context.support.ClassPathXmlApplicationContext@514b90ef: startup date [Tue Oct 10 17:04:12 EDT 2017]; root of context hierarchy
Oct 10, 2017 5:04:12 PM org.springframework.beans.factory.xml.XmlBeanDefinitionReader loadBeanDefinitions
INFO: Loading XML bean definitions from class path resource [applicationContext.xml]
Oct 10, 2017 5:04:12 PM org.springframework.context.support.ClassPathXmlApplicationContext prepareRefresh
INFO: Refreshing org.springframework.context.support.ClassPathXmlApplicationContext@569deb9a: startup date [Tue Oct 10 17:04:12 EDT 2017]; root of context hierarchy
Oct 10, 2017 5:04:12 PM org.springframework.beans.factory.xml.XmlBeanDefinitionReader loadBeanDefinitions
INFO: Loading XML bean definitions from class path resource [applicationContext.xml]
Oct 10, 2017 5:04:12 PM org.springframework.context.support.ClassPathXmlApplicationContext prepareRefresh
INFO: Refreshing org.springframework.context.support.ClassPathXmlApplicationContext@72376456: startup date [Tue Oct 10 17:04:12 EDT 2017]; root of context hierarchy
Oct 10, 2017 5:04:12 PM org.springframework.beans.factory.xml.XmlBeanDefinitionReader loadBeanDefinitions
INFO: Loading XML bean definitions from class path resource [applicationContext.xml]
Oct 10, 2017 5:04:12 PM org.springframework.context.support.ClassPathXmlApplicationContext prepareRefresh
INFO: Refreshing org.springframework.context.support.ClassPathXmlApplicationContext@3909603d: startup date [Tue Oct 10 17:04:12 EDT 2017]; root of context hierarchy
Oct 10, 2017 5:04:12 PM org.springframework.beans.factory.xml.XmlBeanDefinitionReader loadBeanDefinitions
INFO: Loading XML bean definitions from class path resource [applicationContext.xml]
Oct 10, 2017 5:04:12 PM org.springframework.context.support.ClassPathXmlApplicationContext prepareRefresh
INFO: Refreshing org.springframework.context.support.ClassPathXmlApplicationContext@52770825: startup date [Tue Oct 10 17:04:12 EDT 2017]; root of context hierarchy
Oct 10, 2017 5:04:12 PM org.springframework.beans.factory.xml.XmlBeanDefinitionReader loadBeanDefinitions
INFO: Loading XML bean definitions from class path resource [applicationContext.xml]
Oct 10, 2017 5:04:12 PM org.springframework.context.support.ClassPathXmlApplicationContext prepareRefresh
INFO: Refreshing org.springframework.context.support.ClassPathXmlApplicationContext@80cad20: startup date [Tue Oct 10 17:04:12 EDT 2017]; root of context hierarchy
Oct 10, 2017 5:04:12 PM org.springframework.beans.factory.xml.XmlBeanDefinitionReader loadBeanDefinitions
INFO: Loading XML bean definitions from class path resource [applicationContext.xml]
Oct 10, 2017 5:04:12 PM org.springframework.context.support.ClassPathXmlApplicationContext prepareRefresh
INFO: Refreshing org.springframework.context.support.ClassPathXmlApplicationContext@7dc335db: startup date [Tue Oct 10 17:04:12 EDT 2017]; root of context hierarchy
Oct 10, 2017 5:04:12 PM org.springframework.beans.factory.xml.XmlBeanDefinitionReader loadBeanDefinitions
INFO: Loading XML bean definitions from class path resource [applicationContext.xml]
Oct 10, 2017 5:04:12 PM org.springframework.context.support.ClassPathXmlApplicationContext prepareRefresh
INFO: Refreshing org.springframework.context.support.ClassPathXmlApplicationContext@30c2dff7: startup date [Tue Oct 10 17:04:12 EDT 2017]; root of context hierarchy
Oct 10, 2017 5:04:12 PM org.springframework.beans.factory.xml.XmlBeanDefinitionReader loadBeanDefinitions
INFO: Loading XML bean definitions from class path resource [applicationContext.xml]
Oct 10, 2017 5:04:12 PM org.springframework.context.support.ClassPathXmlApplicationContext prepareRefresh
INFO: Refreshing org.springframework.context.support.ClassPathXmlApplicationContext@8081fd3: startup date [Tue Oct 10 17:04:12 EDT 2017]; root of context hierarchy
Oct 10, 2017 5:04:12 PM org.springframework.beans.factory.xml.XmlBeanDefinitionReader loadBeanDefinitions
INFO: Loading XML bean definitions from class path resource [applicationContext.xml]
Oct 10, 2017 5:04:12 PM org.springframework.context.support.ClassPathXmlApplicationContext prepareRefresh
INFO: Refreshing org.springframework.context.support.ClassPathXmlApplicationContext@4b48d9c2: startup date [Tue Oct 10 17:04:12 EDT 2017]; root of context hierarchy
Oct 10, 2017 5:04:12 PM org.springframework.beans.factory.xml.XmlBeanDefinitionReader loadBeanDefinitions
INFO: Loading XML bean definitions from class path resource [applicationContext.xml]
Oct 10, 2017 5:04:12 PM org.springframework.context.support.ClassPathXmlApplicationContext prepareRefresh
INFO: Refreshing org.springframework.context.support.ClassPathXmlApplicationContext@3730be85: startup date [Tue Oct 10 17:04:12 EDT 2017]; root of context hierarchy
Oct 10, 2017 5:04:12 PM org.springframework.beans.factory.xml.XmlBeanDefinitionReader loadBeanDefinitions
INFO: Loading XML bean definitions from class path resource [applicationContext.xml]
Oct 10, 2017 5:04:12 PM org.springframework.context.support.ClassPathXmlApplicationContext prepareRefresh
INFO: Refreshing org.springframework.context.support.ClassPathXmlApplicationContext@789fe79a: startup date [Tue Oct 10 17:04:12 EDT 2017]; root of context hierarchy
Oct 10, 2017 5:04:12 PM org.springframework.beans.factory.xml.XmlBeanDefinitionReader loadBeanDefinitions
INFO: Loading XML bean definitions from class path resource [applicationContext.xml]
Oct 10, 2017 5:04:12 PM org.springframework.context.support.ClassPathXmlApplicationContext prepareRefresh
INFO: Refreshing org.springframework.context.support.ClassPathXmlApplicationContext@6e043920: startup date [Tue Oct 10 17:04:12 EDT 2017]; root of context hierarchy
Oct 10, 2017 5:04:12 PM org.springframework.beans.factory.xml.XmlBeanDefinitionReader loadBeanDefinitions
INFO: Loading XML bean definitions from class path resource [applicationContext.xml]
Oct 10, 2017 5:04:12 PM org.springframework.context.support.ClassPathXmlApplicationContext prepareRefresh
INFO: Refreshing org.springframework.context.support.ClassPathXmlApplicationContext@7dd2274f: startup date [Tue Oct 10 17:04:12 EDT 2017]; root of context hierarchy
Oct 10, 2017 5:04:12 PM org.springframework.beans.factory.xml.XmlBeanDefinitionReader loadBeanDefinitions
INFO: Loading XML bean definitions from class path resource [applicationContext.xml]
Oct 10, 2017 5:04:12 PM org.springframework.context.support.ClassPathXmlApplicationContext prepareRefresh
INFO: Refreshing org.springframework.context.support.ClassPathXmlApplicationContext@7555d140: startup date [Tue Oct 10 17:04:12 EDT 2017]; root of context hierarchy
Oct 10, 2017 5:04:12 PM org.springframework.beans.factory.xml.XmlBeanDefinitionReader loadBeanDefinitions
INFO: Loading XML bean definitions from class path resource [applicationContext.xml]
Oct 10, 2017 5:04:12 PM org.springframework.context.support.ClassPathXmlApplicationContext prepareRefresh
INFO: Refreshing org.springframework.context.support.ClassPathXmlApplicationContext@61a0dae4: startup date [Tue Oct 10 17:04:12 EDT 2017]; root of context hierarchy
Oct 10, 2017 5:04:12 PM org.springframework.beans.factory.xml.XmlBeanDefinitionReader loadBeanDefinitions
INFO: Loading XML bean definitions from class path resource [applicationContext.xml]
Oct 10, 2017 5:04:12 PM org.springframework.context.support.ClassPathXmlApplicationContext prepareRefresh
INFO: Refreshing org.springframework.context.support.ClassPathXmlApplicationContext@49e3752f: startup date [Tue Oct 10 17:04:12 EDT 2017]; root of context hierarchy
Oct 10, 2017 5:04:12 PM org.springframework.beans.factory.xml.XmlBeanDefinitionReader loadBeanDefinitions
INFO: Loading XML bean definitions from class path resource [applicationContext.xml]
Oct 10, 2017 5:04:12 PM org.springframework.context.support.ClassPathXmlApplicationContext prepareRefresh
INFO: Refreshing org.springframework.context.support.ClassPathXmlApplicationContext@69d1820b: startup date [Tue Oct 10 17:04:12 EDT 2017]; root of context hierarchy
Oct 10, 2017 5:04:12 PM org.springframework.beans.factory.xml.XmlBeanDefinitionReader loadBeanDefinitions
INFO: Loading XML bean definitions from class path resource [applicationContext.xml]
Oct 10, 2017 5:04:12 PM org.springframework.context.support.ClassPathXmlApplicationContext prepareRefresh
INFO: Refreshing org.springframework.context.support.ClassPathXmlApplicationContext@718d9c90: startup date [Tue Oct 10 17:04:12 EDT 2017]; root of context hierarchy
Oct 10, 2017 5:04:12 PM org.springframework.beans.factory.xml.XmlBeanDefinitionReader loadBeanDefinitions
INFO: Loading XML bean definitions from class path resource [applicationContext.xml]
Oct 10, 2017 5:04:12 PM org.springframework.context.support.ClassPathXmlApplicationContext prepareRefresh
INFO: Refreshing org.springframework.context.support.ClassPathXmlApplicationContext@1c7be428: startup date [Tue Oct 10 17:04:12 EDT 2017]; root of context hierarchy
Oct 10, 2017 5:04:12 PM org.springframework.beans.factory.xml.XmlBeanDefinitionReader loadBeanDefinitions
INFO: Loading XML bean definitions from class path resource [applicationContext.xml]
Oct 10, 2017 5:04:12 PM org.springframework.context.support.ClassPathXmlApplicationContext prepareRefresh
INFO: Refreshing org.springframework.context.support.ClassPathXmlApplicationContext@7291e268: startup date [Tue Oct 10 17:04:12 EDT 2017]; root of context hierarchy
Oct 10, 2017 5:04:12 PM org.springframework.beans.factory.xml.XmlBeanDefinitionReader loadBeanDefinitions
INFO: Loading XML bean definitions from class path resource [applicationContext.xml]
Oct 10, 2017 5:04:12 PM org.springframework.context.support.ClassPathXmlApplicationContext prepareRefresh
INFO: Refreshing org.springframework.context.support.ClassPathXmlApplicationContext@4555a0a9: startup date [Tue Oct 10 17:04:12 EDT 2017]; root of context hierarchy
Oct 10, 2017 5:04:12 PM org.springframework.beans.factory.xml.XmlBeanDefinitionReader loadBeanDefinitions
INFO: Loading XML bean definitions from class path resource [applicationContext.xml]
Oct 10, 2017 5:04:12 PM org.springframework.context.support.ClassPathXmlApplicationContext prepareRefresh
INFO: Refreshing org.springframework.context.support.ClassPathXmlApplicationContext@459eac67: startup date [Tue Oct 10 17:04:12 EDT 2017]; root of context hierarchy
Oct 10, 2017 5:04:12 PM org.springframework.beans.factory.xml.XmlBeanDefinitionReader loadBeanDefinitions
INFO: Loading XML bean definitions from class path resource [applicationContext.xml]
Oct 10, 2017 5:04:12 PM org.springframework.context.support.ClassPathXmlApplicationContext prepareRefresh
INFO: Refreshing org.springframework.context.support.ClassPathXmlApplicationContext@7162eac2: startup date [Tue Oct 10 17:04:12 EDT 2017]; root of context hierarchy
Oct 10, 2017 5:04:12 PM org.springframework.beans.factory.xml.XmlBeanDefinitionReader loadBeanDefinitions
INFO: Loading XML bean definitions from class path resource [applicationContext.xml]
Oct 10, 2017 5:04:12 PM org.springframework.context.support.ClassPathXmlApplicationContext prepareRefresh
INFO: Refreshing org.springframework.context.support.ClassPathXmlApplicationContext@5abbff86: startup date [Tue Oct 10 17:04:12 EDT 2017]; root of context hierarchy
Oct 10, 2017 5:04:12 PM org.springframework.beans.factory.xml.XmlBeanDefinitionReader loadBeanDefinitions
INFO: Loading XML bean definitions from class path resource [applicationContext.xml]
Oct 10, 2017 5:04:12 PM org.springframework.context.support.ClassPathXmlApplicationContext prepareRefresh
INFO: Refreshing org.springframework.context.support.ClassPathXmlApplicationContext@16b59202: startup date [Tue Oct 10 17:04:12 EDT 2017]; root of context hierarchy
Oct 10, 2017 5:04:12 PM org.springframework.beans.factory.xml.XmlBeanDefinitionReader loadBeanDefinitions
INFO: Loading XML bean definitions from class path resource [applicationContext.xml]
Oct 10, 2017 5:04:12 PM org.springframework.context.support.ClassPathXmlApplicationContext prepareRefresh
INFO: Refreshing org.springframework.context.support.ClassPathXmlApplicationContext@77ad764d: startup date [Tue Oct 10 17:04:12 EDT 2017]; root of context hierarchy
Oct 10, 2017 5:04:12 PM org.springframework.beans.factory.xml.XmlBeanDefinitionReader loadBeanDefinitions
INFO: Loading XML bean definitions from class path resource [applicationContext.xml]
Oct 10, 2017 5:04:12 PM org.springframework.context.support.ClassPathXmlApplicationContext prepareRefresh
INFO: Refreshing org.springframework.context.support.ClassPathXmlApplicationContext@7e7b0cdb: startup date [Tue Oct 10 17:04:12 EDT 2017]; root of context hierarchy
Oct 10, 2017 5:04:12 PM org.springframework.beans.factory.xml.XmlBeanDefinitionReader loadBeanDefinitions
INFO: Loading XML bean definitions from class path resource [applicationContext.xml]
Oct 10, 2017 5:04:12 PM org.springframework.context.support.ClassPathXmlApplicationContext prepareRefresh
INFO: Refreshing org.springframework.context.support.ClassPathXmlApplicationContext@705089db: startup date [Tue Oct 10 17:04:12 EDT 2017]; root of context hierarchy
Oct 10, 2017 5:04:12 PM org.springframework.beans.factory.xml.XmlBeanDefinitionReader loadBeanDefinitions
INFO: Loading XML bean definitions from class path resource [applicationContext.xml]
Oct 10, 2017 5:04:12 PM org.springframework.context.support.ClassPathXmlApplicationContext prepareRefresh
INFO: Refreshing org.springframework.context.support.ClassPathXmlApplicationContext@17631e7f: startup date [Tue Oct 10 17:04:12 EDT 2017]; root of context hierarchy
Oct 10, 2017 5:04:12 PM org.springframework.beans.factory.xml.XmlBeanDefinitionReader loadBeanDefinitions
INFO: Loading XML bean definitions from class path resource [applicationContext.xml]
Oct 10, 2017 5:04:13 PM org.springframework.context.support.ClassPathXmlApplicationContext prepareRefresh
INFO: Refreshing org.springframework.context.support.ClassPathXmlApplicationContext@1d07ddce: startup date [Tue Oct 10 17:04:13 EDT 2017]; root of context hierarchy
Oct 10, 2017 5:04:13 PM org.springframework.beans.factory.xml.XmlBeanDefinitionReader loadBeanDefinitions
INFO: Loading XML bean definitions from class path resource [applicationContext.xml]
Oct 10, 2017 5:04:13 PM org.springframework.context.support.ClassPathXmlApplicationContext prepareRefresh
INFO: Refreshing org.springframework.context.support.ClassPathXmlApplicationContext@e3248c9: startup date [Tue Oct 10 17:04:13 EDT 2017]; root of context hierarchy
Oct 10, 2017 5:04:13 PM org.springframework.beans.factory.xml.XmlBeanDefinitionReader loadBeanDefinitions
INFO: Loading XML bean definitions from class path resource [applicationContext.xml]
Oct 10, 2017 5:04:13 PM org.springframework.context.support.ClassPathXmlApplicationContext prepareRefresh
INFO: Refreshing org.springframework.context.support.ClassPathXmlApplicationContext@53e5bcd8: startup date [Tue Oct 10 17:04:13 EDT 2017]; root of context hierarchy
Oct 10, 2017 5:04:13 PM org.springframework.beans.factory.xml.XmlBeanDefinitionReader loadBeanDefinitions
INFO: Loading XML bean definitions from class path resource [applicationContext.xml]
Oct 10, 2017 5:04:13 PM org.springframework.context.support.ClassPathXmlApplicationContext prepareRefresh
INFO: Refreshing org.springframework.context.support.ClassPathXmlApplicationContext@108172d9: startup date [Tue Oct 10 17:04:13 EDT 2017]; root of context hierarchy
Oct 10, 2017 5:04:13 PM org.springframework.beans.factory.xml.XmlBeanDefinitionReader loadBeanDefinitions
INFO: Loading XML bean definitions from class path resource [applicationContext.xml]
Oct 10, 2017 5:04:13 PM org.springframework.context.support.ClassPathXmlApplicationContext prepareRefresh
INFO: Refreshing org.springframework.context.support.ClassPathXmlApplicationContext@5c4a99a: startup date [Tue Oct 10 17:04:13 EDT 2017]; root of context hierarchy
Oct 10, 2017 5:04:13 PM org.springframework.beans.factory.xml.XmlBeanDefinitionReader loadBeanDefinitions
INFO: Loading XML bean definitions from class path resource [applicationContext.xml]
Oct 10, 2017 5:04:13 PM org.springframework.context.support.ClassPathXmlApplicationContext prepareRefresh
INFO: Refreshing org.springframework.context.support.ClassPathXmlApplicationContext@7f6d6c54: startup date [Tue Oct 10 17:04:13 EDT 2017]; root of context hierarchy
Oct 10, 2017 5:04:13 PM org.springframework.beans.factory.xml.XmlBeanDefinitionReader loadBeanDefinitions
INFO: Loading XML bean definitions from class path resource [applicationContext.xml]
Oct 10, 2017 5:04:13 PM org.springframework.context.support.ClassPathXmlApplicationContext prepareRefresh
INFO: Refreshing org.springframework.context.support.ClassPathXmlApplicationContext@194433d0: startup date [Tue Oct 10 17:04:13 EDT 2017]; root of context hierarchy
Oct 10, 2017 5:04:13 PM org.springframework.beans.factory.xml.XmlBeanDefinitionReader loadBeanDefinitions
INFO: Loading XML bean definitions from class path resource [applicationContext.xml]
Oct 10, 2017 5:04:13 PM org.springframework.context.support.ClassPathXmlApplicationContext prepareRefresh
INFO: Refreshing org.springframework.context.support.ClassPathXmlApplicationContext@226fc46d: startup date [Tue Oct 10 17:04:13 EDT 2017]; root of context hierarchy
Oct 10, 2017 5:04:13 PM org.springframework.beans.factory.xml.XmlBeanDefinitionReader loadBeanDefinitions
INFO: Loading XML bean definitions from class path resource [applicationContext.xml]
Oct 10, 2017 5:04:13 PM org.springframework.context.support.ClassPathXmlApplicationContext prepareRefresh
INFO: Refreshing org.springframework.context.support.ClassPathXmlApplicationContext@34caca22: startup date [Tue Oct 10 17:04:13 EDT 2017]; root of context hierarchy
Oct 10, 2017 5:04:13 PM org.springframework.beans.factory.xml.XmlBeanDefinitionReader loadBeanDefinitions
INFO: Loading XML bean definitions from class path resource [applicationContext.xml]
Oct 10, 2017 5:04:13 PM org.springframework.context.support.ClassPathXmlApplicationContext prepareRefresh
INFO: Refreshing org.springframework.context.support.ClassPathXmlApplicationContext@6d6f50c: startup date [Tue Oct 10 17:04:13 EDT 2017]; root of context hierarchy
Oct 10, 2017 5:04:13 PM org.springframework.beans.factory.xml.XmlBeanDefinitionReader loadBeanDefinitions
INFO: Loading XML bean definitions from class path resource [applicationContext.xml]
Oct 10, 2017 5:04:13 PM org.springframework.context.support.ClassPathXmlApplicationContext prepareRefresh
INFO: Refreshing org.springframework.context.support.ClassPathXmlApplicationContext@7e611aed: startup date [Tue Oct 10 17:04:13 EDT 2017]; root of context hierarchy
Oct 10, 2017 5:04:13 PM org.springframework.beans.factory.xml.XmlBeanDefinitionReader loadBeanDefinitions
INFO: Loading XML bean definitions from class path resource [applicationContext.xml]
Oct 10, 2017 5:04:13 PM org.springframework.context.support.ClassPathXmlApplicationContext prepareRefresh
INFO: Refreshing org.springframework.context.support.ClassPathXmlApplicationContext@6b416e14: startup date [Tue Oct 10 17:04:13 EDT 2017]; root of context hierarchy
Oct 10, 2017 5:04:13 PM org.springframework.beans.factory.xml.XmlBeanDefinitionReader loadBeanDefinitions
INFO: Loading XML bean definitions from class path resource [applicationContext.xml]
Oct 10, 2017 5:04:13 PM org.springframework.context.support.ClassPathXmlApplicationContext prepareRefresh
INFO: Refreshing org.springframework.context.support.ClassPathXmlApplicationContext@19bc5b7f: startup date [Tue Oct 10 17:04:13 EDT 2017]; root of context hierarchy
Oct 10, 2017 5:04:13 PM org.springframework.beans.factory.xml.XmlBeanDefinitionReader loadBeanDefinitions
INFO: Loading XML bean definitions from class path resource [applicationContext.xml]
Oct 10, 2017 5:04:13 PM org.springframework.context.support.ClassPathXmlApplicationContext prepareRefresh
INFO: Refreshing org.springframework.context.support.ClassPathXmlApplicationContext@70ef8d1e: startup date [Tue Oct 10 17:04:13 EDT 2017]; root of context hierarchy
Oct 10, 2017 5:04:13 PM org.springframework.beans.factory.xml.XmlBeanDefinitionReader loadBeanDefinitions
INFO: Loading XML bean definitions from class path resource [applicationContext.xml]
Oct 10, 2017 5:04:13 PM org.springframework.context.support.ClassPathXmlApplicationContext prepareRefresh
INFO: Refreshing org.springframework.context.support.ClassPathXmlApplicationContext@361eab38: startup date [Tue Oct 10 17:04:13 EDT 2017]; root of context hierarchy
Oct 10, 2017 5:04:13 PM org.springframework.beans.factory.xml.XmlBeanDefinitionReader loadBeanDefinitions
INFO: Loading XML bean definitions from class path resource [applicationContext.xml]
Oct 10, 2017 5:04:13 PM org.springframework.context.support.ClassPathXmlApplicationContext prepareRefresh
INFO: Refreshing org.springframework.context.support.ClassPathXmlApplicationContext@3499d6fe: startup date [Tue Oct 10 17:04:13 EDT 2017]; root of context hierarchy
Oct 10, 2017 5:04:13 PM org.springframework.beans.factory.xml.XmlBeanDefinitionReader loadBeanDefinitions
INFO: Loading XML bean definitions from class path resource [applicationContext.xml]
Oct 10, 2017 5:04:13 PM org.springframework.context.support.ClassPathXmlApplicationContext prepareRefresh
INFO: Refreshing org.springframework.context.support.ClassPathXmlApplicationContext@75de7282: startup date [Tue Oct 10 17:04:13 EDT 2017]; root of context hierarchy
Oct 10, 2017 5:04:13 PM org.springframework.beans.factory.xml.XmlBeanDefinitionReader loadBeanDefinitions
INFO: Loading XML bean definitions from class path resource [applicationContext.xml]
Oct 10, 2017 5:04:13 PM org.springframework.context.support.ClassPathXmlApplicationContext prepareRefresh
INFO: Refreshing org.springframework.context.support.ClassPathXmlApplicationContext@31877cf0: startup date [Tue Oct 10 17:04:13 EDT 2017]; root of context hierarchy
Oct 10, 2017 5:04:13 PM org.springframework.beans.factory.xml.XmlBeanDefinitionReader loadBeanDefinitions
INFO: Loading XML bean definitions from class path resource [applicationContext.xml]
Oct 10, 2017 5:04:13 PM org.springframework.context.support.ClassPathXmlApplicationContext prepareRefresh
INFO: Refreshing org.springframework.context.support.ClassPathXmlApplicationContext@4b42b2e9: startup date [Tue Oct 10 17:04:13 EDT 2017]; root of context hierarchy
Oct 10, 2017 5:04:13 PM org.springframework.beans.factory.xml.XmlBeanDefinitionReader loadBeanDefinitions
INFO: Loading XML bean definitions from class path resource [applicationContext.xml]
Oct 10, 2017 5:04:13 PM org.springframework.context.support.ClassPathXmlApplicationContext prepareRefresh
INFO: Refreshing org.springframework.context.support.ClassPathXmlApplicationContext@e14fce: startup date [Tue Oct 10 17:04:13 EDT 2017]; root of context hierarchy
Oct 10, 2017 5:04:13 PM org.springframework.beans.factory.xml.XmlBeanDefinitionReader loadBeanDefinitions
INFO: Loading XML bean definitions from class path resource [applicationContext.xml]
Oct 10, 2017 5:04:13 PM org.springframework.context.support.ClassPathXmlApplicationContext prepareRefresh
INFO: Refreshing org.springframework.context.support.ClassPathXmlApplicationContext@1d8fef0a: startup date [Tue Oct 10 17:04:13 EDT 2017]; root of context hierarchy
Oct 10, 2017 5:04:13 PM org.springframework.beans.factory.xml.XmlBeanDefinitionReader loadBeanDefinitions
INFO: Loading XML bean definitions from class path resource [applicationContext.xml]
Oct 10, 2017 5:04:13 PM org.springframework.context.support.ClassPathXmlApplicationContext prepareRefresh
INFO: Refreshing org.springframework.context.support.ClassPathXmlApplicationContext@107dd0f6: startup date [Tue Oct 10 17:04:13 EDT 2017]; root of context hierarchy
Oct 10, 2017 5:04:13 PM org.springframework.beans.factory.xml.XmlBeanDefinitionReader loadBeanDefinitions
INFO: Loading XML bean definitions from class path resource [applicationContext.xml]
Oct 10, 2017 5:04:13 PM org.springframework.context.support.ClassPathXmlApplicationContext prepareRefresh
INFO: Refreshing org.springframework.context.support.ClassPathXmlApplicationContext@4fb45172: startup date [Tue Oct 10 17:04:13 EDT 2017]; root of context hierarchy
Oct 10, 2017 5:04:13 PM org.springframework.beans.factory.xml.XmlBeanDefinitionReader loadBeanDefinitions
INFO: Loading XML bean definitions from class path resource [applicationContext.xml]
Oct 10, 2017 5:04:13 PM org.springframework.context.support.ClassPathXmlApplicationContext prepareRefresh
INFO: Refreshing org.springframework.context.support.ClassPathXmlApplicationContext@4ab909f4: startup date [Tue Oct 10 17:04:13 EDT 2017]; root of context hierarchy
Oct 10, 2017 5:04:13 PM org.springframework.beans.factory.xml.XmlBeanDefinitionReader loadBeanDefinitions
INFO: Loading XML bean definitions from class path resource [applicationContext.xml]
Oct 10, 2017 5:04:13 PM org.springframework.context.support.ClassPathXmlApplicationContext prepareRefresh
INFO: Refreshing org.springframework.context.support.ClassPathXmlApplicationContext@16688343: startup date [Tue Oct 10 17:04:13 EDT 2017]; root of context hierarchy
Oct 10, 2017 5:04:13 PM org.springframework.beans.factory.xml.XmlBeanDefinitionReader loadBeanDefinitions
INFO: Loading XML bean definitions from class path resource [applicationContext.xml]
Oct 10, 2017 5:04:13 PM org.springframework.context.support.ClassPathXmlApplicationContext prepareRefresh
INFO: Refreshing org.springframework.context.support.ClassPathXmlApplicationContext@18cbbd97: startup date [Tue Oct 10 17:04:13 EDT 2017]; root of context hierarchy
Oct 10, 2017 5:04:13 PM org.springframework.beans.factory.xml.XmlBeanDefinitionReader loadBeanDefinitions
INFO: Loading XML bean definitions from class path resource [applicationContext.xml]
Oct 10, 2017 5:04:13 PM org.springframework.context.support.ClassPathXmlApplicationContext prepareRefresh
INFO: Refreshing org.springframework.context.support.ClassPathXmlApplicationContext@d8167f4: startup date [Tue Oct 10 17:04:13 EDT 2017]; root of context hierarchy
Oct 10, 2017 5:04:13 PM org.springframework.beans.factory.xml.XmlBeanDefinitionReader loadBeanDefinitions
INFO: Loading XML bean definitions from class path resource [applicationContext.xml]
Oct 10, 2017 5:04:13 PM org.springframework.context.support.ClassPathXmlApplicationContext prepareRefresh
INFO: Refreshing org.springframework.context.support.ClassPathXmlApplicationContext@7df1d49: startup date [Tue Oct 10 17:04:13 EDT 2017]; root of context hierarchy
Oct 10, 2017 5:04:13 PM org.springframework.beans.factory.xml.XmlBeanDefinitionReader loadBeanDefinitions
INFO: Loading XML bean definitions from class path resource [applicationContext.xml]
Oct 10, 2017 5:04:13 PM org.springframework.context.support.ClassPathXmlApplicationContext prepareRefresh
INFO: Refreshing org.springframework.context.support.ClassPathXmlApplicationContext@546a09ab: startup date [Tue Oct 10 17:04:13 EDT 2017]; root of context hierarchy
Oct 10, 2017 5:04:13 PM org.springframework.beans.factory.xml.XmlBeanDefinitionReader loadBeanDefinitions
INFO: Loading XML bean definitions from class path resource [applicationContext.xml]
Oct 10, 2017 5:04:13 PM org.springframework.context.support.ClassPathXmlApplicationContext prepareRefresh
INFO: Refreshing org.springframework.context.support.ClassPathXmlApplicationContext@12547fc7: startup date [Tue Oct 10 17:04:13 EDT 2017]; root of context hierarchy
Oct 10, 2017 5:04:13 PM org.springframework.beans.factory.xml.XmlBeanDefinitionReader loadBeanDefinitions
INFO: Loading XML bean definitions from class path resource [applicationContext.xml]
Oct 10, 2017 5:04:13 PM org.springframework.context.support.ClassPathXmlApplicationContext prepareRefresh
INFO: Refreshing org.springframework.context.support.ClassPathXmlApplicationContext@570b2819: startup date [Tue Oct 10 17:04:13 EDT 2017]; root of context hierarchy
Oct 10, 2017 5:04:13 PM org.springframework.beans.factory.xml.XmlBeanDefinitionReader loadBeanDefinitions
INFO: Loading XML bean definitions from class path resource [applicationContext.xml]
Oct 10, 2017 5:04:13 PM org.springframework.context.support.ClassPathXmlApplicationContext prepareRefresh
INFO: Refreshing org.springframework.context.support.ClassPathXmlApplicationContext@1ff1b824: startup date [Tue Oct 10 17:04:13 EDT 2017]; root of context hierarchy
Oct 10, 2017 5:04:13 PM org.springframework.beans.factory.xml.XmlBeanDefinitionReader loadBeanDefinitions
INFO: Loading XML bean definitions from class path resource [applicationContext.xml]
Oct 10, 2017 5:04:13 PM org.springframework.context.support.ClassPathXmlApplicationContext prepareRefresh
INFO: Refreshing org.springframework.context.support.ClassPathXmlApplicationContext@27f75779: startup date [Tue Oct 10 17:04:13 EDT 2017]; root of context hierarchy
Oct 10, 2017 5:04:13 PM org.springframework.beans.factory.xml.XmlBeanDefinitionReader loadBeanDefinitions
INFO: Loading XML bean definitions from class path resource [applicationContext.xml]
Oct 10, 2017 5:04:13 PM org.springframework.context.support.ClassPathXmlApplicationContext prepareRefresh
INFO: Refreshing org.springframework.context.support.ClassPathXmlApplicationContext@7e6b4282: startup date [Tue Oct 10 17:04:13 EDT 2017]; root of context hierarchy
Oct 10, 2017 5:04:13 PM org.springframework.beans.factory.xml.XmlBeanDefinitionReader loadBeanDefinitions
INFO: Loading XML bean definitions from class path resource [applicationContext.xml]
Oct 10, 2017 5:04:13 PM org.springframework.context.support.ClassPathXmlApplicationContext prepareRefresh
INFO: Refreshing org.springframework.context.support.ClassPathXmlApplicationContext@449db8fd: startup date [Tue Oct 10 17:04:13 EDT 2017]; root of context hierarchy
Oct 10, 2017 5:04:13 PM org.springframework.beans.factory.xml.XmlBeanDefinitionReader loadBeanDefinitions
INFO: Loading XML bean definitions from class path resource [applicationContext.xml]
Oct 10, 2017 5:04:13 PM org.springframework.context.support.ClassPathXmlApplicationContext prepareRefresh
INFO: Refreshing org.springframework.context.support.ClassPathXmlApplicationContext@54ad6ea7: startup date [Tue Oct 10 17:04:13 EDT 2017]; root of context hierarchy
Oct 10, 2017 5:04:13 PM org.springframework.beans.factory.xml.XmlBeanDefinitionReader loadBeanDefinitions
INFO: Loading XML bean definitions from class path resource [applicationContext.xml]
Oct 10, 2017 5:04:13 PM org.springframework.context.support.ClassPathXmlApplicationContext prepareRefresh
INFO: Refreshing org.springframework.context.support.ClassPathXmlApplicationContext@4e8c5c86: startup date [Tue Oct 10 17:04:13 EDT 2017]; root of context hierarchy
Oct 10, 2017 5:04:13 PM org.springframework.beans.factory.xml.XmlBeanDefinitionReader loadBeanDefinitions
INFO: Loading XML bean definitions from class path resource [applicationContext.xml]
Oct 10, 2017 5:04:13 PM org.springframework.context.support.ClassPathXmlApplicationContext prepareRefresh
INFO: Refreshing org.springframework.context.support.ClassPathXmlApplicationContext@183c5e6e: startup date [Tue Oct 10 17:04:13 EDT 2017]; root of context hierarchy
Oct 10, 2017 5:04:13 PM org.springframework.beans.factory.xml.XmlBeanDefinitionReader loadBeanDefinitions
INFO: Loading XML bean definitions from class path resource [applicationContext.xml]
Oct 10, 2017 5:04:13 PM org.springframework.context.support.ClassPathXmlApplicationContext prepareRefresh
INFO: Refreshing org.springframework.context.support.ClassPathXmlApplicationContext@6307988: startup date [Tue Oct 10 17:04:13 EDT 2017]; root of context hierarchy
Oct 10, 2017 5:04:13 PM org.springframework.beans.factory.xml.XmlBeanDefinitionReader loadBeanDefinitions
INFO: Loading XML bean definitions from class path resource [applicationContext.xml]
Oct 10, 2017 5:04:13 PM org.springframework.context.support.ClassPathXmlApplicationContext prepareRefresh
INFO: Refreshing org.springframework.context.support.ClassPathXmlApplicationContext@713b2356: startup date [Tue Oct 10 17:04:13 EDT 2017]; root of context hierarchy
Oct 10, 2017 5:04:13 PM org.springframework.beans.factory.xml.XmlBeanDefinitionReader loadBeanDefinitions
INFO: Loading XML bean definitions from class path resource [applicationContext.xml]
Oct 10, 2017 5:04:13 PM org.springframework.context.support.ClassPathXmlApplicationContext prepareRefresh
INFO: Refreshing org.springframework.context.support.ClassPathXmlApplicationContext@79e20073: startup date [Tue Oct 10 17:04:13 EDT 2017]; root of context hierarchy
Oct 10, 2017 5:04:13 PM org.springframework.beans.factory.xml.XmlBeanDefinitionReader loadBeanDefinitions
INFO: Loading XML bean definitions from class path resource [applicationContext.xml]
Oct 10, 2017 5:04:13 PM org.springframework.context.support.ClassPathXmlApplicationContext prepareRefresh
INFO: Refreshing org.springframework.context.support.ClassPathXmlApplicationContext@536898b3: startup date [Tue Oct 10 17:04:13 EDT 2017]; root of context hierarchy
Oct 10, 2017 5:04:13 PM org.springframework.beans.factory.xml.XmlBeanDefinitionReader loadBeanDefinitions
INFO: Loading XML bean definitions from class path resource [applicationContext.xml]
Oct 10, 2017 5:04:13 PM org.springframework.context.support.ClassPathXmlApplicationContext prepareRefresh
INFO: Refreshing org.springframework.context.support.ClassPathXmlApplicationContext@11c2f628: startup date [Tue Oct 10 17:04:13 EDT 2017]; root of context hierarchy
Oct 10, 2017 5:04:13 PM org.springframework.beans.factory.xml.XmlBeanDefinitionReader loadBeanDefinitions
INFO: Loading XML bean definitions from class path resource [applicationContext.xml]
Oct 10, 2017 5:04:13 PM org.springframework.context.support.ClassPathXmlApplicationContext prepareRefresh
INFO: Refreshing org.springframework.context.support.ClassPathXmlApplicationContext@38d13c55: startup date [Tue Oct 10 17:04:13 EDT 2017]; root of context hierarchy
Oct 10, 2017 5:04:13 PM org.springframework.beans.factory.xml.XmlBeanDefinitionReader loadBeanDefinitions
INFO: Loading XML bean definitions from class path resource [applicationContext.xml]
Oct 10, 2017 5:04:13 PM org.springframework.context.support.ClassPathXmlApplicationContext prepareRefresh
INFO: Refreshing org.springframework.context.support.ClassPathXmlApplicationContext@41b5b38d: startup date [Tue Oct 10 17:04:13 EDT 2017]; root of context hierarchy
Oct 10, 2017 5:04:13 PM org.springframework.beans.factory.xml.XmlBeanDefinitionReader loadBeanDefinitions
INFO: Loading XML bean definitions from class path resource [applicationContext.xml]
Oct 10, 2017 5:04:13 PM org.springframework.context.support.ClassPathXmlApplicationContext prepareRefresh
INFO: Refreshing org.springframework.context.support.ClassPathXmlApplicationContext@593e5469: startup date [Tue Oct 10 17:04:13 EDT 2017]; root of context hierarchy
Oct 10, 2017 5:04:13 PM org.springframework.beans.factory.xml.XmlBeanDefinitionReader loadBeanDefinitions
INFO: Loading XML bean definitions from class path resource [applicationContext.xml]
Oct 10, 2017 5:04:13 PM org.springframework.context.support.ClassPathXmlApplicationContext prepareRefresh
INFO: Refreshing org.springframework.context.support.ClassPathXmlApplicationContext@b41c06d: startup date [Tue Oct 10 17:04:13 EDT 2017]; root of context hierarchy
Oct 10, 2017 5:04:13 PM org.springframework.beans.factory.xml.XmlBeanDefinitionReader loadBeanDefinitions
INFO: Loading XML bean definitions from class path resource [applicationContext.xml]
Oct 10, 2017 5:04:13 PM org.springframework.context.support.ClassPathXmlApplicationContext prepareRefresh
INFO: Refreshing org.springframework.context.support.ClassPathXmlApplicationContext@100b8253: startup date [Tue Oct 10 17:04:13 EDT 2017]; root of context hierarchy
Oct 10, 2017 5:04:13 PM org.springframework.beans.factory.xml.XmlBeanDefinitionReader loadBeanDefinitions
INFO: Loading XML bean definitions from class path resource [applicationContext.xml]
Oct 10, 2017 5:04:13 PM org.springframework.context.support.ClassPathXmlApplicationContext prepareRefresh
INFO: Refreshing org.springframework.context.support.ClassPathXmlApplicationContext@6a1c14fc: startup date [Tue Oct 10 17:04:13 EDT 2017]; root of context hierarchy
Oct 10, 2017 5:04:13 PM org.springframework.beans.factory.xml.XmlBeanDefinitionReader loadBeanDefinitions
INFO: Loading XML bean definitions from class path resource [applicationContext.xml]
Oct 10, 2017 5:04:13 PM org.springframework.context.support.ClassPathXmlApplicationContext prepareRefresh
INFO: Refreshing org.springframework.context.support.ClassPathXmlApplicationContext@706ca95b: startup date [Tue Oct 10 17:04:13 EDT 2017]; root of context hierarchy
Oct 10, 2017 5:04:13 PM org.springframework.beans.factory.xml.XmlBeanDefinitionReader loadBeanDefinitions
INFO: Loading XML bean definitions from class path resource [applicationContext.xml]
Oct 10, 2017 5:04:13 PM org.springframework.context.support.ClassPathXmlApplicationContext prepareRefresh
INFO: Refreshing org.springframework.context.support.ClassPathXmlApplicationContext@1be60d7: startup date [Tue Oct 10 17:04:13 EDT 2017]; root of context hierarchy
Oct 10, 2017 5:04:13 PM org.springframework.beans.factory.xml.XmlBeanDefinitionReader loadBeanDefinitions
INFO: Loading XML bean definitions from class path resource [applicationContext.xml]
Oct 10, 2017 5:04:13 PM org.springframework.context.support.ClassPathXmlApplicationContext prepareRefresh
INFO: Refreshing org.springframework.context.support.ClassPathXmlApplicationContext@7135cbb0: startup date [Tue Oct 10 17:04:13 EDT 2017]; root of context hierarchy
Oct 10, 2017 5:04:13 PM org.springframework.beans.factory.xml.XmlBeanDefinitionReader loadBeanDefinitions
INFO: Loading XML bean definitions from class path resource [applicationContext.xml]
Oct 10, 2017 5:04:13 PM org.springframework.context.support.ClassPathXmlApplicationContext prepareRefresh
INFO: Refreshing org.springframework.context.support.ClassPathXmlApplicationContext@574f9951: startup date [Tue Oct 10 17:04:13 EDT 2017]; root of context hierarchy
Oct 10, 2017 5:04:13 PM org.springframework.beans.factory.xml.XmlBeanDefinitionReader loadBeanDefinitions
INFO: Loading XML bean definitions from class path resource [applicationContext.xml]
Oct 10, 2017 5:04:13 PM org.springframework.context.support.ClassPathXmlApplicationContext prepareRefresh
INFO: Refreshing org.springframework.context.support.ClassPathXmlApplicationContext@25978565: startup date [Tue Oct 10 17:04:13 EDT 2017]; root of context hierarchy
Oct 10, 2017 5:04:13 PM org.springframework.beans.factory.xml.XmlBeanDefinitionReader loadBeanDefinitions
INFO: Loading XML bean definitions from class path resource [applicationContext.xml]
Oct 10, 2017 5:04:13 PM org.springframework.context.support.ClassPathXmlApplicationContext prepareRefresh
INFO: Refreshing org.springframework.context.support.ClassPathXmlApplicationContext@2ad69abd: startup date [Tue Oct 10 17:04:13 EDT 2017]; root of context hierarchy
Oct 10, 2017 5:04:13 PM org.springframework.beans.factory.xml.XmlBeanDefinitionReader loadBeanDefinitions
INFO: Loading XML bean definitions from class path resource [applicationContext.xml]
Oct 10, 2017 5:04:13 PM org.springframework.context.support.ClassPathXmlApplicationContext prepareRefresh
INFO: Refreshing org.springframework.context.support.ClassPathXmlApplicationContext@1474afcf: startup date [Tue Oct 10 17:04:13 EDT 2017]; root of context hierarchy
Oct 10, 2017 5:04:13 PM org.springframework.beans.factory.xml.XmlBeanDefinitionReader loadBeanDefinitions
INFO: Loading XML bean definitions from class path resource [applicationContext.xml]
Oct 10, 2017 5:04:13 PM org.springframework.context.support.ClassPathXmlApplicationContext prepareRefresh
INFO: Refreshing org.springframework.context.support.ClassPathXmlApplicationContext@7efbfe9: startup date [Tue Oct 10 17:04:13 EDT 2017]; root of context hierarchy
Oct 10, 2017 5:04:13 PM org.springframework.beans.factory.xml.XmlBeanDefinitionReader loadBeanDefinitions
INFO: Loading XML bean definitions from class path resource [applicationContext.xml]
Oct 10, 2017 5:04:13 PM org.springframework.context.support.ClassPathXmlApplicationContext prepareRefresh
INFO: Refreshing org.springframework.context.support.ClassPathXmlApplicationContext@42e6ab9: startup date [Tue Oct 10 17:04:13 EDT 2017]; root of context hierarchy
Oct 10, 2017 5:04:13 PM org.springframework.beans.factory.xml.XmlBeanDefinitionReader loadBeanDefinitions
INFO: Loading XML bean definitions from class path resource [applicationContext.xml]
Oct 10, 2017 5:04:13 PM org.springframework.context.support.ClassPathXmlApplicationContext prepareRefresh
INFO: Refreshing org.springframework.context.support.ClassPathXmlApplicationContext@6c8b6f7c: startup date [Tue Oct 10 17:04:13 EDT 2017]; root of context hierarchy
Oct 10, 2017 5:04:13 PM org.springframework.beans.factory.xml.XmlBeanDefinitionReader loadBeanDefinitions
INFO: Loading XML bean definitions from class path resource [applicationContext.xml]
Oct 10, 2017 5:04:13 PM org.springframework.context.support.ClassPathXmlApplicationContext prepareRefresh
INFO: Refreshing org.springframework.context.support.ClassPathXmlApplicationContext@68ebb33c: startup date [Tue Oct 10 17:04:13 EDT 2017]; root of context hierarchy
Oct 10, 2017 5:04:13 PM org.springframework.beans.factory.xml.XmlBeanDefinitionReader loadBeanDefinitions
INFO: Loading XML bean definitions from class path resource [applicationContext.xml]
Oct 10, 2017 5:04:13 PM org.springframework.context.support.ClassPathXmlApplicationContext prepareRefresh
INFO: Refreshing org.springframework.context.support.ClassPathXmlApplicationContext@1b1790d9: startup date [Tue Oct 10 17:04:13 EDT 2017]; root of context hierarchy
Oct 10, 2017 5:04:14 PM org.springframework.beans.factory.xml.XmlBeanDefinitionReader loadBeanDefinitions
INFO: Loading XML bean definitions from class path resource [applicationContext.xml]
Oct 10, 2017 5:04:14 PM org.springframework.context.support.ClassPathXmlApplicationContext prepareRefresh
INFO: Refreshing org.springframework.context.support.ClassPathXmlApplicationContext@53209ae0: startup date [Tue Oct 10 17:04:14 EDT 2017]; root of context hierarchy
Oct 10, 2017 5:04:14 PM org.springframework.beans.factory.xml.XmlBeanDefinitionReader loadBeanDefinitions
INFO: Loading XML bean definitions from class path resource [applicationContext.xml]
Oct 10, 2017 5:04:14 PM org.springframework.context.support.ClassPathXmlApplicationContext prepareRefresh
INFO: Refreshing org.springframework.context.support.ClassPathXmlApplicationContext@8d010ae: startup date [Tue Oct 10 17:04:14 EDT 2017]; root of context hierarchy
Oct 10, 2017 5:04:14 PM org.springframework.beans.factory.xml.XmlBeanDefinitionReader loadBeanDefinitions
INFO: Loading XML bean definitions from class path resource [applicationContext.xml]
Oct 10, 2017 5:04:14 PM org.springframework.context.support.ClassPathXmlApplicationContext prepareRefresh
INFO: Refreshing org.springframework.context.support.ClassPathXmlApplicationContext@490e334d: startup date [Tue Oct 10 17:04:14 EDT 2017]; root of context hierarchy
Oct 10, 2017 5:04:14 PM org.springframework.beans.factory.xml.XmlBeanDefinitionReader loadBeanDefinitions
INFO: Loading XML bean definitions from class path resource [applicationContext.xml]
Oct 10, 2017 5:04:14 PM org.springframework.context.support.ClassPathXmlApplicationContext prepareRefresh
INFO: Refreshing org.springframework.context.support.ClassPathXmlApplicationContext@38e39260: startup date [Tue Oct 10 17:04:14 EDT 2017]; root of context hierarchy
Oct 10, 2017 5:04:14 PM org.springframework.beans.factory.xml.XmlBeanDefinitionReader loadBeanDefinitions
INFO: Loading XML bean definitions from class path resource [applicationContext.xml]
Oct 10, 2017 5:04:14 PM org.springframework.context.support.ClassPathXmlApplicationContext prepareRefresh
INFO: Refreshing org.springframework.context.support.ClassPathXmlApplicationContext@3ac07ac0: startup date [Tue Oct 10 17:04:14 EDT 2017]; root of context hierarchy
Oct 10, 2017 5:04:14 PM org.springframework.beans.factory.xml.XmlBeanDefinitionReader loadBeanDefinitions
INFO: Loading XML bean definitions from class path resource [applicationContext.xml]
Oct 10, 2017 5:04:14 PM org.springframework.context.support.ClassPathXmlApplicationContext prepareRefresh
INFO: Refreshing org.springframework.context.support.ClassPathXmlApplicationContext@b6455ad: startup date [Tue Oct 10 17:04:14 EDT 2017]; root of context hierarchy
Oct 10, 2017 5:04:14 PM org.springframework.beans.factory.xml.XmlBeanDefinitionReader loadBeanDefinitions
INFO: Loading XML bean definitions from class path resource [applicationContext.xml]
Oct 10, 2017 5:04:14 PM org.springframework.context.support.ClassPathXmlApplicationContext prepareRefresh
INFO: Refreshing org.springframework.context.support.ClassPathXmlApplicationContext@1a57b467: startup date [Tue Oct 10 17:04:14 EDT 2017]; root of context hierarchy
Oct 10, 2017 5:04:14 PM org.springframework.beans.factory.xml.XmlBeanDefinitionReader loadBeanDefinitions
INFO: Loading XML bean definitions from class path resource [applicationContext.xml]
Oct 10, 2017 5:04:14 PM org.springframework.context.support.ClassPathXmlApplicationContext prepareRefresh
INFO: Refreshing org.springframework.context.support.ClassPathXmlApplicationContext@4d1183bd: startup date [Tue Oct 10 17:04:14 EDT 2017]; root of context hierarchy
Oct 10, 2017 5:04:14 PM org.springframework.beans.factory.xml.XmlBeanDefinitionReader loadBeanDefinitions
INFO: Loading XML bean definitions from class path resource [applicationContext.xml]
Oct 10, 2017 5:04:14 PM org.springframework.context.support.ClassPathXmlApplicationContext prepareRefresh
INFO: Refreshing org.springframework.context.support.ClassPathXmlApplicationContext@68ee4588: startup date [Tue Oct 10 17:04:14 EDT 2017]; root of context hierarchy
Oct 10, 2017 5:04:14 PM org.springframework.beans.factory.xml.XmlBeanDefinitionReader loadBeanDefinitions
INFO: Loading XML bean definitions from class path resource [applicationContext.xml]
Oct 10, 2017 5:04:14 PM org.springframework.context.support.ClassPathXmlApplicationContext prepareRefresh
INFO: Refreshing org.springframework.context.support.ClassPathXmlApplicationContext@1d51bd3c: startup date [Tue Oct 10 17:04:14 EDT 2017]; root of context hierarchy
Oct 10, 2017 5:04:14 PM org.springframework.beans.factory.xml.XmlBeanDefinitionReader loadBeanDefinitions
INFO: Loading XML bean definitions from class path resource [applicationContext.xml]
Oct 10, 2017 5:04:14 PM org.springframework.context.support.ClassPathXmlApplicationContext prepareRefresh
INFO: Refreshing org.springframework.context.support.ClassPathXmlApplicationContext@3e66f62b: startup date [Tue Oct 10 17:04:14 EDT 2017]; root of context hierarchy
Oct 10, 2017 5:04:14 PM org.springframework.beans.factory.xml.XmlBeanDefinitionReader loadBeanDefinitions
INFO: Loading XML bean definitions from class path resource [applicationContext.xml]
Oct 10, 2017 5:04:14 PM org.springframework.context.support.ClassPathXmlApplicationContext prepareRefresh
INFO: Refreshing org.springframework.context.support.ClassPathXmlApplicationContext@6345607e: startup date [Tue Oct 10 17:04:14 EDT 2017]; root of context hierarchy
Oct 10, 2017 5:04:14 PM org.springframework.beans.factory.xml.XmlBeanDefinitionReader loadBeanDefinitions
INFO: Loading XML bean definitions from class path resource [applicationContext.xml]
Oct 10, 2017 5:04:14 PM org.springframework.context.support.ClassPathXmlApplicationContext prepareRefresh
INFO: Refreshing org.springframework.context.support.ClassPathXmlApplicationContext@7cdd75c5: startup date [Tue Oct 10 17:04:14 EDT 2017]; root of context hierarchy
Oct 10, 2017 5:04:14 PM org.springframework.beans.factory.xml.XmlBeanDefinitionReader loadBeanDefinitions
INFO: Loading XML bean definitions from class path resource [applicationContext.xml]
Oct 10, 2017 5:04:14 PM org.springframework.context.support.ClassPathXmlApplicationContext prepareRefresh
INFO: Refreshing org.springframework.context.support.ClassPathXmlApplicationContext@5832934f: startup date [Tue Oct 10 17:04:14 EDT 2017]; root of context hierarchy
Oct 10, 2017 5:04:14 PM org.springframework.beans.factory.xml.XmlBeanDefinitionReader loadBeanDefinitions
INFO: Loading XML bean definitions from class path resource [applicationContext.xml]
Oct 10, 2017 5:04:14 PM org.springframework.context.support.ClassPathXmlApplicationContext prepareRefresh
INFO: Refreshing org.springframework.context.support.ClassPathXmlApplicationContext@1951adc2: startup date [Tue Oct 10 17:04:14 EDT 2017]; root of context hierarchy
Oct 10, 2017 5:04:14 PM org.springframework.beans.factory.xml.XmlBeanDefinitionReader loadBeanDefinitions
INFO: Loading XML bean definitions from class path resource [applicationContext.xml]
Oct 10, 2017 5:04:14 PM org.springframework.context.support.ClassPathXmlApplicationContext prepareRefresh
INFO: Refreshing org.springframework.context.support.ClassPathXmlApplicationContext@5ce97be8: startup date [Tue Oct 10 17:04:14 EDT 2017]; root of context hierarchy
Oct 10, 2017 5:04:14 PM org.springframework.beans.factory.xml.XmlBeanDefinitionReader loadBeanDefinitions
INFO: Loading XML bean definitions from class path resource [applicationContext.xml]
Oct 10, 2017 5:04:14 PM org.springframework.context.support.ClassPathXmlApplicationContext prepareRefresh
INFO: Refreshing org.springframework.context.support.ClassPathXmlApplicationContext@34ad45e1: startup date [Tue Oct 10 17:04:14 EDT 2017]; root of context hierarchy
Oct 10, 2017 5:04:14 PM org.springframework.beans.factory.xml.XmlBeanDefinitionReader loadBeanDefinitions
INFO: Loading XML bean definitions from class path resource [applicationContext.xml]
Oct 10, 2017 5:04:14 PM org.springframework.context.support.ClassPathXmlApplicationContext prepareRefresh
INFO: Refreshing org.springframework.context.support.ClassPathXmlApplicationContext@72de5790: startup date [Tue Oct 10 17:04:14 EDT 2017]; root of context hierarchy
Oct 10, 2017 5:04:14 PM org.springframework.beans.factory.xml.XmlBeanDefinitionReader loadBeanDefinitions
INFO: Loading XML bean definitions from class path resource [applicationContext.xml]
Oct 10, 2017 5:04:14 PM org.springframework.context.support.ClassPathXmlApplicationContext prepareRefresh
INFO: Refreshing org.springframework.context.support.ClassPathXmlApplicationContext@3e52f3d6: startup date [Tue Oct 10 17:04:14 EDT 2017]; root of context hierarchy
Oct 10, 2017 5:04:14 PM org.springframework.beans.factory.xml.XmlBeanDefinitionReader loadBeanDefinitions
INFO: Loading XML bean definitions from class path resource [applicationContext.xml]
Oct 10, 2017 5:04:14 PM org.springframework.context.support.ClassPathXmlApplicationContext prepareRefresh
INFO: Refreshing org.springframework.context.support.ClassPathXmlApplicationContext@7a10b4ce: startup date [Tue Oct 10 17:04:14 EDT 2017]; root of context hierarchy
Oct 10, 2017 5:04:14 PM org.springframework.beans.factory.xml.XmlBeanDefinitionReader loadBeanDefinitions
INFO: Loading XML bean definitions from class path resource [applicationContext.xml]
Oct 10, 2017 5:04:14 PM org.springframework.context.support.ClassPathXmlApplicationContext prepareRefresh
INFO: Refreshing org.springframework.context.support.ClassPathXmlApplicationContext@318345f5: startup date [Tue Oct 10 17:04:14 EDT 2017]; root of context hierarchy
Oct 10, 2017 5:04:14 PM org.springframework.beans.factory.xml.XmlBeanDefinitionReader loadBeanDefinitions
INFO: Loading XML bean definitions from class path resource [applicationContext.xml]
Oct 10, 2017 5:04:14 PM org.springframework.context.support.ClassPathXmlApplicationContext prepareRefresh
INFO: Refreshing org.springframework.context.support.ClassPathXmlApplicationContext@71c50f3e: startup date [Tue Oct 10 17:04:14 EDT 2017]; root of context hierarchy
Oct 10, 2017 5:04:14 PM org.springframework.beans.factory.xml.XmlBeanDefinitionReader loadBeanDefinitions
INFO: Loading XML bean definitions from class path resource [applicationContext.xml]
Oct 10, 2017 5:04:14 PM org.springframework.context.support.ClassPathXmlApplicationContext prepareRefresh
INFO: Refreshing org.springframework.context.support.ClassPathXmlApplicationContext@65f421e4: startup date [Tue Oct 10 17:04:14 EDT 2017]; root of context hierarchy
Oct 10, 2017 5:04:14 PM org.springframework.beans.factory.xml.XmlBeanDefinitionReader loadBeanDefinitions
INFO: Loading XML bean definitions from class path resource [applicationContext.xml]
Oct 10, 2017 5:04:14 PM org.springframework.context.support.ClassPathXmlApplicationContext prepareRefresh
INFO: Refreshing org.springframework.context.support.ClassPathXmlApplicationContext@635e249f: startup date [Tue Oct 10 17:04:14 EDT 2017]; root of context hierarchy
Oct 10, 2017 5:04:14 PM org.springframework.beans.factory.xml.XmlBeanDefinitionReader loadBeanDefinitions
INFO: Loading XML bean definitions from class path resource [applicationContext.xml]
Oct 10, 2017 5:04:14 PM org.springframework.context.support.ClassPathXmlApplicationContext prepareRefresh
INFO: Refreshing org.springframework.context.support.ClassPathXmlApplicationContext@45bd0319: startup date [Tue Oct 10 17:04:14 EDT 2017]; root of context hierarchy
Oct 10, 2017 5:04:14 PM org.springframework.beans.factory.xml.XmlBeanDefinitionReader loadBeanDefinitions
INFO: Loading XML bean definitions from class path resource [applicationContext.xml]
Oct 10, 2017 5:04:14 PM org.springframework.context.support.ClassPathXmlApplicationContext prepareRefresh
INFO: Refreshing org.springframework.context.support.ClassPathXmlApplicationContext@5ae90bb8: startup date [Tue Oct 10 17:04:14 EDT 2017]; root of context hierarchy
Oct 10, 2017 5:04:14 PM org.springframework.beans.factory.xml.XmlBeanDefinitionReader loadBeanDefinitions
INFO: Loading XML bean definitions from class path resource [applicationContext.xml]
Oct 10, 2017 5:04:14 PM org.springframework.context.support.ClassPathXmlApplicationContext prepareRefresh
INFO: Refreshing org.springframework.context.support.ClassPathXmlApplicationContext@28922aa5: startup date [Tue Oct 10 17:04:14 EDT 2017]; root of context hierarchy
Oct 10, 2017 5:04:14 PM org.springframework.beans.factory.xml.XmlBeanDefinitionReader loadBeanDefinitions
INFO: Loading XML bean definitions from class path resource [applicationContext.xml]
Oct 10, 2017 5:04:14 PM org.springframework.context.support.ClassPathXmlApplicationContext prepareRefresh
INFO: Refreshing org.springframework.context.support.ClassPathXmlApplicationContext@5453f37a: startup date [Tue Oct 10 17:04:14 EDT 2017]; root of context hierarchy
Oct 10, 2017 5:04:14 PM org.springframework.beans.factory.xml.XmlBeanDefinitionReader loadBeanDefinitions
INFO: Loading XML bean definitions from class path resource [applicationContext.xml]
Oct 10, 2017 5:04:14 PM org.springframework.context.support.ClassPathXmlApplicationContext prepareRefresh
INFO: Refreshing org.springframework.context.support.ClassPathXmlApplicationContext@7e3489a3: startup date [Tue Oct 10 17:04:14 EDT 2017]; root of context hierarchy
Oct 10, 2017 5:04:14 PM org.springframework.beans.factory.xml.XmlBeanDefinitionReader loadBeanDefinitions
INFO: Loading XML bean definitions from class path resource [applicationContext.xml]
Oct 10, 2017 5:04:14 PM org.springframework.context.support.ClassPathXmlApplicationContext prepareRefresh
INFO: Refreshing org.springframework.context.support.ClassPathXmlApplicationContext@2910322d: startup date [Tue Oct 10 17:04:14 EDT 2017]; root of context hierarchy
Oct 10, 2017 5:04:14 PM org.springframework.beans.factory.xml.XmlBeanDefinitionReader loadBeanDefinitions
INFO: Loading XML bean definitions from class path resource [applicationContext.xml]
Oct 10, 2017 5:04:14 PM org.springframework.context.support.ClassPathXmlApplicationContext prepareRefresh
INFO: Refreshing org.springframework.context.support.ClassPathXmlApplicationContext@2aca4368: startup date [Tue Oct 10 17:04:14 EDT 2017]; root of context hierarchy
Oct 10, 2017 5:04:14 PM org.springframework.beans.factory.xml.XmlBeanDefinitionReader loadBeanDefinitions
INFO: Loading XML bean definitions from class path resource [applicationContext.xml]
Oct 10, 2017 5:04:14 PM org.springframework.context.support.ClassPathXmlApplicationContext prepareRefresh
INFO: Refreshing org.springframework.context.support.ClassPathXmlApplicationContext@36167f8e: startup date [Tue Oct 10 17:04:14 EDT 2017]; root of context hierarchy
Oct 10, 2017 5:04:14 PM org.springframework.beans.factory.xml.XmlBeanDefinitionReader loadBeanDefinitions
INFO: Loading XML bean definitions from class path resource [applicationContext.xml]
Oct 10, 2017 5:04:14 PM org.springframework.context.support.ClassPathXmlApplicationContext prepareRefresh
INFO: Refreshing org.springframework.context.support.ClassPathXmlApplicationContext@19628d64: startup date [Tue Oct 10 17:04:14 EDT 2017]; root of context hierarchy
Oct 10, 2017 5:04:14 PM org.springframework.beans.factory.xml.XmlBeanDefinitionReader loadBeanDefinitions
INFO: Loading XML bean definitions from class path resource [applicationContext.xml]
Oct 10, 2017 5:04:14 PM org.springframework.context.support.ClassPathXmlApplicationContext prepareRefresh
INFO: Refreshing org.springframework.context.support.ClassPathXmlApplicationContext@5b93413: startup date [Tue Oct 10 17:04:14 EDT 2017]; root of context hierarchy
Oct 10, 2017 5:04:14 PM org.springframework.beans.factory.xml.XmlBeanDefinitionReader loadBeanDefinitions
INFO: Loading XML bean definitions from class path resource [applicationContext.xml]
Oct 10, 2017 5:04:14 PM org.springframework.context.support.ClassPathXmlApplicationContext prepareRefresh
INFO: Refreshing org.springframework.context.support.ClassPathXmlApplicationContext@4a33e90: startup date [Tue Oct 10 17:04:14 EDT 2017]; root of context hierarchy
Oct 10, 2017 5:04:14 PM org.springframework.beans.factory.xml.XmlBeanDefinitionReader loadBeanDefinitions
INFO: Loading XML bean definitions from class path resource [applicationContext.xml]
Oct 10, 2017 5:04:14 PM org.springframework.context.support.ClassPathXmlApplicationContext prepareRefresh
INFO: Refreshing org.springframework.context.support.ClassPathXmlApplicationContext@9663746: startup date [Tue Oct 10 17:04:14 EDT 2017]; root of context hierarchy
Oct 10, 2017 5:04:14 PM org.springframework.beans.factory.xml.XmlBeanDefinitionReader loadBeanDefinitions
INFO: Loading XML bean definitions from class path resource [applicationContext.xml]
Oct 10, 2017 5:04:14 PM org.springframework.context.support.ClassPathXmlApplicationContext prepareRefresh
INFO: Refreshing org.springframework.context.support.ClassPathXmlApplicationContext@14f32b0b: startup date [Tue Oct 10 17:04:14 EDT 2017]; root of context hierarchy
Oct 10, 2017 5:04:14 PM org.springframework.beans.factory.xml.XmlBeanDefinitionReader loadBeanDefinitions
INFO: Loading XML bean definitions from class path resource [applicationContext.xml]
Oct 10, 2017 5:04:14 PM org.springframework.context.support.ClassPathXmlApplicationContext prepareRefresh
INFO: Refreshing org.springframework.context.support.ClassPathXmlApplicationContext@32d84209: startup date [Tue Oct 10 17:04:14 EDT 2017]; root of context hierarchy
Oct 10, 2017 5:04:14 PM org.springframework.beans.factory.xml.XmlBeanDefinitionReader loadBeanDefinitions
INFO: Loading XML bean definitions from class path resource [applicationContext.xml]
Oct 10, 2017 5:04:14 PM org.springframework.context.support.ClassPathXmlApplicationContext prepareRefresh
INFO: Refreshing org.springframework.context.support.ClassPathXmlApplicationContext@102f1cf5: startup date [Tue Oct 10 17:04:14 EDT 2017]; root of context hierarchy
Oct 10, 2017 5:04:14 PM org.springframework.beans.factory.xml.XmlBeanDefinitionReader loadBeanDefinitions
INFO: Loading XML bean definitions from class path resource [applicationContext.xml]
Oct 10, 2017 5:04:14 PM org.springframework.context.support.ClassPathXmlApplicationContext prepareRefresh
INFO: Refreshing org.springframework.context.support.ClassPathXmlApplicationContext@599b11: startup date [Tue Oct 10 17:04:14 EDT 2017]; root of context hierarchy
Oct 10, 2017 5:04:14 PM org.springframework.beans.factory.xml.XmlBeanDefinitionReader loadBeanDefinitions
INFO: Loading XML bean definitions from class path resource [applicationContext.xml]
Oct 10, 2017 5:04:14 PM org.springframework.context.support.ClassPathXmlApplicationContext prepareRefresh
INFO: Refreshing org.springframework.context.support.ClassPathXmlApplicationContext@17096a7b: startup date [Tue Oct 10 17:04:14 EDT 2017]; root of context hierarchy
Oct 10, 2017 5:04:14 PM org.springframework.beans.factory.xml.XmlBeanDefinitionReader loadBeanDefinitions
INFO: Loading XML bean definitions from class path resource [applicationContext.xml]
Oct 10, 2017 5:04:14 PM org.springframework.context.support.ClassPathXmlApplicationContext prepareRefresh
INFO: Refreshing org.springframework.context.support.ClassPathXmlApplicationContext@36694f06: startup date [Tue Oct 10 17:04:14 EDT 2017]; root of context hierarchy
Oct 10, 2017 5:04:14 PM org.springframework.beans.factory.xml.XmlBeanDefinitionReader loadBeanDefinitions
INFO: Loading XML bean definitions from class path resource [applicationContext.xml]
Oct 10, 2017 5:04:14 PM org.springframework.context.support.ClassPathXmlApplicationContext prepareRefresh
INFO: Refreshing org.springframework.context.support.ClassPathXmlApplicationContext@5861d715: startup date [Tue Oct 10 17:04:14 EDT 2017]; root of context hierarchy
Oct 10, 2017 5:04:14 PM org.springframework.beans.factory.xml.XmlBeanDefinitionReader loadBeanDefinitions
INFO: Loading XML bean definitions from class path resource [applicationContext.xml]
Oct 10, 2017 5:04:14 PM org.springframework.context.support.ClassPathXmlApplicationContext prepareRefresh
INFO: Refreshing org.springframework.context.support.ClassPathXmlApplicationContext@c0ddaca: startup date [Tue Oct 10 17:04:14 EDT 2017]; root of context hierarchy
Oct 10, 2017 5:04:14 PM org.springframework.beans.factory.xml.XmlBeanDefinitionReader loadBeanDefinitions
INFO: Loading XML bean definitions from class path resource [applicationContext.xml]
Oct 10, 2017 5:04:14 PM org.springframework.context.support.ClassPathXmlApplicationContext prepareRefresh
INFO: Refreshing org.springframework.context.support.ClassPathXmlApplicationContext@762e0b34: startup date [Tue Oct 10 17:04:14 EDT 2017]; root of context hierarchy
Oct 10, 2017 5:04:14 PM org.springframework.beans.factory.xml.XmlBeanDefinitionReader loadBeanDefinitions
INFO: Loading XML bean definitions from class path resource [applicationContext.xml]
Oct 10, 2017 5:04:14 PM org.springframework.context.support.ClassPathXmlApplicationContext prepareRefresh
INFO: Refreshing org.springframework.context.support.ClassPathXmlApplicationContext@10e17d3d: startup date [Tue Oct 10 17:04:14 EDT 2017]; root of context hierarchy
Oct 10, 2017 5:04:14 PM org.springframework.beans.factory.xml.XmlBeanDefinitionReader loadBeanDefinitions
INFO: Loading XML bean definitions from class path resource [applicationContext.xml]
Oct 10, 2017 5:04:14 PM org.springframework.context.support.ClassPathXmlApplicationContext prepareRefresh
INFO: Refreshing org.springframework.context.support.ClassPathXmlApplicationContext@3654d948: startup date [Tue Oct 10 17:04:14 EDT 2017]; root of context hierarchy
Oct 10, 2017 5:04:14 PM org.springframework.beans.factory.xml.XmlBeanDefinitionReader loadBeanDefinitions
INFO: Loading XML bean definitions from class path resource [applicationContext.xml]
Oct 10, 2017 5:04:14 PM org.springframework.context.support.ClassPathXmlApplicationContext prepareRefresh
INFO: Refreshing org.springframework.context.support.ClassPathXmlApplicationContext@1b0f0474: startup date [Tue Oct 10 17:04:14 EDT 2017]; root of context hierarchy
Oct 10, 2017 5:04:14 PM org.springframework.beans.factory.xml.XmlBeanDefinitionReader loadBeanDefinitions
INFO: Loading XML bean definitions from class path resource [applicationContext.xml]
Oct 10, 2017 5:04:14 PM org.springframework.context.support.ClassPathXmlApplicationContext prepareRefresh
INFO: Refreshing org.springframework.context.support.ClassPathXmlApplicationContext@1d23bc45: startup date [Tue Oct 10 17:04:14 EDT 2017]; root of context hierarchy
Oct 10, 2017 5:04:14 PM org.springframework.beans.factory.xml.XmlBeanDefinitionReader loadBeanDefinitions
INFO: Loading XML bean definitions from class path resource [applicationContext.xml]
Oct 10, 2017 5:04:14 PM org.springframework.context.support.ClassPathXmlApplicationContext prepareRefresh
INFO: Refreshing org.springframework.context.support.ClassPathXmlApplicationContext@2668f879: startup date [Tue Oct 10 17:04:14 EDT 2017]; root of context hierarchy
Oct 10, 2017 5:04:14 PM org.springframework.beans.factory.xml.XmlBeanDefinitionReader loadBeanDefinitions
INFO: Loading XML bean definitions from class path resource [applicationContext.xml]
</system-err>
  </testcase>
</testsuite>