<?xml version="1.0" encoding="UTF-8" ?>
<testsuite tests="2" failures="0" name="com.sg.flooringmastery.service.FMSetModeOfProgramTest" time="0" errors="2" skipped="0">
  <properties>
    <property name="java.runtime.name" value="Java(TM) SE Runtime Environment"/>
    <property name="sun.boot.library.path" value="C:\Program Files\Java\jdk1.8.0_131\jre\bin"/>
    <property name="java.vm.version" value="25.131-b11"/>
    <property name="java.vm.vendor" value="Oracle Corporation"/>
    <property name="maven.multiModuleProjectDirectory" value="C:\Users\connor\Documents\Programming\Repos\SoftwareGuild\connor-kelly-individual-work\FlooringMastery"/>
    <property name="java.vendor.url" value="http://java.oracle.com/"/>
    <property name="path.separator" value=";"/>
    <property name="guice.disable.misplaced.annotation.check" value="true"/>
    <property name="java.vm.name" value="Java HotSpot(TM) 64-Bit Server VM"/>
    <property name="file.encoding.pkg" value="sun.io"/>
    <property name="user.script" value=""/>
    <property name="user.country" value="US"/>
    <property name="sun.java.launcher" value="SUN_STANDARD"/>
    <property name="sun.os.patch.level" value=""/>
    <property name="java.vm.specification.name" value="Java Virtual Machine Specification"/>
    <property name="user.dir" value="C:\Users\connor\Documents\Programming\Repos\SoftwareGuild\connor-kelly-individual-work\FlooringMastery"/>
    <property name="java.runtime.version" value="1.8.0_131-b11"/>
    <property name="java.awt.graphicsenv" value="sun.awt.Win32GraphicsEnvironment"/>
    <property name="java.endorsed.dirs" value="C:\Program Files\Java\jdk1.8.0_131\jre\lib\endorsed"/>
    <property name="os.arch" value="amd64"/>
    <property name="java.io.tmpdir" value="C:\Users\connor\AppData\Local\Temp\"/>
    <property name="line.separator" value="
"/>
    <property name="java.vm.specification.vendor" value="Oracle Corporation"/>
    <property name="user.variant" value=""/>
    <property name="os.name" value="Windows 10"/>
    <property name="maven.ext.class.path" value="C:\Program Files\NetBeans 8.2\java\maven-nblib\netbeans-eventspy.jar"/>
    <property name="classworlds.conf" value="C:\Program Files\Apache Software Foundation\apache-maven-3.5.0\bin\..\bin\m2.conf"/>
    <property name="sun.jnu.encoding" value="Cp1252"/>
    <property name="java.library.path" value="C:\Program Files\Java\jdk1.8.0_131\bin;C:\WINDOWS\Sun\Java\bin;C:\WINDOWS\system32;C:\WINDOWS;C:\ProgramData\Oracle\Java\javapath;C:\Program Files\Microsoft MPI\Bin\;C:\Program Files (x86)\Intel\iCLS Client\;C:\Program Files\Intel\iCLS Client\;C:\WINDOWS\system32;C:\WINDOWS;C:\WINDOWS\System32\Wbem;C:\WINDOWS\System32\WindowsPowerShell\v1.0\;C:\Program Files\Intel\Intel(R) Management Engine Components\DAL;C:\Program Files\Intel\Intel(R) Management Engine Components\IPT;C:\Program Files (x86)\Intel\Intel(R) Management Engine Components\DAL;C:\Program Files (x86)\Intel\Intel(R) Management Engine Components\IPT;C:\Program Files\Intel\WiFi\bin\;C:\Program Files\Common Files\Intel\WirelessCommon\;C:\Python27;C:\Program Files\Anaconda3;C:\Program Files\Anaconda3\Scripts;C:\Program Files\Anaconda3\Library\bin;C:\Program Files (x86)\GtkSharp\2.12\bin;C:\Program Files\Java\jdk1.8.0_131\bin;C:\Program Files\Apache Software Foundation\apache-maven-3.5.0\bin;C:\Users\connor\AppData\Local\Microsoft\WindowsApps;;C:\Program Files\Microsoft VS Code\bin;."/>
    <property name="maven.conf" value="C:\Program Files\Apache Software Foundation\apache-maven-3.5.0\bin\../conf"/>
    <property name="java.specification.name" value="Java Platform API Specification"/>
    <property name="java.class.version" value="52.0"/>
    <property name="sun.management.compiler" value="HotSpot 64-Bit Tiered Compilers"/>
    <property name="os.version" value="10.0"/>
    <property name="library.jansi.path" value="C:\Program Files\Apache Software Foundation\apache-maven-3.5.0\bin\..\lib\jansi-native\windows64"/>
    <property name="user.home" value="C:\Users\connor"/>
    <property name="user.timezone" value="America/New_York"/>
    <property name="java.awt.printerjob" value="sun.awt.windows.WPrinterJob"/>
    <property name="java.specification.version" value="1.8"/>
    <property name="file.encoding" value="UTF-8"/>
    <property name="user.name" value="connor"/>
    <property name="java.class.path" value="C:\Program Files\Apache Software Foundation\apache-maven-3.5.0\bin\..\boot\plexus-classworlds-2.5.2.jar"/>
    <property name="java.vm.specification.version" value="1.8"/>
    <property name="sun.arch.data.model" value="64"/>
    <property name="java.home" value="C:\Program Files\Java\jdk1.8.0_131\jre"/>
    <property name="sun.java.command" value="org.codehaus.plexus.classworlds.launcher.Launcher -Dmaven.ext.class.path=C:\Program Files\NetBeans 8.2\java\maven-nblib\netbeans-eventspy.jar -Dfile.encoding=UTF-8 clean install"/>
    <property name="java.specification.vendor" value="Oracle Corporation"/>
    <property name="user.language" value="en"/>
    <property name="awt.toolkit" value="sun.awt.windows.WToolkit"/>
    <property name="java.vm.info" value="mixed mode"/>
    <property name="java.version" value="1.8.0_131"/>
    <property name="java.ext.dirs" value="C:\Program Files\Java\jdk1.8.0_131\jre\lib\ext;C:\WINDOWS\Sun\Java\lib\ext"/>
    <property name="sun.boot.class.path" value="C:\Program Files\Java\jdk1.8.0_131\jre\lib\resources.jar;C:\Program Files\Java\jdk1.8.0_131\jre\lib\rt.jar;C:\Program Files\Java\jdk1.8.0_131\jre\lib\sunrsasign.jar;C:\Program Files\Java\jdk1.8.0_131\jre\lib\jsse.jar;C:\Program Files\Java\jdk1.8.0_131\jre\lib\jce.jar;C:\Program Files\Java\jdk1.8.0_131\jre\lib\charsets.jar;C:\Program Files\Java\jdk1.8.0_131\jre\lib\jfr.jar;C:\Program Files\Java\jdk1.8.0_131\jre\classes"/>
    <property name="java.vendor" value="Oracle Corporation"/>
    <property name="maven.home" value="C:\Program Files\Apache Software Foundation\apache-maven-3.5.0\bin\.."/>
    <property name="file.separator" value="\"/>
    <property name="java.vendor.url.bug" value="http://bugreport.sun.com/bugreport/"/>
    <property name="sun.cpu.endian" value="little"/>
    <property name="sun.io.unicode.encoding" value="UnicodeLittle"/>
    <property name="sun.desktop" value="windows"/>
    <property name="sun.cpu.isalist" value="amd64"/>
  </properties>
  <testcase classname="com.sg.flooringmastery.service.FMSetModeOfProgramTest" name="testSetModeOfOrderNumDao" time="0">
    <error message="org.springframework.beans.FatalBeanException" type="java.lang.NoClassDefFoundError">java.lang.NoClassDefFoundError: org.springframework.beans.FatalBeanException
	at org.springframework.beans.factory.support.AbstractAutowireCapableBeanFactory.instantiateBean(AbstractAutowireCapableBeanFactory.java:1154)
	at org.springframework.beans.factory.support.AbstractAutowireCapableBeanFactory.createBeanInstance(AbstractAutowireCapableBeanFactory.java:1099)
	at org.springframework.beans.factory.support.AbstractAutowireCapableBeanFactory.doCreateBean(AbstractAutowireCapableBeanFactory.java:513)
	at org.springframework.beans.factory.support.AbstractAutowireCapableBeanFactory.createBean(AbstractAutowireCapableBeanFactory.java:483)
	at org.springframework.beans.factory.support.AbstractBeanFactory$1.getObject(AbstractBeanFactory.java:306)
	at org.springframework.beans.factory.support.DefaultSingletonBeanRegistry.getSingleton(DefaultSingletonBeanRegistry.java:230)
	at org.springframework.beans.factory.support.AbstractBeanFactory.doGetBean(AbstractBeanFactory.java:302)
	at org.springframework.beans.factory.support.AbstractBeanFactory.getBean(AbstractBeanFactory.java:197)
	at org.springframework.beans.factory.support.DefaultListableBeanFactory.preInstantiateSingletons(DefaultListableBeanFactory.java:761)
	at org.springframework.context.support.AbstractApplicationContext.finishBeanFactoryInitialization(AbstractApplicationContext.java:867)
	at org.springframework.context.support.AbstractApplicationContext.refresh(AbstractApplicationContext.java:543)
	at org.springframework.context.support.ClassPathXmlApplicationContext.&lt;init&gt;(ClassPathXmlApplicationContext.java:139)
	at org.springframework.context.support.ClassPathXmlApplicationContext.&lt;init&gt;(ClassPathXmlApplicationContext.java:83)
	at com.sg.flooringmastery.service.FMSetModeOfProgramTest.&lt;init&gt;(FMSetModeOfProgramTest.java:24)
	at sun.reflect.NativeConstructorAccessorImpl.newInstance0(Native Method)
	at sun.reflect.NativeConstructorAccessorImpl.newInstance(NativeConstructorAccessorImpl.java:62)
	at sun.reflect.DelegatingConstructorAccessorImpl.newInstance(DelegatingConstructorAccessorImpl.java:45)
	at java.lang.reflect.Constructor.newInstance(Constructor.java:423)
	at org.junit.runners.BlockJUnit4ClassRunner.createTest(BlockJUnit4ClassRunner.java:217)
	at org.junit.runners.BlockJUnit4ClassRunner$1.runReflectiveCall(BlockJUnit4ClassRunner.java:266)
	at org.junit.internal.runners.model.ReflectiveCallable.run(ReflectiveCallable.java:12)
	at org.junit.runners.BlockJUnit4ClassRunner.methodBlock(BlockJUnit4ClassRunner.java:263)
	at org.junit.runners.BlockJUnit4ClassRunner.runChild(BlockJUnit4ClassRunner.java:78)
	at org.junit.runners.BlockJUnit4ClassRunner.runChild(BlockJUnit4ClassRunner.java:57)
	at org.junit.runners.ParentRunner$3.run(ParentRunner.java:290)
	at org.junit.runners.ParentRunner$1.schedule(ParentRunner.java:71)
	at org.junit.runners.ParentRunner.runChildren(ParentRunner.java:288)
	at org.junit.runners.ParentRunner.access$000(ParentRunner.java:58)
	at org.junit.runners.ParentRunner$2.evaluate(ParentRunner.java:268)
	at org.junit.runners.ParentRunner.run(ParentRunner.java:363)
	at org.apache.maven.surefire.junit4.JUnit4Provider.execute(JUnit4Provider.java:252)
	at org.apache.maven.surefire.junit4.JUnit4Provider.executeTestSet(JUnit4Provider.java:141)
	at org.apache.maven.surefire.junit4.JUnit4Provider.invoke(JUnit4Provider.java:112)
	at sun.reflect.NativeMethodAccessorImpl.invoke0(Native Method)
	at sun.reflect.NativeMethodAccessorImpl.invoke(NativeMethodAccessorImpl.java:62)
	at sun.reflect.DelegatingMethodAccessorImpl.invoke(DelegatingMethodAccessorImpl.java:43)
	at java.lang.reflect.Method.invoke(Method.java:498)
	at org.apache.maven.surefire.util.ReflectionUtils.invokeMethodWithArray(ReflectionUtils.java:189)
	at org.apache.maven.surefire.booter.ProviderFactory$ProviderProxy.invoke(ProviderFactory.java:165)
	at org.apache.maven.surefire.booter.ProviderFactory.invokeProvider(ProviderFactory.java:85)
	at org.apache.maven.surefire.booter.ForkedBooter.runSuitesInProcess(ForkedBooter.java:115)
	at org.apache.maven.surefire.booter.ForkedBooter.main(ForkedBooter.java:75)
</error>
    <system-err>Oct 10, 2017 5:06:34 PM org.springframework.context.support.ClassPathXmlApplicationContext prepareRefresh
INFO: Refreshing org.springframework.context.support.ClassPathXmlApplicationContext@7bb2e98c: startup date [Tue Oct 10 17:06:34 EDT 2017]; root of context hierarchy
Oct 10, 2017 5:06:34 PM org.springframework.beans.factory.xml.XmlBeanDefinitionReader loadBeanDefinitions
INFO: Loading XML bean definitions from class path resource [applicationContext.xml]
Oct 10, 2017 5:06:34 PM org.springframework.context.support.ClassPathXmlApplicationContext prepareRefresh
INFO: Refreshing org.springframework.context.support.ClassPathXmlApplicationContext@611d548d: startup date [Tue Oct 10 17:06:34 EDT 2017]; root of context hierarchy
Oct 10, 2017 5:06:34 PM org.springframework.beans.factory.xml.XmlBeanDefinitionReader loadBeanDefinitions
INFO: Loading XML bean definitions from class path resource [applicationContext.xml]
Oct 10, 2017 5:06:34 PM org.springframework.context.support.ClassPathXmlApplicationContext prepareRefresh
INFO: Refreshing org.springframework.context.support.ClassPathXmlApplicationContext@35a9c6b0: startup date [Tue Oct 10 17:06:34 EDT 2017]; root of context hierarchy
Oct 10, 2017 5:06:34 PM org.springframework.beans.factory.xml.XmlBeanDefinitionReader loadBeanDefinitions
INFO: Loading XML bean definitions from class path resource [applicationContext.xml]
Oct 10, 2017 5:06:34 PM org.springframework.context.support.ClassPathXmlApplicationContext prepareRefresh
INFO: Refreshing org.springframework.context.support.ClassPathXmlApplicationContext@1d7d7b5b: startup date [Tue Oct 10 17:06:34 EDT 2017]; root of context hierarchy
Oct 10, 2017 5:06:34 PM org.springframework.beans.factory.xml.XmlBeanDefinitionReader loadBeanDefinitions
INFO: Loading XML bean definitions from class path resource [applicationContext.xml]
Oct 10, 2017 5:06:34 PM org.springframework.context.support.ClassPathXmlApplicationContext prepareRefresh
INFO: Refreshing org.springframework.context.support.ClassPathXmlApplicationContext@64544fdf: startup date [Tue Oct 10 17:06:34 EDT 2017]; root of context hierarchy
Oct 10, 2017 5:06:34 PM org.springframework.beans.factory.xml.XmlBeanDefinitionReader loadBeanDefinitions
INFO: Loading XML bean definitions from class path resource [applicationContext.xml]
Oct 10, 2017 5:06:34 PM org.springframework.context.support.ClassPathXmlApplicationContext prepareRefresh
INFO: Refreshing org.springframework.context.support.ClassPathXmlApplicationContext@4bb0b663: startup date [Tue Oct 10 17:06:34 EDT 2017]; root of context hierarchy
Oct 10, 2017 5:06:34 PM org.springframework.beans.factory.xml.XmlBeanDefinitionReader loadBeanDefinitions
INFO: Loading XML bean definitions from class path resource [applicationContext.xml]
Oct 10, 2017 5:06:34 PM org.springframework.context.support.ClassPathXmlApplicationContext prepareRefresh
INFO: Refreshing org.springframework.context.support.ClassPathXmlApplicationContext@7bd4d586: startup date [Tue Oct 10 17:06:34 EDT 2017]; root of context hierarchy
Oct 10, 2017 5:06:34 PM org.springframework.beans.factory.xml.XmlBeanDefinitionReader loadBeanDefinitions
INFO: Loading XML bean definitions from class path resource [applicationContext.xml]
Oct 10, 2017 5:06:34 PM org.springframework.context.support.ClassPathXmlApplicationContext prepareRefresh
INFO: Refreshing org.springframework.context.support.ClassPathXmlApplicationContext@5ad2e904: startup date [Tue Oct 10 17:06:34 EDT 2017]; root of context hierarchy
Oct 10, 2017 5:06:34 PM org.springframework.beans.factory.xml.XmlBeanDefinitionReader loadBeanDefinitions
INFO: Loading XML bean definitions from class path resource [applicationContext.xml]
Oct 10, 2017 5:06:34 PM org.springframework.context.support.ClassPathXmlApplicationContext prepareRefresh
INFO: Refreshing org.springframework.context.support.ClassPathXmlApplicationContext@23431d88: startup date [Tue Oct 10 17:06:34 EDT 2017]; root of context hierarchy
Oct 10, 2017 5:06:34 PM org.springframework.beans.factory.xml.XmlBeanDefinitionReader loadBeanDefinitions
INFO: Loading XML bean definitions from class path resource [applicationContext.xml]
Oct 10, 2017 5:06:34 PM org.springframework.context.support.ClassPathXmlApplicationContext prepareRefresh
INFO: Refreshing org.springframework.context.support.ClassPathXmlApplicationContext@5c1d5e18: startup date [Tue Oct 10 17:06:34 EDT 2017]; root of context hierarchy
Oct 10, 2017 5:06:34 PM org.springframework.beans.factory.xml.XmlBeanDefinitionReader loadBeanDefinitions
INFO: Loading XML bean definitions from class path resource [applicationContext.xml]
Oct 10, 2017 5:06:34 PM org.springframework.context.support.ClassPathXmlApplicationContext prepareRefresh
INFO: Refreshing org.springframework.context.support.ClassPathXmlApplicationContext@17cf5e57: startup date [Tue Oct 10 17:06:34 EDT 2017]; root of context hierarchy
Oct 10, 2017 5:06:34 PM org.springframework.beans.factory.xml.XmlBeanDefinitionReader loadBeanDefinitions
INFO: Loading XML bean definitions from class path resource [applicationContext.xml]
Oct 10, 2017 5:06:34 PM org.springframework.context.support.ClassPathXmlApplicationContext prepareRefresh
INFO: Refreshing org.springframework.context.support.ClassPathXmlApplicationContext@52cefdb6: startup date [Tue Oct 10 17:06:34 EDT 2017]; root of context hierarchy
Oct 10, 2017 5:06:34 PM org.springframework.beans.factory.xml.XmlBeanDefinitionReader loadBeanDefinitions
INFO: Loading XML bean definitions from class path resource [applicationContext.xml]
Oct 10, 2017 5:06:34 PM org.springframework.context.support.ClassPathXmlApplicationContext prepareRefresh
INFO: Refreshing org.springframework.context.support.ClassPathXmlApplicationContext@65ef9f31: startup date [Tue Oct 10 17:06:34 EDT 2017]; root of context hierarchy
Oct 10, 2017 5:06:34 PM org.springframework.beans.factory.xml.XmlBeanDefinitionReader loadBeanDefinitions
INFO: Loading XML bean definitions from class path resource [applicationContext.xml]
Oct 10, 2017 5:06:34 PM org.springframework.context.support.ClassPathXmlApplicationContext prepareRefresh
INFO: Refreshing org.springframework.context.support.ClassPathXmlApplicationContext@1b708c47: startup date [Tue Oct 10 17:06:34 EDT 2017]; root of context hierarchy
Oct 10, 2017 5:06:34 PM org.springframework.beans.factory.xml.XmlBeanDefinitionReader loadBeanDefinitions
INFO: Loading XML bean definitions from class path resource [applicationContext.xml]
Oct 10, 2017 5:06:34 PM org.springframework.context.support.ClassPathXmlApplicationContext prepareRefresh
INFO: Refreshing org.springframework.context.support.ClassPathXmlApplicationContext@43605cc5: startup date [Tue Oct 10 17:06:34 EDT 2017]; root of context hierarchy
Oct 10, 2017 5:06:34 PM org.springframework.beans.factory.xml.XmlBeanDefinitionReader loadBeanDefinitions
INFO: Loading XML bean definitions from class path resource [applicationContext.xml]
Oct 10, 2017 5:06:34 PM org.springframework.context.support.ClassPathXmlApplicationContext prepareRefresh
INFO: Refreshing org.springframework.context.support.ClassPathXmlApplicationContext@345ff126: startup date [Tue Oct 10 17:06:34 EDT 2017]; root of context hierarchy
Oct 10, 2017 5:06:34 PM org.springframework.beans.factory.xml.XmlBeanDefinitionReader loadBeanDefinitions
INFO: Loading XML bean definitions from class path resource [applicationContext.xml]
Oct 10, 2017 5:06:34 PM org.springframework.context.support.ClassPathXmlApplicationContext prepareRefresh
INFO: Refreshing org.springframework.context.support.ClassPathXmlApplicationContext@1aa5113f: startup date [Tue Oct 10 17:06:34 EDT 2017]; root of context hierarchy
Oct 10, 2017 5:06:34 PM org.springframework.beans.factory.xml.XmlBeanDefinitionReader loadBeanDefinitions
INFO: Loading XML bean definitions from class path resource [applicationContext.xml]
Oct 10, 2017 5:06:34 PM org.springframework.context.support.ClassPathXmlApplicationContext prepareRefresh
INFO: Refreshing org.springframework.context.support.ClassPathXmlApplicationContext@3671cfdd: startup date [Tue Oct 10 17:06:34 EDT 2017]; root of context hierarchy
Oct 10, 2017 5:06:34 PM org.springframework.beans.factory.xml.XmlBeanDefinitionReader loadBeanDefinitions
INFO: Loading XML bean definitions from class path resource [applicationContext.xml]
Oct 10, 2017 5:06:34 PM org.springframework.context.support.ClassPathXmlApplicationContext prepareRefresh
INFO: Refreshing org.springframework.context.support.ClassPathXmlApplicationContext@1487af24: startup date [Tue Oct 10 17:06:34 EDT 2017]; root of context hierarchy
Oct 10, 2017 5:06:34 PM org.springframework.beans.factory.xml.XmlBeanDefinitionReader loadBeanDefinitions
INFO: Loading XML bean definitions from class path resource [applicationContext.xml]
Oct 10, 2017 5:06:34 PM org.springframework.context.support.ClassPathXmlApplicationContext prepareRefresh
INFO: Refreshing org.springframework.context.support.ClassPathXmlApplicationContext@7000c623: startup date [Tue Oct 10 17:06:34 EDT 2017]; root of context hierarchy
Oct 10, 2017 5:06:34 PM org.springframework.beans.factory.xml.XmlBeanDefinitionReader loadBeanDefinitions
INFO: Loading XML bean definitions from class path resource [applicationContext.xml]
Oct 10, 2017 5:06:34 PM org.springframework.context.support.ClassPathXmlApplicationContext prepareRefresh
INFO: Refreshing org.springframework.context.support.ClassPathXmlApplicationContext@3bb6bc65: startup date [Tue Oct 10 17:06:34 EDT 2017]; root of context hierarchy
Oct 10, 2017 5:06:34 PM org.springframework.beans.factory.xml.XmlBeanDefinitionReader loadBeanDefinitions
INFO: Loading XML bean definitions from class path resource [applicationContext.xml]
Oct 10, 2017 5:06:34 PM org.springframework.context.support.ClassPathXmlApplicationContext prepareRefresh
INFO: Refreshing org.springframework.context.support.ClassPathXmlApplicationContext@2dc2540e: startup date [Tue Oct 10 17:06:34 EDT 2017]; root of context hierarchy
Oct 10, 2017 5:06:34 PM org.springframework.beans.factory.xml.XmlBeanDefinitionReader loadBeanDefinitions
INFO: Loading XML bean definitions from class path resource [applicationContext.xml]
Oct 10, 2017 5:06:34 PM org.springframework.context.support.ClassPathXmlApplicationContext prepareRefresh
INFO: Refreshing org.springframework.context.support.ClassPathXmlApplicationContext@3bf0e241: startup date [Tue Oct 10 17:06:34 EDT 2017]; root of context hierarchy
Oct 10, 2017 5:06:34 PM org.springframework.beans.factory.xml.XmlBeanDefinitionReader loadBeanDefinitions
INFO: Loading XML bean definitions from class path resource [applicationContext.xml]
Oct 10, 2017 5:06:34 PM org.springframework.context.support.ClassPathXmlApplicationContext prepareRefresh
INFO: Refreshing org.springframework.context.support.ClassPathXmlApplicationContext@4db8b20d: startup date [Tue Oct 10 17:06:34 EDT 2017]; root of context hierarchy
Oct 10, 2017 5:06:34 PM org.springframework.beans.factory.xml.XmlBeanDefinitionReader loadBeanDefinitions
INFO: Loading XML bean definitions from class path resource [applicationContext.xml]
Oct 10, 2017 5:06:34 PM org.springframework.context.support.ClassPathXmlApplicationContext prepareRefresh
INFO: Refreshing org.springframework.context.support.ClassPathXmlApplicationContext@38128fd1: startup date [Tue Oct 10 17:06:34 EDT 2017]; root of context hierarchy
Oct 10, 2017 5:06:34 PM org.springframework.beans.factory.xml.XmlBeanDefinitionReader loadBeanDefinitions
INFO: Loading XML bean definitions from class path resource [applicationContext.xml]
Oct 10, 2017 5:06:34 PM org.springframework.context.support.ClassPathXmlApplicationContext prepareRefresh
INFO: Refreshing org.springframework.context.support.ClassPathXmlApplicationContext@5459c217: startup date [Tue Oct 10 17:06:34 EDT 2017]; root of context hierarchy
Oct 10, 2017 5:06:34 PM org.springframework.beans.factory.xml.XmlBeanDefinitionReader loadBeanDefinitions
INFO: Loading XML bean definitions from class path resource [applicationContext.xml]
Oct 10, 2017 5:06:34 PM org.springframework.context.support.ClassPathXmlApplicationContext prepareRefresh
INFO: Refreshing org.springframework.context.support.ClassPathXmlApplicationContext@7a7fabb3: startup date [Tue Oct 10 17:06:34 EDT 2017]; root of context hierarchy
Oct 10, 2017 5:06:34 PM org.springframework.beans.factory.xml.XmlBeanDefinitionReader loadBeanDefinitions
INFO: Loading XML bean definitions from class path resource [applicationContext.xml]
Oct 10, 2017 5:06:34 PM org.springframework.context.support.ClassPathXmlApplicationContext prepareRefresh
INFO: Refreshing org.springframework.context.support.ClassPathXmlApplicationContext@13028a35: startup date [Tue Oct 10 17:06:34 EDT 2017]; root of context hierarchy
Oct 10, 2017 5:06:34 PM org.springframework.beans.factory.xml.XmlBeanDefinitionReader loadBeanDefinitions
INFO: Loading XML bean definitions from class path resource [applicationContext.xml]
Oct 10, 2017 5:06:34 PM org.springframework.context.support.ClassPathXmlApplicationContext prepareRefresh
INFO: Refreshing org.springframework.context.support.ClassPathXmlApplicationContext@668e321c: startup date [Tue Oct 10 17:06:34 EDT 2017]; root of context hierarchy
Oct 10, 2017 5:06:34 PM org.springframework.beans.factory.xml.XmlBeanDefinitionReader loadBeanDefinitions
INFO: Loading XML bean definitions from class path resource [applicationContext.xml]
Oct 10, 2017 5:06:34 PM org.springframework.context.support.ClassPathXmlApplicationContext prepareRefresh
INFO: Refreshing org.springframework.context.support.ClassPathXmlApplicationContext@2676962b: startup date [Tue Oct 10 17:06:34 EDT 2017]; root of context hierarchy
Oct 10, 2017 5:06:34 PM org.springframework.beans.factory.xml.XmlBeanDefinitionReader loadBeanDefinitions
INFO: Loading XML bean definitions from class path resource [applicationContext.xml]
Oct 10, 2017 5:06:34 PM org.springframework.context.support.ClassPathXmlApplicationContext prepareRefresh
INFO: Refreshing org.springframework.context.support.ClassPathXmlApplicationContext@163ed44b: startup date [Tue Oct 10 17:06:34 EDT 2017]; root of context hierarchy
Oct 10, 2017 5:06:34 PM org.springframework.beans.factory.xml.XmlBeanDefinitionReader loadBeanDefinitions
INFO: Loading XML bean definitions from class path resource [applicationContext.xml]
Oct 10, 2017 5:06:34 PM org.springframework.context.support.ClassPathXmlApplicationContext prepareRefresh
INFO: Refreshing org.springframework.context.support.ClassPathXmlApplicationContext@2c644423: startup date [Tue Oct 10 17:06:34 EDT 2017]; root of context hierarchy
Oct 10, 2017 5:06:34 PM org.springframework.beans.factory.xml.XmlBeanDefinitionReader loadBeanDefinitions
INFO: Loading XML bean definitions from class path resource [applicationContext.xml]
Oct 10, 2017 5:06:34 PM org.springframework.context.support.ClassPathXmlApplicationContext prepareRefresh
INFO: Refreshing org.springframework.context.support.ClassPathXmlApplicationContext@2d0cd048: startup date [Tue Oct 10 17:06:34 EDT 2017]; root of context hierarchy
Oct 10, 2017 5:06:34 PM org.springframework.beans.factory.xml.XmlBeanDefinitionReader loadBeanDefinitions
INFO: Loading XML bean definitions from class path resource [applicationContext.xml]
Oct 10, 2017 5:06:34 PM org.springframework.context.support.ClassPathXmlApplicationContext prepareRefresh
INFO: Refreshing org.springframework.context.support.ClassPathXmlApplicationContext@368734fd: startup date [Tue Oct 10 17:06:34 EDT 2017]; root of context hierarchy
Oct 10, 2017 5:06:34 PM org.springframework.beans.factory.xml.XmlBeanDefinitionReader loadBeanDefinitions
INFO: Loading XML bean definitions from class path resource [applicationContext.xml]
Oct 10, 2017 5:06:34 PM org.springframework.context.support.ClassPathXmlApplicationContext prepareRefresh
INFO: Refreshing org.springframework.context.support.ClassPathXmlApplicationContext@7f9efd76: startup date [Tue Oct 10 17:06:34 EDT 2017]; root of context hierarchy
Oct 10, 2017 5:06:34 PM org.springframework.beans.factory.xml.XmlBeanDefinitionReader loadBeanDefinitions
INFO: Loading XML bean definitions from class path resource [applicationContext.xml]
Oct 10, 2017 5:06:34 PM org.springframework.context.support.ClassPathXmlApplicationContext prepareRefresh
INFO: Refreshing org.springframework.context.support.ClassPathXmlApplicationContext@4fa2a7ba: startup date [Tue Oct 10 17:06:34 EDT 2017]; root of context hierarchy
Oct 10, 2017 5:06:34 PM org.springframework.beans.factory.xml.XmlBeanDefinitionReader loadBeanDefinitions
INFO: Loading XML bean definitions from class path resource [applicationContext.xml]
Oct 10, 2017 5:06:34 PM org.springframework.context.support.ClassPathXmlApplicationContext prepareRefresh
INFO: Refreshing org.springframework.context.support.ClassPathXmlApplicationContext@7b5ec5d4: startup date [Tue Oct 10 17:06:34 EDT 2017]; root of context hierarchy
Oct 10, 2017 5:06:34 PM org.springframework.beans.factory.xml.XmlBeanDefinitionReader loadBeanDefinitions
INFO: Loading XML bean definitions from class path resource [applicationContext.xml]
Oct 10, 2017 5:06:34 PM org.springframework.context.support.ClassPathXmlApplicationContext prepareRefresh
INFO: Refreshing org.springframework.context.support.ClassPathXmlApplicationContext@ef122db: startup date [Tue Oct 10 17:06:34 EDT 2017]; root of context hierarchy
Oct 10, 2017 5:06:34 PM org.springframework.beans.factory.xml.XmlBeanDefinitionReader loadBeanDefinitions
INFO: Loading XML bean definitions from class path resource [applicationContext.xml]
Oct 10, 2017 5:06:34 PM org.springframework.context.support.ClassPathXmlApplicationContext prepareRefresh
INFO: Refreshing org.springframework.context.support.ClassPathXmlApplicationContext@52766883: startup date [Tue Oct 10 17:06:34 EDT 2017]; root of context hierarchy
Oct 10, 2017 5:06:34 PM org.springframework.beans.factory.xml.XmlBeanDefinitionReader loadBeanDefinitions
INFO: Loading XML bean definitions from class path resource [applicationContext.xml]
Oct 10, 2017 5:06:34 PM org.springframework.context.support.ClassPathXmlApplicationContext prepareRefresh
INFO: Refreshing org.springframework.context.support.ClassPathXmlApplicationContext@1988abc0: startup date [Tue Oct 10 17:06:34 EDT 2017]; root of context hierarchy
Oct 10, 2017 5:06:34 PM org.springframework.beans.factory.xml.XmlBeanDefinitionReader loadBeanDefinitions
INFO: Loading XML bean definitions from class path resource [applicationContext.xml]
Oct 10, 2017 5:06:34 PM org.springframework.context.support.ClassPathXmlApplicationContext prepareRefresh
INFO: Refreshing org.springframework.context.support.ClassPathXmlApplicationContext@50cce02d: startup date [Tue Oct 10 17:06:34 EDT 2017]; root of context hierarchy
Oct 10, 2017 5:06:34 PM org.springframework.beans.factory.xml.XmlBeanDefinitionReader loadBeanDefinitions
INFO: Loading XML bean definitions from class path resource [applicationContext.xml]
Oct 10, 2017 5:06:34 PM org.springframework.context.support.ClassPathXmlApplicationContext prepareRefresh
INFO: Refreshing org.springframework.context.support.ClassPathXmlApplicationContext@35799d09: startup date [Tue Oct 10 17:06:34 EDT 2017]; root of context hierarchy
Oct 10, 2017 5:06:34 PM org.springframework.beans.factory.xml.XmlBeanDefinitionReader loadBeanDefinitions
INFO: Loading XML bean definitions from class path resource [applicationContext.xml]
Oct 10, 2017 5:06:34 PM org.springframework.context.support.ClassPathXmlApplicationContext prepareRefresh
INFO: Refreshing org.springframework.context.support.ClassPathXmlApplicationContext@4112044f: startup date [Tue Oct 10 17:06:34 EDT 2017]; root of context hierarchy
Oct 10, 2017 5:06:34 PM org.springframework.beans.factory.xml.XmlBeanDefinitionReader loadBeanDefinitions
INFO: Loading XML bean definitions from class path resource [applicationContext.xml]
Oct 10, 2017 5:06:34 PM org.springframework.context.support.ClassPathXmlApplicationContext prepareRefresh
INFO: Refreshing org.springframework.context.support.ClassPathXmlApplicationContext@23e4683d: startup date [Tue Oct 10 17:06:34 EDT 2017]; root of context hierarchy
Oct 10, 2017 5:06:35 PM org.springframework.beans.factory.xml.XmlBeanDefinitionReader loadBeanDefinitions
INFO: Loading XML bean definitions from class path resource [applicationContext.xml]
Oct 10, 2017 5:06:35 PM org.springframework.context.support.ClassPathXmlApplicationContext prepareRefresh
INFO: Refreshing org.springframework.context.support.ClassPathXmlApplicationContext@77b35a3c: startup date [Tue Oct 10 17:06:35 EDT 2017]; root of context hierarchy
Oct 10, 2017 5:06:35 PM org.springframework.beans.factory.xml.XmlBeanDefinitionReader loadBeanDefinitions
INFO: Loading XML bean definitions from class path resource [applicationContext.xml]
Oct 10, 2017 5:06:35 PM org.springframework.context.support.ClassPathXmlApplicationContext prepareRefresh
INFO: Refreshing org.springframework.context.support.ClassPathXmlApplicationContext@24970dad: startup date [Tue Oct 10 17:06:35 EDT 2017]; root of context hierarchy
Oct 10, 2017 5:06:35 PM org.springframework.beans.factory.xml.XmlBeanDefinitionReader loadBeanDefinitions
INFO: Loading XML bean definitions from class path resource [applicationContext.xml]
Oct 10, 2017 5:06:35 PM org.springframework.context.support.ClassPathXmlApplicationContext prepareRefresh
INFO: Refreshing org.springframework.context.support.ClassPathXmlApplicationContext@8728842: startup date [Tue Oct 10 17:06:35 EDT 2017]; root of context hierarchy
Oct 10, 2017 5:06:35 PM org.springframework.beans.factory.xml.XmlBeanDefinitionReader loadBeanDefinitions
INFO: Loading XML bean definitions from class path resource [applicationContext.xml]
Oct 10, 2017 5:06:35 PM org.springframework.context.support.ClassPathXmlApplicationContext prepareRefresh
INFO: Refreshing org.springframework.context.support.ClassPathXmlApplicationContext@35773c52: startup date [Tue Oct 10 17:06:35 EDT 2017]; root of context hierarchy
Oct 10, 2017 5:06:35 PM org.springframework.beans.factory.xml.XmlBeanDefinitionReader loadBeanDefinitions
INFO: Loading XML bean definitions from class path resource [applicationContext.xml]
Oct 10, 2017 5:06:35 PM org.springframework.context.support.ClassPathXmlApplicationContext prepareRefresh
INFO: Refreshing org.springframework.context.support.ClassPathXmlApplicationContext@59b14506: startup date [Tue Oct 10 17:06:35 EDT 2017]; root of context hierarchy
Oct 10, 2017 5:06:35 PM org.springframework.beans.factory.xml.XmlBeanDefinitionReader loadBeanDefinitions
INFO: Loading XML bean definitions from class path resource [applicationContext.xml]
Oct 10, 2017 5:06:35 PM org.springframework.context.support.ClassPathXmlApplicationContext prepareRefresh
INFO: Refreshing org.springframework.context.support.ClassPathXmlApplicationContext@72494357: startup date [Tue Oct 10 17:06:35 EDT 2017]; root of context hierarchy
Oct 10, 2017 5:06:35 PM org.springframework.beans.factory.xml.XmlBeanDefinitionReader loadBeanDefinitions
INFO: Loading XML bean definitions from class path resource [applicationContext.xml]
Oct 10, 2017 5:06:35 PM org.springframework.context.support.ClassPathXmlApplicationContext prepareRefresh
INFO: Refreshing org.springframework.context.support.ClassPathXmlApplicationContext@76c321c6: startup date [Tue Oct 10 17:06:35 EDT 2017]; root of context hierarchy
Oct 10, 2017 5:06:35 PM org.springframework.beans.factory.xml.XmlBeanDefinitionReader loadBeanDefinitions
INFO: Loading XML bean definitions from class path resource [applicationContext.xml]
Oct 10, 2017 5:06:35 PM org.springframework.context.support.ClassPathXmlApplicationContext prepareRefresh
INFO: Refreshing org.springframework.context.support.ClassPathXmlApplicationContext@7562e786: startup date [Tue Oct 10 17:06:35 EDT 2017]; root of context hierarchy
Oct 10, 2017 5:06:35 PM org.springframework.beans.factory.xml.XmlBeanDefinitionReader loadBeanDefinitions
INFO: Loading XML bean definitions from class path resource [applicationContext.xml]
Oct 10, 2017 5:06:35 PM org.springframework.context.support.ClassPathXmlApplicationContext prepareRefresh
INFO: Refreshing org.springframework.context.support.ClassPathXmlApplicationContext@373bf87f: startup date [Tue Oct 10 17:06:35 EDT 2017]; root of context hierarchy
Oct 10, 2017 5:06:35 PM org.springframework.beans.factory.xml.XmlBeanDefinitionReader loadBeanDefinitions
INFO: Loading XML bean definitions from class path resource [applicationContext.xml]
Oct 10, 2017 5:06:35 PM org.springframework.context.support.ClassPathXmlApplicationContext prepareRefresh
INFO: Refreshing org.springframework.context.support.ClassPathXmlApplicationContext@5302340b: startup date [Tue Oct 10 17:06:35 EDT 2017]; root of context hierarchy
Oct 10, 2017 5:06:35 PM org.springframework.beans.factory.xml.XmlBeanDefinitionReader loadBeanDefinitions
INFO: Loading XML bean definitions from class path resource [applicationContext.xml]
Oct 10, 2017 5:06:35 PM org.springframework.context.support.ClassPathXmlApplicationContext prepareRefresh
INFO: Refreshing org.springframework.context.support.ClassPathXmlApplicationContext@246aad7a: startup date [Tue Oct 10 17:06:35 EDT 2017]; root of context hierarchy
Oct 10, 2017 5:06:35 PM org.springframework.beans.factory.xml.XmlBeanDefinitionReader loadBeanDefinitions
INFO: Loading XML bean definitions from class path resource [applicationContext.xml]
Oct 10, 2017 5:06:35 PM org.springframework.context.support.ClassPathXmlApplicationContext prepareRefresh
INFO: Refreshing org.springframework.context.support.ClassPathXmlApplicationContext@36eaf6cb: startup date [Tue Oct 10 17:06:35 EDT 2017]; root of context hierarchy
Oct 10, 2017 5:06:35 PM org.springframework.beans.factory.xml.XmlBeanDefinitionReader loadBeanDefinitions
INFO: Loading XML bean definitions from class path resource [applicationContext.xml]
Oct 10, 2017 5:06:35 PM org.springframework.context.support.ClassPathXmlApplicationContext prepareRefresh
INFO: Refreshing org.springframework.context.support.ClassPathXmlApplicationContext@3cb47369: startup date [Tue Oct 10 17:06:35 EDT 2017]; root of context hierarchy
Oct 10, 2017 5:06:35 PM org.springframework.beans.factory.xml.XmlBeanDefinitionReader loadBeanDefinitions
INFO: Loading XML bean definitions from class path resource [applicationContext.xml]
Oct 10, 2017 5:06:35 PM org.springframework.context.support.ClassPathXmlApplicationContext prepareRefresh
INFO: Refreshing org.springframework.context.support.ClassPathXmlApplicationContext@7c412796: startup date [Tue Oct 10 17:06:35 EDT 2017]; root of context hierarchy
Oct 10, 2017 5:06:35 PM org.springframework.beans.factory.xml.XmlBeanDefinitionReader loadBeanDefinitions
INFO: Loading XML bean definitions from class path resource [applicationContext.xml]
Oct 10, 2017 5:06:35 PM org.springframework.context.support.ClassPathXmlApplicationContext prepareRefresh
INFO: Refreshing org.springframework.context.support.ClassPathXmlApplicationContext@759a1dd2: startup date [Tue Oct 10 17:06:35 EDT 2017]; root of context hierarchy
Oct 10, 2017 5:06:35 PM org.springframework.beans.factory.xml.XmlBeanDefinitionReader loadBeanDefinitions
INFO: Loading XML bean definitions from class path resource [applicationContext.xml]
Oct 10, 2017 5:06:35 PM org.springframework.context.support.ClassPathXmlApplicationContext prepareRefresh
INFO: Refreshing org.springframework.context.support.ClassPathXmlApplicationContext@25d6c851: startup date [Tue Oct 10 17:06:35 EDT 2017]; root of context hierarchy
Oct 10, 2017 5:06:35 PM org.springframework.beans.factory.xml.XmlBeanDefinitionReader loadBeanDefinitions
INFO: Loading XML bean definitions from class path resource [applicationContext.xml]
Oct 10, 2017 5:06:35 PM org.springframework.context.support.ClassPathXmlApplicationContext prepareRefresh
INFO: Refreshing org.springframework.context.support.ClassPathXmlApplicationContext@316dc14c: startup date [Tue Oct 10 17:06:35 EDT 2017]; root of context hierarchy
Oct 10, 2017 5:06:35 PM org.springframework.beans.factory.xml.XmlBeanDefinitionReader loadBeanDefinitions
INFO: Loading XML bean definitions from class path resource [applicationContext.xml]
Oct 10, 2017 5:06:35 PM org.springframework.context.support.ClassPathXmlApplicationContext prepareRefresh
INFO: Refreshing org.springframework.context.support.ClassPathXmlApplicationContext@5ac3975d: startup date [Tue Oct 10 17:06:35 EDT 2017]; root of context hierarchy
Oct 10, 2017 5:06:35 PM org.springframework.beans.factory.xml.XmlBeanDefinitionReader loadBeanDefinitions
INFO: Loading XML bean definitions from class path resource [applicationContext.xml]
Oct 10, 2017 5:06:35 PM org.springframework.context.support.ClassPathXmlApplicationContext prepareRefresh
INFO: Refreshing org.springframework.context.support.ClassPathXmlApplicationContext@37672f10: startup date [Tue Oct 10 17:06:35 EDT 2017]; root of context hierarchy
Oct 10, 2017 5:06:35 PM org.springframework.beans.factory.xml.XmlBeanDefinitionReader loadBeanDefinitions
INFO: Loading XML bean definitions from class path resource [applicationContext.xml]
Oct 10, 2017 5:06:35 PM org.springframework.context.support.ClassPathXmlApplicationContext prepareRefresh
INFO: Refreshing org.springframework.context.support.ClassPathXmlApplicationContext@5bbef39e: startup date [Tue Oct 10 17:06:35 EDT 2017]; root of context hierarchy
Oct 10, 2017 5:06:35 PM org.springframework.beans.factory.xml.XmlBeanDefinitionReader loadBeanDefinitions
INFO: Loading XML bean definitions from class path resource [applicationContext.xml]
Oct 10, 2017 5:06:35 PM org.springframework.context.support.ClassPathXmlApplicationContext prepareRefresh
INFO: Refreshing org.springframework.context.support.ClassPathXmlApplicationContext@3aa00ed1: startup date [Tue Oct 10 17:06:35 EDT 2017]; root of context hierarchy
Oct 10, 2017 5:06:35 PM org.springframework.beans.factory.xml.XmlBeanDefinitionReader loadBeanDefinitions
INFO: Loading XML bean definitions from class path resource [applicationContext.xml]
Oct 10, 2017 5:06:35 PM org.springframework.context.support.ClassPathXmlApplicationContext prepareRefresh
INFO: Refreshing org.springframework.context.support.ClassPathXmlApplicationContext@5f67b319: startup date [Tue Oct 10 17:06:35 EDT 2017]; root of context hierarchy
Oct 10, 2017 5:06:35 PM org.springframework.beans.factory.xml.XmlBeanDefinitionReader loadBeanDefinitions
INFO: Loading XML bean definitions from class path resource [applicationContext.xml]
Oct 10, 2017 5:06:35 PM org.springframework.context.support.ClassPathXmlApplicationContext prepareRefresh
INFO: Refreshing org.springframework.context.support.ClassPathXmlApplicationContext@54498890: startup date [Tue Oct 10 17:06:35 EDT 2017]; root of context hierarchy
Oct 10, 2017 5:06:35 PM org.springframework.beans.factory.xml.XmlBeanDefinitionReader loadBeanDefinitions
INFO: Loading XML bean definitions from class path resource [applicationContext.xml]
Oct 10, 2017 5:06:35 PM org.springframework.context.support.ClassPathXmlApplicationContext prepareRefresh
INFO: Refreshing org.springframework.context.support.ClassPathXmlApplicationContext@7ee8f407: startup date [Tue Oct 10 17:06:35 EDT 2017]; root of context hierarchy
Oct 10, 2017 5:06:35 PM org.springframework.beans.factory.xml.XmlBeanDefinitionReader loadBeanDefinitions
INFO: Loading XML bean definitions from class path resource [applicationContext.xml]
Oct 10, 2017 5:06:35 PM org.springframework.context.support.ClassPathXmlApplicationContext prepareRefresh
INFO: Refreshing org.springframework.context.support.ClassPathXmlApplicationContext@373f426a: startup date [Tue Oct 10 17:06:35 EDT 2017]; root of context hierarchy
Oct 10, 2017 5:06:35 PM org.springframework.beans.factory.xml.XmlBeanDefinitionReader loadBeanDefinitions
INFO: Loading XML bean definitions from class path resource [applicationContext.xml]
Oct 10, 2017 5:06:35 PM org.springframework.context.support.ClassPathXmlApplicationContext prepareRefresh
INFO: Refreshing org.springframework.context.support.ClassPathXmlApplicationContext@39ee61e3: startup date [Tue Oct 10 17:06:35 EDT 2017]; root of context hierarchy
Oct 10, 2017 5:06:35 PM org.springframework.beans.factory.xml.XmlBeanDefinitionReader loadBeanDefinitions
INFO: Loading XML bean definitions from class path resource [applicationContext.xml]
Oct 10, 2017 5:06:35 PM org.springframework.context.support.ClassPathXmlApplicationContext prepareRefresh
INFO: Refreshing org.springframework.context.support.ClassPathXmlApplicationContext@2d2a37d4: startup date [Tue Oct 10 17:06:35 EDT 2017]; root of context hierarchy
Oct 10, 2017 5:06:35 PM org.springframework.beans.factory.xml.XmlBeanDefinitionReader loadBeanDefinitions
INFO: Loading XML bean definitions from class path resource [applicationContext.xml]
Oct 10, 2017 5:06:35 PM org.springframework.context.support.ClassPathXmlApplicationContext prepareRefresh
INFO: Refreshing org.springframework.context.support.ClassPathXmlApplicationContext@266cdba4: startup date [Tue Oct 10 17:06:35 EDT 2017]; root of context hierarchy
Oct 10, 2017 5:06:35 PM org.springframework.beans.factory.xml.XmlBeanDefinitionReader loadBeanDefinitions
INFO: Loading XML bean definitions from class path resource [applicationContext.xml]
Oct 10, 2017 5:06:35 PM org.springframework.context.support.ClassPathXmlApplicationContext prepareRefresh
INFO: Refreshing org.springframework.context.support.ClassPathXmlApplicationContext@1280c064: startup date [Tue Oct 10 17:06:35 EDT 2017]; root of context hierarchy
Oct 10, 2017 5:06:35 PM org.springframework.beans.factory.xml.XmlBeanDefinitionReader loadBeanDefinitions
INFO: Loading XML bean definitions from class path resource [applicationContext.xml]
Oct 10, 2017 5:06:35 PM org.springframework.context.support.ClassPathXmlApplicationContext prepareRefresh
INFO: Refreshing org.springframework.context.support.ClassPathXmlApplicationContext@598196ed: startup date [Tue Oct 10 17:06:35 EDT 2017]; root of context hierarchy
Oct 10, 2017 5:06:35 PM org.springframework.beans.factory.xml.XmlBeanDefinitionReader loadBeanDefinitions
INFO: Loading XML bean definitions from class path resource [applicationContext.xml]
Oct 10, 2017 5:06:35 PM org.springframework.context.support.ClassPathXmlApplicationContext prepareRefresh
INFO: Refreshing org.springframework.context.support.ClassPathXmlApplicationContext@4c6bebd1: startup date [Tue Oct 10 17:06:35 EDT 2017]; root of context hierarchy
Oct 10, 2017 5:06:35 PM org.springframework.beans.factory.xml.XmlBeanDefinitionReader loadBeanDefinitions
INFO: Loading XML bean definitions from class path resource [applicationContext.xml]
Oct 10, 2017 5:06:35 PM org.springframework.context.support.ClassPathXmlApplicationContext prepareRefresh
INFO: Refreshing org.springframework.context.support.ClassPathXmlApplicationContext@1231666: startup date [Tue Oct 10 17:06:35 EDT 2017]; root of context hierarchy
Oct 10, 2017 5:06:35 PM org.springframework.beans.factory.xml.XmlBeanDefinitionReader loadBeanDefinitions
INFO: Loading XML bean definitions from class path resource [applicationContext.xml]
Oct 10, 2017 5:06:35 PM org.springframework.context.support.ClassPathXmlApplicationContext prepareRefresh
INFO: Refreshing org.springframework.context.support.ClassPathXmlApplicationContext@74694b21: startup date [Tue Oct 10 17:06:35 EDT 2017]; root of context hierarchy
Oct 10, 2017 5:06:35 PM org.springframework.beans.factory.xml.XmlBeanDefinitionReader loadBeanDefinitions
INFO: Loading XML bean definitions from class path resource [applicationContext.xml]
Oct 10, 2017 5:06:35 PM org.springframework.context.support.ClassPathXmlApplicationContext prepareRefresh
INFO: Refreshing org.springframework.context.support.ClassPathXmlApplicationContext@1c18e3ee: startup date [Tue Oct 10 17:06:35 EDT 2017]; root of context hierarchy
Oct 10, 2017 5:06:35 PM org.springframework.beans.factory.xml.XmlBeanDefinitionReader loadBeanDefinitions
INFO: Loading XML bean definitions from class path resource [applicationContext.xml]
Oct 10, 2017 5:06:35 PM org.springframework.context.support.ClassPathXmlApplicationContext prepareRefresh
INFO: Refreshing org.springframework.context.support.ClassPathXmlApplicationContext@1fe650ca: startup date [Tue Oct 10 17:06:35 EDT 2017]; root of context hierarchy
Oct 10, 2017 5:06:35 PM org.springframework.beans.factory.xml.XmlBeanDefinitionReader loadBeanDefinitions
INFO: Loading XML bean definitions from class path resource [applicationContext.xml]
Oct 10, 2017 5:06:35 PM org.springframework.context.support.ClassPathXmlApplicationContext prepareRefresh
INFO: Refreshing org.springframework.context.support.ClassPathXmlApplicationContext@52c44d6: startup date [Tue Oct 10 17:06:35 EDT 2017]; root of context hierarchy
Oct 10, 2017 5:06:35 PM org.springframework.beans.factory.xml.XmlBeanDefinitionReader loadBeanDefinitions
INFO: Loading XML bean definitions from class path resource [applicationContext.xml]
Oct 10, 2017 5:06:35 PM org.springframework.context.support.ClassPathXmlApplicationContext prepareRefresh
INFO: Refreshing org.springframework.context.support.ClassPathXmlApplicationContext@7f45f087: startup date [Tue Oct 10 17:06:35 EDT 2017]; root of context hierarchy
Oct 10, 2017 5:06:35 PM org.springframework.beans.factory.xml.XmlBeanDefinitionReader loadBeanDefinitions
INFO: Loading XML bean definitions from class path resource [applicationContext.xml]
Oct 10, 2017 5:06:35 PM org.springframework.context.support.ClassPathXmlApplicationContext prepareRefresh
INFO: Refreshing org.springframework.context.support.ClassPathXmlApplicationContext@4cd88efc: startup date [Tue Oct 10 17:06:35 EDT 2017]; root of context hierarchy
Oct 10, 2017 5:06:35 PM org.springframework.beans.factory.xml.XmlBeanDefinitionReader loadBeanDefinitions
INFO: Loading XML bean definitions from class path resource [applicationContext.xml]
Oct 10, 2017 5:06:35 PM org.springframework.context.support.ClassPathXmlApplicationContext prepareRefresh
INFO: Refreshing org.springframework.context.support.ClassPathXmlApplicationContext@4d84bbe2: startup date [Tue Oct 10 17:06:35 EDT 2017]; root of context hierarchy
Oct 10, 2017 5:06:35 PM org.springframework.beans.factory.xml.XmlBeanDefinitionReader loadBeanDefinitions
INFO: Loading XML bean definitions from class path resource [applicationContext.xml]
Oct 10, 2017 5:06:35 PM org.springframework.context.support.ClassPathXmlApplicationContext prepareRefresh
INFO: Refreshing org.springframework.context.support.ClassPathXmlApplicationContext@2eb0b699: startup date [Tue Oct 10 17:06:35 EDT 2017]; root of context hierarchy
Oct 10, 2017 5:06:35 PM org.springframework.beans.factory.xml.XmlBeanDefinitionReader loadBeanDefinitions
INFO: Loading XML bean definitions from class path resource [applicationContext.xml]
Oct 10, 2017 5:06:35 PM org.springframework.context.support.ClassPathXmlApplicationContext prepareRefresh
INFO: Refreshing org.springframework.context.support.ClassPathXmlApplicationContext@5b94b78c: startup date [Tue Oct 10 17:06:35 EDT 2017]; root of context hierarchy
Oct 10, 2017 5:06:35 PM org.springframework.beans.factory.xml.XmlBeanDefinitionReader loadBeanDefinitions
INFO: Loading XML bean definitions from class path resource [applicationContext.xml]
Oct 10, 2017 5:06:35 PM org.springframework.context.support.ClassPathXmlApplicationContext prepareRefresh
INFO: Refreshing org.springframework.context.support.ClassPathXmlApplicationContext@2826ca65: startup date [Tue Oct 10 17:06:35 EDT 2017]; root of context hierarchy
Oct 10, 2017 5:06:35 PM org.springframework.beans.factory.xml.XmlBeanDefinitionReader loadBeanDefinitions
INFO: Loading XML bean definitions from class path resource [applicationContext.xml]
Oct 10, 2017 5:06:35 PM org.springframework.context.support.ClassPathXmlApplicationContext prepareRefresh
INFO: Refreshing org.springframework.context.support.ClassPathXmlApplicationContext@567548f7: startup date [Tue Oct 10 17:06:35 EDT 2017]; root of context hierarchy
Oct 10, 2017 5:06:35 PM org.springframework.beans.factory.xml.XmlBeanDefinitionReader loadBeanDefinitions
INFO: Loading XML bean definitions from class path resource [applicationContext.xml]
Oct 10, 2017 5:06:35 PM org.springframework.context.support.ClassPathXmlApplicationContext prepareRefresh
INFO: Refreshing org.springframework.context.support.ClassPathXmlApplicationContext@8705584: startup date [Tue Oct 10 17:06:35 EDT 2017]; root of context hierarchy
Oct 10, 2017 5:06:35 PM org.springframework.beans.factory.xml.XmlBeanDefinitionReader loadBeanDefinitions
INFO: Loading XML bean definitions from class path resource [applicationContext.xml]
Oct 10, 2017 5:06:35 PM org.springframework.context.support.ClassPathXmlApplicationContext prepareRefresh
INFO: Refreshing org.springframework.context.support.ClassPathXmlApplicationContext@1fdb5943: startup date [Tue Oct 10 17:06:35 EDT 2017]; root of context hierarchy
Oct 10, 2017 5:06:35 PM org.springframework.beans.factory.xml.XmlBeanDefinitionReader loadBeanDefinitions
INFO: Loading XML bean definitions from class path resource [applicationContext.xml]
Oct 10, 2017 5:06:35 PM org.springframework.context.support.ClassPathXmlApplicationContext prepareRefresh
INFO: Refreshing org.springframework.context.support.ClassPathXmlApplicationContext@bdf87b8: startup date [Tue Oct 10 17:06:35 EDT 2017]; root of context hierarchy
Oct 10, 2017 5:06:35 PM org.springframework.beans.factory.xml.XmlBeanDefinitionReader loadBeanDefinitions
INFO: Loading XML bean definitions from class path resource [applicationContext.xml]
Oct 10, 2017 5:06:35 PM org.springframework.context.support.ClassPathXmlApplicationContext prepareRefresh
INFO: Refreshing org.springframework.context.support.ClassPathXmlApplicationContext@6ab6e09b: startup date [Tue Oct 10 17:06:35 EDT 2017]; root of context hierarchy
Oct 10, 2017 5:06:35 PM org.springframework.beans.factory.xml.XmlBeanDefinitionReader loadBeanDefinitions
INFO: Loading XML bean definitions from class path resource [applicationContext.xml]
Oct 10, 2017 5:06:35 PM org.springframework.context.support.ClassPathXmlApplicationContext prepareRefresh
INFO: Refreshing org.springframework.context.support.ClassPathXmlApplicationContext@352003d6: startup date [Tue Oct 10 17:06:35 EDT 2017]; root of context hierarchy
Oct 10, 2017 5:06:35 PM org.springframework.beans.factory.xml.XmlBeanDefinitionReader loadBeanDefinitions
INFO: Loading XML bean definitions from class path resource [applicationContext.xml]
Oct 10, 2017 5:06:35 PM org.springframework.context.support.ClassPathXmlApplicationContext prepareRefresh
INFO: Refreshing org.springframework.context.support.ClassPathXmlApplicationContext@2892dc1c: startup date [Tue Oct 10 17:06:35 EDT 2017]; root of context hierarchy
Oct 10, 2017 5:06:35 PM org.springframework.beans.factory.xml.XmlBeanDefinitionReader loadBeanDefinitions
INFO: Loading XML bean definitions from class path resource [applicationContext.xml]
Oct 10, 2017 5:06:35 PM org.springframework.context.support.ClassPathXmlApplicationContext prepareRefresh
INFO: Refreshing org.springframework.context.support.ClassPathXmlApplicationContext@1b189b6b: startup date [Tue Oct 10 17:06:35 EDT 2017]; root of context hierarchy
Oct 10, 2017 5:06:35 PM org.springframework.beans.factory.xml.XmlBeanDefinitionReader loadBeanDefinitions
INFO: Loading XML bean definitions from class path resource [applicationContext.xml]
Oct 10, 2017 5:06:35 PM org.springframework.context.support.ClassPathXmlApplicationContext prepareRefresh
INFO: Refreshing org.springframework.context.support.ClassPathXmlApplicationContext@726b27d9: startup date [Tue Oct 10 17:06:35 EDT 2017]; root of context hierarchy
Oct 10, 2017 5:06:35 PM org.springframework.beans.factory.xml.XmlBeanDefinitionReader loadBeanDefinitions
INFO: Loading XML bean definitions from class path resource [applicationContext.xml]
Oct 10, 2017 5:06:35 PM org.springframework.context.support.ClassPathXmlApplicationContext prepareRefresh
INFO: Refreshing org.springframework.context.support.ClassPathXmlApplicationContext@46e1f0e3: startup date [Tue Oct 10 17:06:35 EDT 2017]; root of context hierarchy
Oct 10, 2017 5:06:35 PM org.springframework.beans.factory.xml.XmlBeanDefinitionReader loadBeanDefinitions
INFO: Loading XML bean definitions from class path resource [applicationContext.xml]
Oct 10, 2017 5:06:35 PM org.springframework.context.support.ClassPathXmlApplicationContext prepareRefresh
INFO: Refreshing org.springframework.context.support.ClassPathXmlApplicationContext@6ae5901b: startup date [Tue Oct 10 17:06:35 EDT 2017]; root of context hierarchy
Oct 10, 2017 5:06:35 PM org.springframework.beans.factory.xml.XmlBeanDefinitionReader loadBeanDefinitions
INFO: Loading XML bean definitions from class path resource [applicationContext.xml]
Oct 10, 2017 5:06:36 PM org.springframework.context.support.ClassPathXmlApplicationContext prepareRefresh
INFO: Refreshing org.springframework.context.support.ClassPathXmlApplicationContext@3de99c26: startup date [Tue Oct 10 17:06:36 EDT 2017]; root of context hierarchy
Oct 10, 2017 5:06:36 PM org.springframework.beans.factory.xml.XmlBeanDefinitionReader loadBeanDefinitions
INFO: Loading XML bean definitions from class path resource [applicationContext.xml]
Oct 10, 2017 5:06:36 PM org.springframework.context.support.ClassPathXmlApplicationContext prepareRefresh
INFO: Refreshing org.springframework.context.support.ClassPathXmlApplicationContext@41322b26: startup date [Tue Oct 10 17:06:36 EDT 2017]; root of context hierarchy
Oct 10, 2017 5:06:36 PM org.springframework.beans.factory.xml.XmlBeanDefinitionReader loadBeanDefinitions
INFO: Loading XML bean definitions from class path resource [applicationContext.xml]
Oct 10, 2017 5:06:36 PM org.springframework.context.support.ClassPathXmlApplicationContext prepareRefresh
INFO: Refreshing org.springframework.context.support.ClassPathXmlApplicationContext@489bfa2a: startup date [Tue Oct 10 17:06:36 EDT 2017]; root of context hierarchy
Oct 10, 2017 5:06:36 PM org.springframework.beans.factory.xml.XmlBeanDefinitionReader loadBeanDefinitions
INFO: Loading XML bean definitions from class path resource [applicationContext.xml]
Oct 10, 2017 5:06:36 PM org.springframework.context.support.ClassPathXmlApplicationContext prepareRefresh
INFO: Refreshing org.springframework.context.support.ClassPathXmlApplicationContext@c3c4880: startup date [Tue Oct 10 17:06:36 EDT 2017]; root of context hierarchy
Oct 10, 2017 5:06:36 PM org.springframework.beans.factory.xml.XmlBeanDefinitionReader loadBeanDefinitions
INFO: Loading XML bean definitions from class path resource [applicationContext.xml]
Oct 10, 2017 5:06:36 PM org.springframework.context.support.ClassPathXmlApplicationContext prepareRefresh
INFO: Refreshing org.springframework.context.support.ClassPathXmlApplicationContext@33299c9b: startup date [Tue Oct 10 17:06:36 EDT 2017]; root of context hierarchy
Oct 10, 2017 5:06:36 PM org.springframework.beans.factory.xml.XmlBeanDefinitionReader loadBeanDefinitions
INFO: Loading XML bean definitions from class path resource [applicationContext.xml]
Oct 10, 2017 5:06:36 PM org.springframework.context.support.ClassPathXmlApplicationContext prepareRefresh
INFO: Refreshing org.springframework.context.support.ClassPathXmlApplicationContext@6ea940e7: startup date [Tue Oct 10 17:06:36 EDT 2017]; root of context hierarchy
Oct 10, 2017 5:06:36 PM org.springframework.beans.factory.xml.XmlBeanDefinitionReader loadBeanDefinitions
INFO: Loading XML bean definitions from class path resource [applicationContext.xml]
Oct 10, 2017 5:06:36 PM org.springframework.context.support.ClassPathXmlApplicationContext prepareRefresh
INFO: Refreshing org.springframework.context.support.ClassPathXmlApplicationContext@55bf0827: startup date [Tue Oct 10 17:06:36 EDT 2017]; root of context hierarchy
Oct 10, 2017 5:06:36 PM org.springframework.beans.factory.xml.XmlBeanDefinitionReader loadBeanDefinitions
INFO: Loading XML bean definitions from class path resource [applicationContext.xml]
Oct 10, 2017 5:06:36 PM org.springframework.context.support.ClassPathXmlApplicationContext prepareRefresh
INFO: Refreshing org.springframework.context.support.ClassPathXmlApplicationContext@2b1bcab6: startup date [Tue Oct 10 17:06:36 EDT 2017]; root of context hierarchy
Oct 10, 2017 5:06:36 PM org.springframework.beans.factory.xml.XmlBeanDefinitionReader loadBeanDefinitions
INFO: Loading XML bean definitions from class path resource [applicationContext.xml]
Oct 10, 2017 5:06:36 PM org.springframework.context.support.ClassPathXmlApplicationContext prepareRefresh
INFO: Refreshing org.springframework.context.support.ClassPathXmlApplicationContext@7dd9a922: startup date [Tue Oct 10 17:06:36 EDT 2017]; root of context hierarchy
Oct 10, 2017 5:06:36 PM org.springframework.beans.factory.xml.XmlBeanDefinitionReader loadBeanDefinitions
INFO: Loading XML bean definitions from class path resource [applicationContext.xml]
Oct 10, 2017 5:06:36 PM org.springframework.context.support.ClassPathXmlApplicationContext prepareRefresh
INFO: Refreshing org.springframework.context.support.ClassPathXmlApplicationContext@56303dd7: startup date [Tue Oct 10 17:06:36 EDT 2017]; root of context hierarchy
Oct 10, 2017 5:06:36 PM org.springframework.beans.factory.xml.XmlBeanDefinitionReader loadBeanDefinitions
INFO: Loading XML bean definitions from class path resource [applicationContext.xml]
Oct 10, 2017 5:06:36 PM org.springframework.context.support.ClassPathXmlApplicationContext prepareRefresh
INFO: Refreshing org.springframework.context.support.ClassPathXmlApplicationContext@69d6a7d8: startup date [Tue Oct 10 17:06:36 EDT 2017]; root of context hierarchy
Oct 10, 2017 5:06:36 PM org.springframework.beans.factory.xml.XmlBeanDefinitionReader loadBeanDefinitions
INFO: Loading XML bean definitions from class path resource [applicationContext.xml]
Oct 10, 2017 5:06:36 PM org.springframework.context.support.ClassPathXmlApplicationContext prepareRefresh
INFO: Refreshing org.springframework.context.support.ClassPathXmlApplicationContext@76a5d867: startup date [Tue Oct 10 17:06:36 EDT 2017]; root of context hierarchy
Oct 10, 2017 5:06:36 PM org.springframework.beans.factory.xml.XmlBeanDefinitionReader loadBeanDefinitions
INFO: Loading XML bean definitions from class path resource [applicationContext.xml]
Oct 10, 2017 5:06:36 PM org.springframework.context.support.ClassPathXmlApplicationContext prepareRefresh
INFO: Refreshing org.springframework.context.support.ClassPathXmlApplicationContext@21f88e7e: startup date [Tue Oct 10 17:06:36 EDT 2017]; root of context hierarchy
Oct 10, 2017 5:06:36 PM org.springframework.beans.factory.xml.XmlBeanDefinitionReader loadBeanDefinitions
INFO: Loading XML bean definitions from class path resource [applicationContext.xml]
Oct 10, 2017 5:06:36 PM org.springframework.context.support.ClassPathXmlApplicationContext prepareRefresh
INFO: Refreshing org.springframework.context.support.ClassPathXmlApplicationContext@7544c1c1: startup date [Tue Oct 10 17:06:36 EDT 2017]; root of context hierarchy
Oct 10, 2017 5:06:36 PM org.springframework.beans.factory.xml.XmlBeanDefinitionReader loadBeanDefinitions
INFO: Loading XML bean definitions from class path resource [applicationContext.xml]
Oct 10, 2017 5:06:36 PM org.springframework.context.support.ClassPathXmlApplicationContext prepareRefresh
INFO: Refreshing org.springframework.context.support.ClassPathXmlApplicationContext@13f68da4: startup date [Tue Oct 10 17:06:36 EDT 2017]; root of context hierarchy
Oct 10, 2017 5:06:36 PM org.springframework.beans.factory.xml.XmlBeanDefinitionReader loadBeanDefinitions
INFO: Loading XML bean definitions from class path resource [applicationContext.xml]
Oct 10, 2017 5:06:36 PM org.springframework.context.support.ClassPathXmlApplicationContext prepareRefresh
INFO: Refreshing org.springframework.context.support.ClassPathXmlApplicationContext@430b9040: startup date [Tue Oct 10 17:06:36 EDT 2017]; root of context hierarchy
Oct 10, 2017 5:06:36 PM org.springframework.beans.factory.xml.XmlBeanDefinitionReader loadBeanDefinitions
INFO: Loading XML bean definitions from class path resource [applicationContext.xml]
Oct 10, 2017 5:06:36 PM org.springframework.context.support.ClassPathXmlApplicationContext prepareRefresh
INFO: Refreshing org.springframework.context.support.ClassPathXmlApplicationContext@457d7802: startup date [Tue Oct 10 17:06:36 EDT 2017]; root of context hierarchy
Oct 10, 2017 5:06:36 PM org.springframework.beans.factory.xml.XmlBeanDefinitionReader loadBeanDefinitions
INFO: Loading XML bean definitions from class path resource [applicationContext.xml]
Oct 10, 2017 5:06:36 PM org.springframework.context.support.ClassPathXmlApplicationContext prepareRefresh
INFO: Refreshing org.springframework.context.support.ClassPathXmlApplicationContext@9937a48: startup date [Tue Oct 10 17:06:36 EDT 2017]; root of context hierarchy
Oct 10, 2017 5:06:36 PM org.springframework.beans.factory.xml.XmlBeanDefinitionReader loadBeanDefinitions
INFO: Loading XML bean definitions from class path resource [applicationContext.xml]
Oct 10, 2017 5:06:36 PM org.springframework.context.support.ClassPathXmlApplicationContext prepareRefresh
INFO: Refreshing org.springframework.context.support.ClassPathXmlApplicationContext@5ccf1aa7: startup date [Tue Oct 10 17:06:36 EDT 2017]; root of context hierarchy
Oct 10, 2017 5:06:36 PM org.springframework.beans.factory.xml.XmlBeanDefinitionReader loadBeanDefinitions
INFO: Loading XML bean definitions from class path resource [applicationContext.xml]
Oct 10, 2017 5:06:36 PM org.springframework.context.support.ClassPathXmlApplicationContext prepareRefresh
INFO: Refreshing org.springframework.context.support.ClassPathXmlApplicationContext@15569c45: startup date [Tue Oct 10 17:06:36 EDT 2017]; root of context hierarchy
Oct 10, 2017 5:06:36 PM org.springframework.beans.factory.xml.XmlBeanDefinitionReader loadBeanDefinitions
INFO: Loading XML bean definitions from class path resource [applicationContext.xml]
Oct 10, 2017 5:06:36 PM org.springframework.context.support.ClassPathXmlApplicationContext prepareRefresh
INFO: Refreshing org.springframework.context.support.ClassPathXmlApplicationContext@c68421f: startup date [Tue Oct 10 17:06:36 EDT 2017]; root of context hierarchy
Oct 10, 2017 5:06:36 PM org.springframework.beans.factory.xml.XmlBeanDefinitionReader loadBeanDefinitions
INFO: Loading XML bean definitions from class path resource [applicationContext.xml]
Oct 10, 2017 5:06:36 PM org.springframework.context.support.ClassPathXmlApplicationContext prepareRefresh
INFO: Refreshing org.springframework.context.support.ClassPathXmlApplicationContext@4a167ac7: startup date [Tue Oct 10 17:06:36 EDT 2017]; root of context hierarchy
Oct 10, 2017 5:06:36 PM org.springframework.beans.factory.xml.XmlBeanDefinitionReader loadBeanDefinitions
INFO: Loading XML bean definitions from class path resource [applicationContext.xml]
Oct 10, 2017 5:06:36 PM org.springframework.context.support.ClassPathXmlApplicationContext prepareRefresh
INFO: Refreshing org.springframework.context.support.ClassPathXmlApplicationContext@191958b7: startup date [Tue Oct 10 17:06:36 EDT 2017]; root of context hierarchy
Oct 10, 2017 5:06:36 PM org.springframework.beans.factory.xml.XmlBeanDefinitionReader loadBeanDefinitions
INFO: Loading XML bean definitions from class path resource [applicationContext.xml]
Oct 10, 2017 5:06:36 PM org.springframework.context.support.ClassPathXmlApplicationContext prepareRefresh
INFO: Refreshing org.springframework.context.support.ClassPathXmlApplicationContext@488de1aa: startup date [Tue Oct 10 17:06:36 EDT 2017]; root of context hierarchy
Oct 10, 2017 5:06:36 PM org.springframework.beans.factory.xml.XmlBeanDefinitionReader loadBeanDefinitions
INFO: Loading XML bean definitions from class path resource [applicationContext.xml]
Oct 10, 2017 5:06:36 PM org.springframework.context.support.ClassPathXmlApplicationContext prepareRefresh
INFO: Refreshing org.springframework.context.support.ClassPathXmlApplicationContext@72d57053: startup date [Tue Oct 10 17:06:36 EDT 2017]; root of context hierarchy
Oct 10, 2017 5:06:36 PM org.springframework.beans.factory.xml.XmlBeanDefinitionReader loadBeanDefinitions
INFO: Loading XML bean definitions from class path resource [applicationContext.xml]
Oct 10, 2017 5:06:36 PM org.springframework.context.support.ClassPathXmlApplicationContext prepareRefresh
INFO: Refreshing org.springframework.context.support.ClassPathXmlApplicationContext@4653d5db: startup date [Tue Oct 10 17:06:36 EDT 2017]; root of context hierarchy
Oct 10, 2017 5:06:36 PM org.springframework.beans.factory.xml.XmlBeanDefinitionReader loadBeanDefinitions
INFO: Loading XML bean definitions from class path resource [applicationContext.xml]
Oct 10, 2017 5:06:36 PM org.springframework.context.support.ClassPathXmlApplicationContext prepareRefresh
INFO: Refreshing org.springframework.context.support.ClassPathXmlApplicationContext@5ee64bb9: startup date [Tue Oct 10 17:06:36 EDT 2017]; root of context hierarchy
Oct 10, 2017 5:06:36 PM org.springframework.beans.factory.xml.XmlBeanDefinitionReader loadBeanDefinitions
INFO: Loading XML bean definitions from class path resource [applicationContext.xml]
Oct 10, 2017 5:06:36 PM org.springframework.context.support.ClassPathXmlApplicationContext prepareRefresh
INFO: Refreshing org.springframework.context.support.ClassPathXmlApplicationContext@106bf5b0: startup date [Tue Oct 10 17:06:36 EDT 2017]; root of context hierarchy
Oct 10, 2017 5:06:36 PM org.springframework.beans.factory.xml.XmlBeanDefinitionReader loadBeanDefinitions
INFO: Loading XML bean definitions from class path resource [applicationContext.xml]
Oct 10, 2017 5:06:36 PM org.springframework.context.support.ClassPathXmlApplicationContext prepareRefresh
INFO: Refreshing org.springframework.context.support.ClassPathXmlApplicationContext@3d4863f1: startup date [Tue Oct 10 17:06:36 EDT 2017]; root of context hierarchy
Oct 10, 2017 5:06:36 PM org.springframework.beans.factory.xml.XmlBeanDefinitionReader loadBeanDefinitions
INFO: Loading XML bean definitions from class path resource [applicationContext.xml]
Oct 10, 2017 5:06:36 PM org.springframework.context.support.ClassPathXmlApplicationContext prepareRefresh
INFO: Refreshing org.springframework.context.support.ClassPathXmlApplicationContext@56eb374a: startup date [Tue Oct 10 17:06:36 EDT 2017]; root of context hierarchy
Oct 10, 2017 5:06:36 PM org.springframework.beans.factory.xml.XmlBeanDefinitionReader loadBeanDefinitions
INFO: Loading XML bean definitions from class path resource [applicationContext.xml]
Oct 10, 2017 5:06:36 PM org.springframework.context.support.ClassPathXmlApplicationContext prepareRefresh
INFO: Refreshing org.springframework.context.support.ClassPathXmlApplicationContext@33746137: startup date [Tue Oct 10 17:06:36 EDT 2017]; root of context hierarchy
Oct 10, 2017 5:06:36 PM org.springframework.beans.factory.xml.XmlBeanDefinitionReader loadBeanDefinitions
INFO: Loading XML bean definitions from class path resource [applicationContext.xml]
Oct 10, 2017 5:06:36 PM org.springframework.context.support.ClassPathXmlApplicationContext prepareRefresh
INFO: Refreshing org.springframework.context.support.ClassPathXmlApplicationContext@7b230696: startup date [Tue Oct 10 17:06:36 EDT 2017]; root of context hierarchy
Oct 10, 2017 5:06:36 PM org.springframework.beans.factory.xml.XmlBeanDefinitionReader loadBeanDefinitions
INFO: Loading XML bean definitions from class path resource [applicationContext.xml]
Oct 10, 2017 5:06:36 PM org.springframework.context.support.ClassPathXmlApplicationContext prepareRefresh
INFO: Refreshing org.springframework.context.support.ClassPathXmlApplicationContext@3262e9d3: startup date [Tue Oct 10 17:06:36 EDT 2017]; root of context hierarchy
Oct 10, 2017 5:06:36 PM org.springframework.beans.factory.xml.XmlBeanDefinitionReader loadBeanDefinitions
INFO: Loading XML bean definitions from class path resource [applicationContext.xml]
Oct 10, 2017 5:06:36 PM org.springframework.context.support.ClassPathXmlApplicationContext prepareRefresh
INFO: Refreshing org.springframework.context.support.ClassPathXmlApplicationContext@714d69e9: startup date [Tue Oct 10 17:06:36 EDT 2017]; root of context hierarchy
Oct 10, 2017 5:06:36 PM org.springframework.beans.factory.xml.XmlBeanDefinitionReader loadBeanDefinitions
INFO: Loading XML bean definitions from class path resource [applicationContext.xml]
Oct 10, 2017 5:06:36 PM org.springframework.context.support.ClassPathXmlApplicationContext prepareRefresh
INFO: Refreshing org.springframework.context.support.ClassPathXmlApplicationContext@5a7bf8b5: startup date [Tue Oct 10 17:06:36 EDT 2017]; root of context hierarchy
Oct 10, 2017 5:06:36 PM org.springframework.beans.factory.xml.XmlBeanDefinitionReader loadBeanDefinitions
INFO: Loading XML bean definitions from class path resource [applicationContext.xml]
Oct 10, 2017 5:06:36 PM org.springframework.context.support.ClassPathXmlApplicationContext prepareRefresh
INFO: Refreshing org.springframework.context.support.ClassPathXmlApplicationContext@4207b4b9: startup date [Tue Oct 10 17:06:36 EDT 2017]; root of context hierarchy
Oct 10, 2017 5:06:36 PM org.springframework.beans.factory.xml.XmlBeanDefinitionReader loadBeanDefinitions
INFO: Loading XML bean definitions from class path resource [applicationContext.xml]
Oct 10, 2017 5:06:36 PM org.springframework.context.support.ClassPathXmlApplicationContext prepareRefresh
INFO: Refreshing org.springframework.context.support.ClassPathXmlApplicationContext@75eee5a4: startup date [Tue Oct 10 17:06:36 EDT 2017]; root of context hierarchy
Oct 10, 2017 5:06:36 PM org.springframework.beans.factory.xml.XmlBeanDefinitionReader loadBeanDefinitions
INFO: Loading XML bean definitions from class path resource [applicationContext.xml]
Oct 10, 2017 5:06:36 PM org.springframework.context.support.ClassPathXmlApplicationContext prepareRefresh
INFO: Refreshing org.springframework.context.support.ClassPathXmlApplicationContext@5024b055: startup date [Tue Oct 10 17:06:36 EDT 2017]; root of context hierarchy
Oct 10, 2017 5:06:36 PM org.springframework.beans.factory.xml.XmlBeanDefinitionReader loadBeanDefinitions
INFO: Loading XML bean definitions from class path resource [applicationContext.xml]
Oct 10, 2017 5:06:36 PM org.springframework.context.support.ClassPathXmlApplicationContext prepareRefresh
INFO: Refreshing org.springframework.context.support.ClassPathXmlApplicationContext@2b2a6cc8: startup date [Tue Oct 10 17:06:36 EDT 2017]; root of context hierarchy
Oct 10, 2017 5:06:36 PM org.springframework.beans.factory.xml.XmlBeanDefinitionReader loadBeanDefinitions
INFO: Loading XML bean definitions from class path resource [applicationContext.xml]
Oct 10, 2017 5:06:36 PM org.springframework.context.support.ClassPathXmlApplicationContext prepareRefresh
INFO: Refreshing org.springframework.context.support.ClassPathXmlApplicationContext@5e8ce6ab: startup date [Tue Oct 10 17:06:36 EDT 2017]; root of context hierarchy
Oct 10, 2017 5:06:36 PM org.springframework.beans.factory.xml.XmlBeanDefinitionReader loadBeanDefinitions
INFO: Loading XML bean definitions from class path resource [applicationContext.xml]
Oct 10, 2017 5:06:36 PM org.springframework.context.support.ClassPathXmlApplicationContext prepareRefresh
INFO: Refreshing org.springframework.context.support.ClassPathXmlApplicationContext@52f3f1b0: startup date [Tue Oct 10 17:06:36 EDT 2017]; root of context hierarchy
Oct 10, 2017 5:06:36 PM org.springframework.beans.factory.xml.XmlBeanDefinitionReader loadBeanDefinitions
INFO: Loading XML bean definitions from class path resource [applicationContext.xml]
Oct 10, 2017 5:06:36 PM org.springframework.context.support.ClassPathXmlApplicationContext prepareRefresh
INFO: Refreshing org.springframework.context.support.ClassPathXmlApplicationContext@582220a5: startup date [Tue Oct 10 17:06:36 EDT 2017]; root of context hierarchy
Oct 10, 2017 5:06:36 PM org.springframework.beans.factory.xml.XmlBeanDefinitionReader loadBeanDefinitions
INFO: Loading XML bean definitions from class path resource [applicationContext.xml]
Oct 10, 2017 5:06:36 PM org.springframework.context.support.ClassPathXmlApplicationContext prepareRefresh
INFO: Refreshing org.springframework.context.support.ClassPathXmlApplicationContext@54a7849c: startup date [Tue Oct 10 17:06:36 EDT 2017]; root of context hierarchy
Oct 10, 2017 5:06:36 PM org.springframework.beans.factory.xml.XmlBeanDefinitionReader loadBeanDefinitions
INFO: Loading XML bean definitions from class path resource [applicationContext.xml]
Oct 10, 2017 5:06:36 PM org.springframework.context.support.ClassPathXmlApplicationContext prepareRefresh
INFO: Refreshing org.springframework.context.support.ClassPathXmlApplicationContext@2f497242: startup date [Tue Oct 10 17:06:36 EDT 2017]; root of context hierarchy
Oct 10, 2017 5:06:36 PM org.springframework.beans.factory.xml.XmlBeanDefinitionReader loadBeanDefinitions
INFO: Loading XML bean definitions from class path resource [applicationContext.xml]
Oct 10, 2017 5:06:36 PM org.springframework.context.support.ClassPathXmlApplicationContext prepareRefresh
INFO: Refreshing org.springframework.context.support.ClassPathXmlApplicationContext@1aa6b336: startup date [Tue Oct 10 17:06:36 EDT 2017]; root of context hierarchy
Oct 10, 2017 5:06:36 PM org.springframework.beans.factory.xml.XmlBeanDefinitionReader loadBeanDefinitions
INFO: Loading XML bean definitions from class path resource [applicationContext.xml]
Oct 10, 2017 5:06:36 PM org.springframework.context.support.ClassPathXmlApplicationContext prepareRefresh
INFO: Refreshing org.springframework.context.support.ClassPathXmlApplicationContext@57a154df: startup date [Tue Oct 10 17:06:36 EDT 2017]; root of context hierarchy
Oct 10, 2017 5:06:36 PM org.springframework.beans.factory.xml.XmlBeanDefinitionReader loadBeanDefinitions
INFO: Loading XML bean definitions from class path resource [applicationContext.xml]
Oct 10, 2017 5:06:36 PM org.springframework.context.support.ClassPathXmlApplicationContext prepareRefresh
INFO: Refreshing org.springframework.context.support.ClassPathXmlApplicationContext@1af2f0: startup date [Tue Oct 10 17:06:36 EDT 2017]; root of context hierarchy
Oct 10, 2017 5:06:36 PM org.springframework.beans.factory.xml.XmlBeanDefinitionReader loadBeanDefinitions
INFO: Loading XML bean definitions from class path resource [applicationContext.xml]
Oct 10, 2017 5:06:36 PM org.springframework.context.support.ClassPathXmlApplicationContext prepareRefresh
INFO: Refreshing org.springframework.context.support.ClassPathXmlApplicationContext@d6e1082: startup date [Tue Oct 10 17:06:36 EDT 2017]; root of context hierarchy
Oct 10, 2017 5:06:36 PM org.springframework.beans.factory.xml.XmlBeanDefinitionReader loadBeanDefinitions
INFO: Loading XML bean definitions from class path resource [applicationContext.xml]
Oct 10, 2017 5:06:36 PM org.springframework.context.support.ClassPathXmlApplicationContext prepareRefresh
INFO: Refreshing org.springframework.context.support.ClassPathXmlApplicationContext@1cbf4d66: startup date [Tue Oct 10 17:06:36 EDT 2017]; root of context hierarchy
Oct 10, 2017 5:06:36 PM org.springframework.beans.factory.xml.XmlBeanDefinitionReader loadBeanDefinitions
INFO: Loading XML bean definitions from class path resource [applicationContext.xml]
Oct 10, 2017 5:06:36 PM org.springframework.context.support.ClassPathXmlApplicationContext prepareRefresh
INFO: Refreshing org.springframework.context.support.ClassPathXmlApplicationContext@48743dbc: startup date [Tue Oct 10 17:06:36 EDT 2017]; root of context hierarchy
Oct 10, 2017 5:06:36 PM org.springframework.beans.factory.xml.XmlBeanDefinitionReader loadBeanDefinitions
INFO: Loading XML bean definitions from class path resource [applicationContext.xml]
Oct 10, 2017 5:06:36 PM org.springframework.context.support.ClassPathXmlApplicationContext prepareRefresh
INFO: Refreshing org.springframework.context.support.ClassPathXmlApplicationContext@398978f1: startup date [Tue Oct 10 17:06:36 EDT 2017]; root of context hierarchy
Oct 10, 2017 5:06:36 PM org.springframework.beans.factory.xml.XmlBeanDefinitionReader loadBeanDefinitions
INFO: Loading XML bean definitions from class path resource [applicationContext.xml]
Oct 10, 2017 5:06:36 PM org.springframework.context.support.ClassPathXmlApplicationContext prepareRefresh
INFO: Refreshing org.springframework.context.support.ClassPathXmlApplicationContext@2cc16fdd: startup date [Tue Oct 10 17:06:36 EDT 2017]; root of context hierarchy
Oct 10, 2017 5:06:36 PM org.springframework.beans.factory.xml.XmlBeanDefinitionReader loadBeanDefinitions
INFO: Loading XML bean definitions from class path resource [applicationContext.xml]
Oct 10, 2017 5:06:36 PM org.springframework.context.support.ClassPathXmlApplicationContext prepareRefresh
INFO: Refreshing org.springframework.context.support.ClassPathXmlApplicationContext@2086c0a: startup date [Tue Oct 10 17:06:36 EDT 2017]; root of context hierarchy
Oct 10, 2017 5:06:36 PM org.springframework.beans.factory.xml.XmlBeanDefinitionReader loadBeanDefinitions
INFO: Loading XML bean definitions from class path resource [applicationContext.xml]
Oct 10, 2017 5:06:36 PM org.springframework.context.support.ClassPathXmlApplicationContext prepareRefresh
INFO: Refreshing org.springframework.context.support.ClassPathXmlApplicationContext@5833fcdb: startup date [Tue Oct 10 17:06:36 EDT 2017]; root of context hierarchy
Oct 10, 2017 5:06:36 PM org.springframework.beans.factory.xml.XmlBeanDefinitionReader loadBeanDefinitions
INFO: Loading XML bean definitions from class path resource [applicationContext.xml]
Oct 10, 2017 5:06:36 PM org.springframework.context.support.ClassPathXmlApplicationContext prepareRefresh
INFO: Refreshing org.springframework.context.support.ClassPathXmlApplicationContext@2c286268: startup date [Tue Oct 10 17:06:36 EDT 2017]; root of context hierarchy
Oct 10, 2017 5:06:36 PM org.springframework.beans.factory.xml.XmlBeanDefinitionReader loadBeanDefinitions
INFO: Loading XML bean definitions from class path resource [applicationContext.xml]
Oct 10, 2017 5:06:36 PM org.springframework.context.support.ClassPathXmlApplicationContext prepareRefresh
INFO: Refreshing org.springframework.context.support.ClassPathXmlApplicationContext@41c7df56: startup date [Tue Oct 10 17:06:36 EDT 2017]; root of context hierarchy
Oct 10, 2017 5:06:36 PM org.springframework.beans.factory.xml.XmlBeanDefinitionReader loadBeanDefinitions
INFO: Loading XML bean definitions from class path resource [applicationContext.xml]
Oct 10, 2017 5:06:36 PM org.springframework.context.support.ClassPathXmlApplicationContext prepareRefresh
INFO: Refreshing org.springframework.context.support.ClassPathXmlApplicationContext@6ed29696: startup date [Tue Oct 10 17:06:36 EDT 2017]; root of context hierarchy
Oct 10, 2017 5:06:36 PM org.springframework.beans.factory.xml.XmlBeanDefinitionReader loadBeanDefinitions
INFO: Loading XML bean definitions from class path resource [applicationContext.xml]
Oct 10, 2017 5:06:36 PM org.springframework.context.support.ClassPathXmlApplicationContext prepareRefresh
INFO: Refreshing org.springframework.context.support.ClassPathXmlApplicationContext@52912159: startup date [Tue Oct 10 17:06:36 EDT 2017]; root of context hierarchy
Oct 10, 2017 5:06:36 PM org.springframework.beans.factory.xml.XmlBeanDefinitionReader loadBeanDefinitions
INFO: Loading XML bean definitions from class path resource [applicationContext.xml]
Oct 10, 2017 5:06:36 PM org.springframework.context.support.ClassPathXmlApplicationContext prepareRefresh
INFO: Refreshing org.springframework.context.support.ClassPathXmlApplicationContext@646f5497: startup date [Tue Oct 10 17:06:36 EDT 2017]; root of context hierarchy
Oct 10, 2017 5:06:36 PM org.springframework.beans.factory.xml.XmlBeanDefinitionReader loadBeanDefinitions
INFO: Loading XML bean definitions from class path resource [applicationContext.xml]
Oct 10, 2017 5:06:36 PM org.springframework.context.support.ClassPathXmlApplicationContext prepareRefresh
INFO: Refreshing org.springframework.context.support.ClassPathXmlApplicationContext@6b243e2d: startup date [Tue Oct 10 17:06:36 EDT 2017]; root of context hierarchy
Oct 10, 2017 5:06:36 PM org.springframework.beans.factory.xml.XmlBeanDefinitionReader loadBeanDefinitions
INFO: Loading XML bean definitions from class path resource [applicationContext.xml]
Oct 10, 2017 5:06:36 PM org.springframework.context.support.ClassPathXmlApplicationContext prepareRefresh
INFO: Refreshing org.springframework.context.support.ClassPathXmlApplicationContext@2030d08a: startup date [Tue Oct 10 17:06:36 EDT 2017]; root of context hierarchy
Oct 10, 2017 5:06:36 PM org.springframework.beans.factory.xml.XmlBeanDefinitionReader loadBeanDefinitions
INFO: Loading XML bean definitions from class path resource [applicationContext.xml]
Oct 10, 2017 5:06:36 PM org.springframework.context.support.ClassPathXmlApplicationContext prepareRefresh
INFO: Refreshing org.springframework.context.support.ClassPathXmlApplicationContext@6be96eb6: startup date [Tue Oct 10 17:06:36 EDT 2017]; root of context hierarchy
Oct 10, 2017 5:06:36 PM org.springframework.beans.factory.xml.XmlBeanDefinitionReader loadBeanDefinitions
INFO: Loading XML bean definitions from class path resource [applicationContext.xml]
Oct 10, 2017 5:06:36 PM org.springframework.context.support.ClassPathXmlApplicationContext prepareRefresh
INFO: Refreshing org.springframework.context.support.ClassPathXmlApplicationContext@21028dd8: startup date [Tue Oct 10 17:06:36 EDT 2017]; root of context hierarchy
Oct 10, 2017 5:06:36 PM org.springframework.beans.factory.xml.XmlBeanDefinitionReader loadBeanDefinitions
INFO: Loading XML bean definitions from class path resource [applicationContext.xml]
Oct 10, 2017 5:06:36 PM org.springframework.context.support.ClassPathXmlApplicationContext prepareRefresh
INFO: Refreshing org.springframework.context.support.ClassPathXmlApplicationContext@8f6f3f: startup date [Tue Oct 10 17:06:36 EDT 2017]; root of context hierarchy
Oct 10, 2017 5:06:36 PM org.springframework.beans.factory.xml.XmlBeanDefinitionReader loadBeanDefinitions
INFO: Loading XML bean definitions from class path resource [applicationContext.xml]
Oct 10, 2017 5:06:36 PM org.springframework.context.support.ClassPathXmlApplicationContext prepareRefresh
INFO: Refreshing org.springframework.context.support.ClassPathXmlApplicationContext@33e3bc7: startup date [Tue Oct 10 17:06:36 EDT 2017]; root of context hierarchy
Oct 10, 2017 5:06:36 PM org.springframework.beans.factory.xml.XmlBeanDefinitionReader loadBeanDefinitions
INFO: Loading XML bean definitions from class path resource [applicationContext.xml]
Oct 10, 2017 5:06:36 PM org.springframework.context.support.ClassPathXmlApplicationContext prepareRefresh
INFO: Refreshing org.springframework.context.support.ClassPathXmlApplicationContext@3bcc6d5a: startup date [Tue Oct 10 17:06:36 EDT 2017]; root of context hierarchy
Oct 10, 2017 5:06:36 PM org.springframework.beans.factory.xml.XmlBeanDefinitionReader loadBeanDefinitions
INFO: Loading XML bean definitions from class path resource [applicationContext.xml]
Oct 10, 2017 5:06:36 PM org.springframework.context.support.ClassPathXmlApplicationContext prepareRefresh
INFO: Refreshing org.springframework.context.support.ClassPathXmlApplicationContext@7782d04: startup date [Tue Oct 10 17:06:36 EDT 2017]; root of context hierarchy
Oct 10, 2017 5:06:36 PM org.springframework.beans.factory.xml.XmlBeanDefinitionReader loadBeanDefinitions
INFO: Loading XML bean definitions from class path resource [applicationContext.xml]
Oct 10, 2017 5:06:36 PM org.springframework.context.support.ClassPathXmlApplicationContext prepareRefresh
INFO: Refreshing org.springframework.context.support.ClassPathXmlApplicationContext@53a01acc: startup date [Tue Oct 10 17:06:36 EDT 2017]; root of context hierarchy
Oct 10, 2017 5:06:36 PM org.springframework.beans.factory.xml.XmlBeanDefinitionReader loadBeanDefinitions
INFO: Loading XML bean definitions from class path resource [applicationContext.xml]
Oct 10, 2017 5:06:36 PM org.springframework.context.support.ClassPathXmlApplicationContext prepareRefresh
INFO: Refreshing org.springframework.context.support.ClassPathXmlApplicationContext@139d02: startup date [Tue Oct 10 17:06:36 EDT 2017]; root of context hierarchy
Oct 10, 2017 5:06:36 PM org.springframework.beans.factory.xml.XmlBeanDefinitionReader loadBeanDefinitions
INFO: Loading XML bean definitions from class path resource [applicationContext.xml]
Oct 10, 2017 5:06:36 PM org.springframework.context.support.ClassPathXmlApplicationContext prepareRefresh
INFO: Refreshing org.springframework.context.support.ClassPathXmlApplicationContext@2cf90fc3: startup date [Tue Oct 10 17:06:36 EDT 2017]; root of context hierarchy
Oct 10, 2017 5:06:36 PM org.springframework.beans.factory.xml.XmlBeanDefinitionReader loadBeanDefinitions
INFO: Loading XML bean definitions from class path resource [applicationContext.xml]
Oct 10, 2017 5:06:36 PM org.springframework.context.support.ClassPathXmlApplicationContext prepareRefresh
INFO: Refreshing org.springframework.context.support.ClassPathXmlApplicationContext@7f8d81e3: startup date [Tue Oct 10 17:06:36 EDT 2017]; root of context hierarchy
Oct 10, 2017 5:06:36 PM org.springframework.beans.factory.xml.XmlBeanDefinitionReader loadBeanDefinitions
INFO: Loading XML bean definitions from class path resource [applicationContext.xml]
Oct 10, 2017 5:06:36 PM org.springframework.context.support.ClassPathXmlApplicationContext prepareRefresh
INFO: Refreshing org.springframework.context.support.ClassPathXmlApplicationContext@6cbe41eb: startup date [Tue Oct 10 17:06:36 EDT 2017]; root of context hierarchy
Oct 10, 2017 5:06:36 PM org.springframework.beans.factory.xml.XmlBeanDefinitionReader loadBeanDefinitions
INFO: Loading XML bean definitions from class path resource [applicationContext.xml]
Oct 10, 2017 5:06:36 PM org.springframework.context.support.ClassPathXmlApplicationContext prepareRefresh
INFO: Refreshing org.springframework.context.support.ClassPathXmlApplicationContext@7df849a9: startup date [Tue Oct 10 17:06:36 EDT 2017]; root of context hierarchy
Oct 10, 2017 5:06:36 PM org.springframework.beans.factory.xml.XmlBeanDefinitionReader loadBeanDefinitions
INFO: Loading XML bean definitions from class path resource [applicationContext.xml]
Oct 10, 2017 5:06:36 PM org.springframework.context.support.ClassPathXmlApplicationContext prepareRefresh
INFO: Refreshing org.springframework.context.support.ClassPathXmlApplicationContext@4001b079: startup date [Tue Oct 10 17:06:36 EDT 2017]; root of context hierarchy
Oct 10, 2017 5:06:36 PM org.springframework.beans.factory.xml.XmlBeanDefinitionReader loadBeanDefinitions
INFO: Loading XML bean definitions from class path resource [applicationContext.xml]
Oct 10, 2017 5:06:36 PM org.springframework.context.support.ClassPathXmlApplicationContext prepareRefresh
INFO: Refreshing org.springframework.context.support.ClassPathXmlApplicationContext@217e4d6b: startup date [Tue Oct 10 17:06:36 EDT 2017]; root of context hierarchy
Oct 10, 2017 5:06:36 PM org.springframework.beans.factory.xml.XmlBeanDefinitionReader loadBeanDefinitions
INFO: Loading XML bean definitions from class path resource [applicationContext.xml]
Oct 10, 2017 5:06:36 PM org.springframework.context.support.ClassPathXmlApplicationContext prepareRefresh
INFO: Refreshing org.springframework.context.support.ClassPathXmlApplicationContext@3e14cf82: startup date [Tue Oct 10 17:06:36 EDT 2017]; root of context hierarchy
Oct 10, 2017 5:06:36 PM org.springframework.beans.factory.xml.XmlBeanDefinitionReader loadBeanDefinitions
INFO: Loading XML bean definitions from class path resource [applicationContext.xml]
Oct 10, 2017 5:06:36 PM org.springframework.context.support.ClassPathXmlApplicationContext prepareRefresh
INFO: Refreshing org.springframework.context.support.ClassPathXmlApplicationContext@7a10cec9: startup date [Tue Oct 10 17:06:36 EDT 2017]; root of context hierarchy
Oct 10, 2017 5:06:36 PM org.springframework.beans.factory.xml.XmlBeanDefinitionReader loadBeanDefinitions
INFO: Loading XML bean definitions from class path resource [applicationContext.xml]
Oct 10, 2017 5:06:36 PM org.springframework.context.support.ClassPathXmlApplicationContext prepareRefresh
INFO: Refreshing org.springframework.context.support.ClassPathXmlApplicationContext@24293d04: startup date [Tue Oct 10 17:06:36 EDT 2017]; root of context hierarchy
Oct 10, 2017 5:06:36 PM org.springframework.beans.factory.xml.XmlBeanDefinitionReader loadBeanDefinitions
INFO: Loading XML bean definitions from class path resource [applicationContext.xml]
Oct 10, 2017 5:06:36 PM org.springframework.context.support.ClassPathXmlApplicationContext prepareRefresh
INFO: Refreshing org.springframework.context.support.ClassPathXmlApplicationContext@427898aa: startup date [Tue Oct 10 17:06:36 EDT 2017]; root of context hierarchy
Oct 10, 2017 5:06:36 PM org.springframework.beans.factory.xml.XmlBeanDefinitionReader loadBeanDefinitions
INFO: Loading XML bean definitions from class path resource [applicationContext.xml]
Oct 10, 2017 5:06:37 PM org.springframework.context.support.ClassPathXmlApplicationContext prepareRefresh
INFO: Refreshing org.springframework.context.support.ClassPathXmlApplicationContext@48e6582d: startup date [Tue Oct 10 17:06:37 EDT 2017]; root of context hierarchy
Oct 10, 2017 5:06:37 PM org.springframework.beans.factory.xml.XmlBeanDefinitionReader loadBeanDefinitions
INFO: Loading XML bean definitions from class path resource [applicationContext.xml]
Oct 10, 2017 5:06:37 PM org.springframework.context.support.ClassPathXmlApplicationContext prepareRefresh
INFO: Refreshing org.springframework.context.support.ClassPathXmlApplicationContext@276bab4: startup date [Tue Oct 10 17:06:37 EDT 2017]; root of context hierarchy
Oct 10, 2017 5:06:37 PM org.springframework.beans.factory.xml.XmlBeanDefinitionReader loadBeanDefinitions
INFO: Loading XML bean definitions from class path resource [applicationContext.xml]
Oct 10, 2017 5:06:37 PM org.springframework.context.support.ClassPathXmlApplicationContext prepareRefresh
INFO: Refreshing org.springframework.context.support.ClassPathXmlApplicationContext@40858c53: startup date [Tue Oct 10 17:06:37 EDT 2017]; root of context hierarchy
Oct 10, 2017 5:06:37 PM org.springframework.beans.factory.xml.XmlBeanDefinitionReader loadBeanDefinitions
INFO: Loading XML bean definitions from class path resource [applicationContext.xml]
Oct 10, 2017 5:06:37 PM org.springframework.context.support.ClassPathXmlApplicationContext prepareRefresh
INFO: Refreshing org.springframework.context.support.ClassPathXmlApplicationContext@792eb523: startup date [Tue Oct 10 17:06:37 EDT 2017]; root of context hierarchy
Oct 10, 2017 5:06:37 PM org.springframework.beans.factory.xml.XmlBeanDefinitionReader loadBeanDefinitions
INFO: Loading XML bean definitions from class path resource [applicationContext.xml]
Oct 10, 2017 5:06:37 PM org.springframework.context.support.ClassPathXmlApplicationContext prepareRefresh
INFO: Refreshing org.springframework.context.support.ClassPathXmlApplicationContext@7713d2c3: startup date [Tue Oct 10 17:06:37 EDT 2017]; root of context hierarchy
Oct 10, 2017 5:06:37 PM org.springframework.beans.factory.xml.XmlBeanDefinitionReader loadBeanDefinitions
INFO: Loading XML bean definitions from class path resource [applicationContext.xml]
Oct 10, 2017 5:06:37 PM org.springframework.context.support.ClassPathXmlApplicationContext prepareRefresh
INFO: Refreshing org.springframework.context.support.ClassPathXmlApplicationContext@6632871a: startup date [Tue Oct 10 17:06:37 EDT 2017]; root of context hierarchy
Oct 10, 2017 5:06:37 PM org.springframework.beans.factory.xml.XmlBeanDefinitionReader loadBeanDefinitions
INFO: Loading XML bean definitions from class path resource [applicationContext.xml]
Oct 10, 2017 5:06:37 PM org.springframework.context.support.ClassPathXmlApplicationContext prepareRefresh
INFO: Refreshing org.springframework.context.support.ClassPathXmlApplicationContext@17caa85a: startup date [Tue Oct 10 17:06:37 EDT 2017]; root of context hierarchy
Oct 10, 2017 5:06:37 PM org.springframework.beans.factory.xml.XmlBeanDefinitionReader loadBeanDefinitions
INFO: Loading XML bean definitions from class path resource [applicationContext.xml]
Oct 10, 2017 5:06:37 PM org.springframework.context.support.ClassPathXmlApplicationContext prepareRefresh
INFO: Refreshing org.springframework.context.support.ClassPathXmlApplicationContext@20171b9a: startup date [Tue Oct 10 17:06:37 EDT 2017]; root of context hierarchy
Oct 10, 2017 5:06:37 PM org.springframework.beans.factory.xml.XmlBeanDefinitionReader loadBeanDefinitions
INFO: Loading XML bean definitions from class path resource [applicationContext.xml]
Oct 10, 2017 5:06:37 PM org.springframework.context.support.ClassPathXmlApplicationContext prepareRefresh
INFO: Refreshing org.springframework.context.support.ClassPathXmlApplicationContext@7be62b35: startup date [Tue Oct 10 17:06:37 EDT 2017]; root of context hierarchy
Oct 10, 2017 5:06:37 PM org.springframework.beans.factory.xml.XmlBeanDefinitionReader loadBeanDefinitions
INFO: Loading XML bean definitions from class path resource [applicationContext.xml]
Oct 10, 2017 5:06:37 PM org.springframework.context.support.ClassPathXmlApplicationContext prepareRefresh
INFO: Refreshing org.springframework.context.support.ClassPathXmlApplicationContext@7a064b37: startup date [Tue Oct 10 17:06:37 EDT 2017]; root of context hierarchy
Oct 10, 2017 5:06:37 PM org.springframework.beans.factory.xml.XmlBeanDefinitionReader loadBeanDefinitions
INFO: Loading XML bean definitions from class path resource [applicationContext.xml]
Oct 10, 2017 5:06:37 PM org.springframework.context.support.ClassPathXmlApplicationContext prepareRefresh
INFO: Refreshing org.springframework.context.support.ClassPathXmlApplicationContext@33d6eb85: startup date [Tue Oct 10 17:06:37 EDT 2017]; root of context hierarchy
Oct 10, 2017 5:06:37 PM org.springframework.beans.factory.xml.XmlBeanDefinitionReader loadBeanDefinitions
INFO: Loading XML bean definitions from class path resource [applicationContext.xml]
Oct 10, 2017 5:06:37 PM org.springframework.context.support.ClassPathXmlApplicationContext prepareRefresh
INFO: Refreshing org.springframework.context.support.ClassPathXmlApplicationContext@6184b73f: startup date [Tue Oct 10 17:06:37 EDT 2017]; root of context hierarchy
Oct 10, 2017 5:06:37 PM org.springframework.beans.factory.xml.XmlBeanDefinitionReader loadBeanDefinitions
INFO: Loading XML bean definitions from class path resource [applicationContext.xml]
Oct 10, 2017 5:06:37 PM org.springframework.context.support.ClassPathXmlApplicationContext prepareRefresh
INFO: Refreshing org.springframework.context.support.ClassPathXmlApplicationContext@485953a7: startup date [Tue Oct 10 17:06:37 EDT 2017]; root of context hierarchy
Oct 10, 2017 5:06:37 PM org.springframework.beans.factory.xml.XmlBeanDefinitionReader loadBeanDefinitions
INFO: Loading XML bean definitions from class path resource [applicationContext.xml]
Oct 10, 2017 5:06:37 PM org.springframework.context.support.ClassPathXmlApplicationContext prepareRefresh
INFO: Refreshing org.springframework.context.support.ClassPathXmlApplicationContext@3fcb6857: startup date [Tue Oct 10 17:06:37 EDT 2017]; root of context hierarchy
Oct 10, 2017 5:06:37 PM org.springframework.beans.factory.xml.XmlBeanDefinitionReader loadBeanDefinitions
INFO: Loading XML bean definitions from class path resource [applicationContext.xml]
Oct 10, 2017 5:06:37 PM org.springframework.context.support.ClassPathXmlApplicationContext prepareRefresh
INFO: Refreshing org.springframework.context.support.ClassPathXmlApplicationContext@250a31e3: startup date [Tue Oct 10 17:06:37 EDT 2017]; root of context hierarchy
Oct 10, 2017 5:06:37 PM org.springframework.beans.factory.xml.XmlBeanDefinitionReader loadBeanDefinitions
INFO: Loading XML bean definitions from class path resource [applicationContext.xml]
Oct 10, 2017 5:06:37 PM org.springframework.context.support.ClassPathXmlApplicationContext prepareRefresh
INFO: Refreshing org.springframework.context.support.ClassPathXmlApplicationContext@4780cb6c: startup date [Tue Oct 10 17:06:37 EDT 2017]; root of context hierarchy
Oct 10, 2017 5:06:37 PM org.springframework.beans.factory.xml.XmlBeanDefinitionReader loadBeanDefinitions
INFO: Loading XML bean definitions from class path resource [applicationContext.xml]
Oct 10, 2017 5:06:37 PM org.springframework.context.support.ClassPathXmlApplicationContext prepareRefresh
INFO: Refreshing org.springframework.context.support.ClassPathXmlApplicationContext@5eb4ea0a: startup date [Tue Oct 10 17:06:37 EDT 2017]; root of context hierarchy
Oct 10, 2017 5:06:37 PM org.springframework.beans.factory.xml.XmlBeanDefinitionReader loadBeanDefinitions
INFO: Loading XML bean definitions from class path resource [applicationContext.xml]
Oct 10, 2017 5:06:37 PM org.springframework.context.support.ClassPathXmlApplicationContext prepareRefresh
INFO: Refreshing org.springframework.context.support.ClassPathXmlApplicationContext@1549df68: startup date [Tue Oct 10 17:06:37 EDT 2017]; root of context hierarchy
Oct 10, 2017 5:06:37 PM org.springframework.beans.factory.xml.XmlBeanDefinitionReader loadBeanDefinitions
INFO: Loading XML bean definitions from class path resource [applicationContext.xml]
Oct 10, 2017 5:06:37 PM org.springframework.context.support.ClassPathXmlApplicationContext prepareRefresh
INFO: Refreshing org.springframework.context.support.ClassPathXmlApplicationContext@47b8ccfa: startup date [Tue Oct 10 17:06:37 EDT 2017]; root of context hierarchy
Oct 10, 2017 5:06:37 PM org.springframework.beans.factory.xml.XmlBeanDefinitionReader loadBeanDefinitions
INFO: Loading XML bean definitions from class path resource [applicationContext.xml]
Oct 10, 2017 5:06:37 PM org.springframework.context.support.ClassPathXmlApplicationContext prepareRefresh
INFO: Refreshing org.springframework.context.support.ClassPathXmlApplicationContext@3c0d2038: startup date [Tue Oct 10 17:06:37 EDT 2017]; root of context hierarchy
Oct 10, 2017 5:06:37 PM org.springframework.beans.factory.xml.XmlBeanDefinitionReader loadBeanDefinitions
INFO: Loading XML bean definitions from class path resource [applicationContext.xml]
Oct 10, 2017 5:06:37 PM org.springframework.context.support.ClassPathXmlApplicationContext prepareRefresh
INFO: Refreshing org.springframework.context.support.ClassPathXmlApplicationContext@3b782657: startup date [Tue Oct 10 17:06:37 EDT 2017]; root of context hierarchy
Oct 10, 2017 5:06:37 PM org.springframework.beans.factory.xml.XmlBeanDefinitionReader loadBeanDefinitions
INFO: Loading XML bean definitions from class path resource [applicationContext.xml]
Oct 10, 2017 5:06:37 PM org.springframework.context.support.ClassPathXmlApplicationContext prepareRefresh
INFO: Refreshing org.springframework.context.support.ClassPathXmlApplicationContext@29abbbf6: startup date [Tue Oct 10 17:06:37 EDT 2017]; root of context hierarchy
Oct 10, 2017 5:06:37 PM org.springframework.beans.factory.xml.XmlBeanDefinitionReader loadBeanDefinitions
INFO: Loading XML bean definitions from class path resource [applicationContext.xml]
Oct 10, 2017 5:06:37 PM org.springframework.context.support.ClassPathXmlApplicationContext prepareRefresh
INFO: Refreshing org.springframework.context.support.ClassPathXmlApplicationContext@358d26b3: startup date [Tue Oct 10 17:06:37 EDT 2017]; root of context hierarchy
Oct 10, 2017 5:06:37 PM org.springframework.beans.factory.xml.XmlBeanDefinitionReader loadBeanDefinitions
INFO: Loading XML bean definitions from class path resource [applicationContext.xml]
Oct 10, 2017 5:06:37 PM org.springframework.context.support.ClassPathXmlApplicationContext prepareRefresh
INFO: Refreshing org.springframework.context.support.ClassPathXmlApplicationContext@af8e9fa: startup date [Tue Oct 10 17:06:37 EDT 2017]; root of context hierarchy
Oct 10, 2017 5:06:37 PM org.springframework.beans.factory.xml.XmlBeanDefinitionReader loadBeanDefinitions
INFO: Loading XML bean definitions from class path resource [applicationContext.xml]
Oct 10, 2017 5:06:37 PM org.springframework.context.support.ClassPathXmlApplicationContext prepareRefresh
INFO: Refreshing org.springframework.context.support.ClassPathXmlApplicationContext@5a4ce109: startup date [Tue Oct 10 17:06:37 EDT 2017]; root of context hierarchy
Oct 10, 2017 5:06:37 PM org.springframework.beans.factory.xml.XmlBeanDefinitionReader loadBeanDefinitions
INFO: Loading XML bean definitions from class path resource [applicationContext.xml]
Oct 10, 2017 5:06:37 PM org.springframework.context.support.ClassPathXmlApplicationContext prepareRefresh
INFO: Refreshing org.springframework.context.support.ClassPathXmlApplicationContext@203f111b: startup date [Tue Oct 10 17:06:37 EDT 2017]; root of context hierarchy
Oct 10, 2017 5:06:37 PM org.springframework.beans.factory.xml.XmlBeanDefinitionReader loadBeanDefinitions
INFO: Loading XML bean definitions from class path resource [applicationContext.xml]
Oct 10, 2017 5:06:37 PM org.springframework.context.support.ClassPathXmlApplicationContext prepareRefresh
INFO: Refreshing org.springframework.context.support.ClassPathXmlApplicationContext@1ab1fcb4: startup date [Tue Oct 10 17:06:37 EDT 2017]; root of context hierarchy
Oct 10, 2017 5:06:37 PM org.springframework.beans.factory.xml.XmlBeanDefinitionReader loadBeanDefinitions
INFO: Loading XML bean definitions from class path resource [applicationContext.xml]
Oct 10, 2017 5:06:37 PM org.springframework.context.support.ClassPathXmlApplicationContext prepareRefresh
INFO: Refreshing org.springframework.context.support.ClassPathXmlApplicationContext@4099f633: startup date [Tue Oct 10 17:06:37 EDT 2017]; root of context hierarchy
Oct 10, 2017 5:06:37 PM org.springframework.beans.factory.xml.XmlBeanDefinitionReader loadBeanDefinitions
INFO: Loading XML bean definitions from class path resource [applicationContext.xml]
Oct 10, 2017 5:06:37 PM org.springframework.context.support.ClassPathXmlApplicationContext prepareRefresh
INFO: Refreshing org.springframework.context.support.ClassPathXmlApplicationContext@2ad5c17e: startup date [Tue Oct 10 17:06:37 EDT 2017]; root of context hierarchy
Oct 10, 2017 5:06:37 PM org.springframework.beans.factory.xml.XmlBeanDefinitionReader loadBeanDefinitions
INFO: Loading XML bean definitions from class path resource [applicationContext.xml]
Oct 10, 2017 5:06:37 PM org.springframework.context.support.ClassPathXmlApplicationContext prepareRefresh
INFO: Refreshing org.springframework.context.support.ClassPathXmlApplicationContext@3e466750: startup date [Tue Oct 10 17:06:37 EDT 2017]; root of context hierarchy
Oct 10, 2017 5:06:37 PM org.springframework.beans.factory.xml.XmlBeanDefinitionReader loadBeanDefinitions
INFO: Loading XML bean definitions from class path resource [applicationContext.xml]
Oct 10, 2017 5:06:37 PM org.springframework.context.support.ClassPathXmlApplicationContext prepareRefresh
INFO: Refreshing org.springframework.context.support.ClassPathXmlApplicationContext@192cf1ad: startup date [Tue Oct 10 17:06:37 EDT 2017]; root of context hierarchy
Oct 10, 2017 5:06:37 PM org.springframework.beans.factory.xml.XmlBeanDefinitionReader loadBeanDefinitions
INFO: Loading XML bean definitions from class path resource [applicationContext.xml]
Oct 10, 2017 5:06:37 PM org.springframework.context.support.ClassPathXmlApplicationContext prepareRefresh
INFO: Refreshing org.springframework.context.support.ClassPathXmlApplicationContext@3d84bdd4: startup date [Tue Oct 10 17:06:37 EDT 2017]; root of context hierarchy
Oct 10, 2017 5:06:37 PM org.springframework.beans.factory.xml.XmlBeanDefinitionReader loadBeanDefinitions
INFO: Loading XML bean definitions from class path resource [applicationContext.xml]
Oct 10, 2017 5:06:37 PM org.springframework.context.support.ClassPathXmlApplicationContext prepareRefresh
INFO: Refreshing org.springframework.context.support.ClassPathXmlApplicationContext@a034bed: startup date [Tue Oct 10 17:06:37 EDT 2017]; root of context hierarchy
Oct 10, 2017 5:06:37 PM org.springframework.beans.factory.xml.XmlBeanDefinitionReader loadBeanDefinitions
INFO: Loading XML bean definitions from class path resource [applicationContext.xml]
Oct 10, 2017 5:06:37 PM org.springframework.context.support.ClassPathXmlApplicationContext prepareRefresh
INFO: Refreshing org.springframework.context.support.ClassPathXmlApplicationContext@4ba66b2e: startup date [Tue Oct 10 17:06:37 EDT 2017]; root of context hierarchy
Oct 10, 2017 5:06:37 PM org.springframework.beans.factory.xml.XmlBeanDefinitionReader loadBeanDefinitions
INFO: Loading XML bean definitions from class path resource [applicationContext.xml]
Oct 10, 2017 5:06:37 PM org.springframework.context.support.ClassPathXmlApplicationContext prepareRefresh
INFO: Refreshing org.springframework.context.support.ClassPathXmlApplicationContext@667f8ca7: startup date [Tue Oct 10 17:06:37 EDT 2017]; root of context hierarchy
Oct 10, 2017 5:06:37 PM org.springframework.beans.factory.xml.XmlBeanDefinitionReader loadBeanDefinitions
INFO: Loading XML bean definitions from class path resource [applicationContext.xml]
Oct 10, 2017 5:06:37 PM org.springframework.context.support.ClassPathXmlApplicationContext prepareRefresh
INFO: Refreshing org.springframework.context.support.ClassPathXmlApplicationContext@74c5ae32: startup date [Tue Oct 10 17:06:37 EDT 2017]; root of context hierarchy
Oct 10, 2017 5:06:37 PM org.springframework.beans.factory.xml.XmlBeanDefinitionReader loadBeanDefinitions
INFO: Loading XML bean definitions from class path resource [applicationContext.xml]
Oct 10, 2017 5:06:37 PM org.springframework.context.support.ClassPathXmlApplicationContext prepareRefresh
INFO: Refreshing org.springframework.context.support.ClassPathXmlApplicationContext@6bf09d2d: startup date [Tue Oct 10 17:06:37 EDT 2017]; root of context hierarchy
Oct 10, 2017 5:06:37 PM org.springframework.beans.factory.xml.XmlBeanDefinitionReader loadBeanDefinitions
INFO: Loading XML bean definitions from class path resource [applicationContext.xml]
Oct 10, 2017 5:06:37 PM org.springframework.context.support.ClassPathXmlApplicationContext prepareRefresh
INFO: Refreshing org.springframework.context.support.ClassPathXmlApplicationContext@58ad2474: startup date [Tue Oct 10 17:06:37 EDT 2017]; root of context hierarchy
Oct 10, 2017 5:06:37 PM org.springframework.beans.factory.xml.XmlBeanDefinitionReader loadBeanDefinitions
INFO: Loading XML bean definitions from class path resource [applicationContext.xml]
Oct 10, 2017 5:06:37 PM org.springframework.context.support.ClassPathXmlApplicationContext prepareRefresh
INFO: Refreshing org.springframework.context.support.ClassPathXmlApplicationContext@71c1981: startup date [Tue Oct 10 17:06:37 EDT 2017]; root of context hierarchy
Oct 10, 2017 5:06:37 PM org.springframework.beans.factory.xml.XmlBeanDefinitionReader loadBeanDefinitions
INFO: Loading XML bean definitions from class path resource [applicationContext.xml]
Oct 10, 2017 5:06:37 PM org.springframework.context.support.ClassPathXmlApplicationContext prepareRefresh
INFO: Refreshing org.springframework.context.support.ClassPathXmlApplicationContext@3f23c7a2: startup date [Tue Oct 10 17:06:37 EDT 2017]; root of context hierarchy
Oct 10, 2017 5:06:37 PM org.springframework.beans.factory.xml.XmlBeanDefinitionReader loadBeanDefinitions
INFO: Loading XML bean definitions from class path resource [applicationContext.xml]
Oct 10, 2017 5:06:37 PM org.springframework.context.support.ClassPathXmlApplicationContext prepareRefresh
INFO: Refreshing org.springframework.context.support.ClassPathXmlApplicationContext@373054c: startup date [Tue Oct 10 17:06:37 EDT 2017]; root of context hierarchy
Oct 10, 2017 5:06:37 PM org.springframework.beans.factory.xml.XmlBeanDefinitionReader loadBeanDefinitions
INFO: Loading XML bean definitions from class path resource [applicationContext.xml]
Oct 10, 2017 5:06:37 PM org.springframework.context.support.ClassPathXmlApplicationContext prepareRefresh
INFO: Refreshing org.springframework.context.support.ClassPathXmlApplicationContext@625a7026: startup date [Tue Oct 10 17:06:37 EDT 2017]; root of context hierarchy
Oct 10, 2017 5:06:37 PM org.springframework.beans.factory.xml.XmlBeanDefinitionReader loadBeanDefinitions
INFO: Loading XML bean definitions from class path resource [applicationContext.xml]
Oct 10, 2017 5:06:37 PM org.springframework.context.support.ClassPathXmlApplicationContext prepareRefresh
INFO: Refreshing org.springframework.context.support.ClassPathXmlApplicationContext@3554d296: startup date [Tue Oct 10 17:06:37 EDT 2017]; root of context hierarchy
Oct 10, 2017 5:06:37 PM org.springframework.beans.factory.xml.XmlBeanDefinitionReader loadBeanDefinitions
INFO: Loading XML bean definitions from class path resource [applicationContext.xml]
Oct 10, 2017 5:06:37 PM org.springframework.context.support.ClassPathXmlApplicationContext prepareRefresh
INFO: Refreshing org.springframework.context.support.ClassPathXmlApplicationContext@2d3602a1: startup date [Tue Oct 10 17:06:37 EDT 2017]; root of context hierarchy
Oct 10, 2017 5:06:37 PM org.springframework.beans.factory.xml.XmlBeanDefinitionReader loadBeanDefinitions
INFO: Loading XML bean definitions from class path resource [applicationContext.xml]
Oct 10, 2017 5:06:37 PM org.springframework.context.support.ClassPathXmlApplicationContext prepareRefresh
INFO: Refreshing org.springframework.context.support.ClassPathXmlApplicationContext@707364b8: startup date [Tue Oct 10 17:06:37 EDT 2017]; root of context hierarchy
Oct 10, 2017 5:06:37 PM org.springframework.beans.factory.xml.XmlBeanDefinitionReader loadBeanDefinitions
INFO: Loading XML bean definitions from class path resource [applicationContext.xml]
Oct 10, 2017 5:06:37 PM org.springframework.context.support.ClassPathXmlApplicationContext prepareRefresh
INFO: Refreshing org.springframework.context.support.ClassPathXmlApplicationContext@2ac60de7: startup date [Tue Oct 10 17:06:37 EDT 2017]; root of context hierarchy
Oct 10, 2017 5:06:37 PM org.springframework.beans.factory.xml.XmlBeanDefinitionReader loadBeanDefinitions
INFO: Loading XML bean definitions from class path resource [applicationContext.xml]
Oct 10, 2017 5:06:37 PM org.springframework.context.support.ClassPathXmlApplicationContext prepareRefresh
INFO: Refreshing org.springframework.context.support.ClassPathXmlApplicationContext@6f79f9d2: startup date [Tue Oct 10 17:06:37 EDT 2017]; root of context hierarchy
Oct 10, 2017 5:06:37 PM org.springframework.beans.factory.xml.XmlBeanDefinitionReader loadBeanDefinitions
INFO: Loading XML bean definitions from class path resource [applicationContext.xml]
Oct 10, 2017 5:06:37 PM org.springframework.context.support.ClassPathXmlApplicationContext prepareRefresh
INFO: Refreshing org.springframework.context.support.ClassPathXmlApplicationContext@5ce88660: startup date [Tue Oct 10 17:06:37 EDT 2017]; root of context hierarchy
Oct 10, 2017 5:06:37 PM org.springframework.beans.factory.xml.XmlBeanDefinitionReader loadBeanDefinitions
INFO: Loading XML bean definitions from class path resource [applicationContext.xml]
Oct 10, 2017 5:06:37 PM org.springframework.context.support.ClassPathXmlApplicationContext prepareRefresh
INFO: Refreshing org.springframework.context.support.ClassPathXmlApplicationContext@270e80b9: startup date [Tue Oct 10 17:06:37 EDT 2017]; root of context hierarchy
Oct 10, 2017 5:06:37 PM org.springframework.beans.factory.xml.XmlBeanDefinitionReader loadBeanDefinitions
INFO: Loading XML bean definitions from class path resource [applicationContext.xml]
Oct 10, 2017 5:06:37 PM org.springframework.context.support.ClassPathXmlApplicationContext prepareRefresh
INFO: Refreshing org.springframework.context.support.ClassPathXmlApplicationContext@71fea93e: startup date [Tue Oct 10 17:06:37 EDT 2017]; root of context hierarchy
Oct 10, 2017 5:06:37 PM org.springframework.beans.factory.xml.XmlBeanDefinitionReader loadBeanDefinitions
INFO: Loading XML bean definitions from class path resource [applicationContext.xml]
Oct 10, 2017 5:06:37 PM org.springframework.context.support.ClassPathXmlApplicationContext prepareRefresh
INFO: Refreshing org.springframework.context.support.ClassPathXmlApplicationContext@21af7d90: startup date [Tue Oct 10 17:06:37 EDT 2017]; root of context hierarchy
Oct 10, 2017 5:06:37 PM org.springframework.beans.factory.xml.XmlBeanDefinitionReader loadBeanDefinitions
INFO: Loading XML bean definitions from class path resource [applicationContext.xml]
Oct 10, 2017 5:06:37 PM org.springframework.context.support.ClassPathXmlApplicationContext prepareRefresh
INFO: Refreshing org.springframework.context.support.ClassPathXmlApplicationContext@6883d71f: startup date [Tue Oct 10 17:06:37 EDT 2017]; root of context hierarchy
Oct 10, 2017 5:06:37 PM org.springframework.beans.factory.xml.XmlBeanDefinitionReader loadBeanDefinitions
INFO: Loading XML bean definitions from class path resource [applicationContext.xml]
Oct 10, 2017 5:06:37 PM org.springframework.context.support.ClassPathXmlApplicationContext prepareRefresh
INFO: Refreshing org.springframework.context.support.ClassPathXmlApplicationContext@7119d4a2: startup date [Tue Oct 10 17:06:37 EDT 2017]; root of context hierarchy
Oct 10, 2017 5:06:37 PM org.springframework.beans.factory.xml.XmlBeanDefinitionReader loadBeanDefinitions
INFO: Loading XML bean definitions from class path resource [applicationContext.xml]
Oct 10, 2017 5:06:37 PM org.springframework.context.support.ClassPathXmlApplicationContext prepareRefresh
INFO: Refreshing org.springframework.context.support.ClassPathXmlApplicationContext@7736cf64: startup date [Tue Oct 10 17:06:37 EDT 2017]; root of context hierarchy
Oct 10, 2017 5:06:37 PM org.springframework.beans.factory.xml.XmlBeanDefinitionReader loadBeanDefinitions
INFO: Loading XML bean definitions from class path resource [applicationContext.xml]
Oct 10, 2017 5:06:37 PM org.springframework.context.support.ClassPathXmlApplicationContext prepareRefresh
INFO: Refreshing org.springframework.context.support.ClassPathXmlApplicationContext@afb8595: startup date [Tue Oct 10 17:06:37 EDT 2017]; root of context hierarchy
Oct 10, 2017 5:06:37 PM org.springframework.beans.factory.xml.XmlBeanDefinitionReader loadBeanDefinitions
INFO: Loading XML bean definitions from class path resource [applicationContext.xml]
Oct 10, 2017 5:06:37 PM org.springframework.context.support.ClassPathXmlApplicationContext prepareRefresh
INFO: Refreshing org.springframework.context.support.ClassPathXmlApplicationContext@18ace601: startup date [Tue Oct 10 17:06:37 EDT 2017]; root of context hierarchy
Oct 10, 2017 5:06:37 PM org.springframework.beans.factory.xml.XmlBeanDefinitionReader loadBeanDefinitions
INFO: Loading XML bean definitions from class path resource [applicationContext.xml]
Oct 10, 2017 5:06:37 PM org.springframework.context.support.ClassPathXmlApplicationContext prepareRefresh
INFO: Refreshing org.springframework.context.support.ClassPathXmlApplicationContext@5f0a68da: startup date [Tue Oct 10 17:06:37 EDT 2017]; root of context hierarchy
Oct 10, 2017 5:06:37 PM org.springframework.beans.factory.xml.XmlBeanDefinitionReader loadBeanDefinitions
INFO: Loading XML bean definitions from class path resource [applicationContext.xml]
Oct 10, 2017 5:06:37 PM org.springframework.context.support.ClassPathXmlApplicationContext prepareRefresh
INFO: Refreshing org.springframework.context.support.ClassPathXmlApplicationContext@4da8d1b5: startup date [Tue Oct 10 17:06:37 EDT 2017]; root of context hierarchy
Oct 10, 2017 5:06:37 PM org.springframework.beans.factory.xml.XmlBeanDefinitionReader loadBeanDefinitions
INFO: Loading XML bean definitions from class path resource [applicationContext.xml]
Oct 10, 2017 5:06:37 PM org.springframework.context.support.ClassPathXmlApplicationContext prepareRefresh
INFO: Refreshing org.springframework.context.support.ClassPathXmlApplicationContext@1cb83c76: startup date [Tue Oct 10 17:06:37 EDT 2017]; root of context hierarchy
Oct 10, 2017 5:06:37 PM org.springframework.beans.factory.xml.XmlBeanDefinitionReader loadBeanDefinitions
INFO: Loading XML bean definitions from class path resource [applicationContext.xml]
Oct 10, 2017 5:06:37 PM org.springframework.context.support.ClassPathXmlApplicationContext prepareRefresh
INFO: Refreshing org.springframework.context.support.ClassPathXmlApplicationContext@7e1e7b4: startup date [Tue Oct 10 17:06:37 EDT 2017]; root of context hierarchy
Oct 10, 2017 5:06:37 PM org.springframework.beans.factory.xml.XmlBeanDefinitionReader loadBeanDefinitions
INFO: Loading XML bean definitions from class path resource [applicationContext.xml]
Oct 10, 2017 5:06:37 PM org.springframework.context.support.ClassPathXmlApplicationContext prepareRefresh
INFO: Refreshing org.springframework.context.support.ClassPathXmlApplicationContext@3fef5574: startup date [Tue Oct 10 17:06:37 EDT 2017]; root of context hierarchy
Oct 10, 2017 5:06:37 PM org.springframework.beans.factory.xml.XmlBeanDefinitionReader loadBeanDefinitions
INFO: Loading XML bean definitions from class path resource [applicationContext.xml]
Oct 10, 2017 5:06:37 PM org.springframework.context.support.ClassPathXmlApplicationContext prepareRefresh
INFO: Refreshing org.springframework.context.support.ClassPathXmlApplicationContext@747ee210: startup date [Tue Oct 10 17:06:37 EDT 2017]; root of context hierarchy
Oct 10, 2017 5:06:37 PM org.springframework.beans.factory.xml.XmlBeanDefinitionReader loadBeanDefinitions
INFO: Loading XML bean definitions from class path resource [applicationContext.xml]
Oct 10, 2017 5:06:37 PM org.springframework.context.support.ClassPathXmlApplicationContext prepareRefresh
INFO: Refreshing org.springframework.context.support.ClassPathXmlApplicationContext@74244e99: startup date [Tue Oct 10 17:06:37 EDT 2017]; root of context hierarchy
Oct 10, 2017 5:06:37 PM org.springframework.beans.factory.xml.XmlBeanDefinitionReader loadBeanDefinitions
INFO: Loading XML bean definitions from class path resource [applicationContext.xml]
Oct 10, 2017 5:06:37 PM org.springframework.context.support.ClassPathXmlApplicationContext prepareRefresh
INFO: Refreshing org.springframework.context.support.ClassPathXmlApplicationContext@57dd8d2a: startup date [Tue Oct 10 17:06:37 EDT 2017]; root of context hierarchy
Oct 10, 2017 5:06:37 PM org.springframework.beans.factory.xml.XmlBeanDefinitionReader loadBeanDefinitions
INFO: Loading XML bean definitions from class path resource [applicationContext.xml]
Oct 10, 2017 5:06:37 PM org.springframework.context.support.ClassPathXmlApplicationContext prepareRefresh
INFO: Refreshing org.springframework.context.support.ClassPathXmlApplicationContext@3cf62dc0: startup date [Tue Oct 10 17:06:37 EDT 2017]; root of context hierarchy
Oct 10, 2017 5:06:37 PM org.springframework.beans.factory.xml.XmlBeanDefinitionReader loadBeanDefinitions
INFO: Loading XML bean definitions from class path resource [applicationContext.xml]
Oct 10, 2017 5:06:37 PM org.springframework.context.support.ClassPathXmlApplicationContext prepareRefresh
INFO: Refreshing org.springframework.context.support.ClassPathXmlApplicationContext@1acf7d5f: startup date [Tue Oct 10 17:06:37 EDT 2017]; root of context hierarchy
Oct 10, 2017 5:06:37 PM org.springframework.beans.factory.xml.XmlBeanDefinitionReader loadBeanDefinitions
INFO: Loading XML bean definitions from class path resource [applicationContext.xml]
Oct 10, 2017 5:06:37 PM org.springframework.context.support.ClassPathXmlApplicationContext prepareRefresh
INFO: Refreshing org.springframework.context.support.ClassPathXmlApplicationContext@767a607e: startup date [Tue Oct 10 17:06:37 EDT 2017]; root of context hierarchy
Oct 10, 2017 5:06:37 PM org.springframework.beans.factory.xml.XmlBeanDefinitionReader loadBeanDefinitions
INFO: Loading XML bean definitions from class path resource [applicationContext.xml]
Oct 10, 2017 5:06:37 PM org.springframework.context.support.ClassPathXmlApplicationContext prepareRefresh
INFO: Refreshing org.springframework.context.support.ClassPathXmlApplicationContext@5200e098: startup date [Tue Oct 10 17:06:37 EDT 2017]; root of context hierarchy
Oct 10, 2017 5:06:37 PM org.springframework.beans.factory.xml.XmlBeanDefinitionReader loadBeanDefinitions
INFO: Loading XML bean definitions from class path resource [applicationContext.xml]
Oct 10, 2017 5:06:37 PM org.springframework.context.support.ClassPathXmlApplicationContext prepareRefresh
INFO: Refreshing org.springframework.context.support.ClassPathXmlApplicationContext@27b74b3b: startup date [Tue Oct 10 17:06:37 EDT 2017]; root of context hierarchy
Oct 10, 2017 5:06:37 PM org.springframework.beans.factory.xml.XmlBeanDefinitionReader loadBeanDefinitions
INFO: Loading XML bean definitions from class path resource [applicationContext.xml]
Oct 10, 2017 5:06:38 PM org.springframework.context.support.ClassPathXmlApplicationContext prepareRefresh
INFO: Refreshing org.springframework.context.support.ClassPathXmlApplicationContext@41513fce: startup date [Tue Oct 10 17:06:38 EDT 2017]; root of context hierarchy
Oct 10, 2017 5:06:38 PM org.springframework.beans.factory.xml.XmlBeanDefinitionReader loadBeanDefinitions
INFO: Loading XML bean definitions from class path resource [applicationContext.xml]
Oct 10, 2017 5:06:38 PM org.springframework.context.support.ClassPathXmlApplicationContext prepareRefresh
INFO: Refreshing org.springframework.context.support.ClassPathXmlApplicationContext@2ecc08c2: startup date [Tue Oct 10 17:06:38 EDT 2017]; root of context hierarchy
Oct 10, 2017 5:06:38 PM org.springframework.beans.factory.xml.XmlBeanDefinitionReader loadBeanDefinitions
INFO: Loading XML bean definitions from class path resource [applicationContext.xml]
Oct 10, 2017 5:06:38 PM org.springframework.context.support.ClassPathXmlApplicationContext prepareRefresh
INFO: Refreshing org.springframework.context.support.ClassPathXmlApplicationContext@3bfc7321: startup date [Tue Oct 10 17:06:38 EDT 2017]; root of context hierarchy
Oct 10, 2017 5:06:38 PM org.springframework.beans.factory.xml.XmlBeanDefinitionReader loadBeanDefinitions
INFO: Loading XML bean definitions from class path resource [applicationContext.xml]
Oct 10, 2017 5:06:38 PM org.springframework.context.support.ClassPathXmlApplicationContext prepareRefresh
INFO: Refreshing org.springframework.context.support.ClassPathXmlApplicationContext@4258df73: startup date [Tue Oct 10 17:06:38 EDT 2017]; root of context hierarchy
Oct 10, 2017 5:06:38 PM org.springframework.beans.factory.xml.XmlBeanDefinitionReader loadBeanDefinitions
INFO: Loading XML bean definitions from class path resource [applicationContext.xml]
Oct 10, 2017 5:06:38 PM org.springframework.context.support.ClassPathXmlApplicationContext prepareRefresh
INFO: Refreshing org.springframework.context.support.ClassPathXmlApplicationContext@79e97948: startup date [Tue Oct 10 17:06:38 EDT 2017]; root of context hierarchy
Oct 10, 2017 5:06:38 PM org.springframework.beans.factory.xml.XmlBeanDefinitionReader loadBeanDefinitions
INFO: Loading XML bean definitions from class path resource [applicationContext.xml]
Oct 10, 2017 5:06:38 PM org.springframework.context.support.ClassPathXmlApplicationContext prepareRefresh
INFO: Refreshing org.springframework.context.support.ClassPathXmlApplicationContext@6fbd8795: startup date [Tue Oct 10 17:06:38 EDT 2017]; root of context hierarchy
Oct 10, 2017 5:06:38 PM org.springframework.beans.factory.xml.XmlBeanDefinitionReader loadBeanDefinitions
INFO: Loading XML bean definitions from class path resource [applicationContext.xml]
Oct 10, 2017 5:06:38 PM org.springframework.context.support.ClassPathXmlApplicationContext prepareRefresh
INFO: Refreshing org.springframework.context.support.ClassPathXmlApplicationContext@759f2523: startup date [Tue Oct 10 17:06:38 EDT 2017]; root of context hierarchy
Oct 10, 2017 5:06:38 PM org.springframework.beans.factory.xml.XmlBeanDefinitionReader loadBeanDefinitions
INFO: Loading XML bean definitions from class path resource [applicationContext.xml]
Oct 10, 2017 5:06:38 PM org.springframework.context.support.ClassPathXmlApplicationContext prepareRefresh
INFO: Refreshing org.springframework.context.support.ClassPathXmlApplicationContext@64d50b60: startup date [Tue Oct 10 17:06:38 EDT 2017]; root of context hierarchy
Oct 10, 2017 5:06:38 PM org.springframework.beans.factory.xml.XmlBeanDefinitionReader loadBeanDefinitions
INFO: Loading XML bean definitions from class path resource [applicationContext.xml]
Oct 10, 2017 5:06:38 PM org.springframework.context.support.ClassPathXmlApplicationContext prepareRefresh
INFO: Refreshing org.springframework.context.support.ClassPathXmlApplicationContext@3a49391d: startup date [Tue Oct 10 17:06:38 EDT 2017]; root of context hierarchy
Oct 10, 2017 5:06:38 PM org.springframework.beans.factory.xml.XmlBeanDefinitionReader loadBeanDefinitions
INFO: Loading XML bean definitions from class path resource [applicationContext.xml]
Oct 10, 2017 5:06:38 PM org.springframework.context.support.ClassPathXmlApplicationContext prepareRefresh
INFO: Refreshing org.springframework.context.support.ClassPathXmlApplicationContext@3ebae3ba: startup date [Tue Oct 10 17:06:38 EDT 2017]; root of context hierarchy
Oct 10, 2017 5:06:38 PM org.springframework.beans.factory.xml.XmlBeanDefinitionReader loadBeanDefinitions
INFO: Loading XML bean definitions from class path resource [applicationContext.xml]
Oct 10, 2017 5:06:38 PM org.springframework.context.support.ClassPathXmlApplicationContext prepareRefresh
INFO: Refreshing org.springframework.context.support.ClassPathXmlApplicationContext@49e67608: startup date [Tue Oct 10 17:06:38 EDT 2017]; root of context hierarchy
Oct 10, 2017 5:06:38 PM org.springframework.beans.factory.xml.XmlBeanDefinitionReader loadBeanDefinitions
INFO: Loading XML bean definitions from class path resource [applicationContext.xml]
Oct 10, 2017 5:06:38 PM org.springframework.context.support.ClassPathXmlApplicationContext prepareRefresh
INFO: Refreshing org.springframework.context.support.ClassPathXmlApplicationContext@55b3ecc: startup date [Tue Oct 10 17:06:38 EDT 2017]; root of context hierarchy
Oct 10, 2017 5:06:38 PM org.springframework.beans.factory.xml.XmlBeanDefinitionReader loadBeanDefinitions
INFO: Loading XML bean definitions from class path resource [applicationContext.xml]
Oct 10, 2017 5:06:38 PM org.springframework.context.support.ClassPathXmlApplicationContext prepareRefresh
INFO: Refreshing org.springframework.context.support.ClassPathXmlApplicationContext@128afe6b: startup date [Tue Oct 10 17:06:38 EDT 2017]; root of context hierarchy
Oct 10, 2017 5:06:38 PM org.springframework.beans.factory.xml.XmlBeanDefinitionReader loadBeanDefinitions
INFO: Loading XML bean definitions from class path resource [applicationContext.xml]
Oct 10, 2017 5:06:38 PM org.springframework.context.support.ClassPathXmlApplicationContext prepareRefresh
INFO: Refreshing org.springframework.context.support.ClassPathXmlApplicationContext@4b8995a9: startup date [Tue Oct 10 17:06:38 EDT 2017]; root of context hierarchy
Oct 10, 2017 5:06:38 PM org.springframework.beans.factory.xml.XmlBeanDefinitionReader loadBeanDefinitions
INFO: Loading XML bean definitions from class path resource [applicationContext.xml]
Oct 10, 2017 5:06:38 PM org.springframework.context.support.ClassPathXmlApplicationContext prepareRefresh
INFO: Refreshing org.springframework.context.support.ClassPathXmlApplicationContext@169350c9: startup date [Tue Oct 10 17:06:38 EDT 2017]; root of context hierarchy
Oct 10, 2017 5:06:38 PM org.springframework.beans.factory.xml.XmlBeanDefinitionReader loadBeanDefinitions
INFO: Loading XML bean definitions from class path resource [applicationContext.xml]
Oct 10, 2017 5:06:38 PM org.springframework.context.support.ClassPathXmlApplicationContext prepareRefresh
INFO: Refreshing org.springframework.context.support.ClassPathXmlApplicationContext@183cb38e: startup date [Tue Oct 10 17:06:38 EDT 2017]; root of context hierarchy
Oct 10, 2017 5:06:38 PM org.springframework.beans.factory.xml.XmlBeanDefinitionReader loadBeanDefinitions
INFO: Loading XML bean definitions from class path resource [applicationContext.xml]
Oct 10, 2017 5:06:38 PM org.springframework.context.support.ClassPathXmlApplicationContext prepareRefresh
INFO: Refreshing org.springframework.context.support.ClassPathXmlApplicationContext@738c392e: startup date [Tue Oct 10 17:06:38 EDT 2017]; root of context hierarchy
Oct 10, 2017 5:06:38 PM org.springframework.beans.factory.xml.XmlBeanDefinitionReader loadBeanDefinitions
INFO: Loading XML bean definitions from class path resource [applicationContext.xml]
Oct 10, 2017 5:06:38 PM org.springframework.context.support.ClassPathXmlApplicationContext prepareRefresh
INFO: Refreshing org.springframework.context.support.ClassPathXmlApplicationContext@40941d8f: startup date [Tue Oct 10 17:06:38 EDT 2017]; root of context hierarchy
Oct 10, 2017 5:06:38 PM org.springframework.beans.factory.xml.XmlBeanDefinitionReader loadBeanDefinitions
INFO: Loading XML bean definitions from class path resource [applicationContext.xml]
Oct 10, 2017 5:06:38 PM org.springframework.context.support.ClassPathXmlApplicationContext prepareRefresh
INFO: Refreshing org.springframework.context.support.ClassPathXmlApplicationContext@d95ecb1: startup date [Tue Oct 10 17:06:38 EDT 2017]; root of context hierarchy
Oct 10, 2017 5:06:38 PM org.springframework.beans.factory.xml.XmlBeanDefinitionReader loadBeanDefinitions
INFO: Loading XML bean definitions from class path resource [applicationContext.xml]
Oct 10, 2017 5:06:38 PM org.springframework.context.support.ClassPathXmlApplicationContext prepareRefresh
INFO: Refreshing org.springframework.context.support.ClassPathXmlApplicationContext@4e65ecaa: startup date [Tue Oct 10 17:06:38 EDT 2017]; root of context hierarchy
Oct 10, 2017 5:06:38 PM org.springframework.beans.factory.xml.XmlBeanDefinitionReader loadBeanDefinitions
INFO: Loading XML bean definitions from class path resource [applicationContext.xml]
Oct 10, 2017 5:06:38 PM org.springframework.context.support.ClassPathXmlApplicationContext prepareRefresh
INFO: Refreshing org.springframework.context.support.ClassPathXmlApplicationContext@7a16a777: startup date [Tue Oct 10 17:06:38 EDT 2017]; root of context hierarchy
Oct 10, 2017 5:06:38 PM org.springframework.beans.factory.xml.XmlBeanDefinitionReader loadBeanDefinitions
INFO: Loading XML bean definitions from class path resource [applicationContext.xml]
Oct 10, 2017 5:06:38 PM org.springframework.context.support.ClassPathXmlApplicationContext prepareRefresh
INFO: Refreshing org.springframework.context.support.ClassPathXmlApplicationContext@5b0239f: startup date [Tue Oct 10 17:06:38 EDT 2017]; root of context hierarchy
Oct 10, 2017 5:06:38 PM org.springframework.beans.factory.xml.XmlBeanDefinitionReader loadBeanDefinitions
INFO: Loading XML bean definitions from class path resource [applicationContext.xml]
Oct 10, 2017 5:06:38 PM org.springframework.context.support.ClassPathXmlApplicationContext prepareRefresh
INFO: Refreshing org.springframework.context.support.ClassPathXmlApplicationContext@66df93ed: startup date [Tue Oct 10 17:06:38 EDT 2017]; root of context hierarchy
Oct 10, 2017 5:06:38 PM org.springframework.beans.factory.xml.XmlBeanDefinitionReader loadBeanDefinitions
INFO: Loading XML bean definitions from class path resource [applicationContext.xml]
Oct 10, 2017 5:06:38 PM org.springframework.context.support.ClassPathXmlApplicationContext prepareRefresh
INFO: Refreshing org.springframework.context.support.ClassPathXmlApplicationContext@51f33b10: startup date [Tue Oct 10 17:06:38 EDT 2017]; root of context hierarchy
Oct 10, 2017 5:06:38 PM org.springframework.beans.factory.xml.XmlBeanDefinitionReader loadBeanDefinitions
INFO: Loading XML bean definitions from class path resource [applicationContext.xml]
Oct 10, 2017 5:06:38 PM org.springframework.context.support.ClassPathXmlApplicationContext prepareRefresh
INFO: Refreshing org.springframework.context.support.ClassPathXmlApplicationContext@493739bb: startup date [Tue Oct 10 17:06:38 EDT 2017]; root of context hierarchy
Oct 10, 2017 5:06:38 PM org.springframework.beans.factory.xml.XmlBeanDefinitionReader loadBeanDefinitions
INFO: Loading XML bean definitions from class path resource [applicationContext.xml]
Oct 10, 2017 5:06:38 PM org.springframework.context.support.ClassPathXmlApplicationContext prepareRefresh
INFO: Refreshing org.springframework.context.support.ClassPathXmlApplicationContext@6f3d5c1: startup date [Tue Oct 10 17:06:38 EDT 2017]; root of context hierarchy
Oct 10, 2017 5:06:38 PM org.springframework.beans.factory.xml.XmlBeanDefinitionReader loadBeanDefinitions
INFO: Loading XML bean definitions from class path resource [applicationContext.xml]
Oct 10, 2017 5:06:38 PM org.springframework.context.support.ClassPathXmlApplicationContext prepareRefresh
INFO: Refreshing org.springframework.context.support.ClassPathXmlApplicationContext@6d5fe739: startup date [Tue Oct 10 17:06:38 EDT 2017]; root of context hierarchy
Oct 10, 2017 5:06:38 PM org.springframework.beans.factory.xml.XmlBeanDefinitionReader loadBeanDefinitions
INFO: Loading XML bean definitions from class path resource [applicationContext.xml]
Oct 10, 2017 5:06:38 PM org.springframework.context.support.ClassPathXmlApplicationContext prepareRefresh
INFO: Refreshing org.springframework.context.support.ClassPathXmlApplicationContext@7a70f778: startup date [Tue Oct 10 17:06:38 EDT 2017]; root of context hierarchy
Oct 10, 2017 5:06:38 PM org.springframework.beans.factory.xml.XmlBeanDefinitionReader loadBeanDefinitions
INFO: Loading XML bean definitions from class path resource [applicationContext.xml]
Oct 10, 2017 5:06:38 PM org.springframework.context.support.ClassPathXmlApplicationContext prepareRefresh
INFO: Refreshing org.springframework.context.support.ClassPathXmlApplicationContext@4e099c70: startup date [Tue Oct 10 17:06:38 EDT 2017]; root of context hierarchy
Oct 10, 2017 5:06:38 PM org.springframework.beans.factory.xml.XmlBeanDefinitionReader loadBeanDefinitions
INFO: Loading XML bean definitions from class path resource [applicationContext.xml]
Oct 10, 2017 5:06:38 PM org.springframework.context.support.ClassPathXmlApplicationContext prepareRefresh
INFO: Refreshing org.springframework.context.support.ClassPathXmlApplicationContext@5fad0ea9: startup date [Tue Oct 10 17:06:38 EDT 2017]; root of context hierarchy
Oct 10, 2017 5:06:38 PM org.springframework.beans.factory.xml.XmlBeanDefinitionReader loadBeanDefinitions
INFO: Loading XML bean definitions from class path resource [applicationContext.xml]
Oct 10, 2017 5:06:38 PM org.springframework.context.support.ClassPathXmlApplicationContext prepareRefresh
INFO: Refreshing org.springframework.context.support.ClassPathXmlApplicationContext@2f72aa95: startup date [Tue Oct 10 17:06:38 EDT 2017]; root of context hierarchy
Oct 10, 2017 5:06:38 PM org.springframework.beans.factory.xml.XmlBeanDefinitionReader loadBeanDefinitions
INFO: Loading XML bean definitions from class path resource [applicationContext.xml]
Oct 10, 2017 5:06:38 PM org.springframework.context.support.ClassPathXmlApplicationContext prepareRefresh
INFO: Refreshing org.springframework.context.support.ClassPathXmlApplicationContext@16aa0b18: startup date [Tue Oct 10 17:06:38 EDT 2017]; root of context hierarchy
Oct 10, 2017 5:06:38 PM org.springframework.beans.factory.xml.XmlBeanDefinitionReader loadBeanDefinitions
INFO: Loading XML bean definitions from class path resource [applicationContext.xml]
Oct 10, 2017 5:06:38 PM org.springframework.context.support.ClassPathXmlApplicationContext prepareRefresh
INFO: Refreshing org.springframework.context.support.ClassPathXmlApplicationContext@61e10aa5: startup date [Tue Oct 10 17:06:38 EDT 2017]; root of context hierarchy
Oct 10, 2017 5:06:38 PM org.springframework.beans.factory.xml.XmlBeanDefinitionReader loadBeanDefinitions
INFO: Loading XML bean definitions from class path resource [applicationContext.xml]
Oct 10, 2017 5:06:38 PM org.springframework.context.support.ClassPathXmlApplicationContext prepareRefresh
INFO: Refreshing org.springframework.context.support.ClassPathXmlApplicationContext@5c1fad59: startup date [Tue Oct 10 17:06:38 EDT 2017]; root of context hierarchy
Oct 10, 2017 5:06:38 PM org.springframework.beans.factory.xml.XmlBeanDefinitionReader loadBeanDefinitions
INFO: Loading XML bean definitions from class path resource [applicationContext.xml]
Oct 10, 2017 5:06:38 PM org.springframework.context.support.ClassPathXmlApplicationContext prepareRefresh
INFO: Refreshing org.springframework.context.support.ClassPathXmlApplicationContext@40f4c7e1: startup date [Tue Oct 10 17:06:38 EDT 2017]; root of context hierarchy
Oct 10, 2017 5:06:38 PM org.springframework.beans.factory.xml.XmlBeanDefinitionReader loadBeanDefinitions
INFO: Loading XML bean definitions from class path resource [applicationContext.xml]
Oct 10, 2017 5:06:38 PM org.springframework.context.support.ClassPathXmlApplicationContext prepareRefresh
INFO: Refreshing org.springframework.context.support.ClassPathXmlApplicationContext@69023137: startup date [Tue Oct 10 17:06:38 EDT 2017]; root of context hierarchy
Oct 10, 2017 5:06:38 PM org.springframework.beans.factory.xml.XmlBeanDefinitionReader loadBeanDefinitions
INFO: Loading XML bean definitions from class path resource [applicationContext.xml]
Oct 10, 2017 5:06:38 PM org.springframework.context.support.ClassPathXmlApplicationContext prepareRefresh
INFO: Refreshing org.springframework.context.support.ClassPathXmlApplicationContext@50cd5e8d: startup date [Tue Oct 10 17:06:38 EDT 2017]; root of context hierarchy
Oct 10, 2017 5:06:38 PM org.springframework.beans.factory.xml.XmlBeanDefinitionReader loadBeanDefinitions
INFO: Loading XML bean definitions from class path resource [applicationContext.xml]
Oct 10, 2017 5:06:38 PM org.springframework.context.support.ClassPathXmlApplicationContext prepareRefresh
INFO: Refreshing org.springframework.context.support.ClassPathXmlApplicationContext@1484cbbd: startup date [Tue Oct 10 17:06:38 EDT 2017]; root of context hierarchy
Oct 10, 2017 5:06:38 PM org.springframework.beans.factory.xml.XmlBeanDefinitionReader loadBeanDefinitions
INFO: Loading XML bean definitions from class path resource [applicationContext.xml]
Oct 10, 2017 5:06:38 PM org.springframework.context.support.ClassPathXmlApplicationContext prepareRefresh
INFO: Refreshing org.springframework.context.support.ClassPathXmlApplicationContext@1189d080: startup date [Tue Oct 10 17:06:38 EDT 2017]; root of context hierarchy
Oct 10, 2017 5:06:38 PM org.springframework.beans.factory.xml.XmlBeanDefinitionReader loadBeanDefinitions
INFO: Loading XML bean definitions from class path resource [applicationContext.xml]
Oct 10, 2017 5:06:38 PM org.springframework.context.support.ClassPathXmlApplicationContext prepareRefresh
INFO: Refreshing org.springframework.context.support.ClassPathXmlApplicationContext@31265faf: startup date [Tue Oct 10 17:06:38 EDT 2017]; root of context hierarchy
Oct 10, 2017 5:06:38 PM org.springframework.beans.factory.xml.XmlBeanDefinitionReader loadBeanDefinitions
INFO: Loading XML bean definitions from class path resource [applicationContext.xml]
Oct 10, 2017 5:06:38 PM org.springframework.context.support.ClassPathXmlApplicationContext prepareRefresh
INFO: Refreshing org.springframework.context.support.ClassPathXmlApplicationContext@370c2c36: startup date [Tue Oct 10 17:06:38 EDT 2017]; root of context hierarchy
Oct 10, 2017 5:06:38 PM org.springframework.beans.factory.xml.XmlBeanDefinitionReader loadBeanDefinitions
INFO: Loading XML bean definitions from class path resource [applicationContext.xml]
Oct 10, 2017 5:06:38 PM org.springframework.context.support.ClassPathXmlApplicationContext prepareRefresh
INFO: Refreshing org.springframework.context.support.ClassPathXmlApplicationContext@2af8a223: startup date [Tue Oct 10 17:06:38 EDT 2017]; root of context hierarchy
Oct 10, 2017 5:06:38 PM org.springframework.beans.factory.xml.XmlBeanDefinitionReader loadBeanDefinitions
INFO: Loading XML bean definitions from class path resource [applicationContext.xml]
Oct 10, 2017 5:06:38 PM org.springframework.context.support.ClassPathXmlApplicationContext prepareRefresh
INFO: Refreshing org.springframework.context.support.ClassPathXmlApplicationContext@215e8c7a: startup date [Tue Oct 10 17:06:38 EDT 2017]; root of context hierarchy
Oct 10, 2017 5:06:38 PM org.springframework.beans.factory.xml.XmlBeanDefinitionReader loadBeanDefinitions
INFO: Loading XML bean definitions from class path resource [applicationContext.xml]
Oct 10, 2017 5:06:38 PM org.springframework.context.support.ClassPathXmlApplicationContext prepareRefresh
INFO: Refreshing org.springframework.context.support.ClassPathXmlApplicationContext@663835c7: startup date [Tue Oct 10 17:06:38 EDT 2017]; root of context hierarchy
Oct 10, 2017 5:06:38 PM org.springframework.beans.factory.xml.XmlBeanDefinitionReader loadBeanDefinitions
INFO: Loading XML bean definitions from class path resource [applicationContext.xml]
Oct 10, 2017 5:06:38 PM org.springframework.context.support.ClassPathXmlApplicationContext prepareRefresh
INFO: Refreshing org.springframework.context.support.ClassPathXmlApplicationContext@49bbc819: startup date [Tue Oct 10 17:06:38 EDT 2017]; root of context hierarchy
Oct 10, 2017 5:06:38 PM org.springframework.beans.factory.xml.XmlBeanDefinitionReader loadBeanDefinitions
INFO: Loading XML bean definitions from class path resource [applicationContext.xml]
Oct 10, 2017 5:06:38 PM org.springframework.context.support.ClassPathXmlApplicationContext prepareRefresh
INFO: Refreshing org.springframework.context.support.ClassPathXmlApplicationContext@9734bba: startup date [Tue Oct 10 17:06:38 EDT 2017]; root of context hierarchy
Oct 10, 2017 5:06:38 PM org.springframework.beans.factory.xml.XmlBeanDefinitionReader loadBeanDefinitions
INFO: Loading XML bean definitions from class path resource [applicationContext.xml]
Oct 10, 2017 5:06:38 PM org.springframework.context.support.ClassPathXmlApplicationContext prepareRefresh
INFO: Refreshing org.springframework.context.support.ClassPathXmlApplicationContext@2cbd9274: startup date [Tue Oct 10 17:06:38 EDT 2017]; root of context hierarchy
Oct 10, 2017 5:06:38 PM org.springframework.beans.factory.xml.XmlBeanDefinitionReader loadBeanDefinitions
INFO: Loading XML bean definitions from class path resource [applicationContext.xml]
Oct 10, 2017 5:06:38 PM org.springframework.context.support.ClassPathXmlApplicationContext prepareRefresh
INFO: Refreshing org.springframework.context.support.ClassPathXmlApplicationContext@2212782e: startup date [Tue Oct 10 17:06:38 EDT 2017]; root of context hierarchy
Oct 10, 2017 5:06:38 PM org.springframework.beans.factory.xml.XmlBeanDefinitionReader loadBeanDefinitions
INFO: Loading XML bean definitions from class path resource [applicationContext.xml]
Oct 10, 2017 5:06:38 PM org.springframework.context.support.ClassPathXmlApplicationContext prepareRefresh
INFO: Refreshing org.springframework.context.support.ClassPathXmlApplicationContext@5767cb34: startup date [Tue Oct 10 17:06:38 EDT 2017]; root of context hierarchy
Oct 10, 2017 5:06:38 PM org.springframework.beans.factory.xml.XmlBeanDefinitionReader loadBeanDefinitions
INFO: Loading XML bean definitions from class path resource [applicationContext.xml]
Oct 10, 2017 5:06:38 PM org.springframework.context.support.ClassPathXmlApplicationContext prepareRefresh
INFO: Refreshing org.springframework.context.support.ClassPathXmlApplicationContext@6408085c: startup date [Tue Oct 10 17:06:38 EDT 2017]; root of context hierarchy
Oct 10, 2017 5:06:38 PM org.springframework.beans.factory.xml.XmlBeanDefinitionReader loadBeanDefinitions
INFO: Loading XML bean definitions from class path resource [applicationContext.xml]
Oct 10, 2017 5:06:38 PM org.springframework.context.support.ClassPathXmlApplicationContext prepareRefresh
INFO: Refreshing org.springframework.context.support.ClassPathXmlApplicationContext@36f0609e: startup date [Tue Oct 10 17:06:38 EDT 2017]; root of context hierarchy
Oct 10, 2017 5:06:38 PM org.springframework.beans.factory.xml.XmlBeanDefinitionReader loadBeanDefinitions
INFO: Loading XML bean definitions from class path resource [applicationContext.xml]
Oct 10, 2017 5:06:38 PM org.springframework.context.support.ClassPathXmlApplicationContext prepareRefresh
INFO: Refreshing org.springframework.context.support.ClassPathXmlApplicationContext@5961ba64: startup date [Tue Oct 10 17:06:38 EDT 2017]; root of context hierarchy
Oct 10, 2017 5:06:38 PM org.springframework.beans.factory.xml.XmlBeanDefinitionReader loadBeanDefinitions
INFO: Loading XML bean definitions from class path resource [applicationContext.xml]
Oct 10, 2017 5:06:38 PM org.springframework.context.support.ClassPathXmlApplicationContext prepareRefresh
INFO: Refreshing org.springframework.context.support.ClassPathXmlApplicationContext@2abbb21b: startup date [Tue Oct 10 17:06:38 EDT 2017]; root of context hierarchy
Oct 10, 2017 5:06:38 PM org.springframework.beans.factory.xml.XmlBeanDefinitionReader loadBeanDefinitions
INFO: Loading XML bean definitions from class path resource [applicationContext.xml]
Oct 10, 2017 5:06:38 PM org.springframework.context.support.ClassPathXmlApplicationContext prepareRefresh
INFO: Refreshing org.springframework.context.support.ClassPathXmlApplicationContext@126dd193: startup date [Tue Oct 10 17:06:38 EDT 2017]; root of context hierarchy
Oct 10, 2017 5:06:38 PM org.springframework.beans.factory.xml.XmlBeanDefinitionReader loadBeanDefinitions
INFO: Loading XML bean definitions from class path resource [applicationContext.xml]
Oct 10, 2017 5:06:38 PM org.springframework.context.support.ClassPathXmlApplicationContext prepareRefresh
INFO: Refreshing org.springframework.context.support.ClassPathXmlApplicationContext@40e3e647: startup date [Tue Oct 10 17:06:38 EDT 2017]; root of context hierarchy
Oct 10, 2017 5:06:38 PM org.springframework.beans.factory.xml.XmlBeanDefinitionReader loadBeanDefinitions
INFO: Loading XML bean definitions from class path resource [applicationContext.xml]
Oct 10, 2017 5:06:38 PM org.springframework.context.support.ClassPathXmlApplicationContext prepareRefresh
INFO: Refreshing org.springframework.context.support.ClassPathXmlApplicationContext@5ca9503e: startup date [Tue Oct 10 17:06:38 EDT 2017]; root of context hierarchy
Oct 10, 2017 5:06:38 PM org.springframework.beans.factory.xml.XmlBeanDefinitionReader loadBeanDefinitions
INFO: Loading XML bean definitions from class path resource [applicationContext.xml]
Oct 10, 2017 5:06:38 PM org.springframework.context.support.ClassPathXmlApplicationContext prepareRefresh
INFO: Refreshing org.springframework.context.support.ClassPathXmlApplicationContext@400fb795: startup date [Tue Oct 10 17:06:38 EDT 2017]; root of context hierarchy
Oct 10, 2017 5:06:38 PM org.springframework.beans.factory.xml.XmlBeanDefinitionReader loadBeanDefinitions
INFO: Loading XML bean definitions from class path resource [applicationContext.xml]
Oct 10, 2017 5:06:38 PM org.springframework.context.support.ClassPathXmlApplicationContext prepareRefresh
INFO: Refreshing org.springframework.context.support.ClassPathXmlApplicationContext@54ecda69: startup date [Tue Oct 10 17:06:38 EDT 2017]; root of context hierarchy
Oct 10, 2017 5:06:38 PM org.springframework.beans.factory.xml.XmlBeanDefinitionReader loadBeanDefinitions
INFO: Loading XML bean definitions from class path resource [applicationContext.xml]
Oct 10, 2017 5:06:38 PM org.springframework.context.support.ClassPathXmlApplicationContext prepareRefresh
INFO: Refreshing org.springframework.context.support.ClassPathXmlApplicationContext@44a4a003: startup date [Tue Oct 10 17:06:38 EDT 2017]; root of context hierarchy
Oct 10, 2017 5:06:38 PM org.springframework.beans.factory.xml.XmlBeanDefinitionReader loadBeanDefinitions
INFO: Loading XML bean definitions from class path resource [applicationContext.xml]
Oct 10, 2017 5:06:38 PM org.springframework.context.support.ClassPathXmlApplicationContext prepareRefresh
INFO: Refreshing org.springframework.context.support.ClassPathXmlApplicationContext@7cdafe7b: startup date [Tue Oct 10 17:06:38 EDT 2017]; root of context hierarchy
Oct 10, 2017 5:06:38 PM org.springframework.beans.factory.xml.XmlBeanDefinitionReader loadBeanDefinitions
INFO: Loading XML bean definitions from class path resource [applicationContext.xml]
Oct 10, 2017 5:06:38 PM org.springframework.context.support.ClassPathXmlApplicationContext prepareRefresh
INFO: Refreshing org.springframework.context.support.ClassPathXmlApplicationContext@7cce19fd: startup date [Tue Oct 10 17:06:38 EDT 2017]; root of context hierarchy
Oct 10, 2017 5:06:38 PM org.springframework.beans.factory.xml.XmlBeanDefinitionReader loadBeanDefinitions
INFO: Loading XML bean definitions from class path resource [applicationContext.xml]
Oct 10, 2017 5:06:38 PM org.springframework.context.support.ClassPathXmlApplicationContext prepareRefresh
INFO: Refreshing org.springframework.context.support.ClassPathXmlApplicationContext@f82e918: startup date [Tue Oct 10 17:06:38 EDT 2017]; root of context hierarchy
Oct 10, 2017 5:06:38 PM org.springframework.beans.factory.xml.XmlBeanDefinitionReader loadBeanDefinitions
INFO: Loading XML bean definitions from class path resource [applicationContext.xml]
Oct 10, 2017 5:06:38 PM org.springframework.context.support.ClassPathXmlApplicationContext prepareRefresh
INFO: Refreshing org.springframework.context.support.ClassPathXmlApplicationContext@1fe32345: startup date [Tue Oct 10 17:06:38 EDT 2017]; root of context hierarchy
Oct 10, 2017 5:06:38 PM org.springframework.beans.factory.xml.XmlBeanDefinitionReader loadBeanDefinitions
INFO: Loading XML bean definitions from class path resource [applicationContext.xml]
Oct 10, 2017 5:06:38 PM org.springframework.context.support.ClassPathXmlApplicationContext prepareRefresh
INFO: Refreshing org.springframework.context.support.ClassPathXmlApplicationContext@33732ade: startup date [Tue Oct 10 17:06:38 EDT 2017]; root of context hierarchy
Oct 10, 2017 5:06:38 PM org.springframework.beans.factory.xml.XmlBeanDefinitionReader loadBeanDefinitions
INFO: Loading XML bean definitions from class path resource [applicationContext.xml]
Oct 10, 2017 5:06:38 PM org.springframework.context.support.ClassPathXmlApplicationContext prepareRefresh
INFO: Refreshing org.springframework.context.support.ClassPathXmlApplicationContext@6d837115: startup date [Tue Oct 10 17:06:38 EDT 2017]; root of context hierarchy
Oct 10, 2017 5:06:38 PM org.springframework.beans.factory.xml.XmlBeanDefinitionReader loadBeanDefinitions
INFO: Loading XML bean definitions from class path resource [applicationContext.xml]
Oct 10, 2017 5:06:38 PM org.springframework.context.support.ClassPathXmlApplicationContext prepareRefresh
INFO: Refreshing org.springframework.context.support.ClassPathXmlApplicationContext@1824b6d9: startup date [Tue Oct 10 17:06:38 EDT 2017]; root of context hierarchy
Oct 10, 2017 5:06:38 PM org.springframework.beans.factory.xml.XmlBeanDefinitionReader loadBeanDefinitions
INFO: Loading XML bean definitions from class path resource [applicationContext.xml]
Oct 10, 2017 5:06:38 PM org.springframework.context.support.ClassPathXmlApplicationContext prepareRefresh
INFO: Refreshing org.springframework.context.support.ClassPathXmlApplicationContext@7789346b: startup date [Tue Oct 10 17:06:38 EDT 2017]; root of context hierarchy
Oct 10, 2017 5:06:38 PM org.springframework.beans.factory.xml.XmlBeanDefinitionReader loadBeanDefinitions
INFO: Loading XML bean definitions from class path resource [applicationContext.xml]
Oct 10, 2017 5:06:38 PM org.springframework.context.support.ClassPathXmlApplicationContext prepareRefresh
INFO: Refreshing org.springframework.context.support.ClassPathXmlApplicationContext@3e526c9f: startup date [Tue Oct 10 17:06:38 EDT 2017]; root of context hierarchy
Oct 10, 2017 5:06:38 PM org.springframework.beans.factory.xml.XmlBeanDefinitionReader loadBeanDefinitions
INFO: Loading XML bean definitions from class path resource [applicationContext.xml]
Oct 10, 2017 5:06:38 PM org.springframework.context.support.ClassPathXmlApplicationContext prepareRefresh
INFO: Refreshing org.springframework.context.support.ClassPathXmlApplicationContext@5a7795ca: startup date [Tue Oct 10 17:06:38 EDT 2017]; root of context hierarchy
Oct 10, 2017 5:06:38 PM org.springframework.beans.factory.xml.XmlBeanDefinitionReader loadBeanDefinitions
INFO: Loading XML bean definitions from class path resource [applicationContext.xml]
Oct 10, 2017 5:06:38 PM org.springframework.context.support.ClassPathXmlApplicationContext prepareRefresh
INFO: Refreshing org.springframework.context.support.ClassPathXmlApplicationContext@619ce4f3: startup date [Tue Oct 10 17:06:38 EDT 2017]; root of context hierarchy
Oct 10, 2017 5:06:38 PM org.springframework.beans.factory.xml.XmlBeanDefinitionReader loadBeanDefinitions
INFO: Loading XML bean definitions from class path resource [applicationContext.xml]
Oct 10, 2017 5:06:38 PM org.springframework.context.support.ClassPathXmlApplicationContext prepareRefresh
INFO: Refreshing org.springframework.context.support.ClassPathXmlApplicationContext@69850ac7: startup date [Tue Oct 10 17:06:38 EDT 2017]; root of context hierarchy
Oct 10, 2017 5:06:38 PM org.springframework.beans.factory.xml.XmlBeanDefinitionReader loadBeanDefinitions
INFO: Loading XML bean definitions from class path resource [applicationContext.xml]
Oct 10, 2017 5:06:38 PM org.springframework.context.support.ClassPathXmlApplicationContext prepareRefresh
INFO: Refreshing org.springframework.context.support.ClassPathXmlApplicationContext@539704ea: startup date [Tue Oct 10 17:06:38 EDT 2017]; root of context hierarchy
Oct 10, 2017 5:06:38 PM org.springframework.beans.factory.xml.XmlBeanDefinitionReader loadBeanDefinitions
INFO: Loading XML bean definitions from class path resource [applicationContext.xml]
Oct 10, 2017 5:06:38 PM org.springframework.context.support.ClassPathXmlApplicationContext prepareRefresh
INFO: Refreshing org.springframework.context.support.ClassPathXmlApplicationContext@234f4ece: startup date [Tue Oct 10 17:06:38 EDT 2017]; root of context hierarchy
Oct 10, 2017 5:06:38 PM org.springframework.beans.factory.xml.XmlBeanDefinitionReader loadBeanDefinitions
INFO: Loading XML bean definitions from class path resource [applicationContext.xml]
Oct 10, 2017 5:06:38 PM org.springframework.context.support.ClassPathXmlApplicationContext prepareRefresh
INFO: Refreshing org.springframework.context.support.ClassPathXmlApplicationContext@3715dd15: startup date [Tue Oct 10 17:06:38 EDT 2017]; root of context hierarchy
Oct 10, 2017 5:06:38 PM org.springframework.beans.factory.xml.XmlBeanDefinitionReader loadBeanDefinitions
INFO: Loading XML bean definitions from class path resource [applicationContext.xml]
Oct 10, 2017 5:06:38 PM org.springframework.context.support.ClassPathXmlApplicationContext prepareRefresh
INFO: Refreshing org.springframework.context.support.ClassPathXmlApplicationContext@71326921: startup date [Tue Oct 10 17:06:38 EDT 2017]; root of context hierarchy
Oct 10, 2017 5:06:38 PM org.springframework.beans.factory.xml.XmlBeanDefinitionReader loadBeanDefinitions
INFO: Loading XML bean definitions from class path resource [applicationContext.xml]
Oct 10, 2017 5:06:38 PM org.springframework.context.support.ClassPathXmlApplicationContext prepareRefresh
INFO: Refreshing org.springframework.context.support.ClassPathXmlApplicationContext@6d63a0e6: startup date [Tue Oct 10 17:06:38 EDT 2017]; root of context hierarchy
Oct 10, 2017 5:06:38 PM org.springframework.beans.factory.xml.XmlBeanDefinitionReader loadBeanDefinitions
INFO: Loading XML bean definitions from class path resource [applicationContext.xml]
Oct 10, 2017 5:06:39 PM org.springframework.context.support.ClassPathXmlApplicationContext prepareRefresh
INFO: Refreshing org.springframework.context.support.ClassPathXmlApplicationContext@4feb148c: startup date [Tue Oct 10 17:06:39 EDT 2017]; root of context hierarchy
Oct 10, 2017 5:06:39 PM org.springframework.beans.factory.xml.XmlBeanDefinitionReader loadBeanDefinitions
INFO: Loading XML bean definitions from class path resource [applicationContext.xml]
Oct 10, 2017 5:06:39 PM org.springframework.context.support.ClassPathXmlApplicationContext prepareRefresh
INFO: Refreshing org.springframework.context.support.ClassPathXmlApplicationContext@44ebac23: startup date [Tue Oct 10 17:06:39 EDT 2017]; root of context hierarchy
Oct 10, 2017 5:06:39 PM org.springframework.beans.factory.xml.XmlBeanDefinitionReader loadBeanDefinitions
INFO: Loading XML bean definitions from class path resource [applicationContext.xml]
Oct 10, 2017 5:06:39 PM org.springframework.context.support.ClassPathXmlApplicationContext prepareRefresh
INFO: Refreshing org.springframework.context.support.ClassPathXmlApplicationContext@7652aacf: startup date [Tue Oct 10 17:06:39 EDT 2017]; root of context hierarchy
Oct 10, 2017 5:06:39 PM org.springframework.beans.factory.xml.XmlBeanDefinitionReader loadBeanDefinitions
INFO: Loading XML bean definitions from class path resource [applicationContext.xml]
Oct 10, 2017 5:06:39 PM org.springframework.context.support.ClassPathXmlApplicationContext prepareRefresh
INFO: Refreshing org.springframework.context.support.ClassPathXmlApplicationContext@4dc3380c: startup date [Tue Oct 10 17:06:39 EDT 2017]; root of context hierarchy
Oct 10, 2017 5:06:39 PM org.springframework.beans.factory.xml.XmlBeanDefinitionReader loadBeanDefinitions
INFO: Loading XML bean definitions from class path resource [applicationContext.xml]
Oct 10, 2017 5:06:39 PM org.springframework.context.support.ClassPathXmlApplicationContext prepareRefresh
INFO: Refreshing org.springframework.context.support.ClassPathXmlApplicationContext@533cc8f5: startup date [Tue Oct 10 17:06:39 EDT 2017]; root of context hierarchy
Oct 10, 2017 5:06:39 PM org.springframework.beans.factory.xml.XmlBeanDefinitionReader loadBeanDefinitions
INFO: Loading XML bean definitions from class path resource [applicationContext.xml]
Oct 10, 2017 5:06:39 PM org.springframework.context.support.ClassPathXmlApplicationContext prepareRefresh
INFO: Refreshing org.springframework.context.support.ClassPathXmlApplicationContext@16ae665b: startup date [Tue Oct 10 17:06:39 EDT 2017]; root of context hierarchy
Oct 10, 2017 5:06:39 PM org.springframework.beans.factory.xml.XmlBeanDefinitionReader loadBeanDefinitions
INFO: Loading XML bean definitions from class path resource [applicationContext.xml]
Oct 10, 2017 5:06:39 PM org.springframework.context.support.ClassPathXmlApplicationContext prepareRefresh
INFO: Refreshing org.springframework.context.support.ClassPathXmlApplicationContext@675e7127: startup date [Tue Oct 10 17:06:39 EDT 2017]; root of context hierarchy
Oct 10, 2017 5:06:39 PM org.springframework.beans.factory.xml.XmlBeanDefinitionReader loadBeanDefinitions
INFO: Loading XML bean definitions from class path resource [applicationContext.xml]
Oct 10, 2017 5:06:39 PM org.springframework.context.support.ClassPathXmlApplicationContext prepareRefresh
INFO: Refreshing org.springframework.context.support.ClassPathXmlApplicationContext@7be5975f: startup date [Tue Oct 10 17:06:39 EDT 2017]; root of context hierarchy
Oct 10, 2017 5:06:39 PM org.springframework.beans.factory.xml.XmlBeanDefinitionReader loadBeanDefinitions
INFO: Loading XML bean definitions from class path resource [applicationContext.xml]
Oct 10, 2017 5:06:39 PM org.springframework.context.support.ClassPathXmlApplicationContext prepareRefresh
INFO: Refreshing org.springframework.context.support.ClassPathXmlApplicationContext@1086c0f2: startup date [Tue Oct 10 17:06:39 EDT 2017]; root of context hierarchy
Oct 10, 2017 5:06:39 PM org.springframework.beans.factory.xml.XmlBeanDefinitionReader loadBeanDefinitions
INFO: Loading XML bean definitions from class path resource [applicationContext.xml]
Oct 10, 2017 5:06:39 PM org.springframework.context.support.ClassPathXmlApplicationContext prepareRefresh
INFO: Refreshing org.springframework.context.support.ClassPathXmlApplicationContext@3a8b1599: startup date [Tue Oct 10 17:06:39 EDT 2017]; root of context hierarchy
Oct 10, 2017 5:06:39 PM org.springframework.beans.factory.xml.XmlBeanDefinitionReader loadBeanDefinitions
INFO: Loading XML bean definitions from class path resource [applicationContext.xml]
Oct 10, 2017 5:06:39 PM org.springframework.context.support.ClassPathXmlApplicationContext prepareRefresh
INFO: Refreshing org.springframework.context.support.ClassPathXmlApplicationContext@229f246b: startup date [Tue Oct 10 17:06:39 EDT 2017]; root of context hierarchy
Oct 10, 2017 5:06:39 PM org.springframework.beans.factory.xml.XmlBeanDefinitionReader loadBeanDefinitions
INFO: Loading XML bean definitions from class path resource [applicationContext.xml]
Oct 10, 2017 5:06:39 PM org.springframework.context.support.ClassPathXmlApplicationContext prepareRefresh
INFO: Refreshing org.springframework.context.support.ClassPathXmlApplicationContext@496b3c74: startup date [Tue Oct 10 17:06:39 EDT 2017]; root of context hierarchy
Oct 10, 2017 5:06:39 PM org.springframework.beans.factory.xml.XmlBeanDefinitionReader loadBeanDefinitions
INFO: Loading XML bean definitions from class path resource [applicationContext.xml]
Oct 10, 2017 5:06:39 PM org.springframework.context.support.ClassPathXmlApplicationContext prepareRefresh
INFO: Refreshing org.springframework.context.support.ClassPathXmlApplicationContext@2ebb6d42: startup date [Tue Oct 10 17:06:39 EDT 2017]; root of context hierarchy
Oct 10, 2017 5:06:39 PM org.springframework.beans.factory.xml.XmlBeanDefinitionReader loadBeanDefinitions
INFO: Loading XML bean definitions from class path resource [applicationContext.xml]
Oct 10, 2017 5:06:39 PM org.springframework.context.support.ClassPathXmlApplicationContext prepareRefresh
INFO: Refreshing org.springframework.context.support.ClassPathXmlApplicationContext@3182ee32: startup date [Tue Oct 10 17:06:39 EDT 2017]; root of context hierarchy
Oct 10, 2017 5:06:39 PM org.springframework.beans.factory.xml.XmlBeanDefinitionReader loadBeanDefinitions
INFO: Loading XML bean definitions from class path resource [applicationContext.xml]
Oct 10, 2017 5:06:39 PM org.springframework.context.support.ClassPathXmlApplicationContext prepareRefresh
INFO: Refreshing org.springframework.context.support.ClassPathXmlApplicationContext@7e518b95: startup date [Tue Oct 10 17:06:39 EDT 2017]; root of context hierarchy
Oct 10, 2017 5:06:39 PM org.springframework.beans.factory.xml.XmlBeanDefinitionReader loadBeanDefinitions
INFO: Loading XML bean definitions from class path resource [applicationContext.xml]
Oct 10, 2017 5:06:39 PM org.springframework.context.support.ClassPathXmlApplicationContext prepareRefresh
INFO: Refreshing org.springframework.context.support.ClassPathXmlApplicationContext@1b981429: startup date [Tue Oct 10 17:06:39 EDT 2017]; root of context hierarchy
Oct 10, 2017 5:06:39 PM org.springframework.beans.factory.xml.XmlBeanDefinitionReader loadBeanDefinitions
INFO: Loading XML bean definitions from class path resource [applicationContext.xml]
Oct 10, 2017 5:06:39 PM org.springframework.context.support.ClassPathXmlApplicationContext prepareRefresh
INFO: Refreshing org.springframework.context.support.ClassPathXmlApplicationContext@715265a8: startup date [Tue Oct 10 17:06:39 EDT 2017]; root of context hierarchy
Oct 10, 2017 5:06:39 PM org.springframework.beans.factory.xml.XmlBeanDefinitionReader loadBeanDefinitions
INFO: Loading XML bean definitions from class path resource [applicationContext.xml]
Oct 10, 2017 5:06:39 PM org.springframework.context.support.ClassPathXmlApplicationContext prepareRefresh
INFO: Refreshing org.springframework.context.support.ClassPathXmlApplicationContext@2059d036: startup date [Tue Oct 10 17:06:39 EDT 2017]; root of context hierarchy
Oct 10, 2017 5:06:39 PM org.springframework.beans.factory.xml.XmlBeanDefinitionReader loadBeanDefinitions
INFO: Loading XML bean definitions from class path resource [applicationContext.xml]
Oct 10, 2017 5:06:39 PM org.springframework.context.support.ClassPathXmlApplicationContext prepareRefresh
INFO: Refreshing org.springframework.context.support.ClassPathXmlApplicationContext@47d1cf45: startup date [Tue Oct 10 17:06:39 EDT 2017]; root of context hierarchy
Oct 10, 2017 5:06:39 PM org.springframework.beans.factory.xml.XmlBeanDefinitionReader loadBeanDefinitions
INFO: Loading XML bean definitions from class path resource [applicationContext.xml]
Oct 10, 2017 5:06:39 PM org.springframework.context.support.ClassPathXmlApplicationContext prepareRefresh
INFO: Refreshing org.springframework.context.support.ClassPathXmlApplicationContext@5a260cf5: startup date [Tue Oct 10 17:06:39 EDT 2017]; root of context hierarchy
Oct 10, 2017 5:06:39 PM org.springframework.beans.factory.xml.XmlBeanDefinitionReader loadBeanDefinitions
INFO: Loading XML bean definitions from class path resource [applicationContext.xml]
Oct 10, 2017 5:06:39 PM org.springframework.context.support.ClassPathXmlApplicationContext prepareRefresh
INFO: Refreshing org.springframework.context.support.ClassPathXmlApplicationContext@74918dca: startup date [Tue Oct 10 17:06:39 EDT 2017]; root of context hierarchy
Oct 10, 2017 5:06:39 PM org.springframework.beans.factory.xml.XmlBeanDefinitionReader loadBeanDefinitions
INFO: Loading XML bean definitions from class path resource [applicationContext.xml]
Oct 10, 2017 5:06:39 PM org.springframework.context.support.ClassPathXmlApplicationContext prepareRefresh
INFO: Refreshing org.springframework.context.support.ClassPathXmlApplicationContext@5bf87db4: startup date [Tue Oct 10 17:06:39 EDT 2017]; root of context hierarchy
Oct 10, 2017 5:06:39 PM org.springframework.beans.factory.xml.XmlBeanDefinitionReader loadBeanDefinitions
INFO: Loading XML bean definitions from class path resource [applicationContext.xml]
Oct 10, 2017 5:06:39 PM org.springframework.context.support.ClassPathXmlApplicationContext prepareRefresh
INFO: Refreshing org.springframework.context.support.ClassPathXmlApplicationContext@622da375: startup date [Tue Oct 10 17:06:39 EDT 2017]; root of context hierarchy
Oct 10, 2017 5:06:39 PM org.springframework.beans.factory.xml.XmlBeanDefinitionReader loadBeanDefinitions
INFO: Loading XML bean definitions from class path resource [applicationContext.xml]
Oct 10, 2017 5:06:39 PM org.springframework.context.support.ClassPathXmlApplicationContext prepareRefresh
INFO: Refreshing org.springframework.context.support.ClassPathXmlApplicationContext@24c9eed2: startup date [Tue Oct 10 17:06:39 EDT 2017]; root of context hierarchy
Oct 10, 2017 5:06:39 PM org.springframework.beans.factory.xml.XmlBeanDefinitionReader loadBeanDefinitions
INFO: Loading XML bean definitions from class path resource [applicationContext.xml]
Oct 10, 2017 5:06:39 PM org.springframework.context.support.ClassPathXmlApplicationContext prepareRefresh
INFO: Refreshing org.springframework.context.support.ClassPathXmlApplicationContext@67e5aa5a: startup date [Tue Oct 10 17:06:39 EDT 2017]; root of context hierarchy
Oct 10, 2017 5:06:39 PM org.springframework.beans.factory.xml.XmlBeanDefinitionReader loadBeanDefinitions
INFO: Loading XML bean definitions from class path resource [applicationContext.xml]
Oct 10, 2017 5:06:39 PM org.springframework.context.support.ClassPathXmlApplicationContext prepareRefresh
INFO: Refreshing org.springframework.context.support.ClassPathXmlApplicationContext@2e032a36: startup date [Tue Oct 10 17:06:39 EDT 2017]; root of context hierarchy
Oct 10, 2017 5:06:39 PM org.springframework.beans.factory.xml.XmlBeanDefinitionReader loadBeanDefinitions
INFO: Loading XML bean definitions from class path resource [applicationContext.xml]
Oct 10, 2017 5:06:39 PM org.springframework.context.support.ClassPathXmlApplicationContext prepareRefresh
INFO: Refreshing org.springframework.context.support.ClassPathXmlApplicationContext@6666e5d2: startup date [Tue Oct 10 17:06:39 EDT 2017]; root of context hierarchy
Oct 10, 2017 5:06:39 PM org.springframework.beans.factory.xml.XmlBeanDefinitionReader loadBeanDefinitions
INFO: Loading XML bean definitions from class path resource [applicationContext.xml]
Oct 10, 2017 5:06:39 PM org.springframework.context.support.ClassPathXmlApplicationContext prepareRefresh
INFO: Refreshing org.springframework.context.support.ClassPathXmlApplicationContext@78a008bb: startup date [Tue Oct 10 17:06:39 EDT 2017]; root of context hierarchy
Oct 10, 2017 5:06:39 PM org.springframework.beans.factory.xml.XmlBeanDefinitionReader loadBeanDefinitions
INFO: Loading XML bean definitions from class path resource [applicationContext.xml]
Oct 10, 2017 5:06:39 PM org.springframework.context.support.ClassPathXmlApplicationContext prepareRefresh
INFO: Refreshing org.springframework.context.support.ClassPathXmlApplicationContext@25bf7af9: startup date [Tue Oct 10 17:06:39 EDT 2017]; root of context hierarchy
Oct 10, 2017 5:06:39 PM org.springframework.beans.factory.xml.XmlBeanDefinitionReader loadBeanDefinitions
INFO: Loading XML bean definitions from class path resource [applicationContext.xml]
Oct 10, 2017 5:06:39 PM org.springframework.context.support.ClassPathXmlApplicationContext prepareRefresh
INFO: Refreshing org.springframework.context.support.ClassPathXmlApplicationContext@526afa07: startup date [Tue Oct 10 17:06:39 EDT 2017]; root of context hierarchy
Oct 10, 2017 5:06:39 PM org.springframework.beans.factory.xml.XmlBeanDefinitionReader loadBeanDefinitions
INFO: Loading XML bean definitions from class path resource [applicationContext.xml]
Oct 10, 2017 5:06:39 PM org.springframework.context.support.ClassPathXmlApplicationContext prepareRefresh
INFO: Refreshing org.springframework.context.support.ClassPathXmlApplicationContext@6c0df261: startup date [Tue Oct 10 17:06:39 EDT 2017]; root of context hierarchy
Oct 10, 2017 5:06:39 PM org.springframework.beans.factory.xml.XmlBeanDefinitionReader loadBeanDefinitions
INFO: Loading XML bean definitions from class path resource [applicationContext.xml]
Oct 10, 2017 5:06:39 PM org.springframework.context.support.ClassPathXmlApplicationContext prepareRefresh
INFO: Refreshing org.springframework.context.support.ClassPathXmlApplicationContext@36c6305d: startup date [Tue Oct 10 17:06:39 EDT 2017]; root of context hierarchy
Oct 10, 2017 5:06:39 PM org.springframework.beans.factory.xml.XmlBeanDefinitionReader loadBeanDefinitions
INFO: Loading XML bean definitions from class path resource [applicationContext.xml]
Oct 10, 2017 5:06:39 PM org.springframework.context.support.ClassPathXmlApplicationContext prepareRefresh
INFO: Refreshing org.springframework.context.support.ClassPathXmlApplicationContext@5621e1af: startup date [Tue Oct 10 17:06:39 EDT 2017]; root of context hierarchy
Oct 10, 2017 5:06:39 PM org.springframework.beans.factory.xml.XmlBeanDefinitionReader loadBeanDefinitions
INFO: Loading XML bean definitions from class path resource [applicationContext.xml]
Oct 10, 2017 5:06:39 PM org.springframework.context.support.ClassPathXmlApplicationContext prepareRefresh
INFO: Refreshing org.springframework.context.support.ClassPathXmlApplicationContext@1bc770f: startup date [Tue Oct 10 17:06:39 EDT 2017]; root of context hierarchy
Oct 10, 2017 5:06:39 PM org.springframework.beans.factory.xml.XmlBeanDefinitionReader loadBeanDefinitions
INFO: Loading XML bean definitions from class path resource [applicationContext.xml]
Oct 10, 2017 5:06:39 PM org.springframework.context.support.ClassPathXmlApplicationContext prepareRefresh
INFO: Refreshing org.springframework.context.support.ClassPathXmlApplicationContext@3d5498a5: startup date [Tue Oct 10 17:06:39 EDT 2017]; root of context hierarchy
Oct 10, 2017 5:06:39 PM org.springframework.beans.factory.xml.XmlBeanDefinitionReader loadBeanDefinitions
INFO: Loading XML bean definitions from class path resource [applicationContext.xml]
Oct 10, 2017 5:06:39 PM org.springframework.context.support.ClassPathXmlApplicationContext prepareRefresh
INFO: Refreshing org.springframework.context.support.ClassPathXmlApplicationContext@70f6d766: startup date [Tue Oct 10 17:06:39 EDT 2017]; root of context hierarchy
Oct 10, 2017 5:06:39 PM org.springframework.beans.factory.xml.XmlBeanDefinitionReader loadBeanDefinitions
INFO: Loading XML bean definitions from class path resource [applicationContext.xml]
Oct 10, 2017 5:06:39 PM org.springframework.context.support.ClassPathXmlApplicationContext prepareRefresh
INFO: Refreshing org.springframework.context.support.ClassPathXmlApplicationContext@78b3a516: startup date [Tue Oct 10 17:06:39 EDT 2017]; root of context hierarchy
Oct 10, 2017 5:06:39 PM org.springframework.beans.factory.xml.XmlBeanDefinitionReader loadBeanDefinitions
INFO: Loading XML bean definitions from class path resource [applicationContext.xml]
Oct 10, 2017 5:06:39 PM org.springframework.context.support.ClassPathXmlApplicationContext prepareRefresh
INFO: Refreshing org.springframework.context.support.ClassPathXmlApplicationContext@19bb4638: startup date [Tue Oct 10 17:06:39 EDT 2017]; root of context hierarchy
Oct 10, 2017 5:06:39 PM org.springframework.beans.factory.xml.XmlBeanDefinitionReader loadBeanDefinitions
INFO: Loading XML bean definitions from class path resource [applicationContext.xml]
Oct 10, 2017 5:06:39 PM org.springframework.context.support.ClassPathXmlApplicationContext prepareRefresh
INFO: Refreshing org.springframework.context.support.ClassPathXmlApplicationContext@5fe9db2b: startup date [Tue Oct 10 17:06:39 EDT 2017]; root of context hierarchy
Oct 10, 2017 5:06:39 PM org.springframework.beans.factory.xml.XmlBeanDefinitionReader loadBeanDefinitions
INFO: Loading XML bean definitions from class path resource [applicationContext.xml]
Oct 10, 2017 5:06:39 PM org.springframework.context.support.ClassPathXmlApplicationContext prepareRefresh
INFO: Refreshing org.springframework.context.support.ClassPathXmlApplicationContext@2536b7fa: startup date [Tue Oct 10 17:06:39 EDT 2017]; root of context hierarchy
Oct 10, 2017 5:06:39 PM org.springframework.beans.factory.xml.XmlBeanDefinitionReader loadBeanDefinitions
INFO: Loading XML bean definitions from class path resource [applicationContext.xml]
Oct 10, 2017 5:06:39 PM org.springframework.context.support.ClassPathXmlApplicationContext prepareRefresh
INFO: Refreshing org.springframework.context.support.ClassPathXmlApplicationContext@6902b7e6: startup date [Tue Oct 10 17:06:39 EDT 2017]; root of context hierarchy
Oct 10, 2017 5:06:39 PM org.springframework.beans.factory.xml.XmlBeanDefinitionReader loadBeanDefinitions
INFO: Loading XML bean definitions from class path resource [applicationContext.xml]
Oct 10, 2017 5:06:39 PM org.springframework.context.support.ClassPathXmlApplicationContext prepareRefresh
INFO: Refreshing org.springframework.context.support.ClassPathXmlApplicationContext@24032837: startup date [Tue Oct 10 17:06:39 EDT 2017]; root of context hierarchy
Oct 10, 2017 5:06:39 PM org.springframework.beans.factory.xml.XmlBeanDefinitionReader loadBeanDefinitions
INFO: Loading XML bean definitions from class path resource [applicationContext.xml]
Oct 10, 2017 5:06:39 PM org.springframework.context.support.ClassPathXmlApplicationContext prepareRefresh
INFO: Refreshing org.springframework.context.support.ClassPathXmlApplicationContext@52bc293b: startup date [Tue Oct 10 17:06:39 EDT 2017]; root of context hierarchy
Oct 10, 2017 5:06:39 PM org.springframework.beans.factory.xml.XmlBeanDefinitionReader loadBeanDefinitions
INFO: Loading XML bean definitions from class path resource [applicationContext.xml]
Oct 10, 2017 5:06:39 PM org.springframework.context.support.ClassPathXmlApplicationContext prepareRefresh
INFO: Refreshing org.springframework.context.support.ClassPathXmlApplicationContext@2d88ba4f: startup date [Tue Oct 10 17:06:39 EDT 2017]; root of context hierarchy
Oct 10, 2017 5:06:39 PM org.springframework.beans.factory.xml.XmlBeanDefinitionReader loadBeanDefinitions
INFO: Loading XML bean definitions from class path resource [applicationContext.xml]
Oct 10, 2017 5:06:39 PM org.springframework.context.support.ClassPathXmlApplicationContext prepareRefresh
INFO: Refreshing org.springframework.context.support.ClassPathXmlApplicationContext@7ab2d3c3: startup date [Tue Oct 10 17:06:39 EDT 2017]; root of context hierarchy
Oct 10, 2017 5:06:39 PM org.springframework.beans.factory.xml.XmlBeanDefinitionReader loadBeanDefinitions
INFO: Loading XML bean definitions from class path resource [applicationContext.xml]
Oct 10, 2017 5:06:39 PM org.springframework.context.support.ClassPathXmlApplicationContext prepareRefresh
INFO: Refreshing org.springframework.context.support.ClassPathXmlApplicationContext@6755b7e6: startup date [Tue Oct 10 17:06:39 EDT 2017]; root of context hierarchy
Oct 10, 2017 5:06:39 PM org.springframework.beans.factory.xml.XmlBeanDefinitionReader loadBeanDefinitions
INFO: Loading XML bean definitions from class path resource [applicationContext.xml]
Oct 10, 2017 5:06:39 PM org.springframework.context.support.ClassPathXmlApplicationContext prepareRefresh
INFO: Refreshing org.springframework.context.support.ClassPathXmlApplicationContext@769d2b6: startup date [Tue Oct 10 17:06:39 EDT 2017]; root of context hierarchy
Oct 10, 2017 5:06:39 PM org.springframework.beans.factory.xml.XmlBeanDefinitionReader loadBeanDefinitions
INFO: Loading XML bean definitions from class path resource [applicationContext.xml]
Oct 10, 2017 5:06:39 PM org.springframework.context.support.ClassPathXmlApplicationContext prepareRefresh
INFO: Refreshing org.springframework.context.support.ClassPathXmlApplicationContext@1ea61a25: startup date [Tue Oct 10 17:06:39 EDT 2017]; root of context hierarchy
Oct 10, 2017 5:06:39 PM org.springframework.beans.factory.xml.XmlBeanDefinitionReader loadBeanDefinitions
INFO: Loading XML bean definitions from class path resource [applicationContext.xml]
Oct 10, 2017 5:06:39 PM org.springframework.context.support.ClassPathXmlApplicationContext prepareRefresh
INFO: Refreshing org.springframework.context.support.ClassPathXmlApplicationContext@17e07cf0: startup date [Tue Oct 10 17:06:39 EDT 2017]; root of context hierarchy
Oct 10, 2017 5:06:39 PM org.springframework.beans.factory.xml.XmlBeanDefinitionReader loadBeanDefinitions
INFO: Loading XML bean definitions from class path resource [applicationContext.xml]
Oct 10, 2017 5:06:39 PM org.springframework.context.support.ClassPathXmlApplicationContext prepareRefresh
INFO: Refreshing org.springframework.context.support.ClassPathXmlApplicationContext@25f8936: startup date [Tue Oct 10 17:06:39 EDT 2017]; root of context hierarchy
Oct 10, 2017 5:06:39 PM org.springframework.beans.factory.xml.XmlBeanDefinitionReader loadBeanDefinitions
INFO: Loading XML bean definitions from class path resource [applicationContext.xml]
Oct 10, 2017 5:06:39 PM org.springframework.context.support.ClassPathXmlApplicationContext prepareRefresh
INFO: Refreshing org.springframework.context.support.ClassPathXmlApplicationContext@3ae74eea: startup date [Tue Oct 10 17:06:39 EDT 2017]; root of context hierarchy
Oct 10, 2017 5:06:39 PM org.springframework.beans.factory.xml.XmlBeanDefinitionReader loadBeanDefinitions
INFO: Loading XML bean definitions from class path resource [applicationContext.xml]
Oct 10, 2017 5:06:39 PM org.springframework.context.support.ClassPathXmlApplicationContext prepareRefresh
INFO: Refreshing org.springframework.context.support.ClassPathXmlApplicationContext@5d3564be: startup date [Tue Oct 10 17:06:39 EDT 2017]; root of context hierarchy
Oct 10, 2017 5:06:39 PM org.springframework.beans.factory.xml.XmlBeanDefinitionReader loadBeanDefinitions
INFO: Loading XML bean definitions from class path resource [applicationContext.xml]
Oct 10, 2017 5:06:39 PM org.springframework.context.support.ClassPathXmlApplicationContext prepareRefresh
INFO: Refreshing org.springframework.context.support.ClassPathXmlApplicationContext@15e23b26: startup date [Tue Oct 10 17:06:39 EDT 2017]; root of context hierarchy
Oct 10, 2017 5:06:39 PM org.springframework.beans.factory.xml.XmlBeanDefinitionReader loadBeanDefinitions
INFO: Loading XML bean definitions from class path resource [applicationContext.xml]
Oct 10, 2017 5:06:39 PM org.springframework.context.support.ClassPathXmlApplicationContext prepareRefresh
INFO: Refreshing org.springframework.context.support.ClassPathXmlApplicationContext@3a2246b4: startup date [Tue Oct 10 17:06:39 EDT 2017]; root of context hierarchy
Oct 10, 2017 5:06:39 PM org.springframework.beans.factory.xml.XmlBeanDefinitionReader loadBeanDefinitions
INFO: Loading XML bean definitions from class path resource [applicationContext.xml]
Oct 10, 2017 5:06:39 PM org.springframework.context.support.ClassPathXmlApplicationContext prepareRefresh
INFO: Refreshing org.springframework.context.support.ClassPathXmlApplicationContext@72321654: startup date [Tue Oct 10 17:06:39 EDT 2017]; root of context hierarchy
Oct 10, 2017 5:06:39 PM org.springframework.beans.factory.xml.XmlBeanDefinitionReader loadBeanDefinitions
INFO: Loading XML bean definitions from class path resource [applicationContext.xml]
Oct 10, 2017 5:06:39 PM org.springframework.context.support.ClassPathXmlApplicationContext prepareRefresh
INFO: Refreshing org.springframework.context.support.ClassPathXmlApplicationContext@2c15dd79: startup date [Tue Oct 10 17:06:39 EDT 2017]; root of context hierarchy
Oct 10, 2017 5:06:39 PM org.springframework.beans.factory.xml.XmlBeanDefinitionReader loadBeanDefinitions
INFO: Loading XML bean definitions from class path resource [applicationContext.xml]
Oct 10, 2017 5:06:39 PM org.springframework.context.support.ClassPathXmlApplicationContext prepareRefresh
INFO: Refreshing org.springframework.context.support.ClassPathXmlApplicationContext@2c389f8d: startup date [Tue Oct 10 17:06:39 EDT 2017]; root of context hierarchy
Oct 10, 2017 5:06:39 PM org.springframework.beans.factory.xml.XmlBeanDefinitionReader loadBeanDefinitions
INFO: Loading XML bean definitions from class path resource [applicationContext.xml]
Oct 10, 2017 5:06:39 PM org.springframework.context.support.ClassPathXmlApplicationContext prepareRefresh
INFO: Refreshing org.springframework.context.support.ClassPathXmlApplicationContext@5e0844bb: startup date [Tue Oct 10 17:06:39 EDT 2017]; root of context hierarchy
Oct 10, 2017 5:06:39 PM org.springframework.beans.factory.xml.XmlBeanDefinitionReader loadBeanDefinitions
INFO: Loading XML bean definitions from class path resource [applicationContext.xml]
Oct 10, 2017 5:06:39 PM org.springframework.context.support.ClassPathXmlApplicationContext prepareRefresh
INFO: Refreshing org.springframework.context.support.ClassPathXmlApplicationContext@557d92fc: startup date [Tue Oct 10 17:06:39 EDT 2017]; root of context hierarchy
Oct 10, 2017 5:06:39 PM org.springframework.beans.factory.xml.XmlBeanDefinitionReader loadBeanDefinitions
INFO: Loading XML bean definitions from class path resource [applicationContext.xml]
Oct 10, 2017 5:06:39 PM org.springframework.context.support.ClassPathXmlApplicationContext prepareRefresh
INFO: Refreshing org.springframework.context.support.ClassPathXmlApplicationContext@58b346f4: startup date [Tue Oct 10 17:06:39 EDT 2017]; root of context hierarchy
Oct 10, 2017 5:06:39 PM org.springframework.beans.factory.xml.XmlBeanDefinitionReader loadBeanDefinitions
INFO: Loading XML bean definitions from class path resource [applicationContext.xml]
Oct 10, 2017 5:06:39 PM org.springframework.context.support.ClassPathXmlApplicationContext prepareRefresh
INFO: Refreshing org.springframework.context.support.ClassPathXmlApplicationContext@53778c58: startup date [Tue Oct 10 17:06:39 EDT 2017]; root of context hierarchy
Oct 10, 2017 5:06:39 PM org.springframework.beans.factory.xml.XmlBeanDefinitionReader loadBeanDefinitions
INFO: Loading XML bean definitions from class path resource [applicationContext.xml]
Oct 10, 2017 5:06:39 PM org.springframework.context.support.ClassPathXmlApplicationContext prepareRefresh
INFO: Refreshing org.springframework.context.support.ClassPathXmlApplicationContext@3f64e2ec: startup date [Tue Oct 10 17:06:39 EDT 2017]; root of context hierarchy
Oct 10, 2017 5:06:39 PM org.springframework.beans.factory.xml.XmlBeanDefinitionReader loadBeanDefinitions
INFO: Loading XML bean definitions from class path resource [applicationContext.xml]
Oct 10, 2017 5:06:39 PM org.springframework.context.support.ClassPathXmlApplicationContext prepareRefresh
INFO: Refreshing org.springframework.context.support.ClassPathXmlApplicationContext@42873df2: startup date [Tue Oct 10 17:06:39 EDT 2017]; root of context hierarchy
Oct 10, 2017 5:06:39 PM org.springframework.beans.factory.xml.XmlBeanDefinitionReader loadBeanDefinitions
INFO: Loading XML bean definitions from class path resource [applicationContext.xml]
Oct 10, 2017 5:06:39 PM org.springframework.context.support.ClassPathXmlApplicationContext prepareRefresh
INFO: Refreshing org.springframework.context.support.ClassPathXmlApplicationContext@1582764d: startup date [Tue Oct 10 17:06:39 EDT 2017]; root of context hierarchy
Oct 10, 2017 5:06:39 PM org.springframework.beans.factory.xml.XmlBeanDefinitionReader loadBeanDefinitions
INFO: Loading XML bean definitions from class path resource [applicationContext.xml]
Oct 10, 2017 5:06:39 PM org.springframework.context.support.ClassPathXmlApplicationContext prepareRefresh
INFO: Refreshing org.springframework.context.support.ClassPathXmlApplicationContext@1314af0c: startup date [Tue Oct 10 17:06:39 EDT 2017]; root of context hierarchy
Oct 10, 2017 5:06:39 PM org.springframework.beans.factory.xml.XmlBeanDefinitionReader loadBeanDefinitions
INFO: Loading XML bean definitions from class path resource [applicationContext.xml]
Oct 10, 2017 5:06:39 PM org.springframework.context.support.ClassPathXmlApplicationContext prepareRefresh
INFO: Refreshing org.springframework.context.support.ClassPathXmlApplicationContext@e3f2665: startup date [Tue Oct 10 17:06:39 EDT 2017]; root of context hierarchy
Oct 10, 2017 5:06:39 PM org.springframework.beans.factory.xml.XmlBeanDefinitionReader loadBeanDefinitions
INFO: Loading XML bean definitions from class path resource [applicationContext.xml]
Oct 10, 2017 5:06:39 PM org.springframework.context.support.ClassPathXmlApplicationContext prepareRefresh
INFO: Refreshing org.springframework.context.support.ClassPathXmlApplicationContext@14a4ae11: startup date [Tue Oct 10 17:06:39 EDT 2017]; root of context hierarchy
Oct 10, 2017 5:06:39 PM org.springframework.beans.factory.xml.XmlBeanDefinitionReader loadBeanDefinitions
INFO: Loading XML bean definitions from class path resource [applicationContext.xml]
Oct 10, 2017 5:06:39 PM org.springframework.context.support.ClassPathXmlApplicationContext prepareRefresh
INFO: Refreshing org.springframework.context.support.ClassPathXmlApplicationContext@ca050ba: startup date [Tue Oct 10 17:06:39 EDT 2017]; root of context hierarchy
Oct 10, 2017 5:06:39 PM org.springframework.beans.factory.xml.XmlBeanDefinitionReader loadBeanDefinitions
INFO: Loading XML bean definitions from class path resource [applicationContext.xml]
Oct 10, 2017 5:06:39 PM org.springframework.context.support.ClassPathXmlApplicationContext prepareRefresh
INFO: Refreshing org.springframework.context.support.ClassPathXmlApplicationContext@19149df: startup date [Tue Oct 10 17:06:39 EDT 2017]; root of context hierarchy
Oct 10, 2017 5:06:39 PM org.springframework.beans.factory.xml.XmlBeanDefinitionReader loadBeanDefinitions
INFO: Loading XML bean definitions from class path resource [applicationContext.xml]
Oct 10, 2017 5:06:39 PM org.springframework.context.support.ClassPathXmlApplicationContext prepareRefresh
INFO: Refreshing org.springframework.context.support.ClassPathXmlApplicationContext@c5cd66a: startup date [Tue Oct 10 17:06:39 EDT 2017]; root of context hierarchy
Oct 10, 2017 5:06:39 PM org.springframework.beans.factory.xml.XmlBeanDefinitionReader loadBeanDefinitions
INFO: Loading XML bean definitions from class path resource [applicationContext.xml]
Oct 10, 2017 5:06:39 PM org.springframework.context.support.ClassPathXmlApplicationContext prepareRefresh
INFO: Refreshing org.springframework.context.support.ClassPathXmlApplicationContext@756f78f8: startup date [Tue Oct 10 17:06:39 EDT 2017]; root of context hierarchy
Oct 10, 2017 5:06:39 PM org.springframework.beans.factory.xml.XmlBeanDefinitionReader loadBeanDefinitions
INFO: Loading XML bean definitions from class path resource [applicationContext.xml]
Oct 10, 2017 5:06:39 PM org.springframework.context.support.ClassPathXmlApplicationContext prepareRefresh
INFO: Refreshing org.springframework.context.support.ClassPathXmlApplicationContext@602149cd: startup date [Tue Oct 10 17:06:39 EDT 2017]; root of context hierarchy
Oct 10, 2017 5:06:39 PM org.springframework.beans.factory.xml.XmlBeanDefinitionReader loadBeanDefinitions
INFO: Loading XML bean definitions from class path resource [applicationContext.xml]
Oct 10, 2017 5:06:39 PM org.springframework.context.support.ClassPathXmlApplicationContext prepareRefresh
INFO: Refreshing org.springframework.context.support.ClassPathXmlApplicationContext@6007dac1: startup date [Tue Oct 10 17:06:39 EDT 2017]; root of context hierarchy
Oct 10, 2017 5:06:39 PM org.springframework.beans.factory.xml.XmlBeanDefinitionReader loadBeanDefinitions
INFO: Loading XML bean definitions from class path resource [applicationContext.xml]
Oct 10, 2017 5:06:39 PM org.springframework.context.support.ClassPathXmlApplicationContext prepareRefresh
INFO: Refreshing org.springframework.context.support.ClassPathXmlApplicationContext@3902dc9d: startup date [Tue Oct 10 17:06:39 EDT 2017]; root of context hierarchy
Oct 10, 2017 5:06:39 PM org.springframework.beans.factory.xml.XmlBeanDefinitionReader loadBeanDefinitions
INFO: Loading XML bean definitions from class path resource [applicationContext.xml]
Oct 10, 2017 5:06:39 PM org.springframework.context.support.ClassPathXmlApplicationContext prepareRefresh
INFO: Refreshing org.springframework.context.support.ClassPathXmlApplicationContext@5d3caab: startup date [Tue Oct 10 17:06:39 EDT 2017]; root of context hierarchy
Oct 10, 2017 5:06:39 PM org.springframework.beans.factory.xml.XmlBeanDefinitionReader loadBeanDefinitions
INFO: Loading XML bean definitions from class path resource [applicationContext.xml]
Oct 10, 2017 5:06:39 PM org.springframework.context.support.ClassPathXmlApplicationContext prepareRefresh
INFO: Refreshing org.springframework.context.support.ClassPathXmlApplicationContext@17959a72: startup date [Tue Oct 10 17:06:39 EDT 2017]; root of context hierarchy
Oct 10, 2017 5:06:39 PM org.springframework.beans.factory.xml.XmlBeanDefinitionReader loadBeanDefinitions
INFO: Loading XML bean definitions from class path resource [applicationContext.xml]
Oct 10, 2017 5:06:39 PM org.springframework.context.support.ClassPathXmlApplicationContext prepareRefresh
INFO: Refreshing org.springframework.context.support.ClassPathXmlApplicationContext@78b4fcac: startup date [Tue Oct 10 17:06:39 EDT 2017]; root of context hierarchy
Oct 10, 2017 5:06:39 PM org.springframework.beans.factory.xml.XmlBeanDefinitionReader loadBeanDefinitions
INFO: Loading XML bean definitions from class path resource [applicationContext.xml]
Oct 10, 2017 5:06:39 PM org.springframework.context.support.ClassPathXmlApplicationContext prepareRefresh
INFO: Refreshing org.springframework.context.support.ClassPathXmlApplicationContext@27692f2b: startup date [Tue Oct 10 17:06:39 EDT 2017]; root of context hierarchy
Oct 10, 2017 5:06:39 PM org.springframework.beans.factory.xml.XmlBeanDefinitionReader loadBeanDefinitions
INFO: Loading XML bean definitions from class path resource [applicationContext.xml]
Oct 10, 2017 5:06:40 PM org.springframework.context.support.ClassPathXmlApplicationContext prepareRefresh
INFO: Refreshing org.springframework.context.support.ClassPathXmlApplicationContext@2c9552c4: startup date [Tue Oct 10 17:06:40 EDT 2017]; root of context hierarchy
Oct 10, 2017 5:06:40 PM org.springframework.beans.factory.xml.XmlBeanDefinitionReader loadBeanDefinitions
INFO: Loading XML bean definitions from class path resource [applicationContext.xml]
Oct 10, 2017 5:06:40 PM org.springframework.context.support.ClassPathXmlApplicationContext prepareRefresh
INFO: Refreshing org.springframework.context.support.ClassPathXmlApplicationContext@4234c3c5: startup date [Tue Oct 10 17:06:40 EDT 2017]; root of context hierarchy
Oct 10, 2017 5:06:40 PM org.springframework.beans.factory.xml.XmlBeanDefinitionReader loadBeanDefinitions
INFO: Loading XML bean definitions from class path resource [applicationContext.xml]
Oct 10, 2017 5:06:40 PM org.springframework.context.support.ClassPathXmlApplicationContext prepareRefresh
INFO: Refreshing org.springframework.context.support.ClassPathXmlApplicationContext@46468764: startup date [Tue Oct 10 17:06:40 EDT 2017]; root of context hierarchy
Oct 10, 2017 5:06:40 PM org.springframework.beans.factory.xml.XmlBeanDefinitionReader loadBeanDefinitions
INFO: Loading XML bean definitions from class path resource [applicationContext.xml]
Oct 10, 2017 5:06:40 PM org.springframework.context.support.ClassPathXmlApplicationContext prepareRefresh
INFO: Refreshing org.springframework.context.support.ClassPathXmlApplicationContext@9997bdf: startup date [Tue Oct 10 17:06:40 EDT 2017]; root of context hierarchy
Oct 10, 2017 5:06:40 PM org.springframework.beans.factory.xml.XmlBeanDefinitionReader loadBeanDefinitions
INFO: Loading XML bean definitions from class path resource [applicationContext.xml]
Oct 10, 2017 5:06:40 PM org.springframework.context.support.ClassPathXmlApplicationContext prepareRefresh
INFO: Refreshing org.springframework.context.support.ClassPathXmlApplicationContext@7dfddae5: startup date [Tue Oct 10 17:06:40 EDT 2017]; root of context hierarchy
Oct 10, 2017 5:06:40 PM org.springframework.beans.factory.xml.XmlBeanDefinitionReader loadBeanDefinitions
INFO: Loading XML bean definitions from class path resource [applicationContext.xml]
Oct 10, 2017 5:06:40 PM org.springframework.context.support.ClassPathXmlApplicationContext prepareRefresh
INFO: Refreshing org.springframework.context.support.ClassPathXmlApplicationContext@5106cd77: startup date [Tue Oct 10 17:06:40 EDT 2017]; root of context hierarchy
Oct 10, 2017 5:06:40 PM org.springframework.beans.factory.xml.XmlBeanDefinitionReader loadBeanDefinitions
INFO: Loading XML bean definitions from class path resource [applicationContext.xml]
Oct 10, 2017 5:06:40 PM org.springframework.context.support.ClassPathXmlApplicationContext prepareRefresh
INFO: Refreshing org.springframework.context.support.ClassPathXmlApplicationContext@7691e966: startup date [Tue Oct 10 17:06:40 EDT 2017]; root of context hierarchy
Oct 10, 2017 5:06:40 PM org.springframework.beans.factory.xml.XmlBeanDefinitionReader loadBeanDefinitions
INFO: Loading XML bean definitions from class path resource [applicationContext.xml]
Oct 10, 2017 5:06:40 PM org.springframework.context.support.ClassPathXmlApplicationContext prepareRefresh
INFO: Refreshing org.springframework.context.support.ClassPathXmlApplicationContext@6f8180e2: startup date [Tue Oct 10 17:06:40 EDT 2017]; root of context hierarchy
Oct 10, 2017 5:06:40 PM org.springframework.beans.factory.xml.XmlBeanDefinitionReader loadBeanDefinitions
INFO: Loading XML bean definitions from class path resource [applicationContext.xml]
Oct 10, 2017 5:06:40 PM org.springframework.context.support.ClassPathXmlApplicationContext prepareRefresh
INFO: Refreshing org.springframework.context.support.ClassPathXmlApplicationContext@3369ad5b: startup date [Tue Oct 10 17:06:40 EDT 2017]; root of context hierarchy
Oct 10, 2017 5:06:40 PM org.springframework.beans.factory.xml.XmlBeanDefinitionReader loadBeanDefinitions
INFO: Loading XML bean definitions from class path resource [applicationContext.xml]
Oct 10, 2017 5:06:40 PM org.springframework.context.support.ClassPathXmlApplicationContext prepareRefresh
INFO: Refreshing org.springframework.context.support.ClassPathXmlApplicationContext@6fca4e13: startup date [Tue Oct 10 17:06:40 EDT 2017]; root of context hierarchy
Oct 10, 2017 5:06:40 PM org.springframework.beans.factory.xml.XmlBeanDefinitionReader loadBeanDefinitions
INFO: Loading XML bean definitions from class path resource [applicationContext.xml]
Oct 10, 2017 5:06:40 PM org.springframework.context.support.ClassPathXmlApplicationContext prepareRefresh
INFO: Refreshing org.springframework.context.support.ClassPathXmlApplicationContext@bb51825: startup date [Tue Oct 10 17:06:40 EDT 2017]; root of context hierarchy
Oct 10, 2017 5:06:40 PM org.springframework.beans.factory.xml.XmlBeanDefinitionReader loadBeanDefinitions
INFO: Loading XML bean definitions from class path resource [applicationContext.xml]
Oct 10, 2017 5:06:40 PM org.springframework.context.support.ClassPathXmlApplicationContext prepareRefresh
INFO: Refreshing org.springframework.context.support.ClassPathXmlApplicationContext@4da69e99: startup date [Tue Oct 10 17:06:40 EDT 2017]; root of context hierarchy
Oct 10, 2017 5:06:40 PM org.springframework.beans.factory.xml.XmlBeanDefinitionReader loadBeanDefinitions
INFO: Loading XML bean definitions from class path resource [applicationContext.xml]
Oct 10, 2017 5:06:40 PM org.springframework.context.support.ClassPathXmlApplicationContext prepareRefresh
INFO: Refreshing org.springframework.context.support.ClassPathXmlApplicationContext@8cf93cb: startup date [Tue Oct 10 17:06:40 EDT 2017]; root of context hierarchy
Oct 10, 2017 5:06:40 PM org.springframework.beans.factory.xml.XmlBeanDefinitionReader loadBeanDefinitions
INFO: Loading XML bean definitions from class path resource [applicationContext.xml]
Oct 10, 2017 5:06:40 PM org.springframework.context.support.ClassPathXmlApplicationContext prepareRefresh
INFO: Refreshing org.springframework.context.support.ClassPathXmlApplicationContext@33dd3ccd: startup date [Tue Oct 10 17:06:40 EDT 2017]; root of context hierarchy
Oct 10, 2017 5:06:40 PM org.springframework.beans.factory.xml.XmlBeanDefinitionReader loadBeanDefinitions
INFO: Loading XML bean definitions from class path resource [applicationContext.xml]
Oct 10, 2017 5:06:40 PM org.springframework.context.support.ClassPathXmlApplicationContext prepareRefresh
INFO: Refreshing org.springframework.context.support.ClassPathXmlApplicationContext@a98d26: startup date [Tue Oct 10 17:06:40 EDT 2017]; root of context hierarchy
Oct 10, 2017 5:06:40 PM org.springframework.beans.factory.xml.XmlBeanDefinitionReader loadBeanDefinitions
INFO: Loading XML bean definitions from class path resource [applicationContext.xml]
Oct 10, 2017 5:06:40 PM org.springframework.context.support.ClassPathXmlApplicationContext prepareRefresh
INFO: Refreshing org.springframework.context.support.ClassPathXmlApplicationContext@4f4d7d30: startup date [Tue Oct 10 17:06:40 EDT 2017]; root of context hierarchy
Oct 10, 2017 5:06:40 PM org.springframework.beans.factory.xml.XmlBeanDefinitionReader loadBeanDefinitions
INFO: Loading XML bean definitions from class path resource [applicationContext.xml]
Oct 10, 2017 5:06:40 PM org.springframework.context.support.ClassPathXmlApplicationContext prepareRefresh
INFO: Refreshing org.springframework.context.support.ClassPathXmlApplicationContext@9999900: startup date [Tue Oct 10 17:06:40 EDT 2017]; root of context hierarchy
Oct 10, 2017 5:06:40 PM org.springframework.beans.factory.xml.XmlBeanDefinitionReader loadBeanDefinitions
INFO: Loading XML bean definitions from class path resource [applicationContext.xml]
Oct 10, 2017 5:06:40 PM org.springframework.context.support.ClassPathXmlApplicationContext prepareRefresh
INFO: Refreshing org.springframework.context.support.ClassPathXmlApplicationContext@60693def: startup date [Tue Oct 10 17:06:40 EDT 2017]; root of context hierarchy
Oct 10, 2017 5:06:40 PM org.springframework.beans.factory.xml.XmlBeanDefinitionReader loadBeanDefinitions
INFO: Loading XML bean definitions from class path resource [applicationContext.xml]
Oct 10, 2017 5:06:40 PM org.springframework.context.support.ClassPathXmlApplicationContext prepareRefresh
INFO: Refreshing org.springframework.context.support.ClassPathXmlApplicationContext@7c8709c4: startup date [Tue Oct 10 17:06:40 EDT 2017]; root of context hierarchy
Oct 10, 2017 5:06:40 PM org.springframework.beans.factory.xml.XmlBeanDefinitionReader loadBeanDefinitions
INFO: Loading XML bean definitions from class path resource [applicationContext.xml]
Oct 10, 2017 5:06:40 PM org.springframework.context.support.ClassPathXmlApplicationContext prepareRefresh
INFO: Refreshing org.springframework.context.support.ClassPathXmlApplicationContext@55df2b5e: startup date [Tue Oct 10 17:06:40 EDT 2017]; root of context hierarchy
Oct 10, 2017 5:06:40 PM org.springframework.beans.factory.xml.XmlBeanDefinitionReader loadBeanDefinitions
INFO: Loading XML bean definitions from class path resource [applicationContext.xml]
Oct 10, 2017 5:06:40 PM org.springframework.context.support.ClassPathXmlApplicationContext prepareRefresh
INFO: Refreshing org.springframework.context.support.ClassPathXmlApplicationContext@4404ec6a: startup date [Tue Oct 10 17:06:40 EDT 2017]; root of context hierarchy
Oct 10, 2017 5:06:40 PM org.springframework.beans.factory.xml.XmlBeanDefinitionReader loadBeanDefinitions
INFO: Loading XML bean definitions from class path resource [applicationContext.xml]
Oct 10, 2017 5:06:40 PM org.springframework.context.support.ClassPathXmlApplicationContext prepareRefresh
INFO: Refreshing org.springframework.context.support.ClassPathXmlApplicationContext@1dc3d925: startup date [Tue Oct 10 17:06:40 EDT 2017]; root of context hierarchy
Oct 10, 2017 5:06:40 PM org.springframework.beans.factory.xml.XmlBeanDefinitionReader loadBeanDefinitions
INFO: Loading XML bean definitions from class path resource [applicationContext.xml]
Oct 10, 2017 5:06:40 PM org.springframework.context.support.ClassPathXmlApplicationContext prepareRefresh
INFO: Refreshing org.springframework.context.support.ClassPathXmlApplicationContext@62d48b21: startup date [Tue Oct 10 17:06:40 EDT 2017]; root of context hierarchy
Oct 10, 2017 5:06:40 PM org.springframework.beans.factory.xml.XmlBeanDefinitionReader loadBeanDefinitions
INFO: Loading XML bean definitions from class path resource [applicationContext.xml]
Oct 10, 2017 5:06:40 PM org.springframework.context.support.ClassPathXmlApplicationContext prepareRefresh
INFO: Refreshing org.springframework.context.support.ClassPathXmlApplicationContext@58a5d6b6: startup date [Tue Oct 10 17:06:40 EDT 2017]; root of context hierarchy
Oct 10, 2017 5:06:40 PM org.springframework.beans.factory.xml.XmlBeanDefinitionReader loadBeanDefinitions
INFO: Loading XML bean definitions from class path resource [applicationContext.xml]
Oct 10, 2017 5:06:40 PM org.springframework.context.support.ClassPathXmlApplicationContext prepareRefresh
INFO: Refreshing org.springframework.context.support.ClassPathXmlApplicationContext@3818e810: startup date [Tue Oct 10 17:06:40 EDT 2017]; root of context hierarchy
Oct 10, 2017 5:06:40 PM org.springframework.beans.factory.xml.XmlBeanDefinitionReader loadBeanDefinitions
INFO: Loading XML bean definitions from class path resource [applicationContext.xml]
Oct 10, 2017 5:06:40 PM org.springframework.context.support.ClassPathXmlApplicationContext prepareRefresh
INFO: Refreshing org.springframework.context.support.ClassPathXmlApplicationContext@3042fa0c: startup date [Tue Oct 10 17:06:40 EDT 2017]; root of context hierarchy
Oct 10, 2017 5:06:40 PM org.springframework.beans.factory.xml.XmlBeanDefinitionReader loadBeanDefinitions
INFO: Loading XML bean definitions from class path resource [applicationContext.xml]
Oct 10, 2017 5:06:40 PM org.springframework.context.support.ClassPathXmlApplicationContext prepareRefresh
INFO: Refreshing org.springframework.context.support.ClassPathXmlApplicationContext@3d82d68f: startup date [Tue Oct 10 17:06:40 EDT 2017]; root of context hierarchy
Oct 10, 2017 5:06:40 PM org.springframework.beans.factory.xml.XmlBeanDefinitionReader loadBeanDefinitions
INFO: Loading XML bean definitions from class path resource [applicationContext.xml]
Oct 10, 2017 5:06:40 PM org.springframework.context.support.ClassPathXmlApplicationContext prepareRefresh
INFO: Refreshing org.springframework.context.support.ClassPathXmlApplicationContext@4d142ddb: startup date [Tue Oct 10 17:06:40 EDT 2017]; root of context hierarchy
Oct 10, 2017 5:06:40 PM org.springframework.beans.factory.xml.XmlBeanDefinitionReader loadBeanDefinitions
INFO: Loading XML bean definitions from class path resource [applicationContext.xml]
Oct 10, 2017 5:06:40 PM org.springframework.context.support.ClassPathXmlApplicationContext prepareRefresh
INFO: Refreshing org.springframework.context.support.ClassPathXmlApplicationContext@5bcd3b2e: startup date [Tue Oct 10 17:06:40 EDT 2017]; root of context hierarchy
Oct 10, 2017 5:06:40 PM org.springframework.beans.factory.xml.XmlBeanDefinitionReader loadBeanDefinitions
INFO: Loading XML bean definitions from class path resource [applicationContext.xml]
Oct 10, 2017 5:06:40 PM org.springframework.context.support.ClassPathXmlApplicationContext prepareRefresh
INFO: Refreshing org.springframework.context.support.ClassPathXmlApplicationContext@78e25ee9: startup date [Tue Oct 10 17:06:40 EDT 2017]; root of context hierarchy
Oct 10, 2017 5:06:40 PM org.springframework.beans.factory.xml.XmlBeanDefinitionReader loadBeanDefinitions
INFO: Loading XML bean definitions from class path resource [applicationContext.xml]
Oct 10, 2017 5:06:40 PM org.springframework.context.support.ClassPathXmlApplicationContext prepareRefresh
INFO: Refreshing org.springframework.context.support.ClassPathXmlApplicationContext@463345ae: startup date [Tue Oct 10 17:06:40 EDT 2017]; root of context hierarchy
Oct 10, 2017 5:06:40 PM org.springframework.beans.factory.xml.XmlBeanDefinitionReader loadBeanDefinitions
INFO: Loading XML bean definitions from class path resource [applicationContext.xml]
Oct 10, 2017 5:06:40 PM org.springframework.context.support.ClassPathXmlApplicationContext prepareRefresh
INFO: Refreshing org.springframework.context.support.ClassPathXmlApplicationContext@669695b0: startup date [Tue Oct 10 17:06:40 EDT 2017]; root of context hierarchy
Oct 10, 2017 5:06:40 PM org.springframework.beans.factory.xml.XmlBeanDefinitionReader loadBeanDefinitions
INFO: Loading XML bean definitions from class path resource [applicationContext.xml]
Oct 10, 2017 5:06:40 PM org.springframework.context.support.ClassPathXmlApplicationContext prepareRefresh
INFO: Refreshing org.springframework.context.support.ClassPathXmlApplicationContext@f0d6545: startup date [Tue Oct 10 17:06:40 EDT 2017]; root of context hierarchy
Oct 10, 2017 5:06:40 PM org.springframework.beans.factory.xml.XmlBeanDefinitionReader loadBeanDefinitions
INFO: Loading XML bean definitions from class path resource [applicationContext.xml]
Oct 10, 2017 5:06:40 PM org.springframework.context.support.ClassPathXmlApplicationContext prepareRefresh
INFO: Refreshing org.springframework.context.support.ClassPathXmlApplicationContext@15fd2247: startup date [Tue Oct 10 17:06:40 EDT 2017]; root of context hierarchy
Oct 10, 2017 5:06:40 PM org.springframework.beans.factory.xml.XmlBeanDefinitionReader loadBeanDefinitions
INFO: Loading XML bean definitions from class path resource [applicationContext.xml]
Oct 10, 2017 5:06:40 PM org.springframework.context.support.ClassPathXmlApplicationContext prepareRefresh
INFO: Refreshing org.springframework.context.support.ClassPathXmlApplicationContext@521a457e: startup date [Tue Oct 10 17:06:40 EDT 2017]; root of context hierarchy
Oct 10, 2017 5:06:40 PM org.springframework.beans.factory.xml.XmlBeanDefinitionReader loadBeanDefinitions
INFO: Loading XML bean definitions from class path resource [applicationContext.xml]
Oct 10, 2017 5:06:40 PM org.springframework.context.support.ClassPathXmlApplicationContext prepareRefresh
INFO: Refreshing org.springframework.context.support.ClassPathXmlApplicationContext@21b8896c: startup date [Tue Oct 10 17:06:40 EDT 2017]; root of context hierarchy
Oct 10, 2017 5:06:40 PM org.springframework.beans.factory.xml.XmlBeanDefinitionReader loadBeanDefinitions
INFO: Loading XML bean definitions from class path resource [applicationContext.xml]
Oct 10, 2017 5:06:40 PM org.springframework.context.support.ClassPathXmlApplicationContext prepareRefresh
INFO: Refreshing org.springframework.context.support.ClassPathXmlApplicationContext@1841919a: startup date [Tue Oct 10 17:06:40 EDT 2017]; root of context hierarchy
Oct 10, 2017 5:06:40 PM org.springframework.beans.factory.xml.XmlBeanDefinitionReader loadBeanDefinitions
INFO: Loading XML bean definitions from class path resource [applicationContext.xml]
Oct 10, 2017 5:06:40 PM org.springframework.context.support.ClassPathXmlApplicationContext prepareRefresh
INFO: Refreshing org.springframework.context.support.ClassPathXmlApplicationContext@6cb0462c: startup date [Tue Oct 10 17:06:40 EDT 2017]; root of context hierarchy
Oct 10, 2017 5:06:40 PM org.springframework.beans.factory.xml.XmlBeanDefinitionReader loadBeanDefinitions
INFO: Loading XML bean definitions from class path resource [applicationContext.xml]
Oct 10, 2017 5:06:40 PM org.springframework.context.support.ClassPathXmlApplicationContext prepareRefresh
INFO: Refreshing org.springframework.context.support.ClassPathXmlApplicationContext@76fed99e: startup date [Tue Oct 10 17:06:40 EDT 2017]; root of context hierarchy
Oct 10, 2017 5:06:40 PM org.springframework.beans.factory.xml.XmlBeanDefinitionReader loadBeanDefinitions
INFO: Loading XML bean definitions from class path resource [applicationContext.xml]
Oct 10, 2017 5:06:40 PM org.springframework.context.support.ClassPathXmlApplicationContext prepareRefresh
INFO: Refreshing org.springframework.context.support.ClassPathXmlApplicationContext@30dc796a: startup date [Tue Oct 10 17:06:40 EDT 2017]; root of context hierarchy
Oct 10, 2017 5:06:40 PM org.springframework.beans.factory.xml.XmlBeanDefinitionReader loadBeanDefinitions
INFO: Loading XML bean definitions from class path resource [applicationContext.xml]
Oct 10, 2017 5:06:40 PM org.springframework.context.support.ClassPathXmlApplicationContext prepareRefresh
INFO: Refreshing org.springframework.context.support.ClassPathXmlApplicationContext@6b453325: startup date [Tue Oct 10 17:06:40 EDT 2017]; root of context hierarchy
Oct 10, 2017 5:06:40 PM org.springframework.beans.factory.xml.XmlBeanDefinitionReader loadBeanDefinitions
INFO: Loading XML bean definitions from class path resource [applicationContext.xml]
Oct 10, 2017 5:06:40 PM org.springframework.context.support.ClassPathXmlApplicationContext prepareRefresh
INFO: Refreshing org.springframework.context.support.ClassPathXmlApplicationContext@5d48af13: startup date [Tue Oct 10 17:06:40 EDT 2017]; root of context hierarchy
Oct 10, 2017 5:06:40 PM org.springframework.beans.factory.xml.XmlBeanDefinitionReader loadBeanDefinitions
INFO: Loading XML bean definitions from class path resource [applicationContext.xml]
Oct 10, 2017 5:06:40 PM org.springframework.context.support.ClassPathXmlApplicationContext prepareRefresh
INFO: Refreshing org.springframework.context.support.ClassPathXmlApplicationContext@66379e78: startup date [Tue Oct 10 17:06:40 EDT 2017]; root of context hierarchy
Oct 10, 2017 5:06:40 PM org.springframework.beans.factory.xml.XmlBeanDefinitionReader loadBeanDefinitions
INFO: Loading XML bean definitions from class path resource [applicationContext.xml]
Oct 10, 2017 5:06:40 PM org.springframework.context.support.ClassPathXmlApplicationContext prepareRefresh
INFO: Refreshing org.springframework.context.support.ClassPathXmlApplicationContext@7374441b: startup date [Tue Oct 10 17:06:40 EDT 2017]; root of context hierarchy
Oct 10, 2017 5:06:40 PM org.springframework.beans.factory.xml.XmlBeanDefinitionReader loadBeanDefinitions
INFO: Loading XML bean definitions from class path resource [applicationContext.xml]
Oct 10, 2017 5:06:40 PM org.springframework.context.support.ClassPathXmlApplicationContext prepareRefresh
INFO: Refreshing org.springframework.context.support.ClassPathXmlApplicationContext@43b6126: startup date [Tue Oct 10 17:06:40 EDT 2017]; root of context hierarchy
Oct 10, 2017 5:06:40 PM org.springframework.beans.factory.xml.XmlBeanDefinitionReader loadBeanDefinitions
INFO: Loading XML bean definitions from class path resource [applicationContext.xml]
Oct 10, 2017 5:06:40 PM org.springframework.context.support.ClassPathXmlApplicationContext prepareRefresh
INFO: Refreshing org.springframework.context.support.ClassPathXmlApplicationContext@20c6b881: startup date [Tue Oct 10 17:06:40 EDT 2017]; root of context hierarchy
Oct 10, 2017 5:06:40 PM org.springframework.beans.factory.xml.XmlBeanDefinitionReader loadBeanDefinitions
INFO: Loading XML bean definitions from class path resource [applicationContext.xml]
Oct 10, 2017 5:06:40 PM org.springframework.context.support.ClassPathXmlApplicationContext prepareRefresh
INFO: Refreshing org.springframework.context.support.ClassPathXmlApplicationContext@18937fba: startup date [Tue Oct 10 17:06:40 EDT 2017]; root of context hierarchy
Oct 10, 2017 5:06:40 PM org.springframework.beans.factory.xml.XmlBeanDefinitionReader loadBeanDefinitions
INFO: Loading XML bean definitions from class path resource [applicationContext.xml]
Oct 10, 2017 5:06:40 PM org.springframework.context.support.ClassPathXmlApplicationContext prepareRefresh
INFO: Refreshing org.springframework.context.support.ClassPathXmlApplicationContext@3146752c: startup date [Tue Oct 10 17:06:40 EDT 2017]; root of context hierarchy
Oct 10, 2017 5:06:40 PM org.springframework.beans.factory.xml.XmlBeanDefinitionReader loadBeanDefinitions
INFO: Loading XML bean definitions from class path resource [applicationContext.xml]
Oct 10, 2017 5:06:40 PM org.springframework.context.support.ClassPathXmlApplicationContext prepareRefresh
INFO: Refreshing org.springframework.context.support.ClassPathXmlApplicationContext@76671878: startup date [Tue Oct 10 17:06:40 EDT 2017]; root of context hierarchy
Oct 10, 2017 5:06:40 PM org.springframework.beans.factory.xml.XmlBeanDefinitionReader loadBeanDefinitions
INFO: Loading XML bean definitions from class path resource [applicationContext.xml]
Oct 10, 2017 5:06:40 PM org.springframework.context.support.ClassPathXmlApplicationContext prepareRefresh
INFO: Refreshing org.springframework.context.support.ClassPathXmlApplicationContext@730ef310: startup date [Tue Oct 10 17:06:40 EDT 2017]; root of context hierarchy
Oct 10, 2017 5:06:40 PM org.springframework.beans.factory.xml.XmlBeanDefinitionReader loadBeanDefinitions
INFO: Loading XML bean definitions from class path resource [applicationContext.xml]
Oct 10, 2017 5:06:40 PM org.springframework.context.support.ClassPathXmlApplicationContext prepareRefresh
INFO: Refreshing org.springframework.context.support.ClassPathXmlApplicationContext@ec4ba9c: startup date [Tue Oct 10 17:06:40 EDT 2017]; root of context hierarchy
Oct 10, 2017 5:06:40 PM org.springframework.beans.factory.xml.XmlBeanDefinitionReader loadBeanDefinitions
INFO: Loading XML bean definitions from class path resource [applicationContext.xml]
Oct 10, 2017 5:06:40 PM org.springframework.context.support.ClassPathXmlApplicationContext prepareRefresh
INFO: Refreshing org.springframework.context.support.ClassPathXmlApplicationContext@1326f0fa: startup date [Tue Oct 10 17:06:40 EDT 2017]; root of context hierarchy
Oct 10, 2017 5:06:40 PM org.springframework.beans.factory.xml.XmlBeanDefinitionReader loadBeanDefinitions
INFO: Loading XML bean definitions from class path resource [applicationContext.xml]
Oct 10, 2017 5:06:40 PM org.springframework.context.support.ClassPathXmlApplicationContext prepareRefresh
INFO: Refreshing org.springframework.context.support.ClassPathXmlApplicationContext@4aa58cf4: startup date [Tue Oct 10 17:06:40 EDT 2017]; root of context hierarchy
Oct 10, 2017 5:06:40 PM org.springframework.beans.factory.xml.XmlBeanDefinitionReader loadBeanDefinitions
INFO: Loading XML bean definitions from class path resource [applicationContext.xml]
Oct 10, 2017 5:06:40 PM org.springframework.context.support.ClassPathXmlApplicationContext prepareRefresh
INFO: Refreshing org.springframework.context.support.ClassPathXmlApplicationContext@24d18612: startup date [Tue Oct 10 17:06:40 EDT 2017]; root of context hierarchy
Oct 10, 2017 5:06:40 PM org.springframework.beans.factory.xml.XmlBeanDefinitionReader loadBeanDefinitions
INFO: Loading XML bean definitions from class path resource [applicationContext.xml]
Oct 10, 2017 5:06:40 PM org.springframework.context.support.ClassPathXmlApplicationContext prepareRefresh
INFO: Refreshing org.springframework.context.support.ClassPathXmlApplicationContext@6cdd5190: startup date [Tue Oct 10 17:06:40 EDT 2017]; root of context hierarchy
Oct 10, 2017 5:06:40 PM org.springframework.beans.factory.xml.XmlBeanDefinitionReader loadBeanDefinitions
INFO: Loading XML bean definitions from class path resource [applicationContext.xml]
Oct 10, 2017 5:06:40 PM org.springframework.context.support.ClassPathXmlApplicationContext prepareRefresh
INFO: Refreshing org.springframework.context.support.ClassPathXmlApplicationContext@15e3c3d3: startup date [Tue Oct 10 17:06:40 EDT 2017]; root of context hierarchy
Oct 10, 2017 5:06:40 PM org.springframework.beans.factory.xml.XmlBeanDefinitionReader loadBeanDefinitions
INFO: Loading XML bean definitions from class path resource [applicationContext.xml]
Oct 10, 2017 5:06:40 PM org.springframework.context.support.ClassPathXmlApplicationContext prepareRefresh
INFO: Refreshing org.springframework.context.support.ClassPathXmlApplicationContext@18223496: startup date [Tue Oct 10 17:06:40 EDT 2017]; root of context hierarchy
Oct 10, 2017 5:06:40 PM org.springframework.beans.factory.xml.XmlBeanDefinitionReader loadBeanDefinitions
INFO: Loading XML bean definitions from class path resource [applicationContext.xml]
Oct 10, 2017 5:06:40 PM org.springframework.context.support.ClassPathXmlApplicationContext prepareRefresh
INFO: Refreshing org.springframework.context.support.ClassPathXmlApplicationContext@73abc499: startup date [Tue Oct 10 17:06:40 EDT 2017]; root of context hierarchy
Oct 10, 2017 5:06:40 PM org.springframework.beans.factory.xml.XmlBeanDefinitionReader loadBeanDefinitions
INFO: Loading XML bean definitions from class path resource [applicationContext.xml]
Oct 10, 2017 5:06:40 PM org.springframework.context.support.ClassPathXmlApplicationContext prepareRefresh
INFO: Refreshing org.springframework.context.support.ClassPathXmlApplicationContext@11852471: startup date [Tue Oct 10 17:06:40 EDT 2017]; root of context hierarchy
Oct 10, 2017 5:06:40 PM org.springframework.beans.factory.xml.XmlBeanDefinitionReader loadBeanDefinitions
INFO: Loading XML bean definitions from class path resource [applicationContext.xml]
Oct 10, 2017 5:06:40 PM org.springframework.context.support.ClassPathXmlApplicationContext prepareRefresh
INFO: Refreshing org.springframework.context.support.ClassPathXmlApplicationContext@6d7ac867: startup date [Tue Oct 10 17:06:40 EDT 2017]; root of context hierarchy
Oct 10, 2017 5:06:40 PM org.springframework.beans.factory.xml.XmlBeanDefinitionReader loadBeanDefinitions
INFO: Loading XML bean definitions from class path resource [applicationContext.xml]
Oct 10, 2017 5:06:40 PM org.springframework.context.support.ClassPathXmlApplicationContext prepareRefresh
INFO: Refreshing org.springframework.context.support.ClassPathXmlApplicationContext@3dea6f64: startup date [Tue Oct 10 17:06:40 EDT 2017]; root of context hierarchy
Oct 10, 2017 5:06:40 PM org.springframework.beans.factory.xml.XmlBeanDefinitionReader loadBeanDefinitions
INFO: Loading XML bean definitions from class path resource [applicationContext.xml]
Oct 10, 2017 5:06:40 PM org.springframework.context.support.ClassPathXmlApplicationContext prepareRefresh
INFO: Refreshing org.springframework.context.support.ClassPathXmlApplicationContext@9a5b701: startup date [Tue Oct 10 17:06:40 EDT 2017]; root of context hierarchy
Oct 10, 2017 5:06:40 PM org.springframework.beans.factory.xml.XmlBeanDefinitionReader loadBeanDefinitions
INFO: Loading XML bean definitions from class path resource [applicationContext.xml]
Oct 10, 2017 5:06:40 PM org.springframework.context.support.ClassPathXmlApplicationContext prepareRefresh
INFO: Refreshing org.springframework.context.support.ClassPathXmlApplicationContext@19ececc1: startup date [Tue Oct 10 17:06:40 EDT 2017]; root of context hierarchy
Oct 10, 2017 5:06:40 PM org.springframework.beans.factory.xml.XmlBeanDefinitionReader loadBeanDefinitions
INFO: Loading XML bean definitions from class path resource [applicationContext.xml]
Oct 10, 2017 5:06:40 PM org.springframework.context.support.ClassPathXmlApplicationContext prepareRefresh
INFO: Refreshing org.springframework.context.support.ClassPathXmlApplicationContext@2e154bfd: startup date [Tue Oct 10 17:06:40 EDT 2017]; root of context hierarchy
Oct 10, 2017 5:06:40 PM org.springframework.beans.factory.xml.XmlBeanDefinitionReader loadBeanDefinitions
INFO: Loading XML bean definitions from class path resource [applicationContext.xml]
Oct 10, 2017 5:06:40 PM org.springframework.context.support.ClassPathXmlApplicationContext prepareRefresh
INFO: Refreshing org.springframework.context.support.ClassPathXmlApplicationContext@42dd8563: startup date [Tue Oct 10 17:06:40 EDT 2017]; root of context hierarchy
Oct 10, 2017 5:06:40 PM org.springframework.beans.factory.xml.XmlBeanDefinitionReader loadBeanDefinitions
INFO: Loading XML bean definitions from class path resource [applicationContext.xml]
Oct 10, 2017 5:06:40 PM org.springframework.context.support.ClassPathXmlApplicationContext prepareRefresh
INFO: Refreshing org.springframework.context.support.ClassPathXmlApplicationContext@79aa7a52: startup date [Tue Oct 10 17:06:40 EDT 2017]; root of context hierarchy
Oct 10, 2017 5:06:40 PM org.springframework.beans.factory.xml.XmlBeanDefinitionReader loadBeanDefinitions
INFO: Loading XML bean definitions from class path resource [applicationContext.xml]
Oct 10, 2017 5:06:41 PM org.springframework.context.support.ClassPathXmlApplicationContext prepareRefresh
INFO: Refreshing org.springframework.context.support.ClassPathXmlApplicationContext@251e7432: startup date [Tue Oct 10 17:06:41 EDT 2017]; root of context hierarchy
Oct 10, 2017 5:06:41 PM org.springframework.beans.factory.xml.XmlBeanDefinitionReader loadBeanDefinitions
INFO: Loading XML bean definitions from class path resource [applicationContext.xml]
Oct 10, 2017 5:06:41 PM org.springframework.context.support.ClassPathXmlApplicationContext prepareRefresh
INFO: Refreshing org.springframework.context.support.ClassPathXmlApplicationContext@5f6283d1: startup date [Tue Oct 10 17:06:41 EDT 2017]; root of context hierarchy
Oct 10, 2017 5:06:41 PM org.springframework.beans.factory.xml.XmlBeanDefinitionReader loadBeanDefinitions
INFO: Loading XML bean definitions from class path resource [applicationContext.xml]
Oct 10, 2017 5:06:41 PM org.springframework.context.support.ClassPathXmlApplicationContext prepareRefresh
INFO: Refreshing org.springframework.context.support.ClassPathXmlApplicationContext@27f880d5: startup date [Tue Oct 10 17:06:41 EDT 2017]; root of context hierarchy
Oct 10, 2017 5:06:41 PM org.springframework.beans.factory.xml.XmlBeanDefinitionReader loadBeanDefinitions
INFO: Loading XML bean definitions from class path resource [applicationContext.xml]
Oct 10, 2017 5:06:41 PM org.springframework.context.support.ClassPathXmlApplicationContext prepareRefresh
INFO: Refreshing org.springframework.context.support.ClassPathXmlApplicationContext@5ca7da9d: startup date [Tue Oct 10 17:06:41 EDT 2017]; root of context hierarchy
Oct 10, 2017 5:06:41 PM org.springframework.beans.factory.xml.XmlBeanDefinitionReader loadBeanDefinitions
INFO: Loading XML bean definitions from class path resource [applicationContext.xml]
Oct 10, 2017 5:06:41 PM org.springframework.context.support.ClassPathXmlApplicationContext prepareRefresh
INFO: Refreshing org.springframework.context.support.ClassPathXmlApplicationContext@4ed34289: startup date [Tue Oct 10 17:06:41 EDT 2017]; root of context hierarchy
Oct 10, 2017 5:06:41 PM org.springframework.beans.factory.xml.XmlBeanDefinitionReader loadBeanDefinitions
INFO: Loading XML bean definitions from class path resource [applicationContext.xml]
Oct 10, 2017 5:06:41 PM org.springframework.context.support.ClassPathXmlApplicationContext prepareRefresh
INFO: Refreshing org.springframework.context.support.ClassPathXmlApplicationContext@7b3225bc: startup date [Tue Oct 10 17:06:41 EDT 2017]; root of context hierarchy
Oct 10, 2017 5:06:41 PM org.springframework.beans.factory.xml.XmlBeanDefinitionReader loadBeanDefinitions
INFO: Loading XML bean definitions from class path resource [applicationContext.xml]
Oct 10, 2017 5:06:41 PM org.springframework.context.support.ClassPathXmlApplicationContext prepareRefresh
INFO: Refreshing org.springframework.context.support.ClassPathXmlApplicationContext@719cbca: startup date [Tue Oct 10 17:06:41 EDT 2017]; root of context hierarchy
Oct 10, 2017 5:06:41 PM org.springframework.beans.factory.xml.XmlBeanDefinitionReader loadBeanDefinitions
INFO: Loading XML bean definitions from class path resource [applicationContext.xml]
Oct 10, 2017 5:06:41 PM org.springframework.context.support.ClassPathXmlApplicationContext prepareRefresh
INFO: Refreshing org.springframework.context.support.ClassPathXmlApplicationContext@498aee04: startup date [Tue Oct 10 17:06:41 EDT 2017]; root of context hierarchy
Oct 10, 2017 5:06:41 PM org.springframework.beans.factory.xml.XmlBeanDefinitionReader loadBeanDefinitions
INFO: Loading XML bean definitions from class path resource [applicationContext.xml]
Oct 10, 2017 5:06:41 PM org.springframework.context.support.ClassPathXmlApplicationContext prepareRefresh
INFO: Refreshing org.springframework.context.support.ClassPathXmlApplicationContext@73294e18: startup date [Tue Oct 10 17:06:41 EDT 2017]; root of context hierarchy
Oct 10, 2017 5:06:41 PM org.springframework.beans.factory.xml.XmlBeanDefinitionReader loadBeanDefinitions
INFO: Loading XML bean definitions from class path resource [applicationContext.xml]
Oct 10, 2017 5:06:41 PM org.springframework.context.support.ClassPathXmlApplicationContext prepareRefresh
INFO: Refreshing org.springframework.context.support.ClassPathXmlApplicationContext@12946bc8: startup date [Tue Oct 10 17:06:41 EDT 2017]; root of context hierarchy
Oct 10, 2017 5:06:41 PM org.springframework.beans.factory.xml.XmlBeanDefinitionReader loadBeanDefinitions
INFO: Loading XML bean definitions from class path resource [applicationContext.xml]
Oct 10, 2017 5:06:41 PM org.springframework.context.support.ClassPathXmlApplicationContext prepareRefresh
INFO: Refreshing org.springframework.context.support.ClassPathXmlApplicationContext@53c67947: startup date [Tue Oct 10 17:06:41 EDT 2017]; root of context hierarchy
Oct 10, 2017 5:06:41 PM org.springframework.beans.factory.xml.XmlBeanDefinitionReader loadBeanDefinitions
INFO: Loading XML bean definitions from class path resource [applicationContext.xml]
Oct 10, 2017 5:06:41 PM org.springframework.context.support.ClassPathXmlApplicationContext prepareRefresh
INFO: Refreshing org.springframework.context.support.ClassPathXmlApplicationContext@2eb8c07: startup date [Tue Oct 10 17:06:41 EDT 2017]; root of context hierarchy
Oct 10, 2017 5:06:41 PM org.springframework.beans.factory.xml.XmlBeanDefinitionReader loadBeanDefinitions
INFO: Loading XML bean definitions from class path resource [applicationContext.xml]
Oct 10, 2017 5:06:41 PM org.springframework.context.support.ClassPathXmlApplicationContext prepareRefresh
INFO: Refreshing org.springframework.context.support.ClassPathXmlApplicationContext@571aaa15: startup date [Tue Oct 10 17:06:41 EDT 2017]; root of context hierarchy
Oct 10, 2017 5:06:41 PM org.springframework.beans.factory.xml.XmlBeanDefinitionReader loadBeanDefinitions
INFO: Loading XML bean definitions from class path resource [applicationContext.xml]
Oct 10, 2017 5:06:41 PM org.springframework.context.support.ClassPathXmlApplicationContext prepareRefresh
INFO: Refreshing org.springframework.context.support.ClassPathXmlApplicationContext@b1eeb72: startup date [Tue Oct 10 17:06:41 EDT 2017]; root of context hierarchy
Oct 10, 2017 5:06:41 PM org.springframework.beans.factory.xml.XmlBeanDefinitionReader loadBeanDefinitions
INFO: Loading XML bean definitions from class path resource [applicationContext.xml]
Oct 10, 2017 5:06:41 PM org.springframework.context.support.ClassPathXmlApplicationContext prepareRefresh
INFO: Refreshing org.springframework.context.support.ClassPathXmlApplicationContext@4af53bd1: startup date [Tue Oct 10 17:06:41 EDT 2017]; root of context hierarchy
Oct 10, 2017 5:06:41 PM org.springframework.beans.factory.xml.XmlBeanDefinitionReader loadBeanDefinitions
INFO: Loading XML bean definitions from class path resource [applicationContext.xml]
Oct 10, 2017 5:06:41 PM org.springframework.context.support.ClassPathXmlApplicationContext prepareRefresh
INFO: Refreshing org.springframework.context.support.ClassPathXmlApplicationContext@40da8932: startup date [Tue Oct 10 17:06:41 EDT 2017]; root of context hierarchy
Oct 10, 2017 5:06:41 PM org.springframework.beans.factory.xml.XmlBeanDefinitionReader loadBeanDefinitions
INFO: Loading XML bean definitions from class path resource [applicationContext.xml]
Oct 10, 2017 5:06:41 PM org.springframework.context.support.ClassPathXmlApplicationContext prepareRefresh
INFO: Refreshing org.springframework.context.support.ClassPathXmlApplicationContext@28746bc7: startup date [Tue Oct 10 17:06:41 EDT 2017]; root of context hierarchy
Oct 10, 2017 5:06:41 PM org.springframework.beans.factory.xml.XmlBeanDefinitionReader loadBeanDefinitions
INFO: Loading XML bean definitions from class path resource [applicationContext.xml]
Oct 10, 2017 5:06:41 PM org.springframework.context.support.ClassPathXmlApplicationContext prepareRefresh
INFO: Refreshing org.springframework.context.support.ClassPathXmlApplicationContext@164a13b1: startup date [Tue Oct 10 17:06:41 EDT 2017]; root of context hierarchy
Oct 10, 2017 5:06:41 PM org.springframework.beans.factory.xml.XmlBeanDefinitionReader loadBeanDefinitions
INFO: Loading XML bean definitions from class path resource [applicationContext.xml]
Oct 10, 2017 5:06:41 PM org.springframework.context.support.ClassPathXmlApplicationContext prepareRefresh
INFO: Refreshing org.springframework.context.support.ClassPathXmlApplicationContext@6e595898: startup date [Tue Oct 10 17:06:41 EDT 2017]; root of context hierarchy
Oct 10, 2017 5:06:41 PM org.springframework.beans.factory.xml.XmlBeanDefinitionReader loadBeanDefinitions
INFO: Loading XML bean definitions from class path resource [applicationContext.xml]
Oct 10, 2017 5:06:41 PM org.springframework.context.support.ClassPathXmlApplicationContext prepareRefresh
INFO: Refreshing org.springframework.context.support.ClassPathXmlApplicationContext@7cdb68ac: startup date [Tue Oct 10 17:06:41 EDT 2017]; root of context hierarchy
Oct 10, 2017 5:06:41 PM org.springframework.beans.factory.xml.XmlBeanDefinitionReader loadBeanDefinitions
INFO: Loading XML bean definitions from class path resource [applicationContext.xml]
Oct 10, 2017 5:06:41 PM org.springframework.context.support.ClassPathXmlApplicationContext prepareRefresh
INFO: Refreshing org.springframework.context.support.ClassPathXmlApplicationContext@69c81a5c: startup date [Tue Oct 10 17:06:41 EDT 2017]; root of context hierarchy
Oct 10, 2017 5:06:41 PM org.springframework.beans.factory.xml.XmlBeanDefinitionReader loadBeanDefinitions
INFO: Loading XML bean definitions from class path resource [applicationContext.xml]
Oct 10, 2017 5:06:41 PM org.springframework.context.support.ClassPathXmlApplicationContext prepareRefresh
INFO: Refreshing org.springframework.context.support.ClassPathXmlApplicationContext@1b4a063e: startup date [Tue Oct 10 17:06:41 EDT 2017]; root of context hierarchy
Oct 10, 2017 5:06:41 PM org.springframework.beans.factory.xml.XmlBeanDefinitionReader loadBeanDefinitions
INFO: Loading XML bean definitions from class path resource [applicationContext.xml]
Oct 10, 2017 5:06:41 PM org.springframework.context.support.ClassPathXmlApplicationContext prepareRefresh
INFO: Refreshing org.springframework.context.support.ClassPathXmlApplicationContext@61e5c50: startup date [Tue Oct 10 17:06:41 EDT 2017]; root of context hierarchy
Oct 10, 2017 5:06:41 PM org.springframework.beans.factory.xml.XmlBeanDefinitionReader loadBeanDefinitions
INFO: Loading XML bean definitions from class path resource [applicationContext.xml]
Oct 10, 2017 5:06:41 PM org.springframework.context.support.ClassPathXmlApplicationContext prepareRefresh
INFO: Refreshing org.springframework.context.support.ClassPathXmlApplicationContext@13c777b2: startup date [Tue Oct 10 17:06:41 EDT 2017]; root of context hierarchy
Oct 10, 2017 5:06:41 PM org.springframework.beans.factory.xml.XmlBeanDefinitionReader loadBeanDefinitions
INFO: Loading XML bean definitions from class path resource [applicationContext.xml]
Oct 10, 2017 5:06:41 PM org.springframework.context.support.ClassPathXmlApplicationContext prepareRefresh
INFO: Refreshing org.springframework.context.support.ClassPathXmlApplicationContext@1e9bb8d7: startup date [Tue Oct 10 17:06:41 EDT 2017]; root of context hierarchy
Oct 10, 2017 5:06:41 PM org.springframework.beans.factory.xml.XmlBeanDefinitionReader loadBeanDefinitions
INFO: Loading XML bean definitions from class path resource [applicationContext.xml]
Oct 10, 2017 5:06:41 PM org.springframework.context.support.ClassPathXmlApplicationContext prepareRefresh
INFO: Refreshing org.springframework.context.support.ClassPathXmlApplicationContext@15e5a8: startup date [Tue Oct 10 17:06:41 EDT 2017]; root of context hierarchy
Oct 10, 2017 5:06:41 PM org.springframework.beans.factory.xml.XmlBeanDefinitionReader loadBeanDefinitions
INFO: Loading XML bean definitions from class path resource [applicationContext.xml]
Oct 10, 2017 5:06:41 PM org.springframework.context.support.ClassPathXmlApplicationContext prepareRefresh
INFO: Refreshing org.springframework.context.support.ClassPathXmlApplicationContext@533206c2: startup date [Tue Oct 10 17:06:41 EDT 2017]; root of context hierarchy
Oct 10, 2017 5:06:41 PM org.springframework.beans.factory.xml.XmlBeanDefinitionReader loadBeanDefinitions
INFO: Loading XML bean definitions from class path resource [applicationContext.xml]
Oct 10, 2017 5:06:41 PM org.springframework.context.support.ClassPathXmlApplicationContext prepareRefresh
INFO: Refreshing org.springframework.context.support.ClassPathXmlApplicationContext@39e72498: startup date [Tue Oct 10 17:06:41 EDT 2017]; root of context hierarchy
Oct 10, 2017 5:06:41 PM org.springframework.beans.factory.xml.XmlBeanDefinitionReader loadBeanDefinitions
INFO: Loading XML bean definitions from class path resource [applicationContext.xml]
Oct 10, 2017 5:06:41 PM org.springframework.context.support.ClassPathXmlApplicationContext prepareRefresh
INFO: Refreshing org.springframework.context.support.ClassPathXmlApplicationContext@33e24112: startup date [Tue Oct 10 17:06:41 EDT 2017]; root of context hierarchy
Oct 10, 2017 5:06:41 PM org.springframework.beans.factory.xml.XmlBeanDefinitionReader loadBeanDefinitions
INFO: Loading XML bean definitions from class path resource [applicationContext.xml]
Oct 10, 2017 5:06:41 PM org.springframework.context.support.ClassPathXmlApplicationContext prepareRefresh
INFO: Refreshing org.springframework.context.support.ClassPathXmlApplicationContext@20047204: startup date [Tue Oct 10 17:06:41 EDT 2017]; root of context hierarchy
Oct 10, 2017 5:06:41 PM org.springframework.beans.factory.xml.XmlBeanDefinitionReader loadBeanDefinitions
INFO: Loading XML bean definitions from class path resource [applicationContext.xml]
Oct 10, 2017 5:06:41 PM org.springframework.context.support.ClassPathXmlApplicationContext prepareRefresh
INFO: Refreshing org.springframework.context.support.ClassPathXmlApplicationContext@2f87eec3: startup date [Tue Oct 10 17:06:41 EDT 2017]; root of context hierarchy
Oct 10, 2017 5:06:41 PM org.springframework.beans.factory.xml.XmlBeanDefinitionReader loadBeanDefinitions
INFO: Loading XML bean definitions from class path resource [applicationContext.xml]
Oct 10, 2017 5:06:41 PM org.springframework.context.support.ClassPathXmlApplicationContext prepareRefresh
INFO: Refreshing org.springframework.context.support.ClassPathXmlApplicationContext@5e36053a: startup date [Tue Oct 10 17:06:41 EDT 2017]; root of context hierarchy
Oct 10, 2017 5:06:41 PM org.springframework.beans.factory.xml.XmlBeanDefinitionReader loadBeanDefinitions
INFO: Loading XML bean definitions from class path resource [applicationContext.xml]
Oct 10, 2017 5:06:41 PM org.springframework.context.support.ClassPathXmlApplicationContext prepareRefresh
INFO: Refreshing org.springframework.context.support.ClassPathXmlApplicationContext@239f321c: startup date [Tue Oct 10 17:06:41 EDT 2017]; root of context hierarchy
Oct 10, 2017 5:06:41 PM org.springframework.beans.factory.xml.XmlBeanDefinitionReader loadBeanDefinitions
INFO: Loading XML bean definitions from class path resource [applicationContext.xml]
Oct 10, 2017 5:06:41 PM org.springframework.context.support.ClassPathXmlApplicationContext prepareRefresh
INFO: Refreshing org.springframework.context.support.ClassPathXmlApplicationContext@4bad9d37: startup date [Tue Oct 10 17:06:41 EDT 2017]; root of context hierarchy
Oct 10, 2017 5:06:41 PM org.springframework.beans.factory.xml.XmlBeanDefinitionReader loadBeanDefinitions
INFO: Loading XML bean definitions from class path resource [applicationContext.xml]
Oct 10, 2017 5:06:41 PM org.springframework.context.support.ClassPathXmlApplicationContext prepareRefresh
INFO: Refreshing org.springframework.context.support.ClassPathXmlApplicationContext@772651e7: startup date [Tue Oct 10 17:06:41 EDT 2017]; root of context hierarchy
Oct 10, 2017 5:06:41 PM org.springframework.beans.factory.xml.XmlBeanDefinitionReader loadBeanDefinitions
INFO: Loading XML bean definitions from class path resource [applicationContext.xml]
Oct 10, 2017 5:06:41 PM org.springframework.context.support.ClassPathXmlApplicationContext prepareRefresh
INFO: Refreshing org.springframework.context.support.ClassPathXmlApplicationContext@6379dd72: startup date [Tue Oct 10 17:06:41 EDT 2017]; root of context hierarchy
Oct 10, 2017 5:06:41 PM org.springframework.beans.factory.xml.XmlBeanDefinitionReader loadBeanDefinitions
INFO: Loading XML bean definitions from class path resource [applicationContext.xml]
Oct 10, 2017 5:06:41 PM org.springframework.context.support.ClassPathXmlApplicationContext prepareRefresh
INFO: Refreshing org.springframework.context.support.ClassPathXmlApplicationContext@35a3198e: startup date [Tue Oct 10 17:06:41 EDT 2017]; root of context hierarchy
Oct 10, 2017 5:06:41 PM org.springframework.beans.factory.xml.XmlBeanDefinitionReader loadBeanDefinitions
INFO: Loading XML bean definitions from class path resource [applicationContext.xml]
Oct 10, 2017 5:06:41 PM org.springframework.context.support.ClassPathXmlApplicationContext prepareRefresh
INFO: Refreshing org.springframework.context.support.ClassPathXmlApplicationContext@59af8d76: startup date [Tue Oct 10 17:06:41 EDT 2017]; root of context hierarchy
Oct 10, 2017 5:06:41 PM org.springframework.beans.factory.xml.XmlBeanDefinitionReader loadBeanDefinitions
INFO: Loading XML bean definitions from class path resource [applicationContext.xml]
Oct 10, 2017 5:06:41 PM org.springframework.context.support.ClassPathXmlApplicationContext prepareRefresh
INFO: Refreshing org.springframework.context.support.ClassPathXmlApplicationContext@5e73abbe: startup date [Tue Oct 10 17:06:41 EDT 2017]; root of context hierarchy
Oct 10, 2017 5:06:41 PM org.springframework.beans.factory.xml.XmlBeanDefinitionReader loadBeanDefinitions
INFO: Loading XML bean definitions from class path resource [applicationContext.xml]
Oct 10, 2017 5:06:41 PM org.springframework.context.support.ClassPathXmlApplicationContext prepareRefresh
INFO: Refreshing org.springframework.context.support.ClassPathXmlApplicationContext@66867fa: startup date [Tue Oct 10 17:06:41 EDT 2017]; root of context hierarchy
Oct 10, 2017 5:06:41 PM org.springframework.beans.factory.xml.XmlBeanDefinitionReader loadBeanDefinitions
INFO: Loading XML bean definitions from class path resource [applicationContext.xml]
Oct 10, 2017 5:06:41 PM org.springframework.context.support.ClassPathXmlApplicationContext prepareRefresh
INFO: Refreshing org.springframework.context.support.ClassPathXmlApplicationContext@637a080a: startup date [Tue Oct 10 17:06:41 EDT 2017]; root of context hierarchy
Oct 10, 2017 5:06:41 PM org.springframework.beans.factory.xml.XmlBeanDefinitionReader loadBeanDefinitions
INFO: Loading XML bean definitions from class path resource [applicationContext.xml]
Oct 10, 2017 5:06:41 PM org.springframework.context.support.ClassPathXmlApplicationContext prepareRefresh
INFO: Refreshing org.springframework.context.support.ClassPathXmlApplicationContext@212fa71e: startup date [Tue Oct 10 17:06:41 EDT 2017]; root of context hierarchy
Oct 10, 2017 5:06:41 PM org.springframework.beans.factory.xml.XmlBeanDefinitionReader loadBeanDefinitions
INFO: Loading XML bean definitions from class path resource [applicationContext.xml]
Oct 10, 2017 5:06:41 PM org.springframework.context.support.ClassPathXmlApplicationContext prepareRefresh
INFO: Refreshing org.springframework.context.support.ClassPathXmlApplicationContext@337c4bd3: startup date [Tue Oct 10 17:06:41 EDT 2017]; root of context hierarchy
Oct 10, 2017 5:06:41 PM org.springframework.beans.factory.xml.XmlBeanDefinitionReader loadBeanDefinitions
INFO: Loading XML bean definitions from class path resource [applicationContext.xml]
Oct 10, 2017 5:06:41 PM org.springframework.context.support.ClassPathXmlApplicationContext prepareRefresh
INFO: Refreshing org.springframework.context.support.ClassPathXmlApplicationContext@7384b035: startup date [Tue Oct 10 17:06:41 EDT 2017]; root of context hierarchy
Oct 10, 2017 5:06:41 PM org.springframework.beans.factory.xml.XmlBeanDefinitionReader loadBeanDefinitions
INFO: Loading XML bean definitions from class path resource [applicationContext.xml]
Oct 10, 2017 5:06:41 PM org.springframework.context.support.ClassPathXmlApplicationContext prepareRefresh
INFO: Refreshing org.springframework.context.support.ClassPathXmlApplicationContext@529bd609: startup date [Tue Oct 10 17:06:41 EDT 2017]; root of context hierarchy
Oct 10, 2017 5:06:41 PM org.springframework.beans.factory.xml.XmlBeanDefinitionReader loadBeanDefinitions
INFO: Loading XML bean definitions from class path resource [applicationContext.xml]
Oct 10, 2017 5:06:41 PM org.springframework.context.support.ClassPathXmlApplicationContext prepareRefresh
INFO: Refreshing org.springframework.context.support.ClassPathXmlApplicationContext@4cd9eb91: startup date [Tue Oct 10 17:06:41 EDT 2017]; root of context hierarchy
Oct 10, 2017 5:06:41 PM org.springframework.beans.factory.xml.XmlBeanDefinitionReader loadBeanDefinitions
INFO: Loading XML bean definitions from class path resource [applicationContext.xml]
Oct 10, 2017 5:06:41 PM org.springframework.context.support.ClassPathXmlApplicationContext prepareRefresh
INFO: Refreshing org.springframework.context.support.ClassPathXmlApplicationContext@2fccae58: startup date [Tue Oct 10 17:06:41 EDT 2017]; root of context hierarchy
Oct 10, 2017 5:06:41 PM org.springframework.beans.factory.xml.XmlBeanDefinitionReader loadBeanDefinitions
INFO: Loading XML bean definitions from class path resource [applicationContext.xml]
Oct 10, 2017 5:06:41 PM org.springframework.context.support.ClassPathXmlApplicationContext prepareRefresh
INFO: Refreshing org.springframework.context.support.ClassPathXmlApplicationContext@4e7d0b3b: startup date [Tue Oct 10 17:06:41 EDT 2017]; root of context hierarchy
Oct 10, 2017 5:06:41 PM org.springframework.beans.factory.xml.XmlBeanDefinitionReader loadBeanDefinitions
INFO: Loading XML bean definitions from class path resource [applicationContext.xml]
Oct 10, 2017 5:06:41 PM org.springframework.context.support.ClassPathXmlApplicationContext prepareRefresh
INFO: Refreshing org.springframework.context.support.ClassPathXmlApplicationContext@62c475b1: startup date [Tue Oct 10 17:06:41 EDT 2017]; root of context hierarchy
Oct 10, 2017 5:06:41 PM org.springframework.beans.factory.xml.XmlBeanDefinitionReader loadBeanDefinitions
INFO: Loading XML bean definitions from class path resource [applicationContext.xml]
Oct 10, 2017 5:06:41 PM org.springframework.context.support.ClassPathXmlApplicationContext prepareRefresh
INFO: Refreshing org.springframework.context.support.ClassPathXmlApplicationContext@17b9614f: startup date [Tue Oct 10 17:06:41 EDT 2017]; root of context hierarchy
Oct 10, 2017 5:06:41 PM org.springframework.beans.factory.xml.XmlBeanDefinitionReader loadBeanDefinitions
INFO: Loading XML bean definitions from class path resource [applicationContext.xml]
Oct 10, 2017 5:06:41 PM org.springframework.context.support.ClassPathXmlApplicationContext prepareRefresh
INFO: Refreshing org.springframework.context.support.ClassPathXmlApplicationContext@498b83c1: startup date [Tue Oct 10 17:06:41 EDT 2017]; root of context hierarchy
Oct 10, 2017 5:06:41 PM org.springframework.beans.factory.xml.XmlBeanDefinitionReader loadBeanDefinitions
INFO: Loading XML bean definitions from class path resource [applicationContext.xml]
Oct 10, 2017 5:06:41 PM org.springframework.context.support.ClassPathXmlApplicationContext prepareRefresh
INFO: Refreshing org.springframework.context.support.ClassPathXmlApplicationContext@187e3953: startup date [Tue Oct 10 17:06:41 EDT 2017]; root of context hierarchy
Oct 10, 2017 5:06:41 PM org.springframework.beans.factory.xml.XmlBeanDefinitionReader loadBeanDefinitions
INFO: Loading XML bean definitions from class path resource [applicationContext.xml]
Oct 10, 2017 5:06:41 PM org.springframework.context.support.ClassPathXmlApplicationContext prepareRefresh
INFO: Refreshing org.springframework.context.support.ClassPathXmlApplicationContext@26613fa2: startup date [Tue Oct 10 17:06:41 EDT 2017]; root of context hierarchy
Oct 10, 2017 5:06:41 PM org.springframework.beans.factory.xml.XmlBeanDefinitionReader loadBeanDefinitions
INFO: Loading XML bean definitions from class path resource [applicationContext.xml]
Oct 10, 2017 5:06:41 PM org.springframework.context.support.ClassPathXmlApplicationContext prepareRefresh
INFO: Refreshing org.springframework.context.support.ClassPathXmlApplicationContext@214f8de: startup date [Tue Oct 10 17:06:41 EDT 2017]; root of context hierarchy
Oct 10, 2017 5:06:41 PM org.springframework.beans.factory.xml.XmlBeanDefinitionReader loadBeanDefinitions
INFO: Loading XML bean definitions from class path resource [applicationContext.xml]
Oct 10, 2017 5:06:41 PM org.springframework.context.support.ClassPathXmlApplicationContext prepareRefresh
INFO: Refreshing org.springframework.context.support.ClassPathXmlApplicationContext@7a3d9ca8: startup date [Tue Oct 10 17:06:41 EDT 2017]; root of context hierarchy
Oct 10, 2017 5:06:41 PM org.springframework.beans.factory.xml.XmlBeanDefinitionReader loadBeanDefinitions
INFO: Loading XML bean definitions from class path resource [applicationContext.xml]
Oct 10, 2017 5:06:41 PM org.springframework.context.support.ClassPathXmlApplicationContext prepareRefresh
INFO: Refreshing org.springframework.context.support.ClassPathXmlApplicationContext@eeb36b4: startup date [Tue Oct 10 17:06:41 EDT 2017]; root of context hierarchy
Oct 10, 2017 5:06:41 PM org.springframework.beans.factory.xml.XmlBeanDefinitionReader loadBeanDefinitions
INFO: Loading XML bean definitions from class path resource [applicationContext.xml]
Oct 10, 2017 5:06:41 PM org.springframework.context.support.ClassPathXmlApplicationContext prepareRefresh
INFO: Refreshing org.springframework.context.support.ClassPathXmlApplicationContext@11b734a: startup date [Tue Oct 10 17:06:41 EDT 2017]; root of context hierarchy
Oct 10, 2017 5:06:41 PM org.springframework.beans.factory.xml.XmlBeanDefinitionReader loadBeanDefinitions
INFO: Loading XML bean definitions from class path resource [applicationContext.xml]
Oct 10, 2017 5:06:41 PM org.springframework.context.support.ClassPathXmlApplicationContext prepareRefresh
INFO: Refreshing org.springframework.context.support.ClassPathXmlApplicationContext@50060095: startup date [Tue Oct 10 17:06:41 EDT 2017]; root of context hierarchy
Oct 10, 2017 5:06:41 PM org.springframework.beans.factory.xml.XmlBeanDefinitionReader loadBeanDefinitions
INFO: Loading XML bean definitions from class path resource [applicationContext.xml]
Oct 10, 2017 5:06:41 PM org.springframework.context.support.ClassPathXmlApplicationContext prepareRefresh
INFO: Refreshing org.springframework.context.support.ClassPathXmlApplicationContext@214e5259: startup date [Tue Oct 10 17:06:41 EDT 2017]; root of context hierarchy
Oct 10, 2017 5:06:41 PM org.springframework.beans.factory.xml.XmlBeanDefinitionReader loadBeanDefinitions
INFO: Loading XML bean definitions from class path resource [applicationContext.xml]
Oct 10, 2017 5:06:41 PM org.springframework.context.support.ClassPathXmlApplicationContext prepareRefresh
INFO: Refreshing org.springframework.context.support.ClassPathXmlApplicationContext@198cafc1: startup date [Tue Oct 10 17:06:41 EDT 2017]; root of context hierarchy
Oct 10, 2017 5:06:41 PM org.springframework.beans.factory.xml.XmlBeanDefinitionReader loadBeanDefinitions
INFO: Loading XML bean definitions from class path resource [applicationContext.xml]
Oct 10, 2017 5:06:41 PM org.springframework.context.support.ClassPathXmlApplicationContext prepareRefresh
INFO: Refreshing org.springframework.context.support.ClassPathXmlApplicationContext@735c6d15: startup date [Tue Oct 10 17:06:41 EDT 2017]; root of context hierarchy
Oct 10, 2017 5:06:41 PM org.springframework.beans.factory.xml.XmlBeanDefinitionReader loadBeanDefinitions
INFO: Loading XML bean definitions from class path resource [applicationContext.xml]
Oct 10, 2017 5:06:41 PM org.springframework.context.support.ClassPathXmlApplicationContext prepareRefresh
INFO: Refreshing org.springframework.context.support.ClassPathXmlApplicationContext@375b5b24: startup date [Tue Oct 10 17:06:41 EDT 2017]; root of context hierarchy
Oct 10, 2017 5:06:41 PM org.springframework.beans.factory.xml.XmlBeanDefinitionReader loadBeanDefinitions
INFO: Loading XML bean definitions from class path resource [applicationContext.xml]
Oct 10, 2017 5:06:41 PM org.springframework.context.support.ClassPathXmlApplicationContext prepareRefresh
INFO: Refreshing org.springframework.context.support.ClassPathXmlApplicationContext@16bcaec1: startup date [Tue Oct 10 17:06:41 EDT 2017]; root of context hierarchy
Oct 10, 2017 5:06:41 PM org.springframework.beans.factory.xml.XmlBeanDefinitionReader loadBeanDefinitions
INFO: Loading XML bean definitions from class path resource [applicationContext.xml]
Oct 10, 2017 5:06:41 PM org.springframework.context.support.ClassPathXmlApplicationContext prepareRefresh
INFO: Refreshing org.springframework.context.support.ClassPathXmlApplicationContext@f489a6b: startup date [Tue Oct 10 17:06:41 EDT 2017]; root of context hierarchy
Oct 10, 2017 5:06:41 PM org.springframework.beans.factory.xml.XmlBeanDefinitionReader loadBeanDefinitions
INFO: Loading XML bean definitions from class path resource [applicationContext.xml]
Oct 10, 2017 5:06:41 PM org.springframework.context.support.ClassPathXmlApplicationContext prepareRefresh
INFO: Refreshing org.springframework.context.support.ClassPathXmlApplicationContext@3aafb280: startup date [Tue Oct 10 17:06:41 EDT 2017]; root of context hierarchy
Oct 10, 2017 5:06:41 PM org.springframework.beans.factory.xml.XmlBeanDefinitionReader loadBeanDefinitions
INFO: Loading XML bean definitions from class path resource [applicationContext.xml]
Oct 10, 2017 5:06:41 PM org.springframework.context.support.ClassPathXmlApplicationContext prepareRefresh
INFO: Refreshing org.springframework.context.support.ClassPathXmlApplicationContext@20f4af1b: startup date [Tue Oct 10 17:06:41 EDT 2017]; root of context hierarchy
Oct 10, 2017 5:06:41 PM org.springframework.beans.factory.xml.XmlBeanDefinitionReader loadBeanDefinitions
INFO: Loading XML bean definitions from class path resource [applicationContext.xml]
Oct 10, 2017 5:06:41 PM org.springframework.context.support.ClassPathXmlApplicationContext prepareRefresh
INFO: Refreshing org.springframework.context.support.ClassPathXmlApplicationContext@33b29f8d: startup date [Tue Oct 10 17:06:41 EDT 2017]; root of context hierarchy
Oct 10, 2017 5:06:41 PM org.springframework.beans.factory.xml.XmlBeanDefinitionReader loadBeanDefinitions
INFO: Loading XML bean definitions from class path resource [applicationContext.xml]
Oct 10, 2017 5:06:41 PM org.springframework.context.support.ClassPathXmlApplicationContext prepareRefresh
INFO: Refreshing org.springframework.context.support.ClassPathXmlApplicationContext@3abb691f: startup date [Tue Oct 10 17:06:41 EDT 2017]; root of context hierarchy
Oct 10, 2017 5:06:41 PM org.springframework.beans.factory.xml.XmlBeanDefinitionReader loadBeanDefinitions
INFO: Loading XML bean definitions from class path resource [applicationContext.xml]
Oct 10, 2017 5:06:41 PM org.springframework.context.support.ClassPathXmlApplicationContext prepareRefresh
INFO: Refreshing org.springframework.context.support.ClassPathXmlApplicationContext@23cfab33: startup date [Tue Oct 10 17:06:41 EDT 2017]; root of context hierarchy
Oct 10, 2017 5:06:41 PM org.springframework.beans.factory.xml.XmlBeanDefinitionReader loadBeanDefinitions
INFO: Loading XML bean definitions from class path resource [applicationContext.xml]
Oct 10, 2017 5:06:41 PM org.springframework.context.support.ClassPathXmlApplicationContext prepareRefresh
INFO: Refreshing org.springframework.context.support.ClassPathXmlApplicationContext@286db465: startup date [Tue Oct 10 17:06:41 EDT 2017]; root of context hierarchy
Oct 10, 2017 5:06:41 PM org.springframework.beans.factory.xml.XmlBeanDefinitionReader loadBeanDefinitions
INFO: Loading XML bean definitions from class path resource [applicationContext.xml]
Oct 10, 2017 5:06:41 PM org.springframework.context.support.ClassPathXmlApplicationContext prepareRefresh
INFO: Refreshing org.springframework.context.support.ClassPathXmlApplicationContext@7092503a: startup date [Tue Oct 10 17:06:41 EDT 2017]; root of context hierarchy
Oct 10, 2017 5:06:41 PM org.springframework.beans.factory.xml.XmlBeanDefinitionReader loadBeanDefinitions
INFO: Loading XML bean definitions from class path resource [applicationContext.xml]
Oct 10, 2017 5:06:41 PM org.springframework.context.support.ClassPathXmlApplicationContext prepareRefresh
INFO: Refreshing org.springframework.context.support.ClassPathXmlApplicationContext@42a9d40a: startup date [Tue Oct 10 17:06:41 EDT 2017]; root of context hierarchy
Oct 10, 2017 5:06:42 PM org.springframework.beans.factory.xml.XmlBeanDefinitionReader loadBeanDefinitions
INFO: Loading XML bean definitions from class path resource [applicationContext.xml]
Oct 10, 2017 5:06:42 PM org.springframework.context.support.ClassPathXmlApplicationContext prepareRefresh
INFO: Refreshing org.springframework.context.support.ClassPathXmlApplicationContext@154a5074: startup date [Tue Oct 10 17:06:42 EDT 2017]; root of context hierarchy
Oct 10, 2017 5:06:42 PM org.springframework.beans.factory.xml.XmlBeanDefinitionReader loadBeanDefinitions
INFO: Loading XML bean definitions from class path resource [applicationContext.xml]
Oct 10, 2017 5:06:42 PM org.springframework.context.support.ClassPathXmlApplicationContext prepareRefresh
INFO: Refreshing org.springframework.context.support.ClassPathXmlApplicationContext@b956288: startup date [Tue Oct 10 17:06:42 EDT 2017]; root of context hierarchy
Oct 10, 2017 5:06:42 PM org.springframework.beans.factory.xml.XmlBeanDefinitionReader loadBeanDefinitions
INFO: Loading XML bean definitions from class path resource [applicationContext.xml]
Oct 10, 2017 5:06:42 PM org.springframework.context.support.ClassPathXmlApplicationContext prepareRefresh
INFO: Refreshing org.springframework.context.support.ClassPathXmlApplicationContext@46d914dd: startup date [Tue Oct 10 17:06:42 EDT 2017]; root of context hierarchy
Oct 10, 2017 5:06:42 PM org.springframework.beans.factory.xml.XmlBeanDefinitionReader loadBeanDefinitions
INFO: Loading XML bean definitions from class path resource [applicationContext.xml]
Oct 10, 2017 5:06:42 PM org.springframework.context.support.ClassPathXmlApplicationContext prepareRefresh
INFO: Refreshing org.springframework.context.support.ClassPathXmlApplicationContext@74ee63e3: startup date [Tue Oct 10 17:06:42 EDT 2017]; root of context hierarchy
Oct 10, 2017 5:06:42 PM org.springframework.beans.factory.xml.XmlBeanDefinitionReader loadBeanDefinitions
INFO: Loading XML bean definitions from class path resource [applicationContext.xml]
Oct 10, 2017 5:06:42 PM org.springframework.context.support.ClassPathXmlApplicationContext prepareRefresh
INFO: Refreshing org.springframework.context.support.ClassPathXmlApplicationContext@66b83058: startup date [Tue Oct 10 17:06:42 EDT 2017]; root of context hierarchy
Oct 10, 2017 5:06:42 PM org.springframework.beans.factory.xml.XmlBeanDefinitionReader loadBeanDefinitions
INFO: Loading XML bean definitions from class path resource [applicationContext.xml]
Oct 10, 2017 5:06:42 PM org.springframework.context.support.ClassPathXmlApplicationContext prepareRefresh
INFO: Refreshing org.springframework.context.support.ClassPathXmlApplicationContext@5e4b7a3b: startup date [Tue Oct 10 17:06:42 EDT 2017]; root of context hierarchy
Oct 10, 2017 5:06:42 PM org.springframework.beans.factory.xml.XmlBeanDefinitionReader loadBeanDefinitions
INFO: Loading XML bean definitions from class path resource [applicationContext.xml]
Oct 10, 2017 5:06:42 PM org.springframework.context.support.ClassPathXmlApplicationContext prepareRefresh
INFO: Refreshing org.springframework.context.support.ClassPathXmlApplicationContext@676a96c9: startup date [Tue Oct 10 17:06:42 EDT 2017]; root of context hierarchy
Oct 10, 2017 5:06:42 PM org.springframework.beans.factory.xml.XmlBeanDefinitionReader loadBeanDefinitions
INFO: Loading XML bean definitions from class path resource [applicationContext.xml]
Oct 10, 2017 5:06:42 PM org.springframework.context.support.ClassPathXmlApplicationContext prepareRefresh
INFO: Refreshing org.springframework.context.support.ClassPathXmlApplicationContext@5ce00628: startup date [Tue Oct 10 17:06:42 EDT 2017]; root of context hierarchy
Oct 10, 2017 5:06:42 PM org.springframework.beans.factory.xml.XmlBeanDefinitionReader loadBeanDefinitions
INFO: Loading XML bean definitions from class path resource [applicationContext.xml]
Oct 10, 2017 5:06:42 PM org.springframework.context.support.ClassPathXmlApplicationContext prepareRefresh
INFO: Refreshing org.springframework.context.support.ClassPathXmlApplicationContext@498cebcc: startup date [Tue Oct 10 17:06:42 EDT 2017]; root of context hierarchy
Oct 10, 2017 5:06:42 PM org.springframework.beans.factory.xml.XmlBeanDefinitionReader loadBeanDefinitions
INFO: Loading XML bean definitions from class path resource [applicationContext.xml]
Oct 10, 2017 5:06:42 PM org.springframework.context.support.ClassPathXmlApplicationContext prepareRefresh
INFO: Refreshing org.springframework.context.support.ClassPathXmlApplicationContext@5fe20614: startup date [Tue Oct 10 17:06:42 EDT 2017]; root of context hierarchy
Oct 10, 2017 5:06:42 PM org.springframework.beans.factory.xml.XmlBeanDefinitionReader loadBeanDefinitions
INFO: Loading XML bean definitions from class path resource [applicationContext.xml]
Oct 10, 2017 5:06:42 PM org.springframework.context.support.ClassPathXmlApplicationContext prepareRefresh
INFO: Refreshing org.springframework.context.support.ClassPathXmlApplicationContext@23c85c6d: startup date [Tue Oct 10 17:06:42 EDT 2017]; root of context hierarchy
Oct 10, 2017 5:06:42 PM org.springframework.beans.factory.xml.XmlBeanDefinitionReader loadBeanDefinitions
INFO: Loading XML bean definitions from class path resource [applicationContext.xml]
Oct 10, 2017 5:06:42 PM org.springframework.context.support.ClassPathXmlApplicationContext prepareRefresh
INFO: Refreshing org.springframework.context.support.ClassPathXmlApplicationContext@1f6be96e: startup date [Tue Oct 10 17:06:42 EDT 2017]; root of context hierarchy
Oct 10, 2017 5:06:42 PM org.springframework.beans.factory.xml.XmlBeanDefinitionReader loadBeanDefinitions
INFO: Loading XML bean definitions from class path resource [applicationContext.xml]
Oct 10, 2017 5:06:42 PM org.springframework.context.support.ClassPathXmlApplicationContext prepareRefresh
INFO: Refreshing org.springframework.context.support.ClassPathXmlApplicationContext@4f3dad8a: startup date [Tue Oct 10 17:06:42 EDT 2017]; root of context hierarchy
Oct 10, 2017 5:06:42 PM org.springframework.beans.factory.xml.XmlBeanDefinitionReader loadBeanDefinitions
INFO: Loading XML bean definitions from class path resource [applicationContext.xml]
Oct 10, 2017 5:06:42 PM org.springframework.context.support.ClassPathXmlApplicationContext prepareRefresh
INFO: Refreshing org.springframework.context.support.ClassPathXmlApplicationContext@834e980: startup date [Tue Oct 10 17:06:42 EDT 2017]; root of context hierarchy
Oct 10, 2017 5:06:42 PM org.springframework.beans.factory.xml.XmlBeanDefinitionReader loadBeanDefinitions
INFO: Loading XML bean definitions from class path resource [applicationContext.xml]
Oct 10, 2017 5:06:42 PM org.springframework.context.support.ClassPathXmlApplicationContext prepareRefresh
INFO: Refreshing org.springframework.context.support.ClassPathXmlApplicationContext@466ac2f9: startup date [Tue Oct 10 17:06:42 EDT 2017]; root of context hierarchy
Oct 10, 2017 5:06:42 PM org.springframework.beans.factory.xml.XmlBeanDefinitionReader loadBeanDefinitions
INFO: Loading XML bean definitions from class path resource [applicationContext.xml]
Oct 10, 2017 5:06:42 PM org.springframework.context.support.ClassPathXmlApplicationContext prepareRefresh
INFO: Refreshing org.springframework.context.support.ClassPathXmlApplicationContext@657d4fa7: startup date [Tue Oct 10 17:06:42 EDT 2017]; root of context hierarchy
Oct 10, 2017 5:06:42 PM org.springframework.beans.factory.xml.XmlBeanDefinitionReader loadBeanDefinitions
INFO: Loading XML bean definitions from class path resource [applicationContext.xml]
Oct 10, 2017 5:06:42 PM org.springframework.context.support.ClassPathXmlApplicationContext prepareRefresh
INFO: Refreshing org.springframework.context.support.ClassPathXmlApplicationContext@40b5b2ce: startup date [Tue Oct 10 17:06:42 EDT 2017]; root of context hierarchy
Oct 10, 2017 5:06:42 PM org.springframework.beans.factory.xml.XmlBeanDefinitionReader loadBeanDefinitions
INFO: Loading XML bean definitions from class path resource [applicationContext.xml]
Oct 10, 2017 5:06:42 PM org.springframework.context.support.ClassPathXmlApplicationContext prepareRefresh
INFO: Refreshing org.springframework.context.support.ClassPathXmlApplicationContext@2e564704: startup date [Tue Oct 10 17:06:42 EDT 2017]; root of context hierarchy
Oct 10, 2017 5:06:42 PM org.springframework.beans.factory.xml.XmlBeanDefinitionReader loadBeanDefinitions
INFO: Loading XML bean definitions from class path resource [applicationContext.xml]
Oct 10, 2017 5:06:42 PM org.springframework.context.support.ClassPathXmlApplicationContext prepareRefresh
INFO: Refreshing org.springframework.context.support.ClassPathXmlApplicationContext@9fef2d8: startup date [Tue Oct 10 17:06:42 EDT 2017]; root of context hierarchy
Oct 10, 2017 5:06:42 PM org.springframework.beans.factory.xml.XmlBeanDefinitionReader loadBeanDefinitions
INFO: Loading XML bean definitions from class path resource [applicationContext.xml]
Oct 10, 2017 5:06:42 PM org.springframework.context.support.ClassPathXmlApplicationContext prepareRefresh
INFO: Refreshing org.springframework.context.support.ClassPathXmlApplicationContext@6373e677: startup date [Tue Oct 10 17:06:42 EDT 2017]; root of context hierarchy
Oct 10, 2017 5:06:42 PM org.springframework.beans.factory.xml.XmlBeanDefinitionReader loadBeanDefinitions
INFO: Loading XML bean definitions from class path resource [applicationContext.xml]
Oct 10, 2017 5:06:42 PM org.springframework.context.support.ClassPathXmlApplicationContext prepareRefresh
INFO: Refreshing org.springframework.context.support.ClassPathXmlApplicationContext@7b653455: startup date [Tue Oct 10 17:06:42 EDT 2017]; root of context hierarchy
Oct 10, 2017 5:06:42 PM org.springframework.beans.factory.xml.XmlBeanDefinitionReader loadBeanDefinitions
INFO: Loading XML bean definitions from class path resource [applicationContext.xml]
Oct 10, 2017 5:06:42 PM org.springframework.context.support.ClassPathXmlApplicationContext prepareRefresh
INFO: Refreshing org.springframework.context.support.ClassPathXmlApplicationContext@3ed6f2fe: startup date [Tue Oct 10 17:06:42 EDT 2017]; root of context hierarchy
Oct 10, 2017 5:06:42 PM org.springframework.beans.factory.xml.XmlBeanDefinitionReader loadBeanDefinitions
INFO: Loading XML bean definitions from class path resource [applicationContext.xml]
Oct 10, 2017 5:06:42 PM org.springframework.context.support.ClassPathXmlApplicationContext prepareRefresh
INFO: Refreshing org.springframework.context.support.ClassPathXmlApplicationContext@23afdf74: startup date [Tue Oct 10 17:06:42 EDT 2017]; root of context hierarchy
Oct 10, 2017 5:06:42 PM org.springframework.beans.factory.xml.XmlBeanDefinitionReader loadBeanDefinitions
INFO: Loading XML bean definitions from class path resource [applicationContext.xml]
Oct 10, 2017 5:06:42 PM org.springframework.context.support.ClassPathXmlApplicationContext prepareRefresh
INFO: Refreshing org.springframework.context.support.ClassPathXmlApplicationContext@61f85561: startup date [Tue Oct 10 17:06:42 EDT 2017]; root of context hierarchy
Oct 10, 2017 5:06:42 PM org.springframework.beans.factory.xml.XmlBeanDefinitionReader loadBeanDefinitions
INFO: Loading XML bean definitions from class path resource [applicationContext.xml]
Oct 10, 2017 5:06:42 PM org.springframework.context.support.ClassPathXmlApplicationContext prepareRefresh
INFO: Refreshing org.springframework.context.support.ClassPathXmlApplicationContext@34721c48: startup date [Tue Oct 10 17:06:42 EDT 2017]; root of context hierarchy
Oct 10, 2017 5:06:42 PM org.springframework.beans.factory.xml.XmlBeanDefinitionReader loadBeanDefinitions
INFO: Loading XML bean definitions from class path resource [applicationContext.xml]
Oct 10, 2017 5:06:42 PM org.springframework.context.support.ClassPathXmlApplicationContext prepareRefresh
INFO: Refreshing org.springframework.context.support.ClassPathXmlApplicationContext@3b37836e: startup date [Tue Oct 10 17:06:42 EDT 2017]; root of context hierarchy
Oct 10, 2017 5:06:42 PM org.springframework.beans.factory.xml.XmlBeanDefinitionReader loadBeanDefinitions
INFO: Loading XML bean definitions from class path resource [applicationContext.xml]
Oct 10, 2017 5:06:42 PM org.springframework.context.support.ClassPathXmlApplicationContext prepareRefresh
INFO: Refreshing org.springframework.context.support.ClassPathXmlApplicationContext@2a07f534: startup date [Tue Oct 10 17:06:42 EDT 2017]; root of context hierarchy
Oct 10, 2017 5:06:42 PM org.springframework.beans.factory.xml.XmlBeanDefinitionReader loadBeanDefinitions
INFO: Loading XML bean definitions from class path resource [applicationContext.xml]
Oct 10, 2017 5:06:42 PM org.springframework.context.support.ClassPathXmlApplicationContext prepareRefresh
INFO: Refreshing org.springframework.context.support.ClassPathXmlApplicationContext@c2c59f9: startup date [Tue Oct 10 17:06:42 EDT 2017]; root of context hierarchy
Oct 10, 2017 5:06:42 PM org.springframework.beans.factory.xml.XmlBeanDefinitionReader loadBeanDefinitions
INFO: Loading XML bean definitions from class path resource [applicationContext.xml]
Oct 10, 2017 5:06:42 PM org.springframework.context.support.ClassPathXmlApplicationContext prepareRefresh
INFO: Refreshing org.springframework.context.support.ClassPathXmlApplicationContext@3d99846a: startup date [Tue Oct 10 17:06:42 EDT 2017]; root of context hierarchy
Oct 10, 2017 5:06:42 PM org.springframework.beans.factory.xml.XmlBeanDefinitionReader loadBeanDefinitions
INFO: Loading XML bean definitions from class path resource [applicationContext.xml]
Oct 10, 2017 5:06:42 PM org.springframework.context.support.ClassPathXmlApplicationContext prepareRefresh
INFO: Refreshing org.springframework.context.support.ClassPathXmlApplicationContext@93db00d: startup date [Tue Oct 10 17:06:42 EDT 2017]; root of context hierarchy
Oct 10, 2017 5:06:42 PM org.springframework.beans.factory.xml.XmlBeanDefinitionReader loadBeanDefinitions
INFO: Loading XML bean definitions from class path resource [applicationContext.xml]
Oct 10, 2017 5:06:42 PM org.springframework.context.support.ClassPathXmlApplicationContext prepareRefresh
INFO: Refreshing org.springframework.context.support.ClassPathXmlApplicationContext@1b735c8b: startup date [Tue Oct 10 17:06:42 EDT 2017]; root of context hierarchy
Oct 10, 2017 5:06:42 PM org.springframework.beans.factory.xml.XmlBeanDefinitionReader loadBeanDefinitions
INFO: Loading XML bean definitions from class path resource [applicationContext.xml]
Oct 10, 2017 5:06:42 PM org.springframework.context.support.ClassPathXmlApplicationContext prepareRefresh
INFO: Refreshing org.springframework.context.support.ClassPathXmlApplicationContext@6313ff63: startup date [Tue Oct 10 17:06:42 EDT 2017]; root of context hierarchy
Oct 10, 2017 5:06:42 PM org.springframework.beans.factory.xml.XmlBeanDefinitionReader loadBeanDefinitions
INFO: Loading XML bean definitions from class path resource [applicationContext.xml]
Oct 10, 2017 5:06:42 PM org.springframework.context.support.ClassPathXmlApplicationContext prepareRefresh
INFO: Refreshing org.springframework.context.support.ClassPathXmlApplicationContext@6de91c4: startup date [Tue Oct 10 17:06:42 EDT 2017]; root of context hierarchy
Oct 10, 2017 5:06:42 PM org.springframework.beans.factory.xml.XmlBeanDefinitionReader loadBeanDefinitions
INFO: Loading XML bean definitions from class path resource [applicationContext.xml]
Oct 10, 2017 5:06:42 PM org.springframework.context.support.ClassPathXmlApplicationContext prepareRefresh
INFO: Refreshing org.springframework.context.support.ClassPathXmlApplicationContext@1b5ffa8d: startup date [Tue Oct 10 17:06:42 EDT 2017]; root of context hierarchy
Oct 10, 2017 5:06:42 PM org.springframework.beans.factory.xml.XmlBeanDefinitionReader loadBeanDefinitions
INFO: Loading XML bean definitions from class path resource [applicationContext.xml]
Oct 10, 2017 5:06:42 PM org.springframework.context.support.ClassPathXmlApplicationContext prepareRefresh
INFO: Refreshing org.springframework.context.support.ClassPathXmlApplicationContext@39630370: startup date [Tue Oct 10 17:06:42 EDT 2017]; root of context hierarchy
Oct 10, 2017 5:06:42 PM org.springframework.beans.factory.xml.XmlBeanDefinitionReader loadBeanDefinitions
INFO: Loading XML bean definitions from class path resource [applicationContext.xml]
Oct 10, 2017 5:06:42 PM org.springframework.context.support.ClassPathXmlApplicationContext prepareRefresh
INFO: Refreshing org.springframework.context.support.ClassPathXmlApplicationContext@a1ad3e0: startup date [Tue Oct 10 17:06:42 EDT 2017]; root of context hierarchy
Oct 10, 2017 5:06:42 PM org.springframework.beans.factory.xml.XmlBeanDefinitionReader loadBeanDefinitions
INFO: Loading XML bean definitions from class path resource [applicationContext.xml]
Oct 10, 2017 5:06:42 PM org.springframework.context.support.ClassPathXmlApplicationContext prepareRefresh
INFO: Refreshing org.springframework.context.support.ClassPathXmlApplicationContext@763967e3: startup date [Tue Oct 10 17:06:42 EDT 2017]; root of context hierarchy
Oct 10, 2017 5:06:42 PM org.springframework.beans.factory.xml.XmlBeanDefinitionReader loadBeanDefinitions
INFO: Loading XML bean definitions from class path resource [applicationContext.xml]
Oct 10, 2017 5:06:42 PM org.springframework.context.support.ClassPathXmlApplicationContext prepareRefresh
INFO: Refreshing org.springframework.context.support.ClassPathXmlApplicationContext@21734c85: startup date [Tue Oct 10 17:06:42 EDT 2017]; root of context hierarchy
Oct 10, 2017 5:06:42 PM org.springframework.beans.factory.xml.XmlBeanDefinitionReader loadBeanDefinitions
INFO: Loading XML bean definitions from class path resource [applicationContext.xml]
Oct 10, 2017 5:06:42 PM org.springframework.context.support.ClassPathXmlApplicationContext prepareRefresh
INFO: Refreshing org.springframework.context.support.ClassPathXmlApplicationContext@4e4aae5d: startup date [Tue Oct 10 17:06:42 EDT 2017]; root of context hierarchy
Oct 10, 2017 5:06:42 PM org.springframework.beans.factory.xml.XmlBeanDefinitionReader loadBeanDefinitions
INFO: Loading XML bean definitions from class path resource [applicationContext.xml]
Oct 10, 2017 5:06:42 PM org.springframework.context.support.ClassPathXmlApplicationContext prepareRefresh
INFO: Refreshing org.springframework.context.support.ClassPathXmlApplicationContext@48df00c1: startup date [Tue Oct 10 17:06:42 EDT 2017]; root of context hierarchy
Oct 10, 2017 5:06:42 PM org.springframework.beans.factory.xml.XmlBeanDefinitionReader loadBeanDefinitions
INFO: Loading XML bean definitions from class path resource [applicationContext.xml]
Oct 10, 2017 5:06:42 PM org.springframework.context.support.ClassPathXmlApplicationContext prepareRefresh
INFO: Refreshing org.springframework.context.support.ClassPathXmlApplicationContext@2d81aae7: startup date [Tue Oct 10 17:06:42 EDT 2017]; root of context hierarchy
Oct 10, 2017 5:06:42 PM org.springframework.beans.factory.xml.XmlBeanDefinitionReader loadBeanDefinitions
INFO: Loading XML bean definitions from class path resource [applicationContext.xml]
Oct 10, 2017 5:06:42 PM org.springframework.context.support.ClassPathXmlApplicationContext prepareRefresh
INFO: Refreshing org.springframework.context.support.ClassPathXmlApplicationContext@34ec8f23: startup date [Tue Oct 10 17:06:42 EDT 2017]; root of context hierarchy
Oct 10, 2017 5:06:42 PM org.springframework.beans.factory.xml.XmlBeanDefinitionReader loadBeanDefinitions
INFO: Loading XML bean definitions from class path resource [applicationContext.xml]
Oct 10, 2017 5:06:42 PM org.springframework.context.support.ClassPathXmlApplicationContext prepareRefresh
INFO: Refreshing org.springframework.context.support.ClassPathXmlApplicationContext@7ca45dea: startup date [Tue Oct 10 17:06:42 EDT 2017]; root of context hierarchy
Oct 10, 2017 5:06:42 PM org.springframework.beans.factory.xml.XmlBeanDefinitionReader loadBeanDefinitions
INFO: Loading XML bean definitions from class path resource [applicationContext.xml]
Oct 10, 2017 5:06:42 PM org.springframework.context.support.ClassPathXmlApplicationContext prepareRefresh
INFO: Refreshing org.springframework.context.support.ClassPathXmlApplicationContext@2001f4f9: startup date [Tue Oct 10 17:06:42 EDT 2017]; root of context hierarchy
Oct 10, 2017 5:06:42 PM org.springframework.beans.factory.xml.XmlBeanDefinitionReader loadBeanDefinitions
INFO: Loading XML bean definitions from class path resource [applicationContext.xml]
Oct 10, 2017 5:06:42 PM org.springframework.context.support.ClassPathXmlApplicationContext prepareRefresh
INFO: Refreshing org.springframework.context.support.ClassPathXmlApplicationContext@19d23d68: startup date [Tue Oct 10 17:06:42 EDT 2017]; root of context hierarchy
Oct 10, 2017 5:06:42 PM org.springframework.beans.factory.xml.XmlBeanDefinitionReader loadBeanDefinitions
INFO: Loading XML bean definitions from class path resource [applicationContext.xml]
Oct 10, 2017 5:06:42 PM org.springframework.context.support.ClassPathXmlApplicationContext prepareRefresh
INFO: Refreshing org.springframework.context.support.ClassPathXmlApplicationContext@4c3a2ba1: startup date [Tue Oct 10 17:06:42 EDT 2017]; root of context hierarchy
Oct 10, 2017 5:06:42 PM org.springframework.beans.factory.xml.XmlBeanDefinitionReader loadBeanDefinitions
INFO: Loading XML bean definitions from class path resource [applicationContext.xml]
Oct 10, 2017 5:06:42 PM org.springframework.context.support.ClassPathXmlApplicationContext prepareRefresh
INFO: Refreshing org.springframework.context.support.ClassPathXmlApplicationContext@47af5124: startup date [Tue Oct 10 17:06:42 EDT 2017]; root of context hierarchy
Oct 10, 2017 5:06:42 PM org.springframework.beans.factory.xml.XmlBeanDefinitionReader loadBeanDefinitions
INFO: Loading XML bean definitions from class path resource [applicationContext.xml]
Oct 10, 2017 5:06:42 PM org.springframework.context.support.ClassPathXmlApplicationContext prepareRefresh
INFO: Refreshing org.springframework.context.support.ClassPathXmlApplicationContext@30b55d37: startup date [Tue Oct 10 17:06:42 EDT 2017]; root of context hierarchy
Oct 10, 2017 5:06:42 PM org.springframework.beans.factory.xml.XmlBeanDefinitionReader loadBeanDefinitions
INFO: Loading XML bean definitions from class path resource [applicationContext.xml]
Oct 10, 2017 5:06:42 PM org.springframework.context.support.ClassPathXmlApplicationContext prepareRefresh
INFO: Refreshing org.springframework.context.support.ClassPathXmlApplicationContext@3e886a78: startup date [Tue Oct 10 17:06:42 EDT 2017]; root of context hierarchy
Oct 10, 2017 5:06:42 PM org.springframework.beans.factory.xml.XmlBeanDefinitionReader loadBeanDefinitions
INFO: Loading XML bean definitions from class path resource [applicationContext.xml]
Oct 10, 2017 5:06:42 PM org.springframework.context.support.ClassPathXmlApplicationContext prepareRefresh
INFO: Refreshing org.springframework.context.support.ClassPathXmlApplicationContext@1db4166e: startup date [Tue Oct 10 17:06:42 EDT 2017]; root of context hierarchy
Oct 10, 2017 5:06:42 PM org.springframework.beans.factory.xml.XmlBeanDefinitionReader loadBeanDefinitions
INFO: Loading XML bean definitions from class path resource [applicationContext.xml]
Oct 10, 2017 5:06:42 PM org.springframework.context.support.ClassPathXmlApplicationContext prepareRefresh
INFO: Refreshing org.springframework.context.support.ClassPathXmlApplicationContext@4e5b9d64: startup date [Tue Oct 10 17:06:42 EDT 2017]; root of context hierarchy
Oct 10, 2017 5:06:42 PM org.springframework.beans.factory.xml.XmlBeanDefinitionReader loadBeanDefinitions
INFO: Loading XML bean definitions from class path resource [applicationContext.xml]
Oct 10, 2017 5:06:42 PM org.springframework.context.support.ClassPathXmlApplicationContext prepareRefresh
INFO: Refreshing org.springframework.context.support.ClassPathXmlApplicationContext@3dd84627: startup date [Tue Oct 10 17:06:42 EDT 2017]; root of context hierarchy
Oct 10, 2017 5:06:42 PM org.springframework.beans.factory.xml.XmlBeanDefinitionReader loadBeanDefinitions
INFO: Loading XML bean definitions from class path resource [applicationContext.xml]
Oct 10, 2017 5:06:42 PM org.springframework.context.support.ClassPathXmlApplicationContext prepareRefresh
INFO: Refreshing org.springframework.context.support.ClassPathXmlApplicationContext@2e2e5eab: startup date [Tue Oct 10 17:06:42 EDT 2017]; root of context hierarchy
Oct 10, 2017 5:06:42 PM org.springframework.beans.factory.xml.XmlBeanDefinitionReader loadBeanDefinitions
INFO: Loading XML bean definitions from class path resource [applicationContext.xml]
Oct 10, 2017 5:06:42 PM org.springframework.context.support.ClassPathXmlApplicationContext prepareRefresh
INFO: Refreshing org.springframework.context.support.ClassPathXmlApplicationContext@575d7aaf: startup date [Tue Oct 10 17:06:42 EDT 2017]; root of context hierarchy
Oct 10, 2017 5:06:42 PM org.springframework.beans.factory.xml.XmlBeanDefinitionReader loadBeanDefinitions
INFO: Loading XML bean definitions from class path resource [applicationContext.xml]
Oct 10, 2017 5:06:42 PM org.springframework.context.support.ClassPathXmlApplicationContext prepareRefresh
INFO: Refreshing org.springframework.context.support.ClassPathXmlApplicationContext@73c52fd1: startup date [Tue Oct 10 17:06:42 EDT 2017]; root of context hierarchy
Oct 10, 2017 5:06:42 PM org.springframework.beans.factory.xml.XmlBeanDefinitionReader loadBeanDefinitions
INFO: Loading XML bean definitions from class path resource [applicationContext.xml]
Oct 10, 2017 5:06:42 PM org.springframework.context.support.ClassPathXmlApplicationContext prepareRefresh
INFO: Refreshing org.springframework.context.support.ClassPathXmlApplicationContext@3fb71b7d: startup date [Tue Oct 10 17:06:42 EDT 2017]; root of context hierarchy
Oct 10, 2017 5:06:42 PM org.springframework.beans.factory.xml.XmlBeanDefinitionReader loadBeanDefinitions
INFO: Loading XML bean definitions from class path resource [applicationContext.xml]
Oct 10, 2017 5:06:42 PM org.springframework.context.support.ClassPathXmlApplicationContext prepareRefresh
INFO: Refreshing org.springframework.context.support.ClassPathXmlApplicationContext@6fbe2d12: startup date [Tue Oct 10 17:06:42 EDT 2017]; root of context hierarchy
Oct 10, 2017 5:06:42 PM org.springframework.beans.factory.xml.XmlBeanDefinitionReader loadBeanDefinitions
INFO: Loading XML bean definitions from class path resource [applicationContext.xml]
Oct 10, 2017 5:06:42 PM org.springframework.context.support.ClassPathXmlApplicationContext prepareRefresh
INFO: Refreshing org.springframework.context.support.ClassPathXmlApplicationContext@2f0be1b9: startup date [Tue Oct 10 17:06:42 EDT 2017]; root of context hierarchy
Oct 10, 2017 5:06:42 PM org.springframework.beans.factory.xml.XmlBeanDefinitionReader loadBeanDefinitions
INFO: Loading XML bean definitions from class path resource [applicationContext.xml]
Oct 10, 2017 5:06:42 PM org.springframework.context.support.ClassPathXmlApplicationContext prepareRefresh
INFO: Refreshing org.springframework.context.support.ClassPathXmlApplicationContext@589db0c8: startup date [Tue Oct 10 17:06:42 EDT 2017]; root of context hierarchy
Oct 10, 2017 5:06:42 PM org.springframework.beans.factory.xml.XmlBeanDefinitionReader loadBeanDefinitions
INFO: Loading XML bean definitions from class path resource [applicationContext.xml]
Oct 10, 2017 5:06:42 PM org.springframework.context.support.ClassPathXmlApplicationContext prepareRefresh
INFO: Refreshing org.springframework.context.support.ClassPathXmlApplicationContext@26013053: startup date [Tue Oct 10 17:06:42 EDT 2017]; root of context hierarchy
Oct 10, 2017 5:06:42 PM org.springframework.beans.factory.xml.XmlBeanDefinitionReader loadBeanDefinitions
INFO: Loading XML bean definitions from class path resource [applicationContext.xml]
Oct 10, 2017 5:06:42 PM org.springframework.context.support.ClassPathXmlApplicationContext prepareRefresh
INFO: Refreshing org.springframework.context.support.ClassPathXmlApplicationContext@2c279a9c: startup date [Tue Oct 10 17:06:42 EDT 2017]; root of context hierarchy
Oct 10, 2017 5:06:42 PM org.springframework.beans.factory.xml.XmlBeanDefinitionReader loadBeanDefinitions
INFO: Loading XML bean definitions from class path resource [applicationContext.xml]
Oct 10, 2017 5:06:42 PM org.springframework.context.support.ClassPathXmlApplicationContext prepareRefresh
INFO: Refreshing org.springframework.context.support.ClassPathXmlApplicationContext@5c5c0922: startup date [Tue Oct 10 17:06:42 EDT 2017]; root of context hierarchy
Oct 10, 2017 5:06:42 PM org.springframework.beans.factory.xml.XmlBeanDefinitionReader loadBeanDefinitions
INFO: Loading XML bean definitions from class path resource [applicationContext.xml]
Oct 10, 2017 5:06:42 PM org.springframework.context.support.ClassPathXmlApplicationContext prepareRefresh
INFO: Refreshing org.springframework.context.support.ClassPathXmlApplicationContext@585a977e: startup date [Tue Oct 10 17:06:42 EDT 2017]; root of context hierarchy
Oct 10, 2017 5:06:42 PM org.springframework.beans.factory.xml.XmlBeanDefinitionReader loadBeanDefinitions
INFO: Loading XML bean definitions from class path resource [applicationContext.xml]
Oct 10, 2017 5:06:42 PM org.springframework.context.support.ClassPathXmlApplicationContext prepareRefresh
INFO: Refreshing org.springframework.context.support.ClassPathXmlApplicationContext@33355dd2: startup date [Tue Oct 10 17:06:42 EDT 2017]; root of context hierarchy
Oct 10, 2017 5:06:42 PM org.springframework.beans.factory.xml.XmlBeanDefinitionReader loadBeanDefinitions
INFO: Loading XML bean definitions from class path resource [applicationContext.xml]
Oct 10, 2017 5:06:42 PM org.springframework.context.support.ClassPathXmlApplicationContext prepareRefresh
INFO: Refreshing org.springframework.context.support.ClassPathXmlApplicationContext@263aae01: startup date [Tue Oct 10 17:06:42 EDT 2017]; root of context hierarchy
Oct 10, 2017 5:06:42 PM org.springframework.beans.factory.xml.XmlBeanDefinitionReader loadBeanDefinitions
INFO: Loading XML bean definitions from class path resource [applicationContext.xml]
Oct 10, 2017 5:06:42 PM org.springframework.context.support.ClassPathXmlApplicationContext prepareRefresh
INFO: Refreshing org.springframework.context.support.ClassPathXmlApplicationContext@6c54027: startup date [Tue Oct 10 17:06:42 EDT 2017]; root of context hierarchy
Oct 10, 2017 5:06:42 PM org.springframework.beans.factory.xml.XmlBeanDefinitionReader loadBeanDefinitions
INFO: Loading XML bean definitions from class path resource [applicationContext.xml]
Oct 10, 2017 5:06:42 PM org.springframework.context.support.ClassPathXmlApplicationContext prepareRefresh
INFO: Refreshing org.springframework.context.support.ClassPathXmlApplicationContext@33361c6d: startup date [Tue Oct 10 17:06:42 EDT 2017]; root of context hierarchy
Oct 10, 2017 5:06:42 PM org.springframework.beans.factory.xml.XmlBeanDefinitionReader loadBeanDefinitions
INFO: Loading XML bean definitions from class path resource [applicationContext.xml]
Oct 10, 2017 5:06:42 PM org.springframework.context.support.ClassPathXmlApplicationContext prepareRefresh
INFO: Refreshing org.springframework.context.support.ClassPathXmlApplicationContext@1e9e91dc: startup date [Tue Oct 10 17:06:42 EDT 2017]; root of context hierarchy
Oct 10, 2017 5:06:42 PM org.springframework.beans.factory.xml.XmlBeanDefinitionReader loadBeanDefinitions
INFO: Loading XML bean definitions from class path resource [applicationContext.xml]
Oct 10, 2017 5:06:42 PM org.springframework.context.support.ClassPathXmlApplicationContext prepareRefresh
INFO: Refreshing org.springframework.context.support.ClassPathXmlApplicationContext@60373b6c: startup date [Tue Oct 10 17:06:42 EDT 2017]; root of context hierarchy
Oct 10, 2017 5:06:42 PM org.springframework.beans.factory.xml.XmlBeanDefinitionReader loadBeanDefinitions
INFO: Loading XML bean definitions from class path resource [applicationContext.xml]
Oct 10, 2017 5:06:43 PM org.springframework.context.support.ClassPathXmlApplicationContext prepareRefresh
INFO: Refreshing org.springframework.context.support.ClassPathXmlApplicationContext@78aa9ebd: startup date [Tue Oct 10 17:06:43 EDT 2017]; root of context hierarchy
Oct 10, 2017 5:06:43 PM org.springframework.beans.factory.xml.XmlBeanDefinitionReader loadBeanDefinitions
INFO: Loading XML bean definitions from class path resource [applicationContext.xml]
Oct 10, 2017 5:06:43 PM org.springframework.context.support.ClassPathXmlApplicationContext prepareRefresh
INFO: Refreshing org.springframework.context.support.ClassPathXmlApplicationContext@651010d7: startup date [Tue Oct 10 17:06:43 EDT 2017]; root of context hierarchy
Oct 10, 2017 5:06:43 PM org.springframework.beans.factory.xml.XmlBeanDefinitionReader loadBeanDefinitions
INFO: Loading XML bean definitions from class path resource [applicationContext.xml]
Oct 10, 2017 5:06:43 PM org.springframework.context.support.ClassPathXmlApplicationContext prepareRefresh
INFO: Refreshing org.springframework.context.support.ClassPathXmlApplicationContext@67cef4f0: startup date [Tue Oct 10 17:06:43 EDT 2017]; root of context hierarchy
Oct 10, 2017 5:06:43 PM org.springframework.beans.factory.xml.XmlBeanDefinitionReader loadBeanDefinitions
INFO: Loading XML bean definitions from class path resource [applicationContext.xml]
Oct 10, 2017 5:06:43 PM org.springframework.context.support.ClassPathXmlApplicationContext prepareRefresh
INFO: Refreshing org.springframework.context.support.ClassPathXmlApplicationContext@8d0e69d: startup date [Tue Oct 10 17:06:43 EDT 2017]; root of context hierarchy
Oct 10, 2017 5:06:43 PM org.springframework.beans.factory.xml.XmlBeanDefinitionReader loadBeanDefinitions
INFO: Loading XML bean definitions from class path resource [applicationContext.xml]
Oct 10, 2017 5:06:43 PM org.springframework.context.support.ClassPathXmlApplicationContext prepareRefresh
INFO: Refreshing org.springframework.context.support.ClassPathXmlApplicationContext@12b64f7b: startup date [Tue Oct 10 17:06:43 EDT 2017]; root of context hierarchy
Oct 10, 2017 5:06:43 PM org.springframework.beans.factory.xml.XmlBeanDefinitionReader loadBeanDefinitions
INFO: Loading XML bean definitions from class path resource [applicationContext.xml]
Oct 10, 2017 5:06:43 PM org.springframework.context.support.ClassPathXmlApplicationContext prepareRefresh
INFO: Refreshing org.springframework.context.support.ClassPathXmlApplicationContext@6570e7d3: startup date [Tue Oct 10 17:06:43 EDT 2017]; root of context hierarchy
Oct 10, 2017 5:06:43 PM org.springframework.beans.factory.xml.XmlBeanDefinitionReader loadBeanDefinitions
INFO: Loading XML bean definitions from class path resource [applicationContext.xml]
Oct 10, 2017 5:06:43 PM org.springframework.context.support.ClassPathXmlApplicationContext prepareRefresh
INFO: Refreshing org.springframework.context.support.ClassPathXmlApplicationContext@323f6004: startup date [Tue Oct 10 17:06:43 EDT 2017]; root of context hierarchy
Oct 10, 2017 5:06:43 PM org.springframework.beans.factory.xml.XmlBeanDefinitionReader loadBeanDefinitions
INFO: Loading XML bean definitions from class path resource [applicationContext.xml]
Oct 10, 2017 5:06:43 PM org.springframework.context.support.ClassPathXmlApplicationContext prepareRefresh
INFO: Refreshing org.springframework.context.support.ClassPathXmlApplicationContext@296bef39: startup date [Tue Oct 10 17:06:43 EDT 2017]; root of context hierarchy
Oct 10, 2017 5:06:43 PM org.springframework.beans.factory.xml.XmlBeanDefinitionReader loadBeanDefinitions
INFO: Loading XML bean definitions from class path resource [applicationContext.xml]
Oct 10, 2017 5:06:43 PM org.springframework.context.support.ClassPathXmlApplicationContext prepareRefresh
INFO: Refreshing org.springframework.context.support.ClassPathXmlApplicationContext@1bb85a6e: startup date [Tue Oct 10 17:06:43 EDT 2017]; root of context hierarchy
Oct 10, 2017 5:06:43 PM org.springframework.beans.factory.xml.XmlBeanDefinitionReader loadBeanDefinitions
INFO: Loading XML bean definitions from class path resource [applicationContext.xml]
Oct 10, 2017 5:06:43 PM org.springframework.context.support.ClassPathXmlApplicationContext prepareRefresh
INFO: Refreshing org.springframework.context.support.ClassPathXmlApplicationContext@2d9ee11e: startup date [Tue Oct 10 17:06:43 EDT 2017]; root of context hierarchy
Oct 10, 2017 5:06:43 PM org.springframework.beans.factory.xml.XmlBeanDefinitionReader loadBeanDefinitions
INFO: Loading XML bean definitions from class path resource [applicationContext.xml]
Oct 10, 2017 5:06:43 PM org.springframework.context.support.ClassPathXmlApplicationContext prepareRefresh
INFO: Refreshing org.springframework.context.support.ClassPathXmlApplicationContext@498ceae7: startup date [Tue Oct 10 17:06:43 EDT 2017]; root of context hierarchy
Oct 10, 2017 5:06:43 PM org.springframework.beans.factory.xml.XmlBeanDefinitionReader loadBeanDefinitions
INFO: Loading XML bean definitions from class path resource [applicationContext.xml]
Oct 10, 2017 5:06:43 PM org.springframework.context.support.ClassPathXmlApplicationContext prepareRefresh
INFO: Refreshing org.springframework.context.support.ClassPathXmlApplicationContext@97615e9: startup date [Tue Oct 10 17:06:43 EDT 2017]; root of context hierarchy
Oct 10, 2017 5:06:43 PM org.springframework.beans.factory.xml.XmlBeanDefinitionReader loadBeanDefinitions
INFO: Loading XML bean definitions from class path resource [applicationContext.xml]
Oct 10, 2017 5:06:43 PM org.springframework.context.support.ClassPathXmlApplicationContext prepareRefresh
INFO: Refreshing org.springframework.context.support.ClassPathXmlApplicationContext@51968ce6: startup date [Tue Oct 10 17:06:43 EDT 2017]; root of context hierarchy
Oct 10, 2017 5:06:43 PM org.springframework.beans.factory.xml.XmlBeanDefinitionReader loadBeanDefinitions
INFO: Loading XML bean definitions from class path resource [applicationContext.xml]
Oct 10, 2017 5:06:43 PM org.springframework.context.support.ClassPathXmlApplicationContext prepareRefresh
INFO: Refreshing org.springframework.context.support.ClassPathXmlApplicationContext@33403e10: startup date [Tue Oct 10 17:06:43 EDT 2017]; root of context hierarchy
Oct 10, 2017 5:06:43 PM org.springframework.beans.factory.xml.XmlBeanDefinitionReader loadBeanDefinitions
INFO: Loading XML bean definitions from class path resource [applicationContext.xml]
Oct 10, 2017 5:06:43 PM org.springframework.context.support.ClassPathXmlApplicationContext prepareRefresh
INFO: Refreshing org.springframework.context.support.ClassPathXmlApplicationContext@5863c0f1: startup date [Tue Oct 10 17:06:43 EDT 2017]; root of context hierarchy
Oct 10, 2017 5:06:43 PM org.springframework.beans.factory.xml.XmlBeanDefinitionReader loadBeanDefinitions
INFO: Loading XML bean definitions from class path resource [applicationContext.xml]
Oct 10, 2017 5:06:43 PM org.springframework.context.support.ClassPathXmlApplicationContext prepareRefresh
INFO: Refreshing org.springframework.context.support.ClassPathXmlApplicationContext@74ddb9bc: startup date [Tue Oct 10 17:06:43 EDT 2017]; root of context hierarchy
Oct 10, 2017 5:06:43 PM org.springframework.beans.factory.xml.XmlBeanDefinitionReader loadBeanDefinitions
INFO: Loading XML bean definitions from class path resource [applicationContext.xml]
Oct 10, 2017 5:06:43 PM org.springframework.context.support.ClassPathXmlApplicationContext prepareRefresh
INFO: Refreshing org.springframework.context.support.ClassPathXmlApplicationContext@436772b0: startup date [Tue Oct 10 17:06:43 EDT 2017]; root of context hierarchy
Oct 10, 2017 5:06:43 PM org.springframework.beans.factory.xml.XmlBeanDefinitionReader loadBeanDefinitions
INFO: Loading XML bean definitions from class path resource [applicationContext.xml]
Oct 10, 2017 5:06:43 PM org.springframework.context.support.ClassPathXmlApplicationContext prepareRefresh
INFO: Refreshing org.springframework.context.support.ClassPathXmlApplicationContext@230765f7: startup date [Tue Oct 10 17:06:43 EDT 2017]; root of context hierarchy
Oct 10, 2017 5:06:43 PM org.springframework.beans.factory.xml.XmlBeanDefinitionReader loadBeanDefinitions
INFO: Loading XML bean definitions from class path resource [applicationContext.xml]
Oct 10, 2017 5:06:43 PM org.springframework.context.support.ClassPathXmlApplicationContext prepareRefresh
INFO: Refreshing org.springframework.context.support.ClassPathXmlApplicationContext@76853d5b: startup date [Tue Oct 10 17:06:43 EDT 2017]; root of context hierarchy
Oct 10, 2017 5:06:43 PM org.springframework.beans.factory.xml.XmlBeanDefinitionReader loadBeanDefinitions
INFO: Loading XML bean definitions from class path resource [applicationContext.xml]
Oct 10, 2017 5:06:43 PM org.springframework.context.support.ClassPathXmlApplicationContext prepareRefresh
INFO: Refreshing org.springframework.context.support.ClassPathXmlApplicationContext@1e0962ad: startup date [Tue Oct 10 17:06:43 EDT 2017]; root of context hierarchy
Oct 10, 2017 5:06:43 PM org.springframework.beans.factory.xml.XmlBeanDefinitionReader loadBeanDefinitions
INFO: Loading XML bean definitions from class path resource [applicationContext.xml]
Oct 10, 2017 5:06:43 PM org.springframework.context.support.ClassPathXmlApplicationContext prepareRefresh
INFO: Refreshing org.springframework.context.support.ClassPathXmlApplicationContext@62b55ebf: startup date [Tue Oct 10 17:06:43 EDT 2017]; root of context hierarchy
Oct 10, 2017 5:06:43 PM org.springframework.beans.factory.xml.XmlBeanDefinitionReader loadBeanDefinitions
INFO: Loading XML bean definitions from class path resource [applicationContext.xml]
Oct 10, 2017 5:06:43 PM org.springframework.context.support.ClassPathXmlApplicationContext prepareRefresh
INFO: Refreshing org.springframework.context.support.ClassPathXmlApplicationContext@2666836e: startup date [Tue Oct 10 17:06:43 EDT 2017]; root of context hierarchy
Oct 10, 2017 5:06:43 PM org.springframework.beans.factory.xml.XmlBeanDefinitionReader loadBeanDefinitions
INFO: Loading XML bean definitions from class path resource [applicationContext.xml]
Oct 10, 2017 5:06:43 PM org.springframework.context.support.ClassPathXmlApplicationContext prepareRefresh
INFO: Refreshing org.springframework.context.support.ClassPathXmlApplicationContext@43d6225f: startup date [Tue Oct 10 17:06:43 EDT 2017]; root of context hierarchy
Oct 10, 2017 5:06:43 PM org.springframework.beans.factory.xml.XmlBeanDefinitionReader loadBeanDefinitions
INFO: Loading XML bean definitions from class path resource [applicationContext.xml]
Oct 10, 2017 5:06:43 PM org.springframework.context.support.ClassPathXmlApplicationContext prepareRefresh
INFO: Refreshing org.springframework.context.support.ClassPathXmlApplicationContext@4aa2b35d: startup date [Tue Oct 10 17:06:43 EDT 2017]; root of context hierarchy
Oct 10, 2017 5:06:43 PM org.springframework.beans.factory.xml.XmlBeanDefinitionReader loadBeanDefinitions
INFO: Loading XML bean definitions from class path resource [applicationContext.xml]
Oct 10, 2017 5:06:43 PM org.springframework.context.support.ClassPathXmlApplicationContext prepareRefresh
INFO: Refreshing org.springframework.context.support.ClassPathXmlApplicationContext@645385f7: startup date [Tue Oct 10 17:06:43 EDT 2017]; root of context hierarchy
Oct 10, 2017 5:06:43 PM org.springframework.beans.factory.xml.XmlBeanDefinitionReader loadBeanDefinitions
INFO: Loading XML bean definitions from class path resource [applicationContext.xml]
Oct 10, 2017 5:06:43 PM org.springframework.context.support.ClassPathXmlApplicationContext prepareRefresh
INFO: Refreshing org.springframework.context.support.ClassPathXmlApplicationContext@2fa513a7: startup date [Tue Oct 10 17:06:43 EDT 2017]; root of context hierarchy
Oct 10, 2017 5:06:43 PM org.springframework.beans.factory.xml.XmlBeanDefinitionReader loadBeanDefinitions
INFO: Loading XML bean definitions from class path resource [applicationContext.xml]
Oct 10, 2017 5:06:43 PM org.springframework.context.support.ClassPathXmlApplicationContext prepareRefresh
INFO: Refreshing org.springframework.context.support.ClassPathXmlApplicationContext@455c7194: startup date [Tue Oct 10 17:06:43 EDT 2017]; root of context hierarchy
Oct 10, 2017 5:06:43 PM org.springframework.beans.factory.xml.XmlBeanDefinitionReader loadBeanDefinitions
INFO: Loading XML bean definitions from class path resource [applicationContext.xml]
Oct 10, 2017 5:06:43 PM org.springframework.context.support.ClassPathXmlApplicationContext prepareRefresh
INFO: Refreshing org.springframework.context.support.ClassPathXmlApplicationContext@529e5afe: startup date [Tue Oct 10 17:06:43 EDT 2017]; root of context hierarchy
Oct 10, 2017 5:06:43 PM org.springframework.beans.factory.xml.XmlBeanDefinitionReader loadBeanDefinitions
INFO: Loading XML bean definitions from class path resource [applicationContext.xml]
Oct 10, 2017 5:06:43 PM org.springframework.context.support.ClassPathXmlApplicationContext prepareRefresh
INFO: Refreshing org.springframework.context.support.ClassPathXmlApplicationContext@5a875024: startup date [Tue Oct 10 17:06:43 EDT 2017]; root of context hierarchy
Oct 10, 2017 5:06:43 PM org.springframework.beans.factory.xml.XmlBeanDefinitionReader loadBeanDefinitions
INFO: Loading XML bean definitions from class path resource [applicationContext.xml]
Oct 10, 2017 5:06:43 PM org.springframework.context.support.ClassPathXmlApplicationContext prepareRefresh
INFO: Refreshing org.springframework.context.support.ClassPathXmlApplicationContext@712e29b6: startup date [Tue Oct 10 17:06:43 EDT 2017]; root of context hierarchy
Oct 10, 2017 5:06:43 PM org.springframework.beans.factory.xml.XmlBeanDefinitionReader loadBeanDefinitions
INFO: Loading XML bean definitions from class path resource [applicationContext.xml]
Oct 10, 2017 5:06:43 PM org.springframework.context.support.ClassPathXmlApplicationContext prepareRefresh
INFO: Refreshing org.springframework.context.support.ClassPathXmlApplicationContext@7846a026: startup date [Tue Oct 10 17:06:43 EDT 2017]; root of context hierarchy
Oct 10, 2017 5:06:43 PM org.springframework.beans.factory.xml.XmlBeanDefinitionReader loadBeanDefinitions
INFO: Loading XML bean definitions from class path resource [applicationContext.xml]
Oct 10, 2017 5:06:43 PM org.springframework.context.support.ClassPathXmlApplicationContext prepareRefresh
INFO: Refreshing org.springframework.context.support.ClassPathXmlApplicationContext@b8c05f4: startup date [Tue Oct 10 17:06:43 EDT 2017]; root of context hierarchy
Oct 10, 2017 5:06:43 PM org.springframework.beans.factory.xml.XmlBeanDefinitionReader loadBeanDefinitions
INFO: Loading XML bean definitions from class path resource [applicationContext.xml]
Oct 10, 2017 5:06:43 PM org.springframework.context.support.ClassPathXmlApplicationContext prepareRefresh
INFO: Refreshing org.springframework.context.support.ClassPathXmlApplicationContext@4f3db7df: startup date [Tue Oct 10 17:06:43 EDT 2017]; root of context hierarchy
Oct 10, 2017 5:06:43 PM org.springframework.beans.factory.xml.XmlBeanDefinitionReader loadBeanDefinitions
INFO: Loading XML bean definitions from class path resource [applicationContext.xml]
Oct 10, 2017 5:06:43 PM org.springframework.context.support.ClassPathXmlApplicationContext prepareRefresh
INFO: Refreshing org.springframework.context.support.ClassPathXmlApplicationContext@d55e1c6: startup date [Tue Oct 10 17:06:43 EDT 2017]; root of context hierarchy
Oct 10, 2017 5:06:43 PM org.springframework.beans.factory.xml.XmlBeanDefinitionReader loadBeanDefinitions
INFO: Loading XML bean definitions from class path resource [applicationContext.xml]
Oct 10, 2017 5:06:43 PM org.springframework.context.support.ClassPathXmlApplicationContext prepareRefresh
INFO: Refreshing org.springframework.context.support.ClassPathXmlApplicationContext@65d3eae6: startup date [Tue Oct 10 17:06:43 EDT 2017]; root of context hierarchy
Oct 10, 2017 5:06:43 PM org.springframework.beans.factory.xml.XmlBeanDefinitionReader loadBeanDefinitions
INFO: Loading XML bean definitions from class path resource [applicationContext.xml]
Oct 10, 2017 5:06:43 PM org.springframework.context.support.ClassPathXmlApplicationContext prepareRefresh
INFO: Refreshing org.springframework.context.support.ClassPathXmlApplicationContext@5f379ab2: startup date [Tue Oct 10 17:06:43 EDT 2017]; root of context hierarchy
Oct 10, 2017 5:06:43 PM org.springframework.beans.factory.xml.XmlBeanDefinitionReader loadBeanDefinitions
INFO: Loading XML bean definitions from class path resource [applicationContext.xml]
Oct 10, 2017 5:06:43 PM org.springframework.context.support.ClassPathXmlApplicationContext prepareRefresh
INFO: Refreshing org.springframework.context.support.ClassPathXmlApplicationContext@5b5524ee: startup date [Tue Oct 10 17:06:43 EDT 2017]; root of context hierarchy
Oct 10, 2017 5:06:43 PM org.springframework.beans.factory.xml.XmlBeanDefinitionReader loadBeanDefinitions
INFO: Loading XML bean definitions from class path resource [applicationContext.xml]
Oct 10, 2017 5:06:43 PM org.springframework.context.support.ClassPathXmlApplicationContext prepareRefresh
INFO: Refreshing org.springframework.context.support.ClassPathXmlApplicationContext@7d320131: startup date [Tue Oct 10 17:06:43 EDT 2017]; root of context hierarchy
Oct 10, 2017 5:06:43 PM org.springframework.beans.factory.xml.XmlBeanDefinitionReader loadBeanDefinitions
INFO: Loading XML bean definitions from class path resource [applicationContext.xml]
Oct 10, 2017 5:06:43 PM org.springframework.context.support.ClassPathXmlApplicationContext prepareRefresh
INFO: Refreshing org.springframework.context.support.ClassPathXmlApplicationContext@520fe292: startup date [Tue Oct 10 17:06:43 EDT 2017]; root of context hierarchy
Oct 10, 2017 5:06:43 PM org.springframework.beans.factory.xml.XmlBeanDefinitionReader loadBeanDefinitions
INFO: Loading XML bean definitions from class path resource [applicationContext.xml]
Oct 10, 2017 5:06:43 PM org.springframework.context.support.ClassPathXmlApplicationContext prepareRefresh
INFO: Refreshing org.springframework.context.support.ClassPathXmlApplicationContext@2856c0c2: startup date [Tue Oct 10 17:06:43 EDT 2017]; root of context hierarchy
Oct 10, 2017 5:06:43 PM org.springframework.beans.factory.xml.XmlBeanDefinitionReader loadBeanDefinitions
INFO: Loading XML bean definitions from class path resource [applicationContext.xml]
Oct 10, 2017 5:06:43 PM org.springframework.context.support.ClassPathXmlApplicationContext prepareRefresh
INFO: Refreshing org.springframework.context.support.ClassPathXmlApplicationContext@49075989: startup date [Tue Oct 10 17:06:43 EDT 2017]; root of context hierarchy
Oct 10, 2017 5:06:43 PM org.springframework.beans.factory.xml.XmlBeanDefinitionReader loadBeanDefinitions
INFO: Loading XML bean definitions from class path resource [applicationContext.xml]
Oct 10, 2017 5:06:43 PM org.springframework.context.support.ClassPathXmlApplicationContext prepareRefresh
INFO: Refreshing org.springframework.context.support.ClassPathXmlApplicationContext@49182e41: startup date [Tue Oct 10 17:06:43 EDT 2017]; root of context hierarchy
Oct 10, 2017 5:06:43 PM org.springframework.beans.factory.xml.XmlBeanDefinitionReader loadBeanDefinitions
INFO: Loading XML bean definitions from class path resource [applicationContext.xml]
Oct 10, 2017 5:06:43 PM org.springframework.context.support.ClassPathXmlApplicationContext prepareRefresh
INFO: Refreshing org.springframework.context.support.ClassPathXmlApplicationContext@7fe14d23: startup date [Tue Oct 10 17:06:43 EDT 2017]; root of context hierarchy
Oct 10, 2017 5:06:43 PM org.springframework.beans.factory.xml.XmlBeanDefinitionReader loadBeanDefinitions
INFO: Loading XML bean definitions from class path resource [applicationContext.xml]
Oct 10, 2017 5:06:43 PM org.springframework.context.support.ClassPathXmlApplicationContext prepareRefresh
INFO: Refreshing org.springframework.context.support.ClassPathXmlApplicationContext@2e43cf9c: startup date [Tue Oct 10 17:06:43 EDT 2017]; root of context hierarchy
Oct 10, 2017 5:06:43 PM org.springframework.beans.factory.xml.XmlBeanDefinitionReader loadBeanDefinitions
INFO: Loading XML bean definitions from class path resource [applicationContext.xml]
Oct 10, 2017 5:06:43 PM org.springframework.context.support.ClassPathXmlApplicationContext prepareRefresh
INFO: Refreshing org.springframework.context.support.ClassPathXmlApplicationContext@3600895: startup date [Tue Oct 10 17:06:43 EDT 2017]; root of context hierarchy
Oct 10, 2017 5:06:43 PM org.springframework.beans.factory.xml.XmlBeanDefinitionReader loadBeanDefinitions
INFO: Loading XML bean definitions from class path resource [applicationContext.xml]
Oct 10, 2017 5:06:43 PM org.springframework.context.support.ClassPathXmlApplicationContext prepareRefresh
INFO: Refreshing org.springframework.context.support.ClassPathXmlApplicationContext@7d9ae795: startup date [Tue Oct 10 17:06:43 EDT 2017]; root of context hierarchy
Oct 10, 2017 5:06:43 PM org.springframework.beans.factory.xml.XmlBeanDefinitionReader loadBeanDefinitions
INFO: Loading XML bean definitions from class path resource [applicationContext.xml]
Oct 10, 2017 5:06:43 PM org.springframework.context.support.ClassPathXmlApplicationContext prepareRefresh
INFO: Refreshing org.springframework.context.support.ClassPathXmlApplicationContext@19bc4de3: startup date [Tue Oct 10 17:06:43 EDT 2017]; root of context hierarchy
Oct 10, 2017 5:06:43 PM org.springframework.beans.factory.xml.XmlBeanDefinitionReader loadBeanDefinitions
INFO: Loading XML bean definitions from class path resource [applicationContext.xml]
Oct 10, 2017 5:06:43 PM org.springframework.context.support.ClassPathXmlApplicationContext prepareRefresh
INFO: Refreshing org.springframework.context.support.ClassPathXmlApplicationContext@76acd98: startup date [Tue Oct 10 17:06:43 EDT 2017]; root of context hierarchy
Oct 10, 2017 5:06:43 PM org.springframework.beans.factory.xml.XmlBeanDefinitionReader loadBeanDefinitions
INFO: Loading XML bean definitions from class path resource [applicationContext.xml]
Oct 10, 2017 5:06:43 PM org.springframework.context.support.ClassPathXmlApplicationContext prepareRefresh
INFO: Refreshing org.springframework.context.support.ClassPathXmlApplicationContext@38365918: startup date [Tue Oct 10 17:06:43 EDT 2017]; root of context hierarchy
Oct 10, 2017 5:06:43 PM org.springframework.beans.factory.xml.XmlBeanDefinitionReader loadBeanDefinitions
INFO: Loading XML bean definitions from class path resource [applicationContext.xml]
Oct 10, 2017 5:06:43 PM org.springframework.context.support.ClassPathXmlApplicationContext prepareRefresh
INFO: Refreshing org.springframework.context.support.ClassPathXmlApplicationContext@dc35a26: startup date [Tue Oct 10 17:06:43 EDT 2017]; root of context hierarchy
Oct 10, 2017 5:06:43 PM org.springframework.beans.factory.xml.XmlBeanDefinitionReader loadBeanDefinitions
INFO: Loading XML bean definitions from class path resource [applicationContext.xml]
Oct 10, 2017 5:06:43 PM org.springframework.context.support.ClassPathXmlApplicationContext prepareRefresh
INFO: Refreshing org.springframework.context.support.ClassPathXmlApplicationContext@6425afcf: startup date [Tue Oct 10 17:06:43 EDT 2017]; root of context hierarchy
Oct 10, 2017 5:06:43 PM org.springframework.beans.factory.xml.XmlBeanDefinitionReader loadBeanDefinitions
INFO: Loading XML bean definitions from class path resource [applicationContext.xml]
Oct 10, 2017 5:06:43 PM org.springframework.context.support.ClassPathXmlApplicationContext prepareRefresh
INFO: Refreshing org.springframework.context.support.ClassPathXmlApplicationContext@4c8e4fc5: startup date [Tue Oct 10 17:06:43 EDT 2017]; root of context hierarchy
Oct 10, 2017 5:06:43 PM org.springframework.beans.factory.xml.XmlBeanDefinitionReader loadBeanDefinitions
INFO: Loading XML bean definitions from class path resource [applicationContext.xml]
Oct 10, 2017 5:06:43 PM org.springframework.context.support.ClassPathXmlApplicationContext prepareRefresh
INFO: Refreshing org.springframework.context.support.ClassPathXmlApplicationContext@4b1567a: startup date [Tue Oct 10 17:06:43 EDT 2017]; root of context hierarchy
Oct 10, 2017 5:06:43 PM org.springframework.beans.factory.xml.XmlBeanDefinitionReader loadBeanDefinitions
INFO: Loading XML bean definitions from class path resource [applicationContext.xml]
Oct 10, 2017 5:06:43 PM org.springframework.context.support.ClassPathXmlApplicationContext prepareRefresh
INFO: Refreshing org.springframework.context.support.ClassPathXmlApplicationContext@8fca32b: startup date [Tue Oct 10 17:06:43 EDT 2017]; root of context hierarchy
Oct 10, 2017 5:06:43 PM org.springframework.beans.factory.xml.XmlBeanDefinitionReader loadBeanDefinitions
INFO: Loading XML bean definitions from class path resource [applicationContext.xml]
Oct 10, 2017 5:06:43 PM org.springframework.context.support.ClassPathXmlApplicationContext prepareRefresh
INFO: Refreshing org.springframework.context.support.ClassPathXmlApplicationContext@6c1fa78a: startup date [Tue Oct 10 17:06:43 EDT 2017]; root of context hierarchy
Oct 10, 2017 5:06:43 PM org.springframework.beans.factory.xml.XmlBeanDefinitionReader loadBeanDefinitions
INFO: Loading XML bean definitions from class path resource [applicationContext.xml]
Oct 10, 2017 5:06:43 PM org.springframework.context.support.ClassPathXmlApplicationContext prepareRefresh
INFO: Refreshing org.springframework.context.support.ClassPathXmlApplicationContext@36000863: startup date [Tue Oct 10 17:06:43 EDT 2017]; root of context hierarchy
Oct 10, 2017 5:06:43 PM org.springframework.beans.factory.xml.XmlBeanDefinitionReader loadBeanDefinitions
INFO: Loading XML bean definitions from class path resource [applicationContext.xml]
Oct 10, 2017 5:06:43 PM org.springframework.context.support.ClassPathXmlApplicationContext prepareRefresh
INFO: Refreshing org.springframework.context.support.ClassPathXmlApplicationContext@532e1127: startup date [Tue Oct 10 17:06:43 EDT 2017]; root of context hierarchy
Oct 10, 2017 5:06:43 PM org.springframework.beans.factory.xml.XmlBeanDefinitionReader loadBeanDefinitions
INFO: Loading XML bean definitions from class path resource [applicationContext.xml]
Oct 10, 2017 5:06:43 PM org.springframework.context.support.ClassPathXmlApplicationContext prepareRefresh
INFO: Refreshing org.springframework.context.support.ClassPathXmlApplicationContext@781ef959: startup date [Tue Oct 10 17:06:43 EDT 2017]; root of context hierarchy
Oct 10, 2017 5:06:43 PM org.springframework.beans.factory.xml.XmlBeanDefinitionReader loadBeanDefinitions
INFO: Loading XML bean definitions from class path resource [applicationContext.xml]
Oct 10, 2017 5:06:43 PM org.springframework.context.support.ClassPathXmlApplicationContext prepareRefresh
INFO: Refreshing org.springframework.context.support.ClassPathXmlApplicationContext@17739bee: startup date [Tue Oct 10 17:06:43 EDT 2017]; root of context hierarchy
Oct 10, 2017 5:06:43 PM org.springframework.beans.factory.xml.XmlBeanDefinitionReader loadBeanDefinitions
INFO: Loading XML bean definitions from class path resource [applicationContext.xml]
Oct 10, 2017 5:06:43 PM org.springframework.context.support.ClassPathXmlApplicationContext prepareRefresh
INFO: Refreshing org.springframework.context.support.ClassPathXmlApplicationContext@39a7392a: startup date [Tue Oct 10 17:06:43 EDT 2017]; root of context hierarchy
Oct 10, 2017 5:06:43 PM org.springframework.beans.factory.xml.XmlBeanDefinitionReader loadBeanDefinitions
INFO: Loading XML bean definitions from class path resource [applicationContext.xml]
Oct 10, 2017 5:06:43 PM org.springframework.context.support.ClassPathXmlApplicationContext prepareRefresh
INFO: Refreshing org.springframework.context.support.ClassPathXmlApplicationContext@bab010: startup date [Tue Oct 10 17:06:43 EDT 2017]; root of context hierarchy
Oct 10, 2017 5:06:43 PM org.springframework.beans.factory.xml.XmlBeanDefinitionReader loadBeanDefinitions
INFO: Loading XML bean definitions from class path resource [applicationContext.xml]
Oct 10, 2017 5:06:43 PM org.springframework.context.support.ClassPathXmlApplicationContext prepareRefresh
INFO: Refreshing org.springframework.context.support.ClassPathXmlApplicationContext@17dc131b: startup date [Tue Oct 10 17:06:43 EDT 2017]; root of context hierarchy
Oct 10, 2017 5:06:43 PM org.springframework.beans.factory.xml.XmlBeanDefinitionReader loadBeanDefinitions
INFO: Loading XML bean definitions from class path resource [applicationContext.xml]
Oct 10, 2017 5:06:43 PM org.springframework.context.support.ClassPathXmlApplicationContext prepareRefresh
INFO: Refreshing org.springframework.context.support.ClassPathXmlApplicationContext@69ea4af4: startup date [Tue Oct 10 17:06:43 EDT 2017]; root of context hierarchy
Oct 10, 2017 5:06:43 PM org.springframework.beans.factory.xml.XmlBeanDefinitionReader loadBeanDefinitions
INFO: Loading XML bean definitions from class path resource [applicationContext.xml]
Oct 10, 2017 5:06:43 PM org.springframework.context.support.ClassPathXmlApplicationContext prepareRefresh
INFO: Refreshing org.springframework.context.support.ClassPathXmlApplicationContext@69c273f6: startup date [Tue Oct 10 17:06:43 EDT 2017]; root of context hierarchy
Oct 10, 2017 5:06:43 PM org.springframework.beans.factory.xml.XmlBeanDefinitionReader loadBeanDefinitions
INFO: Loading XML bean definitions from class path resource [applicationContext.xml]
Oct 10, 2017 5:06:43 PM org.springframework.context.support.ClassPathXmlApplicationContext prepareRefresh
INFO: Refreshing org.springframework.context.support.ClassPathXmlApplicationContext@57a6ff89: startup date [Tue Oct 10 17:06:43 EDT 2017]; root of context hierarchy
Oct 10, 2017 5:06:43 PM org.springframework.beans.factory.xml.XmlBeanDefinitionReader loadBeanDefinitions
INFO: Loading XML bean definitions from class path resource [applicationContext.xml]
Oct 10, 2017 5:06:43 PM org.springframework.context.support.ClassPathXmlApplicationContext prepareRefresh
INFO: Refreshing org.springframework.context.support.ClassPathXmlApplicationContext@4d002871: startup date [Tue Oct 10 17:06:43 EDT 2017]; root of context hierarchy
Oct 10, 2017 5:06:43 PM org.springframework.beans.factory.xml.XmlBeanDefinitionReader loadBeanDefinitions
INFO: Loading XML bean definitions from class path resource [applicationContext.xml]
Oct 10, 2017 5:06:43 PM org.springframework.context.support.ClassPathXmlApplicationContext prepareRefresh
INFO: Refreshing org.springframework.context.support.ClassPathXmlApplicationContext@f1332dd: startup date [Tue Oct 10 17:06:43 EDT 2017]; root of context hierarchy
Oct 10, 2017 5:06:43 PM org.springframework.beans.factory.xml.XmlBeanDefinitionReader loadBeanDefinitions
INFO: Loading XML bean definitions from class path resource [applicationContext.xml]
Oct 10, 2017 5:06:43 PM org.springframework.context.support.ClassPathXmlApplicationContext prepareRefresh
INFO: Refreshing org.springframework.context.support.ClassPathXmlApplicationContext@187715ef: startup date [Tue Oct 10 17:06:43 EDT 2017]; root of context hierarchy
Oct 10, 2017 5:06:43 PM org.springframework.beans.factory.xml.XmlBeanDefinitionReader loadBeanDefinitions
INFO: Loading XML bean definitions from class path resource [applicationContext.xml]
Oct 10, 2017 5:06:43 PM org.springframework.context.support.ClassPathXmlApplicationContext prepareRefresh
INFO: Refreshing org.springframework.context.support.ClassPathXmlApplicationContext@18635cde: startup date [Tue Oct 10 17:06:43 EDT 2017]; root of context hierarchy
Oct 10, 2017 5:06:43 PM org.springframework.beans.factory.xml.XmlBeanDefinitionReader loadBeanDefinitions
INFO: Loading XML bean definitions from class path resource [applicationContext.xml]
Oct 10, 2017 5:06:43 PM org.springframework.context.support.ClassPathXmlApplicationContext prepareRefresh
INFO: Refreshing org.springframework.context.support.ClassPathXmlApplicationContext@78c8f2a2: startup date [Tue Oct 10 17:06:43 EDT 2017]; root of context hierarchy
Oct 10, 2017 5:06:43 PM org.springframework.beans.factory.xml.XmlBeanDefinitionReader loadBeanDefinitions
INFO: Loading XML bean definitions from class path resource [applicationContext.xml]
Oct 10, 2017 5:06:43 PM org.springframework.context.support.ClassPathXmlApplicationContext prepareRefresh
INFO: Refreshing org.springframework.context.support.ClassPathXmlApplicationContext@740a7b42: startup date [Tue Oct 10 17:06:43 EDT 2017]; root of context hierarchy
Oct 10, 2017 5:06:43 PM org.springframework.beans.factory.xml.XmlBeanDefinitionReader loadBeanDefinitions
INFO: Loading XML bean definitions from class path resource [applicationContext.xml]
Oct 10, 2017 5:06:43 PM org.springframework.context.support.ClassPathXmlApplicationContext prepareRefresh
INFO: Refreshing org.springframework.context.support.ClassPathXmlApplicationContext@657cf220: startup date [Tue Oct 10 17:06:43 EDT 2017]; root of context hierarchy
Oct 10, 2017 5:06:43 PM org.springframework.beans.factory.xml.XmlBeanDefinitionReader loadBeanDefinitions
INFO: Loading XML bean definitions from class path resource [applicationContext.xml]
Oct 10, 2017 5:06:43 PM org.springframework.context.support.ClassPathXmlApplicationContext prepareRefresh
INFO: Refreshing org.springframework.context.support.ClassPathXmlApplicationContext@5487f03c: startup date [Tue Oct 10 17:06:43 EDT 2017]; root of context hierarchy
Oct 10, 2017 5:06:43 PM org.springframework.beans.factory.xml.XmlBeanDefinitionReader loadBeanDefinitions
INFO: Loading XML bean definitions from class path resource [applicationContext.xml]
Oct 10, 2017 5:06:43 PM org.springframework.context.support.ClassPathXmlApplicationContext prepareRefresh
INFO: Refreshing org.springframework.context.support.ClassPathXmlApplicationContext@44cc9c83: startup date [Tue Oct 10 17:06:43 EDT 2017]; root of context hierarchy
Oct 10, 2017 5:06:43 PM org.springframework.beans.factory.xml.XmlBeanDefinitionReader loadBeanDefinitions
INFO: Loading XML bean definitions from class path resource [applicationContext.xml]
Oct 10, 2017 5:06:44 PM org.springframework.context.support.ClassPathXmlApplicationContext prepareRefresh
INFO: Refreshing org.springframework.context.support.ClassPathXmlApplicationContext@3b5d5c72: startup date [Tue Oct 10 17:06:44 EDT 2017]; root of context hierarchy
Oct 10, 2017 5:06:44 PM org.springframework.beans.factory.xml.XmlBeanDefinitionReader loadBeanDefinitions
INFO: Loading XML bean definitions from class path resource [applicationContext.xml]
Oct 10, 2017 5:06:44 PM org.springframework.context.support.ClassPathXmlApplicationContext prepareRefresh
INFO: Refreshing org.springframework.context.support.ClassPathXmlApplicationContext@4286a196: startup date [Tue Oct 10 17:06:44 EDT 2017]; root of context hierarchy
Oct 10, 2017 5:06:44 PM org.springframework.beans.factory.xml.XmlBeanDefinitionReader loadBeanDefinitions
INFO: Loading XML bean definitions from class path resource [applicationContext.xml]
Oct 10, 2017 5:06:44 PM org.springframework.context.support.ClassPathXmlApplicationContext prepareRefresh
INFO: Refreshing org.springframework.context.support.ClassPathXmlApplicationContext@22598093: startup date [Tue Oct 10 17:06:44 EDT 2017]; root of context hierarchy
Oct 10, 2017 5:06:44 PM org.springframework.beans.factory.xml.XmlBeanDefinitionReader loadBeanDefinitions
INFO: Loading XML bean definitions from class path resource [applicationContext.xml]
Oct 10, 2017 5:06:44 PM org.springframework.context.support.ClassPathXmlApplicationContext prepareRefresh
INFO: Refreshing org.springframework.context.support.ClassPathXmlApplicationContext@6a8a6522: startup date [Tue Oct 10 17:06:44 EDT 2017]; root of context hierarchy
Oct 10, 2017 5:06:44 PM org.springframework.beans.factory.xml.XmlBeanDefinitionReader loadBeanDefinitions
INFO: Loading XML bean definitions from class path resource [applicationContext.xml]
Oct 10, 2017 5:06:44 PM org.springframework.context.support.ClassPathXmlApplicationContext prepareRefresh
INFO: Refreshing org.springframework.context.support.ClassPathXmlApplicationContext@cc2d867: startup date [Tue Oct 10 17:06:44 EDT 2017]; root of context hierarchy
Oct 10, 2017 5:06:44 PM org.springframework.beans.factory.xml.XmlBeanDefinitionReader loadBeanDefinitions
INFO: Loading XML bean definitions from class path resource [applicationContext.xml]
Oct 10, 2017 5:06:44 PM org.springframework.context.support.ClassPathXmlApplicationContext prepareRefresh
INFO: Refreshing org.springframework.context.support.ClassPathXmlApplicationContext@177d5d50: startup date [Tue Oct 10 17:06:44 EDT 2017]; root of context hierarchy
Oct 10, 2017 5:06:44 PM org.springframework.beans.factory.xml.XmlBeanDefinitionReader loadBeanDefinitions
INFO: Loading XML bean definitions from class path resource [applicationContext.xml]
Oct 10, 2017 5:06:44 PM org.springframework.context.support.ClassPathXmlApplicationContext prepareRefresh
INFO: Refreshing org.springframework.context.support.ClassPathXmlApplicationContext@799a63fc: startup date [Tue Oct 10 17:06:44 EDT 2017]; root of context hierarchy
Oct 10, 2017 5:06:44 PM org.springframework.beans.factory.xml.XmlBeanDefinitionReader loadBeanDefinitions
INFO: Loading XML bean definitions from class path resource [applicationContext.xml]
Oct 10, 2017 5:06:44 PM org.springframework.context.support.ClassPathXmlApplicationContext prepareRefresh
INFO: Refreshing org.springframework.context.support.ClassPathXmlApplicationContext@331c53f3: startup date [Tue Oct 10 17:06:44 EDT 2017]; root of context hierarchy
Oct 10, 2017 5:06:44 PM org.springframework.beans.factory.xml.XmlBeanDefinitionReader loadBeanDefinitions
INFO: Loading XML bean definitions from class path resource [applicationContext.xml]
Oct 10, 2017 5:06:44 PM org.springframework.context.support.ClassPathXmlApplicationContext prepareRefresh
INFO: Refreshing org.springframework.context.support.ClassPathXmlApplicationContext@13fc8555: startup date [Tue Oct 10 17:06:44 EDT 2017]; root of context hierarchy
Oct 10, 2017 5:06:44 PM org.springframework.beans.factory.xml.XmlBeanDefinitionReader loadBeanDefinitions
INFO: Loading XML bean definitions from class path resource [applicationContext.xml]
Oct 10, 2017 5:06:44 PM org.springframework.context.support.ClassPathXmlApplicationContext prepareRefresh
INFO: Refreshing org.springframework.context.support.ClassPathXmlApplicationContext@624d7a22: startup date [Tue Oct 10 17:06:44 EDT 2017]; root of context hierarchy
Oct 10, 2017 5:06:44 PM org.springframework.beans.factory.xml.XmlBeanDefinitionReader loadBeanDefinitions
INFO: Loading XML bean definitions from class path resource [applicationContext.xml]
Oct 10, 2017 5:06:44 PM org.springframework.context.support.ClassPathXmlApplicationContext prepareRefresh
INFO: Refreshing org.springframework.context.support.ClassPathXmlApplicationContext@1534434d: startup date [Tue Oct 10 17:06:44 EDT 2017]; root of context hierarchy
Oct 10, 2017 5:06:44 PM org.springframework.beans.factory.xml.XmlBeanDefinitionReader loadBeanDefinitions
INFO: Loading XML bean definitions from class path resource [applicationContext.xml]
Oct 10, 2017 5:06:44 PM org.springframework.context.support.ClassPathXmlApplicationContext prepareRefresh
INFO: Refreshing org.springframework.context.support.ClassPathXmlApplicationContext@188fa3a5: startup date [Tue Oct 10 17:06:44 EDT 2017]; root of context hierarchy
Oct 10, 2017 5:06:44 PM org.springframework.beans.factory.xml.XmlBeanDefinitionReader loadBeanDefinitions
INFO: Loading XML bean definitions from class path resource [applicationContext.xml]
Oct 10, 2017 5:06:44 PM org.springframework.context.support.ClassPathXmlApplicationContext prepareRefresh
INFO: Refreshing org.springframework.context.support.ClassPathXmlApplicationContext@2403374f: startup date [Tue Oct 10 17:06:44 EDT 2017]; root of context hierarchy
Oct 10, 2017 5:06:44 PM org.springframework.beans.factory.xml.XmlBeanDefinitionReader loadBeanDefinitions
INFO: Loading XML bean definitions from class path resource [applicationContext.xml]
Oct 10, 2017 5:06:44 PM org.springframework.context.support.ClassPathXmlApplicationContext prepareRefresh
INFO: Refreshing org.springframework.context.support.ClassPathXmlApplicationContext@6abd41d0: startup date [Tue Oct 10 17:06:44 EDT 2017]; root of context hierarchy
Oct 10, 2017 5:06:44 PM org.springframework.beans.factory.xml.XmlBeanDefinitionReader loadBeanDefinitions
INFO: Loading XML bean definitions from class path resource [applicationContext.xml]
Oct 10, 2017 5:06:44 PM org.springframework.context.support.ClassPathXmlApplicationContext prepareRefresh
INFO: Refreshing org.springframework.context.support.ClassPathXmlApplicationContext@3614fc8f: startup date [Tue Oct 10 17:06:44 EDT 2017]; root of context hierarchy
Oct 10, 2017 5:06:44 PM org.springframework.beans.factory.xml.XmlBeanDefinitionReader loadBeanDefinitions
INFO: Loading XML bean definitions from class path resource [applicationContext.xml]
Oct 10, 2017 5:06:44 PM org.springframework.context.support.ClassPathXmlApplicationContext prepareRefresh
INFO: Refreshing org.springframework.context.support.ClassPathXmlApplicationContext@16874f2e: startup date [Tue Oct 10 17:06:44 EDT 2017]; root of context hierarchy
Oct 10, 2017 5:06:44 PM org.springframework.beans.factory.xml.XmlBeanDefinitionReader loadBeanDefinitions
INFO: Loading XML bean definitions from class path resource [applicationContext.xml]
Oct 10, 2017 5:06:44 PM org.springframework.context.support.ClassPathXmlApplicationContext prepareRefresh
INFO: Refreshing org.springframework.context.support.ClassPathXmlApplicationContext@610f213b: startup date [Tue Oct 10 17:06:44 EDT 2017]; root of context hierarchy
Oct 10, 2017 5:06:44 PM org.springframework.beans.factory.xml.XmlBeanDefinitionReader loadBeanDefinitions
INFO: Loading XML bean definitions from class path resource [applicationContext.xml]
Oct 10, 2017 5:06:44 PM org.springframework.context.support.ClassPathXmlApplicationContext prepareRefresh
INFO: Refreshing org.springframework.context.support.ClassPathXmlApplicationContext@945f458: startup date [Tue Oct 10 17:06:44 EDT 2017]; root of context hierarchy
Oct 10, 2017 5:06:44 PM org.springframework.beans.factory.xml.XmlBeanDefinitionReader loadBeanDefinitions
INFO: Loading XML bean definitions from class path resource [applicationContext.xml]
Oct 10, 2017 5:06:44 PM org.springframework.context.support.ClassPathXmlApplicationContext prepareRefresh
INFO: Refreshing org.springframework.context.support.ClassPathXmlApplicationContext@46d558c8: startup date [Tue Oct 10 17:06:44 EDT 2017]; root of context hierarchy
Oct 10, 2017 5:06:44 PM org.springframework.beans.factory.xml.XmlBeanDefinitionReader loadBeanDefinitions
INFO: Loading XML bean definitions from class path resource [applicationContext.xml]
Oct 10, 2017 5:06:44 PM org.springframework.context.support.ClassPathXmlApplicationContext prepareRefresh
INFO: Refreshing org.springframework.context.support.ClassPathXmlApplicationContext@68097d17: startup date [Tue Oct 10 17:06:44 EDT 2017]; root of context hierarchy
Oct 10, 2017 5:06:44 PM org.springframework.beans.factory.xml.XmlBeanDefinitionReader loadBeanDefinitions
INFO: Loading XML bean definitions from class path resource [applicationContext.xml]
Oct 10, 2017 5:06:44 PM org.springframework.context.support.ClassPathXmlApplicationContext prepareRefresh
INFO: Refreshing org.springframework.context.support.ClassPathXmlApplicationContext@4b45d3: startup date [Tue Oct 10 17:06:44 EDT 2017]; root of context hierarchy
Oct 10, 2017 5:06:44 PM org.springframework.beans.factory.xml.XmlBeanDefinitionReader loadBeanDefinitions
INFO: Loading XML bean definitions from class path resource [applicationContext.xml]
Oct 10, 2017 5:06:44 PM org.springframework.context.support.ClassPathXmlApplicationContext prepareRefresh
INFO: Refreshing org.springframework.context.support.ClassPathXmlApplicationContext@57d0679f: startup date [Tue Oct 10 17:06:44 EDT 2017]; root of context hierarchy
Oct 10, 2017 5:06:44 PM org.springframework.beans.factory.xml.XmlBeanDefinitionReader loadBeanDefinitions
INFO: Loading XML bean definitions from class path resource [applicationContext.xml]
Oct 10, 2017 5:06:44 PM org.springframework.context.support.ClassPathXmlApplicationContext prepareRefresh
INFO: Refreshing org.springframework.context.support.ClassPathXmlApplicationContext@46f11968: startup date [Tue Oct 10 17:06:44 EDT 2017]; root of context hierarchy
Oct 10, 2017 5:06:44 PM org.springframework.beans.factory.xml.XmlBeanDefinitionReader loadBeanDefinitions
INFO: Loading XML bean definitions from class path resource [applicationContext.xml]
Oct 10, 2017 5:06:44 PM org.springframework.context.support.ClassPathXmlApplicationContext prepareRefresh
INFO: Refreshing org.springframework.context.support.ClassPathXmlApplicationContext@1f620a5b: startup date [Tue Oct 10 17:06:44 EDT 2017]; root of context hierarchy
Oct 10, 2017 5:06:44 PM org.springframework.beans.factory.xml.XmlBeanDefinitionReader loadBeanDefinitions
INFO: Loading XML bean definitions from class path resource [applicationContext.xml]
Oct 10, 2017 5:06:44 PM org.springframework.context.support.ClassPathXmlApplicationContext prepareRefresh
INFO: Refreshing org.springframework.context.support.ClassPathXmlApplicationContext@3c08e6b8: startup date [Tue Oct 10 17:06:44 EDT 2017]; root of context hierarchy
Oct 10, 2017 5:06:44 PM org.springframework.beans.factory.xml.XmlBeanDefinitionReader loadBeanDefinitions
INFO: Loading XML bean definitions from class path resource [applicationContext.xml]
Oct 10, 2017 5:06:44 PM org.springframework.context.support.ClassPathXmlApplicationContext prepareRefresh
INFO: Refreshing org.springframework.context.support.ClassPathXmlApplicationContext@5bc5606e: startup date [Tue Oct 10 17:06:44 EDT 2017]; root of context hierarchy
Oct 10, 2017 5:06:44 PM org.springframework.beans.factory.xml.XmlBeanDefinitionReader loadBeanDefinitions
INFO: Loading XML bean definitions from class path resource [applicationContext.xml]
Oct 10, 2017 5:06:44 PM org.springframework.context.support.ClassPathXmlApplicationContext prepareRefresh
INFO: Refreshing org.springframework.context.support.ClassPathXmlApplicationContext@4e96c58d: startup date [Tue Oct 10 17:06:44 EDT 2017]; root of context hierarchy
Oct 10, 2017 5:06:44 PM org.springframework.beans.factory.xml.XmlBeanDefinitionReader loadBeanDefinitions
INFO: Loading XML bean definitions from class path resource [applicationContext.xml]
Oct 10, 2017 5:06:44 PM org.springframework.context.support.ClassPathXmlApplicationContext prepareRefresh
INFO: Refreshing org.springframework.context.support.ClassPathXmlApplicationContext@1a7741a9: startup date [Tue Oct 10 17:06:44 EDT 2017]; root of context hierarchy
Oct 10, 2017 5:06:44 PM org.springframework.beans.factory.xml.XmlBeanDefinitionReader loadBeanDefinitions
INFO: Loading XML bean definitions from class path resource [applicationContext.xml]
Oct 10, 2017 5:06:44 PM org.springframework.context.support.ClassPathXmlApplicationContext prepareRefresh
INFO: Refreshing org.springframework.context.support.ClassPathXmlApplicationContext@30ddd10c: startup date [Tue Oct 10 17:06:44 EDT 2017]; root of context hierarchy
Oct 10, 2017 5:06:44 PM org.springframework.beans.factory.xml.XmlBeanDefinitionReader loadBeanDefinitions
INFO: Loading XML bean definitions from class path resource [applicationContext.xml]
Oct 10, 2017 5:06:44 PM org.springframework.context.support.ClassPathXmlApplicationContext prepareRefresh
INFO: Refreshing org.springframework.context.support.ClassPathXmlApplicationContext@66a731e1: startup date [Tue Oct 10 17:06:44 EDT 2017]; root of context hierarchy
Oct 10, 2017 5:06:44 PM org.springframework.beans.factory.xml.XmlBeanDefinitionReader loadBeanDefinitions
INFO: Loading XML bean definitions from class path resource [applicationContext.xml]
Oct 10, 2017 5:06:44 PM org.springframework.context.support.ClassPathXmlApplicationContext prepareRefresh
INFO: Refreshing org.springframework.context.support.ClassPathXmlApplicationContext@5810607c: startup date [Tue Oct 10 17:06:44 EDT 2017]; root of context hierarchy
Oct 10, 2017 5:06:44 PM org.springframework.beans.factory.xml.XmlBeanDefinitionReader loadBeanDefinitions
INFO: Loading XML bean definitions from class path resource [applicationContext.xml]
Oct 10, 2017 5:06:44 PM org.springframework.context.support.ClassPathXmlApplicationContext prepareRefresh
INFO: Refreshing org.springframework.context.support.ClassPathXmlApplicationContext@6a1ec501: startup date [Tue Oct 10 17:06:44 EDT 2017]; root of context hierarchy
Oct 10, 2017 5:06:44 PM org.springframework.beans.factory.xml.XmlBeanDefinitionReader loadBeanDefinitions
INFO: Loading XML bean definitions from class path resource [applicationContext.xml]
Oct 10, 2017 5:06:44 PM org.springframework.context.support.ClassPathXmlApplicationContext prepareRefresh
INFO: Refreshing org.springframework.context.support.ClassPathXmlApplicationContext@328f9a1c: startup date [Tue Oct 10 17:06:44 EDT 2017]; root of context hierarchy
Oct 10, 2017 5:06:44 PM org.springframework.beans.factory.xml.XmlBeanDefinitionReader loadBeanDefinitions
INFO: Loading XML bean definitions from class path resource [applicationContext.xml]
Oct 10, 2017 5:06:44 PM org.springframework.context.support.ClassPathXmlApplicationContext prepareRefresh
INFO: Refreshing org.springframework.context.support.ClassPathXmlApplicationContext@420d1561: startup date [Tue Oct 10 17:06:44 EDT 2017]; root of context hierarchy
Oct 10, 2017 5:06:44 PM org.springframework.beans.factory.xml.XmlBeanDefinitionReader loadBeanDefinitions
INFO: Loading XML bean definitions from class path resource [applicationContext.xml]
Oct 10, 2017 5:06:44 PM org.springframework.context.support.ClassPathXmlApplicationContext prepareRefresh
INFO: Refreshing org.springframework.context.support.ClassPathXmlApplicationContext@4f7c6767: startup date [Tue Oct 10 17:06:44 EDT 2017]; root of context hierarchy
Oct 10, 2017 5:06:44 PM org.springframework.beans.factory.xml.XmlBeanDefinitionReader loadBeanDefinitions
INFO: Loading XML bean definitions from class path resource [applicationContext.xml]
Oct 10, 2017 5:06:44 PM org.springframework.context.support.ClassPathXmlApplicationContext prepareRefresh
INFO: Refreshing org.springframework.context.support.ClassPathXmlApplicationContext@5f569299: startup date [Tue Oct 10 17:06:44 EDT 2017]; root of context hierarchy
Oct 10, 2017 5:06:44 PM org.springframework.beans.factory.xml.XmlBeanDefinitionReader loadBeanDefinitions
INFO: Loading XML bean definitions from class path resource [applicationContext.xml]
Oct 10, 2017 5:06:44 PM org.springframework.context.support.ClassPathXmlApplicationContext prepareRefresh
INFO: Refreshing org.springframework.context.support.ClassPathXmlApplicationContext@62ec84c: startup date [Tue Oct 10 17:06:44 EDT 2017]; root of context hierarchy
Oct 10, 2017 5:06:44 PM org.springframework.beans.factory.xml.XmlBeanDefinitionReader loadBeanDefinitions
INFO: Loading XML bean definitions from class path resource [applicationContext.xml]
Oct 10, 2017 5:06:44 PM org.springframework.context.support.ClassPathXmlApplicationContext prepareRefresh
INFO: Refreshing org.springframework.context.support.ClassPathXmlApplicationContext@5b25b139: startup date [Tue Oct 10 17:06:44 EDT 2017]; root of context hierarchy
Oct 10, 2017 5:06:44 PM org.springframework.beans.factory.xml.XmlBeanDefinitionReader loadBeanDefinitions
INFO: Loading XML bean definitions from class path resource [applicationContext.xml]
Oct 10, 2017 5:06:44 PM org.springframework.context.support.ClassPathXmlApplicationContext prepareRefresh
INFO: Refreshing org.springframework.context.support.ClassPathXmlApplicationContext@b4e1ca5: startup date [Tue Oct 10 17:06:44 EDT 2017]; root of context hierarchy
Oct 10, 2017 5:06:44 PM org.springframework.beans.factory.xml.XmlBeanDefinitionReader loadBeanDefinitions
INFO: Loading XML bean definitions from class path resource [applicationContext.xml]
Oct 10, 2017 5:06:44 PM org.springframework.context.support.ClassPathXmlApplicationContext prepareRefresh
INFO: Refreshing org.springframework.context.support.ClassPathXmlApplicationContext@9d7f105: startup date [Tue Oct 10 17:06:44 EDT 2017]; root of context hierarchy
Oct 10, 2017 5:06:44 PM org.springframework.beans.factory.xml.XmlBeanDefinitionReader loadBeanDefinitions
INFO: Loading XML bean definitions from class path resource [applicationContext.xml]
Oct 10, 2017 5:06:44 PM org.springframework.context.support.ClassPathXmlApplicationContext prepareRefresh
INFO: Refreshing org.springframework.context.support.ClassPathXmlApplicationContext@722cf999: startup date [Tue Oct 10 17:06:44 EDT 2017]; root of context hierarchy
Oct 10, 2017 5:06:44 PM org.springframework.beans.factory.xml.XmlBeanDefinitionReader loadBeanDefinitions
INFO: Loading XML bean definitions from class path resource [applicationContext.xml]
Oct 10, 2017 5:06:44 PM org.springframework.context.support.ClassPathXmlApplicationContext prepareRefresh
INFO: Refreshing org.springframework.context.support.ClassPathXmlApplicationContext@14d6540c: startup date [Tue Oct 10 17:06:44 EDT 2017]; root of context hierarchy
Oct 10, 2017 5:06:44 PM org.springframework.beans.factory.xml.XmlBeanDefinitionReader loadBeanDefinitions
INFO: Loading XML bean definitions from class path resource [applicationContext.xml]
Oct 10, 2017 5:06:44 PM org.springframework.context.support.ClassPathXmlApplicationContext prepareRefresh
INFO: Refreshing org.springframework.context.support.ClassPathXmlApplicationContext@1eacf58f: startup date [Tue Oct 10 17:06:44 EDT 2017]; root of context hierarchy
Oct 10, 2017 5:06:44 PM org.springframework.beans.factory.xml.XmlBeanDefinitionReader loadBeanDefinitions
INFO: Loading XML bean definitions from class path resource [applicationContext.xml]
Oct 10, 2017 5:06:44 PM org.springframework.context.support.ClassPathXmlApplicationContext prepareRefresh
INFO: Refreshing org.springframework.context.support.ClassPathXmlApplicationContext@79013d90: startup date [Tue Oct 10 17:06:44 EDT 2017]; root of context hierarchy
Oct 10, 2017 5:06:44 PM org.springframework.beans.factory.xml.XmlBeanDefinitionReader loadBeanDefinitions
INFO: Loading XML bean definitions from class path resource [applicationContext.xml]
Oct 10, 2017 5:06:44 PM org.springframework.context.support.ClassPathXmlApplicationContext prepareRefresh
INFO: Refreshing org.springframework.context.support.ClassPathXmlApplicationContext@5a0437a8: startup date [Tue Oct 10 17:06:44 EDT 2017]; root of context hierarchy
Oct 10, 2017 5:06:44 PM org.springframework.beans.factory.xml.XmlBeanDefinitionReader loadBeanDefinitions
INFO: Loading XML bean definitions from class path resource [applicationContext.xml]
</system-err>
  </testcase>
  <testcase classname="com.sg.flooringmastery.service.FMSetModeOfProgramTest" name="testSetModeOfOrderDao" time="0">
    <error message="org.springframework.beans.FatalBeanException" type="java.lang.NoClassDefFoundError">java.lang.NoClassDefFoundError: org.springframework.beans.FatalBeanException
	at org.springframework.beans.factory.support.AbstractAutowireCapableBeanFactory.instantiateBean(AbstractAutowireCapableBeanFactory.java:1154)
	at org.springframework.beans.factory.support.AbstractAutowireCapableBeanFactory.createBeanInstance(AbstractAutowireCapableBeanFactory.java:1099)
	at org.springframework.beans.factory.support.AbstractAutowireCapableBeanFactory.doCreateBean(AbstractAutowireCapableBeanFactory.java:513)
	at org.springframework.beans.factory.support.AbstractAutowireCapableBeanFactory.createBean(AbstractAutowireCapableBeanFactory.java:483)
	at org.springframework.beans.factory.support.AbstractBeanFactory$1.getObject(AbstractBeanFactory.java:306)
	at org.springframework.beans.factory.support.DefaultSingletonBeanRegistry.getSingleton(DefaultSingletonBeanRegistry.java:230)
	at org.springframework.beans.factory.support.AbstractBeanFactory.doGetBean(AbstractBeanFactory.java:302)
	at org.springframework.beans.factory.support.AbstractBeanFactory.getBean(AbstractBeanFactory.java:197)
	at org.springframework.beans.factory.support.DefaultListableBeanFactory.preInstantiateSingletons(DefaultListableBeanFactory.java:761)
	at org.springframework.context.support.AbstractApplicationContext.finishBeanFactoryInitialization(AbstractApplicationContext.java:867)
	at org.springframework.context.support.AbstractApplicationContext.refresh(AbstractApplicationContext.java:543)
	at org.springframework.context.support.ClassPathXmlApplicationContext.&lt;init&gt;(ClassPathXmlApplicationContext.java:139)
	at org.springframework.context.support.ClassPathXmlApplicationContext.&lt;init&gt;(ClassPathXmlApplicationContext.java:83)
	at com.sg.flooringmastery.service.FMSetModeOfProgramTest.&lt;init&gt;(FMSetModeOfProgramTest.java:24)
	at sun.reflect.NativeConstructorAccessorImpl.newInstance0(Native Method)
	at sun.reflect.NativeConstructorAccessorImpl.newInstance(NativeConstructorAccessorImpl.java:62)
	at sun.reflect.DelegatingConstructorAccessorImpl.newInstance(DelegatingConstructorAccessorImpl.java:45)
	at java.lang.reflect.Constructor.newInstance(Constructor.java:423)
	at org.junit.runners.BlockJUnit4ClassRunner.createTest(BlockJUnit4ClassRunner.java:217)
	at org.junit.runners.BlockJUnit4ClassRunner$1.runReflectiveCall(BlockJUnit4ClassRunner.java:266)
	at org.junit.internal.runners.model.ReflectiveCallable.run(ReflectiveCallable.java:12)
	at org.junit.runners.BlockJUnit4ClassRunner.methodBlock(BlockJUnit4ClassRunner.java:263)
	at org.junit.runners.BlockJUnit4ClassRunner.runChild(BlockJUnit4ClassRunner.java:78)
	at org.junit.runners.BlockJUnit4ClassRunner.runChild(BlockJUnit4ClassRunner.java:57)
	at org.junit.runners.ParentRunner$3.run(ParentRunner.java:290)
	at org.junit.runners.ParentRunner$1.schedule(ParentRunner.java:71)
	at org.junit.runners.ParentRunner.runChildren(ParentRunner.java:288)
	at org.junit.runners.ParentRunner.access$000(ParentRunner.java:58)
	at org.junit.runners.ParentRunner$2.evaluate(ParentRunner.java:268)
	at org.junit.runners.ParentRunner.run(ParentRunner.java:363)
	at org.apache.maven.surefire.junit4.JUnit4Provider.execute(JUnit4Provider.java:252)
	at org.apache.maven.surefire.junit4.JUnit4Provider.executeTestSet(JUnit4Provider.java:141)
	at org.apache.maven.surefire.junit4.JUnit4Provider.invoke(JUnit4Provider.java:112)
	at sun.reflect.NativeMethodAccessorImpl.invoke0(Native Method)
	at sun.reflect.NativeMethodAccessorImpl.invoke(NativeMethodAccessorImpl.java:62)
	at sun.reflect.DelegatingMethodAccessorImpl.invoke(DelegatingMethodAccessorImpl.java:43)
	at java.lang.reflect.Method.invoke(Method.java:498)
	at org.apache.maven.surefire.util.ReflectionUtils.invokeMethodWithArray(ReflectionUtils.java:189)
	at org.apache.maven.surefire.booter.ProviderFactory$ProviderProxy.invoke(ProviderFactory.java:165)
	at org.apache.maven.surefire.booter.ProviderFactory.invokeProvider(ProviderFactory.java:85)
	at org.apache.maven.surefire.booter.ForkedBooter.runSuitesInProcess(ForkedBooter.java:115)
	at org.apache.maven.surefire.booter.ForkedBooter.main(ForkedBooter.java:75)
</error>
    <system-err>Oct 10, 2017 5:06:44 PM org.springframework.context.support.ClassPathXmlApplicationContext prepareRefresh
INFO: Refreshing org.springframework.context.support.ClassPathXmlApplicationContext@57ea9da1: startup date [Tue Oct 10 17:06:44 EDT 2017]; root of context hierarchy
Oct 10, 2017 5:06:44 PM org.springframework.beans.factory.xml.XmlBeanDefinitionReader loadBeanDefinitions
INFO: Loading XML bean definitions from class path resource [applicationContext.xml]
Oct 10, 2017 5:06:44 PM org.springframework.context.support.ClassPathXmlApplicationContext prepareRefresh
INFO: Refreshing org.springframework.context.support.ClassPathXmlApplicationContext@691ed4f2: startup date [Tue Oct 10 17:06:44 EDT 2017]; root of context hierarchy
Oct 10, 2017 5:06:44 PM org.springframework.beans.factory.xml.XmlBeanDefinitionReader loadBeanDefinitions
INFO: Loading XML bean definitions from class path resource [applicationContext.xml]
Oct 10, 2017 5:06:44 PM org.springframework.context.support.ClassPathXmlApplicationContext prepareRefresh
INFO: Refreshing org.springframework.context.support.ClassPathXmlApplicationContext@466125d2: startup date [Tue Oct 10 17:06:44 EDT 2017]; root of context hierarchy
Oct 10, 2017 5:06:44 PM org.springframework.beans.factory.xml.XmlBeanDefinitionReader loadBeanDefinitions
INFO: Loading XML bean definitions from class path resource [applicationContext.xml]
Oct 10, 2017 5:06:44 PM org.springframework.context.support.ClassPathXmlApplicationContext prepareRefresh
INFO: Refreshing org.springframework.context.support.ClassPathXmlApplicationContext@25c74138: startup date [Tue Oct 10 17:06:44 EDT 2017]; root of context hierarchy
Oct 10, 2017 5:06:44 PM org.springframework.beans.factory.xml.XmlBeanDefinitionReader loadBeanDefinitions
INFO: Loading XML bean definitions from class path resource [applicationContext.xml]
Oct 10, 2017 5:06:44 PM org.springframework.context.support.ClassPathXmlApplicationContext prepareRefresh
INFO: Refreshing org.springframework.context.support.ClassPathXmlApplicationContext@8745deb: startup date [Tue Oct 10 17:06:44 EDT 2017]; root of context hierarchy
Oct 10, 2017 5:06:44 PM org.springframework.beans.factory.xml.XmlBeanDefinitionReader loadBeanDefinitions
INFO: Loading XML bean definitions from class path resource [applicationContext.xml]
Oct 10, 2017 5:06:44 PM org.springframework.context.support.ClassPathXmlApplicationContext prepareRefresh
INFO: Refreshing org.springframework.context.support.ClassPathXmlApplicationContext@3bae80c9: startup date [Tue Oct 10 17:06:44 EDT 2017]; root of context hierarchy
Oct 10, 2017 5:06:44 PM org.springframework.beans.factory.xml.XmlBeanDefinitionReader loadBeanDefinitions
INFO: Loading XML bean definitions from class path resource [applicationContext.xml]
Oct 10, 2017 5:06:44 PM org.springframework.context.support.ClassPathXmlApplicationContext prepareRefresh
INFO: Refreshing org.springframework.context.support.ClassPathXmlApplicationContext@66facf18: startup date [Tue Oct 10 17:06:44 EDT 2017]; root of context hierarchy
Oct 10, 2017 5:06:44 PM org.springframework.beans.factory.xml.XmlBeanDefinitionReader loadBeanDefinitions
INFO: Loading XML bean definitions from class path resource [applicationContext.xml]
Oct 10, 2017 5:06:44 PM org.springframework.context.support.ClassPathXmlApplicationContext prepareRefresh
INFO: Refreshing org.springframework.context.support.ClassPathXmlApplicationContext@78b78832: startup date [Tue Oct 10 17:06:44 EDT 2017]; root of context hierarchy
Oct 10, 2017 5:06:44 PM org.springframework.beans.factory.xml.XmlBeanDefinitionReader loadBeanDefinitions
INFO: Loading XML bean definitions from class path resource [applicationContext.xml]
Oct 10, 2017 5:06:44 PM org.springframework.context.support.ClassPathXmlApplicationContext prepareRefresh
INFO: Refreshing org.springframework.context.support.ClassPathXmlApplicationContext@1bf6393b: startup date [Tue Oct 10 17:06:44 EDT 2017]; root of context hierarchy
Oct 10, 2017 5:06:44 PM org.springframework.beans.factory.xml.XmlBeanDefinitionReader loadBeanDefinitions
INFO: Loading XML bean definitions from class path resource [applicationContext.xml]
Oct 10, 2017 5:06:44 PM org.springframework.context.support.ClassPathXmlApplicationContext prepareRefresh
INFO: Refreshing org.springframework.context.support.ClassPathXmlApplicationContext@745094cf: startup date [Tue Oct 10 17:06:44 EDT 2017]; root of context hierarchy
Oct 10, 2017 5:06:44 PM org.springframework.beans.factory.xml.XmlBeanDefinitionReader loadBeanDefinitions
INFO: Loading XML bean definitions from class path resource [applicationContext.xml]
Oct 10, 2017 5:06:44 PM org.springframework.context.support.ClassPathXmlApplicationContext prepareRefresh
INFO: Refreshing org.springframework.context.support.ClassPathXmlApplicationContext@42d3f525: startup date [Tue Oct 10 17:06:44 EDT 2017]; root of context hierarchy
Oct 10, 2017 5:06:44 PM org.springframework.beans.factory.xml.XmlBeanDefinitionReader loadBeanDefinitions
INFO: Loading XML bean definitions from class path resource [applicationContext.xml]
Oct 10, 2017 5:06:44 PM org.springframework.context.support.ClassPathXmlApplicationContext prepareRefresh
INFO: Refreshing org.springframework.context.support.ClassPathXmlApplicationContext@31119581: startup date [Tue Oct 10 17:06:44 EDT 2017]; root of context hierarchy
Oct 10, 2017 5:06:44 PM org.springframework.beans.factory.xml.XmlBeanDefinitionReader loadBeanDefinitions
INFO: Loading XML bean definitions from class path resource [applicationContext.xml]
Oct 10, 2017 5:06:44 PM org.springframework.context.support.ClassPathXmlApplicationContext prepareRefresh
INFO: Refreshing org.springframework.context.support.ClassPathXmlApplicationContext@5ffc2042: startup date [Tue Oct 10 17:06:44 EDT 2017]; root of context hierarchy
Oct 10, 2017 5:06:44 PM org.springframework.beans.factory.xml.XmlBeanDefinitionReader loadBeanDefinitions
INFO: Loading XML bean definitions from class path resource [applicationContext.xml]
Oct 10, 2017 5:06:44 PM org.springframework.context.support.ClassPathXmlApplicationContext prepareRefresh
INFO: Refreshing org.springframework.context.support.ClassPathXmlApplicationContext@2b7a026f: startup date [Tue Oct 10 17:06:44 EDT 2017]; root of context hierarchy
Oct 10, 2017 5:06:44 PM org.springframework.beans.factory.xml.XmlBeanDefinitionReader loadBeanDefinitions
INFO: Loading XML bean definitions from class path resource [applicationContext.xml]
Oct 10, 2017 5:06:44 PM org.springframework.context.support.ClassPathXmlApplicationContext prepareRefresh
INFO: Refreshing org.springframework.context.support.ClassPathXmlApplicationContext@1228db37: startup date [Tue Oct 10 17:06:44 EDT 2017]; root of context hierarchy
Oct 10, 2017 5:06:44 PM org.springframework.beans.factory.xml.XmlBeanDefinitionReader loadBeanDefinitions
INFO: Loading XML bean definitions from class path resource [applicationContext.xml]
Oct 10, 2017 5:06:44 PM org.springframework.context.support.ClassPathXmlApplicationContext prepareRefresh
INFO: Refreshing org.springframework.context.support.ClassPathXmlApplicationContext@3ed2575a: startup date [Tue Oct 10 17:06:44 EDT 2017]; root of context hierarchy
Oct 10, 2017 5:06:44 PM org.springframework.beans.factory.xml.XmlBeanDefinitionReader loadBeanDefinitions
INFO: Loading XML bean definitions from class path resource [applicationContext.xml]
Oct 10, 2017 5:06:44 PM org.springframework.context.support.ClassPathXmlApplicationContext prepareRefresh
INFO: Refreshing org.springframework.context.support.ClassPathXmlApplicationContext@e3d4b18: startup date [Tue Oct 10 17:06:44 EDT 2017]; root of context hierarchy
Oct 10, 2017 5:06:44 PM org.springframework.beans.factory.xml.XmlBeanDefinitionReader loadBeanDefinitions
INFO: Loading XML bean definitions from class path resource [applicationContext.xml]
Oct 10, 2017 5:06:44 PM org.springframework.context.support.ClassPathXmlApplicationContext prepareRefresh
INFO: Refreshing org.springframework.context.support.ClassPathXmlApplicationContext@3955fee4: startup date [Tue Oct 10 17:06:44 EDT 2017]; root of context hierarchy
Oct 10, 2017 5:06:44 PM org.springframework.beans.factory.xml.XmlBeanDefinitionReader loadBeanDefinitions
INFO: Loading XML bean definitions from class path resource [applicationContext.xml]
Oct 10, 2017 5:06:44 PM org.springframework.context.support.ClassPathXmlApplicationContext prepareRefresh
INFO: Refreshing org.springframework.context.support.ClassPathXmlApplicationContext@34229c55: startup date [Tue Oct 10 17:06:44 EDT 2017]; root of context hierarchy
Oct 10, 2017 5:06:44 PM org.springframework.beans.factory.xml.XmlBeanDefinitionReader loadBeanDefinitions
INFO: Loading XML bean definitions from class path resource [applicationContext.xml]
Oct 10, 2017 5:06:44 PM org.springframework.context.support.ClassPathXmlApplicationContext prepareRefresh
INFO: Refreshing org.springframework.context.support.ClassPathXmlApplicationContext@3921e00: startup date [Tue Oct 10 17:06:44 EDT 2017]; root of context hierarchy
Oct 10, 2017 5:06:44 PM org.springframework.beans.factory.xml.XmlBeanDefinitionReader loadBeanDefinitions
INFO: Loading XML bean definitions from class path resource [applicationContext.xml]
Oct 10, 2017 5:06:44 PM org.springframework.context.support.ClassPathXmlApplicationContext prepareRefresh
INFO: Refreshing org.springframework.context.support.ClassPathXmlApplicationContext@556ef384: startup date [Tue Oct 10 17:06:44 EDT 2017]; root of context hierarchy
Oct 10, 2017 5:06:44 PM org.springframework.beans.factory.xml.XmlBeanDefinitionReader loadBeanDefinitions
INFO: Loading XML bean definitions from class path resource [applicationContext.xml]
Oct 10, 2017 5:06:44 PM org.springframework.context.support.ClassPathXmlApplicationContext prepareRefresh
INFO: Refreshing org.springframework.context.support.ClassPathXmlApplicationContext@5cf276b1: startup date [Tue Oct 10 17:06:44 EDT 2017]; root of context hierarchy
Oct 10, 2017 5:06:44 PM org.springframework.beans.factory.xml.XmlBeanDefinitionReader loadBeanDefinitions
INFO: Loading XML bean definitions from class path resource [applicationContext.xml]
Oct 10, 2017 5:06:44 PM org.springframework.context.support.ClassPathXmlApplicationContext prepareRefresh
INFO: Refreshing org.springframework.context.support.ClassPathXmlApplicationContext@1ee077e2: startup date [Tue Oct 10 17:06:44 EDT 2017]; root of context hierarchy
Oct 10, 2017 5:06:44 PM org.springframework.beans.factory.xml.XmlBeanDefinitionReader loadBeanDefinitions
INFO: Loading XML bean definitions from class path resource [applicationContext.xml]
Oct 10, 2017 5:06:44 PM org.springframework.context.support.ClassPathXmlApplicationContext prepareRefresh
INFO: Refreshing org.springframework.context.support.ClassPathXmlApplicationContext@20f9a4d: startup date [Tue Oct 10 17:06:44 EDT 2017]; root of context hierarchy
Oct 10, 2017 5:06:44 PM org.springframework.beans.factory.xml.XmlBeanDefinitionReader loadBeanDefinitions
INFO: Loading XML bean definitions from class path resource [applicationContext.xml]
Oct 10, 2017 5:06:44 PM org.springframework.context.support.ClassPathXmlApplicationContext prepareRefresh
INFO: Refreshing org.springframework.context.support.ClassPathXmlApplicationContext@4bd0433e: startup date [Tue Oct 10 17:06:44 EDT 2017]; root of context hierarchy
Oct 10, 2017 5:06:44 PM org.springframework.beans.factory.xml.XmlBeanDefinitionReader loadBeanDefinitions
INFO: Loading XML bean definitions from class path resource [applicationContext.xml]
Oct 10, 2017 5:06:44 PM org.springframework.context.support.ClassPathXmlApplicationContext prepareRefresh
INFO: Refreshing org.springframework.context.support.ClassPathXmlApplicationContext@2ea9d962: startup date [Tue Oct 10 17:06:44 EDT 2017]; root of context hierarchy
Oct 10, 2017 5:06:44 PM org.springframework.beans.factory.xml.XmlBeanDefinitionReader loadBeanDefinitions
INFO: Loading XML bean definitions from class path resource [applicationContext.xml]
Oct 10, 2017 5:06:44 PM org.springframework.context.support.ClassPathXmlApplicationContext prepareRefresh
INFO: Refreshing org.springframework.context.support.ClassPathXmlApplicationContext@7b966173: startup date [Tue Oct 10 17:06:44 EDT 2017]; root of context hierarchy
Oct 10, 2017 5:06:44 PM org.springframework.beans.factory.xml.XmlBeanDefinitionReader loadBeanDefinitions
INFO: Loading XML bean definitions from class path resource [applicationContext.xml]
Oct 10, 2017 5:06:44 PM org.springframework.context.support.ClassPathXmlApplicationContext prepareRefresh
INFO: Refreshing org.springframework.context.support.ClassPathXmlApplicationContext@5c8aa37b: startup date [Tue Oct 10 17:06:44 EDT 2017]; root of context hierarchy
Oct 10, 2017 5:06:44 PM org.springframework.beans.factory.xml.XmlBeanDefinitionReader loadBeanDefinitions
INFO: Loading XML bean definitions from class path resource [applicationContext.xml]
Oct 10, 2017 5:06:44 PM org.springframework.context.support.ClassPathXmlApplicationContext prepareRefresh
INFO: Refreshing org.springframework.context.support.ClassPathXmlApplicationContext@342cfd7a: startup date [Tue Oct 10 17:06:44 EDT 2017]; root of context hierarchy
Oct 10, 2017 5:06:44 PM org.springframework.beans.factory.xml.XmlBeanDefinitionReader loadBeanDefinitions
INFO: Loading XML bean definitions from class path resource [applicationContext.xml]
Oct 10, 2017 5:06:45 PM org.springframework.context.support.ClassPathXmlApplicationContext prepareRefresh
INFO: Refreshing org.springframework.context.support.ClassPathXmlApplicationContext@1a53c05: startup date [Tue Oct 10 17:06:45 EDT 2017]; root of context hierarchy
Oct 10, 2017 5:06:45 PM org.springframework.beans.factory.xml.XmlBeanDefinitionReader loadBeanDefinitions
INFO: Loading XML bean definitions from class path resource [applicationContext.xml]
Oct 10, 2017 5:06:45 PM org.springframework.context.support.ClassPathXmlApplicationContext prepareRefresh
INFO: Refreshing org.springframework.context.support.ClassPathXmlApplicationContext@651d4276: startup date [Tue Oct 10 17:06:45 EDT 2017]; root of context hierarchy
Oct 10, 2017 5:06:45 PM org.springframework.beans.factory.xml.XmlBeanDefinitionReader loadBeanDefinitions
INFO: Loading XML bean definitions from class path resource [applicationContext.xml]
Oct 10, 2017 5:06:45 PM org.springframework.context.support.ClassPathXmlApplicationContext prepareRefresh
INFO: Refreshing org.springframework.context.support.ClassPathXmlApplicationContext@20cec8bf: startup date [Tue Oct 10 17:06:45 EDT 2017]; root of context hierarchy
Oct 10, 2017 5:06:45 PM org.springframework.beans.factory.xml.XmlBeanDefinitionReader loadBeanDefinitions
INFO: Loading XML bean definitions from class path resource [applicationContext.xml]
Oct 10, 2017 5:06:45 PM org.springframework.context.support.ClassPathXmlApplicationContext prepareRefresh
INFO: Refreshing org.springframework.context.support.ClassPathXmlApplicationContext@19532935: startup date [Tue Oct 10 17:06:45 EDT 2017]; root of context hierarchy
Oct 10, 2017 5:06:45 PM org.springframework.beans.factory.xml.XmlBeanDefinitionReader loadBeanDefinitions
INFO: Loading XML bean definitions from class path resource [applicationContext.xml]
Oct 10, 2017 5:06:45 PM org.springframework.context.support.ClassPathXmlApplicationContext prepareRefresh
INFO: Refreshing org.springframework.context.support.ClassPathXmlApplicationContext@51de2a47: startup date [Tue Oct 10 17:06:45 EDT 2017]; root of context hierarchy
Oct 10, 2017 5:06:45 PM org.springframework.beans.factory.xml.XmlBeanDefinitionReader loadBeanDefinitions
INFO: Loading XML bean definitions from class path resource [applicationContext.xml]
Oct 10, 2017 5:06:45 PM org.springframework.context.support.ClassPathXmlApplicationContext prepareRefresh
INFO: Refreshing org.springframework.context.support.ClassPathXmlApplicationContext@62497367: startup date [Tue Oct 10 17:06:45 EDT 2017]; root of context hierarchy
Oct 10, 2017 5:06:45 PM org.springframework.beans.factory.xml.XmlBeanDefinitionReader loadBeanDefinitions
INFO: Loading XML bean definitions from class path resource [applicationContext.xml]
Oct 10, 2017 5:06:45 PM org.springframework.context.support.ClassPathXmlApplicationContext prepareRefresh
INFO: Refreshing org.springframework.context.support.ClassPathXmlApplicationContext@7c91436: startup date [Tue Oct 10 17:06:45 EDT 2017]; root of context hierarchy
Oct 10, 2017 5:06:45 PM org.springframework.beans.factory.xml.XmlBeanDefinitionReader loadBeanDefinitions
INFO: Loading XML bean definitions from class path resource [applicationContext.xml]
Oct 10, 2017 5:06:45 PM org.springframework.context.support.ClassPathXmlApplicationContext prepareRefresh
INFO: Refreshing org.springframework.context.support.ClassPathXmlApplicationContext@7b4627fb: startup date [Tue Oct 10 17:06:45 EDT 2017]; root of context hierarchy
Oct 10, 2017 5:06:45 PM org.springframework.beans.factory.xml.XmlBeanDefinitionReader loadBeanDefinitions
INFO: Loading XML bean definitions from class path resource [applicationContext.xml]
Oct 10, 2017 5:06:45 PM org.springframework.context.support.ClassPathXmlApplicationContext prepareRefresh
INFO: Refreshing org.springframework.context.support.ClassPathXmlApplicationContext@5bab0057: startup date [Tue Oct 10 17:06:45 EDT 2017]; root of context hierarchy
Oct 10, 2017 5:06:45 PM org.springframework.beans.factory.xml.XmlBeanDefinitionReader loadBeanDefinitions
INFO: Loading XML bean definitions from class path resource [applicationContext.xml]
Oct 10, 2017 5:06:45 PM org.springframework.context.support.ClassPathXmlApplicationContext prepareRefresh
INFO: Refreshing org.springframework.context.support.ClassPathXmlApplicationContext@5cf27c85: startup date [Tue Oct 10 17:06:45 EDT 2017]; root of context hierarchy
Oct 10, 2017 5:06:45 PM org.springframework.beans.factory.xml.XmlBeanDefinitionReader loadBeanDefinitions
INFO: Loading XML bean definitions from class path resource [applicationContext.xml]
Oct 10, 2017 5:06:45 PM org.springframework.context.support.ClassPathXmlApplicationContext prepareRefresh
INFO: Refreshing org.springframework.context.support.ClassPathXmlApplicationContext@179ade09: startup date [Tue Oct 10 17:06:45 EDT 2017]; root of context hierarchy
Oct 10, 2017 5:06:45 PM org.springframework.beans.factory.xml.XmlBeanDefinitionReader loadBeanDefinitions
INFO: Loading XML bean definitions from class path resource [applicationContext.xml]
Oct 10, 2017 5:06:45 PM org.springframework.context.support.ClassPathXmlApplicationContext prepareRefresh
INFO: Refreshing org.springframework.context.support.ClassPathXmlApplicationContext@7f2b828f: startup date [Tue Oct 10 17:06:45 EDT 2017]; root of context hierarchy
Oct 10, 2017 5:06:45 PM org.springframework.beans.factory.xml.XmlBeanDefinitionReader loadBeanDefinitions
INFO: Loading XML bean definitions from class path resource [applicationContext.xml]
Oct 10, 2017 5:06:45 PM org.springframework.context.support.ClassPathXmlApplicationContext prepareRefresh
INFO: Refreshing org.springframework.context.support.ClassPathXmlApplicationContext@3d8d247d: startup date [Tue Oct 10 17:06:45 EDT 2017]; root of context hierarchy
Oct 10, 2017 5:06:45 PM org.springframework.beans.factory.xml.XmlBeanDefinitionReader loadBeanDefinitions
INFO: Loading XML bean definitions from class path resource [applicationContext.xml]
Oct 10, 2017 5:06:45 PM org.springframework.context.support.ClassPathXmlApplicationContext prepareRefresh
INFO: Refreshing org.springframework.context.support.ClassPathXmlApplicationContext@55ed5774: startup date [Tue Oct 10 17:06:45 EDT 2017]; root of context hierarchy
Oct 10, 2017 5:06:45 PM org.springframework.beans.factory.xml.XmlBeanDefinitionReader loadBeanDefinitions
INFO: Loading XML bean definitions from class path resource [applicationContext.xml]
Oct 10, 2017 5:06:45 PM org.springframework.context.support.ClassPathXmlApplicationContext prepareRefresh
INFO: Refreshing org.springframework.context.support.ClassPathXmlApplicationContext@f16b1ef: startup date [Tue Oct 10 17:06:45 EDT 2017]; root of context hierarchy
Oct 10, 2017 5:06:45 PM org.springframework.beans.factory.xml.XmlBeanDefinitionReader loadBeanDefinitions
INFO: Loading XML bean definitions from class path resource [applicationContext.xml]
Oct 10, 2017 5:06:45 PM org.springframework.context.support.ClassPathXmlApplicationContext prepareRefresh
INFO: Refreshing org.springframework.context.support.ClassPathXmlApplicationContext@12f37b1d: startup date [Tue Oct 10 17:06:45 EDT 2017]; root of context hierarchy
Oct 10, 2017 5:06:45 PM org.springframework.beans.factory.xml.XmlBeanDefinitionReader loadBeanDefinitions
INFO: Loading XML bean definitions from class path resource [applicationContext.xml]
Oct 10, 2017 5:06:45 PM org.springframework.context.support.ClassPathXmlApplicationContext prepareRefresh
INFO: Refreshing org.springframework.context.support.ClassPathXmlApplicationContext@7f8b0d4d: startup date [Tue Oct 10 17:06:45 EDT 2017]; root of context hierarchy
Oct 10, 2017 5:06:45 PM org.springframework.beans.factory.xml.XmlBeanDefinitionReader loadBeanDefinitions
INFO: Loading XML bean definitions from class path resource [applicationContext.xml]
Oct 10, 2017 5:06:45 PM org.springframework.context.support.ClassPathXmlApplicationContext prepareRefresh
INFO: Refreshing org.springframework.context.support.ClassPathXmlApplicationContext@3b1cf5b: startup date [Tue Oct 10 17:06:45 EDT 2017]; root of context hierarchy
Oct 10, 2017 5:06:45 PM org.springframework.beans.factory.xml.XmlBeanDefinitionReader loadBeanDefinitions
INFO: Loading XML bean definitions from class path resource [applicationContext.xml]
Oct 10, 2017 5:06:45 PM org.springframework.context.support.ClassPathXmlApplicationContext prepareRefresh
INFO: Refreshing org.springframework.context.support.ClassPathXmlApplicationContext@4be26769: startup date [Tue Oct 10 17:06:45 EDT 2017]; root of context hierarchy
Oct 10, 2017 5:06:45 PM org.springframework.beans.factory.xml.XmlBeanDefinitionReader loadBeanDefinitions
INFO: Loading XML bean definitions from class path resource [applicationContext.xml]
Oct 10, 2017 5:06:45 PM org.springframework.context.support.ClassPathXmlApplicationContext prepareRefresh
INFO: Refreshing org.springframework.context.support.ClassPathXmlApplicationContext@4e61cb49: startup date [Tue Oct 10 17:06:45 EDT 2017]; root of context hierarchy
Oct 10, 2017 5:06:45 PM org.springframework.beans.factory.xml.XmlBeanDefinitionReader loadBeanDefinitions
INFO: Loading XML bean definitions from class path resource [applicationContext.xml]
Oct 10, 2017 5:06:45 PM org.springframework.context.support.ClassPathXmlApplicationContext prepareRefresh
INFO: Refreshing org.springframework.context.support.ClassPathXmlApplicationContext@7821652d: startup date [Tue Oct 10 17:06:45 EDT 2017]; root of context hierarchy
Oct 10, 2017 5:06:45 PM org.springframework.beans.factory.xml.XmlBeanDefinitionReader loadBeanDefinitions
INFO: Loading XML bean definitions from class path resource [applicationContext.xml]
Oct 10, 2017 5:06:45 PM org.springframework.context.support.ClassPathXmlApplicationContext prepareRefresh
INFO: Refreshing org.springframework.context.support.ClassPathXmlApplicationContext@255a18c7: startup date [Tue Oct 10 17:06:45 EDT 2017]; root of context hierarchy
Oct 10, 2017 5:06:45 PM org.springframework.beans.factory.xml.XmlBeanDefinitionReader loadBeanDefinitions
INFO: Loading XML bean definitions from class path resource [applicationContext.xml]
Oct 10, 2017 5:06:45 PM org.springframework.context.support.ClassPathXmlApplicationContext prepareRefresh
INFO: Refreshing org.springframework.context.support.ClassPathXmlApplicationContext@4e2f6f8f: startup date [Tue Oct 10 17:06:45 EDT 2017]; root of context hierarchy
Oct 10, 2017 5:06:45 PM org.springframework.beans.factory.xml.XmlBeanDefinitionReader loadBeanDefinitions
INFO: Loading XML bean definitions from class path resource [applicationContext.xml]
Oct 10, 2017 5:06:45 PM org.springframework.context.support.ClassPathXmlApplicationContext prepareRefresh
INFO: Refreshing org.springframework.context.support.ClassPathXmlApplicationContext@20eb3d72: startup date [Tue Oct 10 17:06:45 EDT 2017]; root of context hierarchy
Oct 10, 2017 5:06:45 PM org.springframework.beans.factory.xml.XmlBeanDefinitionReader loadBeanDefinitions
INFO: Loading XML bean definitions from class path resource [applicationContext.xml]
Oct 10, 2017 5:06:45 PM org.springframework.context.support.ClassPathXmlApplicationContext prepareRefresh
INFO: Refreshing org.springframework.context.support.ClassPathXmlApplicationContext@5dd4a31d: startup date [Tue Oct 10 17:06:45 EDT 2017]; root of context hierarchy
Oct 10, 2017 5:06:45 PM org.springframework.beans.factory.xml.XmlBeanDefinitionReader loadBeanDefinitions
INFO: Loading XML bean definitions from class path resource [applicationContext.xml]
Oct 10, 2017 5:06:45 PM org.springframework.context.support.ClassPathXmlApplicationContext prepareRefresh
INFO: Refreshing org.springframework.context.support.ClassPathXmlApplicationContext@6242d418: startup date [Tue Oct 10 17:06:45 EDT 2017]; root of context hierarchy
Oct 10, 2017 5:06:45 PM org.springframework.beans.factory.xml.XmlBeanDefinitionReader loadBeanDefinitions
INFO: Loading XML bean definitions from class path resource [applicationContext.xml]
Oct 10, 2017 5:06:45 PM org.springframework.context.support.ClassPathXmlApplicationContext prepareRefresh
INFO: Refreshing org.springframework.context.support.ClassPathXmlApplicationContext@50a916a6: startup date [Tue Oct 10 17:06:45 EDT 2017]; root of context hierarchy
Oct 10, 2017 5:06:45 PM org.springframework.beans.factory.xml.XmlBeanDefinitionReader loadBeanDefinitions
INFO: Loading XML bean definitions from class path resource [applicationContext.xml]
Oct 10, 2017 5:06:45 PM org.springframework.context.support.ClassPathXmlApplicationContext prepareRefresh
INFO: Refreshing org.springframework.context.support.ClassPathXmlApplicationContext@66705287: startup date [Tue Oct 10 17:06:45 EDT 2017]; root of context hierarchy
Oct 10, 2017 5:06:45 PM org.springframework.beans.factory.xml.XmlBeanDefinitionReader loadBeanDefinitions
INFO: Loading XML bean definitions from class path resource [applicationContext.xml]
Oct 10, 2017 5:06:45 PM org.springframework.context.support.ClassPathXmlApplicationContext prepareRefresh
INFO: Refreshing org.springframework.context.support.ClassPathXmlApplicationContext@1b23613b: startup date [Tue Oct 10 17:06:45 EDT 2017]; root of context hierarchy
Oct 10, 2017 5:06:45 PM org.springframework.beans.factory.xml.XmlBeanDefinitionReader loadBeanDefinitions
INFO: Loading XML bean definitions from class path resource [applicationContext.xml]
Oct 10, 2017 5:06:45 PM org.springframework.context.support.ClassPathXmlApplicationContext prepareRefresh
INFO: Refreshing org.springframework.context.support.ClassPathXmlApplicationContext@10d795a8: startup date [Tue Oct 10 17:06:45 EDT 2017]; root of context hierarchy
Oct 10, 2017 5:06:45 PM org.springframework.beans.factory.xml.XmlBeanDefinitionReader loadBeanDefinitions
INFO: Loading XML bean definitions from class path resource [applicationContext.xml]
Oct 10, 2017 5:06:45 PM org.springframework.context.support.ClassPathXmlApplicationContext prepareRefresh
INFO: Refreshing org.springframework.context.support.ClassPathXmlApplicationContext@6ce49a36: startup date [Tue Oct 10 17:06:45 EDT 2017]; root of context hierarchy
Oct 10, 2017 5:06:45 PM org.springframework.beans.factory.xml.XmlBeanDefinitionReader loadBeanDefinitions
INFO: Loading XML bean definitions from class path resource [applicationContext.xml]
Oct 10, 2017 5:06:45 PM org.springframework.context.support.ClassPathXmlApplicationContext prepareRefresh
INFO: Refreshing org.springframework.context.support.ClassPathXmlApplicationContext@eeb8637: startup date [Tue Oct 10 17:06:45 EDT 2017]; root of context hierarchy
Oct 10, 2017 5:06:45 PM org.springframework.beans.factory.xml.XmlBeanDefinitionReader loadBeanDefinitions
INFO: Loading XML bean definitions from class path resource [applicationContext.xml]
Oct 10, 2017 5:06:45 PM org.springframework.context.support.ClassPathXmlApplicationContext prepareRefresh
INFO: Refreshing org.springframework.context.support.ClassPathXmlApplicationContext@26f2d666: startup date [Tue Oct 10 17:06:45 EDT 2017]; root of context hierarchy
Oct 10, 2017 5:06:45 PM org.springframework.beans.factory.xml.XmlBeanDefinitionReader loadBeanDefinitions
INFO: Loading XML bean definitions from class path resource [applicationContext.xml]
Oct 10, 2017 5:06:45 PM org.springframework.context.support.ClassPathXmlApplicationContext prepareRefresh
INFO: Refreshing org.springframework.context.support.ClassPathXmlApplicationContext@67a0931b: startup date [Tue Oct 10 17:06:45 EDT 2017]; root of context hierarchy
Oct 10, 2017 5:06:45 PM org.springframework.beans.factory.xml.XmlBeanDefinitionReader loadBeanDefinitions
INFO: Loading XML bean definitions from class path resource [applicationContext.xml]
Oct 10, 2017 5:06:45 PM org.springframework.context.support.ClassPathXmlApplicationContext prepareRefresh
INFO: Refreshing org.springframework.context.support.ClassPathXmlApplicationContext@38749aa7: startup date [Tue Oct 10 17:06:45 EDT 2017]; root of context hierarchy
Oct 10, 2017 5:06:45 PM org.springframework.beans.factory.xml.XmlBeanDefinitionReader loadBeanDefinitions
INFO: Loading XML bean definitions from class path resource [applicationContext.xml]
Oct 10, 2017 5:06:45 PM org.springframework.context.support.ClassPathXmlApplicationContext prepareRefresh
INFO: Refreshing org.springframework.context.support.ClassPathXmlApplicationContext@438e6d20: startup date [Tue Oct 10 17:06:45 EDT 2017]; root of context hierarchy
Oct 10, 2017 5:06:45 PM org.springframework.beans.factory.xml.XmlBeanDefinitionReader loadBeanDefinitions
INFO: Loading XML bean definitions from class path resource [applicationContext.xml]
Oct 10, 2017 5:06:45 PM org.springframework.context.support.ClassPathXmlApplicationContext prepareRefresh
INFO: Refreshing org.springframework.context.support.ClassPathXmlApplicationContext@7c0ae82b: startup date [Tue Oct 10 17:06:45 EDT 2017]; root of context hierarchy
Oct 10, 2017 5:06:45 PM org.springframework.beans.factory.xml.XmlBeanDefinitionReader loadBeanDefinitions
INFO: Loading XML bean definitions from class path resource [applicationContext.xml]
Oct 10, 2017 5:06:45 PM org.springframework.context.support.ClassPathXmlApplicationContext prepareRefresh
INFO: Refreshing org.springframework.context.support.ClassPathXmlApplicationContext@48965f40: startup date [Tue Oct 10 17:06:45 EDT 2017]; root of context hierarchy
Oct 10, 2017 5:06:45 PM org.springframework.beans.factory.xml.XmlBeanDefinitionReader loadBeanDefinitions
INFO: Loading XML bean definitions from class path resource [applicationContext.xml]
Oct 10, 2017 5:06:45 PM org.springframework.context.support.ClassPathXmlApplicationContext prepareRefresh
INFO: Refreshing org.springframework.context.support.ClassPathXmlApplicationContext@4b977ea0: startup date [Tue Oct 10 17:06:45 EDT 2017]; root of context hierarchy
Oct 10, 2017 5:06:45 PM org.springframework.beans.factory.xml.XmlBeanDefinitionReader loadBeanDefinitions
INFO: Loading XML bean definitions from class path resource [applicationContext.xml]
Oct 10, 2017 5:06:45 PM org.springframework.context.support.ClassPathXmlApplicationContext prepareRefresh
INFO: Refreshing org.springframework.context.support.ClassPathXmlApplicationContext@4ca74085: startup date [Tue Oct 10 17:06:45 EDT 2017]; root of context hierarchy
Oct 10, 2017 5:06:45 PM org.springframework.beans.factory.xml.XmlBeanDefinitionReader loadBeanDefinitions
INFO: Loading XML bean definitions from class path resource [applicationContext.xml]
Oct 10, 2017 5:06:45 PM org.springframework.context.support.ClassPathXmlApplicationContext prepareRefresh
INFO: Refreshing org.springframework.context.support.ClassPathXmlApplicationContext@64c19189: startup date [Tue Oct 10 17:06:45 EDT 2017]; root of context hierarchy
Oct 10, 2017 5:06:45 PM org.springframework.beans.factory.xml.XmlBeanDefinitionReader loadBeanDefinitions
INFO: Loading XML bean definitions from class path resource [applicationContext.xml]
Oct 10, 2017 5:06:45 PM org.springframework.context.support.ClassPathXmlApplicationContext prepareRefresh
INFO: Refreshing org.springframework.context.support.ClassPathXmlApplicationContext@5bf3fa1b: startup date [Tue Oct 10 17:06:45 EDT 2017]; root of context hierarchy
Oct 10, 2017 5:06:45 PM org.springframework.beans.factory.xml.XmlBeanDefinitionReader loadBeanDefinitions
INFO: Loading XML bean definitions from class path resource [applicationContext.xml]
Oct 10, 2017 5:06:45 PM org.springframework.context.support.ClassPathXmlApplicationContext prepareRefresh
INFO: Refreshing org.springframework.context.support.ClassPathXmlApplicationContext@4acd38d1: startup date [Tue Oct 10 17:06:45 EDT 2017]; root of context hierarchy
Oct 10, 2017 5:06:45 PM org.springframework.beans.factory.xml.XmlBeanDefinitionReader loadBeanDefinitions
INFO: Loading XML bean definitions from class path resource [applicationContext.xml]
Oct 10, 2017 5:06:45 PM org.springframework.context.support.ClassPathXmlApplicationContext prepareRefresh
INFO: Refreshing org.springframework.context.support.ClassPathXmlApplicationContext@12cc65a0: startup date [Tue Oct 10 17:06:45 EDT 2017]; root of context hierarchy
Oct 10, 2017 5:06:45 PM org.springframework.beans.factory.xml.XmlBeanDefinitionReader loadBeanDefinitions
INFO: Loading XML bean definitions from class path resource [applicationContext.xml]
Oct 10, 2017 5:06:45 PM org.springframework.context.support.ClassPathXmlApplicationContext prepareRefresh
INFO: Refreshing org.springframework.context.support.ClassPathXmlApplicationContext@457c4b6f: startup date [Tue Oct 10 17:06:45 EDT 2017]; root of context hierarchy
Oct 10, 2017 5:06:45 PM org.springframework.beans.factory.xml.XmlBeanDefinitionReader loadBeanDefinitions
INFO: Loading XML bean definitions from class path resource [applicationContext.xml]
Oct 10, 2017 5:06:45 PM org.springframework.context.support.ClassPathXmlApplicationContext prepareRefresh
INFO: Refreshing org.springframework.context.support.ClassPathXmlApplicationContext@cb48d85: startup date [Tue Oct 10 17:06:45 EDT 2017]; root of context hierarchy
Oct 10, 2017 5:06:45 PM org.springframework.beans.factory.xml.XmlBeanDefinitionReader loadBeanDefinitions
INFO: Loading XML bean definitions from class path resource [applicationContext.xml]
Oct 10, 2017 5:06:45 PM org.springframework.context.support.ClassPathXmlApplicationContext prepareRefresh
INFO: Refreshing org.springframework.context.support.ClassPathXmlApplicationContext@2225bfc1: startup date [Tue Oct 10 17:06:45 EDT 2017]; root of context hierarchy
Oct 10, 2017 5:06:45 PM org.springframework.beans.factory.xml.XmlBeanDefinitionReader loadBeanDefinitions
INFO: Loading XML bean definitions from class path resource [applicationContext.xml]
Oct 10, 2017 5:06:45 PM org.springframework.context.support.ClassPathXmlApplicationContext prepareRefresh
INFO: Refreshing org.springframework.context.support.ClassPathXmlApplicationContext@7c815cba: startup date [Tue Oct 10 17:06:45 EDT 2017]; root of context hierarchy
Oct 10, 2017 5:06:45 PM org.springframework.beans.factory.xml.XmlBeanDefinitionReader loadBeanDefinitions
INFO: Loading XML bean definitions from class path resource [applicationContext.xml]
Oct 10, 2017 5:06:45 PM org.springframework.context.support.ClassPathXmlApplicationContext prepareRefresh
INFO: Refreshing org.springframework.context.support.ClassPathXmlApplicationContext@51344d7d: startup date [Tue Oct 10 17:06:45 EDT 2017]; root of context hierarchy
Oct 10, 2017 5:06:45 PM org.springframework.beans.factory.xml.XmlBeanDefinitionReader loadBeanDefinitions
INFO: Loading XML bean definitions from class path resource [applicationContext.xml]
Oct 10, 2017 5:06:45 PM org.springframework.context.support.ClassPathXmlApplicationContext prepareRefresh
INFO: Refreshing org.springframework.context.support.ClassPathXmlApplicationContext@32f2c688: startup date [Tue Oct 10 17:06:45 EDT 2017]; root of context hierarchy
Oct 10, 2017 5:06:45 PM org.springframework.beans.factory.xml.XmlBeanDefinitionReader loadBeanDefinitions
INFO: Loading XML bean definitions from class path resource [applicationContext.xml]
Oct 10, 2017 5:06:45 PM org.springframework.context.support.ClassPathXmlApplicationContext prepareRefresh
INFO: Refreshing org.springframework.context.support.ClassPathXmlApplicationContext@6d155ae7: startup date [Tue Oct 10 17:06:45 EDT 2017]; root of context hierarchy
Oct 10, 2017 5:06:45 PM org.springframework.beans.factory.xml.XmlBeanDefinitionReader loadBeanDefinitions
INFO: Loading XML bean definitions from class path resource [applicationContext.xml]
Oct 10, 2017 5:06:45 PM org.springframework.context.support.ClassPathXmlApplicationContext prepareRefresh
INFO: Refreshing org.springframework.context.support.ClassPathXmlApplicationContext@7fe0e8ff: startup date [Tue Oct 10 17:06:45 EDT 2017]; root of context hierarchy
Oct 10, 2017 5:06:45 PM org.springframework.beans.factory.xml.XmlBeanDefinitionReader loadBeanDefinitions
INFO: Loading XML bean definitions from class path resource [applicationContext.xml]
Oct 10, 2017 5:06:45 PM org.springframework.context.support.ClassPathXmlApplicationContext prepareRefresh
INFO: Refreshing org.springframework.context.support.ClassPathXmlApplicationContext@3d05e372: startup date [Tue Oct 10 17:06:45 EDT 2017]; root of context hierarchy
Oct 10, 2017 5:06:45 PM org.springframework.beans.factory.xml.XmlBeanDefinitionReader loadBeanDefinitions
INFO: Loading XML bean definitions from class path resource [applicationContext.xml]
Oct 10, 2017 5:06:45 PM org.springframework.context.support.ClassPathXmlApplicationContext prepareRefresh
INFO: Refreshing org.springframework.context.support.ClassPathXmlApplicationContext@773a3dea: startup date [Tue Oct 10 17:06:45 EDT 2017]; root of context hierarchy
Oct 10, 2017 5:06:45 PM org.springframework.beans.factory.xml.XmlBeanDefinitionReader loadBeanDefinitions
INFO: Loading XML bean definitions from class path resource [applicationContext.xml]
Oct 10, 2017 5:06:45 PM org.springframework.context.support.ClassPathXmlApplicationContext prepareRefresh
INFO: Refreshing org.springframework.context.support.ClassPathXmlApplicationContext@329e104: startup date [Tue Oct 10 17:06:45 EDT 2017]; root of context hierarchy
Oct 10, 2017 5:06:45 PM org.springframework.beans.factory.xml.XmlBeanDefinitionReader loadBeanDefinitions
INFO: Loading XML bean definitions from class path resource [applicationContext.xml]
Oct 10, 2017 5:06:45 PM org.springframework.context.support.ClassPathXmlApplicationContext prepareRefresh
INFO: Refreshing org.springframework.context.support.ClassPathXmlApplicationContext@1b502ff8: startup date [Tue Oct 10 17:06:45 EDT 2017]; root of context hierarchy
Oct 10, 2017 5:06:45 PM org.springframework.beans.factory.xml.XmlBeanDefinitionReader loadBeanDefinitions
INFO: Loading XML bean definitions from class path resource [applicationContext.xml]
Oct 10, 2017 5:06:45 PM org.springframework.context.support.ClassPathXmlApplicationContext prepareRefresh
INFO: Refreshing org.springframework.context.support.ClassPathXmlApplicationContext@68ef1da4: startup date [Tue Oct 10 17:06:45 EDT 2017]; root of context hierarchy
Oct 10, 2017 5:06:45 PM org.springframework.beans.factory.xml.XmlBeanDefinitionReader loadBeanDefinitions
INFO: Loading XML bean definitions from class path resource [applicationContext.xml]
Oct 10, 2017 5:06:45 PM org.springframework.context.support.ClassPathXmlApplicationContext prepareRefresh
INFO: Refreshing org.springframework.context.support.ClassPathXmlApplicationContext@28fc3759: startup date [Tue Oct 10 17:06:45 EDT 2017]; root of context hierarchy
Oct 10, 2017 5:06:45 PM org.springframework.beans.factory.xml.XmlBeanDefinitionReader loadBeanDefinitions
INFO: Loading XML bean definitions from class path resource [applicationContext.xml]
Oct 10, 2017 5:06:45 PM org.springframework.context.support.ClassPathXmlApplicationContext prepareRefresh
INFO: Refreshing org.springframework.context.support.ClassPathXmlApplicationContext@64aeb3a9: startup date [Tue Oct 10 17:06:45 EDT 2017]; root of context hierarchy
Oct 10, 2017 5:06:45 PM org.springframework.beans.factory.xml.XmlBeanDefinitionReader loadBeanDefinitions
INFO: Loading XML bean definitions from class path resource [applicationContext.xml]
Oct 10, 2017 5:06:45 PM org.springframework.context.support.ClassPathXmlApplicationContext prepareRefresh
INFO: Refreshing org.springframework.context.support.ClassPathXmlApplicationContext@6a804a93: startup date [Tue Oct 10 17:06:45 EDT 2017]; root of context hierarchy
Oct 10, 2017 5:06:45 PM org.springframework.beans.factory.xml.XmlBeanDefinitionReader loadBeanDefinitions
INFO: Loading XML bean definitions from class path resource [applicationContext.xml]
Oct 10, 2017 5:06:45 PM org.springframework.context.support.ClassPathXmlApplicationContext prepareRefresh
INFO: Refreshing org.springframework.context.support.ClassPathXmlApplicationContext@56f0b873: startup date [Tue Oct 10 17:06:45 EDT 2017]; root of context hierarchy
Oct 10, 2017 5:06:45 PM org.springframework.beans.factory.xml.XmlBeanDefinitionReader loadBeanDefinitions
INFO: Loading XML bean definitions from class path resource [applicationContext.xml]
Oct 10, 2017 5:06:45 PM org.springframework.context.support.ClassPathXmlApplicationContext prepareRefresh
INFO: Refreshing org.springframework.context.support.ClassPathXmlApplicationContext@6f7830a3: startup date [Tue Oct 10 17:06:45 EDT 2017]; root of context hierarchy
Oct 10, 2017 5:06:45 PM org.springframework.beans.factory.xml.XmlBeanDefinitionReader loadBeanDefinitions
INFO: Loading XML bean definitions from class path resource [applicationContext.xml]
Oct 10, 2017 5:06:45 PM org.springframework.context.support.ClassPathXmlApplicationContext prepareRefresh
INFO: Refreshing org.springframework.context.support.ClassPathXmlApplicationContext@721edd9: startup date [Tue Oct 10 17:06:45 EDT 2017]; root of context hierarchy
Oct 10, 2017 5:06:45 PM org.springframework.beans.factory.xml.XmlBeanDefinitionReader loadBeanDefinitions
INFO: Loading XML bean definitions from class path resource [applicationContext.xml]
Oct 10, 2017 5:06:45 PM org.springframework.context.support.ClassPathXmlApplicationContext prepareRefresh
INFO: Refreshing org.springframework.context.support.ClassPathXmlApplicationContext@612a9877: startup date [Tue Oct 10 17:06:45 EDT 2017]; root of context hierarchy
Oct 10, 2017 5:06:45 PM org.springframework.beans.factory.xml.XmlBeanDefinitionReader loadBeanDefinitions
INFO: Loading XML bean definitions from class path resource [applicationContext.xml]
Oct 10, 2017 5:06:45 PM org.springframework.context.support.ClassPathXmlApplicationContext prepareRefresh
INFO: Refreshing org.springframework.context.support.ClassPathXmlApplicationContext@606f8aec: startup date [Tue Oct 10 17:06:45 EDT 2017]; root of context hierarchy
Oct 10, 2017 5:06:45 PM org.springframework.beans.factory.xml.XmlBeanDefinitionReader loadBeanDefinitions
INFO: Loading XML bean definitions from class path resource [applicationContext.xml]
Oct 10, 2017 5:06:45 PM org.springframework.context.support.ClassPathXmlApplicationContext prepareRefresh
INFO: Refreshing org.springframework.context.support.ClassPathXmlApplicationContext@130ab87a: startup date [Tue Oct 10 17:06:45 EDT 2017]; root of context hierarchy
Oct 10, 2017 5:06:45 PM org.springframework.beans.factory.xml.XmlBeanDefinitionReader loadBeanDefinitions
INFO: Loading XML bean definitions from class path resource [applicationContext.xml]
Oct 10, 2017 5:06:45 PM org.springframework.context.support.ClassPathXmlApplicationContext prepareRefresh
INFO: Refreshing org.springframework.context.support.ClassPathXmlApplicationContext@29c7069c: startup date [Tue Oct 10 17:06:45 EDT 2017]; root of context hierarchy
Oct 10, 2017 5:06:45 PM org.springframework.beans.factory.xml.XmlBeanDefinitionReader loadBeanDefinitions
INFO: Loading XML bean definitions from class path resource [applicationContext.xml]
Oct 10, 2017 5:06:45 PM org.springframework.context.support.ClassPathXmlApplicationContext prepareRefresh
INFO: Refreshing org.springframework.context.support.ClassPathXmlApplicationContext@38b812c7: startup date [Tue Oct 10 17:06:45 EDT 2017]; root of context hierarchy
Oct 10, 2017 5:06:45 PM org.springframework.beans.factory.xml.XmlBeanDefinitionReader loadBeanDefinitions
INFO: Loading XML bean definitions from class path resource [applicationContext.xml]
Oct 10, 2017 5:06:45 PM org.springframework.context.support.ClassPathXmlApplicationContext prepareRefresh
INFO: Refreshing org.springframework.context.support.ClassPathXmlApplicationContext@56864c1a: startup date [Tue Oct 10 17:06:45 EDT 2017]; root of context hierarchy
Oct 10, 2017 5:06:45 PM org.springframework.beans.factory.xml.XmlBeanDefinitionReader loadBeanDefinitions
INFO: Loading XML bean definitions from class path resource [applicationContext.xml]
Oct 10, 2017 5:06:45 PM org.springframework.context.support.ClassPathXmlApplicationContext prepareRefresh
INFO: Refreshing org.springframework.context.support.ClassPathXmlApplicationContext@77eefac: startup date [Tue Oct 10 17:06:45 EDT 2017]; root of context hierarchy
Oct 10, 2017 5:06:45 PM org.springframework.beans.factory.xml.XmlBeanDefinitionReader loadBeanDefinitions
INFO: Loading XML bean definitions from class path resource [applicationContext.xml]
Oct 10, 2017 5:06:45 PM org.springframework.context.support.ClassPathXmlApplicationContext prepareRefresh
INFO: Refreshing org.springframework.context.support.ClassPathXmlApplicationContext@1440a66b: startup date [Tue Oct 10 17:06:45 EDT 2017]; root of context hierarchy
Oct 10, 2017 5:06:45 PM org.springframework.beans.factory.xml.XmlBeanDefinitionReader loadBeanDefinitions
INFO: Loading XML bean definitions from class path resource [applicationContext.xml]
Oct 10, 2017 5:06:45 PM org.springframework.context.support.ClassPathXmlApplicationContext prepareRefresh
INFO: Refreshing org.springframework.context.support.ClassPathXmlApplicationContext@5dea2be3: startup date [Tue Oct 10 17:06:45 EDT 2017]; root of context hierarchy
Oct 10, 2017 5:06:45 PM org.springframework.beans.factory.xml.XmlBeanDefinitionReader loadBeanDefinitions
INFO: Loading XML bean definitions from class path resource [applicationContext.xml]
Oct 10, 2017 5:06:45 PM org.springframework.context.support.ClassPathXmlApplicationContext prepareRefresh
INFO: Refreshing org.springframework.context.support.ClassPathXmlApplicationContext@8e0e9f0: startup date [Tue Oct 10 17:06:45 EDT 2017]; root of context hierarchy
Oct 10, 2017 5:06:45 PM org.springframework.beans.factory.xml.XmlBeanDefinitionReader loadBeanDefinitions
INFO: Loading XML bean definitions from class path resource [applicationContext.xml]
Oct 10, 2017 5:06:45 PM org.springframework.context.support.ClassPathXmlApplicationContext prepareRefresh
INFO: Refreshing org.springframework.context.support.ClassPathXmlApplicationContext@5d6eca38: startup date [Tue Oct 10 17:06:45 EDT 2017]; root of context hierarchy
Oct 10, 2017 5:06:45 PM org.springframework.beans.factory.xml.XmlBeanDefinitionReader loadBeanDefinitions
INFO: Loading XML bean definitions from class path resource [applicationContext.xml]
Oct 10, 2017 5:06:45 PM org.springframework.context.support.ClassPathXmlApplicationContext prepareRefresh
INFO: Refreshing org.springframework.context.support.ClassPathXmlApplicationContext@79c78c45: startup date [Tue Oct 10 17:06:45 EDT 2017]; root of context hierarchy
Oct 10, 2017 5:06:45 PM org.springframework.beans.factory.xml.XmlBeanDefinitionReader loadBeanDefinitions
INFO: Loading XML bean definitions from class path resource [applicationContext.xml]
Oct 10, 2017 5:06:45 PM org.springframework.context.support.ClassPathXmlApplicationContext prepareRefresh
INFO: Refreshing org.springframework.context.support.ClassPathXmlApplicationContext@27b56192: startup date [Tue Oct 10 17:06:45 EDT 2017]; root of context hierarchy
Oct 10, 2017 5:06:45 PM org.springframework.beans.factory.xml.XmlBeanDefinitionReader loadBeanDefinitions
INFO: Loading XML bean definitions from class path resource [applicationContext.xml]
Oct 10, 2017 5:06:45 PM org.springframework.context.support.ClassPathXmlApplicationContext prepareRefresh
INFO: Refreshing org.springframework.context.support.ClassPathXmlApplicationContext@1842bd25: startup date [Tue Oct 10 17:06:45 EDT 2017]; root of context hierarchy
Oct 10, 2017 5:06:45 PM org.springframework.beans.factory.xml.XmlBeanDefinitionReader loadBeanDefinitions
INFO: Loading XML bean definitions from class path resource [applicationContext.xml]
Oct 10, 2017 5:06:45 PM org.springframework.context.support.ClassPathXmlApplicationContext prepareRefresh
INFO: Refreshing org.springframework.context.support.ClassPathXmlApplicationContext@7bd016b5: startup date [Tue Oct 10 17:06:45 EDT 2017]; root of context hierarchy
Oct 10, 2017 5:06:45 PM org.springframework.beans.factory.xml.XmlBeanDefinitionReader loadBeanDefinitions
INFO: Loading XML bean definitions from class path resource [applicationContext.xml]
Oct 10, 2017 5:06:45 PM org.springframework.context.support.ClassPathXmlApplicationContext prepareRefresh
INFO: Refreshing org.springframework.context.support.ClassPathXmlApplicationContext@77cd7fc8: startup date [Tue Oct 10 17:06:45 EDT 2017]; root of context hierarchy
Oct 10, 2017 5:06:45 PM org.springframework.beans.factory.xml.XmlBeanDefinitionReader loadBeanDefinitions
INFO: Loading XML bean definitions from class path resource [applicationContext.xml]
Oct 10, 2017 5:06:45 PM org.springframework.context.support.ClassPathXmlApplicationContext prepareRefresh
INFO: Refreshing org.springframework.context.support.ClassPathXmlApplicationContext@562c8aa6: startup date [Tue Oct 10 17:06:45 EDT 2017]; root of context hierarchy
Oct 10, 2017 5:06:45 PM org.springframework.beans.factory.xml.XmlBeanDefinitionReader loadBeanDefinitions
INFO: Loading XML bean definitions from class path resource [applicationContext.xml]
Oct 10, 2017 5:06:45 PM org.springframework.context.support.ClassPathXmlApplicationContext prepareRefresh
INFO: Refreshing org.springframework.context.support.ClassPathXmlApplicationContext@63972abc: startup date [Tue Oct 10 17:06:45 EDT 2017]; root of context hierarchy
Oct 10, 2017 5:06:45 PM org.springframework.beans.factory.xml.XmlBeanDefinitionReader loadBeanDefinitions
INFO: Loading XML bean definitions from class path resource [applicationContext.xml]
Oct 10, 2017 5:06:45 PM org.springframework.context.support.ClassPathXmlApplicationContext prepareRefresh
INFO: Refreshing org.springframework.context.support.ClassPathXmlApplicationContext@d3a6093: startup date [Tue Oct 10 17:06:45 EDT 2017]; root of context hierarchy
Oct 10, 2017 5:06:45 PM org.springframework.beans.factory.xml.XmlBeanDefinitionReader loadBeanDefinitions
INFO: Loading XML bean definitions from class path resource [applicationContext.xml]
Oct 10, 2017 5:06:46 PM org.springframework.context.support.ClassPathXmlApplicationContext prepareRefresh
INFO: Refreshing org.springframework.context.support.ClassPathXmlApplicationContext@7b1b27c9: startup date [Tue Oct 10 17:06:46 EDT 2017]; root of context hierarchy
Oct 10, 2017 5:06:46 PM org.springframework.beans.factory.xml.XmlBeanDefinitionReader loadBeanDefinitions
INFO: Loading XML bean definitions from class path resource [applicationContext.xml]
Oct 10, 2017 5:06:46 PM org.springframework.context.support.ClassPathXmlApplicationContext prepareRefresh
INFO: Refreshing org.springframework.context.support.ClassPathXmlApplicationContext@211e8efd: startup date [Tue Oct 10 17:06:46 EDT 2017]; root of context hierarchy
Oct 10, 2017 5:06:46 PM org.springframework.beans.factory.xml.XmlBeanDefinitionReader loadBeanDefinitions
INFO: Loading XML bean definitions from class path resource [applicationContext.xml]
Oct 10, 2017 5:06:46 PM org.springframework.context.support.ClassPathXmlApplicationContext prepareRefresh
INFO: Refreshing org.springframework.context.support.ClassPathXmlApplicationContext@4b750356: startup date [Tue Oct 10 17:06:46 EDT 2017]; root of context hierarchy
Oct 10, 2017 5:06:46 PM org.springframework.beans.factory.xml.XmlBeanDefinitionReader loadBeanDefinitions
INFO: Loading XML bean definitions from class path resource [applicationContext.xml]
Oct 10, 2017 5:06:46 PM org.springframework.context.support.ClassPathXmlApplicationContext prepareRefresh
INFO: Refreshing org.springframework.context.support.ClassPathXmlApplicationContext@5089dce1: startup date [Tue Oct 10 17:06:46 EDT 2017]; root of context hierarchy
Oct 10, 2017 5:06:46 PM org.springframework.beans.factory.xml.XmlBeanDefinitionReader loadBeanDefinitions
INFO: Loading XML bean definitions from class path resource [applicationContext.xml]
Oct 10, 2017 5:06:46 PM org.springframework.context.support.ClassPathXmlApplicationContext prepareRefresh
INFO: Refreshing org.springframework.context.support.ClassPathXmlApplicationContext@414396e3: startup date [Tue Oct 10 17:06:46 EDT 2017]; root of context hierarchy
Oct 10, 2017 5:06:46 PM org.springframework.beans.factory.xml.XmlBeanDefinitionReader loadBeanDefinitions
INFO: Loading XML bean definitions from class path resource [applicationContext.xml]
Oct 10, 2017 5:06:46 PM org.springframework.context.support.ClassPathXmlApplicationContext prepareRefresh
INFO: Refreshing org.springframework.context.support.ClassPathXmlApplicationContext@152e61c: startup date [Tue Oct 10 17:06:46 EDT 2017]; root of context hierarchy
Oct 10, 2017 5:06:46 PM org.springframework.beans.factory.xml.XmlBeanDefinitionReader loadBeanDefinitions
INFO: Loading XML bean definitions from class path resource [applicationContext.xml]
Oct 10, 2017 5:06:46 PM org.springframework.context.support.ClassPathXmlApplicationContext prepareRefresh
INFO: Refreshing org.springframework.context.support.ClassPathXmlApplicationContext@d00301a: startup date [Tue Oct 10 17:06:46 EDT 2017]; root of context hierarchy
Oct 10, 2017 5:06:46 PM org.springframework.beans.factory.xml.XmlBeanDefinitionReader loadBeanDefinitions
INFO: Loading XML bean definitions from class path resource [applicationContext.xml]
Oct 10, 2017 5:06:46 PM org.springframework.context.support.ClassPathXmlApplicationContext prepareRefresh
INFO: Refreshing org.springframework.context.support.ClassPathXmlApplicationContext@309a3484: startup date [Tue Oct 10 17:06:46 EDT 2017]; root of context hierarchy
Oct 10, 2017 5:06:46 PM org.springframework.beans.factory.xml.XmlBeanDefinitionReader loadBeanDefinitions
INFO: Loading XML bean definitions from class path resource [applicationContext.xml]
Oct 10, 2017 5:06:46 PM org.springframework.context.support.ClassPathXmlApplicationContext prepareRefresh
INFO: Refreshing org.springframework.context.support.ClassPathXmlApplicationContext@3e4a441f: startup date [Tue Oct 10 17:06:46 EDT 2017]; root of context hierarchy
Oct 10, 2017 5:06:46 PM org.springframework.beans.factory.xml.XmlBeanDefinitionReader loadBeanDefinitions
INFO: Loading XML bean definitions from class path resource [applicationContext.xml]
Oct 10, 2017 5:06:46 PM org.springframework.context.support.ClassPathXmlApplicationContext prepareRefresh
INFO: Refreshing org.springframework.context.support.ClassPathXmlApplicationContext@183a8a24: startup date [Tue Oct 10 17:06:46 EDT 2017]; root of context hierarchy
Oct 10, 2017 5:06:46 PM org.springframework.beans.factory.xml.XmlBeanDefinitionReader loadBeanDefinitions
INFO: Loading XML bean definitions from class path resource [applicationContext.xml]
Oct 10, 2017 5:06:46 PM org.springframework.context.support.ClassPathXmlApplicationContext prepareRefresh
INFO: Refreshing org.springframework.context.support.ClassPathXmlApplicationContext@507815f9: startup date [Tue Oct 10 17:06:46 EDT 2017]; root of context hierarchy
Oct 10, 2017 5:06:46 PM org.springframework.beans.factory.xml.XmlBeanDefinitionReader loadBeanDefinitions
INFO: Loading XML bean definitions from class path resource [applicationContext.xml]
Oct 10, 2017 5:06:46 PM org.springframework.context.support.ClassPathXmlApplicationContext prepareRefresh
INFO: Refreshing org.springframework.context.support.ClassPathXmlApplicationContext@764c9737: startup date [Tue Oct 10 17:06:46 EDT 2017]; root of context hierarchy
Oct 10, 2017 5:06:46 PM org.springframework.beans.factory.xml.XmlBeanDefinitionReader loadBeanDefinitions
INFO: Loading XML bean definitions from class path resource [applicationContext.xml]
Oct 10, 2017 5:06:46 PM org.springframework.context.support.ClassPathXmlApplicationContext prepareRefresh
INFO: Refreshing org.springframework.context.support.ClassPathXmlApplicationContext@1386a21e: startup date [Tue Oct 10 17:06:46 EDT 2017]; root of context hierarchy
Oct 10, 2017 5:06:46 PM org.springframework.beans.factory.xml.XmlBeanDefinitionReader loadBeanDefinitions
INFO: Loading XML bean definitions from class path resource [applicationContext.xml]
Oct 10, 2017 5:06:46 PM org.springframework.context.support.ClassPathXmlApplicationContext prepareRefresh
INFO: Refreshing org.springframework.context.support.ClassPathXmlApplicationContext@51382dc0: startup date [Tue Oct 10 17:06:46 EDT 2017]; root of context hierarchy
Oct 10, 2017 5:06:46 PM org.springframework.beans.factory.xml.XmlBeanDefinitionReader loadBeanDefinitions
INFO: Loading XML bean definitions from class path resource [applicationContext.xml]
Oct 10, 2017 5:06:46 PM org.springframework.context.support.ClassPathXmlApplicationContext prepareRefresh
INFO: Refreshing org.springframework.context.support.ClassPathXmlApplicationContext@33888b1d: startup date [Tue Oct 10 17:06:46 EDT 2017]; root of context hierarchy
Oct 10, 2017 5:06:46 PM org.springframework.beans.factory.xml.XmlBeanDefinitionReader loadBeanDefinitions
INFO: Loading XML bean definitions from class path resource [applicationContext.xml]
Oct 10, 2017 5:06:46 PM org.springframework.context.support.ClassPathXmlApplicationContext prepareRefresh
INFO: Refreshing org.springframework.context.support.ClassPathXmlApplicationContext@388e4345: startup date [Tue Oct 10 17:06:46 EDT 2017]; root of context hierarchy
Oct 10, 2017 5:06:46 PM org.springframework.beans.factory.xml.XmlBeanDefinitionReader loadBeanDefinitions
INFO: Loading XML bean definitions from class path resource [applicationContext.xml]
Oct 10, 2017 5:06:46 PM org.springframework.context.support.ClassPathXmlApplicationContext prepareRefresh
INFO: Refreshing org.springframework.context.support.ClassPathXmlApplicationContext@1c675f5e: startup date [Tue Oct 10 17:06:46 EDT 2017]; root of context hierarchy
Oct 10, 2017 5:06:46 PM org.springframework.beans.factory.xml.XmlBeanDefinitionReader loadBeanDefinitions
INFO: Loading XML bean definitions from class path resource [applicationContext.xml]
Oct 10, 2017 5:06:46 PM org.springframework.context.support.ClassPathXmlApplicationContext prepareRefresh
INFO: Refreshing org.springframework.context.support.ClassPathXmlApplicationContext@4afa4a91: startup date [Tue Oct 10 17:06:46 EDT 2017]; root of context hierarchy
Oct 10, 2017 5:06:46 PM org.springframework.beans.factory.xml.XmlBeanDefinitionReader loadBeanDefinitions
INFO: Loading XML bean definitions from class path resource [applicationContext.xml]
Oct 10, 2017 5:06:46 PM org.springframework.context.support.ClassPathXmlApplicationContext prepareRefresh
INFO: Refreshing org.springframework.context.support.ClassPathXmlApplicationContext@329b427c: startup date [Tue Oct 10 17:06:46 EDT 2017]; root of context hierarchy
Oct 10, 2017 5:06:46 PM org.springframework.beans.factory.xml.XmlBeanDefinitionReader loadBeanDefinitions
INFO: Loading XML bean definitions from class path resource [applicationContext.xml]
Oct 10, 2017 5:06:46 PM org.springframework.context.support.ClassPathXmlApplicationContext prepareRefresh
INFO: Refreshing org.springframework.context.support.ClassPathXmlApplicationContext@557e5a4f: startup date [Tue Oct 10 17:06:46 EDT 2017]; root of context hierarchy
Oct 10, 2017 5:06:46 PM org.springframework.beans.factory.xml.XmlBeanDefinitionReader loadBeanDefinitions
INFO: Loading XML bean definitions from class path resource [applicationContext.xml]
Oct 10, 2017 5:06:46 PM org.springframework.context.support.ClassPathXmlApplicationContext prepareRefresh
INFO: Refreshing org.springframework.context.support.ClassPathXmlApplicationContext@356fa2fc: startup date [Tue Oct 10 17:06:46 EDT 2017]; root of context hierarchy
Oct 10, 2017 5:06:46 PM org.springframework.beans.factory.xml.XmlBeanDefinitionReader loadBeanDefinitions
INFO: Loading XML bean definitions from class path resource [applicationContext.xml]
Oct 10, 2017 5:06:46 PM org.springframework.context.support.ClassPathXmlApplicationContext prepareRefresh
INFO: Refreshing org.springframework.context.support.ClassPathXmlApplicationContext@40ae1e62: startup date [Tue Oct 10 17:06:46 EDT 2017]; root of context hierarchy
Oct 10, 2017 5:06:46 PM org.springframework.beans.factory.xml.XmlBeanDefinitionReader loadBeanDefinitions
INFO: Loading XML bean definitions from class path resource [applicationContext.xml]
Oct 10, 2017 5:06:46 PM org.springframework.context.support.ClassPathXmlApplicationContext prepareRefresh
INFO: Refreshing org.springframework.context.support.ClassPathXmlApplicationContext@6673d790: startup date [Tue Oct 10 17:06:46 EDT 2017]; root of context hierarchy
Oct 10, 2017 5:06:46 PM org.springframework.beans.factory.xml.XmlBeanDefinitionReader loadBeanDefinitions
INFO: Loading XML bean definitions from class path resource [applicationContext.xml]
Oct 10, 2017 5:06:46 PM org.springframework.context.support.ClassPathXmlApplicationContext prepareRefresh
INFO: Refreshing org.springframework.context.support.ClassPathXmlApplicationContext@1fb99a4e: startup date [Tue Oct 10 17:06:46 EDT 2017]; root of context hierarchy
Oct 10, 2017 5:06:46 PM org.springframework.beans.factory.xml.XmlBeanDefinitionReader loadBeanDefinitions
INFO: Loading XML bean definitions from class path resource [applicationContext.xml]
Oct 10, 2017 5:06:46 PM org.springframework.context.support.ClassPathXmlApplicationContext prepareRefresh
INFO: Refreshing org.springframework.context.support.ClassPathXmlApplicationContext@64489720: startup date [Tue Oct 10 17:06:46 EDT 2017]; root of context hierarchy
Oct 10, 2017 5:06:46 PM org.springframework.beans.factory.xml.XmlBeanDefinitionReader loadBeanDefinitions
INFO: Loading XML bean definitions from class path resource [applicationContext.xml]
Oct 10, 2017 5:06:46 PM org.springframework.context.support.ClassPathXmlApplicationContext prepareRefresh
INFO: Refreshing org.springframework.context.support.ClassPathXmlApplicationContext@d02e504: startup date [Tue Oct 10 17:06:46 EDT 2017]; root of context hierarchy
Oct 10, 2017 5:06:46 PM org.springframework.beans.factory.xml.XmlBeanDefinitionReader loadBeanDefinitions
INFO: Loading XML bean definitions from class path resource [applicationContext.xml]
Oct 10, 2017 5:06:46 PM org.springframework.context.support.ClassPathXmlApplicationContext prepareRefresh
INFO: Refreshing org.springframework.context.support.ClassPathXmlApplicationContext@75674bf8: startup date [Tue Oct 10 17:06:46 EDT 2017]; root of context hierarchy
Oct 10, 2017 5:06:46 PM org.springframework.beans.factory.xml.XmlBeanDefinitionReader loadBeanDefinitions
INFO: Loading XML bean definitions from class path resource [applicationContext.xml]
Oct 10, 2017 5:06:46 PM org.springframework.context.support.ClassPathXmlApplicationContext prepareRefresh
INFO: Refreshing org.springframework.context.support.ClassPathXmlApplicationContext@6576eadf: startup date [Tue Oct 10 17:06:46 EDT 2017]; root of context hierarchy
Oct 10, 2017 5:06:46 PM org.springframework.beans.factory.xml.XmlBeanDefinitionReader loadBeanDefinitions
INFO: Loading XML bean definitions from class path resource [applicationContext.xml]
Oct 10, 2017 5:06:46 PM org.springframework.context.support.ClassPathXmlApplicationContext prepareRefresh
INFO: Refreshing org.springframework.context.support.ClassPathXmlApplicationContext@531dc615: startup date [Tue Oct 10 17:06:46 EDT 2017]; root of context hierarchy
Oct 10, 2017 5:06:46 PM org.springframework.beans.factory.xml.XmlBeanDefinitionReader loadBeanDefinitions
INFO: Loading XML bean definitions from class path resource [applicationContext.xml]
Oct 10, 2017 5:06:46 PM org.springframework.context.support.ClassPathXmlApplicationContext prepareRefresh
INFO: Refreshing org.springframework.context.support.ClassPathXmlApplicationContext@5d206ea3: startup date [Tue Oct 10 17:06:46 EDT 2017]; root of context hierarchy
Oct 10, 2017 5:06:46 PM org.springframework.beans.factory.xml.XmlBeanDefinitionReader loadBeanDefinitions
INFO: Loading XML bean definitions from class path resource [applicationContext.xml]
Oct 10, 2017 5:06:46 PM org.springframework.context.support.ClassPathXmlApplicationContext prepareRefresh
INFO: Refreshing org.springframework.context.support.ClassPathXmlApplicationContext@6a240950: startup date [Tue Oct 10 17:06:46 EDT 2017]; root of context hierarchy
Oct 10, 2017 5:06:46 PM org.springframework.beans.factory.xml.XmlBeanDefinitionReader loadBeanDefinitions
INFO: Loading XML bean definitions from class path resource [applicationContext.xml]
Oct 10, 2017 5:06:46 PM org.springframework.context.support.ClassPathXmlApplicationContext prepareRefresh
INFO: Refreshing org.springframework.context.support.ClassPathXmlApplicationContext@471fee0: startup date [Tue Oct 10 17:06:46 EDT 2017]; root of context hierarchy
Oct 10, 2017 5:06:46 PM org.springframework.beans.factory.xml.XmlBeanDefinitionReader loadBeanDefinitions
INFO: Loading XML bean definitions from class path resource [applicationContext.xml]
Oct 10, 2017 5:06:46 PM org.springframework.context.support.ClassPathXmlApplicationContext prepareRefresh
INFO: Refreshing org.springframework.context.support.ClassPathXmlApplicationContext@3d01d3df: startup date [Tue Oct 10 17:06:46 EDT 2017]; root of context hierarchy
Oct 10, 2017 5:06:46 PM org.springframework.beans.factory.xml.XmlBeanDefinitionReader loadBeanDefinitions
INFO: Loading XML bean definitions from class path resource [applicationContext.xml]
Oct 10, 2017 5:06:46 PM org.springframework.context.support.ClassPathXmlApplicationContext prepareRefresh
INFO: Refreshing org.springframework.context.support.ClassPathXmlApplicationContext@89846a: startup date [Tue Oct 10 17:06:46 EDT 2017]; root of context hierarchy
Oct 10, 2017 5:06:46 PM org.springframework.beans.factory.xml.XmlBeanDefinitionReader loadBeanDefinitions
INFO: Loading XML bean definitions from class path resource [applicationContext.xml]
Oct 10, 2017 5:06:46 PM org.springframework.context.support.ClassPathXmlApplicationContext prepareRefresh
INFO: Refreshing org.springframework.context.support.ClassPathXmlApplicationContext@44911e0a: startup date [Tue Oct 10 17:06:46 EDT 2017]; root of context hierarchy
Oct 10, 2017 5:06:46 PM org.springframework.beans.factory.xml.XmlBeanDefinitionReader loadBeanDefinitions
INFO: Loading XML bean definitions from class path resource [applicationContext.xml]
Oct 10, 2017 5:06:46 PM org.springframework.context.support.ClassPathXmlApplicationContext prepareRefresh
INFO: Refreshing org.springframework.context.support.ClassPathXmlApplicationContext@77430ed5: startup date [Tue Oct 10 17:06:46 EDT 2017]; root of context hierarchy
Oct 10, 2017 5:06:46 PM org.springframework.beans.factory.xml.XmlBeanDefinitionReader loadBeanDefinitions
INFO: Loading XML bean definitions from class path resource [applicationContext.xml]
Oct 10, 2017 5:06:46 PM org.springframework.context.support.ClassPathXmlApplicationContext prepareRefresh
INFO: Refreshing org.springframework.context.support.ClassPathXmlApplicationContext@a474ee8: startup date [Tue Oct 10 17:06:46 EDT 2017]; root of context hierarchy
Oct 10, 2017 5:06:46 PM org.springframework.beans.factory.xml.XmlBeanDefinitionReader loadBeanDefinitions
INFO: Loading XML bean definitions from class path resource [applicationContext.xml]
Oct 10, 2017 5:06:46 PM org.springframework.context.support.ClassPathXmlApplicationContext prepareRefresh
INFO: Refreshing org.springframework.context.support.ClassPathXmlApplicationContext@44b2ed3b: startup date [Tue Oct 10 17:06:46 EDT 2017]; root of context hierarchy
Oct 10, 2017 5:06:46 PM org.springframework.beans.factory.xml.XmlBeanDefinitionReader loadBeanDefinitions
INFO: Loading XML bean definitions from class path resource [applicationContext.xml]
Oct 10, 2017 5:06:46 PM org.springframework.context.support.ClassPathXmlApplicationContext prepareRefresh
INFO: Refreshing org.springframework.context.support.ClassPathXmlApplicationContext@6fc0330d: startup date [Tue Oct 10 17:06:46 EDT 2017]; root of context hierarchy
Oct 10, 2017 5:06:46 PM org.springframework.beans.factory.xml.XmlBeanDefinitionReader loadBeanDefinitions
INFO: Loading XML bean definitions from class path resource [applicationContext.xml]
Oct 10, 2017 5:06:46 PM org.springframework.context.support.ClassPathXmlApplicationContext prepareRefresh
INFO: Refreshing org.springframework.context.support.ClassPathXmlApplicationContext@6f2fda70: startup date [Tue Oct 10 17:06:46 EDT 2017]; root of context hierarchy
Oct 10, 2017 5:06:46 PM org.springframework.beans.factory.xml.XmlBeanDefinitionReader loadBeanDefinitions
INFO: Loading XML bean definitions from class path resource [applicationContext.xml]
Oct 10, 2017 5:06:46 PM org.springframework.context.support.ClassPathXmlApplicationContext prepareRefresh
INFO: Refreshing org.springframework.context.support.ClassPathXmlApplicationContext@63447c0d: startup date [Tue Oct 10 17:06:46 EDT 2017]; root of context hierarchy
Oct 10, 2017 5:06:46 PM org.springframework.beans.factory.xml.XmlBeanDefinitionReader loadBeanDefinitions
INFO: Loading XML bean definitions from class path resource [applicationContext.xml]
Oct 10, 2017 5:06:46 PM org.springframework.context.support.ClassPathXmlApplicationContext prepareRefresh
INFO: Refreshing org.springframework.context.support.ClassPathXmlApplicationContext@18bc1413: startup date [Tue Oct 10 17:06:46 EDT 2017]; root of context hierarchy
Oct 10, 2017 5:06:46 PM org.springframework.beans.factory.xml.XmlBeanDefinitionReader loadBeanDefinitions
INFO: Loading XML bean definitions from class path resource [applicationContext.xml]
Oct 10, 2017 5:06:46 PM org.springframework.context.support.ClassPathXmlApplicationContext prepareRefresh
INFO: Refreshing org.springframework.context.support.ClassPathXmlApplicationContext@5a33ff7c: startup date [Tue Oct 10 17:06:46 EDT 2017]; root of context hierarchy
Oct 10, 2017 5:06:46 PM org.springframework.beans.factory.xml.XmlBeanDefinitionReader loadBeanDefinitions
INFO: Loading XML bean definitions from class path resource [applicationContext.xml]
Oct 10, 2017 5:06:46 PM org.springframework.context.support.ClassPathXmlApplicationContext prepareRefresh
INFO: Refreshing org.springframework.context.support.ClassPathXmlApplicationContext@17b13e49: startup date [Tue Oct 10 17:06:46 EDT 2017]; root of context hierarchy
Oct 10, 2017 5:06:46 PM org.springframework.beans.factory.xml.XmlBeanDefinitionReader loadBeanDefinitions
INFO: Loading XML bean definitions from class path resource [applicationContext.xml]
Oct 10, 2017 5:06:46 PM org.springframework.context.support.ClassPathXmlApplicationContext prepareRefresh
INFO: Refreshing org.springframework.context.support.ClassPathXmlApplicationContext@25adddca: startup date [Tue Oct 10 17:06:46 EDT 2017]; root of context hierarchy
Oct 10, 2017 5:06:46 PM org.springframework.beans.factory.xml.XmlBeanDefinitionReader loadBeanDefinitions
INFO: Loading XML bean definitions from class path resource [applicationContext.xml]
Oct 10, 2017 5:06:46 PM org.springframework.context.support.ClassPathXmlApplicationContext prepareRefresh
INFO: Refreshing org.springframework.context.support.ClassPathXmlApplicationContext@35456229: startup date [Tue Oct 10 17:06:46 EDT 2017]; root of context hierarchy
Oct 10, 2017 5:06:46 PM org.springframework.beans.factory.xml.XmlBeanDefinitionReader loadBeanDefinitions
INFO: Loading XML bean definitions from class path resource [applicationContext.xml]
Oct 10, 2017 5:06:46 PM org.springframework.context.support.ClassPathXmlApplicationContext prepareRefresh
INFO: Refreshing org.springframework.context.support.ClassPathXmlApplicationContext@aa123d3: startup date [Tue Oct 10 17:06:46 EDT 2017]; root of context hierarchy
Oct 10, 2017 5:06:46 PM org.springframework.beans.factory.xml.XmlBeanDefinitionReader loadBeanDefinitions
INFO: Loading XML bean definitions from class path resource [applicationContext.xml]
Oct 10, 2017 5:06:46 PM org.springframework.context.support.ClassPathXmlApplicationContext prepareRefresh
INFO: Refreshing org.springframework.context.support.ClassPathXmlApplicationContext@541eff3f: startup date [Tue Oct 10 17:06:46 EDT 2017]; root of context hierarchy
Oct 10, 2017 5:06:46 PM org.springframework.beans.factory.xml.XmlBeanDefinitionReader loadBeanDefinitions
INFO: Loading XML bean definitions from class path resource [applicationContext.xml]
Oct 10, 2017 5:06:46 PM org.springframework.context.support.ClassPathXmlApplicationContext prepareRefresh
INFO: Refreshing org.springframework.context.support.ClassPathXmlApplicationContext@62961c77: startup date [Tue Oct 10 17:06:46 EDT 2017]; root of context hierarchy
Oct 10, 2017 5:06:46 PM org.springframework.beans.factory.xml.XmlBeanDefinitionReader loadBeanDefinitions
INFO: Loading XML bean definitions from class path resource [applicationContext.xml]
Oct 10, 2017 5:06:46 PM org.springframework.context.support.ClassPathXmlApplicationContext prepareRefresh
INFO: Refreshing org.springframework.context.support.ClassPathXmlApplicationContext@415ce6ec: startup date [Tue Oct 10 17:06:46 EDT 2017]; root of context hierarchy
Oct 10, 2017 5:06:46 PM org.springframework.beans.factory.xml.XmlBeanDefinitionReader loadBeanDefinitions
INFO: Loading XML bean definitions from class path resource [applicationContext.xml]
Oct 10, 2017 5:06:46 PM org.springframework.context.support.ClassPathXmlApplicationContext prepareRefresh
INFO: Refreshing org.springframework.context.support.ClassPathXmlApplicationContext@60e794cb: startup date [Tue Oct 10 17:06:46 EDT 2017]; root of context hierarchy
Oct 10, 2017 5:06:46 PM org.springframework.beans.factory.xml.XmlBeanDefinitionReader loadBeanDefinitions
INFO: Loading XML bean definitions from class path resource [applicationContext.xml]
Oct 10, 2017 5:06:46 PM org.springframework.context.support.ClassPathXmlApplicationContext prepareRefresh
INFO: Refreshing org.springframework.context.support.ClassPathXmlApplicationContext@1ece6656: startup date [Tue Oct 10 17:06:46 EDT 2017]; root of context hierarchy
Oct 10, 2017 5:06:46 PM org.springframework.beans.factory.xml.XmlBeanDefinitionReader loadBeanDefinitions
INFO: Loading XML bean definitions from class path resource [applicationContext.xml]
Oct 10, 2017 5:06:46 PM org.springframework.context.support.ClassPathXmlApplicationContext prepareRefresh
INFO: Refreshing org.springframework.context.support.ClassPathXmlApplicationContext@49daed0a: startup date [Tue Oct 10 17:06:46 EDT 2017]; root of context hierarchy
Oct 10, 2017 5:06:46 PM org.springframework.beans.factory.xml.XmlBeanDefinitionReader loadBeanDefinitions
INFO: Loading XML bean definitions from class path resource [applicationContext.xml]
Oct 10, 2017 5:06:46 PM org.springframework.context.support.ClassPathXmlApplicationContext prepareRefresh
INFO: Refreshing org.springframework.context.support.ClassPathXmlApplicationContext@36fbba09: startup date [Tue Oct 10 17:06:46 EDT 2017]; root of context hierarchy
Oct 10, 2017 5:06:46 PM org.springframework.beans.factory.xml.XmlBeanDefinitionReader loadBeanDefinitions
INFO: Loading XML bean definitions from class path resource [applicationContext.xml]
Oct 10, 2017 5:06:46 PM org.springframework.context.support.ClassPathXmlApplicationContext prepareRefresh
INFO: Refreshing org.springframework.context.support.ClassPathXmlApplicationContext@190bce3: startup date [Tue Oct 10 17:06:46 EDT 2017]; root of context hierarchy
Oct 10, 2017 5:06:46 PM org.springframework.beans.factory.xml.XmlBeanDefinitionReader loadBeanDefinitions
INFO: Loading XML bean definitions from class path resource [applicationContext.xml]
Oct 10, 2017 5:06:46 PM org.springframework.context.support.ClassPathXmlApplicationContext prepareRefresh
INFO: Refreshing org.springframework.context.support.ClassPathXmlApplicationContext@1bfe3b5a: startup date [Tue Oct 10 17:06:46 EDT 2017]; root of context hierarchy
Oct 10, 2017 5:06:46 PM org.springframework.beans.factory.xml.XmlBeanDefinitionReader loadBeanDefinitions
INFO: Loading XML bean definitions from class path resource [applicationContext.xml]
Oct 10, 2017 5:06:46 PM org.springframework.context.support.ClassPathXmlApplicationContext prepareRefresh
INFO: Refreshing org.springframework.context.support.ClassPathXmlApplicationContext@56666969: startup date [Tue Oct 10 17:06:46 EDT 2017]; root of context hierarchy
Oct 10, 2017 5:06:46 PM org.springframework.beans.factory.xml.XmlBeanDefinitionReader loadBeanDefinitions
INFO: Loading XML bean definitions from class path resource [applicationContext.xml]
Oct 10, 2017 5:06:46 PM org.springframework.context.support.ClassPathXmlApplicationContext prepareRefresh
INFO: Refreshing org.springframework.context.support.ClassPathXmlApplicationContext@4ed7a043: startup date [Tue Oct 10 17:06:46 EDT 2017]; root of context hierarchy
Oct 10, 2017 5:06:46 PM org.springframework.beans.factory.xml.XmlBeanDefinitionReader loadBeanDefinitions
INFO: Loading XML bean definitions from class path resource [applicationContext.xml]
Oct 10, 2017 5:06:46 PM org.springframework.context.support.ClassPathXmlApplicationContext prepareRefresh
INFO: Refreshing org.springframework.context.support.ClassPathXmlApplicationContext@1b2af23d: startup date [Tue Oct 10 17:06:46 EDT 2017]; root of context hierarchy
Oct 10, 2017 5:06:46 PM org.springframework.beans.factory.xml.XmlBeanDefinitionReader loadBeanDefinitions
INFO: Loading XML bean definitions from class path resource [applicationContext.xml]
Oct 10, 2017 5:06:46 PM org.springframework.context.support.ClassPathXmlApplicationContext prepareRefresh
INFO: Refreshing org.springframework.context.support.ClassPathXmlApplicationContext@151f6d: startup date [Tue Oct 10 17:06:46 EDT 2017]; root of context hierarchy
Oct 10, 2017 5:06:46 PM org.springframework.beans.factory.xml.XmlBeanDefinitionReader loadBeanDefinitions
INFO: Loading XML bean definitions from class path resource [applicationContext.xml]
Oct 10, 2017 5:06:46 PM org.springframework.context.support.ClassPathXmlApplicationContext prepareRefresh
INFO: Refreshing org.springframework.context.support.ClassPathXmlApplicationContext@422a429c: startup date [Tue Oct 10 17:06:46 EDT 2017]; root of context hierarchy
Oct 10, 2017 5:06:46 PM org.springframework.beans.factory.xml.XmlBeanDefinitionReader loadBeanDefinitions
INFO: Loading XML bean definitions from class path resource [applicationContext.xml]
Oct 10, 2017 5:06:46 PM org.springframework.context.support.ClassPathXmlApplicationContext prepareRefresh
INFO: Refreshing org.springframework.context.support.ClassPathXmlApplicationContext@37670ab9: startup date [Tue Oct 10 17:06:46 EDT 2017]; root of context hierarchy
Oct 10, 2017 5:06:46 PM org.springframework.beans.factory.xml.XmlBeanDefinitionReader loadBeanDefinitions
INFO: Loading XML bean definitions from class path resource [applicationContext.xml]
Oct 10, 2017 5:06:46 PM org.springframework.context.support.ClassPathXmlApplicationContext prepareRefresh
INFO: Refreshing org.springframework.context.support.ClassPathXmlApplicationContext@653ab9ff: startup date [Tue Oct 10 17:06:46 EDT 2017]; root of context hierarchy
Oct 10, 2017 5:06:46 PM org.springframework.beans.factory.xml.XmlBeanDefinitionReader loadBeanDefinitions
INFO: Loading XML bean definitions from class path resource [applicationContext.xml]
Oct 10, 2017 5:06:46 PM org.springframework.context.support.ClassPathXmlApplicationContext prepareRefresh
INFO: Refreshing org.springframework.context.support.ClassPathXmlApplicationContext@5e4d5e88: startup date [Tue Oct 10 17:06:46 EDT 2017]; root of context hierarchy
Oct 10, 2017 5:06:46 PM org.springframework.beans.factory.xml.XmlBeanDefinitionReader loadBeanDefinitions
INFO: Loading XML bean definitions from class path resource [applicationContext.xml]
Oct 10, 2017 5:06:46 PM org.springframework.context.support.ClassPathXmlApplicationContext prepareRefresh
INFO: Refreshing org.springframework.context.support.ClassPathXmlApplicationContext@16d540c7: startup date [Tue Oct 10 17:06:46 EDT 2017]; root of context hierarchy
Oct 10, 2017 5:06:46 PM org.springframework.beans.factory.xml.XmlBeanDefinitionReader loadBeanDefinitions
INFO: Loading XML bean definitions from class path resource [applicationContext.xml]
Oct 10, 2017 5:06:46 PM org.springframework.context.support.ClassPathXmlApplicationContext prepareRefresh
INFO: Refreshing org.springframework.context.support.ClassPathXmlApplicationContext@1c950309: startup date [Tue Oct 10 17:06:46 EDT 2017]; root of context hierarchy
Oct 10, 2017 5:06:46 PM org.springframework.beans.factory.xml.XmlBeanDefinitionReader loadBeanDefinitions
INFO: Loading XML bean definitions from class path resource [applicationContext.xml]
Oct 10, 2017 5:06:46 PM org.springframework.context.support.ClassPathXmlApplicationContext prepareRefresh
INFO: Refreshing org.springframework.context.support.ClassPathXmlApplicationContext@6c9afb10: startup date [Tue Oct 10 17:06:46 EDT 2017]; root of context hierarchy
Oct 10, 2017 5:06:46 PM org.springframework.beans.factory.xml.XmlBeanDefinitionReader loadBeanDefinitions
INFO: Loading XML bean definitions from class path resource [applicationContext.xml]
Oct 10, 2017 5:06:46 PM org.springframework.context.support.ClassPathXmlApplicationContext prepareRefresh
INFO: Refreshing org.springframework.context.support.ClassPathXmlApplicationContext@16d6fdb9: startup date [Tue Oct 10 17:06:46 EDT 2017]; root of context hierarchy
Oct 10, 2017 5:06:46 PM org.springframework.beans.factory.xml.XmlBeanDefinitionReader loadBeanDefinitions
INFO: Loading XML bean definitions from class path resource [applicationContext.xml]
Oct 10, 2017 5:06:46 PM org.springframework.context.support.ClassPathXmlApplicationContext prepareRefresh
INFO: Refreshing org.springframework.context.support.ClassPathXmlApplicationContext@4f19797a: startup date [Tue Oct 10 17:06:46 EDT 2017]; root of context hierarchy
Oct 10, 2017 5:06:46 PM org.springframework.beans.factory.xml.XmlBeanDefinitionReader loadBeanDefinitions
INFO: Loading XML bean definitions from class path resource [applicationContext.xml]
Oct 10, 2017 5:06:46 PM org.springframework.context.support.ClassPathXmlApplicationContext prepareRefresh
INFO: Refreshing org.springframework.context.support.ClassPathXmlApplicationContext@5c01a035: startup date [Tue Oct 10 17:06:46 EDT 2017]; root of context hierarchy
Oct 10, 2017 5:06:46 PM org.springframework.beans.factory.xml.XmlBeanDefinitionReader loadBeanDefinitions
INFO: Loading XML bean definitions from class path resource [applicationContext.xml]
Oct 10, 2017 5:06:47 PM org.springframework.context.support.ClassPathXmlApplicationContext prepareRefresh
INFO: Refreshing org.springframework.context.support.ClassPathXmlApplicationContext@5bf91170: startup date [Tue Oct 10 17:06:47 EDT 2017]; root of context hierarchy
Oct 10, 2017 5:06:47 PM org.springframework.beans.factory.xml.XmlBeanDefinitionReader loadBeanDefinitions
INFO: Loading XML bean definitions from class path resource [applicationContext.xml]
Oct 10, 2017 5:06:47 PM org.springframework.context.support.ClassPathXmlApplicationContext prepareRefresh
INFO: Refreshing org.springframework.context.support.ClassPathXmlApplicationContext@7b1cf70a: startup date [Tue Oct 10 17:06:47 EDT 2017]; root of context hierarchy
Oct 10, 2017 5:06:47 PM org.springframework.beans.factory.xml.XmlBeanDefinitionReader loadBeanDefinitions
INFO: Loading XML bean definitions from class path resource [applicationContext.xml]
Oct 10, 2017 5:06:47 PM org.springframework.context.support.ClassPathXmlApplicationContext prepareRefresh
INFO: Refreshing org.springframework.context.support.ClassPathXmlApplicationContext@42103b02: startup date [Tue Oct 10 17:06:47 EDT 2017]; root of context hierarchy
Oct 10, 2017 5:06:47 PM org.springframework.beans.factory.xml.XmlBeanDefinitionReader loadBeanDefinitions
INFO: Loading XML bean definitions from class path resource [applicationContext.xml]
Oct 10, 2017 5:06:47 PM org.springframework.context.support.ClassPathXmlApplicationContext prepareRefresh
INFO: Refreshing org.springframework.context.support.ClassPathXmlApplicationContext@19535f40: startup date [Tue Oct 10 17:06:47 EDT 2017]; root of context hierarchy
Oct 10, 2017 5:06:47 PM org.springframework.beans.factory.xml.XmlBeanDefinitionReader loadBeanDefinitions
INFO: Loading XML bean definitions from class path resource [applicationContext.xml]
Oct 10, 2017 5:06:47 PM org.springframework.context.support.ClassPathXmlApplicationContext prepareRefresh
INFO: Refreshing org.springframework.context.support.ClassPathXmlApplicationContext@2f4b7fae: startup date [Tue Oct 10 17:06:47 EDT 2017]; root of context hierarchy
Oct 10, 2017 5:06:47 PM org.springframework.beans.factory.xml.XmlBeanDefinitionReader loadBeanDefinitions
INFO: Loading XML bean definitions from class path resource [applicationContext.xml]
Oct 10, 2017 5:06:47 PM org.springframework.context.support.ClassPathXmlApplicationContext prepareRefresh
INFO: Refreshing org.springframework.context.support.ClassPathXmlApplicationContext@5cb9e39f: startup date [Tue Oct 10 17:06:47 EDT 2017]; root of context hierarchy
Oct 10, 2017 5:06:47 PM org.springframework.beans.factory.xml.XmlBeanDefinitionReader loadBeanDefinitions
INFO: Loading XML bean definitions from class path resource [applicationContext.xml]
Oct 10, 2017 5:06:47 PM org.springframework.context.support.ClassPathXmlApplicationContext prepareRefresh
INFO: Refreshing org.springframework.context.support.ClassPathXmlApplicationContext@23dd90a8: startup date [Tue Oct 10 17:06:47 EDT 2017]; root of context hierarchy
Oct 10, 2017 5:06:47 PM org.springframework.beans.factory.xml.XmlBeanDefinitionReader loadBeanDefinitions
INFO: Loading XML bean definitions from class path resource [applicationContext.xml]
Oct 10, 2017 5:06:47 PM org.springframework.context.support.ClassPathXmlApplicationContext prepareRefresh
INFO: Refreshing org.springframework.context.support.ClassPathXmlApplicationContext@22fb7f45: startup date [Tue Oct 10 17:06:47 EDT 2017]; root of context hierarchy
Oct 10, 2017 5:06:47 PM org.springframework.beans.factory.xml.XmlBeanDefinitionReader loadBeanDefinitions
INFO: Loading XML bean definitions from class path resource [applicationContext.xml]
Oct 10, 2017 5:06:47 PM org.springframework.context.support.ClassPathXmlApplicationContext prepareRefresh
INFO: Refreshing org.springframework.context.support.ClassPathXmlApplicationContext@49d2b789: startup date [Tue Oct 10 17:06:47 EDT 2017]; root of context hierarchy
Oct 10, 2017 5:06:47 PM org.springframework.beans.factory.xml.XmlBeanDefinitionReader loadBeanDefinitions
INFO: Loading XML bean definitions from class path resource [applicationContext.xml]
Oct 10, 2017 5:06:47 PM org.springframework.context.support.ClassPathXmlApplicationContext prepareRefresh
INFO: Refreshing org.springframework.context.support.ClassPathXmlApplicationContext@12577eee: startup date [Tue Oct 10 17:06:47 EDT 2017]; root of context hierarchy
Oct 10, 2017 5:06:47 PM org.springframework.beans.factory.xml.XmlBeanDefinitionReader loadBeanDefinitions
INFO: Loading XML bean definitions from class path resource [applicationContext.xml]
Oct 10, 2017 5:06:47 PM org.springframework.context.support.ClassPathXmlApplicationContext prepareRefresh
INFO: Refreshing org.springframework.context.support.ClassPathXmlApplicationContext@5dba69d: startup date [Tue Oct 10 17:06:47 EDT 2017]; root of context hierarchy
Oct 10, 2017 5:06:47 PM org.springframework.beans.factory.xml.XmlBeanDefinitionReader loadBeanDefinitions
INFO: Loading XML bean definitions from class path resource [applicationContext.xml]
Oct 10, 2017 5:06:47 PM org.springframework.context.support.ClassPathXmlApplicationContext prepareRefresh
INFO: Refreshing org.springframework.context.support.ClassPathXmlApplicationContext@1860c471: startup date [Tue Oct 10 17:06:47 EDT 2017]; root of context hierarchy
Oct 10, 2017 5:06:47 PM org.springframework.beans.factory.xml.XmlBeanDefinitionReader loadBeanDefinitions
INFO: Loading XML bean definitions from class path resource [applicationContext.xml]
Oct 10, 2017 5:06:47 PM org.springframework.context.support.ClassPathXmlApplicationContext prepareRefresh
INFO: Refreshing org.springframework.context.support.ClassPathXmlApplicationContext@5c502910: startup date [Tue Oct 10 17:06:47 EDT 2017]; root of context hierarchy
Oct 10, 2017 5:06:47 PM org.springframework.beans.factory.xml.XmlBeanDefinitionReader loadBeanDefinitions
INFO: Loading XML bean definitions from class path resource [applicationContext.xml]
Oct 10, 2017 5:06:47 PM org.springframework.context.support.ClassPathXmlApplicationContext prepareRefresh
INFO: Refreshing org.springframework.context.support.ClassPathXmlApplicationContext@33d8f4cf: startup date [Tue Oct 10 17:06:47 EDT 2017]; root of context hierarchy
Oct 10, 2017 5:06:47 PM org.springframework.beans.factory.xml.XmlBeanDefinitionReader loadBeanDefinitions
INFO: Loading XML bean definitions from class path resource [applicationContext.xml]
Oct 10, 2017 5:06:47 PM org.springframework.context.support.ClassPathXmlApplicationContext prepareRefresh
INFO: Refreshing org.springframework.context.support.ClassPathXmlApplicationContext@3d087ea6: startup date [Tue Oct 10 17:06:47 EDT 2017]; root of context hierarchy
Oct 10, 2017 5:06:47 PM org.springframework.beans.factory.xml.XmlBeanDefinitionReader loadBeanDefinitions
INFO: Loading XML bean definitions from class path resource [applicationContext.xml]
Oct 10, 2017 5:06:47 PM org.springframework.context.support.ClassPathXmlApplicationContext prepareRefresh
INFO: Refreshing org.springframework.context.support.ClassPathXmlApplicationContext@785bb91e: startup date [Tue Oct 10 17:06:47 EDT 2017]; root of context hierarchy
Oct 10, 2017 5:06:47 PM org.springframework.beans.factory.xml.XmlBeanDefinitionReader loadBeanDefinitions
INFO: Loading XML bean definitions from class path resource [applicationContext.xml]
Oct 10, 2017 5:06:47 PM org.springframework.context.support.ClassPathXmlApplicationContext prepareRefresh
INFO: Refreshing org.springframework.context.support.ClassPathXmlApplicationContext@50bfc41d: startup date [Tue Oct 10 17:06:47 EDT 2017]; root of context hierarchy
Oct 10, 2017 5:06:47 PM org.springframework.beans.factory.xml.XmlBeanDefinitionReader loadBeanDefinitions
INFO: Loading XML bean definitions from class path resource [applicationContext.xml]
Oct 10, 2017 5:06:47 PM org.springframework.context.support.ClassPathXmlApplicationContext prepareRefresh
INFO: Refreshing org.springframework.context.support.ClassPathXmlApplicationContext@62ae8982: startup date [Tue Oct 10 17:06:47 EDT 2017]; root of context hierarchy
Oct 10, 2017 5:06:47 PM org.springframework.beans.factory.xml.XmlBeanDefinitionReader loadBeanDefinitions
INFO: Loading XML bean definitions from class path resource [applicationContext.xml]
Oct 10, 2017 5:06:47 PM org.springframework.context.support.ClassPathXmlApplicationContext prepareRefresh
INFO: Refreshing org.springframework.context.support.ClassPathXmlApplicationContext@2019f058: startup date [Tue Oct 10 17:06:47 EDT 2017]; root of context hierarchy
Oct 10, 2017 5:06:47 PM org.springframework.beans.factory.xml.XmlBeanDefinitionReader loadBeanDefinitions
INFO: Loading XML bean definitions from class path resource [applicationContext.xml]
Oct 10, 2017 5:06:47 PM org.springframework.context.support.ClassPathXmlApplicationContext prepareRefresh
INFO: Refreshing org.springframework.context.support.ClassPathXmlApplicationContext@1f6293a9: startup date [Tue Oct 10 17:06:47 EDT 2017]; root of context hierarchy
Oct 10, 2017 5:06:47 PM org.springframework.beans.factory.xml.XmlBeanDefinitionReader loadBeanDefinitions
INFO: Loading XML bean definitions from class path resource [applicationContext.xml]
Oct 10, 2017 5:06:47 PM org.springframework.context.support.ClassPathXmlApplicationContext prepareRefresh
INFO: Refreshing org.springframework.context.support.ClassPathXmlApplicationContext@17ab2be2: startup date [Tue Oct 10 17:06:47 EDT 2017]; root of context hierarchy
Oct 10, 2017 5:06:47 PM org.springframework.beans.factory.xml.XmlBeanDefinitionReader loadBeanDefinitions
INFO: Loading XML bean definitions from class path resource [applicationContext.xml]
Oct 10, 2017 5:06:47 PM org.springframework.context.support.ClassPathXmlApplicationContext prepareRefresh
INFO: Refreshing org.springframework.context.support.ClassPathXmlApplicationContext@20e95a2a: startup date [Tue Oct 10 17:06:47 EDT 2017]; root of context hierarchy
Oct 10, 2017 5:06:47 PM org.springframework.beans.factory.xml.XmlBeanDefinitionReader loadBeanDefinitions
INFO: Loading XML bean definitions from class path resource [applicationContext.xml]
Oct 10, 2017 5:06:47 PM org.springframework.context.support.ClassPathXmlApplicationContext prepareRefresh
INFO: Refreshing org.springframework.context.support.ClassPathXmlApplicationContext@517b8484: startup date [Tue Oct 10 17:06:47 EDT 2017]; root of context hierarchy
Oct 10, 2017 5:06:47 PM org.springframework.beans.factory.xml.XmlBeanDefinitionReader loadBeanDefinitions
INFO: Loading XML bean definitions from class path resource [applicationContext.xml]
Oct 10, 2017 5:06:47 PM org.springframework.context.support.ClassPathXmlApplicationContext prepareRefresh
INFO: Refreshing org.springframework.context.support.ClassPathXmlApplicationContext@5b29a895: startup date [Tue Oct 10 17:06:47 EDT 2017]; root of context hierarchy
Oct 10, 2017 5:06:47 PM org.springframework.beans.factory.xml.XmlBeanDefinitionReader loadBeanDefinitions
INFO: Loading XML bean definitions from class path resource [applicationContext.xml]
Oct 10, 2017 5:06:47 PM org.springframework.context.support.ClassPathXmlApplicationContext prepareRefresh
INFO: Refreshing org.springframework.context.support.ClassPathXmlApplicationContext@76a0fe82: startup date [Tue Oct 10 17:06:47 EDT 2017]; root of context hierarchy
Oct 10, 2017 5:06:47 PM org.springframework.beans.factory.xml.XmlBeanDefinitionReader loadBeanDefinitions
INFO: Loading XML bean definitions from class path resource [applicationContext.xml]
Oct 10, 2017 5:06:47 PM org.springframework.context.support.ClassPathXmlApplicationContext prepareRefresh
INFO: Refreshing org.springframework.context.support.ClassPathXmlApplicationContext@3eda2092: startup date [Tue Oct 10 17:06:47 EDT 2017]; root of context hierarchy
Oct 10, 2017 5:06:47 PM org.springframework.beans.factory.xml.XmlBeanDefinitionReader loadBeanDefinitions
INFO: Loading XML bean definitions from class path resource [applicationContext.xml]
Oct 10, 2017 5:06:47 PM org.springframework.context.support.ClassPathXmlApplicationContext prepareRefresh
INFO: Refreshing org.springframework.context.support.ClassPathXmlApplicationContext@3158d8f8: startup date [Tue Oct 10 17:06:47 EDT 2017]; root of context hierarchy
Oct 10, 2017 5:06:47 PM org.springframework.beans.factory.xml.XmlBeanDefinitionReader loadBeanDefinitions
INFO: Loading XML bean definitions from class path resource [applicationContext.xml]
Oct 10, 2017 5:06:47 PM org.springframework.context.support.ClassPathXmlApplicationContext prepareRefresh
INFO: Refreshing org.springframework.context.support.ClassPathXmlApplicationContext@46bb23d9: startup date [Tue Oct 10 17:06:47 EDT 2017]; root of context hierarchy
Oct 10, 2017 5:06:47 PM org.springframework.beans.factory.xml.XmlBeanDefinitionReader loadBeanDefinitions
INFO: Loading XML bean definitions from class path resource [applicationContext.xml]
Oct 10, 2017 5:06:47 PM org.springframework.context.support.ClassPathXmlApplicationContext prepareRefresh
INFO: Refreshing org.springframework.context.support.ClassPathXmlApplicationContext@1e5c6901: startup date [Tue Oct 10 17:06:47 EDT 2017]; root of context hierarchy
Oct 10, 2017 5:06:47 PM org.springframework.beans.factory.xml.XmlBeanDefinitionReader loadBeanDefinitions
INFO: Loading XML bean definitions from class path resource [applicationContext.xml]
Oct 10, 2017 5:06:47 PM org.springframework.context.support.ClassPathXmlApplicationContext prepareRefresh
INFO: Refreshing org.springframework.context.support.ClassPathXmlApplicationContext@5d7d6dc5: startup date [Tue Oct 10 17:06:47 EDT 2017]; root of context hierarchy
Oct 10, 2017 5:06:47 PM org.springframework.beans.factory.xml.XmlBeanDefinitionReader loadBeanDefinitions
INFO: Loading XML bean definitions from class path resource [applicationContext.xml]
Oct 10, 2017 5:06:47 PM org.springframework.context.support.ClassPathXmlApplicationContext prepareRefresh
INFO: Refreshing org.springframework.context.support.ClassPathXmlApplicationContext@1a2a5f41: startup date [Tue Oct 10 17:06:47 EDT 2017]; root of context hierarchy
Oct 10, 2017 5:06:47 PM org.springframework.beans.factory.xml.XmlBeanDefinitionReader loadBeanDefinitions
INFO: Loading XML bean definitions from class path resource [applicationContext.xml]
Oct 10, 2017 5:06:47 PM org.springframework.context.support.ClassPathXmlApplicationContext prepareRefresh
INFO: Refreshing org.springframework.context.support.ClassPathXmlApplicationContext@22b2a64f: startup date [Tue Oct 10 17:06:47 EDT 2017]; root of context hierarchy
Oct 10, 2017 5:06:47 PM org.springframework.beans.factory.xml.XmlBeanDefinitionReader loadBeanDefinitions
INFO: Loading XML bean definitions from class path resource [applicationContext.xml]
Oct 10, 2017 5:06:47 PM org.springframework.context.support.ClassPathXmlApplicationContext prepareRefresh
INFO: Refreshing org.springframework.context.support.ClassPathXmlApplicationContext@3bd54c91: startup date [Tue Oct 10 17:06:47 EDT 2017]; root of context hierarchy
Oct 10, 2017 5:06:47 PM org.springframework.beans.factory.xml.XmlBeanDefinitionReader loadBeanDefinitions
INFO: Loading XML bean definitions from class path resource [applicationContext.xml]
Oct 10, 2017 5:06:47 PM org.springframework.context.support.ClassPathXmlApplicationContext prepareRefresh
INFO: Refreshing org.springframework.context.support.ClassPathXmlApplicationContext@280f2ac8: startup date [Tue Oct 10 17:06:47 EDT 2017]; root of context hierarchy
Oct 10, 2017 5:06:47 PM org.springframework.beans.factory.xml.XmlBeanDefinitionReader loadBeanDefinitions
INFO: Loading XML bean definitions from class path resource [applicationContext.xml]
Oct 10, 2017 5:06:47 PM org.springframework.context.support.ClassPathXmlApplicationContext prepareRefresh
INFO: Refreshing org.springframework.context.support.ClassPathXmlApplicationContext@2471700d: startup date [Tue Oct 10 17:06:47 EDT 2017]; root of context hierarchy
Oct 10, 2017 5:06:47 PM org.springframework.beans.factory.xml.XmlBeanDefinitionReader loadBeanDefinitions
INFO: Loading XML bean definitions from class path resource [applicationContext.xml]
Oct 10, 2017 5:06:47 PM org.springframework.context.support.ClassPathXmlApplicationContext prepareRefresh
INFO: Refreshing org.springframework.context.support.ClassPathXmlApplicationContext@42b7ff66: startup date [Tue Oct 10 17:06:47 EDT 2017]; root of context hierarchy
Oct 10, 2017 5:06:47 PM org.springframework.beans.factory.xml.XmlBeanDefinitionReader loadBeanDefinitions
INFO: Loading XML bean definitions from class path resource [applicationContext.xml]
Oct 10, 2017 5:06:47 PM org.springframework.context.support.ClassPathXmlApplicationContext prepareRefresh
INFO: Refreshing org.springframework.context.support.ClassPathXmlApplicationContext@59d6d32d: startup date [Tue Oct 10 17:06:47 EDT 2017]; root of context hierarchy
Oct 10, 2017 5:06:47 PM org.springframework.beans.factory.xml.XmlBeanDefinitionReader loadBeanDefinitions
INFO: Loading XML bean definitions from class path resource [applicationContext.xml]
Oct 10, 2017 5:06:47 PM org.springframework.context.support.ClassPathXmlApplicationContext prepareRefresh
INFO: Refreshing org.springframework.context.support.ClassPathXmlApplicationContext@6823e127: startup date [Tue Oct 10 17:06:47 EDT 2017]; root of context hierarchy
Oct 10, 2017 5:06:47 PM org.springframework.beans.factory.xml.XmlBeanDefinitionReader loadBeanDefinitions
INFO: Loading XML bean definitions from class path resource [applicationContext.xml]
Oct 10, 2017 5:06:47 PM org.springframework.context.support.ClassPathXmlApplicationContext prepareRefresh
INFO: Refreshing org.springframework.context.support.ClassPathXmlApplicationContext@2882c65b: startup date [Tue Oct 10 17:06:47 EDT 2017]; root of context hierarchy
Oct 10, 2017 5:06:47 PM org.springframework.beans.factory.xml.XmlBeanDefinitionReader loadBeanDefinitions
INFO: Loading XML bean definitions from class path resource [applicationContext.xml]
Oct 10, 2017 5:06:47 PM org.springframework.context.support.ClassPathXmlApplicationContext prepareRefresh
INFO: Refreshing org.springframework.context.support.ClassPathXmlApplicationContext@6edfb24d: startup date [Tue Oct 10 17:06:47 EDT 2017]; root of context hierarchy
Oct 10, 2017 5:06:47 PM org.springframework.beans.factory.xml.XmlBeanDefinitionReader loadBeanDefinitions
INFO: Loading XML bean definitions from class path resource [applicationContext.xml]
Oct 10, 2017 5:06:47 PM org.springframework.context.support.ClassPathXmlApplicationContext prepareRefresh
INFO: Refreshing org.springframework.context.support.ClassPathXmlApplicationContext@6e266fce: startup date [Tue Oct 10 17:06:47 EDT 2017]; root of context hierarchy
Oct 10, 2017 5:06:47 PM org.springframework.beans.factory.xml.XmlBeanDefinitionReader loadBeanDefinitions
INFO: Loading XML bean definitions from class path resource [applicationContext.xml]
Oct 10, 2017 5:06:47 PM org.springframework.context.support.ClassPathXmlApplicationContext prepareRefresh
INFO: Refreshing org.springframework.context.support.ClassPathXmlApplicationContext@5dc71f89: startup date [Tue Oct 10 17:06:47 EDT 2017]; root of context hierarchy
Oct 10, 2017 5:06:47 PM org.springframework.beans.factory.xml.XmlBeanDefinitionReader loadBeanDefinitions
INFO: Loading XML bean definitions from class path resource [applicationContext.xml]
Oct 10, 2017 5:06:47 PM org.springframework.context.support.ClassPathXmlApplicationContext prepareRefresh
INFO: Refreshing org.springframework.context.support.ClassPathXmlApplicationContext@7e102bd5: startup date [Tue Oct 10 17:06:47 EDT 2017]; root of context hierarchy
Oct 10, 2017 5:06:47 PM org.springframework.beans.factory.xml.XmlBeanDefinitionReader loadBeanDefinitions
INFO: Loading XML bean definitions from class path resource [applicationContext.xml]
Oct 10, 2017 5:06:47 PM org.springframework.context.support.ClassPathXmlApplicationContext prepareRefresh
INFO: Refreshing org.springframework.context.support.ClassPathXmlApplicationContext@1118bef5: startup date [Tue Oct 10 17:06:47 EDT 2017]; root of context hierarchy
Oct 10, 2017 5:06:47 PM org.springframework.beans.factory.xml.XmlBeanDefinitionReader loadBeanDefinitions
INFO: Loading XML bean definitions from class path resource [applicationContext.xml]
Oct 10, 2017 5:06:47 PM org.springframework.context.support.ClassPathXmlApplicationContext prepareRefresh
INFO: Refreshing org.springframework.context.support.ClassPathXmlApplicationContext@4ef5cb21: startup date [Tue Oct 10 17:06:47 EDT 2017]; root of context hierarchy
Oct 10, 2017 5:06:47 PM org.springframework.beans.factory.xml.XmlBeanDefinitionReader loadBeanDefinitions
INFO: Loading XML bean definitions from class path resource [applicationContext.xml]
Oct 10, 2017 5:06:47 PM org.springframework.context.support.ClassPathXmlApplicationContext prepareRefresh
INFO: Refreshing org.springframework.context.support.ClassPathXmlApplicationContext@6506429: startup date [Tue Oct 10 17:06:47 EDT 2017]; root of context hierarchy
Oct 10, 2017 5:06:47 PM org.springframework.beans.factory.xml.XmlBeanDefinitionReader loadBeanDefinitions
INFO: Loading XML bean definitions from class path resource [applicationContext.xml]
Oct 10, 2017 5:06:47 PM org.springframework.context.support.ClassPathXmlApplicationContext prepareRefresh
INFO: Refreshing org.springframework.context.support.ClassPathXmlApplicationContext@71a39de4: startup date [Tue Oct 10 17:06:47 EDT 2017]; root of context hierarchy
Oct 10, 2017 5:06:47 PM org.springframework.beans.factory.xml.XmlBeanDefinitionReader loadBeanDefinitions
INFO: Loading XML bean definitions from class path resource [applicationContext.xml]
Oct 10, 2017 5:06:47 PM org.springframework.context.support.ClassPathXmlApplicationContext prepareRefresh
INFO: Refreshing org.springframework.context.support.ClassPathXmlApplicationContext@31c6f13e: startup date [Tue Oct 10 17:06:47 EDT 2017]; root of context hierarchy
Oct 10, 2017 5:06:47 PM org.springframework.beans.factory.xml.XmlBeanDefinitionReader loadBeanDefinitions
INFO: Loading XML bean definitions from class path resource [applicationContext.xml]
Oct 10, 2017 5:06:47 PM org.springframework.context.support.ClassPathXmlApplicationContext prepareRefresh
INFO: Refreshing org.springframework.context.support.ClassPathXmlApplicationContext@166f006c: startup date [Tue Oct 10 17:06:47 EDT 2017]; root of context hierarchy
Oct 10, 2017 5:06:47 PM org.springframework.beans.factory.xml.XmlBeanDefinitionReader loadBeanDefinitions
INFO: Loading XML bean definitions from class path resource [applicationContext.xml]
Oct 10, 2017 5:06:47 PM org.springframework.context.support.ClassPathXmlApplicationContext prepareRefresh
INFO: Refreshing org.springframework.context.support.ClassPathXmlApplicationContext@5fd73f31: startup date [Tue Oct 10 17:06:47 EDT 2017]; root of context hierarchy
Oct 10, 2017 5:06:47 PM org.springframework.beans.factory.xml.XmlBeanDefinitionReader loadBeanDefinitions
INFO: Loading XML bean definitions from class path resource [applicationContext.xml]
Oct 10, 2017 5:06:47 PM org.springframework.context.support.ClassPathXmlApplicationContext prepareRefresh
INFO: Refreshing org.springframework.context.support.ClassPathXmlApplicationContext@26634491: startup date [Tue Oct 10 17:06:47 EDT 2017]; root of context hierarchy
Oct 10, 2017 5:06:47 PM org.springframework.beans.factory.xml.XmlBeanDefinitionReader loadBeanDefinitions
INFO: Loading XML bean definitions from class path resource [applicationContext.xml]
Oct 10, 2017 5:06:47 PM org.springframework.context.support.ClassPathXmlApplicationContext prepareRefresh
INFO: Refreshing org.springframework.context.support.ClassPathXmlApplicationContext@12818db8: startup date [Tue Oct 10 17:06:47 EDT 2017]; root of context hierarchy
Oct 10, 2017 5:06:47 PM org.springframework.beans.factory.xml.XmlBeanDefinitionReader loadBeanDefinitions
INFO: Loading XML bean definitions from class path resource [applicationContext.xml]
Oct 10, 2017 5:06:47 PM org.springframework.context.support.ClassPathXmlApplicationContext prepareRefresh
INFO: Refreshing org.springframework.context.support.ClassPathXmlApplicationContext@7add5df: startup date [Tue Oct 10 17:06:47 EDT 2017]; root of context hierarchy
Oct 10, 2017 5:06:47 PM org.springframework.beans.factory.xml.XmlBeanDefinitionReader loadBeanDefinitions
INFO: Loading XML bean definitions from class path resource [applicationContext.xml]
Oct 10, 2017 5:06:47 PM org.springframework.context.support.ClassPathXmlApplicationContext prepareRefresh
INFO: Refreshing org.springframework.context.support.ClassPathXmlApplicationContext@e02131e: startup date [Tue Oct 10 17:06:47 EDT 2017]; root of context hierarchy
Oct 10, 2017 5:06:47 PM org.springframework.beans.factory.xml.XmlBeanDefinitionReader loadBeanDefinitions
INFO: Loading XML bean definitions from class path resource [applicationContext.xml]
Oct 10, 2017 5:06:47 PM org.springframework.context.support.ClassPathXmlApplicationContext prepareRefresh
INFO: Refreshing org.springframework.context.support.ClassPathXmlApplicationContext@79236708: startup date [Tue Oct 10 17:06:47 EDT 2017]; root of context hierarchy
Oct 10, 2017 5:06:47 PM org.springframework.beans.factory.xml.XmlBeanDefinitionReader loadBeanDefinitions
INFO: Loading XML bean definitions from class path resource [applicationContext.xml]
Oct 10, 2017 5:06:47 PM org.springframework.context.support.ClassPathXmlApplicationContext prepareRefresh
INFO: Refreshing org.springframework.context.support.ClassPathXmlApplicationContext@64b70642: startup date [Tue Oct 10 17:06:47 EDT 2017]; root of context hierarchy
Oct 10, 2017 5:06:47 PM org.springframework.beans.factory.xml.XmlBeanDefinitionReader loadBeanDefinitions
INFO: Loading XML bean definitions from class path resource [applicationContext.xml]
Oct 10, 2017 5:06:47 PM org.springframework.context.support.ClassPathXmlApplicationContext prepareRefresh
INFO: Refreshing org.springframework.context.support.ClassPathXmlApplicationContext@2fdf2f78: startup date [Tue Oct 10 17:06:47 EDT 2017]; root of context hierarchy
Oct 10, 2017 5:06:47 PM org.springframework.beans.factory.xml.XmlBeanDefinitionReader loadBeanDefinitions
INFO: Loading XML bean definitions from class path resource [applicationContext.xml]
Oct 10, 2017 5:06:47 PM org.springframework.context.support.ClassPathXmlApplicationContext prepareRefresh
INFO: Refreshing org.springframework.context.support.ClassPathXmlApplicationContext@2a6fb565: startup date [Tue Oct 10 17:06:47 EDT 2017]; root of context hierarchy
Oct 10, 2017 5:06:47 PM org.springframework.beans.factory.xml.XmlBeanDefinitionReader loadBeanDefinitions
INFO: Loading XML bean definitions from class path resource [applicationContext.xml]
Oct 10, 2017 5:06:47 PM org.springframework.context.support.ClassPathXmlApplicationContext prepareRefresh
INFO: Refreshing org.springframework.context.support.ClassPathXmlApplicationContext@3b5b6bb3: startup date [Tue Oct 10 17:06:47 EDT 2017]; root of context hierarchy
Oct 10, 2017 5:06:47 PM org.springframework.beans.factory.xml.XmlBeanDefinitionReader loadBeanDefinitions
INFO: Loading XML bean definitions from class path resource [applicationContext.xml]
Oct 10, 2017 5:06:47 PM org.springframework.context.support.ClassPathXmlApplicationContext prepareRefresh
INFO: Refreshing org.springframework.context.support.ClassPathXmlApplicationContext@685b34bb: startup date [Tue Oct 10 17:06:47 EDT 2017]; root of context hierarchy
Oct 10, 2017 5:06:47 PM org.springframework.beans.factory.xml.XmlBeanDefinitionReader loadBeanDefinitions
INFO: Loading XML bean definitions from class path resource [applicationContext.xml]
Oct 10, 2017 5:06:47 PM org.springframework.context.support.ClassPathXmlApplicationContext prepareRefresh
INFO: Refreshing org.springframework.context.support.ClassPathXmlApplicationContext@356133c9: startup date [Tue Oct 10 17:06:47 EDT 2017]; root of context hierarchy
Oct 10, 2017 5:06:47 PM org.springframework.beans.factory.xml.XmlBeanDefinitionReader loadBeanDefinitions
INFO: Loading XML bean definitions from class path resource [applicationContext.xml]
Oct 10, 2017 5:06:47 PM org.springframework.context.support.ClassPathXmlApplicationContext prepareRefresh
INFO: Refreshing org.springframework.context.support.ClassPathXmlApplicationContext@2431015d: startup date [Tue Oct 10 17:06:47 EDT 2017]; root of context hierarchy
Oct 10, 2017 5:06:47 PM org.springframework.beans.factory.xml.XmlBeanDefinitionReader loadBeanDefinitions
INFO: Loading XML bean definitions from class path resource [applicationContext.xml]
Oct 10, 2017 5:06:47 PM org.springframework.context.support.ClassPathXmlApplicationContext prepareRefresh
INFO: Refreshing org.springframework.context.support.ClassPathXmlApplicationContext@58012f50: startup date [Tue Oct 10 17:06:47 EDT 2017]; root of context hierarchy
Oct 10, 2017 5:06:47 PM org.springframework.beans.factory.xml.XmlBeanDefinitionReader loadBeanDefinitions
INFO: Loading XML bean definitions from class path resource [applicationContext.xml]
Oct 10, 2017 5:06:47 PM org.springframework.context.support.ClassPathXmlApplicationContext prepareRefresh
INFO: Refreshing org.springframework.context.support.ClassPathXmlApplicationContext@2ee7dd30: startup date [Tue Oct 10 17:06:47 EDT 2017]; root of context hierarchy
Oct 10, 2017 5:06:47 PM org.springframework.beans.factory.xml.XmlBeanDefinitionReader loadBeanDefinitions
INFO: Loading XML bean definitions from class path resource [applicationContext.xml]
Oct 10, 2017 5:06:47 PM org.springframework.context.support.ClassPathXmlApplicationContext prepareRefresh
INFO: Refreshing org.springframework.context.support.ClassPathXmlApplicationContext@6d0d573c: startup date [Tue Oct 10 17:06:47 EDT 2017]; root of context hierarchy
Oct 10, 2017 5:06:47 PM org.springframework.beans.factory.xml.XmlBeanDefinitionReader loadBeanDefinitions
INFO: Loading XML bean definitions from class path resource [applicationContext.xml]
Oct 10, 2017 5:06:47 PM org.springframework.context.support.ClassPathXmlApplicationContext prepareRefresh
INFO: Refreshing org.springframework.context.support.ClassPathXmlApplicationContext@3bd71808: startup date [Tue Oct 10 17:06:47 EDT 2017]; root of context hierarchy
Oct 10, 2017 5:06:47 PM org.springframework.beans.factory.xml.XmlBeanDefinitionReader loadBeanDefinitions
INFO: Loading XML bean definitions from class path resource [applicationContext.xml]
Oct 10, 2017 5:06:47 PM org.springframework.context.support.ClassPathXmlApplicationContext prepareRefresh
INFO: Refreshing org.springframework.context.support.ClassPathXmlApplicationContext@1786c1ba: startup date [Tue Oct 10 17:06:47 EDT 2017]; root of context hierarchy
Oct 10, 2017 5:06:47 PM org.springframework.beans.factory.xml.XmlBeanDefinitionReader loadBeanDefinitions
INFO: Loading XML bean definitions from class path resource [applicationContext.xml]
Oct 10, 2017 5:06:48 PM org.springframework.context.support.ClassPathXmlApplicationContext prepareRefresh
INFO: Refreshing org.springframework.context.support.ClassPathXmlApplicationContext@6b07a040: startup date [Tue Oct 10 17:06:48 EDT 2017]; root of context hierarchy
Oct 10, 2017 5:06:48 PM org.springframework.beans.factory.xml.XmlBeanDefinitionReader loadBeanDefinitions
INFO: Loading XML bean definitions from class path resource [applicationContext.xml]
Oct 10, 2017 5:06:48 PM org.springframework.context.support.ClassPathXmlApplicationContext prepareRefresh
INFO: Refreshing org.springframework.context.support.ClassPathXmlApplicationContext@75d1847c: startup date [Tue Oct 10 17:06:48 EDT 2017]; root of context hierarchy
Oct 10, 2017 5:06:48 PM org.springframework.beans.factory.xml.XmlBeanDefinitionReader loadBeanDefinitions
INFO: Loading XML bean definitions from class path resource [applicationContext.xml]
Oct 10, 2017 5:06:48 PM org.springframework.context.support.ClassPathXmlApplicationContext prepareRefresh
INFO: Refreshing org.springframework.context.support.ClassPathXmlApplicationContext@482df729: startup date [Tue Oct 10 17:06:48 EDT 2017]; root of context hierarchy
Oct 10, 2017 5:06:48 PM org.springframework.beans.factory.xml.XmlBeanDefinitionReader loadBeanDefinitions
INFO: Loading XML bean definitions from class path resource [applicationContext.xml]
Oct 10, 2017 5:06:48 PM org.springframework.context.support.ClassPathXmlApplicationContext prepareRefresh
INFO: Refreshing org.springframework.context.support.ClassPathXmlApplicationContext@4449c663: startup date [Tue Oct 10 17:06:48 EDT 2017]; root of context hierarchy
Oct 10, 2017 5:06:48 PM org.springframework.beans.factory.xml.XmlBeanDefinitionReader loadBeanDefinitions
INFO: Loading XML bean definitions from class path resource [applicationContext.xml]
Oct 10, 2017 5:06:48 PM org.springframework.context.support.ClassPathXmlApplicationContext prepareRefresh
INFO: Refreshing org.springframework.context.support.ClassPathXmlApplicationContext@6fa98bf8: startup date [Tue Oct 10 17:06:48 EDT 2017]; root of context hierarchy
Oct 10, 2017 5:06:48 PM org.springframework.beans.factory.xml.XmlBeanDefinitionReader loadBeanDefinitions
INFO: Loading XML bean definitions from class path resource [applicationContext.xml]
Oct 10, 2017 5:06:48 PM org.springframework.context.support.ClassPathXmlApplicationContext prepareRefresh
INFO: Refreshing org.springframework.context.support.ClassPathXmlApplicationContext@561ed3cd: startup date [Tue Oct 10 17:06:48 EDT 2017]; root of context hierarchy
Oct 10, 2017 5:06:48 PM org.springframework.beans.factory.xml.XmlBeanDefinitionReader loadBeanDefinitions
INFO: Loading XML bean definitions from class path resource [applicationContext.xml]
Oct 10, 2017 5:06:48 PM org.springframework.context.support.ClassPathXmlApplicationContext prepareRefresh
INFO: Refreshing org.springframework.context.support.ClassPathXmlApplicationContext@55db737: startup date [Tue Oct 10 17:06:48 EDT 2017]; root of context hierarchy
Oct 10, 2017 5:06:48 PM org.springframework.beans.factory.xml.XmlBeanDefinitionReader loadBeanDefinitions
INFO: Loading XML bean definitions from class path resource [applicationContext.xml]
Oct 10, 2017 5:06:48 PM org.springframework.context.support.ClassPathXmlApplicationContext prepareRefresh
INFO: Refreshing org.springframework.context.support.ClassPathXmlApplicationContext@5c8d00bb: startup date [Tue Oct 10 17:06:48 EDT 2017]; root of context hierarchy
Oct 10, 2017 5:06:48 PM org.springframework.beans.factory.xml.XmlBeanDefinitionReader loadBeanDefinitions
INFO: Loading XML bean definitions from class path resource [applicationContext.xml]
Oct 10, 2017 5:06:48 PM org.springframework.context.support.ClassPathXmlApplicationContext prepareRefresh
INFO: Refreshing org.springframework.context.support.ClassPathXmlApplicationContext@509ca947: startup date [Tue Oct 10 17:06:48 EDT 2017]; root of context hierarchy
Oct 10, 2017 5:06:48 PM org.springframework.beans.factory.xml.XmlBeanDefinitionReader loadBeanDefinitions
INFO: Loading XML bean definitions from class path resource [applicationContext.xml]
Oct 10, 2017 5:06:48 PM org.springframework.context.support.ClassPathXmlApplicationContext prepareRefresh
INFO: Refreshing org.springframework.context.support.ClassPathXmlApplicationContext@552b8fd2: startup date [Tue Oct 10 17:06:48 EDT 2017]; root of context hierarchy
Oct 10, 2017 5:06:48 PM org.springframework.beans.factory.xml.XmlBeanDefinitionReader loadBeanDefinitions
INFO: Loading XML bean definitions from class path resource [applicationContext.xml]
Oct 10, 2017 5:06:48 PM org.springframework.context.support.ClassPathXmlApplicationContext prepareRefresh
INFO: Refreshing org.springframework.context.support.ClassPathXmlApplicationContext@6063ed0a: startup date [Tue Oct 10 17:06:48 EDT 2017]; root of context hierarchy
Oct 10, 2017 5:06:48 PM org.springframework.beans.factory.xml.XmlBeanDefinitionReader loadBeanDefinitions
INFO: Loading XML bean definitions from class path resource [applicationContext.xml]
Oct 10, 2017 5:06:48 PM org.springframework.context.support.ClassPathXmlApplicationContext prepareRefresh
INFO: Refreshing org.springframework.context.support.ClassPathXmlApplicationContext@52f758e0: startup date [Tue Oct 10 17:06:48 EDT 2017]; root of context hierarchy
Oct 10, 2017 5:06:48 PM org.springframework.beans.factory.xml.XmlBeanDefinitionReader loadBeanDefinitions
INFO: Loading XML bean definitions from class path resource [applicationContext.xml]
Oct 10, 2017 5:06:48 PM org.springframework.context.support.ClassPathXmlApplicationContext prepareRefresh
INFO: Refreshing org.springframework.context.support.ClassPathXmlApplicationContext@7e3d29ee: startup date [Tue Oct 10 17:06:48 EDT 2017]; root of context hierarchy
Oct 10, 2017 5:06:48 PM org.springframework.beans.factory.xml.XmlBeanDefinitionReader loadBeanDefinitions
INFO: Loading XML bean definitions from class path resource [applicationContext.xml]
Oct 10, 2017 5:06:48 PM org.springframework.context.support.ClassPathXmlApplicationContext prepareRefresh
INFO: Refreshing org.springframework.context.support.ClassPathXmlApplicationContext@359bc6e0: startup date [Tue Oct 10 17:06:48 EDT 2017]; root of context hierarchy
Oct 10, 2017 5:06:48 PM org.springframework.beans.factory.xml.XmlBeanDefinitionReader loadBeanDefinitions
INFO: Loading XML bean definitions from class path resource [applicationContext.xml]
Oct 10, 2017 5:06:48 PM org.springframework.context.support.ClassPathXmlApplicationContext prepareRefresh
INFO: Refreshing org.springframework.context.support.ClassPathXmlApplicationContext@5e0eadcd: startup date [Tue Oct 10 17:06:48 EDT 2017]; root of context hierarchy
Oct 10, 2017 5:06:48 PM org.springframework.beans.factory.xml.XmlBeanDefinitionReader loadBeanDefinitions
INFO: Loading XML bean definitions from class path resource [applicationContext.xml]
Oct 10, 2017 5:06:48 PM org.springframework.context.support.ClassPathXmlApplicationContext prepareRefresh
INFO: Refreshing org.springframework.context.support.ClassPathXmlApplicationContext@30d23822: startup date [Tue Oct 10 17:06:48 EDT 2017]; root of context hierarchy
Oct 10, 2017 5:06:48 PM org.springframework.beans.factory.xml.XmlBeanDefinitionReader loadBeanDefinitions
INFO: Loading XML bean definitions from class path resource [applicationContext.xml]
Oct 10, 2017 5:06:48 PM org.springframework.context.support.ClassPathXmlApplicationContext prepareRefresh
INFO: Refreshing org.springframework.context.support.ClassPathXmlApplicationContext@143a481d: startup date [Tue Oct 10 17:06:48 EDT 2017]; root of context hierarchy
Oct 10, 2017 5:06:48 PM org.springframework.beans.factory.xml.XmlBeanDefinitionReader loadBeanDefinitions
INFO: Loading XML bean definitions from class path resource [applicationContext.xml]
Oct 10, 2017 5:06:48 PM org.springframework.context.support.ClassPathXmlApplicationContext prepareRefresh
INFO: Refreshing org.springframework.context.support.ClassPathXmlApplicationContext@313b9ff0: startup date [Tue Oct 10 17:06:48 EDT 2017]; root of context hierarchy
Oct 10, 2017 5:06:48 PM org.springframework.beans.factory.xml.XmlBeanDefinitionReader loadBeanDefinitions
INFO: Loading XML bean definitions from class path resource [applicationContext.xml]
Oct 10, 2017 5:06:48 PM org.springframework.context.support.ClassPathXmlApplicationContext prepareRefresh
INFO: Refreshing org.springframework.context.support.ClassPathXmlApplicationContext@73e6fa3e: startup date [Tue Oct 10 17:06:48 EDT 2017]; root of context hierarchy
Oct 10, 2017 5:06:48 PM org.springframework.beans.factory.xml.XmlBeanDefinitionReader loadBeanDefinitions
INFO: Loading XML bean definitions from class path resource [applicationContext.xml]
Oct 10, 2017 5:06:48 PM org.springframework.context.support.ClassPathXmlApplicationContext prepareRefresh
INFO: Refreshing org.springframework.context.support.ClassPathXmlApplicationContext@3d83a4a7: startup date [Tue Oct 10 17:06:48 EDT 2017]; root of context hierarchy
Oct 10, 2017 5:06:48 PM org.springframework.beans.factory.xml.XmlBeanDefinitionReader loadBeanDefinitions
INFO: Loading XML bean definitions from class path resource [applicationContext.xml]
Oct 10, 2017 5:06:48 PM org.springframework.context.support.ClassPathXmlApplicationContext prepareRefresh
INFO: Refreshing org.springframework.context.support.ClassPathXmlApplicationContext@3f67b461: startup date [Tue Oct 10 17:06:48 EDT 2017]; root of context hierarchy
Oct 10, 2017 5:06:48 PM org.springframework.beans.factory.xml.XmlBeanDefinitionReader loadBeanDefinitions
INFO: Loading XML bean definitions from class path resource [applicationContext.xml]
Oct 10, 2017 5:06:48 PM org.springframework.context.support.ClassPathXmlApplicationContext prepareRefresh
INFO: Refreshing org.springframework.context.support.ClassPathXmlApplicationContext@1eb3ba9: startup date [Tue Oct 10 17:06:48 EDT 2017]; root of context hierarchy
Oct 10, 2017 5:06:48 PM org.springframework.beans.factory.xml.XmlBeanDefinitionReader loadBeanDefinitions
INFO: Loading XML bean definitions from class path resource [applicationContext.xml]
Oct 10, 2017 5:06:48 PM org.springframework.context.support.ClassPathXmlApplicationContext prepareRefresh
INFO: Refreshing org.springframework.context.support.ClassPathXmlApplicationContext@834f68: startup date [Tue Oct 10 17:06:48 EDT 2017]; root of context hierarchy
Oct 10, 2017 5:06:48 PM org.springframework.beans.factory.xml.XmlBeanDefinitionReader loadBeanDefinitions
INFO: Loading XML bean definitions from class path resource [applicationContext.xml]
Oct 10, 2017 5:06:48 PM org.springframework.context.support.ClassPathXmlApplicationContext prepareRefresh
INFO: Refreshing org.springframework.context.support.ClassPathXmlApplicationContext@916b689: startup date [Tue Oct 10 17:06:48 EDT 2017]; root of context hierarchy
Oct 10, 2017 5:06:48 PM org.springframework.beans.factory.xml.XmlBeanDefinitionReader loadBeanDefinitions
INFO: Loading XML bean definitions from class path resource [applicationContext.xml]
Oct 10, 2017 5:06:48 PM org.springframework.context.support.ClassPathXmlApplicationContext prepareRefresh
INFO: Refreshing org.springframework.context.support.ClassPathXmlApplicationContext@4e0e2645: startup date [Tue Oct 10 17:06:48 EDT 2017]; root of context hierarchy
Oct 10, 2017 5:06:48 PM org.springframework.beans.factory.xml.XmlBeanDefinitionReader loadBeanDefinitions
INFO: Loading XML bean definitions from class path resource [applicationContext.xml]
Oct 10, 2017 5:06:48 PM org.springframework.context.support.ClassPathXmlApplicationContext prepareRefresh
INFO: Refreshing org.springframework.context.support.ClassPathXmlApplicationContext@306c523d: startup date [Tue Oct 10 17:06:48 EDT 2017]; root of context hierarchy
Oct 10, 2017 5:06:48 PM org.springframework.beans.factory.xml.XmlBeanDefinitionReader loadBeanDefinitions
INFO: Loading XML bean definitions from class path resource [applicationContext.xml]
Oct 10, 2017 5:06:48 PM org.springframework.context.support.ClassPathXmlApplicationContext prepareRefresh
INFO: Refreshing org.springframework.context.support.ClassPathXmlApplicationContext@31326b6: startup date [Tue Oct 10 17:06:48 EDT 2017]; root of context hierarchy
Oct 10, 2017 5:06:48 PM org.springframework.beans.factory.xml.XmlBeanDefinitionReader loadBeanDefinitions
INFO: Loading XML bean definitions from class path resource [applicationContext.xml]
Oct 10, 2017 5:06:48 PM org.springframework.context.support.ClassPathXmlApplicationContext prepareRefresh
INFO: Refreshing org.springframework.context.support.ClassPathXmlApplicationContext@6d1513b9: startup date [Tue Oct 10 17:06:48 EDT 2017]; root of context hierarchy
Oct 10, 2017 5:06:48 PM org.springframework.beans.factory.xml.XmlBeanDefinitionReader loadBeanDefinitions
INFO: Loading XML bean definitions from class path resource [applicationContext.xml]
Oct 10, 2017 5:06:48 PM org.springframework.context.support.ClassPathXmlApplicationContext prepareRefresh
INFO: Refreshing org.springframework.context.support.ClassPathXmlApplicationContext@539ae995: startup date [Tue Oct 10 17:06:48 EDT 2017]; root of context hierarchy
Oct 10, 2017 5:06:48 PM org.springframework.beans.factory.xml.XmlBeanDefinitionReader loadBeanDefinitions
INFO: Loading XML bean definitions from class path resource [applicationContext.xml]
Oct 10, 2017 5:06:48 PM org.springframework.context.support.ClassPathXmlApplicationContext prepareRefresh
INFO: Refreshing org.springframework.context.support.ClassPathXmlApplicationContext@59abbc05: startup date [Tue Oct 10 17:06:48 EDT 2017]; root of context hierarchy
Oct 10, 2017 5:06:48 PM org.springframework.beans.factory.xml.XmlBeanDefinitionReader loadBeanDefinitions
INFO: Loading XML bean definitions from class path resource [applicationContext.xml]
Oct 10, 2017 5:06:48 PM org.springframework.context.support.ClassPathXmlApplicationContext prepareRefresh
INFO: Refreshing org.springframework.context.support.ClassPathXmlApplicationContext@58fa8ea6: startup date [Tue Oct 10 17:06:48 EDT 2017]; root of context hierarchy
Oct 10, 2017 5:06:48 PM org.springframework.beans.factory.xml.XmlBeanDefinitionReader loadBeanDefinitions
INFO: Loading XML bean definitions from class path resource [applicationContext.xml]
Oct 10, 2017 5:06:48 PM org.springframework.context.support.ClassPathXmlApplicationContext prepareRefresh
INFO: Refreshing org.springframework.context.support.ClassPathXmlApplicationContext@3045e8af: startup date [Tue Oct 10 17:06:48 EDT 2017]; root of context hierarchy
Oct 10, 2017 5:06:48 PM org.springframework.beans.factory.xml.XmlBeanDefinitionReader loadBeanDefinitions
INFO: Loading XML bean definitions from class path resource [applicationContext.xml]
Oct 10, 2017 5:06:48 PM org.springframework.context.support.ClassPathXmlApplicationContext prepareRefresh
INFO: Refreshing org.springframework.context.support.ClassPathXmlApplicationContext@2c306f0f: startup date [Tue Oct 10 17:06:48 EDT 2017]; root of context hierarchy
Oct 10, 2017 5:06:48 PM org.springframework.beans.factory.xml.XmlBeanDefinitionReader loadBeanDefinitions
INFO: Loading XML bean definitions from class path resource [applicationContext.xml]
Oct 10, 2017 5:06:48 PM org.springframework.context.support.ClassPathXmlApplicationContext prepareRefresh
INFO: Refreshing org.springframework.context.support.ClassPathXmlApplicationContext@28ac771e: startup date [Tue Oct 10 17:06:48 EDT 2017]; root of context hierarchy
Oct 10, 2017 5:06:48 PM org.springframework.beans.factory.xml.XmlBeanDefinitionReader loadBeanDefinitions
INFO: Loading XML bean definitions from class path resource [applicationContext.xml]
Oct 10, 2017 5:06:48 PM org.springframework.context.support.ClassPathXmlApplicationContext prepareRefresh
INFO: Refreshing org.springframework.context.support.ClassPathXmlApplicationContext@de20779: startup date [Tue Oct 10 17:06:48 EDT 2017]; root of context hierarchy
Oct 10, 2017 5:06:48 PM org.springframework.beans.factory.xml.XmlBeanDefinitionReader loadBeanDefinitions
INFO: Loading XML bean definitions from class path resource [applicationContext.xml]
Oct 10, 2017 5:06:48 PM org.springframework.context.support.ClassPathXmlApplicationContext prepareRefresh
INFO: Refreshing org.springframework.context.support.ClassPathXmlApplicationContext@6969ec7f: startup date [Tue Oct 10 17:06:48 EDT 2017]; root of context hierarchy
Oct 10, 2017 5:06:48 PM org.springframework.beans.factory.xml.XmlBeanDefinitionReader loadBeanDefinitions
INFO: Loading XML bean definitions from class path resource [applicationContext.xml]
Oct 10, 2017 5:06:48 PM org.springframework.context.support.ClassPathXmlApplicationContext prepareRefresh
INFO: Refreshing org.springframework.context.support.ClassPathXmlApplicationContext@250a4c08: startup date [Tue Oct 10 17:06:48 EDT 2017]; root of context hierarchy
Oct 10, 2017 5:06:48 PM org.springframework.beans.factory.xml.XmlBeanDefinitionReader loadBeanDefinitions
INFO: Loading XML bean definitions from class path resource [applicationContext.xml]
Oct 10, 2017 5:06:48 PM org.springframework.context.support.ClassPathXmlApplicationContext prepareRefresh
INFO: Refreshing org.springframework.context.support.ClassPathXmlApplicationContext@2eed9a74: startup date [Tue Oct 10 17:06:48 EDT 2017]; root of context hierarchy
Oct 10, 2017 5:06:48 PM org.springframework.beans.factory.xml.XmlBeanDefinitionReader loadBeanDefinitions
INFO: Loading XML bean definitions from class path resource [applicationContext.xml]
Oct 10, 2017 5:06:48 PM org.springframework.context.support.ClassPathXmlApplicationContext prepareRefresh
INFO: Refreshing org.springframework.context.support.ClassPathXmlApplicationContext@68f29b8f: startup date [Tue Oct 10 17:06:48 EDT 2017]; root of context hierarchy
Oct 10, 2017 5:06:48 PM org.springframework.beans.factory.xml.XmlBeanDefinitionReader loadBeanDefinitions
INFO: Loading XML bean definitions from class path resource [applicationContext.xml]
Oct 10, 2017 5:06:48 PM org.springframework.context.support.ClassPathXmlApplicationContext prepareRefresh
INFO: Refreshing org.springframework.context.support.ClassPathXmlApplicationContext@1303c5df: startup date [Tue Oct 10 17:06:48 EDT 2017]; root of context hierarchy
Oct 10, 2017 5:06:48 PM org.springframework.beans.factory.xml.XmlBeanDefinitionReader loadBeanDefinitions
INFO: Loading XML bean definitions from class path resource [applicationContext.xml]
Oct 10, 2017 5:06:48 PM org.springframework.context.support.ClassPathXmlApplicationContext prepareRefresh
INFO: Refreshing org.springframework.context.support.ClassPathXmlApplicationContext@62819db3: startup date [Tue Oct 10 17:06:48 EDT 2017]; root of context hierarchy
Oct 10, 2017 5:06:48 PM org.springframework.beans.factory.xml.XmlBeanDefinitionReader loadBeanDefinitions
INFO: Loading XML bean definitions from class path resource [applicationContext.xml]
Oct 10, 2017 5:06:48 PM org.springframework.context.support.ClassPathXmlApplicationContext prepareRefresh
INFO: Refreshing org.springframework.context.support.ClassPathXmlApplicationContext@53f4576: startup date [Tue Oct 10 17:06:48 EDT 2017]; root of context hierarchy
Oct 10, 2017 5:06:48 PM org.springframework.beans.factory.xml.XmlBeanDefinitionReader loadBeanDefinitions
INFO: Loading XML bean definitions from class path resource [applicationContext.xml]
Oct 10, 2017 5:06:48 PM org.springframework.context.support.ClassPathXmlApplicationContext prepareRefresh
INFO: Refreshing org.springframework.context.support.ClassPathXmlApplicationContext@5136fffe: startup date [Tue Oct 10 17:06:48 EDT 2017]; root of context hierarchy
Oct 10, 2017 5:06:48 PM org.springframework.beans.factory.xml.XmlBeanDefinitionReader loadBeanDefinitions
INFO: Loading XML bean definitions from class path resource [applicationContext.xml]
Oct 10, 2017 5:06:48 PM org.springframework.context.support.ClassPathXmlApplicationContext prepareRefresh
INFO: Refreshing org.springframework.context.support.ClassPathXmlApplicationContext@34c8080b: startup date [Tue Oct 10 17:06:48 EDT 2017]; root of context hierarchy
Oct 10, 2017 5:06:48 PM org.springframework.beans.factory.xml.XmlBeanDefinitionReader loadBeanDefinitions
INFO: Loading XML bean definitions from class path resource [applicationContext.xml]
Oct 10, 2017 5:06:48 PM org.springframework.context.support.ClassPathXmlApplicationContext prepareRefresh
INFO: Refreshing org.springframework.context.support.ClassPathXmlApplicationContext@7d300b32: startup date [Tue Oct 10 17:06:48 EDT 2017]; root of context hierarchy
Oct 10, 2017 5:06:48 PM org.springframework.beans.factory.xml.XmlBeanDefinitionReader loadBeanDefinitions
INFO: Loading XML bean definitions from class path resource [applicationContext.xml]
Oct 10, 2017 5:06:48 PM org.springframework.context.support.ClassPathXmlApplicationContext prepareRefresh
INFO: Refreshing org.springframework.context.support.ClassPathXmlApplicationContext@b08c48f: startup date [Tue Oct 10 17:06:48 EDT 2017]; root of context hierarchy
Oct 10, 2017 5:06:48 PM org.springframework.beans.factory.xml.XmlBeanDefinitionReader loadBeanDefinitions
INFO: Loading XML bean definitions from class path resource [applicationContext.xml]
Oct 10, 2017 5:06:49 PM org.springframework.context.support.ClassPathXmlApplicationContext prepareRefresh
INFO: Refreshing org.springframework.context.support.ClassPathXmlApplicationContext@1c6ef535: startup date [Tue Oct 10 17:06:48 EDT 2017]; root of context hierarchy
Oct 10, 2017 5:06:49 PM org.springframework.beans.factory.xml.XmlBeanDefinitionReader loadBeanDefinitions
INFO: Loading XML bean definitions from class path resource [applicationContext.xml]
Oct 10, 2017 5:06:49 PM org.springframework.context.support.ClassPathXmlApplicationContext prepareRefresh
INFO: Refreshing org.springframework.context.support.ClassPathXmlApplicationContext@a1c507f: startup date [Tue Oct 10 17:06:49 EDT 2017]; root of context hierarchy
Oct 10, 2017 5:06:49 PM org.springframework.beans.factory.xml.XmlBeanDefinitionReader loadBeanDefinitions
INFO: Loading XML bean definitions from class path resource [applicationContext.xml]
Oct 10, 2017 5:06:49 PM org.springframework.context.support.ClassPathXmlApplicationContext prepareRefresh
INFO: Refreshing org.springframework.context.support.ClassPathXmlApplicationContext@34efb8cc: startup date [Tue Oct 10 17:06:49 EDT 2017]; root of context hierarchy
Oct 10, 2017 5:06:49 PM org.springframework.beans.factory.xml.XmlBeanDefinitionReader loadBeanDefinitions
INFO: Loading XML bean definitions from class path resource [applicationContext.xml]
Oct 10, 2017 5:06:49 PM org.springframework.context.support.ClassPathXmlApplicationContext prepareRefresh
INFO: Refreshing org.springframework.context.support.ClassPathXmlApplicationContext@5fcf4291: startup date [Tue Oct 10 17:06:49 EDT 2017]; root of context hierarchy
Oct 10, 2017 5:06:49 PM org.springframework.beans.factory.xml.XmlBeanDefinitionReader loadBeanDefinitions
INFO: Loading XML bean definitions from class path resource [applicationContext.xml]
Oct 10, 2017 5:06:49 PM org.springframework.context.support.ClassPathXmlApplicationContext prepareRefresh
INFO: Refreshing org.springframework.context.support.ClassPathXmlApplicationContext@1f2df54f: startup date [Tue Oct 10 17:06:49 EDT 2017]; root of context hierarchy
Oct 10, 2017 5:06:49 PM org.springframework.beans.factory.xml.XmlBeanDefinitionReader loadBeanDefinitions
INFO: Loading XML bean definitions from class path resource [applicationContext.xml]
Oct 10, 2017 5:06:49 PM org.springframework.context.support.ClassPathXmlApplicationContext prepareRefresh
INFO: Refreshing org.springframework.context.support.ClassPathXmlApplicationContext@6f0d66e7: startup date [Tue Oct 10 17:06:49 EDT 2017]; root of context hierarchy
Oct 10, 2017 5:06:49 PM org.springframework.beans.factory.xml.XmlBeanDefinitionReader loadBeanDefinitions
INFO: Loading XML bean definitions from class path resource [applicationContext.xml]
Oct 10, 2017 5:06:49 PM org.springframework.context.support.ClassPathXmlApplicationContext prepareRefresh
INFO: Refreshing org.springframework.context.support.ClassPathXmlApplicationContext@6ff07dfa: startup date [Tue Oct 10 17:06:49 EDT 2017]; root of context hierarchy
Oct 10, 2017 5:06:49 PM org.springframework.beans.factory.xml.XmlBeanDefinitionReader loadBeanDefinitions
INFO: Loading XML bean definitions from class path resource [applicationContext.xml]
Oct 10, 2017 5:06:49 PM org.springframework.context.support.ClassPathXmlApplicationContext prepareRefresh
INFO: Refreshing org.springframework.context.support.ClassPathXmlApplicationContext@6b431b1: startup date [Tue Oct 10 17:06:49 EDT 2017]; root of context hierarchy
Oct 10, 2017 5:06:49 PM org.springframework.beans.factory.xml.XmlBeanDefinitionReader loadBeanDefinitions
INFO: Loading XML bean definitions from class path resource [applicationContext.xml]
Oct 10, 2017 5:06:49 PM org.springframework.context.support.ClassPathXmlApplicationContext prepareRefresh
INFO: Refreshing org.springframework.context.support.ClassPathXmlApplicationContext@6bf20dee: startup date [Tue Oct 10 17:06:49 EDT 2017]; root of context hierarchy
Oct 10, 2017 5:06:49 PM org.springframework.beans.factory.xml.XmlBeanDefinitionReader loadBeanDefinitions
INFO: Loading XML bean definitions from class path resource [applicationContext.xml]
Oct 10, 2017 5:06:49 PM org.springframework.context.support.ClassPathXmlApplicationContext prepareRefresh
INFO: Refreshing org.springframework.context.support.ClassPathXmlApplicationContext@6f25c05c: startup date [Tue Oct 10 17:06:49 EDT 2017]; root of context hierarchy
Oct 10, 2017 5:06:49 PM org.springframework.beans.factory.xml.XmlBeanDefinitionReader loadBeanDefinitions
INFO: Loading XML bean definitions from class path resource [applicationContext.xml]
Oct 10, 2017 5:06:49 PM org.springframework.context.support.ClassPathXmlApplicationContext prepareRefresh
INFO: Refreshing org.springframework.context.support.ClassPathXmlApplicationContext@3a2c395b: startup date [Tue Oct 10 17:06:49 EDT 2017]; root of context hierarchy
Oct 10, 2017 5:06:49 PM org.springframework.beans.factory.xml.XmlBeanDefinitionReader loadBeanDefinitions
INFO: Loading XML bean definitions from class path resource [applicationContext.xml]
Oct 10, 2017 5:06:49 PM org.springframework.context.support.ClassPathXmlApplicationContext prepareRefresh
INFO: Refreshing org.springframework.context.support.ClassPathXmlApplicationContext@4a665b93: startup date [Tue Oct 10 17:06:49 EDT 2017]; root of context hierarchy
Oct 10, 2017 5:06:49 PM org.springframework.beans.factory.xml.XmlBeanDefinitionReader loadBeanDefinitions
INFO: Loading XML bean definitions from class path resource [applicationContext.xml]
Oct 10, 2017 5:06:49 PM org.springframework.context.support.ClassPathXmlApplicationContext prepareRefresh
INFO: Refreshing org.springframework.context.support.ClassPathXmlApplicationContext@6c99ae19: startup date [Tue Oct 10 17:06:49 EDT 2017]; root of context hierarchy
Oct 10, 2017 5:06:49 PM org.springframework.beans.factory.xml.XmlBeanDefinitionReader loadBeanDefinitions
INFO: Loading XML bean definitions from class path resource [applicationContext.xml]
Oct 10, 2017 5:06:49 PM org.springframework.context.support.ClassPathXmlApplicationContext prepareRefresh
INFO: Refreshing org.springframework.context.support.ClassPathXmlApplicationContext@260bb5a5: startup date [Tue Oct 10 17:06:49 EDT 2017]; root of context hierarchy
Oct 10, 2017 5:06:49 PM org.springframework.beans.factory.xml.XmlBeanDefinitionReader loadBeanDefinitions
INFO: Loading XML bean definitions from class path resource [applicationContext.xml]
Oct 10, 2017 5:06:49 PM org.springframework.context.support.ClassPathXmlApplicationContext prepareRefresh
INFO: Refreshing org.springframework.context.support.ClassPathXmlApplicationContext@2c1698a9: startup date [Tue Oct 10 17:06:49 EDT 2017]; root of context hierarchy
Oct 10, 2017 5:06:49 PM org.springframework.beans.factory.xml.XmlBeanDefinitionReader loadBeanDefinitions
INFO: Loading XML bean definitions from class path resource [applicationContext.xml]
Oct 10, 2017 5:06:49 PM org.springframework.context.support.ClassPathXmlApplicationContext prepareRefresh
INFO: Refreshing org.springframework.context.support.ClassPathXmlApplicationContext@5d392fbb: startup date [Tue Oct 10 17:06:49 EDT 2017]; root of context hierarchy
Oct 10, 2017 5:06:49 PM org.springframework.beans.factory.xml.XmlBeanDefinitionReader loadBeanDefinitions
INFO: Loading XML bean definitions from class path resource [applicationContext.xml]
Oct 10, 2017 5:06:49 PM org.springframework.context.support.ClassPathXmlApplicationContext prepareRefresh
INFO: Refreshing org.springframework.context.support.ClassPathXmlApplicationContext@ead44b3: startup date [Tue Oct 10 17:06:49 EDT 2017]; root of context hierarchy
Oct 10, 2017 5:06:49 PM org.springframework.beans.factory.xml.XmlBeanDefinitionReader loadBeanDefinitions
INFO: Loading XML bean definitions from class path resource [applicationContext.xml]
Oct 10, 2017 5:06:49 PM org.springframework.context.support.ClassPathXmlApplicationContext prepareRefresh
INFO: Refreshing org.springframework.context.support.ClassPathXmlApplicationContext@37784e54: startup date [Tue Oct 10 17:06:49 EDT 2017]; root of context hierarchy
Oct 10, 2017 5:06:49 PM org.springframework.beans.factory.xml.XmlBeanDefinitionReader loadBeanDefinitions
INFO: Loading XML bean definitions from class path resource [applicationContext.xml]
Oct 10, 2017 5:06:49 PM org.springframework.context.support.ClassPathXmlApplicationContext prepareRefresh
INFO: Refreshing org.springframework.context.support.ClassPathXmlApplicationContext@4cad1c87: startup date [Tue Oct 10 17:06:49 EDT 2017]; root of context hierarchy
Oct 10, 2017 5:06:49 PM org.springframework.beans.factory.xml.XmlBeanDefinitionReader loadBeanDefinitions
INFO: Loading XML bean definitions from class path resource [applicationContext.xml]
Oct 10, 2017 5:06:49 PM org.springframework.context.support.ClassPathXmlApplicationContext prepareRefresh
INFO: Refreshing org.springframework.context.support.ClassPathXmlApplicationContext@3379a4b6: startup date [Tue Oct 10 17:06:49 EDT 2017]; root of context hierarchy
Oct 10, 2017 5:06:49 PM org.springframework.beans.factory.xml.XmlBeanDefinitionReader loadBeanDefinitions
INFO: Loading XML bean definitions from class path resource [applicationContext.xml]
Oct 10, 2017 5:06:49 PM org.springframework.context.support.ClassPathXmlApplicationContext prepareRefresh
INFO: Refreshing org.springframework.context.support.ClassPathXmlApplicationContext@6c8d69cf: startup date [Tue Oct 10 17:06:49 EDT 2017]; root of context hierarchy
Oct 10, 2017 5:06:49 PM org.springframework.beans.factory.xml.XmlBeanDefinitionReader loadBeanDefinitions
INFO: Loading XML bean definitions from class path resource [applicationContext.xml]
Oct 10, 2017 5:06:49 PM org.springframework.context.support.ClassPathXmlApplicationContext prepareRefresh
INFO: Refreshing org.springframework.context.support.ClassPathXmlApplicationContext@6f390d67: startup date [Tue Oct 10 17:06:49 EDT 2017]; root of context hierarchy
Oct 10, 2017 5:06:49 PM org.springframework.beans.factory.xml.XmlBeanDefinitionReader loadBeanDefinitions
INFO: Loading XML bean definitions from class path resource [applicationContext.xml]
Oct 10, 2017 5:06:49 PM org.springframework.context.support.ClassPathXmlApplicationContext prepareRefresh
INFO: Refreshing org.springframework.context.support.ClassPathXmlApplicationContext@3ac61a85: startup date [Tue Oct 10 17:06:49 EDT 2017]; root of context hierarchy
Oct 10, 2017 5:06:49 PM org.springframework.beans.factory.xml.XmlBeanDefinitionReader loadBeanDefinitions
INFO: Loading XML bean definitions from class path resource [applicationContext.xml]
Oct 10, 2017 5:06:49 PM org.springframework.context.support.ClassPathXmlApplicationContext prepareRefresh
INFO: Refreshing org.springframework.context.support.ClassPathXmlApplicationContext@7bcdfda9: startup date [Tue Oct 10 17:06:49 EDT 2017]; root of context hierarchy
Oct 10, 2017 5:06:49 PM org.springframework.beans.factory.xml.XmlBeanDefinitionReader loadBeanDefinitions
INFO: Loading XML bean definitions from class path resource [applicationContext.xml]
Oct 10, 2017 5:06:49 PM org.springframework.context.support.ClassPathXmlApplicationContext prepareRefresh
INFO: Refreshing org.springframework.context.support.ClassPathXmlApplicationContext@15266278: startup date [Tue Oct 10 17:06:49 EDT 2017]; root of context hierarchy
Oct 10, 2017 5:06:49 PM org.springframework.beans.factory.xml.XmlBeanDefinitionReader loadBeanDefinitions
INFO: Loading XML bean definitions from class path resource [applicationContext.xml]
Oct 10, 2017 5:06:49 PM org.springframework.context.support.ClassPathXmlApplicationContext prepareRefresh
INFO: Refreshing org.springframework.context.support.ClassPathXmlApplicationContext@73b0c8c9: startup date [Tue Oct 10 17:06:49 EDT 2017]; root of context hierarchy
Oct 10, 2017 5:06:49 PM org.springframework.beans.factory.xml.XmlBeanDefinitionReader loadBeanDefinitions
INFO: Loading XML bean definitions from class path resource [applicationContext.xml]
Oct 10, 2017 5:06:49 PM org.springframework.context.support.ClassPathXmlApplicationContext prepareRefresh
INFO: Refreshing org.springframework.context.support.ClassPathXmlApplicationContext@170bd287: startup date [Tue Oct 10 17:06:49 EDT 2017]; root of context hierarchy
Oct 10, 2017 5:06:49 PM org.springframework.beans.factory.xml.XmlBeanDefinitionReader loadBeanDefinitions
INFO: Loading XML bean definitions from class path resource [applicationContext.xml]
Oct 10, 2017 5:06:49 PM org.springframework.context.support.ClassPathXmlApplicationContext prepareRefresh
INFO: Refreshing org.springframework.context.support.ClassPathXmlApplicationContext@4f980428: startup date [Tue Oct 10 17:06:49 EDT 2017]; root of context hierarchy
Oct 10, 2017 5:06:49 PM org.springframework.beans.factory.xml.XmlBeanDefinitionReader loadBeanDefinitions
INFO: Loading XML bean definitions from class path resource [applicationContext.xml]
Oct 10, 2017 5:06:49 PM org.springframework.context.support.ClassPathXmlApplicationContext prepareRefresh
INFO: Refreshing org.springframework.context.support.ClassPathXmlApplicationContext@424e8277: startup date [Tue Oct 10 17:06:49 EDT 2017]; root of context hierarchy
Oct 10, 2017 5:06:49 PM org.springframework.beans.factory.xml.XmlBeanDefinitionReader loadBeanDefinitions
INFO: Loading XML bean definitions from class path resource [applicationContext.xml]
Oct 10, 2017 5:06:49 PM org.springframework.context.support.ClassPathXmlApplicationContext prepareRefresh
INFO: Refreshing org.springframework.context.support.ClassPathXmlApplicationContext@536906be: startup date [Tue Oct 10 17:06:49 EDT 2017]; root of context hierarchy
Oct 10, 2017 5:06:49 PM org.springframework.beans.factory.xml.XmlBeanDefinitionReader loadBeanDefinitions
INFO: Loading XML bean definitions from class path resource [applicationContext.xml]
Oct 10, 2017 5:06:49 PM org.springframework.context.support.ClassPathXmlApplicationContext prepareRefresh
INFO: Refreshing org.springframework.context.support.ClassPathXmlApplicationContext@4e218da0: startup date [Tue Oct 10 17:06:49 EDT 2017]; root of context hierarchy
Oct 10, 2017 5:06:49 PM org.springframework.beans.factory.xml.XmlBeanDefinitionReader loadBeanDefinitions
INFO: Loading XML bean definitions from class path resource [applicationContext.xml]
Oct 10, 2017 5:06:49 PM org.springframework.context.support.ClassPathXmlApplicationContext prepareRefresh
INFO: Refreshing org.springframework.context.support.ClassPathXmlApplicationContext@2794ed0: startup date [Tue Oct 10 17:06:49 EDT 2017]; root of context hierarchy
Oct 10, 2017 5:06:49 PM org.springframework.beans.factory.xml.XmlBeanDefinitionReader loadBeanDefinitions
INFO: Loading XML bean definitions from class path resource [applicationContext.xml]
Oct 10, 2017 5:06:49 PM org.springframework.context.support.ClassPathXmlApplicationContext prepareRefresh
INFO: Refreshing org.springframework.context.support.ClassPathXmlApplicationContext@10676c67: startup date [Tue Oct 10 17:06:49 EDT 2017]; root of context hierarchy
Oct 10, 2017 5:06:49 PM org.springframework.beans.factory.xml.XmlBeanDefinitionReader loadBeanDefinitions
INFO: Loading XML bean definitions from class path resource [applicationContext.xml]
Oct 10, 2017 5:06:49 PM org.springframework.context.support.ClassPathXmlApplicationContext prepareRefresh
INFO: Refreshing org.springframework.context.support.ClassPathXmlApplicationContext@13f3d80e: startup date [Tue Oct 10 17:06:49 EDT 2017]; root of context hierarchy
Oct 10, 2017 5:06:49 PM org.springframework.beans.factory.xml.XmlBeanDefinitionReader loadBeanDefinitions
INFO: Loading XML bean definitions from class path resource [applicationContext.xml]
Oct 10, 2017 5:06:49 PM org.springframework.context.support.ClassPathXmlApplicationContext prepareRefresh
INFO: Refreshing org.springframework.context.support.ClassPathXmlApplicationContext@10974267: startup date [Tue Oct 10 17:06:49 EDT 2017]; root of context hierarchy
Oct 10, 2017 5:06:49 PM org.springframework.beans.factory.xml.XmlBeanDefinitionReader loadBeanDefinitions
INFO: Loading XML bean definitions from class path resource [applicationContext.xml]
Oct 10, 2017 5:06:49 PM org.springframework.context.support.ClassPathXmlApplicationContext prepareRefresh
INFO: Refreshing org.springframework.context.support.ClassPathXmlApplicationContext@22822e11: startup date [Tue Oct 10 17:06:49 EDT 2017]; root of context hierarchy
Oct 10, 2017 5:06:49 PM org.springframework.beans.factory.xml.XmlBeanDefinitionReader loadBeanDefinitions
INFO: Loading XML bean definitions from class path resource [applicationContext.xml]
Oct 10, 2017 5:06:49 PM org.springframework.context.support.ClassPathXmlApplicationContext prepareRefresh
INFO: Refreshing org.springframework.context.support.ClassPathXmlApplicationContext@6f30512: startup date [Tue Oct 10 17:06:49 EDT 2017]; root of context hierarchy
Oct 10, 2017 5:06:49 PM org.springframework.beans.factory.xml.XmlBeanDefinitionReader loadBeanDefinitions
INFO: Loading XML bean definitions from class path resource [applicationContext.xml]
Oct 10, 2017 5:06:49 PM org.springframework.context.support.ClassPathXmlApplicationContext prepareRefresh
INFO: Refreshing org.springframework.context.support.ClassPathXmlApplicationContext@35fc239e: startup date [Tue Oct 10 17:06:49 EDT 2017]; root of context hierarchy
Oct 10, 2017 5:06:49 PM org.springframework.beans.factory.xml.XmlBeanDefinitionReader loadBeanDefinitions
INFO: Loading XML bean definitions from class path resource [applicationContext.xml]
Oct 10, 2017 5:06:49 PM org.springframework.context.support.ClassPathXmlApplicationContext prepareRefresh
INFO: Refreshing org.springframework.context.support.ClassPathXmlApplicationContext@6bf67b33: startup date [Tue Oct 10 17:06:49 EDT 2017]; root of context hierarchy
Oct 10, 2017 5:06:49 PM org.springframework.beans.factory.xml.XmlBeanDefinitionReader loadBeanDefinitions
INFO: Loading XML bean definitions from class path resource [applicationContext.xml]
Oct 10, 2017 5:06:49 PM org.springframework.context.support.ClassPathXmlApplicationContext prepareRefresh
INFO: Refreshing org.springframework.context.support.ClassPathXmlApplicationContext@701309d1: startup date [Tue Oct 10 17:06:49 EDT 2017]; root of context hierarchy
Oct 10, 2017 5:06:49 PM org.springframework.beans.factory.xml.XmlBeanDefinitionReader loadBeanDefinitions
INFO: Loading XML bean definitions from class path resource [applicationContext.xml]
Oct 10, 2017 5:06:49 PM org.springframework.context.support.ClassPathXmlApplicationContext prepareRefresh
INFO: Refreshing org.springframework.context.support.ClassPathXmlApplicationContext@4ae2a1c4: startup date [Tue Oct 10 17:06:49 EDT 2017]; root of context hierarchy
Oct 10, 2017 5:06:49 PM org.springframework.beans.factory.xml.XmlBeanDefinitionReader loadBeanDefinitions
INFO: Loading XML bean definitions from class path resource [applicationContext.xml]
Oct 10, 2017 5:06:49 PM org.springframework.context.support.ClassPathXmlApplicationContext prepareRefresh
INFO: Refreshing org.springframework.context.support.ClassPathXmlApplicationContext@1f867e61: startup date [Tue Oct 10 17:06:49 EDT 2017]; root of context hierarchy
Oct 10, 2017 5:06:49 PM org.springframework.beans.factory.xml.XmlBeanDefinitionReader loadBeanDefinitions
INFO: Loading XML bean definitions from class path resource [applicationContext.xml]
Oct 10, 2017 5:06:49 PM org.springframework.context.support.ClassPathXmlApplicationContext prepareRefresh
INFO: Refreshing org.springframework.context.support.ClassPathXmlApplicationContext@5d05f0f9: startup date [Tue Oct 10 17:06:49 EDT 2017]; root of context hierarchy
Oct 10, 2017 5:06:49 PM org.springframework.beans.factory.xml.XmlBeanDefinitionReader loadBeanDefinitions
INFO: Loading XML bean definitions from class path resource [applicationContext.xml]
Oct 10, 2017 5:06:49 PM org.springframework.context.support.ClassPathXmlApplicationContext prepareRefresh
INFO: Refreshing org.springframework.context.support.ClassPathXmlApplicationContext@65029456: startup date [Tue Oct 10 17:06:49 EDT 2017]; root of context hierarchy
Oct 10, 2017 5:06:49 PM org.springframework.beans.factory.xml.XmlBeanDefinitionReader loadBeanDefinitions
INFO: Loading XML bean definitions from class path resource [applicationContext.xml]
Oct 10, 2017 5:06:49 PM org.springframework.context.support.ClassPathXmlApplicationContext prepareRefresh
INFO: Refreshing org.springframework.context.support.ClassPathXmlApplicationContext@cebf67a: startup date [Tue Oct 10 17:06:49 EDT 2017]; root of context hierarchy
Oct 10, 2017 5:06:49 PM org.springframework.beans.factory.xml.XmlBeanDefinitionReader loadBeanDefinitions
INFO: Loading XML bean definitions from class path resource [applicationContext.xml]
Oct 10, 2017 5:06:49 PM org.springframework.context.support.ClassPathXmlApplicationContext prepareRefresh
INFO: Refreshing org.springframework.context.support.ClassPathXmlApplicationContext@654430b5: startup date [Tue Oct 10 17:06:49 EDT 2017]; root of context hierarchy
Oct 10, 2017 5:06:49 PM org.springframework.beans.factory.xml.XmlBeanDefinitionReader loadBeanDefinitions
INFO: Loading XML bean definitions from class path resource [applicationContext.xml]
Oct 10, 2017 5:06:49 PM org.springframework.context.support.ClassPathXmlApplicationContext prepareRefresh
INFO: Refreshing org.springframework.context.support.ClassPathXmlApplicationContext@407cd725: startup date [Tue Oct 10 17:06:49 EDT 2017]; root of context hierarchy
Oct 10, 2017 5:06:49 PM org.springframework.beans.factory.xml.XmlBeanDefinitionReader loadBeanDefinitions
INFO: Loading XML bean definitions from class path resource [applicationContext.xml]
Oct 10, 2017 5:06:49 PM org.springframework.context.support.ClassPathXmlApplicationContext prepareRefresh
INFO: Refreshing org.springframework.context.support.ClassPathXmlApplicationContext@17b9d201: startup date [Tue Oct 10 17:06:49 EDT 2017]; root of context hierarchy
Oct 10, 2017 5:06:49 PM org.springframework.beans.factory.xml.XmlBeanDefinitionReader loadBeanDefinitions
INFO: Loading XML bean definitions from class path resource [applicationContext.xml]
Oct 10, 2017 5:06:49 PM org.springframework.context.support.ClassPathXmlApplicationContext prepareRefresh
INFO: Refreshing org.springframework.context.support.ClassPathXmlApplicationContext@7d26c0e6: startup date [Tue Oct 10 17:06:49 EDT 2017]; root of context hierarchy
Oct 10, 2017 5:06:49 PM org.springframework.beans.factory.xml.XmlBeanDefinitionReader loadBeanDefinitions
INFO: Loading XML bean definitions from class path resource [applicationContext.xml]
Oct 10, 2017 5:06:49 PM org.springframework.context.support.ClassPathXmlApplicationContext prepareRefresh
INFO: Refreshing org.springframework.context.support.ClassPathXmlApplicationContext@48cb2cde: startup date [Tue Oct 10 17:06:49 EDT 2017]; root of context hierarchy
Oct 10, 2017 5:06:49 PM org.springframework.beans.factory.xml.XmlBeanDefinitionReader loadBeanDefinitions
INFO: Loading XML bean definitions from class path resource [applicationContext.xml]
Oct 10, 2017 5:06:49 PM org.springframework.context.support.ClassPathXmlApplicationContext prepareRefresh
INFO: Refreshing org.springframework.context.support.ClassPathXmlApplicationContext@307ce1b6: startup date [Tue Oct 10 17:06:49 EDT 2017]; root of context hierarchy
Oct 10, 2017 5:06:49 PM org.springframework.beans.factory.xml.XmlBeanDefinitionReader loadBeanDefinitions
INFO: Loading XML bean definitions from class path resource [applicationContext.xml]
Oct 10, 2017 5:06:50 PM org.springframework.context.support.ClassPathXmlApplicationContext prepareRefresh
INFO: Refreshing org.springframework.context.support.ClassPathXmlApplicationContext@7249e349: startup date [Tue Oct 10 17:06:50 EDT 2017]; root of context hierarchy
Oct 10, 2017 5:06:50 PM org.springframework.beans.factory.xml.XmlBeanDefinitionReader loadBeanDefinitions
INFO: Loading XML bean definitions from class path resource [applicationContext.xml]
Oct 10, 2017 5:06:50 PM org.springframework.context.support.ClassPathXmlApplicationContext prepareRefresh
INFO: Refreshing org.springframework.context.support.ClassPathXmlApplicationContext@ac3495c: startup date [Tue Oct 10 17:06:50 EDT 2017]; root of context hierarchy
Oct 10, 2017 5:06:50 PM org.springframework.beans.factory.xml.XmlBeanDefinitionReader loadBeanDefinitions
INFO: Loading XML bean definitions from class path resource [applicationContext.xml]
Oct 10, 2017 5:06:50 PM org.springframework.context.support.ClassPathXmlApplicationContext prepareRefresh
INFO: Refreshing org.springframework.context.support.ClassPathXmlApplicationContext@79413c89: startup date [Tue Oct 10 17:06:50 EDT 2017]; root of context hierarchy
Oct 10, 2017 5:06:50 PM org.springframework.beans.factory.xml.XmlBeanDefinitionReader loadBeanDefinitions
INFO: Loading XML bean definitions from class path resource [applicationContext.xml]
Oct 10, 2017 5:06:50 PM org.springframework.context.support.ClassPathXmlApplicationContext prepareRefresh
INFO: Refreshing org.springframework.context.support.ClassPathXmlApplicationContext@1fd762f5: startup date [Tue Oct 10 17:06:50 EDT 2017]; root of context hierarchy
Oct 10, 2017 5:06:50 PM org.springframework.beans.factory.xml.XmlBeanDefinitionReader loadBeanDefinitions
INFO: Loading XML bean definitions from class path resource [applicationContext.xml]
Oct 10, 2017 5:06:50 PM org.springframework.context.support.ClassPathXmlApplicationContext prepareRefresh
INFO: Refreshing org.springframework.context.support.ClassPathXmlApplicationContext@6646fe05: startup date [Tue Oct 10 17:06:50 EDT 2017]; root of context hierarchy
Oct 10, 2017 5:06:50 PM org.springframework.beans.factory.xml.XmlBeanDefinitionReader loadBeanDefinitions
INFO: Loading XML bean definitions from class path resource [applicationContext.xml]
Oct 10, 2017 5:06:50 PM org.springframework.context.support.ClassPathXmlApplicationContext prepareRefresh
INFO: Refreshing org.springframework.context.support.ClassPathXmlApplicationContext@2922a399: startup date [Tue Oct 10 17:06:50 EDT 2017]; root of context hierarchy
Oct 10, 2017 5:06:50 PM org.springframework.beans.factory.xml.XmlBeanDefinitionReader loadBeanDefinitions
INFO: Loading XML bean definitions from class path resource [applicationContext.xml]
Oct 10, 2017 5:06:50 PM org.springframework.context.support.ClassPathXmlApplicationContext prepareRefresh
INFO: Refreshing org.springframework.context.support.ClassPathXmlApplicationContext@7ef00cbf: startup date [Tue Oct 10 17:06:50 EDT 2017]; root of context hierarchy
Oct 10, 2017 5:06:50 PM org.springframework.beans.factory.xml.XmlBeanDefinitionReader loadBeanDefinitions
INFO: Loading XML bean definitions from class path resource [applicationContext.xml]
Oct 10, 2017 5:06:50 PM org.springframework.context.support.ClassPathXmlApplicationContext prepareRefresh
INFO: Refreshing org.springframework.context.support.ClassPathXmlApplicationContext@4019c9dc: startup date [Tue Oct 10 17:06:50 EDT 2017]; root of context hierarchy
Oct 10, 2017 5:06:50 PM org.springframework.beans.factory.xml.XmlBeanDefinitionReader loadBeanDefinitions
INFO: Loading XML bean definitions from class path resource [applicationContext.xml]
Oct 10, 2017 5:06:50 PM org.springframework.context.support.ClassPathXmlApplicationContext prepareRefresh
INFO: Refreshing org.springframework.context.support.ClassPathXmlApplicationContext@6085cfb7: startup date [Tue Oct 10 17:06:50 EDT 2017]; root of context hierarchy
Oct 10, 2017 5:06:50 PM org.springframework.beans.factory.xml.XmlBeanDefinitionReader loadBeanDefinitions
INFO: Loading XML bean definitions from class path resource [applicationContext.xml]
Oct 10, 2017 5:06:50 PM org.springframework.context.support.ClassPathXmlApplicationContext prepareRefresh
INFO: Refreshing org.springframework.context.support.ClassPathXmlApplicationContext@4245b803: startup date [Tue Oct 10 17:06:50 EDT 2017]; root of context hierarchy
Oct 10, 2017 5:06:50 PM org.springframework.beans.factory.xml.XmlBeanDefinitionReader loadBeanDefinitions
INFO: Loading XML bean definitions from class path resource [applicationContext.xml]
Oct 10, 2017 5:06:50 PM org.springframework.context.support.ClassPathXmlApplicationContext prepareRefresh
INFO: Refreshing org.springframework.context.support.ClassPathXmlApplicationContext@cc40525: startup date [Tue Oct 10 17:06:50 EDT 2017]; root of context hierarchy
Oct 10, 2017 5:06:50 PM org.springframework.beans.factory.xml.XmlBeanDefinitionReader loadBeanDefinitions
INFO: Loading XML bean definitions from class path resource [applicationContext.xml]
Oct 10, 2017 5:06:50 PM org.springframework.context.support.ClassPathXmlApplicationContext prepareRefresh
INFO: Refreshing org.springframework.context.support.ClassPathXmlApplicationContext@99e8ee6: startup date [Tue Oct 10 17:06:50 EDT 2017]; root of context hierarchy
Oct 10, 2017 5:06:50 PM org.springframework.beans.factory.xml.XmlBeanDefinitionReader loadBeanDefinitions
INFO: Loading XML bean definitions from class path resource [applicationContext.xml]
Oct 10, 2017 5:06:50 PM org.springframework.context.support.ClassPathXmlApplicationContext prepareRefresh
INFO: Refreshing org.springframework.context.support.ClassPathXmlApplicationContext@78103915: startup date [Tue Oct 10 17:06:50 EDT 2017]; root of context hierarchy
Oct 10, 2017 5:06:50 PM org.springframework.beans.factory.xml.XmlBeanDefinitionReader loadBeanDefinitions
INFO: Loading XML bean definitions from class path resource [applicationContext.xml]
Oct 10, 2017 5:06:50 PM org.springframework.context.support.ClassPathXmlApplicationContext prepareRefresh
INFO: Refreshing org.springframework.context.support.ClassPathXmlApplicationContext@285f5e37: startup date [Tue Oct 10 17:06:50 EDT 2017]; root of context hierarchy
Oct 10, 2017 5:06:50 PM org.springframework.beans.factory.xml.XmlBeanDefinitionReader loadBeanDefinitions
INFO: Loading XML bean definitions from class path resource [applicationContext.xml]
Oct 10, 2017 5:06:50 PM org.springframework.context.support.ClassPathXmlApplicationContext prepareRefresh
INFO: Refreshing org.springframework.context.support.ClassPathXmlApplicationContext@39769a6d: startup date [Tue Oct 10 17:06:50 EDT 2017]; root of context hierarchy
Oct 10, 2017 5:06:50 PM org.springframework.beans.factory.xml.XmlBeanDefinitionReader loadBeanDefinitions
INFO: Loading XML bean definitions from class path resource [applicationContext.xml]
Oct 10, 2017 5:06:50 PM org.springframework.context.support.ClassPathXmlApplicationContext prepareRefresh
INFO: Refreshing org.springframework.context.support.ClassPathXmlApplicationContext@1c4f22a: startup date [Tue Oct 10 17:06:50 EDT 2017]; root of context hierarchy
Oct 10, 2017 5:06:50 PM org.springframework.beans.factory.xml.XmlBeanDefinitionReader loadBeanDefinitions
INFO: Loading XML bean definitions from class path resource [applicationContext.xml]
Oct 10, 2017 5:06:50 PM org.springframework.context.support.ClassPathXmlApplicationContext prepareRefresh
INFO: Refreshing org.springframework.context.support.ClassPathXmlApplicationContext@7cbdf9: startup date [Tue Oct 10 17:06:50 EDT 2017]; root of context hierarchy
Oct 10, 2017 5:06:50 PM org.springframework.beans.factory.xml.XmlBeanDefinitionReader loadBeanDefinitions
INFO: Loading XML bean definitions from class path resource [applicationContext.xml]
Oct 10, 2017 5:06:50 PM org.springframework.context.support.ClassPathXmlApplicationContext prepareRefresh
INFO: Refreshing org.springframework.context.support.ClassPathXmlApplicationContext@7ec1acc6: startup date [Tue Oct 10 17:06:50 EDT 2017]; root of context hierarchy
Oct 10, 2017 5:06:50 PM org.springframework.beans.factory.xml.XmlBeanDefinitionReader loadBeanDefinitions
INFO: Loading XML bean definitions from class path resource [applicationContext.xml]
Oct 10, 2017 5:06:50 PM org.springframework.context.support.ClassPathXmlApplicationContext prepareRefresh
INFO: Refreshing org.springframework.context.support.ClassPathXmlApplicationContext@5b97216c: startup date [Tue Oct 10 17:06:50 EDT 2017]; root of context hierarchy
Oct 10, 2017 5:06:50 PM org.springframework.beans.factory.xml.XmlBeanDefinitionReader loadBeanDefinitions
INFO: Loading XML bean definitions from class path resource [applicationContext.xml]
Oct 10, 2017 5:06:50 PM org.springframework.context.support.ClassPathXmlApplicationContext prepareRefresh
INFO: Refreshing org.springframework.context.support.ClassPathXmlApplicationContext@56f041fa: startup date [Tue Oct 10 17:06:50 EDT 2017]; root of context hierarchy
Oct 10, 2017 5:06:50 PM org.springframework.beans.factory.xml.XmlBeanDefinitionReader loadBeanDefinitions
INFO: Loading XML bean definitions from class path resource [applicationContext.xml]
Oct 10, 2017 5:06:50 PM org.springframework.context.support.ClassPathXmlApplicationContext prepareRefresh
INFO: Refreshing org.springframework.context.support.ClassPathXmlApplicationContext@5a6bee11: startup date [Tue Oct 10 17:06:50 EDT 2017]; root of context hierarchy
Oct 10, 2017 5:06:50 PM org.springframework.beans.factory.xml.XmlBeanDefinitionReader loadBeanDefinitions
INFO: Loading XML bean definitions from class path resource [applicationContext.xml]
Oct 10, 2017 5:06:50 PM org.springframework.context.support.ClassPathXmlApplicationContext prepareRefresh
INFO: Refreshing org.springframework.context.support.ClassPathXmlApplicationContext@7c18d6fe: startup date [Tue Oct 10 17:06:50 EDT 2017]; root of context hierarchy
Oct 10, 2017 5:06:50 PM org.springframework.beans.factory.xml.XmlBeanDefinitionReader loadBeanDefinitions
INFO: Loading XML bean definitions from class path resource [applicationContext.xml]
Oct 10, 2017 5:06:50 PM org.springframework.context.support.ClassPathXmlApplicationContext prepareRefresh
INFO: Refreshing org.springframework.context.support.ClassPathXmlApplicationContext@77dbb26e: startup date [Tue Oct 10 17:06:50 EDT 2017]; root of context hierarchy
Oct 10, 2017 5:06:50 PM org.springframework.beans.factory.xml.XmlBeanDefinitionReader loadBeanDefinitions
INFO: Loading XML bean definitions from class path resource [applicationContext.xml]
Oct 10, 2017 5:06:50 PM org.springframework.context.support.ClassPathXmlApplicationContext prepareRefresh
INFO: Refreshing org.springframework.context.support.ClassPathXmlApplicationContext@1a0fe4b3: startup date [Tue Oct 10 17:06:50 EDT 2017]; root of context hierarchy
Oct 10, 2017 5:06:50 PM org.springframework.beans.factory.xml.XmlBeanDefinitionReader loadBeanDefinitions
INFO: Loading XML bean definitions from class path resource [applicationContext.xml]
Oct 10, 2017 5:06:50 PM org.springframework.context.support.ClassPathXmlApplicationContext prepareRefresh
INFO: Refreshing org.springframework.context.support.ClassPathXmlApplicationContext@5cdb282b: startup date [Tue Oct 10 17:06:50 EDT 2017]; root of context hierarchy
Oct 10, 2017 5:06:50 PM org.springframework.beans.factory.xml.XmlBeanDefinitionReader loadBeanDefinitions
INFO: Loading XML bean definitions from class path resource [applicationContext.xml]
Oct 10, 2017 5:06:50 PM org.springframework.context.support.ClassPathXmlApplicationContext prepareRefresh
INFO: Refreshing org.springframework.context.support.ClassPathXmlApplicationContext@6ca920be: startup date [Tue Oct 10 17:06:50 EDT 2017]; root of context hierarchy
Oct 10, 2017 5:06:50 PM org.springframework.beans.factory.xml.XmlBeanDefinitionReader loadBeanDefinitions
INFO: Loading XML bean definitions from class path resource [applicationContext.xml]
Oct 10, 2017 5:06:50 PM org.springframework.context.support.ClassPathXmlApplicationContext prepareRefresh
INFO: Refreshing org.springframework.context.support.ClassPathXmlApplicationContext@6bfe4812: startup date [Tue Oct 10 17:06:50 EDT 2017]; root of context hierarchy
Oct 10, 2017 5:06:50 PM org.springframework.beans.factory.xml.XmlBeanDefinitionReader loadBeanDefinitions
INFO: Loading XML bean definitions from class path resource [applicationContext.xml]
Oct 10, 2017 5:06:50 PM org.springframework.context.support.ClassPathXmlApplicationContext prepareRefresh
INFO: Refreshing org.springframework.context.support.ClassPathXmlApplicationContext@16690131: startup date [Tue Oct 10 17:06:50 EDT 2017]; root of context hierarchy
Oct 10, 2017 5:06:50 PM org.springframework.beans.factory.xml.XmlBeanDefinitionReader loadBeanDefinitions
INFO: Loading XML bean definitions from class path resource [applicationContext.xml]
Oct 10, 2017 5:06:50 PM org.springframework.context.support.ClassPathXmlApplicationContext prepareRefresh
INFO: Refreshing org.springframework.context.support.ClassPathXmlApplicationContext@12411739: startup date [Tue Oct 10 17:06:50 EDT 2017]; root of context hierarchy
Oct 10, 2017 5:06:50 PM org.springframework.beans.factory.xml.XmlBeanDefinitionReader loadBeanDefinitions
INFO: Loading XML bean definitions from class path resource [applicationContext.xml]
Oct 10, 2017 5:06:50 PM org.springframework.context.support.ClassPathXmlApplicationContext prepareRefresh
INFO: Refreshing org.springframework.context.support.ClassPathXmlApplicationContext@58e6225c: startup date [Tue Oct 10 17:06:50 EDT 2017]; root of context hierarchy
Oct 10, 2017 5:06:50 PM org.springframework.beans.factory.xml.XmlBeanDefinitionReader loadBeanDefinitions
INFO: Loading XML bean definitions from class path resource [applicationContext.xml]
Oct 10, 2017 5:06:50 PM org.springframework.context.support.ClassPathXmlApplicationContext prepareRefresh
INFO: Refreshing org.springframework.context.support.ClassPathXmlApplicationContext@155c82f4: startup date [Tue Oct 10 17:06:50 EDT 2017]; root of context hierarchy
Oct 10, 2017 5:06:50 PM org.springframework.beans.factory.xml.XmlBeanDefinitionReader loadBeanDefinitions
INFO: Loading XML bean definitions from class path resource [applicationContext.xml]
Oct 10, 2017 5:06:50 PM org.springframework.context.support.ClassPathXmlApplicationContext prepareRefresh
INFO: Refreshing org.springframework.context.support.ClassPathXmlApplicationContext@137e12c6: startup date [Tue Oct 10 17:06:50 EDT 2017]; root of context hierarchy
Oct 10, 2017 5:06:50 PM org.springframework.beans.factory.xml.XmlBeanDefinitionReader loadBeanDefinitions
INFO: Loading XML bean definitions from class path resource [applicationContext.xml]
Oct 10, 2017 5:06:50 PM org.springframework.context.support.ClassPathXmlApplicationContext prepareRefresh
INFO: Refreshing org.springframework.context.support.ClassPathXmlApplicationContext@38321598: startup date [Tue Oct 10 17:06:50 EDT 2017]; root of context hierarchy
Oct 10, 2017 5:06:50 PM org.springframework.beans.factory.xml.XmlBeanDefinitionReader loadBeanDefinitions
INFO: Loading XML bean definitions from class path resource [applicationContext.xml]
Oct 10, 2017 5:06:50 PM org.springframework.context.support.ClassPathXmlApplicationContext prepareRefresh
INFO: Refreshing org.springframework.context.support.ClassPathXmlApplicationContext@79bd2fb0: startup date [Tue Oct 10 17:06:50 EDT 2017]; root of context hierarchy
Oct 10, 2017 5:06:50 PM org.springframework.beans.factory.xml.XmlBeanDefinitionReader loadBeanDefinitions
INFO: Loading XML bean definitions from class path resource [applicationContext.xml]
Oct 10, 2017 5:06:50 PM org.springframework.context.support.ClassPathXmlApplicationContext prepareRefresh
INFO: Refreshing org.springframework.context.support.ClassPathXmlApplicationContext@6795d8fe: startup date [Tue Oct 10 17:06:50 EDT 2017]; root of context hierarchy
Oct 10, 2017 5:06:50 PM org.springframework.beans.factory.xml.XmlBeanDefinitionReader loadBeanDefinitions
INFO: Loading XML bean definitions from class path resource [applicationContext.xml]
Oct 10, 2017 5:06:50 PM org.springframework.context.support.ClassPathXmlApplicationContext prepareRefresh
INFO: Refreshing org.springframework.context.support.ClassPathXmlApplicationContext@11a05bc7: startup date [Tue Oct 10 17:06:50 EDT 2017]; root of context hierarchy
Oct 10, 2017 5:06:50 PM org.springframework.beans.factory.xml.XmlBeanDefinitionReader loadBeanDefinitions
INFO: Loading XML bean definitions from class path resource [applicationContext.xml]
Oct 10, 2017 5:06:50 PM org.springframework.context.support.ClassPathXmlApplicationContext prepareRefresh
INFO: Refreshing org.springframework.context.support.ClassPathXmlApplicationContext@2a72c0ed: startup date [Tue Oct 10 17:06:50 EDT 2017]; root of context hierarchy
Oct 10, 2017 5:06:50 PM org.springframework.beans.factory.xml.XmlBeanDefinitionReader loadBeanDefinitions
INFO: Loading XML bean definitions from class path resource [applicationContext.xml]
Oct 10, 2017 5:06:50 PM org.springframework.context.support.ClassPathXmlApplicationContext prepareRefresh
INFO: Refreshing org.springframework.context.support.ClassPathXmlApplicationContext@7090431f: startup date [Tue Oct 10 17:06:50 EDT 2017]; root of context hierarchy
Oct 10, 2017 5:06:50 PM org.springframework.beans.factory.xml.XmlBeanDefinitionReader loadBeanDefinitions
INFO: Loading XML bean definitions from class path resource [applicationContext.xml]
Oct 10, 2017 5:06:50 PM org.springframework.context.support.ClassPathXmlApplicationContext prepareRefresh
INFO: Refreshing org.springframework.context.support.ClassPathXmlApplicationContext@2e36e6e0: startup date [Tue Oct 10 17:06:50 EDT 2017]; root of context hierarchy
Oct 10, 2017 5:06:50 PM org.springframework.beans.factory.xml.XmlBeanDefinitionReader loadBeanDefinitions
INFO: Loading XML bean definitions from class path resource [applicationContext.xml]
Oct 10, 2017 5:06:50 PM org.springframework.context.support.ClassPathXmlApplicationContext prepareRefresh
INFO: Refreshing org.springframework.context.support.ClassPathXmlApplicationContext@741a4637: startup date [Tue Oct 10 17:06:50 EDT 2017]; root of context hierarchy
Oct 10, 2017 5:06:50 PM org.springframework.beans.factory.xml.XmlBeanDefinitionReader loadBeanDefinitions
INFO: Loading XML bean definitions from class path resource [applicationContext.xml]
Oct 10, 2017 5:06:50 PM org.springframework.context.support.ClassPathXmlApplicationContext prepareRefresh
INFO: Refreshing org.springframework.context.support.ClassPathXmlApplicationContext@43d2489f: startup date [Tue Oct 10 17:06:50 EDT 2017]; root of context hierarchy
Oct 10, 2017 5:06:50 PM org.springframework.beans.factory.xml.XmlBeanDefinitionReader loadBeanDefinitions
INFO: Loading XML bean definitions from class path resource [applicationContext.xml]
Oct 10, 2017 5:06:50 PM org.springframework.context.support.ClassPathXmlApplicationContext prepareRefresh
INFO: Refreshing org.springframework.context.support.ClassPathXmlApplicationContext@181c21f9: startup date [Tue Oct 10 17:06:50 EDT 2017]; root of context hierarchy
Oct 10, 2017 5:06:50 PM org.springframework.beans.factory.xml.XmlBeanDefinitionReader loadBeanDefinitions
INFO: Loading XML bean definitions from class path resource [applicationContext.xml]
Oct 10, 2017 5:06:50 PM org.springframework.context.support.ClassPathXmlApplicationContext prepareRefresh
INFO: Refreshing org.springframework.context.support.ClassPathXmlApplicationContext@4b1ba7fc: startup date [Tue Oct 10 17:06:50 EDT 2017]; root of context hierarchy
Oct 10, 2017 5:06:50 PM org.springframework.beans.factory.xml.XmlBeanDefinitionReader loadBeanDefinitions
INFO: Loading XML bean definitions from class path resource [applicationContext.xml]
Oct 10, 2017 5:06:50 PM org.springframework.context.support.ClassPathXmlApplicationContext prepareRefresh
INFO: Refreshing org.springframework.context.support.ClassPathXmlApplicationContext@633e4509: startup date [Tue Oct 10 17:06:50 EDT 2017]; root of context hierarchy
Oct 10, 2017 5:06:50 PM org.springframework.beans.factory.xml.XmlBeanDefinitionReader loadBeanDefinitions
INFO: Loading XML bean definitions from class path resource [applicationContext.xml]
Oct 10, 2017 5:06:50 PM org.springframework.context.support.ClassPathXmlApplicationContext prepareRefresh
INFO: Refreshing org.springframework.context.support.ClassPathXmlApplicationContext@2c6db145: startup date [Tue Oct 10 17:06:50 EDT 2017]; root of context hierarchy
Oct 10, 2017 5:06:50 PM org.springframework.beans.factory.xml.XmlBeanDefinitionReader loadBeanDefinitions
INFO: Loading XML bean definitions from class path resource [applicationContext.xml]
Oct 10, 2017 5:06:50 PM org.springframework.context.support.ClassPathXmlApplicationContext prepareRefresh
INFO: Refreshing org.springframework.context.support.ClassPathXmlApplicationContext@432d909a: startup date [Tue Oct 10 17:06:50 EDT 2017]; root of context hierarchy
Oct 10, 2017 5:06:50 PM org.springframework.beans.factory.xml.XmlBeanDefinitionReader loadBeanDefinitions
INFO: Loading XML bean definitions from class path resource [applicationContext.xml]
Oct 10, 2017 5:06:50 PM org.springframework.context.support.ClassPathXmlApplicationContext prepareRefresh
INFO: Refreshing org.springframework.context.support.ClassPathXmlApplicationContext@7bb262ce: startup date [Tue Oct 10 17:06:50 EDT 2017]; root of context hierarchy
Oct 10, 2017 5:06:50 PM org.springframework.beans.factory.xml.XmlBeanDefinitionReader loadBeanDefinitions
INFO: Loading XML bean definitions from class path resource [applicationContext.xml]
Oct 10, 2017 5:06:50 PM org.springframework.context.support.ClassPathXmlApplicationContext prepareRefresh
INFO: Refreshing org.springframework.context.support.ClassPathXmlApplicationContext@74688bd3: startup date [Tue Oct 10 17:06:50 EDT 2017]; root of context hierarchy
Oct 10, 2017 5:06:50 PM org.springframework.beans.factory.xml.XmlBeanDefinitionReader loadBeanDefinitions
INFO: Loading XML bean definitions from class path resource [applicationContext.xml]
Oct 10, 2017 5:06:50 PM org.springframework.context.support.ClassPathXmlApplicationContext prepareRefresh
INFO: Refreshing org.springframework.context.support.ClassPathXmlApplicationContext@94d5b5e: startup date [Tue Oct 10 17:06:50 EDT 2017]; root of context hierarchy
Oct 10, 2017 5:06:50 PM org.springframework.beans.factory.xml.XmlBeanDefinitionReader loadBeanDefinitions
INFO: Loading XML bean definitions from class path resource [applicationContext.xml]
Oct 10, 2017 5:06:50 PM org.springframework.context.support.ClassPathXmlApplicationContext prepareRefresh
INFO: Refreshing org.springframework.context.support.ClassPathXmlApplicationContext@1e8a2042: startup date [Tue Oct 10 17:06:50 EDT 2017]; root of context hierarchy
Oct 10, 2017 5:06:50 PM org.springframework.beans.factory.xml.XmlBeanDefinitionReader loadBeanDefinitions
INFO: Loading XML bean definitions from class path resource [applicationContext.xml]
Oct 10, 2017 5:06:50 PM org.springframework.context.support.ClassPathXmlApplicationContext prepareRefresh
INFO: Refreshing org.springframework.context.support.ClassPathXmlApplicationContext@53adaf52: startup date [Tue Oct 10 17:06:50 EDT 2017]; root of context hierarchy
Oct 10, 2017 5:06:50 PM org.springframework.beans.factory.xml.XmlBeanDefinitionReader loadBeanDefinitions
INFO: Loading XML bean definitions from class path resource [applicationContext.xml]
Oct 10, 2017 5:06:50 PM org.springframework.context.support.ClassPathXmlApplicationContext prepareRefresh
INFO: Refreshing org.springframework.context.support.ClassPathXmlApplicationContext@5a342f5a: startup date [Tue Oct 10 17:06:50 EDT 2017]; root of context hierarchy
Oct 10, 2017 5:06:50 PM org.springframework.beans.factory.xml.XmlBeanDefinitionReader loadBeanDefinitions
INFO: Loading XML bean definitions from class path resource [applicationContext.xml]
Oct 10, 2017 5:06:50 PM org.springframework.context.support.ClassPathXmlApplicationContext prepareRefresh
INFO: Refreshing org.springframework.context.support.ClassPathXmlApplicationContext@61d5ce39: startup date [Tue Oct 10 17:06:50 EDT 2017]; root of context hierarchy
Oct 10, 2017 5:06:50 PM org.springframework.beans.factory.xml.XmlBeanDefinitionReader loadBeanDefinitions
INFO: Loading XML bean definitions from class path resource [applicationContext.xml]
Oct 10, 2017 5:06:50 PM org.springframework.context.support.ClassPathXmlApplicationContext prepareRefresh
INFO: Refreshing org.springframework.context.support.ClassPathXmlApplicationContext@56949928: startup date [Tue Oct 10 17:06:50 EDT 2017]; root of context hierarchy
Oct 10, 2017 5:06:50 PM org.springframework.beans.factory.xml.XmlBeanDefinitionReader loadBeanDefinitions
INFO: Loading XML bean definitions from class path resource [applicationContext.xml]
Oct 10, 2017 5:06:50 PM org.springframework.context.support.ClassPathXmlApplicationContext prepareRefresh
INFO: Refreshing org.springframework.context.support.ClassPathXmlApplicationContext@15cd6866: startup date [Tue Oct 10 17:06:50 EDT 2017]; root of context hierarchy
Oct 10, 2017 5:06:50 PM org.springframework.beans.factory.xml.XmlBeanDefinitionReader loadBeanDefinitions
INFO: Loading XML bean definitions from class path resource [applicationContext.xml]
Oct 10, 2017 5:06:50 PM org.springframework.context.support.ClassPathXmlApplicationContext prepareRefresh
INFO: Refreshing org.springframework.context.support.ClassPathXmlApplicationContext@3e632af8: startup date [Tue Oct 10 17:06:50 EDT 2017]; root of context hierarchy
Oct 10, 2017 5:06:50 PM org.springframework.beans.factory.xml.XmlBeanDefinitionReader loadBeanDefinitions
INFO: Loading XML bean definitions from class path resource [applicationContext.xml]
Oct 10, 2017 5:06:50 PM org.springframework.context.support.ClassPathXmlApplicationContext prepareRefresh
INFO: Refreshing org.springframework.context.support.ClassPathXmlApplicationContext@32a111d5: startup date [Tue Oct 10 17:06:50 EDT 2017]; root of context hierarchy
Oct 10, 2017 5:06:50 PM org.springframework.beans.factory.xml.XmlBeanDefinitionReader loadBeanDefinitions
INFO: Loading XML bean definitions from class path resource [applicationContext.xml]
Oct 10, 2017 5:06:50 PM org.springframework.context.support.ClassPathXmlApplicationContext prepareRefresh
INFO: Refreshing org.springframework.context.support.ClassPathXmlApplicationContext@67d3bfb3: startup date [Tue Oct 10 17:06:50 EDT 2017]; root of context hierarchy
Oct 10, 2017 5:06:50 PM org.springframework.beans.factory.xml.XmlBeanDefinitionReader loadBeanDefinitions
INFO: Loading XML bean definitions from class path resource [applicationContext.xml]
Oct 10, 2017 5:06:50 PM org.springframework.context.support.ClassPathXmlApplicationContext prepareRefresh
INFO: Refreshing org.springframework.context.support.ClassPathXmlApplicationContext@1a9c0d7: startup date [Tue Oct 10 17:06:50 EDT 2017]; root of context hierarchy
Oct 10, 2017 5:06:50 PM org.springframework.beans.factory.xml.XmlBeanDefinitionReader loadBeanDefinitions
INFO: Loading XML bean definitions from class path resource [applicationContext.xml]
Oct 10, 2017 5:06:50 PM org.springframework.context.support.ClassPathXmlApplicationContext prepareRefresh
INFO: Refreshing org.springframework.context.support.ClassPathXmlApplicationContext@26a37bb6: startup date [Tue Oct 10 17:06:50 EDT 2017]; root of context hierarchy
Oct 10, 2017 5:06:50 PM org.springframework.beans.factory.xml.XmlBeanDefinitionReader loadBeanDefinitions
INFO: Loading XML bean definitions from class path resource [applicationContext.xml]
Oct 10, 2017 5:06:50 PM org.springframework.context.support.ClassPathXmlApplicationContext prepareRefresh
INFO: Refreshing org.springframework.context.support.ClassPathXmlApplicationContext@507b2e51: startup date [Tue Oct 10 17:06:50 EDT 2017]; root of context hierarchy
Oct 10, 2017 5:06:50 PM org.springframework.beans.factory.xml.XmlBeanDefinitionReader loadBeanDefinitions
INFO: Loading XML bean definitions from class path resource [applicationContext.xml]
Oct 10, 2017 5:06:50 PM org.springframework.context.support.ClassPathXmlApplicationContext prepareRefresh
INFO: Refreshing org.springframework.context.support.ClassPathXmlApplicationContext@50898b59: startup date [Tue Oct 10 17:06:50 EDT 2017]; root of context hierarchy
Oct 10, 2017 5:06:50 PM org.springframework.beans.factory.xml.XmlBeanDefinitionReader loadBeanDefinitions
INFO: Loading XML bean definitions from class path resource [applicationContext.xml]
Oct 10, 2017 5:06:50 PM org.springframework.context.support.ClassPathXmlApplicationContext prepareRefresh
INFO: Refreshing org.springframework.context.support.ClassPathXmlApplicationContext@660e4033: startup date [Tue Oct 10 17:06:50 EDT 2017]; root of context hierarchy
Oct 10, 2017 5:06:50 PM org.springframework.beans.factory.xml.XmlBeanDefinitionReader loadBeanDefinitions
INFO: Loading XML bean definitions from class path resource [applicationContext.xml]
Oct 10, 2017 5:06:50 PM org.springframework.context.support.ClassPathXmlApplicationContext prepareRefresh
INFO: Refreshing org.springframework.context.support.ClassPathXmlApplicationContext@3111c97a: startup date [Tue Oct 10 17:06:50 EDT 2017]; root of context hierarchy
Oct 10, 2017 5:06:50 PM org.springframework.beans.factory.xml.XmlBeanDefinitionReader loadBeanDefinitions
INFO: Loading XML bean definitions from class path resource [applicationContext.xml]
Oct 10, 2017 5:06:50 PM org.springframework.context.support.ClassPathXmlApplicationContext prepareRefresh
INFO: Refreshing org.springframework.context.support.ClassPathXmlApplicationContext@4d0c90fd: startup date [Tue Oct 10 17:06:50 EDT 2017]; root of context hierarchy
Oct 10, 2017 5:06:50 PM org.springframework.beans.factory.xml.XmlBeanDefinitionReader loadBeanDefinitions
INFO: Loading XML bean definitions from class path resource [applicationContext.xml]
Oct 10, 2017 5:06:51 PM org.springframework.context.support.ClassPathXmlApplicationContext prepareRefresh
INFO: Refreshing org.springframework.context.support.ClassPathXmlApplicationContext@544e2c6f: startup date [Tue Oct 10 17:06:51 EDT 2017]; root of context hierarchy
Oct 10, 2017 5:06:51 PM org.springframework.beans.factory.xml.XmlBeanDefinitionReader loadBeanDefinitions
INFO: Loading XML bean definitions from class path resource [applicationContext.xml]
Oct 10, 2017 5:06:51 PM org.springframework.context.support.ClassPathXmlApplicationContext prepareRefresh
INFO: Refreshing org.springframework.context.support.ClassPathXmlApplicationContext@50f15a6b: startup date [Tue Oct 10 17:06:51 EDT 2017]; root of context hierarchy
Oct 10, 2017 5:06:51 PM org.springframework.beans.factory.xml.XmlBeanDefinitionReader loadBeanDefinitions
INFO: Loading XML bean definitions from class path resource [applicationContext.xml]
Oct 10, 2017 5:06:51 PM org.springframework.context.support.ClassPathXmlApplicationContext prepareRefresh
INFO: Refreshing org.springframework.context.support.ClassPathXmlApplicationContext@700f18ef: startup date [Tue Oct 10 17:06:51 EDT 2017]; root of context hierarchy
Oct 10, 2017 5:06:51 PM org.springframework.beans.factory.xml.XmlBeanDefinitionReader loadBeanDefinitions
INFO: Loading XML bean definitions from class path resource [applicationContext.xml]
Oct 10, 2017 5:06:51 PM org.springframework.context.support.ClassPathXmlApplicationContext prepareRefresh
INFO: Refreshing org.springframework.context.support.ClassPathXmlApplicationContext@5cd3c2b6: startup date [Tue Oct 10 17:06:51 EDT 2017]; root of context hierarchy
Oct 10, 2017 5:06:51 PM org.springframework.beans.factory.xml.XmlBeanDefinitionReader loadBeanDefinitions
INFO: Loading XML bean definitions from class path resource [applicationContext.xml]
Oct 10, 2017 5:06:51 PM org.springframework.context.support.ClassPathXmlApplicationContext prepareRefresh
INFO: Refreshing org.springframework.context.support.ClassPathXmlApplicationContext@2a26e314: startup date [Tue Oct 10 17:06:51 EDT 2017]; root of context hierarchy
Oct 10, 2017 5:06:51 PM org.springframework.beans.factory.xml.XmlBeanDefinitionReader loadBeanDefinitions
INFO: Loading XML bean definitions from class path resource [applicationContext.xml]
Oct 10, 2017 5:06:51 PM org.springframework.context.support.ClassPathXmlApplicationContext prepareRefresh
INFO: Refreshing org.springframework.context.support.ClassPathXmlApplicationContext@76aa6a2f: startup date [Tue Oct 10 17:06:51 EDT 2017]; root of context hierarchy
Oct 10, 2017 5:06:51 PM org.springframework.beans.factory.xml.XmlBeanDefinitionReader loadBeanDefinitions
INFO: Loading XML bean definitions from class path resource [applicationContext.xml]
Oct 10, 2017 5:06:51 PM org.springframework.context.support.ClassPathXmlApplicationContext prepareRefresh
INFO: Refreshing org.springframework.context.support.ClassPathXmlApplicationContext@78dc2aea: startup date [Tue Oct 10 17:06:51 EDT 2017]; root of context hierarchy
Oct 10, 2017 5:06:51 PM org.springframework.beans.factory.xml.XmlBeanDefinitionReader loadBeanDefinitions
INFO: Loading XML bean definitions from class path resource [applicationContext.xml]
Oct 10, 2017 5:06:51 PM org.springframework.context.support.ClassPathXmlApplicationContext prepareRefresh
INFO: Refreshing org.springframework.context.support.ClassPathXmlApplicationContext@6fb9e013: startup date [Tue Oct 10 17:06:51 EDT 2017]; root of context hierarchy
Oct 10, 2017 5:06:51 PM org.springframework.beans.factory.xml.XmlBeanDefinitionReader loadBeanDefinitions
INFO: Loading XML bean definitions from class path resource [applicationContext.xml]
Oct 10, 2017 5:06:51 PM org.springframework.context.support.ClassPathXmlApplicationContext prepareRefresh
INFO: Refreshing org.springframework.context.support.ClassPathXmlApplicationContext@f97059a: startup date [Tue Oct 10 17:06:51 EDT 2017]; root of context hierarchy
Oct 10, 2017 5:06:51 PM org.springframework.beans.factory.xml.XmlBeanDefinitionReader loadBeanDefinitions
INFO: Loading XML bean definitions from class path resource [applicationContext.xml]
Oct 10, 2017 5:06:51 PM org.springframework.context.support.ClassPathXmlApplicationContext prepareRefresh
INFO: Refreshing org.springframework.context.support.ClassPathXmlApplicationContext@62ceaf0d: startup date [Tue Oct 10 17:06:51 EDT 2017]; root of context hierarchy
Oct 10, 2017 5:06:51 PM org.springframework.beans.factory.xml.XmlBeanDefinitionReader loadBeanDefinitions
INFO: Loading XML bean definitions from class path resource [applicationContext.xml]
Oct 10, 2017 5:06:51 PM org.springframework.context.support.ClassPathXmlApplicationContext prepareRefresh
INFO: Refreshing org.springframework.context.support.ClassPathXmlApplicationContext@51d22d3d: startup date [Tue Oct 10 17:06:51 EDT 2017]; root of context hierarchy
Oct 10, 2017 5:06:51 PM org.springframework.beans.factory.xml.XmlBeanDefinitionReader loadBeanDefinitions
INFO: Loading XML bean definitions from class path resource [applicationContext.xml]
Oct 10, 2017 5:06:51 PM org.springframework.context.support.ClassPathXmlApplicationContext prepareRefresh
INFO: Refreshing org.springframework.context.support.ClassPathXmlApplicationContext@5d62c181: startup date [Tue Oct 10 17:06:51 EDT 2017]; root of context hierarchy
Oct 10, 2017 5:06:51 PM org.springframework.beans.factory.xml.XmlBeanDefinitionReader loadBeanDefinitions
INFO: Loading XML bean definitions from class path resource [applicationContext.xml]
Oct 10, 2017 5:06:51 PM org.springframework.context.support.ClassPathXmlApplicationContext prepareRefresh
INFO: Refreshing org.springframework.context.support.ClassPathXmlApplicationContext@381734e: startup date [Tue Oct 10 17:06:51 EDT 2017]; root of context hierarchy
Oct 10, 2017 5:06:51 PM org.springframework.beans.factory.xml.XmlBeanDefinitionReader loadBeanDefinitions
INFO: Loading XML bean definitions from class path resource [applicationContext.xml]
Oct 10, 2017 5:06:51 PM org.springframework.context.support.ClassPathXmlApplicationContext prepareRefresh
INFO: Refreshing org.springframework.context.support.ClassPathXmlApplicationContext@73f1d9c9: startup date [Tue Oct 10 17:06:51 EDT 2017]; root of context hierarchy
Oct 10, 2017 5:06:51 PM org.springframework.beans.factory.xml.XmlBeanDefinitionReader loadBeanDefinitions
INFO: Loading XML bean definitions from class path resource [applicationContext.xml]
Oct 10, 2017 5:06:51 PM org.springframework.context.support.ClassPathXmlApplicationContext prepareRefresh
INFO: Refreshing org.springframework.context.support.ClassPathXmlApplicationContext@4c6434e: startup date [Tue Oct 10 17:06:51 EDT 2017]; root of context hierarchy
Oct 10, 2017 5:06:51 PM org.springframework.beans.factory.xml.XmlBeanDefinitionReader loadBeanDefinitions
INFO: Loading XML bean definitions from class path resource [applicationContext.xml]
Oct 10, 2017 5:06:51 PM org.springframework.context.support.ClassPathXmlApplicationContext prepareRefresh
INFO: Refreshing org.springframework.context.support.ClassPathXmlApplicationContext@5deeb47d: startup date [Tue Oct 10 17:06:51 EDT 2017]; root of context hierarchy
Oct 10, 2017 5:06:51 PM org.springframework.beans.factory.xml.XmlBeanDefinitionReader loadBeanDefinitions
INFO: Loading XML bean definitions from class path resource [applicationContext.xml]
Oct 10, 2017 5:06:51 PM org.springframework.context.support.ClassPathXmlApplicationContext prepareRefresh
INFO: Refreshing org.springframework.context.support.ClassPathXmlApplicationContext@682005f3: startup date [Tue Oct 10 17:06:51 EDT 2017]; root of context hierarchy
Oct 10, 2017 5:06:51 PM org.springframework.beans.factory.xml.XmlBeanDefinitionReader loadBeanDefinitions
INFO: Loading XML bean definitions from class path resource [applicationContext.xml]
Oct 10, 2017 5:06:51 PM org.springframework.context.support.ClassPathXmlApplicationContext prepareRefresh
INFO: Refreshing org.springframework.context.support.ClassPathXmlApplicationContext@19b371e: startup date [Tue Oct 10 17:06:51 EDT 2017]; root of context hierarchy
Oct 10, 2017 5:06:51 PM org.springframework.beans.factory.xml.XmlBeanDefinitionReader loadBeanDefinitions
INFO: Loading XML bean definitions from class path resource [applicationContext.xml]
Oct 10, 2017 5:06:51 PM org.springframework.context.support.ClassPathXmlApplicationContext prepareRefresh
INFO: Refreshing org.springframework.context.support.ClassPathXmlApplicationContext@7504b8db: startup date [Tue Oct 10 17:06:51 EDT 2017]; root of context hierarchy
Oct 10, 2017 5:06:51 PM org.springframework.beans.factory.xml.XmlBeanDefinitionReader loadBeanDefinitions
INFO: Loading XML bean definitions from class path resource [applicationContext.xml]
Oct 10, 2017 5:06:51 PM org.springframework.context.support.ClassPathXmlApplicationContext prepareRefresh
INFO: Refreshing org.springframework.context.support.ClassPathXmlApplicationContext@741624f0: startup date [Tue Oct 10 17:06:51 EDT 2017]; root of context hierarchy
Oct 10, 2017 5:06:51 PM org.springframework.beans.factory.xml.XmlBeanDefinitionReader loadBeanDefinitions
INFO: Loading XML bean definitions from class path resource [applicationContext.xml]
Oct 10, 2017 5:06:51 PM org.springframework.context.support.ClassPathXmlApplicationContext prepareRefresh
INFO: Refreshing org.springframework.context.support.ClassPathXmlApplicationContext@1b809b30: startup date [Tue Oct 10 17:06:51 EDT 2017]; root of context hierarchy
Oct 10, 2017 5:06:51 PM org.springframework.beans.factory.xml.XmlBeanDefinitionReader loadBeanDefinitions
INFO: Loading XML bean definitions from class path resource [applicationContext.xml]
Oct 10, 2017 5:06:51 PM org.springframework.context.support.ClassPathXmlApplicationContext prepareRefresh
INFO: Refreshing org.springframework.context.support.ClassPathXmlApplicationContext@25a9b598: startup date [Tue Oct 10 17:06:51 EDT 2017]; root of context hierarchy
Oct 10, 2017 5:06:51 PM org.springframework.beans.factory.xml.XmlBeanDefinitionReader loadBeanDefinitions
INFO: Loading XML bean definitions from class path resource [applicationContext.xml]
Oct 10, 2017 5:06:51 PM org.springframework.context.support.ClassPathXmlApplicationContext prepareRefresh
INFO: Refreshing org.springframework.context.support.ClassPathXmlApplicationContext@6be48e8: startup date [Tue Oct 10 17:06:51 EDT 2017]; root of context hierarchy
Oct 10, 2017 5:06:51 PM org.springframework.beans.factory.xml.XmlBeanDefinitionReader loadBeanDefinitions
INFO: Loading XML bean definitions from class path resource [applicationContext.xml]
Oct 10, 2017 5:06:51 PM org.springframework.context.support.ClassPathXmlApplicationContext prepareRefresh
INFO: Refreshing org.springframework.context.support.ClassPathXmlApplicationContext@6e0764bf: startup date [Tue Oct 10 17:06:51 EDT 2017]; root of context hierarchy
Oct 10, 2017 5:06:51 PM org.springframework.beans.factory.xml.XmlBeanDefinitionReader loadBeanDefinitions
INFO: Loading XML bean definitions from class path resource [applicationContext.xml]
Oct 10, 2017 5:06:51 PM org.springframework.context.support.ClassPathXmlApplicationContext prepareRefresh
INFO: Refreshing org.springframework.context.support.ClassPathXmlApplicationContext@b800eca: startup date [Tue Oct 10 17:06:51 EDT 2017]; root of context hierarchy
Oct 10, 2017 5:06:51 PM org.springframework.beans.factory.xml.XmlBeanDefinitionReader loadBeanDefinitions
INFO: Loading XML bean definitions from class path resource [applicationContext.xml]
Oct 10, 2017 5:06:51 PM org.springframework.context.support.ClassPathXmlApplicationContext prepareRefresh
INFO: Refreshing org.springframework.context.support.ClassPathXmlApplicationContext@3f8f2e74: startup date [Tue Oct 10 17:06:51 EDT 2017]; root of context hierarchy
Oct 10, 2017 5:06:51 PM org.springframework.beans.factory.xml.XmlBeanDefinitionReader loadBeanDefinitions
INFO: Loading XML bean definitions from class path resource [applicationContext.xml]
Oct 10, 2017 5:06:51 PM org.springframework.context.support.ClassPathXmlApplicationContext prepareRefresh
INFO: Refreshing org.springframework.context.support.ClassPathXmlApplicationContext@4fb70b55: startup date [Tue Oct 10 17:06:51 EDT 2017]; root of context hierarchy
Oct 10, 2017 5:06:51 PM org.springframework.beans.factory.xml.XmlBeanDefinitionReader loadBeanDefinitions
INFO: Loading XML bean definitions from class path resource [applicationContext.xml]
Oct 10, 2017 5:06:51 PM org.springframework.context.support.ClassPathXmlApplicationContext prepareRefresh
INFO: Refreshing org.springframework.context.support.ClassPathXmlApplicationContext@231a7eaa: startup date [Tue Oct 10 17:06:51 EDT 2017]; root of context hierarchy
Oct 10, 2017 5:06:51 PM org.springframework.beans.factory.xml.XmlBeanDefinitionReader loadBeanDefinitions
INFO: Loading XML bean definitions from class path resource [applicationContext.xml]
Oct 10, 2017 5:06:51 PM org.springframework.context.support.ClassPathXmlApplicationContext prepareRefresh
INFO: Refreshing org.springframework.context.support.ClassPathXmlApplicationContext@1514423e: startup date [Tue Oct 10 17:06:51 EDT 2017]; root of context hierarchy
Oct 10, 2017 5:06:51 PM org.springframework.beans.factory.xml.XmlBeanDefinitionReader loadBeanDefinitions
INFO: Loading XML bean definitions from class path resource [applicationContext.xml]
Oct 10, 2017 5:06:51 PM org.springframework.context.support.ClassPathXmlApplicationContext prepareRefresh
INFO: Refreshing org.springframework.context.support.ClassPathXmlApplicationContext@34c65fd2: startup date [Tue Oct 10 17:06:51 EDT 2017]; root of context hierarchy
Oct 10, 2017 5:06:51 PM org.springframework.beans.factory.xml.XmlBeanDefinitionReader loadBeanDefinitions
INFO: Loading XML bean definitions from class path resource [applicationContext.xml]
Oct 10, 2017 5:06:51 PM org.springframework.context.support.ClassPathXmlApplicationContext prepareRefresh
INFO: Refreshing org.springframework.context.support.ClassPathXmlApplicationContext@1a54878a: startup date [Tue Oct 10 17:06:51 EDT 2017]; root of context hierarchy
Oct 10, 2017 5:06:51 PM org.springframework.beans.factory.xml.XmlBeanDefinitionReader loadBeanDefinitions
INFO: Loading XML bean definitions from class path resource [applicationContext.xml]
Oct 10, 2017 5:06:51 PM org.springframework.context.support.ClassPathXmlApplicationContext prepareRefresh
INFO: Refreshing org.springframework.context.support.ClassPathXmlApplicationContext@5c5dfc2: startup date [Tue Oct 10 17:06:51 EDT 2017]; root of context hierarchy
Oct 10, 2017 5:06:51 PM org.springframework.beans.factory.xml.XmlBeanDefinitionReader loadBeanDefinitions
INFO: Loading XML bean definitions from class path resource [applicationContext.xml]
Oct 10, 2017 5:06:51 PM org.springframework.context.support.ClassPathXmlApplicationContext prepareRefresh
INFO: Refreshing org.springframework.context.support.ClassPathXmlApplicationContext@136ae01d: startup date [Tue Oct 10 17:06:51 EDT 2017]; root of context hierarchy
Oct 10, 2017 5:06:51 PM org.springframework.beans.factory.xml.XmlBeanDefinitionReader loadBeanDefinitions
INFO: Loading XML bean definitions from class path resource [applicationContext.xml]
Oct 10, 2017 5:06:51 PM org.springframework.context.support.ClassPathXmlApplicationContext prepareRefresh
INFO: Refreshing org.springframework.context.support.ClassPathXmlApplicationContext@5cea24c4: startup date [Tue Oct 10 17:06:51 EDT 2017]; root of context hierarchy
Oct 10, 2017 5:06:51 PM org.springframework.beans.factory.xml.XmlBeanDefinitionReader loadBeanDefinitions
INFO: Loading XML bean definitions from class path resource [applicationContext.xml]
Oct 10, 2017 5:06:51 PM org.springframework.context.support.ClassPathXmlApplicationContext prepareRefresh
INFO: Refreshing org.springframework.context.support.ClassPathXmlApplicationContext@40895edc: startup date [Tue Oct 10 17:06:51 EDT 2017]; root of context hierarchy
Oct 10, 2017 5:06:51 PM org.springframework.beans.factory.xml.XmlBeanDefinitionReader loadBeanDefinitions
INFO: Loading XML bean definitions from class path resource [applicationContext.xml]
Oct 10, 2017 5:06:51 PM org.springframework.context.support.ClassPathXmlApplicationContext prepareRefresh
INFO: Refreshing org.springframework.context.support.ClassPathXmlApplicationContext@64fc3fb9: startup date [Tue Oct 10 17:06:51 EDT 2017]; root of context hierarchy
Oct 10, 2017 5:06:51 PM org.springframework.beans.factory.xml.XmlBeanDefinitionReader loadBeanDefinitions
INFO: Loading XML bean definitions from class path resource [applicationContext.xml]
Oct 10, 2017 5:06:51 PM org.springframework.context.support.ClassPathXmlApplicationContext prepareRefresh
INFO: Refreshing org.springframework.context.support.ClassPathXmlApplicationContext@10f04067: startup date [Tue Oct 10 17:06:51 EDT 2017]; root of context hierarchy
Oct 10, 2017 5:06:51 PM org.springframework.beans.factory.xml.XmlBeanDefinitionReader loadBeanDefinitions
INFO: Loading XML bean definitions from class path resource [applicationContext.xml]
Oct 10, 2017 5:06:51 PM org.springframework.context.support.ClassPathXmlApplicationContext prepareRefresh
INFO: Refreshing org.springframework.context.support.ClassPathXmlApplicationContext@362f45ff: startup date [Tue Oct 10 17:06:51 EDT 2017]; root of context hierarchy
Oct 10, 2017 5:06:51 PM org.springframework.beans.factory.xml.XmlBeanDefinitionReader loadBeanDefinitions
INFO: Loading XML bean definitions from class path resource [applicationContext.xml]
Oct 10, 2017 5:06:51 PM org.springframework.context.support.ClassPathXmlApplicationContext prepareRefresh
INFO: Refreshing org.springframework.context.support.ClassPathXmlApplicationContext@697f22: startup date [Tue Oct 10 17:06:51 EDT 2017]; root of context hierarchy
Oct 10, 2017 5:06:51 PM org.springframework.beans.factory.xml.XmlBeanDefinitionReader loadBeanDefinitions
INFO: Loading XML bean definitions from class path resource [applicationContext.xml]
Oct 10, 2017 5:06:51 PM org.springframework.context.support.ClassPathXmlApplicationContext prepareRefresh
INFO: Refreshing org.springframework.context.support.ClassPathXmlApplicationContext@2cb0d775: startup date [Tue Oct 10 17:06:51 EDT 2017]; root of context hierarchy
Oct 10, 2017 5:06:51 PM org.springframework.beans.factory.xml.XmlBeanDefinitionReader loadBeanDefinitions
INFO: Loading XML bean definitions from class path resource [applicationContext.xml]
Oct 10, 2017 5:06:51 PM org.springframework.context.support.ClassPathXmlApplicationContext prepareRefresh
INFO: Refreshing org.springframework.context.support.ClassPathXmlApplicationContext@2c2247a3: startup date [Tue Oct 10 17:06:51 EDT 2017]; root of context hierarchy
Oct 10, 2017 5:06:51 PM org.springframework.beans.factory.xml.XmlBeanDefinitionReader loadBeanDefinitions
INFO: Loading XML bean definitions from class path resource [applicationContext.xml]
Oct 10, 2017 5:06:51 PM org.springframework.context.support.ClassPathXmlApplicationContext prepareRefresh
INFO: Refreshing org.springframework.context.support.ClassPathXmlApplicationContext@14d75761: startup date [Tue Oct 10 17:06:51 EDT 2017]; root of context hierarchy
Oct 10, 2017 5:06:51 PM org.springframework.beans.factory.xml.XmlBeanDefinitionReader loadBeanDefinitions
INFO: Loading XML bean definitions from class path resource [applicationContext.xml]
Oct 10, 2017 5:06:51 PM org.springframework.context.support.ClassPathXmlApplicationContext prepareRefresh
INFO: Refreshing org.springframework.context.support.ClassPathXmlApplicationContext@131de10d: startup date [Tue Oct 10 17:06:51 EDT 2017]; root of context hierarchy
Oct 10, 2017 5:06:51 PM org.springframework.beans.factory.xml.XmlBeanDefinitionReader loadBeanDefinitions
INFO: Loading XML bean definitions from class path resource [applicationContext.xml]
Oct 10, 2017 5:06:51 PM org.springframework.context.support.ClassPathXmlApplicationContext prepareRefresh
INFO: Refreshing org.springframework.context.support.ClassPathXmlApplicationContext@1dd43ddc: startup date [Tue Oct 10 17:06:51 EDT 2017]; root of context hierarchy
Oct 10, 2017 5:06:51 PM org.springframework.beans.factory.xml.XmlBeanDefinitionReader loadBeanDefinitions
INFO: Loading XML bean definitions from class path resource [applicationContext.xml]
Oct 10, 2017 5:06:51 PM org.springframework.context.support.ClassPathXmlApplicationContext prepareRefresh
INFO: Refreshing org.springframework.context.support.ClassPathXmlApplicationContext@7b75b8cf: startup date [Tue Oct 10 17:06:51 EDT 2017]; root of context hierarchy
Oct 10, 2017 5:06:51 PM org.springframework.beans.factory.xml.XmlBeanDefinitionReader loadBeanDefinitions
INFO: Loading XML bean definitions from class path resource [applicationContext.xml]
Oct 10, 2017 5:06:51 PM org.springframework.context.support.ClassPathXmlApplicationContext prepareRefresh
INFO: Refreshing org.springframework.context.support.ClassPathXmlApplicationContext@f023c7: startup date [Tue Oct 10 17:06:51 EDT 2017]; root of context hierarchy
Oct 10, 2017 5:06:51 PM org.springframework.beans.factory.xml.XmlBeanDefinitionReader loadBeanDefinitions
INFO: Loading XML bean definitions from class path resource [applicationContext.xml]
Oct 10, 2017 5:06:51 PM org.springframework.context.support.ClassPathXmlApplicationContext prepareRefresh
INFO: Refreshing org.springframework.context.support.ClassPathXmlApplicationContext@551318b4: startup date [Tue Oct 10 17:06:51 EDT 2017]; root of context hierarchy
Oct 10, 2017 5:06:51 PM org.springframework.beans.factory.xml.XmlBeanDefinitionReader loadBeanDefinitions
INFO: Loading XML bean definitions from class path resource [applicationContext.xml]
Oct 10, 2017 5:06:51 PM org.springframework.context.support.ClassPathXmlApplicationContext prepareRefresh
INFO: Refreshing org.springframework.context.support.ClassPathXmlApplicationContext@5b13393d: startup date [Tue Oct 10 17:06:51 EDT 2017]; root of context hierarchy
Oct 10, 2017 5:06:51 PM org.springframework.beans.factory.xml.XmlBeanDefinitionReader loadBeanDefinitions
INFO: Loading XML bean definitions from class path resource [applicationContext.xml]
Oct 10, 2017 5:06:51 PM org.springframework.context.support.ClassPathXmlApplicationContext prepareRefresh
INFO: Refreshing org.springframework.context.support.ClassPathXmlApplicationContext@79a4d301: startup date [Tue Oct 10 17:06:51 EDT 2017]; root of context hierarchy
Oct 10, 2017 5:06:51 PM org.springframework.beans.factory.xml.XmlBeanDefinitionReader loadBeanDefinitions
INFO: Loading XML bean definitions from class path resource [applicationContext.xml]
Oct 10, 2017 5:06:51 PM org.springframework.context.support.ClassPathXmlApplicationContext prepareRefresh
INFO: Refreshing org.springframework.context.support.ClassPathXmlApplicationContext@7feea80e: startup date [Tue Oct 10 17:06:51 EDT 2017]; root of context hierarchy
Oct 10, 2017 5:06:51 PM org.springframework.beans.factory.xml.XmlBeanDefinitionReader loadBeanDefinitions
INFO: Loading XML bean definitions from class path resource [applicationContext.xml]
</system-err>
  </testcase>
</testsuite>